2013-06-25 08:11:50.322+0000: 32302: info : libvirt version: 0.9.8
2013-06-25 08:11:50.322+0000: 32302: warning : xenHypervisorMakeCapabilities:2751 : Failed to get host power management capabilities
[1372147915.700716] vm=rubbos-hvm new
[1372147915.700778] vm=rubbos-hvm2 new
[1372147915.700798] vm=rubis-hvm new
[1372147915.700818] vm=rubis-hvm2 new
[1372147915.700851] vm=rubbos-hvm perf=0.000000 vp=0.250000 cap=200.000000
[1372147915.864669] vm=rubbos-hvm2 perf=0.000000 vp=0.250000 cap=200.000000
[1372147916.067193] vm=rubis-hvm perf=0.000000 vp=0.250000 cap=200.000000
[1372147916.262539] vm=rubis-hvm2 perf=0.000000 vp=0.250000 cap=200.000000
[1372147921.833128] vm=rubbos-hvm perf=0.000000 vp=0.250000 cap=200.000000
[1372147922.009948] vm=rubbos-hvm2 perf=0.000000 vp=0.250000 cap=200.000000
[1372147922.176091] vm=rubis-hvm perf=0.000000 vp=0.250000 cap=200.000000
[1372147922.377040] vm=rubis-hvm2 perf=0.000000 vp=0.250000 cap=200.000000
[1372147927.940818] vm=rubbos-hvm perf=0.952902 vp=0.213111 cap=170.488745
[1372147928.128330] vm=rubbos-hvm2 perf=0.783404 vp=0.213111 cap=170.488745
[1372147928.318984] vm=rubis-hvm perf=0.373199 vp=0.213111 cap=170.488745
[1372147928.534936] vm=rubis-hvm2 perf=-0.450818 vp=0.360667 cap=288.533766
[1372147934.128676] vm=rubbos-hvm perf=0.587586 vp=0.184531 cap=147.624888
[1372147934.306695] vm=rubbos-hvm2 perf=0.260860 vp=0.184531 cap=147.624888
[1372147934.506507] vm=rubis-hvm perf=0.626997 vp=0.184531 cap=147.624888
[1372147934.682152] vm=rubis-hvm2 perf=-0.378905 vp=0.446407 cap=357.125336
[1372147940.263070] vm=rubbos-hvm perf=0.958782 vp=0.157795 cap=126.235886
[1372147940.417075] vm=rubbos-hvm2 perf=0.434342 vp=0.157795 cap=126.235886
[1372147940.587643] vm=rubis-hvm perf=0.486252 vp=0.157795 cap=126.235886
[1372147940.775041] vm=rubis-hvm2 perf=-0.014845 vp=0.526615 cap=421.292341
[1372147946.374983] vm=rubbos-hvm perf=0.937526 vp=0.129908 cap=103.926583
[1372147946.565844] vm=rubbos-hvm2 perf=0.455412 vp=0.129908 cap=103.926583
[1372147946.773447] vm=rubis-hvm perf=-1.000000 vp=0.306635 cap=245.308274
[1372147946.979904] vm=rubis-hvm2 perf=0.071718 vp=0.433548 cap=346.838561
[1372147952.546210] vm=rubbos-hvm perf=0.946632 vp=0.106362 cap=85.089254
[1372147952.736089] vm=rubbos-hvm2 perf=0.172964 vp=0.106362 cap=85.089254
[1372147952.924057] vm=rubis-hvm perf=-1.000000 vp=0.417255 cap=333.804021
[1372147953.115943] vm=rubis-hvm2 perf=-0.070793 vp=0.370022 cap=296.017470
[1372147958.722041] vm=rubbos-hvm perf=0.762930 vp=0.113238 cap=90.590188
[1372147958.898810] vm=rubbos-hvm2 perf=-0.316054 vp=0.173567 cap=138.853336
[1372147959.072360] vm=rubis-hvm perf=0.546182 vp=0.377992 cap=302.393692
[1372147959.257439] vm=rubis-hvm2 perf=0.042232 vp=0.335203 cap=268.162784
[1372147964.834424] vm=rubbos-hvm perf=0.918256 vp=0.103554 cap=82.843383
[1372147964.991527] vm=rubbos-hvm2 perf=0.631478 vp=0.143789 cap=115.030802
[1372147965.181469] vm=rubis-hvm perf=0.784346 vp=0.313141 cap=250.513165
[1372147965.370713] vm=rubis-hvm2 perf=-0.292243 vp=0.439516 cap=351.612649
[1372147970.924445] vm=rubbos-hvm perf=0.937720 vp=0.102765 cap=82.211912
[1372147971.079852] vm=rubbos-hvm2 perf=0.336764 vp=0.118211 cap=94.569021
[1372147971.280335] vm=rubis-hvm perf=0.691880 vp=0.257440 cap=205.951663
[1372147971.468360] vm=rubis-hvm2 perf=-0.196913 vp=0.521584 cap=417.267404
[1372147977.022291] vm=rubbos-hvm perf=0.946450 vp=0.113337 cap=90.669831
[1372147977.205487] vm=rubbos-hvm2 perf=-0.261346 vp=0.180323 cap=144.258497
[1372147977.387120] vm=rubis-hvm perf=0.471017 vp=0.233420 cap=186.736024
[1372147977.575140] vm=rubis-hvm2 perf=0.045047 vp=0.472920 cap=378.335648
[1372147983.145810] vm=rubbos-hvm perf=0.928848 vp=0.123559 cap=98.847174
[1372147983.300700] vm=rubbos-hvm2 perf=0.599692 vp=0.178244 cap=142.595448
[1372147983.474471] vm=rubis-hvm perf=0.601002 vp=0.230729 cap=184.583282
[1372147983.663482] vm=rubis-hvm2 perf=0.006850 vp=0.467468 cap=373.974096
[1372147989.225079] vm=rubbos-hvm perf=0.871504 vp=0.109206 cap=87.364551
[1372147989.414685] vm=rubbos-hvm2 perf=0.446776 vp=0.155722 cap=124.577872
[1372147989.600741] vm=rubis-hvm perf=-0.512716 vp=0.326671 cap=261.336787
[1372147989.785129] vm=rubis-hvm2 perf=0.075227 vp=0.408401 cap=326.720790
[1372147995.374354] vm=rubbos-hvm perf=0.933684 vp=0.105468 cap=84.374093
[1372147995.541369] vm=rubbos-hvm2 perf=0.331958 vp=0.131389 cap=105.111450
[1372147995.693571] vm=rubis-hvm perf=0.750853 vp=0.275626 cap=220.500543
[1372147995.867285] vm=rubis-hvm2 perf=-0.039688 vp=0.487517 cap=390.013914
[1372148001.476109] vm=rubbos-hvm perf=0.929182 vp=0.122605 cap=98.084182
[1372148001.645477] vm=rubbos-hvm2 perf=0.367306 vp=0.128872 cap=103.097706
[1372148001.799007] vm=rubis-hvm perf=0.649387 vp=0.270345 cap=216.276154
[1372148001.978217] vm=rubis-hvm2 perf=0.074754 vp=0.478177 cap=382.541958
[1372148007.545743] vm=rubbos-hvm perf=0.928216 vp=0.124701 cap=99.761095
[1372148007.729796] vm=rubbos-hvm2 perf=0.232524 vp=0.128564 cap=102.851400
[1372148007.900317] vm=rubis-hvm perf=0.498601 vp=0.269699 cap=215.759460
[1372148008.097861] vm=rubis-hvm2 perf=0.124838 vp=0.477035 cap=381.628046
[1372148013.676369] vm=rubbos-hvm perf=0.937032 vp=0.124963 cap=99.970146
[1372148013.830867] vm=rubbos-hvm2 perf=0.448132 vp=0.128526 cap=102.820694
[1372148014.008896] vm=rubis-hvm perf=0.347442 vp=0.269619 cap=215.695046
[1372148014.191702] vm=rubis-hvm2 perf=0.138412 vp=0.476893 cap=381.514114
[1372148019.765250] vm=rubbos-hvm perf=0.927472 vp=0.124995 cap=99.996268
[1372148019.945265] vm=rubbos-hvm2 perf=0.382232 vp=0.128521 cap=102.816858
[1372148020.126537] vm=rubis-hvm perf=0.622226 vp=0.269609 cap=215.686997
[1372148020.324882] vm=rubis-hvm2 perf=0.036368 vp=0.476875 cap=381.499877
[1372148025.894996] vm=rubbos-hvm perf=0.920516 vp=0.124999 cap=99.999534
[1372148026.084038] vm=rubbos-hvm2 perf=0.324010 vp=0.128520 cap=102.816378
[1372148026.260171] vm=rubis-hvm perf=0.358137 vp=0.269607 cap=215.685991
[1372148026.442819] vm=rubis-hvm2 perf=0.130835 vp=0.476873 cap=381.498097
[1372148032.009228] vm=rubbos-hvm perf=0.915598 vp=0.101180 cap=80.943884
[1372148032.186489] vm=rubbos-hvm2 perf=0.320766 vp=0.104029 cap=83.223570
[1372148032.369486] vm=rubis-hvm perf=-1.000000 vp=0.390319 cap=312.254953
[1372148032.557492] vm=rubis-hvm2 perf=-0.002663 vp=0.404472 cap=323.577594
[1372148038.119492] vm=rubbos-hvm perf=0.920418 vp=0.104823 cap=83.858747
[1372148038.302184] vm=rubbos-hvm2 perf=0.076022 vp=0.104823 cap=83.858747
[1372148038.496845] vm=rubis-hvm perf=0.696225 vp=0.327316 cap=261.853090
[1372148038.682133] vm=rubis-hvm2 perf=-0.090371 vp=0.463037 cap=370.429416
[1372148044.265775] vm=rubbos-hvm perf=0.913086 vp=0.112768 cap=90.214197
[1372148044.452971] vm=rubbos-hvm2 perf=-0.295064 vp=0.174222 cap=139.377219
[1372148044.628646] vm=rubis-hvm perf=0.764840 vp=0.295286 cap=236.228662
[1372148044.819790] vm=rubis-hvm2 perf=0.013945 vp=0.417725 cap=334.179922
[1372148050.382137] vm=rubbos-hvm perf=0.930284 vp=0.106686 cap=85.348518
[1372148050.557576] vm=rubbos-hvm2 perf=0.520026 vp=0.148695 cap=118.956391
[1372148050.751080] vm=rubis-hvm perf=0.426518 vp=0.252022 cap=201.617662
[1372148050.943996] vm=rubis-hvm2 perf=-0.022624 vp=0.492597 cap=394.077429
[1372148056.477679] vm=rubbos-hvm perf=0.918652 vp=0.122752 cap=98.201503
[1372148056.674158] vm=rubbos-hvm2 perf=0.320192 vp=0.146021 cap=116.816964
[1372148056.849288] vm=rubis-hvm perf=0.457088 vp=0.247489 cap=197.991574
[1372148057.054018] vm=rubis-hvm2 perf=0.123636 vp=0.483737 cap=386.989959
[1372148062.641850] vm=rubbos-hvm perf=0.928266 vp=0.108833 cap=87.066273
[1372148062.817959] vm=rubbos-hvm2 perf=0.253336 vp=0.127135 cap=101.708177
[1372148063.002563] vm=rubis-hvm perf=-0.524053 vp=0.342860 cap=274.287816
[1372148063.191199] vm=rubis-hvm2 perf=0.180701 vp=0.421172 cap=336.937734
[1372148068.775941] vm=rubbos-hvm perf=0.926156 vp=0.107435 cap=85.947794
[1372148068.935063] vm=rubbos-hvm2 perf=0.273586 vp=0.109270 cap=87.415935
[1372148069.127816] vm=rubis-hvm perf=0.421414 vp=0.294680 cap=235.744328
[1372148069.300330] vm=rubis-hvm2 perf=-0.093056 vp=0.488615 cap=390.891943
[1372148074.884661] vm=rubbos-hvm perf=0.888612 vp=0.104858 cap=83.886214
[1372148075.045816] vm=rubbos-hvm2 perf=0.454432 vp=0.104858 cap=83.886214
[1372148075.225401] vm=rubis-hvm perf=0.258195 vp=0.247196 cap=197.756992
[1372148075.401337] vm=rubis-hvm2 perf=-0.022662 vp=0.543088 cap=434.470579
[1372148080.971968] vm=rubbos-hvm perf=0.931012 vp=0.118093 cap=94.474487
[1372148081.156021] vm=rubbos-hvm2 perf=-0.037732 vp=0.135290 cap=108.231761
[1372148081.355926] vm=rubis-hvm perf=0.347720 vp=0.233537 cap=186.829903
[1372148081.541732] vm=rubis-hvm2 perf=0.227569 vp=0.513080 cap=410.463849
[1372148087.095716] vm=rubbos-hvm perf=0.915740 vp=0.124143 cap=99.314049
[1372148087.261076] vm=rubbos-hvm2 perf=0.260190 vp=0.134362 cap=107.489344
[1372148087.458297] vm=rubis-hvm perf=0.264794 vp=0.231935 cap=185.548341
[1372148087.645093] vm=rubis-hvm2 perf=0.047812 vp=0.509560 cap=407.648267
[1372148093.225348] vm=rubbos-hvm perf=0.861858 vp=0.124893 cap=99.914330
[1372148093.398103] vm=rubbos-hvm2 perf=0.252654 vp=0.134247 cap=107.397257
[1372148093.562288] vm=rubis-hvm perf=0.197491 vp=0.231737 cap=185.389381
[1372148093.754508] vm=rubis-hvm2 perf=0.036939 vp=0.509124 cap=407.299032
[1372148099.332678] vm=rubbos-hvm perf=0.935624 vp=0.124987 cap=99.989292
[1372148099.509716] vm=rubbos-hvm2 perf=0.421672 vp=0.134232 cap=107.385757
[1372148099.695200] vm=rubis-hvm perf=0.088680 vp=0.231712 cap=185.369530
[1372148099.853910] vm=rubis-hvm2 perf=0.049536 vp=0.509069 cap=407.255420
[1372148105.398482] vm=rubbos-hvm perf=0.910694 vp=0.124998 cap=99.998662
[1372148105.561800] vm=rubbos-hvm2 perf=0.294720 vp=0.134230 cap=107.384320
[1372148105.732789] vm=rubis-hvm perf=0.000532 vp=0.231709 cap=185.367049
[1372148105.898917] vm=rubis-hvm2 perf=0.167203 vp=0.509062 cap=407.249969
[1372148111.496613] vm=rubbos-hvm perf=0.927724 vp=0.114650 cap=91.719794
[1372148111.675972] vm=rubbos-hvm2 perf=0.429684 vp=0.123116 cap=98.492677
[1372148111.849891] vm=rubis-hvm perf=-0.135746 vp=0.295323 cap=236.258699
[1372148112.032862] vm=rubis-hvm2 perf=0.140529 vp=0.466911 cap=373.528831
[1372148117.616053] vm=rubbos-hvm perf=0.914654 vp=0.123489 cap=98.791346
[1372148117.809783] vm=rubbos-hvm2 perf=0.403340 vp=0.123489 cap=98.791346
[1372148117.997882] vm=rubis-hvm perf=0.125537 vp=0.291754 cap=233.403148
[1372148118.184867] vm=rubis-hvm2 perf=0.083014 vp=0.461268 cap=369.014160
[1372148123.759585] vm=rubbos-hvm perf=-1.000000 vp=0.259799 cap=207.838900
[1372148123.941448] vm=rubbos-hvm2 perf=0.440108 vp=0.105101 cap=84.081172
[1372148124.124631] vm=rubis-hvm perf=-0.182930 vp=0.247261 cap=197.808499
[1372148124.318522] vm=rubis-hvm2 perf=0.155577 vp=0.387839 cap=310.271429
[1372148129.919016] vm=rubbos-hvm perf=-0.466962 vp=0.314143 cap=251.314304
[1372148130.092500] vm=rubbos-hvm2 perf=0.273326 vp=0.105563 cap=84.450195
[1372148130.278938] vm=rubis-hvm perf=0.675288 vp=0.208812 cap=167.049663
[1372148130.483056] vm=rubis-hvm2 perf=-0.119930 vp=0.371482 cap=297.185839
[1372148136.079980] vm=rubbos-hvm perf=0.361752 vp=0.281446 cap=225.156921
[1372148136.272347] vm=rubbos-hvm2 perf=0.386378 vp=0.111990 cap=89.591765
[1372148136.441939] vm=rubis-hvm perf=0.268325 vp=0.187078 cap=149.662742
[1372148136.637844] vm=rubis-hvm2 perf=-0.168792 vp=0.419486 cap=335.588573
[1372148142.230594] vm=rubbos-hvm perf=0.574834 vp=0.236610 cap=189.287848
[1372148142.415963] vm=rubbos-hvm2 perf=0.221372 vp=0.105087 cap=84.069300
[1372148142.637081] vm=rubis-hvm perf=-1.000000 vp=0.318521 cap=254.816860
[1372148142.832189] vm=rubis-hvm2 perf=-0.015345 vp=0.339782 cap=271.825992
[1372148148.403845] vm=rubbos-hvm perf=0.639258 vp=0.190994 cap=152.795231
[1372148148.602427] vm=rubbos-hvm2 perf=0.367486 vp=0.100901 cap=80.721099
[1372148148.787618] vm=rubis-hvm perf=-1.000000 vp=0.405334 cap=324.267319
[1372148148.969759] vm=rubis-hvm2 perf=-0.263863 vp=0.302770 cap=242.216351
[1372148154.559300] vm=rubbos-hvm perf=-0.638352 vp=0.259077 cap=207.261678
[1372148154.711029] vm=rubbos-hvm2 perf=-0.055142 vp=0.104774 cap=83.819021
[1372148154.889234] vm=rubis-hvm perf=0.773008 vp=0.339747 cap=271.797693
[1372148155.079315] vm=rubis-hvm2 perf=-0.330136 vp=0.296402 cap=237.121607
[1372148160.731053] vm=rubbos-hvm perf=0.484612 vp=0.227498 cap=181.998724
[1372148160.898407] vm=rubbos-hvm2 perf=0.080020 vp=0.109764 cap=87.811083
[1372148161.072247] vm=rubis-hvm perf=0.658443 vp=0.298336 cap=238.668499
[1372148161.251814] vm=rubis-hvm2 perf=-0.327444 vp=0.364402 cap=291.521693
[1372148166.843540] vm=rubbos-hvm perf=-0.337544 vp=0.260537 cap=208.429240
[1372148167.028050] vm=rubbos-hvm2 perf=0.179456 vp=0.107839 cap=86.271002
[1372148167.200933] vm=rubis-hvm perf=0.602754 vp=0.257377 cap=205.901706
[1372148167.380024] vm=rubis-hvm2 perf=-0.291025 vp=0.374248 cap=299.398052
[1372148172.927987] vm=rubbos-hvm perf=0.720026 vp=0.227735 cap=182.188084
[1372148173.111951] vm=rubbos-hvm2 perf=0.272230 vp=0.109263 cap=87.410041
[1372148173.308201] vm=rubis-hvm perf=0.593157 vp=0.224973 cap=179.978765
[1372148173.505427] vm=rubis-hvm2 perf=-0.065559 vp=0.438029 cap=350.423110
[1372148179.055925] vm=rubbos-hvm perf=-0.396886 vp=0.275573 cap=220.458063
[1372148179.233506] vm=rubbos-hvm2 perf=0.219428 vp=0.117258 cap=93.806371
[1372148179.412007] vm=rubis-hvm perf=-0.046259 vp=0.207352 cap=165.881288
[1372148179.585242] vm=rubis-hvm2 perf=-0.069275 vp=0.399818 cap=319.854278
[1372148185.137072] vm=rubbos-hvm perf=0.652000 vp=0.233170 cap=186.535830
[1372148185.310716] vm=rubbos-hvm2 perf=0.201582 vp=0.105766 cap=84.612841
[1372148185.517058] vm=rubis-hvm perf=-0.769281 vp=0.304112 cap=243.289447
[1372148185.716986] vm=rubis-hvm2 perf=-0.127516 vp=0.356952 cap=285.561882
[1372148191.312329] vm=rubbos-hvm perf=0.635208 vp=0.194988 cap=155.990490
[1372148191.501082] vm=rubbos-hvm2 perf=0.356906 vp=0.104531 cap=83.624948
[1372148191.678072] vm=rubis-hvm perf=-0.428255 vp=0.342327 cap=273.861677
[1372148191.885663] vm=rubis-hvm2 perf=-0.241655 vp=0.358154 cap=286.522885
[1372148197.465326] vm=rubbos-hvm perf=-0.296314 vp=0.236718 cap=189.374137
[1372148197.631321] vm=rubbos-hvm2 perf=0.327204 vp=0.106357 cap=85.085565
[1372148197.813726] vm=rubis-hvm perf=0.721443 vp=0.291271 cap=233.016754
[1372148198.026399] vm=rubis-hvm2 perf=-0.137925 vp=0.365654 cap=292.523544
[1372148203.626277] vm=rubbos-hvm perf=0.746968 vp=0.207415 cap=165.931821
[1372148203.822137] vm=rubbos-hvm2 perf=0.102280 vp=0.109526 cap=87.621163
[1372148204.013082] vm=rubis-hvm perf=0.600240 vp=0.255215 cap=204.171990
[1372148204.194875] vm=rubis-hvm2 perf=-0.131091 vp=0.427844 cap=342.275026
[1372148209.808627] vm=rubbos-hvm perf=-0.021874 vp=0.204940 cap=163.951612
[1372148209.985152] vm=rubbos-hvm2 perf=0.303862 vp=0.117392 cap=93.913437
[1372148210.152306] vm=rubis-hvm perf=-0.153077 vp=0.275866 cap=220.692709
[1372148210.321230] vm=rubis-hvm2 perf=0.026144 vp=0.401803 cap=321.442241
[1372148215.914933] vm=rubbos-hvm perf=0.237490 vp=0.203392 cap=162.713654
[1372148216.106731] vm=rubbos-hvm2 perf=0.330264 vp=0.124056 cap=99.244924
[1372148216.303147] vm=rubis-hvm perf=0.597780 vp=0.273783 cap=219.026312
[1372148216.490358] vm=rubis-hvm2 perf=0.015432 vp=0.398769 cap=319.015109
[1372148222.094642] vm=rubbos-hvm perf=-0.293378 vp=0.249648 cap=199.718659
[1372148222.280475] vm=rubbos-hvm2 perf=0.595164 vp=0.105750 cap=84.600295
[1372148222.449042] vm=rubis-hvm perf=0.633238 vp=0.231621 cap=185.296907
[1372148222.633347] vm=rubis-hvm2 perf=-0.123197 vp=0.412980 cap=330.384139
[1372148228.251986] vm=rubbos-hvm perf=0.319156 vp=0.221937 cap=177.549826
[1372148228.432328] vm=rubbos-hvm2 perf=0.277574 vp=0.111125 cap=88.899969
[1372148228.612032] vm=rubis-hvm perf=0.566883 vp=0.205911 cap=164.728893
[1372148228.809946] vm=rubis-hvm2 perf=-0.080920 vp=0.461027 cap=368.821312
[1372148234.391824] vm=rubbos-hvm perf=0.484560 vp=0.218900 cap=175.120029
[1372148234.561898] vm=rubbos-hvm2 perf=0.263320 vp=0.123289 cap=98.631484
[1372148234.748102] vm=rubis-hvm perf=0.167653 vp=0.203093 cap=162.474552
[1372148234.944031] vm=rubis-hvm2 perf=0.014244 vp=0.454717 cap=363.773935
[1372148240.536935] vm=rubbos-hvm perf=0.122776 vp=0.193828 cap=155.062697
[1372148240.733009] vm=rubbos-hvm2 perf=0.305438 vp=0.110683 cap=88.546524
[1372148240.908086] vm=rubis-hvm perf=-1.000000 vp=0.334855 cap=267.883615
[1372148241.114905] vm=rubis-hvm2 perf=-0.041856 vp=0.360634 cap=288.507164
[1372148246.673631] vm=rubbos-hvm perf=0.237202 vp=0.167055 cap=133.644022
[1372148246.844856] vm=rubbos-hvm2 perf=0.325600 vp=0.107734 cap=86.187087
[1372148247.057690] vm=rubis-hvm perf=-1.000000 vp=0.429331 cap=343.464601
[1372148247.239177] vm=rubis-hvm2 perf=-0.111046 vp=0.295880 cap=236.704289
[1372148252.811546] vm=rubbos-hvm perf=-0.734372 vp=0.256310 cap=205.047930
[1372148252.979343] vm=rubbos-hvm2 perf=0.344296 vp=0.101477 cap=81.181893
[1372148253.152025] vm=rubis-hvm perf=0.757214 vp=0.348539 cap=278.831067
[1372148253.339622] vm=rubis-hvm2 perf=-0.313454 vp=0.293674 cap=234.939110
[1372148258.903223] vm=rubbos-hvm perf=0.782788 vp=0.213484 cap=170.787540
[1372148259.079768] vm=rubbos-hvm2 perf=0.319122 vp=0.104114 cap=83.291521
[1372148259.284412] vm=rubis-hvm perf=0.754856 vp=0.290303 cap=232.242636
[1372148259.470806] vm=rubis-hvm2 perf=-0.481527 vp=0.392098 cap=313.678304
[1372148265.053597] vm=rubbos-hvm perf=0.607248 vp=0.183485 cap=146.788221
[1372148265.236735] vm=rubbos-hvm2 perf=0.334060 vp=0.107435 cap=85.947852
[1372148265.441289] vm=rubis-hvm perf=0.626513 vp=0.249509 cap=199.607557
[1372148265.624764] vm=rubis-hvm2 perf=-0.161726 vp=0.459570 cap=367.656370
[1372148271.200711] vm=rubbos-hvm perf=0.014846 vp=0.180318 cap=144.254367
[1372148271.384785] vm=rubbos-hvm2 perf=0.319718 vp=0.122842 cap=98.273802
[1372148271.575555] vm=rubis-hvm perf=0.022582 vp=0.245202 cap=196.161936
[1372148271.748004] vm=rubis-hvm2 perf=0.089246 vp=0.451637 cap=361.309895
[1372148277.349822] vm=rubbos-hvm perf=-0.751042 vp=0.296779 cap=237.423461
[1372148277.528615] vm=rubbos-hvm2 perf=0.408398 vp=0.106958 cap=85.566638
[1372148277.718847] vm=rubis-hvm perf=0.600764 vp=0.209811 cap=167.849173
[1372148277.894990] vm=rubis-hvm2 perf=0.194238 vp=0.386451 cap=309.160729
[1372148283.498645] vm=rubbos-hvm perf=0.527598 vp=0.257435 cap=205.947976
[1372148283.663722] vm=rubbos-hvm2 perf=0.269142 vp=0.108429 cap=86.742892
[1372148283.841780] vm=rubis-hvm perf=-0.361975 vp=0.255864 cap=204.691242
[1372148284.049611] vm=rubis-hvm2 perf=-0.130638 vp=0.378272 cap=302.617890
[1372148289.608529] vm=rubbos-hvm perf=0.701576 vp=0.253238 cap=202.590766
[1372148289.768078] vm=rubbos-hvm2 perf=0.322598 vp=0.122962 cap=98.369875
[1372148289.961821] vm=rubis-hvm perf=0.150468 vp=0.251693 cap=201.354519
[1372148290.149321] vm=rubis-hvm2 perf=0.105106 vp=0.372106 cap=297.684840
[1372148295.687834] vm=rubbos-hvm perf=0.584170 vp=0.214433 cap=171.546724
[1372148295.857330] vm=rubbos-hvm2 perf=0.268856 vp=0.105846 cap=84.676477
[1372148296.047890] vm=rubis-hvm perf=-0.894501 vp=0.359896 cap=287.917099
[1372148296.237038] vm=rubis-hvm2 perf=-0.069139 vp=0.319825 cap=255.859700
[1372148301.812037] vm=rubbos-hvm perf=0.308304 vp=0.190188 cap=152.150168
[1372148301.997118] vm=rubbos-hvm2 perf=0.265540 vp=0.110866 cap=88.693135
[1372148302.186390] vm=rubis-hvm perf=0.713369 vp=0.319203 cap=255.362701
[1372148302.348782] vm=rubis-hvm2 perf=-0.191069 vp=0.379742 cap=303.793997
[1372148307.948683] vm=rubbos-hvm perf=-0.521368 vp=0.256031 cap=204.824942
[1372148308.123859] vm=rubbos-hvm2 perf=0.267130 vp=0.105160 cap=84.128222
[1372148308.333975] vm=rubis-hvm perf=0.717141 vp=0.268540 cap=214.832099
[1372148308.535404] vm=rubis-hvm2 perf=-0.203340 vp=0.370268 cap=296.214737
[1372148314.143619] vm=rubbos-hvm perf=0.619050 vp=0.251050 cap=200.840326
[1372148314.320922] vm=rubbos-hvm2 perf=0.066974 vp=0.122568 cap=98.054623
[1372148314.539687] vm=rubis-hvm perf=0.454122 vp=0.263316 cap=210.652806
[1372148314.728923] vm=rubis-hvm2 perf=0.062678 vp=0.363065 cap=290.452245
[1372148320.298167] vm=rubbos-hvm perf=0.845690 vp=0.224422 cap=179.537479
[1372148320.472080] vm=rubbos-hvm2 perf=0.487574 vp=0.111741 cap=89.393143
[1372148320.663286] vm=rubis-hvm perf=0.248856 vp=0.235386 cap=188.309163
[1372148320.861862] vm=rubis-hvm2 perf=-0.010517 vp=0.428450 cap=342.760215
[1372148326.454305] vm=rubbos-hvm perf=-0.106628 vp=0.191969 cap=153.575352
[1372148326.630040] vm=rubbos-hvm2 perf=0.273030 vp=0.106205 cap=84.964338
[1372148326.812104] vm=rubis-hvm perf=0.392319 vp=0.199995 cap=159.995634
[1372148327.002025] vm=rubis-hvm2 perf=-1.000000 vp=0.501831 cap=401.464676
[1372148332.645535] vm=rubbos-hvm perf=0.498908 vp=0.149664 cap=119.731202
[1372148332.825007] vm=rubbos-hvm2 perf=0.580908 vp=0.097453 cap=77.962512
[1372148333.028425] vm=rubis-hvm perf=-0.883203 vp=0.268581 cap=214.865032
[1372148333.221412] vm=rubis-hvm2 perf=-1.000000 vp=0.484302 cap=387.441254
[1372148338.793442] vm=rubbos-hvm perf=-1.000000 vp=0.245952 cap=196.761780
[1372148338.974801] vm=rubbos-hvm2 perf=0.196252 vp=0.097557 cap=78.045387
[1372148339.181243] vm=rubis-hvm perf=0.650364 vp=0.209615 cap=167.692245
[1372148339.364376] vm=rubis-hvm2 perf=-1.000000 vp=0.446876 cap=357.500589
[1372148344.983022] vm=rubbos-hvm perf=-1.000000 vp=0.304019 cap=243.215116
[1372148345.156771] vm=rubbos-hvm2 perf=0.213986 vp=0.104831 cap=83.864905
[1372148345.340475] vm=rubis-hvm perf=0.089710 vp=0.175794 cap=140.634942
[1372148345.564012] vm=rubis-hvm2 perf=-1.000000 vp=0.415356 cap=332.285037
[1372148351.166868] vm=rubbos-hvm perf=0.921196 vp=0.235811 cap=188.648803
[1372148351.352790] vm=rubbos-hvm2 perf=0.339074 vp=0.096956 cap=77.564588
[1372148351.557894] vm=rubis-hvm perf=-0.468479 vp=0.203350 cap=162.680308
[1372148351.726572] vm=rubis-hvm2 perf=-1.000000 vp=0.463883 cap=371.106301
[1372148357.299318] vm=rubbos-hvm perf=-0.454660 vp=0.219741 cap=175.793056
[1372148357.491381] vm=rubbos-hvm2 perf=-0.125744 vp=0.119846 cap=95.876841
[1372148357.694051] vm=rubis-hvm perf=-0.931186 vp=0.292870 cap=234.295680
[1372148357.872952] vm=rubis-hvm2 perf=-0.556841 vp=0.367543 cap=294.034423
[1372148363.510315] vm=rubbos-hvm perf=0.305126 vp=0.187326 cap=149.860923
[1372148363.697517] vm=rubbos-hvm2 perf=0.185976 vp=0.106561 cap=85.248488
[1372148363.902976] vm=rubis-hvm perf=0.597399 vp=0.249667 cap=199.733525
[1372148364.075308] vm=rubis-hvm2 perf=-0.694697 vp=0.456446 cap=365.157064
[1372148369.657898] vm=rubbos-hvm perf=-0.086480 vp=0.190278 cap=152.222612
[1372148369.826340] vm=rubbos-hvm2 perf=0.320652 vp=0.106066 cap=84.852616
[1372148370.002624] vm=rubis-hvm perf=0.666305 vp=0.211849 cap=169.479121
[1372148370.191735] vm=rubis-hvm2 perf=-0.376700 vp=0.491807 cap=393.445651
[1372148375.793874] vm=rubbos-hvm perf=0.490786 vp=0.164610 cap=131.688304
[1372148375.986086] vm=rubbos-hvm2 perf=0.309488 vp=0.108138 cap=86.510343
[1372148376.168623] vm=rubis-hvm perf=-0.032897 vp=0.203223 cap=162.578396
[1372148376.371742] vm=rubis-hvm2 perf=-0.378338 vp=0.524029 cap=419.222957
[1372148381.964334] vm=rubbos-hvm perf=-0.040398 vp=0.173018 cap=138.414652
[1372148382.146425] vm=rubbos-hvm2 perf=0.338744 vp=0.110224 cap=88.179234
[1372148382.334942] vm=rubis-hvm perf=0.469676 vp=0.179200 cap=143.360384
[1372148382.509360] vm=rubis-hvm2 perf=-0.053542 vp=0.537557 cap=430.045729
[1372148388.132484] vm=rubbos-hvm perf=0.512708 vp=0.147015 cap=117.612370
[1372148388.317499] vm=rubbos-hvm2 perf=0.461084 vp=0.106214 cap=84.971040
[1372148388.511909] vm=rubis-hvm perf=-0.147797 vp=0.194945 cap=155.955758
[1372148388.695826] vm=rubis-hvm2 perf=-0.249407 vp=0.551826 cap=441.460831
[1372148394.288966] vm=rubbos-hvm perf=-0.873348 vp=0.265979 cap=212.783569
[1372148394.464802] vm=rubbos-hvm2 perf=0.290658 vp=0.105249 cap=84.198805
[1372148394.664068] vm=rubis-hvm perf=0.133086 vp=0.164141 cap=131.312884
[1372148394.869051] vm=rubis-hvm2 perf=0.252671 vp=0.464631 cap=371.704742
[1372148400.463085] vm=rubbos-hvm perf=0.686668 vp=0.260828 cap=208.662179
[1372148400.653155] vm=rubbos-hvm2 perf=0.311686 vp=0.122579 cap=98.063107
[1372148400.859351] vm=rubis-hvm perf=0.451409 vp=0.160962 cap=128.769494
[1372148401.037876] vm=rubis-hvm2 perf=0.191334 vp=0.455632 cap=364.505220
[1372148406.645275] vm=rubbos-hvm perf=0.904674 vp=0.227140 cap=181.711910
[1372148406.848345] vm=rubbos-hvm2 perf=0.451090 vp=0.108855 cap=87.084258
[1372148407.041188] vm=rubis-hvm perf=-0.542192 vp=0.267221 cap=213.777167
[1372148407.214825] vm=rubis-hvm2 perf=0.349860 vp=0.396783 cap=317.426665
[1372148412.803370] vm=rubbos-hvm perf=-0.046294 vp=0.172916 cap=138.333007
[1372148413.003829] vm=rubbos-hvm2 perf=0.064712 vp=0.110277 cap=88.221945
[1372148413.183544] vm=rubis-hvm perf=-0.980122 vp=0.366756 cap=293.405071
[1372148413.363385] vm=rubis-hvm2 perf=0.072445 vp=0.350050 cap=280.039977
[1372148418.967037] vm=rubbos-hvm perf=-0.114796 vp=0.196396 cap=157.116456
[1372148419.140359] vm=rubbos-hvm2 perf=0.332036 vp=0.109018 cap=87.214574
[1372148419.321089] vm=rubis-hvm perf=0.731651 vp=0.319865 cap=255.891982
[1372148419.496647] vm=rubis-hvm2 perf=-0.101335 vp=0.374721 cap=299.776988
[1372148425.087189] vm=rubbos-hvm perf=0.072160 vp=0.169979 cap=135.983400
[1372148425.260362] vm=rubbos-hvm2 perf=-0.039820 vp=0.108187 cap=86.549432
[1372148425.452888] vm=rubis-hvm perf=0.651153 vp=0.276841 cap=221.473056
[1372148425.648513] vm=rubis-hvm2 perf=-0.705313 vp=0.444993 cap=355.994112
[1372148431.258057] vm=rubbos-hvm perf=-0.000884 vp=0.174306 cap=139.444606
[1372148431.449154] vm=rubbos-hvm2 perf=0.234858 vp=0.109316 cap=87.452591
[1372148431.655527] vm=rubis-hvm perf=0.728701 vp=0.242105 cap=193.683925
[1372148431.853807] vm=rubis-hvm2 perf=-0.104967 vp=0.474274 cap=379.418879
[1372148437.498532] vm=rubbos-hvm perf=0.257416 vp=0.154272 cap=123.417425
[1372148437.681102] vm=rubbos-hvm2 perf=0.187480 vp=0.110633 cap=88.506418
[1372148437.874397] vm=rubis-hvm perf=0.502700 vp=0.214278 cap=171.422704
[1372148438.071558] vm=rubis-hvm2 perf=-0.231046 vp=0.520817 cap=416.653453
[1372148443.700477] vm=rubbos-hvm perf=0.038472 vp=0.139818 cap=111.854231
[1372148443.902396] vm=rubbos-hvm2 perf=0.354154 vp=0.113289 cap=90.630825
[1372148444.076866] vm=rubis-hvm perf=-0.347593 vp=0.274873 cap=219.898479
[1372148444.289390] vm=rubis-hvm2 perf=0.409790 vp=0.472021 cap=377.616464
[1372148449.871646] vm=rubbos-hvm perf=-0.552718 vp=0.209169 cap=167.335522
[1372148450.051194] vm=rubbos-hvm2 perf=0.200188 vp=0.105070 cap=84.056124
[1372148450.227221] vm=rubis-hvm perf=0.668612 vp=0.231048 cap=184.838138
[1372148450.411595] vm=rubis-hvm2 perf=-0.370310 vp=0.454713 cap=363.770216
[1372148456.055764] vm=rubbos-hvm perf=0.620956 vp=0.205082 cap=164.065718
[1372148456.251658] vm=rubbos-hvm2 perf=0.168806 vp=0.122557 cap=98.045959
[1372148456.444100] vm=rubis-hvm perf=0.200808 vp=0.226533 cap=181.226326
[1372148456.635759] vm=rubis-hvm2 perf=0.648276 vp=0.445827 cap=356.661997
[1372148462.237093] vm=rubbos-hvm perf=0.400914 vp=0.186055 cap=148.844112
[1372148462.418251] vm=rubbos-hvm2 perf=0.334572 vp=0.113403 cap=90.722251
[1372148462.591521] vm=rubis-hvm perf=-0.333642 vp=0.296077 cap=236.861846
[1372148462.783213] vm=rubis-hvm2 perf=0.328612 vp=0.404465 cap=323.571792
[1372148468.376329] vm=rubbos-hvm perf=0.182532 vp=0.166911 cap=133.529183
[1372148468.552382] vm=rubbos-hvm2 perf=0.411436 vp=0.112138 cap=89.710760
[1372148468.755231] vm=rubis-hvm perf=-0.212666 vp=0.317693 cap=254.154654
[1372148468.945423] vm=rubis-hvm2 perf=-0.119206 vp=0.403257 cap=322.605404
[1372148474.580001] vm=rubbos-hvm perf=-0.048988 vp=0.202275 cap=161.819627
[1372148474.755282] vm=rubbos-hvm2 perf=0.344970 vp=0.117874 cap=94.299356
[1372148474.944500] vm=rubis-hvm perf=0.435291 vp=0.299583 cap=239.666201
[1372148475.162013] vm=rubis-hvm2 perf=0.400869 vp=0.380269 cap=304.214817
[1372148480.761391] vm=rubbos-hvm perf=0.618878 vp=0.200843 cap=160.674690
[1372148480.946975] vm=rubbos-hvm2 perf=0.551954 vp=0.124116 cap=99.292461
[1372148481.148027] vm=rubis-hvm perf=0.631376 vp=0.297463 cap=237.970469
[1372148481.303625] vm=rubis-hvm2 perf=0.523593 vp=0.377578 cap=302.062379
[1372148486.901155] vm=rubbos-hvm perf=-0.218176 vp=0.236060 cap=188.848187
[1372148487.073017] vm=rubbos-hvm2 perf=0.494050 vp=0.108445 cap=86.756308
[1372148487.251127] vm=rubis-hvm perf=0.554646 vp=0.258068 cap=206.454394
[1372148487.439695] vm=rubis-hvm2 perf=-0.142989 vp=0.397426 cap=317.941110
[1372148493.029057] vm=rubbos-hvm perf=0.905596 vp=0.202989 cap=162.391139
[1372148493.225630] vm=rubbos-hvm2 perf=0.446348 vp=0.107488 cap=85.990309
[1372148493.401479] vm=rubis-hvm perf=0.229424 vp=0.221913 cap=177.530771
[1372148493.632344] vm=rubis-hvm2 perf=-0.171528 vp=0.467610 cap=374.087781
[1372148499.206505] vm=rubbos-hvm perf=-0.511962 vp=0.272711 cap=218.169054
[1372148499.380879] vm=rubbos-hvm2 perf=-0.068430 vp=0.111613 cap=89.290114
[1372148499.555486] vm=rubis-hvm perf=0.288530 vp=0.198147 cap=158.517427
[1372148499.761233] vm=rubis-hvm2 perf=0.292855 vp=0.417529 cap=334.023405
[1372148505.336502] vm=rubbos-hvm perf=0.767636 vp=0.221970 cap=177.575976
[1372148505.520832] vm=rubbos-hvm2 perf=0.341764 vp=0.101742 cap=81.393751
[1372148505.694836] vm=rubis-hvm perf=-1.000000 vp=0.336445 cap=269.156094
[1372148505.883098] vm=rubis-hvm2 perf=0.274361 vp=0.339843 cap=271.874179
[1372148511.505459] vm=rubbos-hvm perf=-0.556498 vp=0.255670 cap=204.535755
[1372148511.713631] vm=rubbos-hvm2 perf=0.292962 vp=0.100965 cap=80.772368
[1372148511.870989] vm=rubis-hvm perf=0.615769 vp=0.271755 cap=217.403751
[1372148512.057132] vm=rubis-hvm2 perf=-0.729276 vp=0.371610 cap=297.288126
[1372148517.633863] vm=rubbos-hvm perf=0.732100 vp=0.249669 cap=199.735211
[1372148517.834855] vm=rubbos-hvm2 perf=0.322700 vp=0.122066 cap=97.652956
[1372148518.009692] vm=rubis-hvm perf=0.616746 vp=0.265376 cap=212.301190
[1372148518.185346] vm=rubis-hvm2 perf=0.512599 vp=0.362888 cap=290.310643
[1372148523.752820] vm=rubbos-hvm perf=0.833470 vp=0.204646 cap=163.716406
[1372148523.936629] vm=rubbos-hvm2 perf=-1.000000 vp=0.280386 cap=224.309149
[1372148524.125072] vm=rubis-hvm perf=0.701719 vp=0.217520 cap=174.016327
[1372148524.310880] vm=rubis-hvm2 perf=0.284338 vp=0.297448 cap=237.958118
[1372148529.942352] vm=rubbos-hvm perf=-0.179694 vp=0.159382 cap=127.505256
[1372148530.140242] vm=rubbos-hvm2 perf=-1.000000 vp=0.351681 cap=281.345070
[1372148530.327573] vm=rubis-hvm perf=0.333736 vp=0.192345 cap=153.876158
[1372148530.512843] vm=rubis-hvm2 perf=-0.628348 vp=0.296592 cap=237.273516
[1372148536.089948] vm=rubbos-hvm perf=-1.000000 vp=0.250673 cap=200.538673
[1372148536.267373] vm=rubbos-hvm2 perf=-1.000000 vp=0.361923 cap=289.538200
[1372148536.430689] vm=rubis-hvm perf=0.444386 vp=0.152403 cap=121.922076
[1372148536.647090] vm=rubis-hvm2 perf=0.206329 vp=0.235001 cap=188.001052
[1372148542.249112] vm=rubbos-hvm perf=-0.517690 vp=0.177853 cap=142.282518
[1372148542.440224] vm=rubbos-hvm2 perf=-1.000000 vp=0.307296 cap=245.837063
[1372148542.632157] vm=rubis-hvm perf=-1.000000 vp=0.245182 cap=196.145258
[1372148542.814334] vm=rubis-hvm2 perf=-1.000000 vp=0.269669 cap=215.735161
[1372148548.425175] vm=rubbos-hvm perf=0.841746 vp=0.142840 cap=114.272160
[1372148548.637045] vm=rubbos-hvm2 perf=-1.000000 vp=0.300896 cap=240.716867
[1372148548.801089] vm=rubis-hvm perf=-1.000000 vp=0.272543 cap=218.034468
[1372148549.007778] vm=rubis-hvm2 perf=-1.000000 vp=0.283721 cap=226.976506
[1372148554.634019] vm=rubbos-hvm perf=-0.784030 vp=0.217336 cap=173.868988
[1372148554.830427] vm=rubbos-hvm2 perf=-1.000000 vp=0.358442 cap=286.753232
[1372148555.021637] vm=rubis-hvm perf=0.798811 vp=0.207849 cap=166.279167
[1372148555.200694] vm=rubis-hvm2 perf=0.471958 vp=0.216373 cap=173.098614
[1372148560.840435] vm=rubbos-hvm perf=0.766252 vp=0.175065 cap=140.051978
[1372148561.006732] vm=rubbos-hvm2 perf=-1.000000 vp=0.483223 cap=386.578229
[1372148561.201909] vm=rubis-hvm perf=0.550345 vp=0.167423 cap=133.938355
[1372148561.392036] vm=rubis-hvm2 perf=0.261746 vp=0.174289 cap=139.431439
[1372148566.997577] vm=rubbos-hvm perf=-0.285288 vp=0.208489 cap=166.791028
[1372148567.161071] vm=rubbos-hvm2 perf=-0.270822 vp=0.481841 cap=385.473010
[1372148567.345354] vm=rubis-hvm perf=0.113529 vp=0.151724 cap=121.378981
[1372148567.564993] vm=rubis-hvm2 perf=0.383719 vp=0.157946 cap=126.356980
[1372148573.191264] vm=rubbos-hvm perf=0.692262 vp=0.166569 cap=133.254851
[1372148573.351864] vm=rubbos-hvm2 perf=-1.000000 vp=0.586026 cap=468.820723
[1372148573.555861] vm=rubis-hvm perf=0.444869 vp=0.121217 cap=96.973670
[1372148573.766295] vm=rubis-hvm2 perf=0.399036 vp=0.126188 cap=100.950757
[1372148579.371959] vm=rubbos-hvm perf=0.650978 vp=0.132390 cap=105.912250
[1372148579.540159] vm=rubbos-hvm2 perf=-0.804100 vp=0.527531 cap=422.024641
[1372148579.738306] vm=rubis-hvm perf=-0.988317 vp=0.239783 cap=191.826467
[1372148579.922915] vm=rubis-hvm2 perf=0.432202 vp=0.100296 cap=80.236642
[1372148585.512305] vm=rubbos-hvm perf=-0.515868 vp=0.177535 cap=142.028016
[1372148585.697150] vm=rubbos-hvm2 perf=-0.132338 vp=0.382489 cap=305.991381
[1372148585.898112] vm=rubis-hvm perf=0.688885 vp=0.202557 cap=162.045328
[1372148586.098684] vm=rubis-hvm2 perf=-1.000000 vp=0.237419 cap=189.935275
[1372148591.686012] vm=rubbos-hvm perf=0.597842 vp=0.134097 cap=107.277545
[1372148591.875510] vm=rubbos-hvm2 perf=-1.000000 vp=0.404518 cap=323.614353
[1372148592.048914] vm=rubis-hvm perf=0.788604 vp=0.152996 cap=122.397154
[1372148592.223163] vm=rubis-hvm2 perf=-1.000000 vp=0.308389 cap=246.710949
[1372148597.834428] vm=rubbos-hvm perf=-0.095624 vp=0.127228 cap=101.782654
[1372148598.033670] vm=rubbos-hvm2 perf=-0.573222 vp=0.437751 cap=350.201000
[1372148598.214683] vm=rubis-hvm perf=0.169995 vp=0.144940 cap=115.951752
[1372148598.382630] vm=rubis-hvm2 perf=-0.206653 vp=0.290081 cap=232.064593
[1372148603.980516] vm=rubbos-hvm perf=-0.469318 vp=0.177002 cap=141.601348
[1372148604.181934] vm=rubbos-hvm2 perf=-0.734444 vp=0.463510 cap=370.808002
[1372148604.371641] vm=rubis-hvm perf=0.443919 vp=0.119774 cap=95.819177
[1372148604.566759] vm=rubis-hvm2 perf=0.488662 vp=0.239714 cap=191.771473
[1372148610.176290] vm=rubbos-hvm perf=0.562532 vp=0.149656 cap=119.724699
[1372148610.368277] vm=rubbos-hvm2 perf=-0.352364 vp=0.425933 cap=340.746500
[1372148610.539214] vm=rubis-hvm perf=-0.751412 vp=0.221731 cap=177.384992
[1372148610.730673] vm=rubis-hvm2 perf=0.215240 vp=0.202680 cap=162.143809
[1372148616.335374] vm=rubbos-hvm perf=0.607224 vp=0.123508 cap=98.806438
[1372148616.552779] vm=rubbos-hvm2 perf=-1.000000 vp=0.526234 cap=420.987122
[1372148616.742092] vm=rubis-hvm perf=0.491165 vp=0.182990 cap=146.392344
[1372148616.934381] vm=rubis-hvm2 perf=0.039068 vp=0.167268 cap=133.814095
[1372148622.544613] vm=rubbos-hvm perf=0.047204 vp=0.109123 cap=87.298321
[1372148622.733349] vm=rubbos-hvm2 perf=-0.700272 vp=0.585108 cap=468.086162
[1372148622.893934] vm=rubis-hvm perf=0.388242 vp=0.159748 cap=127.798058
[1372148623.060101] vm=rubis-hvm2 perf=0.302367 vp=0.146022 cap=116.817458
[1372148628.620208] vm=rubbos-hvm perf=-1.000000 vp=0.235532 cap=188.425808
[1372148628.791731] vm=rubbos-hvm2 perf=-0.701054 vp=0.521163 cap=416.930692
[1372148628.980020] vm=rubis-hvm perf=0.663851 vp=0.127113 cap=101.690447
[1372148629.176481] vm=rubis-hvm2 perf=0.436000 vp=0.116191 cap=92.953052
[1372148634.792373] vm=rubbos-hvm perf=0.620116 vp=0.200070 cap=160.055829
[1372148635.001213] vm=rubbos-hvm2 perf=-0.549570 vp=0.545819 cap=436.655251
[1372148635.165848] vm=rubis-hvm perf=-0.221187 vp=0.147932 cap=118.345232
[1372148635.369114] vm=rubis-hvm2 perf=0.260860 vp=0.106180 cap=84.943687
[1372148641.011951] vm=rubbos-hvm perf=0.669928 vp=0.157024 cap=125.619188
[1372148641.194065] vm=rubbos-hvm2 perf=-0.974824 vp=0.628767 cap=503.013415
[1372148641.388112] vm=rubis-hvm perf=0.605804 vp=0.116103 cap=92.882790
[1372148641.600843] vm=rubis-hvm2 perf=0.251931 vp=0.098106 cap=78.484607
[1372148647.197461] vm=rubbos-hvm perf=0.342210 vp=0.131940 cap=105.551777
[1372148647.385625] vm=rubbos-hvm2 perf=-1.000000 vp=0.657997 cap=526.397818
[1372148647.563108] vm=rubis-hvm perf=0.030089 vp=0.105032 cap=84.025202
[1372148647.769778] vm=rubis-hvm2 perf=0.264517 vp=0.105032 cap=84.025202
[1372148653.338464] vm=rubbos-hvm perf=-0.685974 vp=0.228128 cap=182.502583
[1372148653.482664] vm=rubbos-hvm2 perf=-0.142078 vp=0.546491 cap=437.192960
[1372148653.688504] vm=rubis-hvm perf=0.322034 vp=0.112690 cap=90.152228
[1372148653.897226] vm=rubis-hvm2 perf=-0.103603 vp=0.112690 cap=90.152228
[1372148659.508026] vm=rubbos-hvm perf=0.887502 vp=0.201584 cap=161.266888
[1372148659.683108] vm=rubbos-hvm2 perf=0.141198 vp=0.482902 cap=386.321921
[1372148659.874839] vm=rubis-hvm perf=-0.492446 vp=0.205059 cap=164.047023
[1372148660.065224] vm=rubis-hvm2 perf=0.390247 vp=0.110455 cap=88.364168
[1372148665.666383] vm=rubbos-hvm perf=0.844504 vp=0.166073 cap=132.858786
[1372148665.869122] vm=rubbos-hvm2 perf=0.070278 vp=0.397836 cap=318.269063
[1372148666.042397] vm=rubis-hvm perf=0.710892 vp=0.168936 cap=135.149184
[1372148666.226878] vm=rubis-hvm2 perf=-1.000000 vp=0.267154 cap=213.722967
[1372148671.872090] vm=rubbos-hvm perf=-0.601810 vp=0.210895 cap=168.716356
[1372148672.073694] vm=rubbos-hvm2 perf=-1.000000 vp=0.433098 cap=346.478638
[1372148672.259574] vm=rubis-hvm perf=0.594067 vp=0.137913 cap=110.330286
[1372148672.478886] vm=rubis-hvm2 perf=0.161765 vp=0.218093 cap=174.474720
[1372148678.081963] vm=rubbos-hvm perf=0.287882 vp=0.177510 cap=142.008014
[1372148678.251366] vm=rubbos-hvm2 perf=-0.472932 vp=0.522841 cap=418.272530
[1372148678.427603] vm=rubis-hvm perf=0.633589 vp=0.116081 cap=92.864646
[1372148678.614760] vm=rubis-hvm2 perf=0.630776 vp=0.183569 cap=146.854810
[1372148684.186552] vm=rubbos-hvm perf=0.000740 vp=0.166942 cap=133.553755
[1372148684.379363] vm=rubbos-hvm2 perf=-0.125034 vp=0.542860 cap=434.287610
[1372148684.551024] vm=rubis-hvm perf=0.074803 vp=0.117558 cap=94.046632
[1372148684.754145] vm=rubis-hvm2 perf=0.330421 vp=0.172640 cap=138.112003
[1372148690.307984] vm=rubbos-hvm perf=0.131314 vp=0.141251 cap=113.001136
[1372148690.498936] vm=rubbos-hvm2 perf=-0.592336 vp=0.541209 cap=432.967277
[1372148690.692309] vm=rubis-hvm perf=0.684059 vp=0.105764 cap=84.610977
[1372148690.870279] vm=rubis-hvm2 perf=-0.422745 vp=0.211776 cap=169.420610
[1372148696.472117] vm=rubbos-hvm perf=-0.349078 vp=0.188887 cap=151.109894
[1372148696.647725] vm=rubbos-hvm2 perf=-0.064700 vp=0.482225 cap=385.779862
[1372148696.844352] vm=rubis-hvm perf=0.129355 vp=0.118588 cap=94.870573
[1372148696.992545] vm=rubis-hvm2 perf=-0.139180 vp=0.210300 cap=168.239671
[1372148702.521018] vm=rubbos-hvm perf=0.835166 vp=0.158510 cap=126.808279
[1372148702.681547] vm=rubbos-hvm2 perf=-0.553630 vp=0.444873 cap=355.898366
[1372148702.887138] vm=rubis-hvm perf=-0.456974 vp=0.163249 cap=130.599022
[1372148703.081716] vm=rubis-hvm2 perf=-0.475940 vp=0.233368 cap=186.694332
[1372148708.708384] vm=rubbos-hvm perf=0.179044 vp=0.128696 cap=102.956947
[1372148708.913778] vm=rubbos-hvm2 perf=-1.000000 vp=0.549287 cap=439.429310
[1372148709.096621] vm=rubis-hvm perf=0.530847 vp=0.132543 cap=106.034691
[1372148709.295676] vm=rubis-hvm2 perf=0.645976 vp=0.189474 cap=151.579051
[1372148714.839223] vm=rubbos-hvm perf=-0.484086 vp=0.185632 cap=148.505786
[1372148715.013228] vm=rubbos-hvm2 perf=-0.139704 vp=0.433880 cap=347.103659
[1372148715.202694] vm=rubis-hvm perf=0.241116 vp=0.123300 cap=98.640161
[1372148715.414033] vm=rubis-hvm2 perf=-0.626109 vp=0.257188 cap=205.750394
[1372148720.987462] vm=rubbos-hvm perf=0.673254 vp=0.149615 cap=119.692037
[1372148721.158339] vm=rubbos-hvm2 perf=-0.455028 vp=0.391492 cap=313.193784
[1372148721.349031] vm=rubis-hvm perf=-1.000000 vp=0.251605 cap=201.284385
[1372148721.549731] vm=rubis-hvm2 perf=0.330634 vp=0.207287 cap=165.829794
[1372148727.150911] vm=rubbos-hvm perf=0.598888 vp=0.128032 cap=102.425724
[1372148727.338450] vm=rubbos-hvm2 perf=-0.261266 vp=0.479273 cap=383.418579
[1372148727.546580] vm=rubis-hvm perf=0.802915 vp=0.215310 cap=172.247873
[1372148727.763240] vm=rubis-hvm2 perf=0.345071 vp=0.177385 cap=141.907825
[1372148733.360808] vm=rubbos-hvm perf=-0.452974 vp=0.173714 cap=138.971381
[1372148733.557697] vm=rubbos-hvm2 perf=-0.849344 vp=0.516943 cap=413.554735
[1372148733.757185] vm=rubis-hvm perf=0.901654 vp=0.169609 cap=135.687019
[1372148733.942235] vm=rubis-hvm2 perf=0.474649 vp=0.139734 cap=111.786865
[1372148739.549109] vm=rubbos-hvm perf=0.403512 vp=0.138310 cap=110.647609
[1372148739.748309] vm=rubbos-hvm2 perf=-1.000000 vp=0.615395 cap=492.316185
[1372148739.953936] vm=rubis-hvm perf=0.782740 vp=0.135041 cap=108.032634
[1372148740.146259] vm=rubis-hvm2 perf=0.355217 vp=0.111254 cap=89.003572
[1372148745.732846] vm=rubbos-hvm perf=0.219702 vp=0.111539 cap=89.231225
[1372148745.890329] vm=rubbos-hvm2 perf=-1.000000 vp=0.678752 cap=543.001871
[1372148746.097824] vm=rubis-hvm perf=0.822626 vp=0.108903 cap=87.122391
[1372148746.301983] vm=rubis-hvm2 perf=0.171067 vp=0.100806 cap=80.644513
[1372148751.925510] vm=rubbos-hvm perf=0.121018 vp=0.106779 cap=85.423466
[1372148752.104807] vm=rubbos-hvm2 perf=-0.209450 vp=0.649670 cap=519.735763
[1372148752.312701] vm=rubis-hvm perf=0.649155 vp=0.106779 cap=85.423466
[1372148752.472529] vm=rubis-hvm2 perf=-0.266904 vp=0.136772 cap=109.417306
[1372148758.052970] vm=rubbos-hvm perf=-0.369436 vp=0.161234 cap=128.987077
[1372148758.237233] vm=rubbos-hvm2 perf=-0.102066 vp=0.616324 cap=493.058895
[1372148758.433189] vm=rubis-hvm perf=0.740874 vp=0.106220 cap=84.975798
[1372148758.614016] vm=rubis-hvm2 perf=0.155538 vp=0.116223 cap=92.978229
[1372148764.210089] vm=rubbos-hvm perf=0.561738 vp=0.127813 cap=102.250786
[1372148764.366099] vm=rubbos-hvm2 perf=-1.000000 vp=0.542204 cap=433.763047
[1372148764.561012] vm=rubis-hvm perf=0.364592 vp=0.099090 cap=79.272116
[1372148764.758536] vm=rubis-hvm2 perf=-1.000000 vp=0.230893 cap=184.714051
[1372148770.329908] vm=rubbos-hvm perf=0.305806 vp=0.107712 cap=86.169476
[1372148770.530364] vm=rubbos-hvm2 perf=-0.084848 vp=0.592368 cap=473.894369
[1372148770.720825] vm=rubis-hvm perf=0.795447 vp=0.105341 cap=84.272678
[1372148770.898988] vm=rubis-hvm2 perf=0.309155 vp=0.194579 cap=155.663477
[1372148776.491202] vm=rubbos-hvm perf=-0.108268 vp=0.149423 cap=119.538404
[1372148776.669653] vm=rubbos-hvm2 perf=0.320384 vp=0.552504 cap=442.003222
[1372148776.870830] vm=rubis-hvm perf=0.702154 vp=0.116588 cap=93.270410
[1372148777.072796] vm=rubis-hvm2 perf=0.517266 vp=0.181485 cap=145.187964
[1372148782.657597] vm=rubbos-hvm perf=-0.094228 vp=0.159105 cap=127.284160
[1372148782.860917] vm=rubbos-hvm2 perf=-0.304708 vp=0.580889 cap=464.711188
[1372148783.033942] vm=rubis-hvm perf=0.654728 vp=0.106043 cap=84.834773
[1372148783.197947] vm=rubis-hvm2 perf=0.389309 vp=0.153962 cap=123.169879
[1372148788.774889] vm=rubbos-hvm perf=0.792824 vp=0.129387 cap=103.509573
[1372148788.954408] vm=rubbos-hvm2 perf=-0.449170 vp=0.643756 cap=515.005008
[1372148789.166385] vm=rubis-hvm perf=0.618985 vp=0.101652 cap=81.321646
[1372148789.380728] vm=rubis-hvm2 perf=0.077959 vp=0.125205 cap=100.163773
[1372148794.983562] vm=rubbos-hvm perf=-0.263662 vp=0.185791 cap=148.632787
[1372148795.135049] vm=rubbos-hvm2 perf=0.182526 vp=0.586326 cap=469.060431
[1372148795.323919] vm=rubis-hvm perf=0.444257 vp=0.113849 cap=91.078810
[1372148795.532924] vm=rubis-hvm2 perf=0.482015 vp=0.114035 cap=91.227972
[1372148801.136920] vm=rubbos-hvm perf=0.671152 vp=0.142083 cap=113.666741
[1372148801.313541] vm=rubbos-hvm2 perf=-0.909610 vp=0.580468 cap=464.374715
[1372148801.527820] vm=rubis-hvm perf=0.787636 vp=0.095594 cap=76.474877
[1372148801.717622] vm=rubis-hvm2 perf=-0.627770 vp=0.181855 cap=145.483668
[1372148807.303252] vm=rubbos-hvm perf=0.510998 vp=0.109314 cap=87.451533
[1372148807.495265] vm=rubbos-hvm2 perf=-0.733290 vp=0.514731 cap=411.784783
[1372148807.692049] vm=rubis-hvm perf=0.721874 vp=0.096171 cap=76.936782
[1372148807.896044] vm=rubis-hvm2 perf=-1.000000 vp=0.279784 cap=223.826902
[1372148813.455221] vm=rubbos-hvm perf=-0.358296 vp=0.148858 cap=119.086637
[1372148813.653010] vm=rubbos-hvm2 perf=-0.544184 vp=0.506060 cap=404.848294
[1372148813.864243] vm=rubis-hvm perf=0.085169 vp=0.106564 cap=85.250814
[1372148814.058615] vm=rubis-hvm2 perf=0.526341 vp=0.238518 cap=190.814255
[1372148819.631885] vm=rubbos-hvm perf=0.676700 vp=0.115916 cap=92.732639
[1372148819.825023] vm=rubbos-hvm2 perf=-1.000000 vp=0.601013 cap=480.810606
[1372148820.027423] vm=rubis-hvm perf=0.281124 vp=0.097337 cap=77.869895
[1372148820.239410] vm=rubis-hvm2 perf=0.691870 vp=0.185734 cap=148.586860
[1372148825.869550] vm=rubbos-hvm perf=-0.096976 vp=0.106001 cap=84.800484
[1372148826.061819] vm=rubbos-hvm2 perf=-0.818560 vp=0.600621 cap=480.497160
[1372148826.255533] vm=rubis-hvm perf=0.709287 vp=0.106001 cap=84.800484
[1372148826.460399] vm=rubis-hvm2 perf=-0.263369 vp=0.187377 cap=149.901872
[1372148832.017667] vm=rubbos-hvm perf=-0.354964 vp=0.172475 cap=137.979849
[1372148832.204326] vm=rubbos-hvm2 perf=0.308372 vp=0.544392 cap=435.513724
[1372148832.396127] vm=rubis-hvm perf=0.190335 vp=0.113298 cap=90.638147
[1372148832.595715] vm=rubis-hvm2 perf=0.483422 vp=0.169835 cap=135.868280
[1372148838.154689] vm=rubbos-hvm perf=0.021068 vp=0.150662 cap=120.529878
[1372148838.346889] vm=rubbos-hvm2 perf=-0.904438 vp=0.591789 cap=473.431522
[1372148838.524927] vm=rubis-hvm perf=0.308787 vp=0.109192 cap=87.353247
[1372148838.718048] vm=rubis-hvm2 perf=0.135444 vp=0.148357 cap=118.685354
[1372148844.331242] vm=rubbos-hvm perf=0.666622 vp=0.119382 cap=95.505800
[1372148844.523273] vm=rubbos-hvm2 perf=-1.000000 vp=0.664015 cap=531.211690
[1372148844.751721] vm=rubis-hvm perf=0.218644 vp=0.099048 cap=79.238279
[1372148844.964480] vm=rubis-hvm2 perf=0.505142 vp=0.117555 cap=94.044231
[1372148850.630376] vm=rubbos-hvm perf=0.468560 vp=0.102860 cap=82.288371
[1372148850.830292] vm=rubbos-hvm2 perf=-0.125360 vp=0.691419 cap=553.134886
[1372148851.004916] vm=rubis-hvm perf=0.644872 vp=0.102860 cap=82.288371
[1372148851.199196] vm=rubis-hvm2 perf=0.150095 vp=0.102860 cap=82.288371
[1372148856.863323] vm=rubbos-hvm perf=-1.000000 vp=0.232680 cap=186.144376
[1372148857.063838] vm=rubbos-hvm2 perf=-0.491956 vp=0.567333 cap=453.866699
[1372148857.256258] vm=rubis-hvm perf=0.664293 vp=0.099993 cap=79.994462
[1372148857.478277] vm=rubis-hvm2 perf=0.244847 vp=0.099993 cap=79.994462
[1372148863.075570] vm=rubbos-hvm perf=0.635228 vp=0.186717 cap=149.373535
[1372148863.267286] vm=rubbos-hvm2 perf=-0.326434 vp=0.612668 cap=490.134337
[1372148863.461384] vm=rubis-hvm perf=0.641344 vp=0.100308 cap=80.246064
[1372148863.650427] vm=rubis-hvm2 perf=0.203209 vp=0.100308 cap=80.246064
[1372148869.186258] vm=rubbos-hvm perf=0.615056 vp=0.155278 cap=124.222047
[1372148869.369530] vm=rubbos-hvm2 perf=-0.310370 vp=0.636817 cap=509.453917
[1372148869.524809] vm=rubis-hvm perf=0.458661 vp=0.103953 cap=83.162018
[1372148869.723839] vm=rubis-hvm2 perf=-0.020586 vp=0.103953 cap=83.162018
[1372148875.281334] vm=rubbos-hvm perf=0.640310 vp=0.119073 cap=95.258280
[1372148875.458874] vm=rubbos-hvm2 perf=-1.000000 vp=0.689217 cap=551.373968
[1372148875.626916] vm=rubis-hvm perf=0.685714 vp=0.095855 cap=76.683876
[1372148875.779010] vm=rubis-hvm2 perf=0.160459 vp=0.095855 cap=76.683876
[1372148881.390343] vm=rubbos-hvm perf=-0.762170 vp=0.224463 cap=179.570400
[1372148881.583286] vm=rubbos-hvm2 perf=0.179820 vp=0.569105 cap=455.284246
[1372148881.761466] vm=rubis-hvm perf=0.583395 vp=0.103216 cap=82.572677
[1372148881.946521] vm=rubis-hvm2 perf=0.012815 vp=0.103216 cap=82.572677
[1372148887.513089] vm=rubbos-hvm perf=0.651176 vp=0.177039 cap=141.631471
[1372148887.695821] vm=rubbos-hvm2 perf=-0.393970 vp=0.625780 cap=500.623744
[1372148887.896858] vm=rubis-hvm perf=0.652316 vp=0.098590 cap=78.872393
[1372148888.080309] vm=rubis-hvm2 perf=0.368875 vp=0.098590 cap=78.872393
[1372148893.659210] vm=rubbos-hvm perf=0.606422 vp=0.135114 cap=108.091040
[1372148893.853372] vm=rubbos-hvm2 perf=-1.000000 vp=0.674090 cap=539.271925
[1372148894.044848] vm=rubis-hvm perf=0.567553 vp=0.095398 cap=76.318518
[1372148894.254897] vm=rubis-hvm2 perf=0.285284 vp=0.095398 cap=76.318518
[1372148899.836029] vm=rubbos-hvm perf=-0.058766 vp=0.130747 cap=104.597992
[1372148900.007906] vm=rubbos-hvm2 perf=-0.259554 vp=0.646308 cap=517.046122
[1372148900.174226] vm=rubis-hvm perf=0.127671 vp=0.111472 cap=89.177943
[1372148900.357171] vm=rubis-hvm2 perf=0.181293 vp=0.111472 cap=89.177943
[1372148905.921021] vm=rubbos-hvm perf=0.007054 vp=0.106355 cap=85.084184
[1372148906.100213] vm=rubbos-hvm2 perf=-1.000000 vp=0.690285 cap=552.227830
[1372148906.279506] vm=rubis-hvm perf=0.751346 vp=0.101680 cap=81.343993
[1372148906.470037] vm=rubis-hvm2 perf=0.259331 vp=0.101680 cap=81.343993
[1372148912.063540] vm=rubbos-hvm perf=-1.000000 vp=0.235307 cap=188.245848
[1372148912.243854] vm=rubbos-hvm2 perf=-0.443012 vp=0.566006 cap=452.804403
[1372148912.412337] vm=rubis-hvm perf=0.633726 vp=0.099344 cap=79.474874
[1372148912.593741] vm=rubis-hvm2 perf=0.326112 vp=0.099344 cap=79.474874
[1372148918.161313] vm=rubbos-hvm perf=0.688512 vp=0.188710 cap=150.967687
[1372148918.357522] vm=rubbos-hvm2 perf=-0.971064 vp=0.610798 cap=488.638137
[1372148918.562075] vm=rubis-hvm perf=0.023694 vp=0.100246 cap=80.197088
[1372148918.760478] vm=rubis-hvm2 perf=0.271247 vp=0.100246 cap=80.197088
