[1371491417.824670] latency=nan:nan:nan:nan:nan:(-nan)ms throughput=0rps rr=-nan% cr=-nan% errors=0 total=0
[1371491418.828722] latency=nan:nan:nan:nan:nan:(-nan)ms throughput=0rps rr=-nan% cr=-nan% errors=0 total=0
[1371491419.832624] latency=nan:nan:nan:nan:nan:(-nan)ms throughput=0rps rr=-nan% cr=-nan% errors=0 total=0
[1371491420.836617] latency=nan:nan:nan:nan:nan:(-nan)ms throughput=0rps rr=-nan% cr=-nan% errors=0 total=0
[1371491421.840646] latency=nan:nan:nan:nan:nan:(-nan)ms throughput=0rps rr=-nan% cr=-nan% errors=0 total=0
[1371491422.844641] latency=nan:nan:nan:nan:nan:(-nan)ms throughput=0rps rr=-nan% cr=-nan% errors=0 total=0
[1371491423.848642] latency=nan:nan:nan:nan:nan:(-nan)ms throughput=0rps rr=-nan% cr=-nan% errors=0 total=0
[1371491424.852711] latency=nan:nan:nan:nan:nan:(-nan)ms throughput=0rps rr=-nan% cr=-nan% errors=0 total=0
[1371491425.856686] latency=nan:nan:nan:nan:nan:(-nan)ms throughput=0rps rr=-nan% cr=-nan% errors=0 total=0
[1371491426.860637] latency=nan:nan:nan:nan:nan:(-nan)ms throughput=0rps rr=-nan% cr=-nan% errors=0 total=0
[1371491427.864714] latency=nan:nan:nan:nan:nan:(-nan)ms throughput=0rps rr=-nan% cr=-nan% errors=0 total=0
[1371491427.864942] cannot parse key-value 'start'
[1371491427.865060] set thinktime=3.000000
[1371491427.865124] set concurrency=100
[1371491428.916659] latency=5:6:9:128:233:(65)ms throughput=29rps rr=51.61% cr=0.00% errors=0 total=31
[1371491429.920671] latency=4:5:14:163:251:(73)ms throughput=33rps rr=48.48% cr=0.00% errors=0 total=64
[1371491430.924653] latency=3:6:89:176:275:(101)ms throughput=28rps rr=57.14% cr=0.00% errors=0 total=92
[1371491431.928671] latency=4:5:9:137:220:(68)ms throughput=37rps rr=54.05% cr=0.00% errors=0 total=129
[1371491432.932656] latency=4:5:45:90:273:(73)ms throughput=29rps rr=55.17% cr=0.00% errors=0 total=158
[1371491433.936670] latency=4:6:57:166:372:(98)ms throughput=36rps rr=61.11% cr=0.00% errors=0 total=194
[1371491434.940657] latency=4:23:98:207:355:(122)ms throughput=27rps rr=77.78% cr=0.00% errors=0 total=221
[1371491435.944679] latency=3:6:78:189:308:(100)ms throughput=41rps rr=60.98% cr=0.00% errors=0 total=262
[1371491436.952651] latency=4:11:163:229:339:(142)ms throughput=24rps rr=70.83% cr=0.00% errors=0 total=286
[1371491437.956731] latency=4:67:159:303:462:(187)ms throughput=28rps rr=78.57% cr=0.00% errors=0 total=314
[1371491438.960692] latency=4:7:168:281:607:(189)ms throughput=26rps rr=61.54% cr=0.00% errors=0 total=340
[1371491439.964713] latency=4:12:200:572:881:(299)ms throughput=47rps rr=70.21% cr=0.00% errors=0 total=387
[1371491440.968675] latency=4:6:24:154:219:(74)ms throughput=29rps rr=55.17% cr=0.00% errors=0 total=416
[1371491441.972706] latency=4:6:86:181:251:(98)ms throughput=29rps rr=62.07% cr=0.00% errors=0 total=445
[1371491442.976662] latency=4:7:70:217:482:(126)ms throughput=40rps rr=60.00% cr=0.00% errors=0 total=485
[1371491443.980672] latency=3:5:6:93:297:(63)ms throughput=38rps rr=39.47% cr=0.00% errors=0 total=523
[1371491444.984674] latency=4:18:270:611:1029:(350)ms throughput=41rps rr=73.17% cr=0.00% errors=0 total=564
[1371491445.988710] latency=4:8:77:381:611:(184)ms throughput=24rps rr=62.50% cr=0.00% errors=0 total=588
[1371491446.992685] latency=5:95:512:836:1295:(493)ms throughput=41rps rr=80.49% cr=0.00% errors=0 total=629
[1371491447.996706] latency=4:37:198:378:1271:(258)ms throughput=36rps rr=80.56% cr=0.00% errors=0 total=665
[1371491449.000681] latency=4:5:57:127:395:(93)ms throughput=31rps rr=70.97% cr=0.00% errors=0 total=696
[1371491450.004714] latency=3:5:68:185:254:(98)ms throughput=22rps rr=54.55% cr=0.00% errors=0 total=718
[1371491451.008687] latency=3:5:66:241:425:(132)ms throughput=47rps rr=59.57% cr=0.00% errors=0 total=765
[1371491452.012718] latency=4:5:48:151:228:(77)ms throughput=29rps rr=58.62% cr=0.00% errors=0 total=794
[1371491453.016618] latency=4:5:39:66:235:(58)ms throughput=35rps rr=62.86% cr=0.00% errors=0 total=829
[1371491454.020607] latency=4:5:63:165:322:(86)ms throughput=31rps rr=58.06% cr=0.00% errors=0 total=860
[1371491455.024624] latency=3:5:7:155:250:(74)ms throughput=37rps rr=43.24% cr=0.00% errors=0 total=897
[1371491456.028625] latency=3:6:89:158:290:(95)ms throughput=36rps rr=63.89% cr=0.00% errors=0 total=933
[1371491457.032629] latency=4:7:68:195:309:(104)ms throughput=30rps rr=56.67% cr=0.00% errors=0 total=963
[1371491458.037220] latency=3:6:56:121:260:(75)ms throughput=26rps rr=53.85% cr=0.00% errors=0 total=989
[1371491459.040638] latency=4:5:97:177:358:(114)ms throughput=31rps rr=61.29% cr=0.00% errors=0 total=1020
[1371491460.044613] latency=4:5:8:103:250:(64)ms throughput=32rps rr=53.12% cr=0.00% errors=0 total=1052
[1371491461.048611] latency=5:5:85:205:232:(100)ms throughput=27rps rr=66.67% cr=0.00% errors=0 total=1079
[1371491462.052610] latency=4:9:89:147:254:(90)ms throughput=30rps rr=70.00% cr=0.00% errors=0 total=1109
[1371491463.056788] latency=4:5:203:439:767:(238)ms throughput=25rps rr=68.00% cr=0.00% errors=0 total=1134
[1371491464.060637] latency=4:5:130:423:804:(233)ms throughput=35rps rr=65.71% cr=0.00% errors=0 total=1169
[1371491465.064643] latency=4:5:68:170:270:(93)ms throughput=29rps rr=72.41% cr=0.00% errors=0 total=1198
[1371491466.068652] latency=5:6:89:199:287:(101)ms throughput=28rps rr=67.86% cr=0.00% errors=0 total=1226
[1371491467.072635] latency=4:6:128:204:394:(127)ms throughput=28rps rr=71.43% cr=0.00% errors=0 total=1254
[1371491468.076668] latency=4:6:110:253:396:(130)ms throughput=29rps rr=65.52% cr=0.00% errors=0 total=1283
[1371491469.080661] latency=4:6:99:174:310:(107)ms throughput=33rps rr=63.64% cr=0.00% errors=0 total=1316
[1371491470.084653] latency=5:13:75:169:249:(97)ms throughput=32rps rr=71.88% cr=0.00% errors=0 total=1348
[1371491471.088654] latency=4:32:72:178:286:(106)ms throughput=26rps rr=80.77% cr=0.00% errors=0 total=1374
[1371491472.092664] latency=5:21:74:203:446:(129)ms throughput=26rps rr=69.23% cr=0.00% errors=0 total=1400
[1371491473.096643] latency=4:11:271:533:715:(282)ms throughput=38rps rr=68.42% cr=0.00% errors=0 total=1438
[1371491474.100655] latency=4:6:48:235:612:(144)ms throughput=40rps rr=67.50% cr=0.00% errors=0 total=1478
[1371491475.104651] latency=4:11:114:229:361:(124)ms throughput=33rps rr=72.73% cr=0.00% errors=0 total=1511
[1371491476.108671] latency=4:5:144:346:613:(192)ms throughput=39rps rr=64.10% cr=0.00% errors=0 total=1550
[1371491477.112651] latency=5:5:48:113:217:(67)ms throughput=24rps rr=62.50% cr=0.00% errors=0 total=1574
[1371491478.116658] latency=3:6:145:210:384:(128)ms throughput=29rps rr=75.86% cr=0.00% errors=0 total=1603
[1371491479.120677] latency=4:15:424:700:922:(376)ms throughput=28rps rr=78.57% cr=0.00% errors=0 total=1631
[1371491480.124669] latency=3:76:499:842:1111:(503)ms throughput=31rps rr=83.87% cr=0.00% errors=0 total=1662
[1371491481.128637] latency=4:11:141:231:507:(151)ms throughput=32rps rr=75.00% cr=0.00% errors=0 total=1694
[1371491482.132666] latency=4:5:31:150:246:(75)ms throughput=24rps rr=54.17% cr=0.00% errors=0 total=1718
[1371491483.136671] latency=4:7:149:388:606:(222)ms throughput=35rps rr=68.57% cr=0.00% errors=0 total=1753
[1371491484.140641] latency=3:6:91:141:299:(90)ms throughput=38rps rr=73.68% cr=0.00% errors=0 total=1791
[1371491485.144647] latency=3:5:86:240:544:(143)ms throughput=39rps rr=58.97% cr=0.00% errors=0 total=1830
[1371491486.148662] latency=3:6:91:204:366:(112)ms throughput=29rps rr=72.41% cr=0.00% errors=0 total=1859
[1371491487.152640] latency=4:5:38:196:353:(100)ms throughput=36rps rr=55.56% cr=0.00% errors=0 total=1895
[1371491488.156669] latency=4:5:60:146:292:(87)ms throughput=32rps rr=62.50% cr=0.00% errors=0 total=1927
[1371491489.160648] latency=3:21:136:287:497:(171)ms throughput=38rps rr=76.32% cr=0.00% errors=0 total=1965
[1371491490.164685] latency=20:123:214:316:467:(229)ms throughput=25rps rr=96.00% cr=0.00% errors=0 total=1990
[1371491491.168661] latency=3:5:27:230:404:(117)ms throughput=33rps rr=57.58% cr=0.00% errors=0 total=2023
[1371491492.172680] latency=4:5:71:151:277:(84)ms throughput=33rps rr=60.61% cr=0.00% errors=0 total=2056
[1371491493.176654] latency=3:13:214:366:764:(247)ms throughput=33rps rr=78.79% cr=0.00% errors=0 total=2089
[1371491494.180669] latency=4:13:303:456:685:(260)ms throughput=29rps rr=72.41% cr=0.00% errors=0 total=2118
[1371491495.184646] latency=5:77:407:683:1020:(431)ms throughput=34rps rr=85.29% cr=0.00% errors=0 total=2152
[1371491496.188662] latency=3:6:73:266:750:(178)ms throughput=29rps rr=65.52% cr=0.00% errors=0 total=2181
[1371491497.192675] latency=3:161:610:915:1410:(574)ms throughput=31rps rr=77.42% cr=0.00% errors=0 total=2212
[1371491498.196659] latency=4:121:387:562:1360:(425)ms throughput=36rps rr=88.89% cr=0.00% errors=0 total=2248
[1371491499.200673] latency=4:6:59:208:295:(100)ms throughput=33rps rr=72.73% cr=0.00% errors=0 total=2281
[1371491500.204665] latency=3:7:51:186:499:(123)ms throughput=37rps rr=67.57% cr=0.00% errors=0 total=2318
[1371491501.208672] latency=3:8:91:340:619:(184)ms throughput=48rps rr=60.42% cr=0.00% errors=0 total=2366
[1371491502.212662] latency=4:6:138:235:511:(151)ms throughput=38rps rr=63.16% cr=0.00% errors=0 total=2404
[1371491503.216647] latency=4:5:6:137:299:(68)ms throughput=26rps rr=53.85% cr=0.00% errors=0 total=2430
[1371491504.220682] latency=4:6:111:185:341:(123)ms throughput=35rps rr=62.86% cr=0.00% errors=0 total=2465
[1371491505.224630] latency=4:5:57:187:310:(95)ms throughput=31rps rr=58.06% cr=0.00% errors=0 total=2496
[1371491506.228684] latency=4:9:90:185:260:(100)ms throughput=26rps rr=65.38% cr=0.00% errors=0 total=2522
[1371491507.232657] latency=4:5:49:177:245:(87)ms throughput=35rps rr=57.14% cr=0.00% errors=0 total=2557
[1371491508.236667] latency=5:5:29:155:220:(78)ms throughput=26rps rr=50.00% cr=0.00% errors=0 total=2583
[1371491509.240671] latency=4:6:28:92:209:(58)ms throughput=32rps rr=59.38% cr=0.00% errors=0 total=2615
[1371491510.244666] latency=4:32:138:239:340:(140)ms throughput=24rps rr=79.17% cr=0.00% errors=0 total=2639
[1371491511.248665] latency=4:10:90:168:290:(96)ms throughput=30rps rr=70.00% cr=0.00% errors=0 total=2669
[1371491512.252672] latency=5:5:113:213:277:(113)ms throughput=24rps rr=70.83% cr=0.00% errors=0 total=2693
[1371491513.256681] latency=4:35:221:365:454:(220)ms throughput=29rps rr=82.76% cr=0.00% errors=0 total=2722
[1371491514.260665] latency=4:7:119:150:272:(105)ms throughput=28rps rr=78.57% cr=0.00% errors=0 total=2750
[1371491515.264666] latency=4:13:128:273:394:(153)ms throughput=30rps rr=76.67% cr=0.00% errors=0 total=2780
[1371491516.268681] latency=4:33:155:307:639:(199)ms throughput=37rps rr=86.49% cr=0.00% errors=0 total=2817
[1371491517.272686] latency=3:5:13:252:446:(121)ms throughput=25rps rr=56.00% cr=0.00% errors=0 total=2842
[1371491518.276665] latency=4:54:98:430:650:(228)ms throughput=29rps rr=82.76% cr=0.00% errors=0 total=2871
[1371491519.280629] latency=5:23:128:200:365:(133)ms throughput=34rps rr=79.41% cr=0.00% errors=0 total=2905
[1371491520.284665] latency=4:6:40:124:216:(69)ms throughput=31rps rr=61.29% cr=0.00% errors=0 total=2936
[1371491521.288671] latency=4:11:86:137:241:(90)ms throughput=28rps rr=78.57% cr=0.00% errors=0 total=2964
[1371491522.292664] latency=3:6:155:253:410:(150)ms throughput=36rps rr=77.78% cr=0.00% errors=0 total=3000
[1371491523.296680] latency=6:30:99:161:254:(110)ms throughput=19rps rr=94.74% cr=0.00% errors=0 total=3019
[1371491524.300664] latency=4:5:97:183:339:(109)ms throughput=35rps rr=71.43% cr=0.00% errors=0 total=3054
[1371491525.304686] latency=4:21:85:120:324:(96)ms throughput=32rps rr=81.25% cr=0.00% errors=0 total=3086
[1371491526.308666] latency=4:217:359:513:748:(359)ms throughput=22rps rr=86.36% cr=0.00% errors=0 total=3108
[1371491527.312664] latency=4:41:378:646:1112:(419)ms throughput=29rps rr=82.76% cr=0.00% errors=0 total=3137
[1371491528.316663] latency=5:153:278:545:924:(354)ms throughput=31rps rr=93.55% cr=0.00% errors=0 total=3168
[1371491529.320666] latency=4:5:168:288:730:(201)ms throughput=19rps rr=68.42% cr=0.00% errors=0 total=3187
[1371491530.324676] latency=4:101:447:642:1430:(473)ms throughput=12rps rr=75.00% cr=0.00% errors=0 total=3199
[1371491531.328671] latency=15:341:1117:1512:2329:(1005)ms throughput=17rps rr=88.24% cr=0.00% errors=0 total=3216
[1371491532.332670] latency=61:666:1765:2361:2483:(1503)ms throughput=12rps rr=91.67% cr=0.00% errors=0 total=3228
[1371491533.336678] latency=13:45:588:2457:3578:(1340)ms throughput=19rps rr=57.89% cr=0.00% errors=0 total=3247
[1371491534.340669] latency=4:10:166:2218:4483:(1192)ms throughput=26rps rr=50.00% cr=0.00% errors=0 total=3273
[1371491535.344679] latency=6:79:2340:3180:4689:(1878)ms throughput=27rps rr=66.67% cr=0.00% errors=0 total=3300
[1371491536.368670] latency=4:50:2054:3342:4249:(1851)ms throughput=18rps rr=77.78% cr=0.00% errors=0 total=3318
[1371491537.372669] latency=4:38:619:3405:5207:(1601)ms throughput=22rps rr=54.55% cr=0.00% errors=0 total=3340
[1371491538.376669] latency=3:12:1404:2978:5988:(1766)ms throughput=22rps rr=59.09% cr=0.00% errors=0 total=3362
[1371491539.380671] latency=4:16:651:3441:5311:(1681)ms throughput=32rps rr=59.38% cr=0.00% errors=0 total=3394
[1371491540.384682] latency=4:6:15:1784:4495:(1031)ms throughput=39rps rr=48.72% cr=0.00% errors=0 total=3433
[1371491541.388673] latency=3:5:15:142:680:(113)ms throughput=39rps rr=43.59% cr=0.00% errors=0 total=3472
[1371491542.392668] latency=3:5:6:140:228:(59)ms throughput=29rps rr=34.48% cr=0.00% errors=0 total=3501
[1371491543.396668] latency=4:5:6:50:304:(55)ms throughput=27rps rr=37.04% cr=0.00% errors=0 total=3528
[1371491544.400666] latency=4:5:5:8:189:(18)ms throughput=27rps rr=14.81% cr=0.00% errors=0 total=3555
[1371491545.404680] latency=3:5:5:43:275:(55)ms throughput=30rps rr=26.67% cr=0.00% errors=0 total=3585
[1371491546.408734] latency=3:5:5:8:196:(21)ms throughput=45rps rr=13.33% cr=0.00% errors=0 total=3630
[1371491547.412705] latency=3:5:5:13:445:(55)ms throughput=42rps rr=26.19% cr=0.00% errors=0 total=3672
[1371491548.416740] latency=4:5:6:36:197:(34)ms throughput=29rps rr=27.59% cr=0.00% errors=0 total=3701
[1371491549.420667] latency=4:5:6:7:165:(23)ms throughput=35rps rr=17.14% cr=0.00% errors=0 total=3736
[1371491550.424705] latency=3:4:5:53:348:(54)ms throughput=37rps rr=29.73% cr=0.00% errors=0 total=3773
[1371491551.428682] latency=3:4:5:7:222:(38)ms throughput=28rps rr=21.43% cr=0.00% errors=0 total=3801
[1371491552.432667] latency=3:4:7:129:504:(102)ms throughput=37rps rr=35.14% cr=0.00% errors=0 total=3838
[1371491553.436676] latency=3:5:8:183:860:(148)ms throughput=32rps rr=43.75% cr=0.00% errors=0 total=3870
[1371491554.440747] latency=3:5:6:11:278:(39)ms throughput=34rps rr=20.59% cr=0.00% errors=0 total=3904
[1371491555.444668] latency=3:5:6:53:240:(43)ms throughput=34rps rr=29.41% cr=0.00% errors=0 total=3938
[1371491556.448744] latency=4:5:7:10:235:(27)ms throughput=41rps rr=21.95% cr=0.00% errors=0 total=3979
[1371491557.452666] latency=3:4:6:107:621:(114)ms throughput=35rps rr=34.29% cr=0.00% errors=0 total=4014
[1371491558.456684] latency=3:4:5:79:257:(57)ms throughput=31rps rr=35.48% cr=0.00% errors=0 total=4045
[1371491559.460645] latency=4:5:6:44:409:(70)ms throughput=37rps rr=29.73% cr=0.00% errors=0 total=4082
[1371491560.464646] latency=4:5:6:17:359:(58)ms throughput=36rps rr=25.00% cr=0.00% errors=0 total=4118
[1371491561.468677] latency=4:5:5:162:632:(120)ms throughput=27rps rr=33.33% cr=0.00% errors=0 total=4145
[1371491562.472702] latency=3:5:5:11:238:(41)ms throughput=39rps rr=17.95% cr=0.00% errors=0 total=4184
[1371491563.476708] latency=3:5:6:46:208:(36)ms throughput=24rps rr=29.17% cr=0.00% errors=0 total=4208
[1371491564.480726] latency=3:4:5:76:558:(89)ms throughput=34rps rr=29.41% cr=0.00% errors=0 total=4242
[1371491565.484654] latency=4:5:5:8:115:(16)ms throughput=31rps rr=19.35% cr=0.00% errors=0 total=4273
[1371491566.488671] latency=3:4:6:54:248:(48)ms throughput=34rps rr=29.41% cr=0.00% errors=0 total=4307
[1371491567.492745] latency=4:5:6:10:187:(23)ms throughput=28rps rr=21.43% cr=0.00% errors=0 total=4335
[1371491568.496668] latency=4:5:6:52:190:(35)ms throughput=29rps rr=31.03% cr=0.00% errors=0 total=4364
[1371491569.500687] latency=4:5:6:11:216:(35)ms throughput=40rps rr=22.50% cr=0.00% errors=0 total=4404
[1371491570.504673] latency=4:5:7:45:260:(38)ms throughput=36rps rr=30.56% cr=0.00% errors=0 total=4440
[1371491571.508713] latency=4:4:7:149:352:(78)ms throughput=29rps rr=34.48% cr=0.00% errors=0 total=4469
[1371491572.512673] latency=3:4:5:84:549:(110)ms throughput=27rps rr=33.33% cr=0.00% errors=0 total=4496
[1371491573.516675] latency=3:4:5:216:524:(111)ms throughput=32rps rr=37.50% cr=0.00% errors=0 total=4528
[1371491574.520671] latency=3:4:5:9:344:(45)ms throughput=37rps rr=18.92% cr=0.00% errors=0 total=4565
[1371491575.524666] latency=4:4:24:413:706:(183)ms throughput=32rps rr=50.00% cr=0.00% errors=0 total=4597
[1371491576.528670] latency=3:5:8:102:350:(64)ms throughput=32rps rr=34.38% cr=0.00% errors=0 total=4629
[1371491577.532729] latency=4:5:8:33:197:(31)ms throughput=33rps rr=42.42% cr=0.00% errors=0 total=4662
[1371491578.536679] latency=4:5:7:85:160:(37)ms throughput=26rps rr=30.77% cr=0.00% errors=0 total=4688
[1371491579.540673] latency=3:5:15:93:349:(64)ms throughput=28rps rr=35.71% cr=0.00% errors=0 total=4716
[1371491580.544671] latency=4:4:12:352:965:(198)ms throughput=23rps rr=34.78% cr=0.00% errors=0 total=4739
[1371491581.548671] latency=4:6:82:965:1844:(473)ms throughput=31rps rr=48.39% cr=0.00% errors=0 total=4770
[1371491582.552672] latency=4:4:33:723:1740:(421)ms throughput=36rps rr=47.22% cr=0.00% errors=0 total=4806
[1371491583.556741] latency=4:4:8:202:547:(116)ms throughput=31rps rr=48.39% cr=0.00% errors=0 total=4837
[1371491584.560665] latency=3:5:5:36:241:(47)ms throughput=31rps rr=29.03% cr=0.00% errors=0 total=4868
[1371491585.564681] latency=3:5:6:45:232:(44)ms throughput=29rps rr=27.59% cr=0.00% errors=0 total=4897
[1371491586.568707] latency=4:5:6:25:214:(32)ms throughput=29rps rr=27.59% cr=0.00% errors=0 total=4926
[1371491587.572666] latency=3:5:6:129:352:(72)ms throughput=26rps rr=38.46% cr=0.00% errors=0 total=4952
[1371491588.576709] latency=3:4:5:21:230:(41)ms throughput=25rps rr=28.00% cr=0.00% errors=0 total=4977
[1371491589.580748] latency=3:5:5:8:351:(37)ms throughput=41rps rr=17.07% cr=0.00% errors=0 total=5018
[1371491590.584667] latency=3:4:6:81:262:(55)ms throughput=31rps rr=32.26% cr=0.00% errors=0 total=5049
[1371491591.588646] latency=3:5:6:30:463:(53)ms throughput=42rps rr=21.43% cr=0.00% errors=0 total=5091
[1371491592.592706] latency=3:4:6:29:240:(47)ms throughput=33rps rr=30.30% cr=0.00% errors=0 total=5124
[1371491593.596707] latency=4:5:5:10:193:(31)ms throughput=30rps rr=26.67% cr=0.00% errors=0 total=5154
[1371491594.600700] latency=3:4:5:55:263:(46)ms throughput=28rps rr=28.57% cr=0.00% errors=0 total=5182
[1371491595.604668] latency=3:4:6:11:227:(35)ms throughput=23rps rr=17.39% cr=0.00% errors=0 total=5205
[1371491596.608664] latency=3:4:12:394:883:(213)ms throughput=38rps rr=39.47% cr=0.00% errors=0 total=5243
[1371491597.612706] latency=4:5:6:140:971:(125)ms throughput=38rps rr=47.37% cr=0.00% errors=0 total=5281
[1371491598.616669] latency=3:4:5:16:454:(49)ms throughput=43rps rr=25.58% cr=0.00% errors=0 total=5324
[1371491599.620670] latency=3:5:5:21:474:(57)ms throughput=34rps rr=29.41% cr=0.00% errors=0 total=5358
[1371491600.624665] latency=4:5:6:9:227:(30)ms throughput=35rps rr=22.86% cr=0.00% errors=0 total=5393
[1371491601.628702] latency=3:4:8:374:827:(183)ms throughput=39rps rr=30.77% cr=0.00% errors=0 total=5432
[1371491602.632677] latency=3:4:5:15:225:(34)ms throughput=25rps rr=28.00% cr=0.00% errors=0 total=5457
[1371491603.636739] latency=3:4:5:74:329:(59)ms throughput=31rps rr=29.03% cr=0.00% errors=0 total=5488
[1371491604.640700] latency=4:5:6:12:196:(26)ms throughput=37rps rr=16.22% cr=0.00% errors=0 total=5525
[1371491605.644671] latency=3:5:5:8:207:(24)ms throughput=32rps rr=21.88% cr=0.00% errors=0 total=5557
[1371491606.648747] latency=3:5:7:59:342:(52)ms throughput=38rps rr=31.58% cr=0.00% errors=0 total=5595
[1371491607.652664] latency=4:5:6:10:147:(23)ms throughput=18rps rr=22.22% cr=0.00% errors=0 total=5613
[1371491608.656664] latency=4:5:6:8:182:(20)ms throughput=25rps rr=16.00% cr=0.00% errors=0 total=5638
[1371491609.660705] latency=3:4:6:99:395:(59)ms throughput=37rps rr=27.03% cr=0.00% errors=0 total=5675
[1371491610.664704] latency=3:4:6:52:260:(50)ms throughput=40rps rr=32.50% cr=0.00% errors=0 total=5715
[1371491611.668667] latency=3:5:5:7:136:(16)ms throughput=36rps rr=16.67% cr=0.00% errors=0 total=5751
[1371491612.672675] latency=3:4:7:179:471:(107)ms throughput=30rps rr=43.33% cr=0.00% errors=0 total=5781
[1371491613.676669] latency=3:5:7:153:449:(86)ms throughput=34rps rr=35.29% cr=0.00% errors=0 total=5815
[1371491614.680692] latency=3:4:5:63:302:(56)ms throughput=31rps rr=35.48% cr=0.00% errors=0 total=5846
[1371491615.684665] latency=4:5:8:34:206:(36)ms throughput=31rps rr=29.03% cr=0.00% errors=0 total=5877
[1371491616.688672] latency=4:4:6:105:452:(90)ms throughput=42rps rr=35.71% cr=0.00% errors=0 total=5919
[1371491617.692667] latency=3:5:12:171:513:(122)ms throughput=37rps rr=51.35% cr=0.00% errors=0 total=5956
[1371491618.696666] latency=4:5:8:115:545:(79)ms throughput=33rps rr=36.36% cr=0.00% errors=0 total=5989
[1371491619.700668] latency=3:5:7:28:331:(61)ms throughput=25rps rr=32.00% cr=0.00% errors=0 total=6014
[1371491620.704670] latency=3:4:8:104:505:(76)ms throughput=39rps rr=38.46% cr=0.00% errors=0 total=6053
[1371491621.708671] latency=4:5:6:42:301:(44)ms throughput=31rps rr=32.26% cr=0.00% errors=0 total=6084
[1371491622.712667] latency=3:4:7:30:261:(49)ms throughput=37rps rr=27.03% cr=0.00% errors=0 total=6121
[1371491623.716666] latency=4:4:9:123:486:(78)ms throughput=35rps rr=48.57% cr=0.00% errors=0 total=6156
[1371491624.720668] latency=3:5:7:97:328:(66)ms throughput=39rps rr=38.46% cr=0.00% errors=0 total=6195
[1371491625.724745] latency=3:4:5:39:251:(49)ms throughput=33rps rr=33.33% cr=0.00% errors=0 total=6228
[1371491626.728668] latency=4:5:6:17:360:(65)ms throughput=32rps rr=28.12% cr=0.00% errors=0 total=6260
[1371491627.732665] latency=3:4:11:102:456:(80)ms throughput=38rps rr=42.11% cr=0.00% errors=0 total=6298
[1371491628.736684] latency=3:4:7:164:363:(87)ms throughput=36rps rr=47.22% cr=0.00% errors=0 total=6334
[1371491629.740676] latency=3:5:7:106:395:(62)ms throughput=27rps rr=44.44% cr=0.00% errors=0 total=6361
[1371491630.744672] latency=6:50:144:222:287:(137)ms throughput=18rps rr=5.56% cr=0.00% errors=0 total=6379
[1371491631.748707] latency=4:22:47:126:508:(89)ms throughput=24rps rr=4.17% cr=0.00% errors=0 total=6403
[1371491632.752683] latency=3:27:53:526:1834:(377)ms throughput=15rps rr=26.67% cr=0.00% errors=0 total=6418
[1371491633.756668] latency=4:173:306:435:2756:(434)ms throughput=16rps rr=18.75% cr=0.00% errors=0 total=6434
[1371491634.760696] latency=7:19:114:362:4284:(488)ms throughput=13rps rr=7.69% cr=0.00% errors=0 total=6447
[1371491635.764867] latency=4:53:402:454:5357:(1252)ms throughput=13rps rr=23.08% cr=0.00% errors=0 total=6460
[1371491636.768874] latency=28:72:209:342:6770:(617)ms throughput=16rps rr=6.25% cr=0.00% errors=0 total=6476
[1371491637.772701] latency=3:247:519:1338:5510:(1215)ms throughput=8rps rr=12.50% cr=0.00% errors=0 total=6484
[1371491638.776658] latency=108:278:570:902:7688:(1412)ms throughput=8rps rr=12.50% cr=0.00% errors=0 total=6492
[1371491639.780666] latency=1426:1759:1938:2404:10207:(2827)ms throughput=20rps rr=15.00% cr=0.00% errors=0 total=6512
[1371491640.784742] latency=4:597:1179:1778:10827:(1852)ms throughput=25rps rr=12.00% cr=0.00% errors=0 total=6537
[1371491641.788741] latency=3:27:77:187:7553:(570)ms throughput=16rps rr=6.25% cr=0.00% errors=0 total=6553
[1371491642.792717] latency=5:74:238:473:1668:(378)ms throughput=15rps rr=0.00% cr=0.00% errors=0 total=6568
[1371491643.796702] latency=3:5:144:293:13552:(1070)ms throughput=15rps rr=6.67% cr=0.00% errors=0 total=6583
[1371491644.800705] latency=4:19:135:296:801:(207)ms throughput=12rps rr=0.00% cr=0.00% errors=0 total=6595
[1371491645.804671] latency=5:238:665:7600:15416:(4603)ms throughput=9rps rr=44.44% cr=0.00% errors=0 total=6604
[1371491646.808749] latency=5:17:503:802:3066:(627)ms throughput=12rps rr=8.33% cr=0.00% errors=0 total=6616
[1371491647.812668] latency=33:563:670:7276:16282:(4545)ms throughput=11rps rr=36.36% cr=0.00% errors=0 total=6627
[1371491648.816673] latency=3:188:524:850:17570:(2577)ms throughput=18rps rr=16.67% cr=0.00% errors=0 total=6645
[1371491649.820668] latency=4:4:45:224:699:(159)ms throughput=10rps rr=0.00% cr=0.00% errors=0 total=6655
[1371491650.824742] latency=7:212:494:3955:20731:(3335)ms throughput=17rps rr=29.41% cr=0.00% errors=0 total=6672
[1371491651.828702] latency=46:93:182:1937:18384:(3173)ms throughput=10rps rr=30.00% cr=0.00% errors=0 total=6682
[1371491652.832693] latency=4:15:83:512:19846:(2066)ms throughput=12rps rr=8.33% cr=0.00% errors=0 total=6694
[1371491653.836679] latency=3:9:162:304:575:(181)ms throughput=23rps rr=0.00% cr=0.00% errors=0 total=6717
[1371491654.868742] latency=8:235:311:1185:24721:(4771)ms throughput=10rps rr=20.00% cr=0.00% errors=0 total=6727
[1371491655.872664] latency=4:55:378:740:19611:(1709)ms throughput=27rps rr=11.11% cr=0.00% errors=0 total=6754
[1371491656.876675] latency=3:58:163:436:24407:(3628)ms throughput=26rps rr=19.23% cr=0.00% errors=0 total=6780
[1371491657.880743] latency=3:28:62:274:25018:(2613)ms throughput=18rps rr=11.11% cr=0.00% errors=0 total=6798
[1371491658.884743] latency=39:340:721:21471:28186:(8238)ms throughput=18rps rr=33.33% cr=0.00% errors=0 total=6816
[1371491659.888729] latency=5:38:283:562:1451:(345)ms throughput=27rps rr=0.00% cr=0.00% errors=0 total=6843
[1371491660.892662] latency=4:155:328:6813:30186:(5936)ms throughput=26rps rr=30.77% cr=0.00% errors=0 total=6869
[1371491661.896707] latency=4:59:169:810:29646:(3864)ms throughput=23rps rr=21.74% cr=0.00% errors=0 total=6892
[1371491662.900672] latency=4:60:223:353:30153:(1240)ms throughput=30rps rr=3.33% cr=0.00% errors=0 total=6922
[1371491663.904708] latency=3:21:172:297:29887:(4519)ms throughput=17rps rr=17.65% cr=0.00% errors=0 total=6939
[1371491664.908655] latency=3:5:149:257:22550:(2007)ms throughput=23rps rr=8.70% cr=0.00% errors=0 total=6962
[1371491665.912702] latency=4:17:112:210:32247:(3388)ms throughput=34rps rr=11.76% cr=0.00% errors=0 total=6996
[1371491666.916707] latency=4:60:118:11301:29961:(6800)ms throughput=24rps rr=29.17% cr=0.00% errors=0 total=7020
[1371491667.920696] latency=3:12:48:122:29700:(2887)ms throughput=34rps rr=17.65% cr=0.00% errors=0 total=7054
[1371491668.924654] latency=3:12:53:166:33501:(2414)ms throughput=48rps rr=16.67% cr=0.00% errors=0 total=7102
[1371491669.928700] latency=4:5:5:9:23554:(1263)ms throughput=28rps rr=10.71% cr=0.00% errors=0 total=7130
[1371491670.932749] latency=4:5:5:8:18:(7)ms throughput=27rps rr=0.00% cr=0.00% errors=0 total=7157
[1371491671.936686] latency=5:5:5:7:12:(6)ms throughput=33rps rr=0.00% cr=0.00% errors=0 total=7190
[1371491672.940638] latency=4:5:5:24:100:(23)ms throughput=35rps rr=0.00% cr=0.00% errors=0 total=7225
[1371491673.944694] latency=5:5:6:9:454:(26)ms throughput=31rps rr=3.23% cr=0.00% errors=0 total=7256
[1371491674.948739] latency=3:5:5:33:365:(33)ms throughput=29rps rr=6.90% cr=0.00% errors=0 total=7285
[1371491675.952713] latency=3:5:7:21:316:(28)ms throughput=36rps rr=2.78% cr=0.00% errors=0 total=7321
[1371491676.956686] latency=3:5:5:14:441:(29)ms throughput=34rps rr=2.94% cr=0.00% errors=0 total=7355
[1371491677.960682] latency=4:5:6:7:17:(7)ms throughput=34rps rr=0.00% cr=0.00% errors=0 total=7389
[1371491678.964716] latency=4:5:6:9:90:(9)ms throughput=33rps rr=3.03% cr=0.00% errors=0 total=7422
[1371491679.968702] latency=5:5:5:9:77:(12)ms throughput=36rps rr=0.00% cr=0.00% errors=0 total=7458
[1371491680.972672] latency=3:5:5:7:21:(7)ms throughput=34rps rr=0.00% cr=0.00% errors=0 total=7492
[1371491681.976652] latency=3:5:6:10:64:(12)ms throughput=36rps rr=2.78% cr=0.00% errors=0 total=7528
[1371491682.980713] latency=3:5:6:8:326:(20)ms throughput=24rps rr=4.17% cr=0.00% errors=0 total=7552
[1371491683.984728] latency=4:5:5:7:11:(6)ms throughput=33rps rr=0.00% cr=0.00% errors=0 total=7585
[1371491684.988704] latency=4:5:6:7:12:(6)ms throughput=24rps rr=0.00% cr=0.00% errors=0 total=7609
[1371491685.992684] latency=5:5:5:6:8:(6)ms throughput=20rps rr=0.00% cr=0.00% errors=0 total=7629
[1371491686.996729] latency=4:5:6:9:19:(7)ms throughput=36rps rr=0.00% cr=0.00% errors=0 total=7665
[1371491688.000666] latency=4:5:5:8:60:(9)ms throughput=24rps rr=0.00% cr=0.00% errors=0 total=7689
[1371491689.004719] latency=4:5:6:9:419:(19)ms throughput=35rps rr=2.86% cr=0.00% errors=0 total=7724
[1371491690.008711] latency=3:5:5:6:12:(6)ms throughput=30rps rr=0.00% cr=0.00% errors=0 total=7754
[1371491691.012691] latency=4:5:6:8:285:(18)ms throughput=27rps rr=3.70% cr=0.00% errors=0 total=7781
[1371491692.016734] latency=4:5:5:6:16:(6)ms throughput=24rps rr=0.00% cr=0.00% errors=0 total=7805
[1371491693.020711] latency=4:5:5:7:15:(6)ms throughput=26rps rr=0.00% cr=0.00% errors=0 total=7831
[1371491694.024732] latency=5:5:6:7:26:(7)ms throughput=29rps rr=3.45% cr=0.00% errors=0 total=7860
[1371491695.028738] latency=4:5:5:6:12:(6)ms throughput=37rps rr=0.00% cr=0.00% errors=0 total=7897
[1371491696.032693] latency=5:5:6:9:33:(8)ms throughput=36rps rr=2.78% cr=0.00% errors=0 total=7933
[1371491697.044683] latency=5:5:5:6:12:(6)ms throughput=38rps rr=0.00% cr=0.00% errors=0 total=7971
[1371491698.048711] latency=3:5:5:8:88:(12)ms throughput=38rps rr=7.89% cr=0.00% errors=0 total=8009
[1371491699.052730] latency=3:5:5:33:540:(49)ms throughput=34rps rr=8.82% cr=0.00% errors=0 total=8043
[1371491700.056644] latency=3:5:7:11:66:(14)ms throughput=30rps rr=0.00% cr=0.00% errors=0 total=8073
[1371491701.060649] latency=4:5:7:15:414:(25)ms throughput=31rps rr=3.23% cr=0.00% errors=0 total=8104
[1371491702.064613] latency=5:5:6:7:16:(7)ms throughput=32rps rr=0.00% cr=0.00% errors=0 total=8136
[1371491703.068625] latency=3:4:5:11:272:(18)ms throughput=26rps rr=3.85% cr=0.00% errors=0 total=8162
[1371491704.072626] latency=3:5:7:35:490:(50)ms throughput=34rps rr=8.82% cr=0.00% errors=0 total=8196
[1371491705.076632] latency=5:5:5:8:22:(7)ms throughput=31rps rr=0.00% cr=0.00% errors=0 total=8227
[1371491706.080625] latency=5:5:6:10:18:(8)ms throughput=33rps rr=0.00% cr=0.00% errors=0 total=8260
[1371491707.084632] latency=3:5:7:54:441:(34)ms throughput=36rps rr=2.78% cr=0.00% errors=0 total=8296
[1371491708.088618] latency=4:5:5:7:81:(9)ms throughput=36rps rr=2.78% cr=0.00% errors=0 total=8332
[1371491709.092627] latency=3:5:6:9:32:(8)ms throughput=48rps rr=4.17% cr=0.00% errors=0 total=8380
[1371491710.096617] latency=3:5:5:10:160:(16)ms throughput=37rps rr=2.70% cr=0.00% errors=0 total=8417
[1371491711.100631] latency=5:5:5:7:10:(6)ms throughput=32rps rr=0.00% cr=0.00% errors=0 total=8449
[1371491712.104631] latency=4:5:7:10:25:(8)ms throughput=34rps rr=0.00% cr=0.00% errors=0 total=8483
[1371491713.108629] latency=3:5:5:9:362:(31)ms throughput=37rps rr=2.70% cr=0.00% errors=0 total=8520
[1371491714.112623] latency=4:5:8:10:196:(17)ms throughput=31rps rr=3.23% cr=0.00% errors=0 total=8551
[1371491715.116627] latency=4:5:7:10:368:(29)ms throughput=36rps rr=5.56% cr=0.00% errors=0 total=8587
[1371491716.120634] latency=4:5:8:13:329:(22)ms throughput=37rps rr=2.70% cr=0.00% errors=0 total=8624
[1371491717.124619] latency=5:5:5:7:12:(6)ms throughput=28rps rr=0.00% cr=0.00% errors=0 total=8652
[1371491718.128630] latency=3:5:24:78:140:(44)ms throughput=40rps rr=2.50% cr=0.00% errors=0 total=8692
[1371491719.132621] latency=3:6:21:39:1165:(106)ms throughput=37rps rr=10.81% cr=0.00% errors=0 total=8729
[1371491720.136639] latency=3:5:8:26:240:(25)ms throughput=34rps rr=2.94% cr=0.00% errors=0 total=8763
[1371491721.140622] latency=3:7:21:64:329:(41)ms throughput=39rps rr=2.56% cr=0.00% errors=0 total=8802
[1371491722.144647] latency=3:5:9:38:1020:(94)ms throughput=32rps rr=12.50% cr=0.00% errors=0 total=8834
[1371491723.148634] latency=4:5:7:28:83:(21)ms throughput=38rps rr=0.00% cr=0.00% errors=0 total=8872
[1371491724.152619] latency=3:5:9:66:923:(88)ms throughput=30rps rr=13.33% cr=0.00% errors=0 total=8902
[1371491725.156615] latency=3:5:5:9:295:(23)ms throughput=38rps rr=7.89% cr=0.00% errors=0 total=8940
[1371491726.188639] latency=4:5:7:9:25:(8)ms throughput=33rps rr=0.00% cr=0.00% errors=0 total=8974
[1371491727.192609] latency=4:5:11:49:813:(70)ms throughput=32rps rr=6.25% cr=0.00% errors=0 total=9006
[1371491728.196630] latency=3:5:5:8:341:(22)ms throughput=33rps rr=3.03% cr=0.00% errors=0 total=9039
[1371491729.200640] latency=3:5:5:9:25:(7)ms throughput=31rps rr=3.23% cr=0.00% errors=0 total=9070
[1371491730.204676] latency=4:5:6:8:17:(7)ms throughput=37rps rr=0.00% cr=0.00% errors=0 total=9107
[1371491731.208644] latency=4:5:5:8:175:(19)ms throughput=35rps rr=8.57% cr=0.00% errors=0 total=9142
[1371491732.212635] latency=5:5:5:7:8:(6)ms throughput=39rps rr=0.00% cr=0.00% errors=0 total=9181
[1371491733.216637] latency=5:5:5:6:50:(7)ms throughput=38rps rr=2.63% cr=0.00% errors=0 total=9219
[1371491734.220614] latency=3:5:5:6:261:(27)ms throughput=32rps rr=9.38% cr=0.00% errors=0 total=9251
[1371491735.224642] latency=4:5:5:6:157:(15)ms throughput=43rps rr=11.63% cr=0.00% errors=0 total=9294
[1371491736.228630] latency=5:5:5:6:140:(9)ms throughput=43rps rr=2.33% cr=0.00% errors=0 total=9337
[1371491737.232632] latency=5:5:5:6:8:(6)ms throughput=28rps rr=0.00% cr=0.00% errors=0 total=9365
[1371491738.236632] latency=5:5:5:7:164:(13)ms throughput=32rps rr=9.38% cr=0.00% errors=0 total=9397
[1371491739.240641] latency=5:5:5:6:8:(6)ms throughput=24rps rr=0.00% cr=0.00% errors=0 total=9421
[1371491740.244637] latency=5:5:5:6:74:(10)ms throughput=22rps rr=9.09% cr=0.00% errors=0 total=9443
[1371491741.248633] latency=5:5:5:6:203:(19)ms throughput=34rps rr=11.76% cr=0.00% errors=0 total=9477
[1371491742.252633] latency=4:5:6:7:119:(10)ms throughput=35rps rr=5.71% cr=0.00% errors=0 total=9512
[1371491743.256608] latency=5:5:5:8:187:(30)ms throughput=36rps rr=19.44% cr=0.00% errors=0 total=9548
[1371491744.260645] latency=5:5:5:6:181:(16)ms throughput=32rps rr=12.50% cr=0.00% errors=0 total=9580
[1371491745.264689] latency=4:5:5:6:82:(10)ms throughput=31rps rr=6.45% cr=0.00% errors=0 total=9611
[1371491746.268637] latency=3:5:5:6:224:(23)ms throughput=30rps rr=10.00% cr=0.00% errors=0 total=9641
[1371491747.272639] latency=4:5:6:7:90:(10)ms throughput=40rps rr=7.50% cr=0.00% errors=0 total=9681
[1371491748.276620] latency=5:5:5:6:172:(13)ms throughput=43rps rr=4.65% cr=0.00% errors=0 total=9724
[1371491749.280641] latency=5:5:5:7:193:(16)ms throughput=34rps rr=8.82% cr=0.00% errors=0 total=9758
[1371491750.284645] latency=4:5:5:7:141:(15)ms throughput=35rps rr=8.57% cr=0.00% errors=0 total=9793
[1371491751.288636] latency=4:5:5:7:93:(13)ms throughput=35rps rr=11.43% cr=0.00% errors=0 total=9828
[1371491752.292601] latency=4:5:6:8:191:(18)ms throughput=40rps rr=7.50% cr=0.00% errors=0 total=9868
[1371491753.296612] latency=5:5:5:7:177:(17)ms throughput=28rps rr=7.14% cr=0.00% errors=0 total=9896
[1371491754.300642] latency=5:5:5:7:170:(15)ms throughput=36rps rr=13.89% cr=0.00% errors=0 total=9932
[1371491755.304619] latency=4:5:5:6:36:(6)ms throughput=39rps rr=2.56% cr=0.00% errors=0 total=9971
[1371491756.308643] latency=4:5:5:6:171:(14)ms throughput=33rps rr=9.09% cr=0.00% errors=0 total=10004
[1371491757.312605] latency=5:5:5:8:9:(6)ms throughput=32rps rr=0.00% cr=0.00% errors=0 total=10036
[1371491758.316614] latency=5:5:6:7:191:(15)ms throughput=37rps rr=8.11% cr=0.00% errors=0 total=10073
[1371491759.320641] latency=5:5:5:7:175:(22)ms throughput=31rps rr=16.13% cr=0.00% errors=0 total=10104
[1371491760.324607] latency=5:5:6:8:166:(20)ms throughput=31rps rr=22.58% cr=0.00% errors=0 total=10135
[1371491761.328620] latency=4:5:6:15:147:(29)ms throughput=32rps rr=25.00% cr=0.00% errors=0 total=10167
[1371491762.332614] latency=4:5:5:8:180:(24)ms throughput=40rps rr=17.50% cr=0.00% errors=0 total=10207
[1371491763.336605] latency=4:5:7:37:216:(37)ms throughput=31rps rr=29.03% cr=0.00% errors=0 total=10238
[1371491764.340631] latency=4:5:5:8:268:(32)ms throughput=46rps rr=19.57% cr=0.00% errors=0 total=10284
[1371491765.344623] latency=4:5:5:7:153:(29)ms throughput=25rps rr=20.00% cr=0.00% errors=0 total=10309
[1371491766.348736] latency=4:5:5:7:213:(19)ms throughput=45rps rr=11.11% cr=0.00% errors=0 total=10354
[1371491767.352612] latency=4:5:5:6:187:(23)ms throughput=30rps rr=16.67% cr=0.00% errors=0 total=10384
[1371491768.356611] latency=4:5:6:9:202:(27)ms throughput=36rps rr=16.67% cr=0.00% errors=0 total=10420
[1371491769.360610] latency=5:5:6:27:191:(32)ms throughput=28rps rr=25.00% cr=0.00% errors=0 total=10448
[1371491770.364624] latency=3:5:6:14:308:(54)ms throughput=29rps rr=24.14% cr=0.00% errors=0 total=10477
[1371491771.368641] latency=3:5:6:9:239:(30)ms throughput=40rps rr=22.50% cr=0.00% errors=0 total=10517
[1371491772.372611] latency=4:5:6:179:350:(80)ms throughput=25rps rr=28.00% cr=0.00% errors=0 total=10542
[1371491773.376647] latency=4:5:6:29:211:(37)ms throughput=31rps rr=29.03% cr=0.00% errors=0 total=10573
[1371491774.380621] latency=4:5:6:8:157:(26)ms throughput=27rps rr=22.22% cr=0.00% errors=0 total=10600
[1371491775.384627] latency=4:5:5:8:223:(30)ms throughput=35rps rr=20.00% cr=0.00% errors=0 total=10635
[1371491776.388629] latency=4:5:6:9:205:(30)ms throughput=23rps rr=26.09% cr=0.00% errors=0 total=10658
[1371491777.392608] latency=4:5:7:57:214:(37)ms throughput=25rps rr=32.00% cr=0.00% errors=0 total=10683
[1371491778.396610] latency=4:5:5:24:219:(36)ms throughput=30rps rr=26.67% cr=0.00% errors=0 total=10713
[1371491779.400632] latency=5:5:6:6:136:(11)ms throughput=30rps rr=6.67% cr=0.00% errors=0 total=10743
[1371491780.404652] latency=5:5:6:9:196:(25)ms throughput=34rps rr=17.65% cr=0.00% errors=0 total=10777
[1371491781.408608] latency=5:5:6:8:207:(33)ms throughput=40rps rr=27.50% cr=0.00% errors=0 total=10817
[1371491782.412649] latency=4:5:6:23:239:(43)ms throughput=38rps rr=28.95% cr=0.00% errors=0 total=10855
[1371491783.416660] latency=3:5:6:8:286:(41)ms throughput=36rps rr=22.22% cr=0.00% errors=0 total=10891
[1371491784.420642] latency=4:5:6:42:272:(52)ms throughput=39rps rr=25.64% cr=0.00% errors=0 total=10930
[1371491785.424605] latency=3:5:7:35:430:(78)ms throughput=34rps rr=29.41% cr=0.00% errors=0 total=10964
[1371491786.428623] latency=3:5:6:76:256:(46)ms throughput=32rps rr=28.12% cr=0.00% errors=0 total=10996
[1371491787.432609] latency=3:4:5:8:231:(34)ms throughput=50rps rr=20.00% cr=0.00% errors=0 total=11046
[1371491788.436613] latency=3:5:6:16:221:(30)ms throughput=32rps rr=28.12% cr=0.00% errors=0 total=11078
[1371491789.440639] latency=4:5:6:27:261:(46)ms throughput=34rps rr=26.47% cr=0.00% errors=0 total=11112
[1371491790.444611] latency=4:5:6:8:206:(36)ms throughput=35rps rr=22.86% cr=0.00% errors=0 total=11147
[1371491791.448636] latency=4:5:6:32:158:(30)ms throughput=34rps rr=35.29% cr=0.00% errors=0 total=11181
[1371491792.452962] latency=4:5:6:12:208:(35)ms throughput=34rps rr=26.47% cr=0.00% errors=0 total=11215
[1371491793.456613] latency=4:5:6:80:220:(45)ms throughput=35rps rr=37.14% cr=0.00% errors=0 total=11250
[1371491794.460627] latency=4:5:10:151:300:(77)ms throughput=30rps rr=43.33% cr=0.00% errors=0 total=11280
[1371491795.464606] latency=4:5:8:151:587:(110)ms throughput=38rps rr=39.47% cr=0.00% errors=0 total=11318
[1371491796.468654] latency=3:5:5:26:203:(39)ms throughput=41rps rr=31.71% cr=0.00% errors=0 total=11359
[1371491797.472609] latency=4:5:8:171:248:(70)ms throughput=30rps rr=40.00% cr=0.00% errors=0 total=11389
[1371491798.476616] latency=4:5:10:263:541:(136)ms throughput=40rps rr=42.50% cr=0.00% errors=0 total=11429
[1371491799.480631] latency=4:5:8:63:176:(43)ms throughput=29rps rr=37.93% cr=0.00% errors=0 total=11458
[1371491800.484616] latency=4:4:5:80:298:(62)ms throughput=27rps rr=37.04% cr=0.00% errors=0 total=11485
[1371491801.488626] latency=3:5:5:47:287:(53)ms throughput=30rps rr=36.67% cr=0.00% errors=0 total=11515
[1371491802.492620] latency=4:5:15:126:243:(65)ms throughput=37rps rr=48.65% cr=0.00% errors=0 total=11552
[1371491803.496605] latency=3:5:7:115:322:(75)ms throughput=29rps rr=41.38% cr=0.00% errors=0 total=11581
[1371491804.500601] latency=4:5:6:9:212:(33)ms throughput=32rps rr=18.75% cr=0.00% errors=0 total=11613
[1371491805.504620] latency=3:4:8:115:323:(61)ms throughput=45rps rr=37.78% cr=0.00% errors=0 total=11658
[1371491806.508618] latency=4:4:8:50:277:(46)ms throughput=37rps rr=45.95% cr=0.00% errors=0 total=11695
[1371491807.512619] latency=4:5:6:37:281:(38)ms throughput=31rps rr=29.03% cr=0.00% errors=0 total=11726
[1371491808.516606] latency=5:6:9:123:340:(74)ms throughput=27rps rr=44.44% cr=0.00% errors=0 total=11753
[1371491809.520613] latency=4:5:9:168:397:(97)ms throughput=33rps rr=42.42% cr=0.00% errors=0 total=11786
[1371491810.524622] latency=4:6:8:93:264:(59)ms throughput=28rps rr=39.29% cr=0.00% errors=0 total=11814
[1371491811.528624] latency=4:5:6:49:176:(36)ms throughput=29rps rr=34.48% cr=0.00% errors=0 total=11843
[1371491812.532624] latency=4:5:9:138:368:(89)ms throughput=31rps rr=45.16% cr=0.00% errors=0 total=11874
[1371491813.536614] latency=4:5:63:170:368:(102)ms throughput=24rps rr=54.17% cr=0.00% errors=0 total=11898
[1371491814.540638] latency=4:5:65:150:279:(89)ms throughput=23rps rr=56.52% cr=0.00% errors=0 total=11921
[1371491815.544635] latency=4:5:8:98:217:(54)ms throughput=34rps rr=38.24% cr=0.00% errors=0 total=11955
[1371491816.548609] latency=4:5:72:220:421:(128)ms throughput=30rps rr=53.33% cr=0.00% errors=0 total=11985
[1371491817.552630] latency=3:5:10:93:256:(56)ms throughput=41rps rr=43.90% cr=0.00% errors=0 total=12026
[1371491818.556611] latency=4:6:8:128:285:(77)ms throughput=26rps rr=46.15% cr=0.00% errors=0 total=12052
[1371491819.560619] latency=3:6:18:326:693:(155)ms throughput=50rps rr=48.00% cr=0.00% errors=0 total=12102
[1371491820.564632] latency=4:5:6:56:237:(42)ms throughput=33rps rr=33.33% cr=0.00% errors=0 total=12135
[1371491821.568631] latency=3:5:19:120:273:(69)ms throughput=40rps rr=50.00% cr=0.00% errors=0 total=12175
[1371491822.572603] latency=4:8:67:150:217:(82)ms throughput=22rps rr=63.64% cr=0.00% errors=0 total=12197
[1371491823.576639] latency=4:5:8:97:262:(58)ms throughput=35rps rr=42.86% cr=0.00% errors=0 total=12232
[1371491824.600620] latency=4:5:22:102:218:(64)ms throughput=21rps rr=50.00% cr=0.00% errors=0 total=12254
[1371491825.604609] latency=3:4:10:227:474:(118)ms throughput=36rps rr=47.22% cr=0.00% errors=0 total=12290
[1371491826.608605] latency=3:5:22:165:392:(99)ms throughput=36rps rr=52.78% cr=0.00% errors=0 total=12326
[1371491827.612611] latency=4:5:18:103:297:(64)ms throughput=44rps rr=50.00% cr=0.00% errors=0 total=12370
[1371491828.616614] latency=3:5:7:241:357:(94)ms throughput=33rps rr=42.42% cr=0.00% errors=0 total=12403
[1371491829.620607] latency=3:6:13:229:472:(116)ms throughput=36rps rr=50.00% cr=0.00% errors=0 total=12439
[1371491830.624642] latency=3:5:9:187:404:(94)ms throughput=45rps rr=46.67% cr=0.00% errors=0 total=12484
[1371491831.628605] latency=3:5:65:190:326:(103)ms throughput=28rps rr=53.57% cr=0.00% errors=0 total=12512
[1371491832.632684] latency=3:4:8:27:793:(85)ms throughput=27rps rr=25.93% cr=0.00% errors=0 total=12539
[1371491833.636615] latency=4:5:25:59:1491:(303)ms throughput=18rps rr=33.33% cr=0.00% errors=0 total=12557
[1371491834.640620] latency=4:6:30:1119:2493:(606)ms throughput=15rps rr=46.67% cr=0.00% errors=0 total=12572
[1371491835.644619] latency=3:4:5:43:2583:(453)ms throughput=17rps rr=29.41% cr=0.00% errors=0 total=12589
[1371491836.648617] latency=4:6:115:999:4001:(710)ms throughput=24rps rr=45.83% cr=0.00% errors=0 total=12613
[1371491837.652623] latency=4:6:101:2931:5006:(1328)ms throughput=17rps rr=52.94% cr=0.00% errors=0 total=12630
[1371491838.657197] latency=4:4:120:3689:5925:(1548)ms throughput=15rps rr=46.67% cr=0.00% errors=0 total=12645
[1371491839.660620] latency=3:4:31:428:4504:(630)ms throughput=21rps rr=33.33% cr=0.00% errors=0 total=12666
[1371491840.664611] latency=3:19:1228:4221:7105:(2130)ms throughput=13rps rr=53.85% cr=0.00% errors=0 total=12679
[1371491841.668607] latency=3:35:154:1229:7816:(1393)ms throughput=21rps rr=33.33% cr=0.00% errors=0 total=12700
[1371491842.672603] latency=3:6:74:2985:8255:(1791)ms throughput=25rps rr=36.00% cr=0.00% errors=0 total=12725
[1371491843.676619] latency=3:4:17:692:8046:(1608)ms throughput=23rps rr=30.43% cr=0.00% errors=0 total=12748
[1371491844.680611] latency=3:4:20:3957:9897:(2022)ms throughput=28rps rr=32.14% cr=0.00% errors=0 total=12776
[1371491845.700609] latency=3:4:72:5214:9929:(2428)ms throughput=42rps rr=37.21% cr=0.00% errors=0 total=12819
[1371491846.704624] latency=4:5:25:2107:9605:(1675)ms throughput=25rps rr=32.00% cr=0.00% errors=0 total=12844
[1371491847.708620] latency=3:4:18:35:7867:(860)ms throughput=41rps rr=21.95% cr=0.00% errors=0 total=12885
[1371491848.712620] latency=3:4:7:32:3512:(500)ms throughput=33rps rr=18.18% cr=0.00% errors=0 total=12918
[1371491849.716654] latency=3:4:5:959:2595:(475)ms throughput=37rps rr=32.43% cr=0.00% errors=0 total=12955
[1371491850.720637] latency=3:4:5:7:1135:(76)ms throughput=41rps rr=17.07% cr=0.00% errors=0 total=12996
[1371491851.724636] latency=4:5:5:7:117:(10)ms throughput=31rps rr=3.23% cr=0.00% errors=0 total=13027
[1371491852.728607] latency=3:5:5:11:81:(12)ms throughput=26rps rr=7.69% cr=0.00% errors=0 total=13053
[1371491853.732645] latency=3:4:5:10:561:(52)ms throughput=37rps rr=13.51% cr=0.00% errors=0 total=13090
[1371491854.736627] latency=4:5:5:7:16:(6)ms throughput=22rps rr=0.00% cr=0.00% errors=0 total=13112
[1371491855.740619] latency=3:5:6:9:258:(20)ms throughput=49rps rr=8.16% cr=0.00% errors=0 total=13161
[1371491856.744640] latency=3:5:5:7:180:(16)ms throughput=25rps rr=8.00% cr=0.00% errors=0 total=13186
[1371491857.748605] latency=3:4:5:6:345:(27)ms throughput=29rps rr=6.90% cr=0.00% errors=0 total=13215
[1371491858.752619] latency=3:5:5:6:171:(11)ms throughput=31rps rr=6.45% cr=0.00% errors=0 total=13246
[1371491859.756643] latency=3:4:6:11:230:(26)ms throughput=31rps rr=12.90% cr=0.00% errors=0 total=13277
[1371491860.760633] latency=3:5:5:7:484:(49)ms throughput=31rps rr=12.90% cr=0.00% errors=0 total=13308
[1371491861.764620] latency=3:5:5:6:84:(9)ms throughput=29rps rr=3.45% cr=0.00% errors=0 total=13337
[1371491862.768604] latency=3:4:6:8:375:(30)ms throughput=37rps rr=10.81% cr=0.00% errors=0 total=13374
[1371491863.772641] latency=3:5:6:8:404:(23)ms throughput=53rps rr=9.43% cr=0.00% errors=0 total=13427
[1371491864.776595] latency=3:5:6:10:55:(10)ms throughput=27rps rr=7.41% cr=0.00% errors=0 total=13454
[1371491865.780617] latency=4:5:6:7:158:(17)ms throughput=29rps rr=6.90% cr=0.00% errors=0 total=13483
[1371491866.784631] latency=4:5:5:6:12:(6)ms throughput=32rps rr=3.12% cr=0.00% errors=0 total=13515
[1371491867.788629] latency=3:5:6:8:64:(10)ms throughput=29rps rr=10.34% cr=0.00% errors=0 total=13544
[1371491868.792614] latency=3:5:5:10:236:(29)ms throughput=34rps rr=11.76% cr=0.00% errors=0 total=13578
[1371491869.796631] latency=3:4:5:11:366:(41)ms throughput=46rps rr=17.39% cr=0.00% errors=0 total=13624
[1371491870.800628] latency=3:4:6:9:293:(23)ms throughput=40rps rr=7.50% cr=0.00% errors=0 total=13664
[1371491871.804611] latency=3:5:5:14:301:(29)ms throughput=35rps rr=11.43% cr=0.00% errors=0 total=13699
[1371491872.808616] latency=4:5:6:15:437:(38)ms throughput=31rps rr=16.13% cr=0.00% errors=0 total=13730
[1371491873.812640] latency=3:4:6:8:300:(39)ms throughput=27rps rr=22.22% cr=0.00% errors=0 total=13757
[1371491874.816607] latency=3:4:5:6:211:(20)ms throughput=32rps rr=9.38% cr=0.00% errors=0 total=13789
[1371491875.820620] latency=4:5:5:7:74:(10)ms throughput=35rps rr=5.71% cr=0.00% errors=0 total=13824
[1371491876.824601] latency=3:4:5:8:586:(57)ms throughput=32rps rr=12.50% cr=0.00% errors=0 total=13856
[1371491877.828606] latency=3:4:6:10:287:(33)ms throughput=39rps rr=17.95% cr=0.00% errors=0 total=13895
[1371491878.832638] latency=3:5:7:10:38:(10)ms throughput=26rps rr=7.69% cr=0.00% errors=0 total=13921
[1371491879.836619] latency=3:5:7:10:124:(13)ms throughput=34rps rr=5.88% cr=0.00% errors=0 total=13955
[1371491880.840626] latency=3:4:5:8:332:(24)ms throughput=33rps rr=9.09% cr=0.00% errors=0 total=13988
[1371491881.844610] latency=3:4:5:7:352:(36)ms throughput=33rps rr=18.18% cr=0.00% errors=0 total=14021
[1371491882.848600] latency=3:5:5:7:506:(35)ms throughput=39rps rr=10.26% cr=0.00% errors=0 total=14060
[1371491883.852633] latency=3:4:6:11:301:(35)ms throughput=36rps rr=13.89% cr=0.00% errors=0 total=14096
[1371491884.856639] latency=4:5:6:16:164:(19)ms throughput=28rps rr=14.29% cr=0.00% errors=0 total=14124
[1371491885.860617] latency=3:5:6:10:610:(74)ms throughput=37rps rr=16.22% cr=0.00% errors=0 total=14161
[1371491886.864633] latency=3:4:6:16:693:(71)ms throughput=31rps rr=22.58% cr=0.00% errors=0 total=14192
[1371491887.868607] latency=3:5:6:9:171:(20)ms throughput=22rps rr=9.09% cr=0.00% errors=0 total=14214
[1371491888.872607] latency=3:5:6:10:92:(10)ms throughput=36rps rr=5.56% cr=0.00% errors=0 total=14250
[1371491889.876607] latency=3:4:5:13:560:(64)ms throughput=37rps rr=16.22% cr=0.00% errors=0 total=14287
[1371491890.880610] latency=3:5:5:7:31:(7)ms throughput=30rps rr=6.67% cr=0.00% errors=0 total=14317
[1371491891.884610] latency=3:4:5:7:291:(35)ms throughput=33rps rr=15.15% cr=0.00% errors=0 total=14350
[1371491892.888631] latency=3:4:5:7:264:(19)ms throughput=43rps rr=11.63% cr=0.00% errors=0 total=14393
[1371491893.892625] latency=3:4:5:11:222:(30)ms throughput=26rps rr=23.08% cr=0.00% errors=0 total=14419
[1371491894.896616] latency=3:4:5:10:233:(25)ms throughput=39rps rr=20.51% cr=0.00% errors=0 total=14458
[1371491895.900607] latency=3:4:5:103:576:(94)ms throughput=37rps rr=27.03% cr=0.00% errors=0 total=14495
[1371491896.904613] latency=3:5:5:9:176:(18)ms throughput=43rps rr=11.63% cr=0.00% errors=0 total=14538
[1371491897.908612] latency=3:4:5:10:218:(19)ms throughput=39rps rr=7.69% cr=0.00% errors=0 total=14577
[1371491898.912594] latency=3:4:4:13:610:(37)ms throughput=27rps rr=7.41% cr=0.00% errors=0 total=14604
[1371491899.916619] latency=3:4:13:88:1948:(305)ms throughput=31rps rr=29.03% cr=0.00% errors=0 total=14635
[1371491900.920648] latency=3:4:5:431:2166:(360)ms throughput=36rps rr=30.56% cr=0.00% errors=0 total=14671
[1371491901.924640] latency=3:4:5:7:618:(76)ms throughput=37rps rr=16.22% cr=0.00% errors=0 total=14708
[1371491902.928640] latency=3:4:5:7:235:(24)ms throughput=29rps rr=13.79% cr=0.00% errors=0 total=14737
[1371491903.932617] latency=3:4:5:7:270:(22)ms throughput=37rps rr=8.11% cr=0.00% errors=0 total=14774
[1371491904.936623] latency=3:5:5:8:218:(17)ms throughput=28rps rr=14.29% cr=0.00% errors=0 total=14802
[1371491905.940641] latency=3:4:6:12:336:(22)ms throughput=37rps rr=8.11% cr=0.00% errors=0 total=14839
[1371491906.944604] latency=3:5:5:9:179:(20)ms throughput=30rps rr=10.00% cr=0.00% errors=0 total=14869
[1371491907.948600] latency=3:4:5:6:231:(21)ms throughput=33rps rr=9.09% cr=0.00% errors=0 total=14902
[1371491908.952625] latency=3:4:5:10:232:(26)ms throughput=36rps rr=16.67% cr=0.00% errors=0 total=14938
[1371491909.956633] latency=3:5:5:8:78:(14)ms throughput=31rps rr=16.13% cr=0.00% errors=0 total=14969
[1371491910.960620] latency=3:4:5:6:145:(17)ms throughput=28rps rr=14.29% cr=0.00% errors=0 total=14997
[1371491911.964608] latency=3:4:5:7:344:(38)ms throughput=38rps rr=18.42% cr=0.00% errors=0 total=15035
[1371491912.968603] latency=3:4:5:5:139:(14)ms throughput=41rps rr=7.32% cr=0.00% errors=0 total=15076
[1371491913.972672] latency=3:4:5:9:454:(43)ms throughput=38rps rr=15.79% cr=0.00% errors=0 total=15114
[1371491914.976619] latency=3:5:5:8:110:(11)ms throughput=29rps rr=6.90% cr=0.00% errors=0 total=15143
[1371491915.980614] latency=3:4:5:5:175:(16)ms throughput=31rps rr=9.68% cr=0.00% errors=0 total=15174
[1371491916.984622] latency=3:4:5:14:526:(76)ms throughput=33rps rr=21.21% cr=0.00% errors=0 total=15207
[1371491917.988644] latency=3:5:6:10:166:(16)ms throughput=39rps rr=10.26% cr=0.00% errors=0 total=15246
[1371491918.992611] latency=3:4:6:8:164:(15)ms throughput=31rps rr=12.90% cr=0.00% errors=0 total=15277
[1371491919.996641] latency=3:4:5:7:512:(52)ms throughput=34rps rr=11.76% cr=0.00% errors=0 total=15311
[1371491921.000630] latency=3:5:6:12:347:(33)ms throughput=29rps rr=13.79% cr=0.00% errors=0 total=15340
[1371491922.004607] latency=3:5:5:9:196:(18)ms throughput=44rps rr=11.36% cr=0.00% errors=0 total=15384
[1371491923.008615] latency=3:4:5:6:171:(17)ms throughput=34rps rr=8.82% cr=0.00% errors=0 total=15418
[1371491924.012611] latency=3:4:5:10:878:(124)ms throughput=41rps rr=24.39% cr=0.00% errors=0 total=15459
[1371491925.016651] latency=3:4:7:444:1151:(225)ms throughput=33rps rr=30.30% cr=0.00% errors=0 total=15492
[1371491926.020620] latency=3:5:7:10:278:(23)ms throughput=39rps rr=12.82% cr=0.00% errors=0 total=15531
[1371491927.024623] latency=3:5:6:9:138:(13)ms throughput=30rps rr=13.33% cr=0.00% errors=0 total=15561
[1371491928.028624] latency=3:5:6:10:240:(26)ms throughput=34rps rr=8.82% cr=0.00% errors=0 total=15595
[1371491929.032633] latency=3:4:5:11:426:(37)ms throughput=43rps rr=11.63% cr=0.00% errors=0 total=15638
[1371491930.036638] latency=3:5:6:7:30:(7)ms throughput=34rps rr=2.94% cr=0.00% errors=0 total=15672
[1371491931.040612] latency=3:5:5:7:122:(10)ms throughput=32rps rr=9.38% cr=0.00% errors=0 total=15704
[1371491932.044642] latency=3:5:5:8:352:(28)ms throughput=34rps rr=11.76% cr=0.00% errors=0 total=15738
[1371491933.048613] latency=3:5:5:7:202:(32)ms throughput=36rps rr=19.44% cr=0.00% errors=0 total=15774
[1371491934.052627] latency=3:5:5:7:201:(18)ms throughput=35rps rr=11.43% cr=0.00% errors=0 total=15809
[1371491935.056616] latency=4:5:6:8:208:(29)ms throughput=30rps rr=16.67% cr=0.00% errors=0 total=15839
[1371491936.060611] latency=4:5:5:8:186:(18)ms throughput=38rps rr=10.53% cr=0.00% errors=0 total=15877
[1371491937.064646] latency=3:5:5:6:190:(17)ms throughput=28rps rr=10.71% cr=0.00% errors=0 total=15905
[1371491938.068640] latency=3:5:5:6:176:(18)ms throughput=25rps rr=8.00% cr=0.00% errors=0 total=15930
[1371491939.072647] latency=3:5:5:7:184:(18)ms throughput=27rps rr=22.22% cr=0.00% errors=0 total=15957
[1371491940.080663] latency=5:5:6:8:155:(27)ms throughput=28rps rr=17.86% cr=0.00% errors=0 total=15985
[1371491941.084674] latency=5:5:5:6:21:(6)ms throughput=33rps rr=3.03% cr=0.00% errors=0 total=16018
[1371491942.088669] latency=4:5:5:6:156:(20)ms throughput=35rps rr=14.29% cr=0.00% errors=0 total=16053
[1371491943.092670] latency=3:5:5:7:310:(30)ms throughput=38rps rr=13.16% cr=0.00% errors=0 total=16091
[1371491944.096629] latency=4:5:6:10:159:(24)ms throughput=39rps rr=17.95% cr=0.00% errors=0 total=16130
[1371491945.100639] latency=3:5:5:8:200:(27)ms throughput=41rps rr=19.51% cr=0.00% errors=0 total=16171
[1371491946.104628] latency=3:5:6:12:148:(23)ms throughput=38rps rr=21.05% cr=0.00% errors=0 total=16209
[1371491947.108645] latency=4:5:5:9:104:(13)ms throughput=28rps rr=10.71% cr=0.00% errors=0 total=16237
[1371491948.112662] latency=3:4:6:11:275:(50)ms throughput=28rps rr=21.43% cr=0.00% errors=0 total=16265
[1371491949.116640] latency=3:5:5:9:181:(25)ms throughput=36rps rr=13.89% cr=0.00% errors=0 total=16301
[1371491950.120654] latency=4:5:6:8:119:(23)ms throughput=19rps rr=21.05% cr=0.00% errors=0 total=16320
[1371491951.124631] latency=4:5:6:10:173:(24)ms throughput=29rps rr=13.79% cr=0.00% errors=0 total=16349
[1371491952.128659] latency=3:5:7:19:202:(38)ms throughput=41rps rr=24.39% cr=0.00% errors=0 total=16390
[1371491953.132626] latency=3:5:5:6:396:(43)ms throughput=35rps rr=17.14% cr=0.00% errors=0 total=16425
[1371491954.136640] latency=4:5:5:6:242:(33)ms throughput=22rps rr=13.64% cr=0.00% errors=0 total=16447
[1371491955.140631] latency=3:5:8:21:265:(37)ms throughput=40rps rr=22.50% cr=0.00% errors=0 total=16487
[1371491956.144653] latency=4:5:5:6:212:(29)ms throughput=34rps rr=26.47% cr=0.00% errors=0 total=16521
[1371491957.148638] latency=3:5:5:7:189:(26)ms throughput=33rps rr=21.21% cr=0.00% errors=0 total=16554
[1371491958.152657] latency=5:5:5:7:150:(21)ms throughput=25rps rr=16.00% cr=0.00% errors=0 total=16579
[1371491959.156629] latency=4:5:5:7:180:(17)ms throughput=37rps rr=16.22% cr=0.00% errors=0 total=16616
[1371491960.160627] latency=3:4:6:148:512:(82)ms throughput=35rps rr=28.57% cr=0.00% errors=0 total=16651
[1371491961.164632] latency=3:5:6:57:607:(72)ms throughput=31rps rr=32.26% cr=0.00% errors=0 total=16682
[1371491962.168654] latency=3:5:5:10:192:(34)ms throughput=22rps rr=22.73% cr=0.00% errors=0 total=16704
[1371491963.172623] latency=4:5:6:36:195:(34)ms throughput=21rps rr=33.33% cr=0.00% errors=0 total=16725
[1371491964.176628] latency=4:5:6:11:204:(25)ms throughput=36rps rr=16.67% cr=0.00% errors=0 total=16761
[1371491965.180669] latency=4:5:8:96:370:(75)ms throughput=28rps rr=46.43% cr=0.00% errors=0 total=16789
[1371491966.184626] latency=4:5:5:8:167:(23)ms throughput=29rps rr=17.24% cr=0.00% errors=0 total=16818
[1371491967.188630] latency=4:5:6:9:193:(28)ms throughput=27rps rr=22.22% cr=0.00% errors=0 total=16845
[1371491968.192657] latency=4:5:5:9:162:(21)ms throughput=25rps rr=20.00% cr=0.00% errors=0 total=16870
[1371491969.196626] latency=3:4:7:23:465:(68)ms throughput=27rps rr=25.93% cr=0.00% errors=0 total=16897
[1371491970.200667] latency=3:5:13:266:1194:(238)ms throughput=46rps rr=39.13% cr=0.00% errors=0 total=16943
[1371491971.204625] latency=4:5:5:8:137:(23)ms throughput=34rps rr=17.65% cr=0.00% errors=0 total=16977
[1371491972.208643] latency=4:5:7:178:452:(100)ms throughput=32rps rr=37.50% cr=0.00% errors=0 total=17009
[1371491973.212636] latency=4:5:7:9:186:(23)ms throughput=25rps rr=16.00% cr=0.00% errors=0 total=17034
[1371491974.216627] latency=4:4:6:35:366:(77)ms throughput=34rps rr=26.47% cr=0.00% errors=0 total=17068
[1371491975.220659] latency=4:5:5:8:280:(31)ms throughput=31rps rr=19.35% cr=0.00% errors=0 total=17099
[1371491976.224645] latency=3:4:6:12:423:(48)ms throughput=42rps rr=23.81% cr=0.00% errors=0 total=17141
[1371491977.228657] latency=3:4:5:80:276:(55)ms throughput=29rps rr=34.48% cr=0.00% errors=0 total=17170
[1371491978.232627] latency=3:5:6:7:215:(22)ms throughput=32rps rr=12.50% cr=0.00% errors=0 total=17202
[1371491979.236630] latency=4:5:7:23:187:(37)ms throughput=32rps rr=25.00% cr=0.00% errors=0 total=17234
[1371491980.240626] latency=3:5:6:132:348:(78)ms throughput=33rps rr=36.36% cr=0.00% errors=0 total=17267
[1371491981.244641] latency=4:5:5:6:307:(38)ms throughput=29rps rr=20.69% cr=0.00% errors=0 total=17296
[1371491982.248637] latency=4:5:7:107:267:(57)ms throughput=28rps rr=32.14% cr=0.00% errors=0 total=17324
[1371491983.252667] latency=4:5:8:65:205:(44)ms throughput=33rps rr=30.30% cr=0.00% errors=0 total=17357
[1371491984.256626] latency=3:5:6:8:258:(35)ms throughput=39rps rr=20.51% cr=0.00% errors=0 total=17396
[1371491985.260622] latency=4:5:5:7:168:(24)ms throughput=29rps rr=24.14% cr=0.00% errors=0 total=17425
[1371491986.264639] latency=3:5:6:13:184:(31)ms throughput=36rps rr=25.00% cr=0.00% errors=0 total=17461
[1371491987.268634] latency=3:5:8:101:450:(79)ms throughput=33rps rr=39.39% cr=0.00% errors=0 total=17494
[1371491988.272633] latency=3:5:5:20:399:(45)ms throughput=31rps rr=35.48% cr=0.00% errors=0 total=17525
[1371491989.276631] latency=4:5:5:9:228:(41)ms throughput=28rps rr=21.43% cr=0.00% errors=0 total=17553
[1371491990.280629] latency=3:5:12:173:673:(125)ms throughput=39rps rr=41.03% cr=0.00% errors=0 total=17592
[1371491991.284643] latency=3:5:7:80:254:(53)ms throughput=31rps rr=32.26% cr=0.00% errors=0 total=17623
[1371491992.288631] latency=3:4:7:129:292:(62)ms throughput=33rps rr=30.30% cr=0.00% errors=0 total=17656
[1371491993.292656] latency=3:4:76:471:755:(226)ms throughput=28rps rr=53.57% cr=0.00% errors=0 total=17684
[1371491994.296633] latency=3:4:6:28:343:(55)ms throughput=32rps rr=21.88% cr=0.00% errors=0 total=17716
[1371491995.300635] latency=4:5:7:23:186:(33)ms throughput=30rps rr=30.00% cr=0.00% errors=0 total=17746
[1371491996.304640] latency=3:5:6:42:267:(40)ms throughput=33rps rr=36.36% cr=0.00% errors=0 total=17779
[1371491997.308630] latency=3:5:7:78:455:(73)ms throughput=41rps rr=31.71% cr=0.00% errors=0 total=17820
[1371491998.312627] latency=3:4:5:131:319:(69)ms throughput=30rps rr=33.33% cr=0.00% errors=0 total=17850
[1371491999.316639] latency=3:4:9:347:880:(194)ms throughput=40rps rr=47.50% cr=0.00% errors=0 total=17890
[1371492000.320656] latency=4:5:55:235:577:(137)ms throughput=24rps rr=54.17% cr=0.00% errors=0 total=17914
[1371492001.324639] latency=4:5:5:33:183:(24)ms throughput=25rps rr=28.00% cr=0.00% errors=0 total=17939
[1371492002.328627] latency=3:4:6:111:415:(77)ms throughput=41rps rr=34.15% cr=0.00% errors=0 total=17980
[1371492003.332647] latency=4:5:6:51:363:(55)ms throughput=33rps rr=30.30% cr=0.00% errors=0 total=18013
[1371492004.336625] latency=4:4:8:195:604:(124)ms throughput=35rps rr=42.86% cr=0.00% errors=0 total=18048
[1371492005.340627] latency=4:5:5:91:313:(51)ms throughput=32rps rr=37.50% cr=0.00% errors=0 total=18080
[1371492006.344644] latency=3:4:6:45:450:(48)ms throughput=35rps rr=28.57% cr=0.00% errors=0 total=18115
[1371492007.348625] latency=4:5:8:102:538:(91)ms throughput=37rps rr=45.95% cr=0.00% errors=0 total=18152
[1371492008.352630] latency=3:4:9:103:435:(69)ms throughput=41rps rr=31.71% cr=0.00% errors=0 total=18193
[1371492009.356639] latency=3:4:7:47:499:(60)ms throughput=42rps rr=30.95% cr=0.00% errors=0 total=18235
[1371492010.360639] latency=3:5:6:24:561:(73)ms throughput=30rps rr=26.67% cr=0.00% errors=0 total=18265
[1371492011.364646] latency=3:4:5:127:516:(73)ms throughput=30rps rr=30.00% cr=0.00% errors=0 total=18295
[1371492012.368640] latency=4:5:55:192:606:(126)ms throughput=28rps rr=53.57% cr=0.00% errors=0 total=18323
[1371492013.372628] latency=3:5:5:103:285:(60)ms throughput=27rps rr=33.33% cr=0.00% errors=0 total=18350
[1371492014.376636] latency=3:4:13:120:326:(71)ms throughput=31rps rr=41.94% cr=0.00% errors=0 total=18381
[1371492015.380667] latency=4:4:6:165:334:(86)ms throughput=27rps rr=40.74% cr=0.00% errors=0 total=18408
[1371492016.384629] latency=3:5:10:238:819:(144)ms throughput=29rps rr=34.48% cr=0.00% errors=0 total=18437
[1371492017.388641] latency=3:4:13:759:1307:(348)ms throughput=35rps rr=42.86% cr=0.00% errors=0 total=18472
[1371492018.392637] latency=4:5:8:130:574:(95)ms throughput=33rps rr=36.36% cr=0.00% errors=0 total=18505
[1371492019.396626] latency=4:5:6:198:276:(82)ms throughput=26rps rr=38.46% cr=0.00% errors=0 total=18531
[1371492020.400624] latency=3:4:6:120:303:(68)ms throughput=34rps rr=41.18% cr=0.00% errors=0 total=18565
[1371492021.404642] latency=4:5:6:10:291:(40)ms throughput=28rps rr=21.43% cr=0.00% errors=0 total=18593
[1371492022.408635] latency=3:5:6:99:395:(76)ms throughput=31rps rr=38.71% cr=0.00% errors=0 total=18624
[1371492023.412629] latency=3:5:6:21:503:(80)ms throughput=33rps rr=24.24% cr=0.00% errors=0 total=18657
[1371492024.416624] latency=4:5:6:8:192:(24)ms throughput=30rps rr=26.67% cr=0.00% errors=0 total=18687
[1371492025.420639] latency=4:5:6:21:188:(34)ms throughput=31rps rr=29.03% cr=0.00% errors=0 total=18718
[1371492026.424638] latency=4:5:13:352:645:(163)ms throughput=27rps rr=44.44% cr=0.00% errors=0 total=18745
[1371492027.428627] latency=3:5:6:193:477:(98)ms throughput=27rps rr=33.33% cr=0.00% errors=0 total=18772
[1371492028.432625] latency=4:5:5:8:256:(20)ms throughput=35rps rr=11.43% cr=0.00% errors=0 total=18807
[1371492029.436631] latency=4:6:17:96:316:(67)ms throughput=26rps rr=38.46% cr=0.00% errors=0 total=18833
[1371492030.440627] latency=3:4:5:174:531:(115)ms throughput=37rps rr=37.84% cr=0.00% errors=0 total=18870
[1371492031.444628] latency=3:4:22:189:557:(111)ms throughput=30rps rr=50.00% cr=0.00% errors=0 total=18900
[1371492032.448669] latency=3:5:5:46:295:(48)ms throughput=32rps rr=31.25% cr=0.00% errors=0 total=18932
[1371492033.452653] latency=4:6:10:140:377:(74)ms throughput=34rps rr=32.35% cr=0.00% errors=0 total=18966
[1371492034.456657] latency=3:15:93:181:721:(133)ms throughput=26rps rr=7.69% cr=0.00% errors=0 total=18992
[1371492035.460654] latency=5:43:212:347:1260:(257)ms throughput=19rps rr=10.53% cr=0.00% errors=0 total=19011
[1371492036.464662] latency=3:32:141:291:2875:(480)ms throughput=21rps rr=14.29% cr=0.00% errors=0 total=19032
[1371492037.468644] latency=5:75:161:436:1459:(298)ms throughput=16rps rr=6.25% cr=0.00% errors=0 total=19048
[1371492038.472657] latency=3:184:318:478:795:(347)ms throughput=17rps rr=0.00% cr=0.00% errors=0 total=19065
[1371492039.476623] latency=4:163:399:571:4002:(674)ms throughput=14rps rr=14.29% cr=0.00% errors=0 total=19079
[1371492040.480623] latency=5:38:172:392:6302:(912)ms throughput=15rps rr=13.33% cr=0.00% errors=0 total=19094
[1371492041.484666] latency=26:241:310:5166:7518:(2373)ms throughput=12rps rr=41.67% cr=0.00% errors=0 total=19106
[1371492042.488636] latency=10:33:58:128:7711:(609)ms throughput=15rps rr=20.00% cr=0.00% errors=0 total=19121
[1371492043.492669] latency=8:315:520:1562:3454:(1032)ms throughput=8rps rr=0.00% cr=0.00% errors=0 total=19129
[1371492044.496631] latency=4:102:475:1275:10042:(1164)ms throughput=30rps rr=13.33% cr=0.00% errors=0 total=19159
[1371492045.500667] latency=8:105:254:400:10706:(1053)ms throughput=13rps rr=7.69% cr=0.00% errors=0 total=19172
[1371492046.504635] latency=5:149:353:423:12215:(1391)ms throughput=16rps rr=12.50% cr=0.00% errors=0 total=19188
[1371492047.508664] latency=4:145:290:493:10917:(1451)ms throughput=12rps rr=8.33% cr=0.00% errors=0 total=19200
[1371492048.512662] latency=3:26:352:516:924:(366)ms throughput=17rps rr=0.00% cr=0.00% errors=0 total=19217
[1371492049.516636] latency=20:470:559:1412:15914:(1978)ms throughput=12rps rr=8.33% cr=0.00% errors=0 total=19229
[1371492050.520667] latency=245:444:554:817:15700:(1798)ms throughput=13rps rr=7.69% cr=0.00% errors=0 total=19242
[1371492051.524663] latency=12:102:296:653:8804:(828)ms throughput=20rps rr=5.00% cr=0.00% errors=0 total=19262
[1371492052.528634] latency=5:134:263:397:10507:(1283)ms throughput=14rps rr=14.29% cr=0.00% errors=0 total=19276
[1371492053.532665] latency=4:135:570:682:19608:(1478)ms throughput=19rps rr=5.26% cr=0.00% errors=0 total=19295
[1371492054.536672] latency=165:451:750:1302:19880:(3891)ms throughput=10rps rr=20.00% cr=0.00% errors=0 total=19305
[1371492055.540634] latency=352:605:1289:16871:19983:(6579)ms throughput=10rps rr=40.00% cr=0.00% errors=0 total=19315
[1371492056.544628] latency=4:400:706:1160:1844:(793)ms throughput=25rps rr=0.00% cr=0.00% errors=0 total=19340
[1371492057.548624] latency=5:61:109:296:24083:(1375)ms throughput=20rps rr=5.00% cr=0.00% errors=0 total=19360
[1371492058.552666] latency=4:36:245:553:23643:(3015)ms throughput=20rps rr=15.00% cr=0.00% errors=0 total=19380
[1371492059.556665] latency=3:30:111:2131:23851:(5327)ms throughput=21rps rr=23.81% cr=0.00% errors=0 total=19401
[1371492060.560623] latency=4:379:682:995:24764:(3679)ms throughput=26rps rr=15.38% cr=0.00% errors=0 total=19427
[1371492061.564650] latency=3:41:143:334:17157:(2389)ms throughput=21rps rr=14.29% cr=0.00% errors=0 total=19448
[1371492062.568667] latency=3:7:131:20350:28498:(7629)ms throughput=23rps rr=30.43% cr=0.00% errors=0 total=19471
[1371492063.572665] latency=4:53:135:254:26520:(3371)ms throughput=29rps rr=13.79% cr=0.00% errors=0 total=19500
[1371492064.576633] latency=5:30:80:205:28246:(4384)ms throughput=35rps rr=17.14% cr=0.00% errors=0 total=19535
[1371492065.580669] latency=4:21:43:117:31785:(2849)ms throughput=23rps rr=13.04% cr=0.00% errors=0 total=19558
[1371492066.584639] latency=4:24:73:201:32035:(1809)ms throughput=30rps rr=10.00% cr=0.00% errors=0 total=19588
[1371492067.588622] latency=3:9:36:82:18763:(1756)ms throughput=21rps rr=9.52% cr=0.00% errors=0 total=19609
[1371492068.592664] latency=3:13:71:153:26419:(2645)ms throughput=45rps rr=13.33% cr=0.00% errors=0 total=19654
[1371492069.596666] latency=4:19:53:91:14892:(779)ms throughput=36rps rr=8.33% cr=0.00% errors=0 total=19690
[1371492070.600642] latency=3:39:56:86:12348:(911)ms throughput=38rps rr=18.42% cr=0.00% errors=0 total=19728
[1371492071.604602] latency=4:5:5:8:4750:(135)ms throughput=37rps rr=2.70% cr=0.00% errors=0 total=19765
[1371492072.608632] latency=5:5:5:7:12:(6)ms throughput=35rps rr=0.00% cr=0.00% errors=0 total=19800
[1371492073.612667] latency=3:5:5:8:27:(8)ms throughput=33rps rr=0.00% cr=0.00% errors=0 total=19833
[1371492074.616669] latency=4:5:6:10:509:(32)ms throughput=26rps rr=3.85% cr=0.00% errors=0 total=19859
[1371492075.620668] latency=5:5:5:7:12:(6)ms throughput=42rps rr=0.00% cr=0.00% errors=0 total=19901
[1371492076.624629] latency=5:5:5:6:10:(6)ms throughput=40rps rr=0.00% cr=0.00% errors=0 total=19941
[1371492077.628667] latency=5:5:5:6:10:(6)ms throughput=26rps rr=0.00% cr=0.00% errors=0 total=19967
[1371492078.632645] latency=5:5:6:7:15:(7)ms throughput=22rps rr=0.00% cr=0.00% errors=0 total=19989
[1371492079.636665] latency=4:5:5:7:188:(13)ms throughput=33rps rr=3.03% cr=0.00% errors=0 total=20022
[1371492080.640633] latency=3:5:7:45:438:(40)ms throughput=28rps rr=7.14% cr=0.00% errors=0 total=20050
[1371492081.644627] latency=5:5:5:7:11:(6)ms throughput=32rps rr=0.00% cr=0.00% errors=0 total=20082
[1371492082.648633] latency=5:5:6:7:13:(7)ms throughput=34rps rr=0.00% cr=0.00% errors=0 total=20116
[1371492083.652663] latency=4:5:5:7:20:(7)ms throughput=34rps rr=2.94% cr=0.00% errors=0 total=20150
[1371492084.656665] latency=5:5:5:7:9:(6)ms throughput=30rps rr=0.00% cr=0.00% errors=0 total=20180
[1371492085.660667] latency=5:5:6:7:17:(6)ms throughput=38rps rr=0.00% cr=0.00% errors=0 total=20218
[1371492086.664637] latency=5:5:5:7:12:(6)ms throughput=27rps rr=0.00% cr=0.00% errors=0 total=20245
[1371492087.668669] latency=3:5:6:54:478:(45)ms throughput=28rps rr=3.57% cr=0.00% errors=0 total=20273
[1371492088.672667] latency=5:5:6:9:20:(7)ms throughput=31rps rr=0.00% cr=0.00% errors=0 total=20304
[1371492089.676666] latency=4:5:5:8:19:(7)ms throughput=31rps rr=0.00% cr=0.00% errors=0 total=20335
[1371492090.680662] latency=3:5:5:10:335:(25)ms throughput=38rps rr=2.63% cr=0.00% errors=0 total=20373
[1371492091.684636] latency=4:5:8:18:231:(24)ms throughput=32rps rr=3.12% cr=0.00% errors=0 total=20405
[1371492092.688665] latency=3:5:7:9:71:(9)ms throughput=33rps rr=3.03% cr=0.00% errors=0 total=20438
[1371492093.692663] latency=3:5:8:38:859:(56)ms throughput=30rps rr=3.33% cr=0.00% errors=0 total=20468
[1371492094.696666] latency=4:5:6:12:788:(39)ms throughput=28rps rr=3.57% cr=0.00% errors=0 total=20496
[1371492095.700639] latency=3:5:5:6:452:(28)ms throughput=30rps rr=10.00% cr=0.00% errors=0 total=20526
[1371492096.704664] latency=5:5:5:8:12:(7)ms throughput=34rps rr=2.94% cr=0.00% errors=0 total=20560
[1371492097.708670] latency=5:5:7:10:18:(8)ms throughput=44rps rr=0.00% cr=0.00% errors=0 total=20604
[1371492098.712627] latency=4:5:9:50:180:(27)ms throughput=40rps rr=0.00% cr=0.00% errors=0 total=20644
[1371492099.716637] latency=3:11:33:76:1538:(219)ms throughput=34rps rr=14.71% cr=0.00% errors=0 total=20678
[1371492100.720631] latency=4:5:6:8:15:(7)ms throughput=40rps rr=0.00% cr=0.00% errors=0 total=20718
[1371492101.724634] latency=3:5:5:7:20:(7)ms throughput=32rps rr=0.00% cr=0.00% errors=0 total=20750
[1371492102.728641] latency=3:5:7:12:469:(25)ms throughput=40rps rr=5.00% cr=0.00% errors=0 total=20790
[1371492103.732639] latency=3:5:6:10:343:(21)ms throughput=37rps rr=2.70% cr=0.00% errors=0 total=20827
[1371492104.736663] latency=4:5:7:11:246:(19)ms throughput=35rps rr=8.57% cr=0.00% errors=0 total=20862
[1371492105.740634] latency=3:4:5:30:731:(52)ms throughput=37rps rr=5.41% cr=0.00% errors=0 total=20899
[1371492106.744663] latency=5:5:5:7:12:(6)ms throughput=26rps rr=0.00% cr=0.00% errors=0 total=20925
[1371492107.748668] latency=3:5:6:10:356:(24)ms throughput=25rps rr=4.00% cr=0.00% errors=0 total=20950
[1371492108.752663] latency=3:5:7:37:573:(51)ms throughput=33rps rr=6.06% cr=0.00% errors=0 total=20983
[1371492109.756638] latency=3:5:5:8:97:(10)ms throughput=40rps rr=2.50% cr=0.00% errors=0 total=21023
[1371492110.760667] latency=4:5:5:6:62:(8)ms throughput=29rps rr=3.45% cr=0.00% errors=0 total=21052
[1371492111.764665] latency=3:5:5:28:124:(25)ms throughput=23rps rr=0.00% cr=0.00% errors=0 total=21075
[1371492112.768666] latency=4:5:8:46:448:(47)ms throughput=28rps rr=10.71% cr=0.00% errors=0 total=21103
[1371492113.772664] latency=3:5:6:7:12:(6)ms throughput=31rps rr=3.23% cr=0.00% errors=0 total=21134
[1371492114.776661] latency=3:7:35:83:568:(66)ms throughput=40rps rr=5.00% cr=0.00% errors=0 total=21174
[1371492115.780660] latency=5:5:5:7:19:(6)ms throughput=35rps rr=0.00% cr=0.00% errors=0 total=21209
[1371492116.784634] latency=4:5:5:8:87:(17)ms throughput=31rps rr=0.00% cr=0.00% errors=0 total=21240
[1371492117.788634] latency=3:5:12:68:776:(68)ms throughput=40rps rr=7.50% cr=0.00% errors=0 total=21280
[1371492118.792665] latency=3:5:5:10:331:(18)ms throughput=41rps rr=2.44% cr=0.00% errors=0 total=21321
[1371492119.796622] latency=4:5:7:18:313:(24)ms throughput=35rps rr=2.86% cr=0.00% errors=0 total=21356
[1371492120.800662] latency=3:5:5:11:234:(21)ms throughput=42rps rr=4.76% cr=0.00% errors=0 total=21398
[1371492121.804665] latency=5:5:6:7:11:(6)ms throughput=32rps rr=0.00% cr=0.00% errors=0 total=21430
[1371492122.808665] latency=5:5:6:7:19:(7)ms throughput=25rps rr=0.00% cr=0.00% errors=0 total=21455
[1371492123.812664] latency=5:5:5:6:15:(7)ms throughput=29rps rr=0.00% cr=0.00% errors=0 total=21484
[1371492124.816627] latency=4:5:7:9:89:(11)ms throughput=36rps rr=5.56% cr=0.00% errors=0 total=21520
[1371492125.820661] latency=3:5:7:11:247:(18)ms throughput=32rps rr=3.12% cr=0.00% errors=0 total=21552
[1371492126.824626] latency=4:5:5:7:12:(6)ms throughput=35rps rr=2.86% cr=0.00% errors=0 total=21587
[1371492127.828665] latency=3:5:9:18:402:(33)ms throughput=35rps rr=5.71% cr=0.00% errors=0 total=21622
[1371492128.832636] latency=3:5:7:7:102:(12)ms throughput=24rps rr=4.17% cr=0.00% errors=0 total=21646
[1371492129.836654] latency=3:5:7:49:284:(34)ms throughput=35rps rr=5.71% cr=0.00% errors=0 total=21681
[1371492130.840665] latency=5:5:5:8:25:(8)ms throughput=26rps rr=3.85% cr=0.00% errors=0 total=21707
[1371492131.844672] latency=4:5:5:7:71:(8)ms throughput=34rps rr=2.94% cr=0.00% errors=0 total=21741
[1371492132.848661] latency=5:5:5:6:8:(6)ms throughput=23rps rr=0.00% cr=0.00% errors=0 total=21764
[1371492133.852653] latency=4:6:39:73:652:(85)ms throughput=28rps rr=10.71% cr=0.00% errors=0 total=21792
[1371492134.856634] latency=4:5:5:8:120:(14)ms throughput=28rps rr=7.14% cr=0.00% errors=0 total=21820
[1371492135.860662] latency=4:5:5:6:8:(6)ms throughput=45rps rr=0.00% cr=0.00% errors=0 total=21865
[1371492136.864642] latency=5:5:5:6:149:(12)ms throughput=21rps rr=4.76% cr=0.00% errors=0 total=21886
[1371492137.868670] latency=4:5:5:6:91:(8)ms throughput=31rps rr=3.23% cr=0.00% errors=0 total=21917
[1371492138.872640] latency=5:5:5:6:76:(7)ms throughput=40rps rr=2.50% cr=0.00% errors=0 total=21957
[1371492139.876665] latency=4:5:5:5:8:(5)ms throughput=41rps rr=0.00% cr=0.00% errors=0 total=21998
[1371492140.880653] latency=5:5:6:8:86:(11)ms throughput=26rps rr=7.69% cr=0.00% errors=0 total=22024
[1371492141.884665] latency=5:5:5:6:53:(7)ms throughput=39rps rr=2.56% cr=0.00% errors=0 total=22063
[1371492142.888633] latency=5:5:5:5:8:(5)ms throughput=25rps rr=0.00% cr=0.00% errors=0 total=22088
[1371492143.892665] latency=4:5:5:6:158:(13)ms throughput=31rps rr=6.45% cr=0.00% errors=0 total=22119
[1371492144.896663] latency=5:5:6:7:162:(15)ms throughput=35rps rr=8.57% cr=0.00% errors=0 total=22154
[1371492145.900669] latency=4:5:5:6:97:(7)ms throughput=43rps rr=2.33% cr=0.00% errors=0 total=22197
[1371492146.904626] latency=5:5:5:7:8:(6)ms throughput=27rps rr=0.00% cr=0.00% errors=0 total=22224
[1371492147.908668] latency=5:5:5:6:153:(11)ms throughput=33rps rr=6.06% cr=0.00% errors=0 total=22257
[1371492148.912802] latency=4:5:5:6:9:(6)ms throughput=35rps rr=0.00% cr=0.00% errors=0 total=22292
[1371492149.916636] latency=5:5:6:8:147:(18)ms throughput=28rps rr=10.71% cr=0.00% errors=0 total=22320
[1371492150.920659] latency=4:5:5:5:109:(12)ms throughput=32rps rr=6.25% cr=0.00% errors=0 total=22352
[1371492151.924662] latency=5:5:5:6:130:(9)ms throughput=38rps rr=2.63% cr=0.00% errors=0 total=22390
[1371492152.928637] latency=5:5:5:6:8:(6)ms throughput=30rps rr=0.00% cr=0.00% errors=0 total=22420
[1371492153.932667] latency=5:5:5:8:173:(28)ms throughput=28rps rr=21.43% cr=0.00% errors=0 total=22448
[1371492154.936634] latency=5:5:5:6:191:(16)ms throughput=41rps rr=7.32% cr=0.00% errors=0 total=22489
[1371492155.940660] latency=4:5:5:7:156:(14)ms throughput=29rps rr=6.90% cr=0.00% errors=0 total=22518
[1371492156.944676] latency=5:5:5:6:148:(13)ms throughput=35rps rr=8.57% cr=0.00% errors=0 total=22553
[1371492157.948667] latency=5:5:5:7:8:(6)ms throughput=31rps rr=0.00% cr=0.00% errors=0 total=22584
[1371492158.952663] latency=4:5:5:7:83:(10)ms throughput=32rps rr=9.38% cr=0.00% errors=0 total=22616
[1371492159.956639] latency=4:5:5:6:46:(8)ms throughput=28rps rr=7.14% cr=0.00% errors=0 total=22644
[1371492160.960636] latency=5:5:5:5:102:(9)ms throughput=29rps rr=3.45% cr=0.00% errors=0 total=22673
[1371492161.964665] latency=5:5:6:8:193:(25)ms throughput=42rps rr=14.29% cr=0.00% errors=0 total=22715
[1371492162.968639] latency=5:5:6:7:177:(11)ms throughput=32rps rr=3.12% cr=0.00% errors=0 total=22747
[1371492163.972636] latency=4:5:5:6:167:(23)ms throughput=36rps rr=16.67% cr=0.00% errors=0 total=22783
[1371492164.976662] latency=5:5:5:6:174:(15)ms throughput=31rps rr=6.45% cr=0.00% errors=0 total=22814
[1371492165.980667] latency=5:5:5:8:117:(17)ms throughput=32rps rr=15.62% cr=0.00% errors=0 total=22846
[1371492166.984653] latency=4:5:7:25:251:(41)ms throughput=37rps rr=29.73% cr=0.00% errors=0 total=22883
[1371492167.988639] latency=5:5:5:8:163:(18)ms throughput=37rps rr=16.22% cr=0.00% errors=0 total=22920
[1371492168.992662] latency=4:5:5:8:218:(35)ms throughput=35rps rr=20.00% cr=0.00% errors=0 total=22955
[1371492169.996636] latency=5:5:5:6:173:(19)ms throughput=25rps rr=16.00% cr=0.00% errors=0 total=22980
[1371492171.000628] latency=5:5:5:7:170:(21)ms throughput=24rps rr=12.50% cr=0.00% errors=0 total=23004
[1371492172.004642] latency=5:5:5:7:147:(15)ms throughput=35rps rr=8.57% cr=0.00% errors=0 total=23039
[1371492173.008638] latency=5:5:5:8:207:(36)ms throughput=28rps rr=17.86% cr=0.00% errors=0 total=23067
[1371492174.012670] latency=5:5:6:8:213:(31)ms throughput=31rps rr=16.13% cr=0.00% errors=0 total=23098
[1371492175.016642] latency=3:5:5:15:237:(32)ms throughput=31rps rr=25.81% cr=0.00% errors=0 total=23129
[1371492176.020640] latency=4:5:8:120:353:(75)ms throughput=30rps rr=40.00% cr=0.00% errors=0 total=23159
[1371492177.024647] latency=4:5:5:6:211:(22)ms throughput=39rps rr=12.82% cr=0.00% errors=0 total=23198
[1371492178.028636] latency=5:5:6:8:146:(27)ms throughput=37rps rr=24.32% cr=0.00% errors=0 total=23235
[1371492179.032632] latency=5:5:6:7:180:(18)ms throughput=31rps rr=16.13% cr=0.00% errors=0 total=23266
[1371492180.036639] latency=5:5:5:7:121:(19)ms throughput=32rps rr=15.62% cr=0.00% errors=0 total=23298
[1371492181.040657] latency=4:5:5:8:183:(31)ms throughput=31rps rr=29.03% cr=0.00% errors=0 total=23329
[1371492182.044670] latency=4:5:5:6:171:(20)ms throughput=36rps rr=16.67% cr=0.00% errors=0 total=23365
[1371492183.048628] latency=5:5:5:8:213:(33)ms throughput=32rps rr=21.88% cr=0.00% errors=0 total=23397
[1371492184.052645] latency=4:5:6:8:209:(22)ms throughput=37rps rr=16.22% cr=0.00% errors=0 total=23434
[1371492185.056653] latency=5:5:5:8:239:(39)ms throughput=33rps rr=21.21% cr=0.00% errors=0 total=23467
[1371492186.060657] latency=4:5:6:60:213:(47)ms throughput=34rps rr=32.35% cr=0.00% errors=0 total=23501
[1371492187.064674] latency=4:5:5:29:238:(36)ms throughput=40rps rr=25.00% cr=0.00% errors=0 total=23541
[1371492188.068671] latency=5:5:5:36:208:(38)ms throughput=32rps rr=25.00% cr=0.00% errors=0 total=23573
[1371492189.072659] latency=5:5:6:8:174:(30)ms throughput=25rps rr=24.00% cr=0.00% errors=0 total=23598
[1371492190.076635] latency=5:5:6:48:239:(45)ms throughput=35rps rr=40.00% cr=0.00% errors=0 total=23633
[1371492191.080632] latency=5:5:6:47:193:(38)ms throughput=39rps rr=25.64% cr=0.00% errors=0 total=23672
[1371492192.084636] latency=4:5:6:72:183:(44)ms throughput=36rps rr=38.89% cr=0.00% errors=0 total=23708
[1371492193.088671] latency=4:5:7:76:192:(45)ms throughput=28rps rr=32.14% cr=0.00% errors=0 total=23736
[1371492194.092621] latency=4:5:6:46:227:(44)ms throughput=29rps rr=34.48% cr=0.00% errors=0 total=23765
[1371492195.096638] latency=4:5:6:91:228:(52)ms throughput=39rps rr=35.90% cr=0.00% errors=0 total=23804
[1371492196.100668] latency=5:5:8:112:219:(54)ms throughput=34rps rr=41.18% cr=0.00% errors=0 total=23838
[1371492197.104650] latency=4:5:6:92:262:(55)ms throughput=33rps rr=36.36% cr=0.00% errors=0 total=23871
[1371492198.108628] latency=3:5:7:175:283:(82)ms throughput=31rps rr=54.84% cr=0.00% errors=0 total=23902
[1371492199.112687] latency=4:5:24:147:371:(91)ms throughput=34rps rr=58.82% cr=0.00% errors=0 total=23936
[1371492200.116620] latency=4:5:8:89:204:(55)ms throughput=31rps rr=41.94% cr=0.00% errors=0 total=23967
[1371492201.120626] latency=4:5:6:80:255:(51)ms throughput=33rps rr=51.52% cr=0.00% errors=0 total=24000
[1371492202.124626] latency=4:5:7:112:290:(66)ms throughput=42rps rr=42.86% cr=0.00% errors=0 total=24042
[1371492203.128638] latency=4:5:8:182:278:(85)ms throughput=33rps rr=45.45% cr=0.00% errors=0 total=24075
[1371492204.132628] latency=4:5:8:135:221:(73)ms throughput=21rps rr=47.62% cr=0.00% errors=0 total=24096
[1371492205.136631] latency=3:7:24:265:669:(158)ms throughput=41rps rr=48.78% cr=0.00% errors=0 total=24137
[1371492206.140628] latency=4:5:10:98:273:(63)ms throughput=38rps rr=55.26% cr=0.00% errors=0 total=24175
[1371492207.144632] latency=5:5:76:214:339:(121)ms throughput=26rps rr=57.69% cr=0.00% errors=0 total=24201
[1371492208.148627] latency=4:5:42:146:357:(77)ms throughput=36rps rr=52.78% cr=0.00% errors=0 total=24237
[1371492209.152628] latency=4:5:16:135:257:(72)ms throughput=42rps rr=52.38% cr=0.00% errors=0 total=24279
[1371492210.156626] latency=5:5:15:87:215:(54)ms throughput=20rps rr=55.00% cr=0.00% errors=0 total=24299
[1371492211.160627] latency=4:6:16:148:265:(81)ms throughput=25rps rr=52.00% cr=0.00% errors=0 total=24324
[1371492212.164635] latency=5:6:38:120:259:(74)ms throughput=22rps rr=59.09% cr=0.00% errors=0 total=24346
[1371492213.168660] latency=3:5:40:205:419:(99)ms throughput=40rps rr=52.50% cr=0.00% errors=0 total=24386
[1371492214.172635] latency=4:5:6:74:256:(50)ms throughput=38rps rr=39.47% cr=0.00% errors=0 total=24424
[1371492215.176627] latency=4:5:7:127:279:(60)ms throughput=40rps rr=45.00% cr=0.00% errors=0 total=24464
[1371492216.180621] latency=4:6:23:101:364:(74)ms throughput=30rps rr=46.67% cr=0.00% errors=0 total=24494
[1371492217.184664] latency=3:6:113:308:646:(180)ms throughput=38rps rr=60.53% cr=0.00% errors=0 total=24532
[1371492218.188628] latency=5:5:9:126:233:(59)ms throughput=37rps rr=45.95% cr=0.00% errors=0 total=24569
[1371492219.192627] latency=4:5:8:111:186:(51)ms throughput=21rps rr=57.14% cr=0.00% errors=0 total=24590
[1371492220.196627] latency=4:5:56:211:373:(110)ms throughput=35rps rr=54.29% cr=0.00% errors=0 total=24625
[1371492221.200630] latency=4:5:7:120:236:(63)ms throughput=29rps rr=44.83% cr=0.00% errors=0 total=24654
[1371492222.204658] latency=4:5:37:232:408:(115)ms throughput=38rps rr=57.89% cr=0.00% errors=0 total=24692
[1371492223.208640] latency=5:5:7:113:209:(53)ms throughput=32rps rr=53.12% cr=0.00% errors=0 total=24724
[1371492224.212628] latency=4:5:24:141:244:(75)ms throughput=33rps rr=60.61% cr=0.00% errors=0 total=24757
[1371492225.216634] latency=4:5:99:190:352:(109)ms throughput=36rps rr=66.67% cr=0.00% errors=0 total=24793
[1371492226.220627] latency=4:5:44:243:373:(116)ms throughput=37rps rr=64.86% cr=0.00% errors=0 total=24830
[1371492227.224636] latency=4:6:20:109:221:(66)ms throughput=30rps rr=53.33% cr=0.00% errors=0 total=24860
[1371492228.228635] latency=3:5:24:133:288:(74)ms throughput=36rps rr=52.78% cr=0.00% errors=0 total=24896
[1371492229.232630] latency=4:5:6:93:230:(54)ms throughput=32rps rr=40.62% cr=0.00% errors=0 total=24928
[1371492230.236630] latency=4:5:38:142:239:(74)ms throughput=28rps rr=53.57% cr=0.00% errors=0 total=24956
[1371492231.240641] latency=4:6:88:221:281:(109)ms throughput=35rps rr=62.86% cr=0.00% errors=0 total=24991
[1371492232.244633] latency=4:32:169:295:586:(203)ms throughput=33rps rr=75.76% cr=0.00% errors=0 total=25024
[1371492233.248630] latency=4:5:42:181:518:(106)ms throughput=31rps rr=58.06% cr=0.00% errors=0 total=25055
