[1374753892.380694] latency=nan:nan:nan:nan:nan:(-nan)ms throughput=0rps rr=-nan% cr=-nan% errors=0 total=0
[1374753893.384695] latency=nan:nan:nan:nan:nan:(-nan)ms throughput=0rps rr=-nan% cr=-nan% errors=0 total=0
[1374753894.388670] latency=nan:nan:nan:nan:nan:(-nan)ms throughput=0rps rr=-nan% cr=-nan% errors=0 total=0
[1374753895.392666] latency=nan:nan:nan:nan:nan:(-nan)ms throughput=0rps rr=-nan% cr=-nan% errors=0 total=0
[1374753896.396835] latency=nan:nan:nan:nan:nan:(-nan)ms throughput=0rps rr=-nan% cr=-nan% errors=0 total=0
[1374753897.400840] latency=nan:nan:nan:nan:nan:(-nan)ms throughput=0rps rr=-nan% cr=-nan% errors=0 total=0
[1374753898.404660] latency=nan:nan:nan:nan:nan:(-nan)ms throughput=0rps rr=-nan% cr=-nan% errors=0 total=0
[1374753899.408658] latency=nan:nan:nan:nan:nan:(-nan)ms throughput=0rps rr=-nan% cr=-nan% errors=0 total=0
[1374753900.412667] latency=nan:nan:nan:nan:nan:(-nan)ms throughput=0rps rr=-nan% cr=-nan% errors=0 total=0
[1374753901.416684] latency=nan:nan:nan:nan:nan:(-nan)ms throughput=0rps rr=-nan% cr=-nan% errors=0 total=0
[1374753902.420710] latency=nan:nan:nan:nan:nan:(-nan)ms throughput=0rps rr=-nan% cr=-nan% errors=0 total=0
[1374753902.421003] set thinktime=3.000000
[1374753902.421068] set concurrency=100
[1374753903.468719] latency=5:7:61:133:262:(83)ms throughput=21rps rr=77.27% cr=0.00% errors=0 total=22
[1374753904.472658] latency=61:79:168:281:1108:(278)ms throughput=8rps rr=25.00% cr=0.00% errors=0 total=30
[1374753905.476662] latency=30:41:89:410:1681:(440)ms throughput=9rps rr=44.44% cr=0.00% errors=0 total=39
[1374753906.480653] latency=19:46:120:828:1882:(460)ms throughput=12rps rr=25.00% cr=0.00% errors=0 total=51
[1374753907.484629] latency=23:52:104:221:2332:(304)ms throughput=19rps rr=10.53% cr=0.00% errors=0 total=70
[1374753908.488652] latency=30:89:272:2070:4782:(1330)ms throughput=20rps rr=35.00% cr=0.00% errors=0 total=90
[1374753909.492653] latency=26:51:118:205:5548:(784)ms throughput=16rps rr=12.50% cr=0.00% errors=0 total=106
[1374753910.496642] latency=18:34:81:482:6427:(1381)ms throughput=34rps rr=23.53% cr=0.00% errors=0 total=140
[1374753911.500655] latency=15:32:45:301:7734:(1510)ms throughput=28rps rr=21.43% cr=0.00% errors=0 total=168
[1374753912.504645] latency=8:26:78:7157:8612:(2680)ms throughput=33rps rr=36.36% cr=0.00% errors=0 total=201
[1374753913.508689] latency=4:8:59:7543:8909:(2673)ms throughput=45rps rr=35.56% cr=0.00% errors=0 total=246
[1374753914.512676] latency=4:5:6:8:12:(6)ms throughput=38rps rr=0.00% cr=0.00% errors=0 total=284
[1374753915.516634] latency=4:4:5:7:13:(6)ms throughput=31rps rr=0.00% cr=0.00% errors=0 total=315
[1374753916.520670] latency=4:4:5:6:10:(5)ms throughput=24rps rr=0.00% cr=0.00% errors=0 total=339
[1374753917.524643] latency=4:4:5:7:9:(6)ms throughput=31rps rr=0.00% cr=0.00% errors=0 total=370
[1374753918.528639] latency=4:5:7:8:21:(8)ms throughput=28rps rr=0.00% cr=0.00% errors=0 total=398
[1374753919.532670] latency=4:5:6:8:43:(8)ms throughput=32rps rr=0.00% cr=0.00% errors=0 total=430
[1374753920.536630] latency=4:4:5:6:10:(5)ms throughput=43rps rr=0.00% cr=0.00% errors=0 total=473
[1374753921.540681] latency=4:4:5:7:11:(6)ms throughput=42rps rr=0.00% cr=0.00% errors=0 total=515
[1374753922.544670] latency=4:4:5:8:12:(6)ms throughput=32rps rr=0.00% cr=0.00% errors=0 total=547
[1374753923.548635] latency=4:4:5:7:47:(8)ms throughput=29rps rr=0.00% cr=0.00% errors=0 total=576
[1374753924.552670] latency=4:5:6:8:16:(7)ms throughput=36rps rr=0.00% cr=0.00% errors=0 total=612
[1374753925.556683] latency=3:4:6:7:14:(6)ms throughput=38rps rr=0.00% cr=0.00% errors=0 total=650
[1374753926.560667] latency=4:4:5:7:63:(8)ms throughput=30rps rr=0.00% cr=0.00% errors=0 total=680
[1374753927.564668] latency=4:5:7:9:33:(9)ms throughput=43rps rr=0.00% cr=0.00% errors=0 total=723
[1374753928.568665] latency=4:4:6:7:11:(6)ms throughput=29rps rr=0.00% cr=0.00% errors=0 total=752
[1374753929.572677] latency=4:4:5:6:9:(5)ms throughput=25rps rr=0.00% cr=0.00% errors=0 total=777
[1374753930.576670] latency=3:4:6:9:156:(14)ms throughput=33rps rr=6.06% cr=0.00% errors=0 total=810
[1374753931.580630] latency=4:5:6:11:32:(10)ms throughput=31rps rr=0.00% cr=0.00% errors=0 total=841
[1374753932.584668] latency=3:5:10:27:239:(35)ms throughput=35rps rr=11.43% cr=0.00% errors=0 total=876
[1374753933.588637] latency=7:13:27:50:304:(51)ms throughput=40rps rr=17.50% cr=0.00% errors=0 total=916
[1374753934.592644] latency=3:5:11:24:314:(33)ms throughput=34rps rr=11.76% cr=0.00% errors=0 total=950
[1374753935.596660] latency=4:6:18:26:258:(35)ms throughput=41rps rr=9.76% cr=0.00% errors=0 total=991
[1374753936.600667] latency=4:6:14:25:377:(32)ms throughput=46rps rr=10.87% cr=0.00% errors=0 total=1037
[1374753937.604630] latency=4:6:15:20:271:(38)ms throughput=33rps rr=15.15% cr=0.00% errors=0 total=1070
[1374753938.608633] latency=8:19:29:172:659:(134)ms throughput=26rps rr=34.62% cr=0.00% errors=0 total=1096
[1374753939.612631] latency=5:18:25:136:466:(97)ms throughput=28rps rr=32.14% cr=0.00% errors=0 total=1124
[1374753940.616652] latency=3:6:11:30:227:(28)ms throughput=40rps rr=12.50% cr=0.00% errors=0 total=1164
[1374753941.620634] latency=5:19:29:44:325:(66)ms throughput=25rps rr=16.00% cr=0.00% errors=0 total=1189
[1374753942.624636] latency=12:22:30:38:1512:(211)ms throughput=37rps rr=18.92% cr=0.00% errors=0 total=1226
[1374753943.628617] latency=10:25:42:72:1416:(98)ms throughput=34rps rr=8.82% cr=0.00% errors=0 total=1260
[1374753944.632634] latency=9:29:43:76:2475:(357)ms throughput=26rps rr=15.38% cr=0.00% errors=0 total=1286
[1374753945.636630] latency=13:27:36:131:3570:(643)ms throughput=31rps rr=22.58% cr=0.00% errors=0 total=1317
[1374753946.640632] latency=15:26:38:61:3585:(673)ms throughput=40rps rr=22.50% cr=0.00% errors=0 total=1357
[1374753947.644654] latency=4:4:5:5:2308:(92)ms throughput=27rps rr=3.70% cr=0.00% errors=0 total=1384
[1374753948.648624] latency=3:5:6:25:58:(16)ms throughput=18rps rr=5.56% cr=0.00% errors=0 total=1402
[1374753949.652628] latency=4:5:6:20:84:(16)ms throughput=34rps rr=0.00% cr=0.00% errors=0 total=1436
[1374753950.656637] latency=3:5:9:18:43:(13)ms throughput=40rps rr=0.00% cr=0.00% errors=0 total=1476
[1374753951.660655] latency=3:4:7:9:37:(10)ms throughput=25rps rr=0.00% cr=0.00% errors=0 total=1501
[1374753952.664667] latency=4:4:5:6:26:(6)ms throughput=34rps rr=0.00% cr=0.00% errors=0 total=1535
[1374753953.668670] latency=3:5:6:9:44:(8)ms throughput=35rps rr=0.00% cr=0.00% errors=0 total=1570
[1374753954.672670] latency=4:5:6:8:37:(9)ms throughput=37rps rr=0.00% cr=0.00% errors=0 total=1607
[1374753955.676671] latency=3:5:5:8:30:(9)ms throughput=36rps rr=0.00% cr=0.00% errors=0 total=1643
[1374753956.680667] latency=4:4:5:8:78:(11)ms throughput=32rps rr=0.00% cr=0.00% errors=0 total=1675
[1374753957.684639] latency=4:5:6:14:35:(10)ms throughput=39rps rr=0.00% cr=0.00% errors=0 total=1714
[1374753958.688669] latency=4:5:6:9:133:(13)ms throughput=32rps rr=3.12% cr=0.00% errors=0 total=1746
[1374753959.692655] latency=4:5:6:10:106:(12)ms throughput=30rps rr=6.67% cr=0.00% errors=0 total=1776
[1374753960.696670] latency=4:5:8:17:156:(19)ms throughput=24rps rr=4.17% cr=0.00% errors=0 total=1800
[1374753961.700677] latency=4:5:10:17:169:(18)ms throughput=36rps rr=5.56% cr=0.00% errors=0 total=1836
[1374753962.704642] latency=4:6:10:23:265:(32)ms throughput=20rps rr=10.00% cr=0.00% errors=0 total=1856
[1374753963.708618] latency=4:7:18:34:355:(54)ms throughput=30rps rr=16.67% cr=0.00% errors=0 total=1886
[1374753964.712669] latency=4:7:22:35:304:(48)ms throughput=32rps rr=15.62% cr=0.00% errors=0 total=1918
[1374753965.716633] latency=3:17:28:45:639:(65)ms throughput=36rps rr=11.11% cr=0.00% errors=0 total=1954
[1374753966.720635] latency=4:5:8:19:382:(35)ms throughput=23rps rr=13.04% cr=0.00% errors=0 total=1977
[1374753967.724658] latency=4:5:6:24:204:(23)ms throughput=31rps rr=9.68% cr=0.00% errors=0 total=2008
[1374753968.728632] latency=4:9:17:29:442:(35)ms throughput=27rps rr=3.70% cr=0.00% errors=0 total=2035
[1374753969.732627] latency=5:16:26:39:451:(70)ms throughput=33rps rr=30.30% cr=0.00% errors=0 total=2068
[1374753970.736637] latency=5:17:26:38:440:(67)ms throughput=27rps rr=14.81% cr=0.00% errors=0 total=2095
[1374753971.740633] latency=7:16:27:135:864:(153)ms throughput=34rps rr=23.53% cr=0.00% errors=0 total=2129
[1374753972.744632] latency=5:21:26:35:446:(62)ms throughput=29rps rr=13.79% cr=0.00% errors=0 total=2158
[1374753973.748631] latency=10:29:39:100:1620:(221)ms throughput=42rps rr=26.19% cr=0.00% errors=0 total=2200
[1374753974.752672] latency=3:21:31:52:1867:(206)ms throughput=43rps rr=16.28% cr=0.00% errors=0 total=2243
[1374753975.756659] latency=3:5:11:22:162:(24)ms throughput=37rps rr=8.11% cr=0.00% errors=0 total=2280
[1374753976.760673] latency=4:5:13:26:276:(23)ms throughput=37rps rr=5.41% cr=0.00% errors=0 total=2317
[1374753977.764662] latency=4:6:8:14:82:(16)ms throughput=41rps rr=2.44% cr=0.00% errors=0 total=2358
[1374753978.768631] latency=4:4:5:9:50:(10)ms throughput=36rps rr=0.00% cr=0.00% errors=0 total=2394
[1374753979.772654] latency=3:4:6:8:34:(9)ms throughput=45rps rr=0.00% cr=0.00% errors=0 total=2439
[1374753980.776694] latency=4:4:7:13:85:(16)ms throughput=29rps rr=0.00% cr=0.00% errors=0 total=2468
[1374753981.780662] latency=4:4:7:18:154:(15)ms throughput=38rps rr=2.63% cr=0.00% errors=0 total=2506
[1374753982.784670] latency=4:5:5:17:196:(21)ms throughput=27rps rr=3.70% cr=0.00% errors=0 total=2533
[1374753983.788655] latency=4:5:7:17:114:(14)ms throughput=32rps rr=6.25% cr=0.00% errors=0 total=2565
[1374753984.792694] latency=3:4:7:19:40:(12)ms throughput=41rps rr=0.00% cr=0.00% errors=0 total=2606
[1374753985.796671] latency=3:4:5:9:55:(12)ms throughput=38rps rr=5.26% cr=0.00% errors=0 total=2644
[1374753986.800633] latency=4:5:5:10:151:(14)ms throughput=30rps rr=3.33% cr=0.00% errors=0 total=2674
[1374753987.804639] latency=4:6:10:27:208:(20)ms throughput=43rps rr=2.33% cr=0.00% errors=0 total=2717
[1374753988.808635] latency=4:13:21:33:371:(56)ms throughput=32rps rr=12.50% cr=0.00% errors=0 total=2749
[1374753989.812676] latency=4:5:7:17:135:(16)ms throughput=39rps rr=2.56% cr=0.00% errors=0 total=2788
[1374753990.816648] latency=4:5:25:36:262:(37)ms throughput=27rps rr=14.81% cr=0.00% errors=0 total=2815
[1374753991.820638] latency=5:21:31:78:656:(112)ms throughput=32rps rr=28.12% cr=0.00% errors=0 total=2847
[1374753992.824645] latency=3:7:17:31:267:(39)ms throughput=32rps rr=12.50% cr=0.00% errors=0 total=2879
[1374753993.828633] latency=5:5:8:25:312:(30)ms throughput=34rps rr=8.82% cr=0.00% errors=0 total=2913
[1374753994.832682] latency=3:18:25:44:399:(66)ms throughput=31rps rr=19.35% cr=0.00% errors=0 total=2944
[1374753995.836625] latency=3:7:22:70:281:(55)ms throughput=25rps rr=28.00% cr=0.00% errors=0 total=2969
[1374753996.840648] latency=4:14:20:34:301:(43)ms throughput=31rps rr=16.13% cr=0.00% errors=0 total=3000
[1374753997.844636] latency=13:32:38:67:401:(82)ms throughput=18rps rr=16.67% cr=0.00% errors=0 total=3018
[1374753998.848648] latency=14:32:40:75:1690:(144)ms throughput=33rps rr=6.06% cr=0.00% errors=0 total=3051
[1374753999.852632] latency=16:26:38:99:2884:(473)ms throughput=36rps rr=22.22% cr=0.00% errors=0 total=3087
[1374754000.856630] latency=5:43:67:2133:3615:(1013)ms throughput=32rps rr=40.62% cr=0.00% errors=0 total=3119
[1374754001.860628] latency=4:6:13:25:128:(20)ms throughput=27rps rr=3.70% cr=0.00% errors=0 total=3146
[1374754002.864649] latency=4:6:9:32:249:(24)ms throughput=31rps rr=3.23% cr=0.00% errors=0 total=3177
[1374754003.868663] latency=4:5:7:10:28:(9)ms throughput=30rps rr=0.00% cr=0.00% errors=0 total=3207
[1374754004.872644] latency=4:5:5:8:52:(9)ms throughput=24rps rr=0.00% cr=0.00% errors=0 total=3231
[1374754005.876632] latency=3:5:6:19:62:(13)ms throughput=42rps rr=0.00% cr=0.00% errors=0 total=3273
[1374754006.880692] latency=4:5:5:6:22:(6)ms throughput=41rps rr=0.00% cr=0.00% errors=0 total=3314
[1374754007.884668] latency=4:5:5:6:15:(6)ms throughput=41rps rr=0.00% cr=0.00% errors=0 total=3355
[1374754008.888682] latency=4:5:6:7:23:(7)ms throughput=36rps rr=0.00% cr=0.00% errors=0 total=3391
[1374754009.892758] latency=4:5:5:6:8:(5)ms throughput=36rps rr=0.00% cr=0.00% errors=0 total=3427
[1374754010.240961] latency=4:5:6:7:8:(6)ms throughput=34rps rr=0.00% cr=0.00% errors=0 total=3439
Got signal 2, cleaning up ...
[1374754010.254014] latency=nan:nan:nan:nan:nan:(-nan)ms throughput=0rps rr=-nan% cr=-nan% errors=0 total=3439
