Currently running VMs
2013-07-25 07:34:15.055+0000: 3409: info : libvirt version: 0.9.8
2013-07-25 07:34:15.055+0000: 3409: warning : xenHypervisorMakeCapabilities:2751 : Failed to get host power management capabilities
- Domain-0 weight=256 cap=0 vcpus=32
- rubbos-hvm weight=256 cap=287 vcpus=3 mac=aa:00:00:00:00:11
- rubis-hvm weight=256 cap=800 vcpus=8 mac=aa:00:00:00:00:10
New scheduling parameters:  weight=256 cap=800 vcpus=8
Currently running VMs
2013-07-25 07:34:25.977+0000: 3460: info : libvirt version: 0.9.8
2013-07-25 07:34:25.977+0000: 3460: warning : xenHypervisorMakeCapabilities:2751 : Failed to get host power management capabilities
- Domain-0 weight=256 cap=0 vcpus=32
- rubbos-hvm weight=256 cap=287 vcpus=3 mac=aa:00:00:00:00:11
- rubis-hvm weight=256 cap=800 vcpus=8 mac=aa:00:00:00:00:10
New scheduling parameters:  weight=256 cap=400 vcpus=4
Currently running VMs
2013-07-25 07:34:36.963+0000: 3608: info : libvirt version: 0.9.8
2013-07-25 07:34:36.963+0000: 3608: warning : xenHypervisorMakeCapabilities:2751 : Failed to get host power management capabilities
- Domain-0 weight=256 cap=0 vcpus=32
- rubbos-hvm weight=256 cap=287 vcpus=3 mac=aa:00:00:00:00:11
- rubis-hvm weight=256 cap=400 vcpus=4 mac=aa:00:00:00:00:10
New scheduling parameters:  weight=256 cap=800 vcpus=8
Currently running VMs
2013-07-25 07:34:47.917+0000: 3656: info : libvirt version: 0.9.8
2013-07-25 07:34:47.917+0000: 3656: warning : xenHypervisorMakeCapabilities:2751 : Failed to get host power management capabilities
- Domain-0 weight=256 cap=0 vcpus=32
- rubbos-hvm weight=256 cap=287 vcpus=3 mac=aa:00:00:00:00:11
- rubis-hvm weight=256 cap=800 vcpus=8 mac=aa:00:00:00:00:10
New scheduling parameters:  weight=256 cap=50 vcpus=1
Currently running VMs
2013-07-25 07:34:58.879+0000: 3704: info : libvirt version: 0.9.8
2013-07-25 07:34:58.879+0000: 3704: warning : xenHypervisorMakeCapabilities:2751 : Failed to get host power management capabilities
- Domain-0 weight=256 cap=0 vcpus=32
- rubbos-hvm weight=256 cap=287 vcpus=3 mac=aa:00:00:00:00:11
- rubis-hvm weight=256 cap=50 vcpus=1 mac=aa:00:00:00:00:10
New scheduling parameters:  weight=256 cap=400 vcpus=4
Currently running VMs
2013-07-25 07:35:09.819+0000: 3755: info : libvirt version: 0.9.8
2013-07-25 07:35:09.819+0000: 3755: warning : xenHypervisorMakeCapabilities:2751 : Failed to get host power management capabilities
- Domain-0 weight=256 cap=0 vcpus=32
- rubbos-hvm weight=256 cap=287 vcpus=3 mac=aa:00:00:00:00:11
- rubis-hvm weight=256 cap=400 vcpus=4 mac=aa:00:00:00:00:10
New scheduling parameters:  weight=256 cap=200 vcpus=2
Currently running VMs
2013-07-25 07:35:20.765+0000: 3803: info : libvirt version: 0.9.8
2013-07-25 07:35:20.765+0000: 3803: warning : xenHypervisorMakeCapabilities:2751 : Failed to get host power management capabilities
- Domain-0 weight=256 cap=0 vcpus=32
- rubbos-hvm weight=256 cap=287 vcpus=3 mac=aa:00:00:00:00:11
- rubis-hvm weight=256 cap=200 vcpus=2 mac=aa:00:00:00:00:10
New scheduling parameters:  weight=256 cap=600 vcpus=6
Currently running VMs
2013-07-25 07:35:31.651+0000: 3851: info : libvirt version: 0.9.8
2013-07-25 07:35:31.651+0000: 3851: warning : xenHypervisorMakeCapabilities:2751 : Failed to get host power management capabilities
- Domain-0 weight=256 cap=0 vcpus=32
- rubbos-hvm weight=256 cap=287 vcpus=3 mac=aa:00:00:00:00:11
- rubis-hvm weight=256 cap=600 vcpus=6 mac=aa:00:00:00:00:10
New scheduling parameters:  weight=256 cap=200 vcpus=2
Currently running VMs
2013-07-25 07:35:42.629+0000: 3899: info : libvirt version: 0.9.8
2013-07-25 07:35:42.629+0000: 3899: warning : xenHypervisorMakeCapabilities:2751 : Failed to get host power management capabilities
- Domain-0 weight=256 cap=0 vcpus=32
- rubbos-hvm weight=256 cap=287 vcpus=3 mac=aa:00:00:00:00:11
- rubis-hvm weight=256 cap=200 vcpus=2 mac=aa:00:00:00:00:10
New scheduling parameters:  weight=256 cap=400 vcpus=4
Currently running VMs
2013-07-25 07:35:53.593+0000: 3947: info : libvirt version: 0.9.8
2013-07-25 07:35:53.593+0000: 3947: warning : xenHypervisorMakeCapabilities:2751 : Failed to get host power management capabilities
- Domain-0 weight=256 cap=0 vcpus=32
- rubbos-hvm weight=256 cap=287 vcpus=3 mac=aa:00:00:00:00:11
- rubis-hvm weight=256 cap=400 vcpus=4 mac=aa:00:00:00:00:10
New scheduling parameters:  weight=256 cap=800 vcpus=8
Currently running VMs
2013-07-25 07:36:04.513+0000: 3995: info : libvirt version: 0.9.8
2013-07-25 07:36:04.513+0000: 3995: warning : xenHypervisorMakeCapabilities:2751 : Failed to get host power management capabilities
- Domain-0 weight=256 cap=0 vcpus=32
- rubbos-hvm weight=256 cap=287 vcpus=3 mac=aa:00:00:00:00:11
- rubis-hvm weight=256 cap=800 vcpus=8 mac=aa:00:00:00:00:10
New scheduling parameters:  weight=256 cap=400 vcpus=4
Currently running VMs
2013-07-25 07:36:15.459+0000: 4043: info : libvirt version: 0.9.8
2013-07-25 07:36:15.459+0000: 4043: warning : xenHypervisorMakeCapabilities:2751 : Failed to get host power management capabilities
- Domain-0 weight=256 cap=0 vcpus=32
- rubbos-hvm weight=256 cap=287 vcpus=3 mac=aa:00:00:00:00:11
- rubis-hvm weight=256 cap=400 vcpus=4 mac=aa:00:00:00:00:10
New scheduling parameters:  weight=256 cap=800 vcpus=8
