[1371732747.676620] latency=nan:nan:nan:nan:nan:(-nan)ms throughput=0rps rr=-nan% cr=-nan% errors=0 total=0
[1371732748.680668] latency=nan:nan:nan:nan:nan:(-nan)ms throughput=0rps rr=-nan% cr=-nan% errors=0 total=0
[1371732749.684619] latency=nan:nan:nan:nan:nan:(-nan)ms throughput=0rps rr=-nan% cr=-nan% errors=0 total=0
[1371732750.688674] latency=nan:nan:nan:nan:nan:(-nan)ms throughput=0rps rr=-nan% cr=-nan% errors=0 total=0
[1371732751.692646] latency=nan:nan:nan:nan:nan:(-nan)ms throughput=0rps rr=-nan% cr=-nan% errors=0 total=0
[1371732752.696701] latency=nan:nan:nan:nan:nan:(-nan)ms throughput=0rps rr=-nan% cr=-nan% errors=0 total=0
[1371732753.700653] latency=nan:nan:nan:nan:nan:(-nan)ms throughput=0rps rr=-nan% cr=-nan% errors=0 total=0
[1371732754.704645] latency=nan:nan:nan:nan:nan:(-nan)ms throughput=0rps rr=-nan% cr=-nan% errors=0 total=0
[1371732755.708643] latency=nan:nan:nan:nan:nan:(-nan)ms throughput=0rps rr=-nan% cr=-nan% errors=0 total=0
[1371732756.712663] latency=nan:nan:nan:nan:nan:(-nan)ms throughput=0rps rr=-nan% cr=-nan% errors=0 total=0
[1371732756.712958] set thinktime=3.000000
[1371732757.716669] latency=nan:nan:nan:nan:nan:(-nan)ms throughput=0rps rr=-nan% cr=-nan% errors=0 total=0
[1371732757.716838] set concurrency=100
[1371732758.764700] latency=3:5:7:118:548:(82)ms throughput=21rps rr=31.82% cr=0.00% errors=0 total=22
[1371732759.768704] latency=3:5:22:663:1170:(267)ms throughput=31rps rr=35.48% cr=0.00% errors=0 total=53
[1371732760.772680] latency=3:7:39:507:1576:(337)ms throughput=40rps rr=55.00% cr=0.00% errors=0 total=93
[1371732761.776721] latency=3:4:6:74:217:(46)ms throughput=29rps rr=44.83% cr=0.00% errors=0 total=122
[1371732762.780694] latency=3:4:87:234:787:(178)ms throughput=29rps rr=55.17% cr=0.00% errors=0 total=151
[1371732763.784693] latency=4:6:22:241:912:(209)ms throughput=27rps rr=40.74% cr=0.00% errors=0 total=178
[1371732764.788640] latency=3:8:61:523:966:(268)ms throughput=34rps rr=50.00% cr=0.00% errors=0 total=212
[1371732765.792658] latency=4:5:25:68:383:(65)ms throughput=33rps rr=33.33% cr=0.00% errors=0 total=245
[1371732766.796647] latency=3:5:26:282:623:(151)ms throughput=37rps rr=43.24% cr=0.00% errors=0 total=282
[1371732767.800662] latency=3:5:36:153:368:(89)ms throughput=32rps rr=53.12% cr=0.00% errors=0 total=314
[1371732768.804668] latency=3:4:7:95:243:(58)ms throughput=35rps rr=42.86% cr=0.00% errors=0 total=349
[1371732769.808716] latency=4:5:7:117:299:(67)ms throughput=31rps rr=41.94% cr=0.00% errors=0 total=380
[1371732770.812723] latency=4:5:68:175:389:(106)ms throughput=30rps rr=50.00% cr=0.00% errors=0 total=410
[1371732771.816698] latency=4:5:6:48:231:(44)ms throughput=28rps rr=32.14% cr=0.00% errors=0 total=438
[1371732772.820658] latency=3:5:30:254:622:(128)ms throughput=28rps rr=42.86% cr=0.00% errors=0 total=466
[1371732773.824696] latency=3:5:8:392:953:(229)ms throughput=26rps rr=42.31% cr=0.00% errors=0 total=492
[1371732774.828679] latency=3:6:33:238:591:(137)ms throughput=27rps rr=44.44% cr=0.00% errors=0 total=519
[1371732775.832714] latency=4:6:57:306:849:(176)ms throughput=29rps rr=41.38% cr=0.00% errors=0 total=548
[1371732776.836626] latency=3:6:50:953:1518:(445)ms throughput=29rps rr=41.38% cr=0.00% errors=0 total=577
[1371732777.840616] latency=3:17:40:200:2107:(253)ms throughput=23rps rr=26.09% cr=0.00% errors=0 total=600
[1371732778.844607] latency=4:112:378:1845:2460:(848)ms throughput=26rps rr=53.85% cr=0.00% errors=0 total=626
[1371732779.848663] latency=3:10:266:1438:2904:(761)ms throughput=35rps rr=48.57% cr=0.00% errors=0 total=661
[1371732780.852617] latency=3:12:78:1492:2572:(726)ms throughput=40rps rr=47.50% cr=0.00% errors=0 total=701
[1371732781.856663] latency=3:5:47:772:1426:(356)ms throughput=46rps rr=50.00% cr=0.00% errors=0 total=747
[1371732782.860618] latency=4:5:6:8:190:(30)ms throughput=34rps rr=26.47% cr=0.00% errors=0 total=781
[1371732783.864630] latency=4:5:6:8:158:(22)ms throughput=32rps rr=25.00% cr=0.00% errors=0 total=813
[1371732784.868629] latency=4:5:5:10:188:(31)ms throughput=37rps rr=21.62% cr=0.00% errors=0 total=850
[1371732785.872603] latency=4:5:5:8:184:(30)ms throughput=34rps rr=23.53% cr=0.00% errors=0 total=884
[1371732786.876625] latency=4:5:6:61:242:(51)ms throughput=36rps rr=27.78% cr=0.00% errors=0 total=920
[1371732787.880661] latency=4:5:5:6:231:(27)ms throughput=37rps rr=21.62% cr=0.00% errors=0 total=957
[1371732788.884608] latency=3:5:6:10:200:(26)ms throughput=28rps rr=21.43% cr=0.00% errors=0 total=985
[1371732789.888610] latency=3:5:5:11:261:(39)ms throughput=41rps rr=24.39% cr=0.00% errors=0 total=1026
[1371732790.892610] latency=4:5:6:47:200:(27)ms throughput=29rps rr=34.48% cr=0.00% errors=0 total=1055
[1371732791.896614] latency=4:5:5:7:126:(20)ms throughput=30rps rr=16.67% cr=0.00% errors=0 total=1085
[1371732792.900626] latency=4:5:6:66:217:(46)ms throughput=38rps rr=28.95% cr=0.00% errors=0 total=1123
[1371732793.904614] latency=4:5:5:8:234:(27)ms throughput=38rps rr=15.79% cr=0.00% errors=0 total=1161
[1371732794.908623] latency=4:5:6:38:201:(32)ms throughput=39rps rr=33.33% cr=0.00% errors=0 total=1200
[1371732795.912626] latency=4:5:5:79:235:(49)ms throughput=34rps rr=35.29% cr=0.00% errors=0 total=1234
[1371732796.916629] latency=3:5:6:141:246:(65)ms throughput=34rps rr=44.12% cr=0.00% errors=0 total=1268
[1371732797.920611] latency=4:5:5:9:208:(34)ms throughput=37rps rr=29.73% cr=0.00% errors=0 total=1305
[1371732798.924602] latency=4:5:6:71:202:(46)ms throughput=29rps rr=31.03% cr=0.00% errors=0 total=1334
[1371732799.928613] latency=4:5:6:66:203:(42)ms throughput=35rps rr=31.43% cr=0.00% errors=0 total=1369
[1371732800.932606] latency=4:5:7:114:233:(59)ms throughput=35rps rr=48.57% cr=0.00% errors=0 total=1404
[1371732801.936606] latency=3:5:6:137:371:(66)ms throughput=34rps rr=44.12% cr=0.00% errors=0 total=1438
[1371732802.940596] latency=4:5:7:75:283:(53)ms throughput=41rps rr=34.15% cr=0.00% errors=0 total=1479
[1371732803.944623] latency=4:5:7:107:244:(61)ms throughput=28rps rr=46.43% cr=0.00% errors=0 total=1507
[1371732804.948636] latency=3:5:9:365:526:(145)ms throughput=30rps rr=43.33% cr=0.00% errors=0 total=1537
[1371732805.952649] latency=4:5:5:64:227:(42)ms throughput=37rps rr=32.43% cr=0.00% errors=0 total=1574
[1371732806.956621] latency=3:5:7:81:341:(60)ms throughput=38rps rr=31.58% cr=0.00% errors=0 total=1612
[1371732807.960623] latency=4:5:6:121:224:(56)ms throughput=36rps rr=41.67% cr=0.00% errors=0 total=1648
[1371732808.964613] latency=4:6:15:136:319:(78)ms throughput=36rps rr=38.89% cr=0.00% errors=0 total=1684
[1371732809.968615] latency=3:6:27:209:408:(100)ms throughput=38rps rr=47.37% cr=0.00% errors=0 total=1722
[1371732810.972615] latency=3:5:30:110:225:(68)ms throughput=36rps rr=50.00% cr=0.00% errors=0 total=1758
[1371732811.976609] latency=5:6:36:140:313:(85)ms throughput=27rps rr=55.56% cr=0.00% errors=0 total=1785
[1371732812.980607] latency=4:5:6:53:235:(46)ms throughput=36rps rr=33.33% cr=0.00% errors=0 total=1821
[1371732813.984615] latency=3:4:8:155:307:(77)ms throughput=38rps rr=47.37% cr=0.00% errors=0 total=1859
[1371732814.988613] latency=3:4:7:142:283:(77)ms throughput=37rps rr=43.24% cr=0.00% errors=0 total=1896
[1371732815.992609] latency=3:5:6:114:240:(52)ms throughput=26rps rr=50.00% cr=0.00% errors=0 total=1922
[1371732816.996616] latency=3:5:22:170:378:(96)ms throughput=27rps rr=59.26% cr=0.00% errors=0 total=1949
[1371732818.000610] latency=3:4:7:81:283:(52)ms throughput=30rps rr=36.67% cr=0.00% errors=0 total=1979
[1371732819.004618] latency=4:5:8:165:470:(117)ms throughput=23rps rr=47.83% cr=0.00% errors=0 total=2002
[1371732820.008620] latency=4:5:20:121:296:(75)ms throughput=26rps rr=50.00% cr=0.00% errors=0 total=2028
[1371732821.012621] latency=3:5:51:361:924:(241)ms throughput=43rps rr=48.84% cr=0.00% errors=0 total=2071
[1371732822.016627] latency=3:6:104:256:396:(129)ms throughput=33rps rr=54.55% cr=0.00% errors=0 total=2104
[1371732823.020646] latency=3:5:45:220:717:(168)ms throughput=32rps rr=53.12% cr=0.00% errors=0 total=2136
[1371732824.024634] latency=3:6:7:76:218:(51)ms throughput=30rps rr=43.33% cr=0.00% errors=0 total=2166
[1371732825.028629] latency=4:5:7:103:230:(51)ms throughput=29rps rr=44.83% cr=0.00% errors=0 total=2195
[1371732826.032631] latency=3:5:74:223:466:(135)ms throughput=31rps rr=54.84% cr=0.00% errors=0 total=2226
[1371732827.036618] latency=3:6:19:153:667:(131)ms throughput=24rps rr=33.33% cr=0.00% errors=0 total=2250
[1371732828.040605] latency=3:4:44:645:1076:(303)ms throughput=42rps rr=50.00% cr=0.00% errors=0 total=2292
[1371732829.044600] latency=3:5:11:198:959:(148)ms throughput=33rps rr=54.55% cr=0.00% errors=0 total=2325
[1371732830.048638] latency=4:8:62:169:318:(93)ms throughput=30rps rr=66.67% cr=0.00% errors=0 total=2355
[1371732831.052602] latency=3:5:7:184:619:(108)ms throughput=31rps rr=41.94% cr=0.00% errors=0 total=2386
[1371732832.056603] latency=3:5:35:248:683:(152)ms throughput=33rps rr=54.55% cr=0.00% errors=0 total=2419
[1371732833.060598] latency=3:5:109:328:757:(205)ms throughput=33rps rr=54.55% cr=0.00% errors=0 total=2452
[1371732834.064602] latency=4:5:15:131:499:(80)ms throughput=38rps rr=47.37% cr=0.00% errors=0 total=2490
[1371732835.068629] latency=3:5:17:270:651:(147)ms throughput=34rps rr=35.29% cr=0.00% errors=0 total=2524
[1371732836.072622] latency=4:6:31:236:543:(117)ms throughput=29rps rr=44.83% cr=0.00% errors=0 total=2553
[1371732837.076632] latency=3:7:80:382:680:(183)ms throughput=32rps rr=59.38% cr=0.00% errors=0 total=2585
[1371732838.080630] latency=4:9:130:334:515:(185)ms throughput=26rps rr=61.54% cr=0.00% errors=0 total=2611
[1371732839.084617] latency=3:8:44:357:811:(187)ms throughput=43rps rr=48.84% cr=0.00% errors=0 total=2654
[1371732840.088627] latency=3:4:15:361:704:(185)ms throughput=38rps rr=47.37% cr=0.00% errors=0 total=2692
[1371732841.092623] latency=3:4:9:163:514:(97)ms throughput=35rps rr=37.14% cr=0.00% errors=0 total=2727
[1371732842.096661] latency=3:5:20:244:619:(138)ms throughput=38rps rr=47.37% cr=0.00% errors=0 total=2765
[1371732843.100622] latency=3:59:324:639:1146:(397)ms throughput=26rps rr=73.08% cr=0.00% errors=0 total=2791
[1371732844.104616] latency=3:5:5:70:286:(43)ms throughput=43rps rr=37.21% cr=0.00% errors=0 total=2834
[1371732845.108629] latency=3:4:9:202:701:(122)ms throughput=27rps rr=48.15% cr=0.00% errors=0 total=2861
[1371732846.112650] latency=4:5:10:341:783:(169)ms throughput=41rps rr=34.15% cr=0.00% errors=0 total=2902
[1371732847.116620] latency=3:5:7:149:205:(63)ms throughput=29rps rr=41.38% cr=0.00% errors=0 total=2931
[1371732848.120626] latency=4:5:6:103:224:(46)ms throughput=33rps rr=36.36% cr=0.00% errors=0 total=2964
[1371732849.124621] latency=3:5:6:132:477:(83)ms throughput=35rps rr=34.29% cr=0.00% errors=0 total=2999
[1371732850.128625] latency=3:5:41:240:374:(113)ms throughput=30rps rr=60.00% cr=0.00% errors=0 total=3029
[1371732851.132610] latency=3:4:34:307:739:(169)ms throughput=38rps rr=44.74% cr=0.00% errors=0 total=3067
[1371732852.136617] latency=3:7:66:278:576:(156)ms throughput=32rps rr=50.00% cr=0.00% errors=0 total=3099
[1371732853.140622] latency=3:10:24:329:1098:(200)ms throughput=24rps rr=37.50% cr=0.00% errors=0 total=3123
[1371732854.144607] latency=3:7:70:1213:2025:(566)ms throughput=29rps rr=48.28% cr=0.00% errors=0 total=3152
[1371732855.148619] latency=4:24:86:863:2360:(489)ms throughput=23rps rr=47.83% cr=0.00% errors=0 total=3175
[1371732856.152618] latency=3:35:731:1735:2577:(911)ms throughput=32rps rr=53.12% cr=0.00% errors=0 total=3207
[1371732857.156610] latency=3:9:119:920:2242:(549)ms throughput=34rps rr=50.00% cr=0.00% errors=0 total=3241
[1371732858.160648] latency=4:5:7:172:1651:(180)ms throughput=34rps rr=38.24% cr=0.00% errors=0 total=3275
[1371732859.164621] latency=4:5:5:60:163:(38)ms throughput=36rps rr=38.89% cr=0.00% errors=0 total=3311
[1371732860.168619] latency=4:5:5:8:179:(24)ms throughput=38rps rr=23.68% cr=0.00% errors=0 total=3349
[1371732861.172654] latency=3:5:6:73:261:(51)ms throughput=43rps rr=34.88% cr=0.00% errors=0 total=3392
[1371732862.176643] latency=4:5:5:32:199:(34)ms throughput=39rps rr=30.77% cr=0.00% errors=0 total=3431
[1371732863.180637] latency=4:5:5:15:180:(30)ms throughput=28rps rr=28.57% cr=0.00% errors=0 total=3459
[1371732864.184634] latency=4:5:6:22:216:(33)ms throughput=38rps rr=31.58% cr=0.00% errors=0 total=3497
[1371732865.188617] latency=4:5:5:7:224:(24)ms throughput=34rps rr=14.71% cr=0.00% errors=0 total=3531
[1371732866.192625] latency=4:5:5:7:206:(25)ms throughput=33rps rr=15.15% cr=0.00% errors=0 total=3564
[1371732867.196615] latency=4:5:6:69:251:(49)ms throughput=35rps rr=37.14% cr=0.00% errors=0 total=3599
[1371732868.200630] latency=3:5:13:141:329:(77)ms throughput=34rps rr=50.00% cr=0.00% errors=0 total=3633
[1371732869.204625] latency=4:5:5:7:202:(29)ms throughput=23rps rr=21.74% cr=0.00% errors=0 total=3656
[1371732870.208624] latency=4:5:7:98:204:(54)ms throughput=27rps rr=44.44% cr=0.00% errors=0 total=3683
[1371732871.212607] latency=4:5:5:54:198:(40)ms throughput=32rps rr=28.12% cr=0.00% errors=0 total=3715
[1371732872.216649] latency=4:5:6:133:202:(62)ms throughput=26rps rr=46.15% cr=0.00% errors=0 total=3741
[1371732873.220607] latency=4:5:5:25:196:(34)ms throughput=25rps rr=28.00% cr=0.00% errors=0 total=3766
[1371732874.224620] latency=3:6:33:159:435:(96)ms throughput=32rps rr=50.00% cr=0.00% errors=0 total=3798
[1371732875.228622] latency=4:5:6:50:196:(31)ms throughput=30rps rr=36.67% cr=0.00% errors=0 total=3828
[1371732876.232612] latency=4:5:6:35:184:(33)ms throughput=26rps rr=26.92% cr=0.00% errors=0 total=3854
[1371732877.236642] latency=3:5:6:23:224:(36)ms throughput=31rps rr=29.03% cr=0.00% errors=0 total=3885
[1371732878.240692] latency=4:5:6:111:214:(49)ms throughput=29rps rr=44.83% cr=0.00% errors=0 total=3914
[1371732879.244706] latency=4:5:9:71:188:(45)ms throughput=25rps rr=48.00% cr=0.00% errors=0 total=3939
[1371732880.248641] latency=4:5:9:115:247:(55)ms throughput=37rps rr=40.54% cr=0.00% errors=0 total=3976
[1371732881.252667] latency=3:5:40:193:400:(108)ms throughput=38rps rr=50.00% cr=0.00% errors=0 total=4014
[1371732882.256634] latency=3:5:9:86:290:(57)ms throughput=32rps rr=46.88% cr=0.00% errors=0 total=4046
[1371732883.260665] latency=3:5:6:54:184:(34)ms throughput=35rps rr=40.00% cr=0.00% errors=0 total=4081
[1371732884.264634] latency=3:5:44:217:649:(151)ms throughput=33rps rr=48.48% cr=0.00% errors=0 total=4114
[1371732885.268669] latency=4:5:6:46:192:(39)ms throughput=34rps rr=41.18% cr=0.00% errors=0 total=4148
[1371732886.272686] latency=3:6:69:215:414:(135)ms throughput=32rps rr=62.50% cr=0.00% errors=0 total=4180
[1371732887.276673] latency=3:5:15:168:596:(120)ms throughput=33rps rr=42.42% cr=0.00% errors=0 total=4213
[1371732888.280696] latency=3:9:92:310:795:(210)ms throughput=37rps rr=59.46% cr=0.00% errors=0 total=4250
[1371732889.284653] latency=3:5:6:102:363:(66)ms throughput=28rps rr=42.86% cr=0.00% errors=0 total=4278
[1371732890.288704] latency=3:5:50:155:373:(92)ms throughput=29rps rr=55.17% cr=0.00% errors=0 total=4307
[1371732891.292653] latency=3:5:9:101:231:(58)ms throughput=34rps rr=47.06% cr=0.00% errors=0 total=4341
[1371732892.296694] latency=3:5:88:224:564:(142)ms throughput=34rps rr=58.82% cr=0.00% errors=0 total=4375
[1371732893.300647] latency=3:5:7:96:383:(70)ms throughput=32rps rr=46.88% cr=0.00% errors=0 total=4407
[1371732894.304672] latency=3:5:5:168:212:(66)ms throughput=21rps rr=42.86% cr=0.00% errors=0 total=4428
[1371732895.308664] latency=3:5:81:269:574:(153)ms throughput=34rps rr=55.88% cr=0.00% errors=0 total=4462
[1371732896.312647] latency=3:5:8:117:263:(62)ms throughput=33rps rr=39.39% cr=0.00% errors=0 total=4495
[1371732897.316674] latency=3:4:14:133:650:(109)ms throughput=32rps rr=31.25% cr=0.00% errors=0 total=4527
[1371732898.320673] latency=3:21:56:411:881:(222)ms throughput=23rps rr=39.13% cr=0.00% errors=0 total=4550
[1371732899.324667] latency=4:47:503:1073:1382:(577)ms throughput=22rps rr=68.18% cr=0.00% errors=0 total=4572
[1371732900.328677] latency=3:30:586:1382:2030:(686)ms throughput=25rps rr=52.00% cr=0.00% errors=0 total=4597
[1371732901.332697] latency=3:19:191:757:1937:(480)ms throughput=34rps rr=64.71% cr=0.00% errors=0 total=4631
[1371732902.336670] latency=3:5:6:83:224:(42)ms throughput=30rps rr=30.00% cr=0.00% errors=0 total=4661
[1371732903.340653] latency=3:5:7:204:354:(80)ms throughput=34rps rr=41.18% cr=0.00% errors=0 total=4695
[1371732904.344652] latency=3:5:5:38:201:(39)ms throughput=36rps rr=27.78% cr=0.00% errors=0 total=4731
[1371732905.348662] latency=3:5:8:151:350:(75)ms throughput=36rps rr=44.44% cr=0.00% errors=0 total=4767
[1371732906.352665] latency=3:5:5:107:383:(66)ms throughput=38rps rr=31.58% cr=0.00% errors=0 total=4805
[1371732907.356671] latency=3:5:6:123:319:(63)ms throughput=46rps rr=39.13% cr=0.00% errors=0 total=4851
[1371732908.360693] latency=4:5:6:88:277:(57)ms throughput=33rps rr=39.39% cr=0.00% errors=0 total=4884
[1371732909.364708] latency=4:5:21:150:323:(86)ms throughput=26rps rr=46.15% cr=0.00% errors=0 total=4910
[1371732910.368680] latency=4:5:6:85:223:(45)ms throughput=30rps rr=33.33% cr=0.00% errors=0 total=4940
[1371732911.372710] latency=4:5:5:98:220:(47)ms throughput=37rps rr=35.14% cr=0.00% errors=0 total=4977
[1371732912.376715] latency=3:5:6:42:337:(55)ms throughput=47rps rr=25.53% cr=0.00% errors=0 total=5024
[1371732913.380709] latency=3:4:5:8:168:(30)ms throughput=33rps rr=24.24% cr=0.00% errors=0 total=5057
[1371732914.384704] latency=5:5:6:7:169:(27)ms throughput=19rps rr=15.79% cr=0.00% errors=0 total=5076
[1371732915.388709] latency=3:4:6:145:298:(63)ms throughput=36rps rr=41.67% cr=0.00% errors=0 total=5112
[1371732916.392715] latency=3:4:23:229:362:(119)ms throughput=34rps rr=52.94% cr=0.00% errors=0 total=5146
[1371732917.396737] latency=3:5:56:206:405:(108)ms throughput=31rps rr=58.06% cr=0.00% errors=0 total=5177
[1371732918.400631] latency=4:5:7:159:290:(73)ms throughput=32rps rr=40.62% cr=0.00% errors=0 total=5209
[1371732919.404699] latency=4:5:6:51:187:(44)ms throughput=29rps rr=34.48% cr=0.00% errors=0 total=5238
[1371732920.408684] latency=3:5:6:85:253:(52)ms throughput=34rps rr=41.18% cr=0.00% errors=0 total=5272
[1371732921.412697] latency=4:5:7:100:265:(64)ms throughput=34rps rr=52.94% cr=0.00% errors=0 total=5306
[1371732922.416643] latency=4:5:8:51:260:(48)ms throughput=29rps rr=34.48% cr=0.00% errors=0 total=5335
[1371732923.420705] latency=4:5:7:80:225:(54)ms throughput=25rps rr=52.00% cr=0.00% errors=0 total=5360
[1371732924.424703] latency=4:5:10:176:343:(82)ms throughput=38rps rr=47.37% cr=0.00% errors=0 total=5398
[1371732925.428688] latency=3:5:8:130:301:(74)ms throughput=26rps rr=38.46% cr=0.00% errors=0 total=5424
[1371732926.440703] latency=3:5:50:112:472:(102)ms throughput=39rps rr=33.33% cr=0.00% errors=0 total=5463
[1371732927.444708] latency=3:6:24:294:1203:(206)ms throughput=31rps rr=35.48% cr=0.00% errors=0 total=5494
[1371732928.448693] latency=3:11:352:898:1619:(496)ms throughput=35rps rr=62.86% cr=0.00% errors=0 total=5529
[1371732929.452642] latency=3:5:37:670:1776:(364)ms throughput=33rps rr=42.42% cr=0.00% errors=0 total=5562
[1371732930.456674] latency=3:6:38:458:1322:(286)ms throughput=47rps rr=44.68% cr=0.00% errors=0 total=5609
[1371732931.460668] latency=3:5:9:184:1135:(158)ms throughput=32rps rr=43.75% cr=0.00% errors=0 total=5641
[1371732932.464682] latency=3:4:7:84:275:(55)ms throughput=32rps rr=43.75% cr=0.00% errors=0 total=5673
[1371732933.468669] latency=3:5:9:137:314:(69)ms throughput=41rps rr=46.34% cr=0.00% errors=0 total=5714
[1371732934.472689] latency=4:5:8:82:232:(50)ms throughput=23rps rr=47.83% cr=0.00% errors=0 total=5737
[1371732935.476662] latency=3:4:7:61:367:(61)ms throughput=39rps rr=33.33% cr=0.00% errors=0 total=5776
[1371732936.480670] latency=3:5:26:193:595:(123)ms throughput=42rps rr=47.62% cr=0.00% errors=0 total=5818
[1371732937.484662] latency=4:5:6:109:211:(48)ms throughput=36rps rr=38.89% cr=0.00% errors=0 total=5854
[1371732938.488630] latency=3:5:7:91:179:(48)ms throughput=26rps rr=34.62% cr=0.00% errors=0 total=5880
[1371732939.492665] latency=3:5:7:94:228:(43)ms throughput=42rps rr=33.33% cr=0.00% errors=0 total=5922
[1371732940.496675] latency=3:5:6:53:246:(46)ms throughput=32rps rr=37.50% cr=0.00% errors=0 total=5954
[1371732941.500655] latency=3:4:15:219:388:(111)ms throughput=37rps rr=48.65% cr=0.00% errors=0 total=5991
[1371732942.504656] latency=3:5:7:95:349:(72)ms throughput=45rps rr=40.00% cr=0.00% errors=0 total=6036
[1371732943.508656] latency=3:5:6:68:202:(43)ms throughput=28rps rr=32.14% cr=0.00% errors=0 total=6064
[1371732944.512647] latency=3:5:5:32:195:(39)ms throughput=30rps rr=33.33% cr=0.00% errors=0 total=6094
[1371732945.516671] latency=3:5:7:109:214:(58)ms throughput=25rps rr=52.00% cr=0.00% errors=0 total=6119
[1371732946.520651] latency=4:5:6:130:209:(56)ms throughput=32rps rr=34.38% cr=0.00% errors=0 total=6151
[1371732947.524650] latency=3:4:7:105:235:(61)ms throughput=30rps rr=43.33% cr=0.00% errors=0 total=6181
[1371732948.528650] latency=3:5:5:85:247:(51)ms throughput=37rps rr=32.43% cr=0.00% errors=0 total=6218
[1371732949.532654] latency=4:5:9:121:255:(66)ms throughput=33rps rr=42.42% cr=0.00% errors=0 total=6251
[1371732950.536648] latency=3:5:25:100:289:(64)ms throughput=35rps rr=54.29% cr=0.00% errors=0 total=6286
[1371732951.540643] latency=3:4:5:61:276:(54)ms throughput=33rps rr=42.42% cr=0.00% errors=0 total=6319
[1371732952.544659] latency=3:4:5:51:298:(46)ms throughput=35rps rr=37.14% cr=0.00% errors=0 total=6354
[1371732953.548645] latency=5:5:31:117:176:(62)ms throughput=24rps rr=54.17% cr=0.00% errors=0 total=6378
[1371732954.552657] latency=3:5:17:431:691:(192)ms throughput=24rps rr=50.00% cr=0.00% errors=0 total=6402
[1371732955.556648] latency=3:5:62:180:435:(103)ms throughput=34rps rr=52.94% cr=0.00% errors=0 total=6436
[1371732956.560648] latency=3:6:52:181:667:(144)ms throughput=38rps rr=39.47% cr=0.00% errors=0 total=6474
[1371732957.564884] latency=3:6:10:86:406:(84)ms throughput=23rps rr=30.43% cr=0.00% errors=0 total=6497
[1371732958.568641] latency=3:8:85:630:1424:(343)ms throughput=31rps rr=51.61% cr=0.00% errors=0 total=6528
[1371732959.600671] latency=3:4:62:497:1226:(271)ms throughput=35rps rr=50.00% cr=0.00% errors=0 total=6564
[1371732960.604652] latency=3:5:76:257:764:(149)ms throughput=23rps rr=52.17% cr=0.00% errors=0 total=6587
[1371732961.608668] latency=3:6:72:411:781:(242)ms throughput=27rps rr=59.26% cr=0.00% errors=0 total=6614
[1371732962.612690] latency=4:5:6:94:209:(49)ms throughput=27rps rr=29.63% cr=0.00% errors=0 total=6641
[1371732963.616644] latency=nan:nan:nan:nan:nan:(-nan)ms throughput=0rps rr=-nan% cr=-nan% errors=0 total=6641
[1371732964.620656] latency=nan:nan:nan:nan:nan:(-nan)ms throughput=0rps rr=-nan% cr=-nan% errors=0 total=6641
[1371732965.632645] latency=nan:nan:nan:nan:nan:(-nan)ms throughput=0rps rr=-nan% cr=-nan% errors=0 total=6641
[1371732966.636645] latency=nan:nan:nan:nan:nan:(-nan)ms throughput=0rps rr=-nan% cr=-nan% errors=0 total=6641
[1371732967.640633] latency=nan:nan:nan:nan:nan:(-nan)ms throughput=0rps rr=-nan% cr=-nan% errors=0 total=6641
[1371732968.644654] latency=nan:nan:nan:nan:nan:(-nan)ms throughput=0rps rr=-nan% cr=-nan% errors=0 total=6641
[1371732969.648642] latency=nan:nan:nan:nan:nan:(-nan)ms throughput=0rps rr=-nan% cr=-nan% errors=0 total=6641
[1371732970.652660] latency=7368:3686:7368:7368:7368:(7368)ms throughput=1rps rr=100.00% cr=0.00% errors=0 total=6642
[1371732971.656647] latency=nan:nan:nan:nan:nan:(-nan)ms throughput=0rps rr=-nan% cr=-nan% errors=0 total=6642
[1371732972.660646] latency=10000:10001:10001:10002:10002:(10001)ms throughput=7rps rr=0.00% cr=0.00% errors=7 total=6649
[1371732973.664662] latency=7290:10001:10001:10002:10002:(9922)ms throughput=34rps rr=0.00% cr=0.00% errors=33 total=6683
[1371732974.668673] latency=3:747:7711:9430:10002:(5908)ms throughput=69rps rr=8.70% cr=0.00% errors=5 total=6752
[1371732975.672662] latency=4:7:49:1238:10002:(2091)ms throughput=37rps rr=37.84% cr=0.00% errors=4 total=6789
[1371732976.676654] latency=3:5:7:221:1340:(185)ms throughput=36rps rr=30.56% cr=0.00% errors=0 total=6825
[1371732977.680669] latency=4:5:5:8:157:(27)ms throughput=28rps rr=21.43% cr=0.00% errors=0 total=6853
[1371732978.684661] latency=4:5:5:8:208:(34)ms throughput=31rps rr=19.35% cr=0.00% errors=0 total=6884
[1371732979.688648] latency=5:5:6:77:289:(60)ms throughput=15rps rr=6.67% cr=0.00% errors=0 total=6899
[1371732980.692656] latency=nan:nan:nan:nan:nan:(-nan)ms throughput=0rps rr=-nan% cr=-nan% errors=0 total=6899
[1371732981.696654] latency=2253:1129:2253:2253:2253:(2253)ms throughput=1rps rr=100.00% cr=0.00% errors=0 total=6900
[1371732982.700657] latency=nan:nan:nan:nan:nan:(-nan)ms throughput=0rps rr=-nan% cr=-nan% errors=0 total=6900
[1371732983.704666] latency=nan:nan:nan:nan:nan:(-nan)ms throughput=0rps rr=-nan% cr=-nan% errors=0 total=6900
[1371732984.708650] latency=nan:nan:nan:nan:nan:(-nan)ms throughput=0rps rr=-nan% cr=-nan% errors=0 total=6900
[1371732985.724668] latency=9:784:3367:4547:6402:(2773)ms throughput=79rps rr=6.25% cr=0.00% errors=0 total=6980
[1371732986.728637] latency=8:17:59:120:5404:(760)ms throughput=24rps rr=16.67% cr=0.00% errors=0 total=7004
[1371732987.732649] latency=5:32:84:128:7455:(874)ms throughput=27rps rr=7.41% cr=0.00% errors=0 total=7031
[1371732988.736649] latency=4:49:93:200:8448:(966)ms throughput=37rps rr=8.11% cr=0.00% errors=0 total=7068
[1371732989.740596] latency=8:51:131:283:9817:(1177)ms throughput=34rps rr=20.59% cr=0.00% errors=0 total=7102
[1371732990.744678] latency=3:11:76:3213:8948:(1597)ms throughput=49rps rr=40.82% cr=0.00% errors=0 total=7151
[1371732991.748654] latency=4:5:5:7:130:(14)ms throughput=34rps rr=8.82% cr=0.00% errors=0 total=7185
[1371732992.752641] latency=4:5:5:5:8:(5)ms throughput=27rps rr=3.70% cr=0.00% errors=0 total=7212
[1371732993.756709] latency=4:5:5:7:214:(14)ms throughput=37rps rr=8.11% cr=0.00% errors=0 total=7249
[1371732994.760674] latency=4:5:5:5:199:(16)ms throughput=27rps rr=7.41% cr=0.00% errors=0 total=7276
[1371732995.764688] latency=4:5:5:7:182:(18)ms throughput=40rps rr=7.50% cr=0.00% errors=0 total=7316
[1371732996.768691] latency=4:5:5:6:180:(10)ms throughput=41rps rr=2.44% cr=0.00% errors=0 total=7357
[1371732997.772711] latency=4:5:5:6:208:(15)ms throughput=33rps rr=9.09% cr=0.00% errors=0 total=7390
[1371732998.776649] latency=4:5:5:6:196:(12)ms throughput=32rps rr=6.25% cr=0.00% errors=0 total=7422
[1371732999.780693] latency=4:5:5:6:197:(16)ms throughput=35rps rr=8.57% cr=0.00% errors=0 total=7457
[1371733000.784700] latency=4:5:5:5:133:(15)ms throughput=30rps rr=10.00% cr=0.00% errors=0 total=7487
[1371733001.788674] latency=4:5:5:7:121:(22)ms throughput=17rps rr=17.65% cr=0.00% errors=0 total=7504
[1371733002.792683] latency=nan:nan:nan:nan:nan:(-nan)ms throughput=0rps rr=-nan% cr=-nan% errors=0 total=7504
[1371733003.796653] latency=nan:nan:nan:nan:nan:(-nan)ms throughput=0rps rr=-nan% cr=-nan% errors=0 total=7504
[1371733004.800649] latency=nan:nan:nan:nan:nan:(-nan)ms throughput=0rps rr=-nan% cr=-nan% errors=0 total=7504
[1371733005.804633] latency=nan:nan:nan:nan:nan:(-nan)ms throughput=0rps rr=-nan% cr=-nan% errors=0 total=7504
[1371733006.808659] latency=nan:nan:nan:nan:nan:(-nan)ms throughput=0rps rr=-nan% cr=-nan% errors=0 total=7504
[1371733007.812650] latency=nan:nan:nan:nan:nan:(-nan)ms throughput=0rps rr=-nan% cr=-nan% errors=0 total=7504
[1371733008.816646] latency=nan:nan:nan:nan:nan:(-nan)ms throughput=0rps rr=-nan% cr=-nan% errors=0 total=7504
[1371733009.820686] latency=nan:nan:nan:nan:nan:(-nan)ms throughput=0rps rr=-nan% cr=-nan% errors=0 total=7504
[1371733010.824619] latency=nan:nan:nan:nan:nan:(-nan)ms throughput=0rps rr=-nan% cr=-nan% errors=0 total=7504
[1371733011.828658] latency=10001:10001:10001:10002:10002:(10001)ms throughput=11rps rr=0.00% cr=0.00% errors=11 total=7515
[1371733012.832693] latency=10000:10001:10001:10002:10002:(10001)ms throughput=27rps rr=0.00% cr=0.00% errors=27 total=7542
[1371733013.836653] latency=10000:10001:10001:10002:10002:(10001)ms throughput=19rps rr=0.00% cr=0.00% errors=19 total=7561
[1371733014.840606] latency=10000:10001:10002:10002:10002:(10001)ms throughput=9rps rr=0.00% cr=0.00% errors=9 total=7570
[1371733015.844647] latency=10000:10001:10002:10002:10002:(10001)ms throughput=8rps rr=0.00% cr=0.00% errors=8 total=7578
[1371733016.848669] latency=10001:10001:10002:10002:10002:(10002)ms throughput=5rps rr=0.00% cr=0.00% errors=5 total=7583
[1371733017.852655] latency=10001:10001:10002:10002:10002:(10001)ms throughput=4rps rr=0.00% cr=0.00% errors=4 total=7587
[1371733018.856622] latency=10000:10000:10000:10001:10001:(10000)ms throughput=4rps rr=0.00% cr=0.00% errors=4 total=7591
[1371733019.860715] latency=10000:10001:10000:10000:10000:(10000)ms throughput=1rps rr=0.00% cr=0.00% errors=1 total=7592
[1371733020.864678] latency=10001:10001:10001:10001:10002:(10001)ms throughput=5rps rr=0.00% cr=0.00% errors=5 total=7597
[1371733021.868644] latency=10000:10000:10001:10001:10001:(10001)ms throughput=3rps rr=0.00% cr=0.00% errors=3 total=7600
[1371733022.872656] latency=10000:10001:10001:10001:10002:(10001)ms throughput=11rps rr=0.00% cr=0.00% errors=11 total=7611
[1371733023.876628] latency=165:5321:7283:10001:10002:(6984)ms throughput=33rps rr=0.00% cr=0.00% errors=11 total=7644
[1371733024.880676] latency=3:103:4913:8209:10002:(4239)ms throughput=67rps rr=13.43% cr=0.00% errors=6 total=7711
[1371733025.884652] latency=4:6:22:281:10002:(1136)ms throughput=32rps rr=15.62% cr=0.00% errors=2 total=7743
[1371733026.888674] latency=3:6:53:1534:9507:(1606)ms throughput=31rps rr=38.71% cr=0.00% errors=0 total=7774
[1371733027.892642] latency=3:5:45:809:10002:(838)ms throughput=41rps rr=43.90% cr=0.00% errors=1 total=7815
[1371733028.896683] latency=4:5:5:7:166:(16)ms throughput=34rps rr=8.82% cr=0.00% errors=0 total=7849
[1371733029.928651] latency=5:5:7:7:9:(7)ms throughput=5rps rr=0.00% cr=0.00% errors=0 total=7854
[1371733030.944662] latency=nan:nan:nan:nan:nan:(-nan)ms throughput=0rps rr=-nan% cr=-nan% errors=0 total=7854
[1371733031.948640] latency=nan:nan:nan:nan:nan:(-nan)ms throughput=0rps rr=-nan% cr=-nan% errors=0 total=7854
[1371733032.952647] latency=nan:nan:nan:nan:nan:(-nan)ms throughput=0rps rr=-nan% cr=-nan% errors=0 total=7854
[1371733033.956651] latency=nan:nan:nan:nan:nan:(-nan)ms throughput=0rps rr=-nan% cr=-nan% errors=0 total=7854
[1371733034.960653] latency=4:2039:4377:4916:5526:(3583)ms throughput=74rps rr=2.70% cr=0.00% errors=0 total=7928
[1371733035.964638] latency=3:5:15:2713:6102:(1490)ms throughput=37rps rr=48.65% cr=0.00% errors=0 total=7965
[1371733036.968667] latency=4:4:5:5:221:(21)ms throughput=32rps rr=9.38% cr=0.00% errors=0 total=7997
[1371733037.972640] latency=3:4:5:77:269:(48)ms throughput=35rps rr=28.57% cr=0.00% errors=0 total=8032
[1371733038.976659] latency=4:5:5:5:182:(17)ms throughput=34rps rr=11.76% cr=0.00% errors=0 total=8066
[1371733039.980656] latency=4:5:5:7:205:(22)ms throughput=37rps rr=10.81% cr=0.00% errors=0 total=8103
[1371733040.984656] latency=4:5:28:73:120:(41)ms throughput=15rps rr=13.33% cr=0.00% errors=0 total=8118
[1371733041.988636] latency=nan:nan:nan:nan:nan:(-nan)ms throughput=0rps rr=-nan% cr=-nan% errors=0 total=8118
[1371733042.992648] latency=nan:nan:nan:nan:nan:(-nan)ms throughput=0rps rr=-nan% cr=-nan% errors=0 total=8118
[1371733043.996658] latency=nan:nan:nan:nan:nan:(-nan)ms throughput=0rps rr=-nan% cr=-nan% errors=0 total=8118
[1371733045.000647] latency=nan:nan:nan:nan:nan:(-nan)ms throughput=0rps rr=-nan% cr=-nan% errors=0 total=8118
[1371733046.004667] latency=nan:nan:nan:nan:nan:(-nan)ms throughput=0rps rr=-nan% cr=-nan% errors=0 total=8118
[1371733047.008655] latency=nan:nan:nan:nan:nan:(-nan)ms throughput=0rps rr=-nan% cr=-nan% errors=0 total=8118
[1371733048.012650] latency=nan:nan:nan:nan:nan:(-nan)ms throughput=0rps rr=-nan% cr=-nan% errors=0 total=8118
[1371733049.016669] latency=nan:nan:nan:nan:nan:(-nan)ms throughput=0rps rr=-nan% cr=-nan% errors=0 total=8118
[1371733050.020650] latency=nan:nan:nan:nan:nan:(-nan)ms throughput=0rps rr=-nan% cr=-nan% errors=0 total=8118
[1371733051.024649] latency=9465:10001:10001:10002:10002:(9975)ms throughput=20rps rr=0.00% cr=0.00% errors=19 total=8138
[1371733052.028649] latency=3:596:6326:9051:10002:(5448)ms throughput=98rps rr=7.14% cr=0.00% errors=11 total=8236
[1371733053.032664] latency=4:5:5:6:152:(12)ms throughput=45rps rr=6.67% cr=0.00% errors=0 total=8281
[1371733054.040673] latency=4:5:5:7:210:(24)ms throughput=33rps rr=15.15% cr=0.00% errors=0 total=8314
[1371733055.044688] latency=4:5:5:6:134:(11)ms throughput=30rps rr=10.00% cr=0.00% errors=0 total=8344
[1371733056.048640] latency=4:5:5:5:8:(5)ms throughput=30rps rr=0.00% cr=0.00% errors=0 total=8374
[1371733057.052671] latency=4:5:5:6:8:(5)ms throughput=30rps rr=0.00% cr=0.00% errors=0 total=8404
[1371733058.056653] latency=4:5:5:5:195:(13)ms throughput=37rps rr=8.11% cr=0.00% errors=0 total=8441
[1371733059.060647] latency=4:5:5:7:115:(13)ms throughput=25rps rr=8.00% cr=0.00% errors=0 total=8466
[1371733060.064666] latency=4:5:5:7:126:(9)ms throughput=40rps rr=7.50% cr=0.00% errors=0 total=8506
[1371733061.068642] latency=4:5:5:6:199:(25)ms throughput=29rps rr=10.34% cr=0.00% errors=0 total=8535
[1371733062.072631] latency=4:5:5:5:150:(13)ms throughput=32rps rr=9.38% cr=0.00% errors=0 total=8567
[1371733063.076655] latency=5:5:6:6:8:(6)ms throughput=15rps rr=0.00% cr=0.00% errors=0 total=8582
[1371733064.080650] latency=nan:nan:nan:nan:nan:(-nan)ms throughput=0rps rr=-nan% cr=-nan% errors=0 total=8582
[1371733065.084671] latency=nan:nan:nan:nan:nan:(-nan)ms throughput=0rps rr=-nan% cr=-nan% errors=0 total=8582
[1371733066.088633] latency=nan:nan:nan:nan:nan:(-nan)ms throughput=0rps rr=-nan% cr=-nan% errors=0 total=8582
[1371733067.092614] latency=nan:nan:nan:nan:nan:(-nan)ms throughput=0rps rr=-nan% cr=-nan% errors=0 total=8582
[1371733068.096633] latency=nan:nan:nan:nan:nan:(-nan)ms throughput=0rps rr=-nan% cr=-nan% errors=0 total=8582
[1371733069.100632] latency=nan:nan:nan:nan:nan:(-nan)ms throughput=0rps rr=-nan% cr=-nan% errors=0 total=8582
[1371733070.104629] latency=nan:nan:nan:nan:nan:(-nan)ms throughput=0rps rr=-nan% cr=-nan% errors=0 total=8582
[1371733071.108637] latency=3838:3838:4367:5469:6570:(4925)ms throughput=3rps rr=0.00% cr=0.00% errors=0 total=8585
[1371733072.112629] latency=5670:5019:5670:5670:5670:(5670)ms throughput=1rps rr=0.00% cr=0.00% errors=0 total=8586
[1371733073.128625] latency=9999:10001:10001:10002:10002:(10001)ms throughput=17rps rr=0.00% cr=0.00% errors=17 total=8603
[1371733074.132677] latency=3:3712:7917:9258:10002:(6438)ms throughput=96rps rr=3.12% cr=0.00% errors=6 total=8699
[1371733075.136640] latency=4:5:5:5:97:(8)ms throughput=38rps rr=5.26% cr=0.00% errors=0 total=8737
[1371733076.140718] latency=4:5:5:5:146:(11)ms throughput=26rps rr=3.85% cr=0.00% errors=0 total=8763
[1371733077.144668] latency=4:5:5:6:195:(11)ms throughput=34rps rr=2.94% cr=0.00% errors=0 total=8797
[1371733078.148655] latency=4:5:5:5:23:(6)ms throughput=35rps rr=2.86% cr=0.00% errors=0 total=8832
[1371733079.152642] latency=4:5:5:5:99:(8)ms throughput=33rps rr=3.03% cr=0.00% errors=0 total=8865
[1371733080.156636] latency=4:5:5:5:141:(11)ms throughput=41rps rr=4.88% cr=0.00% errors=0 total=8906
[1371733081.160650] latency=4:5:5:5:103:(9)ms throughput=24rps rr=4.17% cr=0.00% errors=0 total=8930
[1371733082.164646] latency=4:5:5:5:8:(5)ms throughput=30rps rr=0.00% cr=0.00% errors=0 total=8960
[1371733083.168632] latency=4:5:5:5:8:(5)ms throughput=24rps rr=0.00% cr=0.00% errors=0 total=8984
[1371733084.172611] latency=4:5:5:7:129:(11)ms throughput=35rps rr=5.71% cr=0.00% errors=0 total=9019
[1371733085.176612] latency=4:5:5:7:201:(27)ms throughput=17rps rr=17.65% cr=0.00% errors=0 total=9036
[1371733086.180621] latency=nan:nan:nan:nan:nan:(-nan)ms throughput=0rps rr=-nan% cr=-nan% errors=0 total=9036
[1371733087.184579] latency=nan:nan:nan:nan:nan:(-nan)ms throughput=0rps rr=-nan% cr=-nan% errors=0 total=9036
[1371733088.188626] latency=nan:nan:nan:nan:nan:(-nan)ms throughput=0rps rr=-nan% cr=-nan% errors=0 total=9036
[1371733089.192647] latency=nan:nan:nan:nan:nan:(-nan)ms throughput=0rps rr=-nan% cr=-nan% errors=0 total=9036
[1371733090.196647] latency=nan:nan:nan:nan:nan:(-nan)ms throughput=0rps rr=-nan% cr=-nan% errors=0 total=9036
[1371733091.200657] latency=nan:nan:nan:nan:nan:(-nan)ms throughput=0rps rr=-nan% cr=-nan% errors=0 total=9036
[1371733092.204607] latency=nan:nan:nan:nan:nan:(-nan)ms throughput=0rps rr=-nan% cr=-nan% errors=0 total=9036
[1371733093.208630] latency=nan:nan:nan:nan:nan:(-nan)ms throughput=0rps rr=-nan% cr=-nan% errors=0 total=9036
[1371733094.212663] latency=6840:7649:8066:8625:8702:(7992)ms throughput=6rps rr=0.00% cr=0.00% errors=0 total=9042
[1371733095.216628] latency=10000:10001:10001:10002:10002:(10001)ms throughput=15rps rr=0.00% cr=0.00% errors=15 total=9057
[1371733096.220692] latency=3:4446:7859:9469:10002:(6574)ms throughput=87rps rr=3.45% cr=0.00% errors=14 total=9144
[1371733097.224632] latency=4:5:5:6:9540:(493)ms throughput=35rps rr=5.71% cr=0.00% errors=0 total=9179
[1371733098.228686] latency=4:5:5:6:8:(5)ms throughput=33rps rr=0.00% cr=0.00% errors=0 total=9212
[1371733099.232631] latency=4:5:5:6:143:(8)ms throughput=45rps rr=2.22% cr=0.00% errors=0 total=9257
[1371733100.236644] latency=4:5:5:5:7:(5)ms throughput=29rps rr=0.00% cr=0.00% errors=0 total=9286
[1371733101.240648] latency=4:5:5:6:75:(7)ms throughput=30rps rr=3.33% cr=0.00% errors=0 total=9316
[1371733102.244664] latency=4:5:5:7:74:(9)ms throughput=19rps rr=10.53% cr=0.00% errors=0 total=9335
[1371733103.248645] latency=4:5:5:7:120:(9)ms throughput=34rps rr=2.94% cr=0.00% errors=0 total=9369
[1371733104.252643] latency=4:5:5:6:8:(5)ms throughput=45rps rr=0.00% cr=0.00% errors=0 total=9414
[1371733105.256647] latency=4:5:5:7:113:(11)ms throughput=37rps rr=10.81% cr=0.00% errors=0 total=9451
[1371733106.260658] latency=4:5:5:6:176:(14)ms throughput=26rps rr=11.54% cr=0.00% errors=0 total=9477
[1371733107.264731] latency=4:5:5:5:8:(5)ms throughput=19rps rr=0.00% cr=0.00% errors=0 total=9496
[1371733108.268699] latency=nan:nan:nan:nan:nan:(-nan)ms throughput=0rps rr=-nan% cr=-nan% errors=0 total=9496
[1371733109.272622] latency=nan:nan:nan:nan:nan:(-nan)ms throughput=0rps rr=-nan% cr=-nan% errors=0 total=9496
[1371733110.276631] latency=nan:nan:nan:nan:nan:(-nan)ms throughput=0rps rr=-nan% cr=-nan% errors=0 total=9496
[1371733111.284623] latency=nan:nan:nan:nan:nan:(-nan)ms throughput=0rps rr=-nan% cr=-nan% errors=0 total=9496
[1371733112.288621] latency=nan:nan:nan:nan:nan:(-nan)ms throughput=0rps rr=-nan% cr=-nan% errors=0 total=9496
[1371733113.292690] latency=3302:3302:3379:3455:3455:(3379)ms throughput=2rps rr=0.00% cr=0.00% errors=0 total=9498
[1371733114.296651] latency=nan:nan:nan:nan:nan:(-nan)ms throughput=0rps rr=-nan% cr=-nan% errors=0 total=9498
[1371733115.300656] latency=5262:4359:5262:5262:5262:(5262)ms throughput=1rps rr=0.00% cr=0.00% errors=0 total=9499
[1371733116.304647] latency=nan:nan:nan:nan:nan:(-nan)ms throughput=0rps rr=-nan% cr=-nan% errors=0 total=9499
[1371733117.308658] latency=10001:10001:10002:10002:10002:(10002)ms throughput=7rps rr=0.00% cr=0.00% errors=7 total=9506
[1371733118.312699] latency=4:6092:8372:9914:10002:(7236)ms throughput=86rps rr=3.49% cr=0.00% errors=18 total=9592
[1371733119.316647] latency=3:5:6:451:10000:(1690)ms throughput=42rps rr=33.33% cr=0.00% errors=1 total=9634
[1371733120.320702] latency=4:5:5:5:8:(5)ms throughput=19rps rr=0.00% cr=0.00% errors=0 total=9653
[1371733121.324647] latency=4:5:5:6:96:(11)ms throughput=40rps rr=7.50% cr=0.00% errors=0 total=9693
[1371733122.328694] latency=5:5:5:5:106:(13)ms throughput=24rps rr=12.50% cr=0.00% errors=0 total=9717
[1371733123.332686] latency=4:5:5:5:162:(9)ms throughput=36rps rr=2.78% cr=0.00% errors=0 total=9753
[1371733124.352674] latency=5:5:5:6:8:(6)ms throughput=6rps rr=0.00% cr=0.00% errors=0 total=9759
[1371733125.356660] latency=nan:nan:nan:nan:nan:(-nan)ms throughput=0rps rr=-nan% cr=-nan% errors=0 total=9759
[1371733126.360690] latency=nan:nan:nan:nan:nan:(-nan)ms throughput=0rps rr=-nan% cr=-nan% errors=0 total=9759
[1371733127.364622] latency=nan:nan:nan:nan:nan:(-nan)ms throughput=0rps rr=-nan% cr=-nan% errors=0 total=9759
[1371733128.368618] latency=nan:nan:nan:nan:nan:(-nan)ms throughput=0rps rr=-nan% cr=-nan% errors=0 total=9759
[1371733129.372743] latency=nan:nan:nan:nan:nan:(-nan)ms throughput=0rps rr=-nan% cr=-nan% errors=0 total=9759
[1371733130.376671] latency=nan:nan:nan:nan:nan:(-nan)ms throughput=0rps rr=-nan% cr=-nan% errors=0 total=9759
[1371733131.380653] latency=nan:nan:nan:nan:nan:(-nan)ms throughput=0rps rr=-nan% cr=-nan% errors=0 total=9759
[1371733132.384649] latency=nan:nan:nan:nan:nan:(-nan)ms throughput=0rps rr=-nan% cr=-nan% errors=0 total=9759
[1371733133.388656] latency=nan:nan:nan:nan:nan:(-nan)ms throughput=0rps rr=-nan% cr=-nan% errors=0 total=9759
[1371733134.392729] latency=10000:10001:10001:10002:10002:(10001)ms throughput=31rps rr=0.00% cr=0.00% errors=31 total=9790
[1371733135.396666] latency=10000:10001:10001:10002:10002:(10001)ms throughput=22rps rr=0.00% cr=0.00% errors=22 total=9812
[1371733136.400640] latency=9152:10001:10001:10002:10002:(9912)ms throughput=16rps rr=0.00% cr=0.00% errors=14 total=9828
[1371733137.404653] latency=10001:10001:10001:10002:10002:(10002)ms throughput=5rps rr=0.00% cr=0.00% errors=5 total=9833
[1371733138.408653] latency=10000:10000:10001:10001:10002:(10001)ms throughput=6rps rr=0.00% cr=0.00% errors=6 total=9839
[1371733139.412652] latency=10000:10000:10001:10002:10002:(10001)ms throughput=7rps rr=0.00% cr=0.00% errors=7 total=9846
[1371733140.416673] latency=2497:5111:6750:10001:10002:(7231)ms throughput=17rps rr=0.00% cr=0.00% errors=7 total=9863
[1371733141.420671] latency=4:111:2696:4445:10002:(2805)ms throughput=79rps rr=8.86% cr=0.00% errors=1 total=9942
[1371733142.424661] latency=3:7:25:1045:6695:(1131)ms throughput=43rps rr=44.19% cr=0.00% errors=0 total=9985
[1371733143.428643] latency=4:5:5:6:474:(50)ms throughput=26rps rr=23.08% cr=0.00% errors=0 total=10011
[1371733144.432650] latency=4:5:5:7:24:(6)ms throughput=24rps rr=8.33% cr=0.00% errors=0 total=10035
[1371733145.436661] latency=4:5:5:8:228:(43)ms throughput=35rps rr=20.00% cr=0.00% errors=0 total=10070
[1371733146.440665] latency=8:8:8:9:9:(8)ms throughput=2rps rr=0.00% cr=0.00% errors=0 total=10072
[1371733147.444640] latency=nan:nan:nan:nan:nan:(-nan)ms throughput=0rps rr=-nan% cr=-nan% errors=0 total=10072
[1371733148.448668] latency=nan:nan:nan:nan:nan:(-nan)ms throughput=0rps rr=-nan% cr=-nan% errors=0 total=10072
[1371733149.452611] latency=nan:nan:nan:nan:nan:(-nan)ms throughput=0rps rr=-nan% cr=-nan% errors=0 total=10072
[1371733150.456671] latency=nan:nan:nan:nan:nan:(-nan)ms throughput=0rps rr=-nan% cr=-nan% errors=0 total=10072
[1371733151.460713] latency=nan:nan:nan:nan:nan:(-nan)ms throughput=0rps rr=-nan% cr=-nan% errors=0 total=10072
[1371733152.464642] latency=nan:nan:nan:nan:nan:(-nan)ms throughput=0rps rr=-nan% cr=-nan% errors=0 total=10072
[1371733153.468640] latency=nan:nan:nan:nan:nan:(-nan)ms throughput=0rps rr=-nan% cr=-nan% errors=0 total=10072
[1371733154.472648] latency=nan:nan:nan:nan:nan:(-nan)ms throughput=0rps rr=-nan% cr=-nan% errors=0 total=10072
[1371733155.476654] latency=nan:nan:nan:nan:nan:(-nan)ms throughput=0rps rr=-nan% cr=-nan% errors=0 total=10072
[1371733156.480667] latency=6750:10001:10001:10002:10002:(9866)ms throughput=24rps rr=0.00% cr=0.00% errors=23 total=10096
[1371733157.484663] latency=9999:10001:10001:10002:10002:(10001)ms throughput=24rps rr=0.00% cr=0.00% errors=24 total=10120
[1371733157.516005] set concurrency=50
[1371733158.516645] latency=10000:10001:10001:10002:10002:(10001)ms throughput=11rps rr=0.00% cr=0.00% errors=11 total=10131
[1371733159.520664] latency=6604:10000:10001:10002:10002:(9493)ms throughput=15rps rr=0.00% cr=0.00% errors=12 total=10146
[1371733160.524647] latency=6043:10000:10001:10001:10001:(9341)ms throughput=6rps rr=0.00% cr=0.00% errors=5 total=10152
[1371733161.528644] latency=7233:9944:10000:10000:10002:(9681)ms throughput=9rps rr=0.00% cr=0.00% errors=7 total=10161
[1371733162.532654] latency=12:2844:4265:5411:10001:(4353)ms throughput=53rps rr=0.00% cr=0.00% errors=1 total=10214
[1371733163.536682] latency=4:5:5:7:9110:(361)ms throughput=26rps rr=11.54% cr=0.00% errors=0 total=10240
[1371733164.540626] latency=4:5:5:7:7:(6)ms throughput=9rps rr=0.00% cr=0.00% errors=0 total=10249
[1371733165.544647] latency=4:5:5:5:191:(16)ms throughput=17rps rr=5.88% cr=0.00% errors=0 total=10266
[1371733166.548665] latency=4:4:5:5:5:(5)ms throughput=13rps rr=0.00% cr=0.00% errors=0 total=10279
[1371733167.552607] latency=4:5:5:5:58:(9)ms throughput=14rps rr=14.29% cr=0.00% errors=0 total=10293
[1371733168.556640] latency=4:5:5:6:45:(10)ms throughput=9rps rr=11.11% cr=0.00% errors=0 total=10302
[1371733169.560654] latency=nan:nan:nan:nan:nan:(-nan)ms throughput=0rps rr=-nan% cr=-nan% errors=0 total=10302
[1371733170.564626] latency=nan:nan:nan:nan:nan:(-nan)ms throughput=0rps rr=-nan% cr=-nan% errors=0 total=10302
[1371733171.568636] latency=nan:nan:nan:nan:nan:(-nan)ms throughput=0rps rr=-nan% cr=-nan% errors=0 total=10302
[1371733172.572648] latency=3514:3676:3890:4373:4461:(4015)ms throughput=5rps rr=0.00% cr=0.00% errors=0 total=10307
[1371733173.576675] latency=3442:3442:4206:4599:4992:(4213)ms throughput=3rps rr=0.00% cr=0.00% errors=0 total=10310
[1371733174.580631] latency=1576:2549:3795:4550:5540:(3731)ms throughput=7rps rr=0.00% cr=0.00% errors=0 total=10317
[1371733175.584658] latency=3469:3705:4719:6367:6379:(4975)ms throughput=5rps rr=0.00% cr=0.00% errors=0 total=10322
[1371733176.588661] latency=3156:3156:3557:3959:3959:(3557)ms throughput=2rps rr=0.00% cr=0.00% errors=0 total=10324
[1371733177.592642] latency=3855:3907:3855:3855:3855:(3855)ms throughput=1rps rr=0.00% cr=0.00% errors=0 total=10325
[1371733178.596677] latency=781:3839:5835:8186:10001:(5786)ms throughput=25rps rr=0.00% cr=0.00% errors=1 total=10350
[1371733179.600696] latency=5:322:2404:5318:10001:(3352)ms throughput=24rps rr=12.50% cr=0.00% errors=2 total=10374
[1371733180.604630] latency=4:5:5:5:8:(5)ms throughput=11rps rr=0.00% cr=0.00% errors=0 total=10385
[1371733181.608642] latency=4:5:5:5:132:(13)ms throughput=17rps rr=5.88% cr=0.00% errors=0 total=10402
[1371733182.612663] latency=5:5:5:5:7:(5)ms throughput=15rps rr=0.00% cr=0.00% errors=0 total=10417
[1371733183.616638] latency=4:5:5:6:65:(8)ms throughput=25rps rr=4.00% cr=0.00% errors=0 total=10442
[1371733184.620684] latency=5:5:5:5:8:(5)ms throughput=11rps rr=0.00% cr=0.00% errors=0 total=10453
[1371733185.624682] latency=4:5:5:6:21:(6)ms throughput=17rps rr=5.88% cr=0.00% errors=0 total=10470
[1371733186.628792] latency=5:5:5:7:169:(14)ms throughput=20rps rr=5.00% cr=0.00% errors=0 total=10490
[1371733187.632639] latency=4:5:5:7:182:(15)ms throughput=18rps rr=5.56% cr=0.00% errors=0 total=10508
[1371733188.636625] latency=4:5:5:5:8:(5)ms throughput=19rps rr=0.00% cr=0.00% errors=0 total=10527
[1371733189.640677] latency=4:5:5:5:7:(5)ms throughput=14rps rr=0.00% cr=0.00% errors=0 total=10541
[1371733190.644676] latency=4:5:5:5:6:(5)ms throughput=12rps rr=0.00% cr=0.00% errors=0 total=10553
[1371733191.648651] latency=nan:nan:nan:nan:nan:(-nan)ms throughput=0rps rr=-nan% cr=-nan% errors=0 total=10553
[1371733192.652632] latency=nan:nan:nan:nan:nan:(-nan)ms throughput=0rps rr=-nan% cr=-nan% errors=0 total=10553
[1371733193.656639] latency=nan:nan:nan:nan:nan:(-nan)ms throughput=0rps rr=-nan% cr=-nan% errors=0 total=10553
[1371733194.668631] latency=nan:nan:nan:nan:nan:(-nan)ms throughput=0rps rr=-nan% cr=-nan% errors=0 total=10553
[1371733195.672675] latency=3992:3976:3992:3992:3992:(3992)ms throughput=1rps rr=0.00% cr=0.00% errors=0 total=10554
[1371733196.676658] latency=3371:3821:5667:5760:6178:(5049)ms throughput=5rps rr=0.00% cr=0.00% errors=0 total=10559
[1371733197.680668] latency=2363:4824:6702:6918:7067:(5733)ms throughput=7rps rr=14.29% cr=0.00% errors=0 total=10566
[1371733198.684644] latency=nan:nan:nan:nan:nan:(-nan)ms throughput=0rps rr=-nan% cr=-nan% errors=0 total=10566
[1371733199.692645] latency=2859:3409:2859:2859:2859:(2859)ms throughput=1rps rr=0.00% cr=0.00% errors=0 total=10567
[1371733200.696677] latency=10000:10001:10001:10001:10002:(10001)ms throughput=7rps rr=0.00% cr=0.00% errors=7 total=10574
[1371733201.700691] latency=391:3824:7600:9486:10001:(6328)ms throughput=27rps rr=18.52% cr=0.00% errors=5 total=10601
[1371733202.704697] latency=4:24:1984:4974:10001:(3240)ms throughput=29rps rr=62.07% cr=0.00% errors=1 total=10630
[1371733203.708661] latency=4:5:7:52:212:(46)ms throughput=19rps rr=36.84% cr=0.00% errors=0 total=10649
[1371733204.712702] latency=4:6:50:118:187:(70)ms throughput=15rps rr=60.00% cr=0.00% errors=0 total=10664
[1371733205.716678] latency=4:5:5:8:197:(32)ms throughput=22rps rr=22.73% cr=0.00% errors=0 total=10686
[1371733206.720672] latency=4:5:7:65:209:(42)ms throughput=15rps rr=40.00% cr=0.00% errors=0 total=10701
[1371733207.724642] latency=5:5:15:24:24:(15)ms throughput=2rps rr=50.00% cr=0.00% errors=0 total=10703
[1371733208.728653] latency=210:724:1230:1548:1760:(1117)ms throughput=6rps rr=0.00% cr=0.00% errors=0 total=10709
[1371733209.732641] latency=20:65:940:1467:1825:(886)ms throughput=7rps rr=0.00% cr=0.00% errors=0 total=10716
[1371733210.736650] latency=212:389:1359:1745:2521:(1183)ms throughput=10rps rr=20.00% cr=0.00% errors=0 total=10726
[1371733211.740648] latency=46:231:355:704:925:(444)ms throughput=8rps rr=0.00% cr=0.00% errors=0 total=10734
[1371733212.744659] latency=32:546:1054:2831:5704:(1867)ms throughput=12rps rr=33.33% cr=0.00% errors=0 total=10746
[1371733213.748664] latency=14:48:82:2074:6155:(1064)ms throughput=14rps rr=28.57% cr=0.00% errors=0 total=10760
[1371733214.752658] latency=12:71:243:5133:7083:(2505)ms throughput=20rps rr=55.00% cr=0.00% errors=0 total=10780
[1371733215.756659] latency=4:5:7:71:1721:(272)ms throughput=17rps rr=29.41% cr=0.00% errors=0 total=10797
[1371733216.760675] latency=5:5:9:33:249:(42)ms throughput=13rps rr=23.08% cr=0.00% errors=0 total=10810
[1371733217.768671] latency=3:5:7:8:170:(30)ms throughput=15rps rr=20.00% cr=0.00% errors=0 total=10825
[1371733218.772675] latency=4:5:5:6:141:(22)ms throughput=15rps rr=13.33% cr=0.00% errors=0 total=10840
[1371733219.776656] latency=4:5:6:14:157:(21)ms throughput=20rps rr=25.00% cr=0.00% errors=0 total=10860
[1371733220.780647] latency=4:5:5:7:70:(11)ms throughput=15rps rr=13.33% cr=0.00% errors=0 total=10875
[1371733221.784649] latency=4:5:5:7:135:(20)ms throughput=21rps rr=14.29% cr=0.00% errors=0 total=10896
[1371733222.788659] latency=4:5:5:5:146:(15)ms throughput=14rps rr=7.14% cr=0.00% errors=0 total=10910
[1371733223.792679] latency=4:5:5:6:176:(22)ms throughput=10rps rr=10.00% cr=0.00% errors=0 total=10920
[1371733224.796681] latency=nan:nan:nan:nan:nan:(-nan)ms throughput=0rps rr=-nan% cr=-nan% errors=0 total=10920
[1371733225.800577] latency=nan:nan:nan:nan:nan:(-nan)ms throughput=0rps rr=-nan% cr=-nan% errors=0 total=10920
[1371733226.804630] latency=nan:nan:nan:nan:nan:(-nan)ms throughput=0rps rr=-nan% cr=-nan% errors=0 total=10920
[1371733227.808646] latency=nan:nan:nan:nan:nan:(-nan)ms throughput=0rps rr=-nan% cr=-nan% errors=0 total=10920
[1371733228.812616] latency=nan:nan:nan:nan:nan:(-nan)ms throughput=0rps rr=-nan% cr=-nan% errors=0 total=10920
[1371733229.816632] latency=nan:nan:nan:nan:nan:(-nan)ms throughput=0rps rr=-nan% cr=-nan% errors=0 total=10920
[1371733230.820612] latency=nan:nan:nan:nan:nan:(-nan)ms throughput=0rps rr=-nan% cr=-nan% errors=0 total=10920
[1371733231.824626] latency=nan:nan:nan:nan:nan:(-nan)ms throughput=0rps rr=-nan% cr=-nan% errors=0 total=10920
[1371733232.828630] latency=6767:6767:6789:6812:6812:(6789)ms throughput=2rps rr=0.00% cr=0.00% errors=0 total=10922
[1371733233.832639] latency=3980:6919:8592:9638:10002:(8126)ms throughput=24rps rr=0.00% cr=0.00% errors=4 total=10946
[1371733234.836621] latency=3:562:2466:8745:10002:(4124)ms throughput=36rps rr=5.56% cr=0.00% errors=3 total=10982
[1371733235.840629] latency=4:5:6:8:4993:(716)ms throughput=13rps rr=15.38% cr=0.00% errors=0 total=10995
[1371733236.844631] latency=5:5:5:5:24:(7)ms throughput=11rps rr=9.09% cr=0.00% errors=0 total=11006
[1371733237.848632] latency=5:5:5:14:195:(27)ms throughput=16rps rr=25.00% cr=0.00% errors=0 total=11022
[1371733238.852629] latency=5:5:5:6:161:(15)ms throughput=16rps rr=6.25% cr=0.00% errors=0 total=11038
[1371733239.856656] latency=5:5:5:6:150:(16)ms throughput=14rps rr=7.14% cr=0.00% errors=0 total=11052
[1371733240.860636] latency=5:5:53:156:216:(81)ms throughput=8rps rr=50.00% cr=0.00% errors=0 total=11060
[1371733241.864705] latency=4:5:5:6:7:(5)ms throughput=15rps rr=0.00% cr=0.00% errors=0 total=11075
[1371733242.868672] latency=5:5:5:5:8:(5)ms throughput=12rps rr=0.00% cr=0.00% errors=0 total=11087
[1371733243.872627] latency=4:5:5:6:7:(5)ms throughput=15rps rr=0.00% cr=0.00% errors=0 total=11102
[1371733244.876708] latency=4:5:5:6:179:(25)ms throughput=9rps rr=11.11% cr=0.00% errors=0 total=11111
[1371733245.880617] latency=4:5:6:22:249:(51)ms throughput=16rps rr=25.00% cr=0.00% errors=0 total=11127
[1371733246.884620] latency=4:5:5:6:83:(10)ms throughput=17rps rr=5.88% cr=0.00% errors=0 total=11144
[1371733247.888634] latency=4:5:5:7:214:(32)ms throughput=18rps rr=16.67% cr=0.00% errors=0 total=11162
[1371733248.892638] latency=4:5:5:6:194:(16)ms throughput=17rps rr=5.88% cr=0.00% errors=0 total=11179
[1371733249.896676] latency=4:5:5:6:171:(20)ms throughput=11rps rr=9.09% cr=0.00% errors=0 total=11190
[1371733250.900618] latency=5:5:5:6:66:(13)ms throughput=14rps rr=14.29% cr=0.00% errors=0 total=11204
[1371733251.904587] latency=5:5:7:9:46:(12)ms throughput=7rps rr=14.29% cr=0.00% errors=0 total=11211
[1371733252.908611] latency=nan:nan:nan:nan:nan:(-nan)ms throughput=0rps rr=-nan% cr=-nan% errors=0 total=11211
[1371733253.912609] latency=nan:nan:nan:nan:nan:(-nan)ms throughput=0rps rr=-nan% cr=-nan% errors=0 total=11211
[1371733254.916616] latency=nan:nan:nan:nan:nan:(-nan)ms throughput=0rps rr=-nan% cr=-nan% errors=0 total=11211
[1371733255.920716] latency=nan:nan:nan:nan:nan:(-nan)ms throughput=0rps rr=-nan% cr=-nan% errors=0 total=11211
[1371733256.924698] latency=nan:nan:nan:nan:nan:(-nan)ms throughput=0rps rr=-nan% cr=-nan% errors=0 total=11211
[1371733257.932651] latency=nan:nan:nan:nan:nan:(-nan)ms throughput=0rps rr=-nan% cr=-nan% errors=0 total=11211
[1371733258.936655] latency=nan:nan:nan:nan:nan:(-nan)ms throughput=0rps rr=-nan% cr=-nan% errors=0 total=11211
[1371733259.940660] latency=3024:5663:6535:7294:8277:(6362)ms throughput=27rps rr=3.70% cr=0.00% errors=0 total=11238
[1371733260.944676] latency=nan:nan:nan:nan:nan:(-nan)ms throughput=0rps rr=-nan% cr=-nan% errors=0 total=11238
[1371733261.948667] latency=10000:10001:10001:10001:10002:(10001)ms throughput=7rps rr=0.00% cr=0.00% errors=7 total=11245
[1371733262.952676] latency=3:176:2213:4942:10001:(3417)ms throughput=41rps rr=2.44% cr=0.00% errors=5 total=11286
[1371733263.956651] latency=4:5:5:6:73:(10)ms throughput=15rps rr=6.67% cr=0.00% errors=0 total=11301
[1371733264.960696] latency=4:5:6:8:194:(29)ms throughput=12rps rr=16.67% cr=0.00% errors=0 total=11313
[1371733265.964689] latency=4:5:5:5:6:(5)ms throughput=13rps rr=0.00% cr=0.00% errors=0 total=11326
[1371733266.968659] latency=4:4:5:6:7:(5)ms throughput=13rps rr=0.00% cr=0.00% errors=0 total=11339
[1371733267.972665] latency=5:5:5:5:6:(5)ms throughput=11rps rr=9.09% cr=0.00% errors=0 total=11350
[1371733268.976646] latency=4:4:5:7:96:(12)ms throughput=14rps rr=7.14% cr=0.00% errors=0 total=11364
[1371733269.980669] latency=4:5:5:7:181:(15)ms throughput=18rps rr=5.56% cr=0.00% errors=0 total=11382
[1371733270.984658] latency=4:4:5:6:156:(22)ms throughput=9rps rr=11.11% cr=0.00% errors=0 total=11391
[1371733271.988660] latency=4:5:5:7:22:(7)ms throughput=17rps rr=5.88% cr=0.00% errors=0 total=11408
[1371733272.992652] latency=4:5:5:7:178:(26)ms throughput=12rps rr=16.67% cr=0.00% errors=0 total=11420
[1371733273.996655] latency=5:5:6:8:8:(6)ms throughput=2rps rr=0.00% cr=0.00% errors=0 total=11422
[1371733275.000626] latency=nan:nan:nan:nan:nan:(-nan)ms throughput=0rps rr=-nan% cr=-nan% errors=0 total=11422
[1371733276.004639] latency=nan:nan:nan:nan:nan:(-nan)ms throughput=0rps rr=-nan% cr=-nan% errors=0 total=11422
[1371733277.008648] latency=1740:1926:2262:2373:2710:(2239)ms throughput=5rps rr=0.00% cr=0.00% errors=0 total=11427
[1371733278.012685] latency=1584:2528:3213:3428:3854:(2987)ms throughput=7rps rr=0.00% cr=0.00% errors=0 total=11434
[1371733279.016702] latency=292:1031:2561:4071:5278:(2659)ms throughput=14rps rr=7.14% cr=0.00% errors=0 total=11448
[1371733280.020657] latency=4:55:402:4232:6376:(1820)ms throughput=36rps rr=22.22% cr=0.00% errors=0 total=11484
[1371733281.024659] latency=4:4:5:6:7:(5)ms throughput=13rps rr=0.00% cr=0.00% errors=0 total=11497
[1371733282.028662] latency=4:4:5:6:158:(15)ms throughput=16rps rr=6.25% cr=0.00% errors=0 total=11513
[1371733283.032642] latency=4:4:5:6:7:(5)ms throughput=14rps rr=0.00% cr=0.00% errors=0 total=11527
[1371733284.036655] latency=4:5:5:6:8:(5)ms throughput=22rps rr=0.00% cr=0.00% errors=0 total=11549
[1371733285.040683] latency=4:5:5:7:167:(13)ms throughput=21rps rr=4.76% cr=0.00% errors=0 total=11570
[1371733286.044655] latency=4:5:5:6:93:(11)ms throughput=16rps rr=6.25% cr=0.00% errors=0 total=11586
[1371733287.048669] latency=4:5:5:5:92:(10)ms throughput=17rps rr=5.88% cr=0.00% errors=0 total=11603
[1371733288.052684] latency=4:5:5:6:112:(13)ms throughput=13rps rr=7.69% cr=0.00% errors=0 total=11616
[1371733289.056636] latency=5:5:5:6:36:(8)ms throughput=14rps rr=7.14% cr=0.00% errors=0 total=11630
[1371733290.060701] latency=4:5:5:6:100:(10)ms throughput=21rps rr=9.52% cr=0.00% errors=0 total=11651
[1371733291.064671] latency=5:5:5:6:190:(35)ms throughput=11rps rr=18.18% cr=0.00% errors=0 total=11662
[1371733292.068682] latency=5:5:5:5:126:(16)ms throughput=11rps rr=9.09% cr=0.00% errors=0 total=11673
[1371733293.072648] latency=4:5:5:7:100:(17)ms throughput=24rps rr=12.50% cr=0.00% errors=0 total=11697
[1371733294.076682] latency=4:5:5:6:167:(17)ms throughput=20rps rr=10.00% cr=0.00% errors=0 total=11717
[1371733295.080664] latency=4:5:7:7:80:(13)ms throughput=15rps rr=13.33% cr=0.00% errors=0 total=11732
[1371733296.084663] latency=5:5:6:8:127:(23)ms throughput=13rps rr=23.08% cr=0.00% errors=0 total=11745
[1371733297.088654] latency=nan:nan:nan:nan:nan:(-nan)ms throughput=0rps rr=-nan% cr=-nan% errors=0 total=11745
[1371733298.092634] latency=nan:nan:nan:nan:nan:(-nan)ms throughput=0rps rr=-nan% cr=-nan% errors=0 total=11745
[1371733299.096650] latency=nan:nan:nan:nan:nan:(-nan)ms throughput=0rps rr=-nan% cr=-nan% errors=0 total=11745
[1371733300.100660] latency=nan:nan:nan:nan:nan:(-nan)ms throughput=0rps rr=-nan% cr=-nan% errors=0 total=11745
[1371733301.104670] latency=nan:nan:nan:nan:nan:(-nan)ms throughput=0rps rr=-nan% cr=-nan% errors=0 total=11745
[1371733302.108655] latency=nan:nan:nan:nan:nan:(-nan)ms throughput=0rps rr=-nan% cr=-nan% errors=0 total=11745
[1371733303.112651] latency=nan:nan:nan:nan:nan:(-nan)ms throughput=0rps rr=-nan% cr=-nan% errors=0 total=11745
[1371733304.116664] latency=nan:nan:nan:nan:nan:(-nan)ms throughput=0rps rr=-nan% cr=-nan% errors=0 total=11745
[1371733305.120637] latency=nan:nan:nan:nan:nan:(-nan)ms throughput=0rps rr=-nan% cr=-nan% errors=0 total=11745
[1371733306.124671] latency=6087:7711:9882:10001:10002:(8850)ms throughput=14rps rr=0.00% cr=0.00% errors=7 total=11759
[1371733307.128669] latency=4:1078:7030:9054:10004:(5486)ms throughput=40rps rr=5.00% cr=0.00% errors=7 total=11799
[1371733308.132704] latency=4:5:6:42:9293:(1704)ms throughput=16rps rr=25.00% cr=0.00% errors=0 total=11815
[1371733309.136691] latency=4:4:5:7:9:(6)ms throughput=15rps rr=0.00% cr=0.00% errors=0 total=11830
[1371733310.140664] latency=4:4:5:6:8:(6)ms throughput=15rps rr=0.00% cr=0.00% errors=0 total=11845
[1371733311.144650] latency=4:5:5:7:93:(16)ms throughput=21rps rr=14.29% cr=0.00% errors=0 total=11866
[1371733312.148678] latency=4:5:5:7:145:(15)ms throughput=20rps rr=10.00% cr=0.00% errors=0 total=11886
[1371733313.152696] latency=4:5:6:7:171:(24)ms throughput=17rps rr=17.65% cr=0.00% errors=0 total=11903
[1371733314.156676] latency=4:5:5:7:8:(6)ms throughput=10rps rr=0.00% cr=0.00% errors=0 total=11913
[1371733315.160645] latency=4:5:5:6:8:(5)ms throughput=20rps rr=5.00% cr=0.00% errors=0 total=11933
[1371733316.164695] latency=4:5:5:5:64:(9)ms throughput=16rps rr=6.25% cr=0.00% errors=0 total=11949
[1371733317.168645] latency=4:5:5:7:8:(6)ms throughput=13rps rr=0.00% cr=0.00% errors=0 total=11962
[1371733318.172683] latency=4:5:5:6:8:(5)ms throughput=18rps rr=5.56% cr=0.00% errors=0 total=11980
[1371733319.176649] latency=5:5:74:113:152:(77)ms throughput=3rps rr=33.33% cr=0.00% errors=0 total=11983
[1371733320.180681] latency=nan:nan:nan:nan:nan:(-nan)ms throughput=0rps rr=-nan% cr=-nan% errors=0 total=11983
[1371733321.184640] latency=nan:nan:nan:nan:nan:(-nan)ms throughput=0rps rr=-nan% cr=-nan% errors=0 total=11983
[1371733322.188642] latency=nan:nan:nan:nan:nan:(-nan)ms throughput=0rps rr=-nan% cr=-nan% errors=0 total=11983
[1371733323.192687] latency=nan:nan:nan:nan:nan:(-nan)ms throughput=0rps rr=-nan% cr=-nan% errors=0 total=11983
[1371733324.196651] latency=nan:nan:nan:nan:nan:(-nan)ms throughput=0rps rr=-nan% cr=-nan% errors=0 total=11983
[1371733325.200669] latency=nan:nan:nan:nan:nan:(-nan)ms throughput=0rps rr=-nan% cr=-nan% errors=0 total=11983
[1371733326.204648] latency=6929:3502:6929:6929:6929:(6929)ms throughput=1rps rr=0.00% cr=0.00% errors=0 total=11984
[1371733327.208663] latency=8467:4271:8467:8467:8467:(8467)ms throughput=1rps rr=0.00% cr=0.00% errors=0 total=11985
[1371733328.212659] latency=nan:nan:nan:nan:nan:(-nan)ms throughput=0rps rr=-nan% cr=-nan% errors=0 total=11985
[1371733329.216667] latency=1679:5195:8377:9943:10735:(7260)ms throughput=38rps rr=0.00% cr=0.00% errors=8 total=12023
[1371733330.220660] latency=4:5:76:8478:10002:(3268)ms throughput=27rps rr=29.63% cr=0.00% errors=4 total=12050
[1371733331.224655] latency=4:5:5:7:8264:(352)ms throughput=25rps rr=16.00% cr=0.00% errors=0 total=12075
[1371733332.228690] latency=4:5:5:5:206:(15)ms throughput=20rps rr=5.00% cr=0.00% errors=0 total=12095
[1371733333.232656] latency=4:5:5:5:54:(9)ms throughput=13rps rr=15.38% cr=0.00% errors=0 total=12108
[1371733334.236685] latency=4:5:5:7:144:(17)ms throughput=12rps rr=8.33% cr=0.00% errors=0 total=12120
[1371733335.240660] latency=5:5:5:5:8:(5)ms throughput=7rps rr=0.00% cr=0.00% errors=0 total=12127
[1371733336.244668] latency=nan:nan:nan:nan:nan:(-nan)ms throughput=0rps rr=-nan% cr=-nan% errors=0 total=12127
[1371733337.248669] latency=nan:nan:nan:nan:nan:(-nan)ms throughput=0rps rr=-nan% cr=-nan% errors=0 total=12127
[1371733338.252673] latency=nan:nan:nan:nan:nan:(-nan)ms throughput=0rps rr=-nan% cr=-nan% errors=0 total=12127
[1371733339.256672] latency=nan:nan:nan:nan:nan:(-nan)ms throughput=0rps rr=-nan% cr=-nan% errors=0 total=12127
[1371733340.260665] latency=3495:1785:3495:3495:3495:(3495)ms throughput=1rps rr=0.00% cr=0.00% errors=0 total=12128
[1371733341.264666] latency=nan:nan:nan:nan:nan:(-nan)ms throughput=0rps rr=-nan% cr=-nan% errors=0 total=12128
[1371733342.268648] latency=2253:4136:6311:6805:7008:(5471)ms throughput=4rps rr=0.00% cr=0.00% errors=0 total=12132
[1371733343.272687] latency=nan:nan:nan:nan:nan:(-nan)ms throughput=0rps rr=-nan% cr=-nan% errors=0 total=12132
[1371733344.276656] latency=2530:3281:5389:6128:8232:(5262)ms throughput=5rps rr=40.00% cr=0.00% errors=0 total=12137
[1371733345.280669] latency=3053:5591:8595:10001:10002:(7737)ms throughput=15rps rr=0.00% cr=0.00% errors=6 total=12152
[1371733346.284665] latency=4:484:6400:10000:10002:(5385)ms throughput=18rps rr=0.00% cr=0.00% errors=5 total=12170
[1371733347.288654] latency=5:4353:8593:9621:10002:(7078)ms throughput=16rps rr=81.25% cr=0.00% errors=2 total=12186
[1371733348.292650] latency=3:5:158:1274:6178:(982)ms throughput=24rps rr=62.50% cr=0.00% errors=0 total=12210
[1371733349.296658] latency=4:5:5:100:212:(57)ms throughput=12rps rr=41.67% cr=0.00% errors=0 total=12222
[1371733350.300660] latency=4:5:6:10:218:(43)ms throughput=18rps rr=27.78% cr=0.00% errors=0 total=12240
[1371733351.304709] latency=5:5:5:7:238:(49)ms throughput=14rps rr=21.43% cr=0.00% errors=0 total=12254
[1371733352.308684] latency=5:39:5:5:5:(5)ms throughput=1rps rr=0.00% cr=0.00% errors=0 total=12255
[1371733353.312663] latency=nan:nan:nan:nan:nan:(-nan)ms throughput=0rps rr=-nan% cr=-nan% errors=0 total=12255
[1371733354.316664] latency=nan:nan:nan:nan:nan:(-nan)ms throughput=0rps rr=-nan% cr=-nan% errors=0 total=12255
[1371733355.320674] latency=nan:nan:nan:nan:nan:(-nan)ms throughput=0rps rr=-nan% cr=-nan% errors=0 total=12255
[1371733356.324665] latency=nan:nan:nan:nan:nan:(-nan)ms throughput=0rps rr=-nan% cr=-nan% errors=0 total=12255
