2013-06-20 12:52:26.692+0000: 30406: info : libvirt version: 0.9.8
2013-06-20 12:52:26.692+0000: 30406: warning : xenHypervisorMakeCapabilities:2751 : Failed to get host power management capabilities
[1371732751.956802] vm=rubbos-hvm new
[1371732751.956855] vm=rubis-hvm new
[1371732751.956879] vm=rubbos-hvm perf=0.000000 vp=0.500000 cap=200.000000
[1371732752.130213] vm=rubis-hvm perf=0.000000 vp=0.500000 cap=200.000000
[1371732757.505585] vm=rubbos-hvm perf=0.000000 vp=0.500000 cap=200.000000
[1371732757.652000] vm=rubis-hvm perf=0.000000 vp=0.500000 cap=200.000000
[1371732763.050664] vm=rubbos-hvm perf=0.000000 vp=0.414022 cap=165.608659
[1371732763.208794] vm=rubis-hvm perf=-0.573189 vp=0.585978 cap=234.391341
[1371732768.600666] vm=rubbos-hvm perf=0.000000 vp=0.418509 cap=167.403594
[1371732768.739535] vm=rubis-hvm perf=0.036128 vp=0.581491 cap=232.596406
[1371732774.127999] vm=rubbos-hvm perf=0.000000 vp=0.424713 cap=169.885118
[1371732774.287371] vm=rubis-hvm perf=0.049412 vp=0.575287 cap=230.114882
[1371732779.672478] vm=rubbos-hvm perf=0.000000 vp=0.275337 cap=110.134862
[1371732779.843251] vm=rubis-hvm perf=-1.172366 vp=0.724663 cap=289.865138
[1371732785.223226] vm=rubbos-hvm perf=0.000000 vp=0.118174 cap=47.269768
[1371732785.385007] vm=rubis-hvm perf=-1.902670 vp=0.881826 cap=352.730232
[1371732790.738182] vm=rubbos-hvm perf=0.000000 vp=0.144447 cap=57.778729
[1371732790.905505] vm=rubis-hvm perf=0.741063 vp=0.855553 cap=342.221271
[1371732796.268267] vm=rubbos-hvm perf=0.000000 vp=0.177677 cap=71.070841
[1371732796.430748] vm=rubis-hvm perf=0.766840 vp=0.822323 cap=328.929159
[1371732801.837563] vm=rubbos-hvm perf=0.000000 vp=0.211350 cap=84.540072
[1371732801.990145] vm=rubis-hvm perf=0.631728 vp=0.788650 cap=315.459928
[1371732807.352950] vm=rubbos-hvm perf=0.000000 vp=0.241700 cap=96.679829
[1371732807.513356] vm=rubis-hvm perf=0.478659 vp=0.758300 cap=303.320171
[1371732812.906224] vm=rubbos-hvm perf=0.000000 vp=0.284739 cap=113.895440
[1371732813.045648] vm=rubis-hvm perf=0.593561 vp=0.715261 cap=286.104560
[1371732818.399355] vm=rubbos-hvm perf=0.000000 vp=0.338088 cap=135.235015
[1371732818.567913] vm=rubis-hvm perf=0.624537 vp=0.661912 cap=264.764985
[1371732823.962239] vm=rubbos-hvm perf=0.000000 vp=0.346014 cap=138.405562
[1371732824.122040] vm=rubis-hvm perf=0.078149 vp=0.653986 cap=261.594438
[1371732829.530780] vm=rubbos-hvm perf=0.000000 vp=0.338296 cap=135.318303
[1371732829.683297] vm=rubis-hvm perf=-0.074353 vp=0.661704 cap=264.681697
[1371732835.060734] vm=rubbos-hvm perf=0.000000 vp=0.363186 cap=145.274269
[1371732835.221841] vm=rubis-hvm perf=0.245248 vp=0.636814 cap=254.725731
[1371732840.604428] vm=rubbos-hvm perf=0.000000 vp=0.383990 cap=153.595824
[1371732840.749030] vm=rubis-hvm perf=0.190939 vp=0.616010 cap=246.404176
[1371732846.137457] vm=rubbos-hvm perf=0.000000 vp=0.367375 cap=146.950078
[1371732846.280329] vm=rubis-hvm perf=-0.144226 vp=0.632625 cap=253.049922
[1371732851.645602] vm=rubbos-hvm perf=0.000000 vp=0.424982 cap=169.992797
[1371732851.801329] vm=rubis-hvm perf=0.522688 vp=0.575018 cap=230.007203
[1371732857.160975] vm=rubbos-hvm perf=0.000000 vp=0.224227 cap=89.690883
[1371732857.306804] vm=rubis-hvm perf=-1.574614 vp=0.775773 cap=310.309117
[1371732862.678532] vm=rubbos-hvm perf=0.000000 vp=0.180599 cap=72.239688
[1371732862.824830] vm=rubis-hvm perf=-0.648568 vp=0.819401 cap=327.760312
[1371732868.212002] vm=rubbos-hvm perf=0.000000 vp=0.217111 cap=86.844234
[1371732868.357232] vm=rubis-hvm perf=0.673893 vp=0.782889 cap=313.155766
[1371732873.742313] vm=rubbos-hvm perf=0.000000 vp=0.267853 cap=107.141012
[1371732873.906968] vm=rubis-hvm perf=0.779049 vp=0.732147 cap=292.858988
[1371732879.282605] vm=rubbos-hvm perf=0.000000 vp=0.322760 cap=129.104170
[1371732879.423647] vm=rubis-hvm perf=0.683310 vp=0.677240 cap=270.895830
[1371732884.809084] vm=rubbos-hvm perf=0.000000 vp=0.381119 cap=152.447421
[1371732884.953855] vm=rubis-hvm perf=0.602698 vp=0.618881 cap=247.552579
[1371732890.326693] vm=rubbos-hvm perf=0.000000 vp=0.404814 cap=161.925703
[1371732890.465411] vm=rubis-hvm perf=0.207247 vp=0.595186 cap=238.074297
[1371732895.854475] vm=rubbos-hvm perf=0.000000 vp=0.459597 cap=183.838859
[1371732896.005744] vm=rubis-hvm perf=0.451095 vp=0.540403 cap=216.161141
[1371732901.397986] vm=rubbos-hvm perf=0.000000 vp=0.317832 cap=127.132640
[1371732901.564087] vm=rubis-hvm perf=-1.028187 vp=0.682168 cap=272.867360
[1371732906.980956] vm=rubbos-hvm perf=0.000000 vp=0.228985 cap=91.594168
[1371732907.145977] vm=rubis-hvm perf=-0.931795 vp=0.771015 cap=308.405832
[1371732912.493916] vm=rubbos-hvm perf=0.000000 vp=0.274654 cap=109.861713
[1371732912.641150] vm=rubis-hvm perf=0.664800 vp=0.725346 cap=290.138287
[1371732917.989126] vm=rubbos-hvm perf=0.000000 vp=0.323860 cap=129.544173
[1371732918.151578] vm=rubis-hvm perf=0.597189 vp=0.676140 cap=270.455827
[1371732923.544339] vm=rubbos-hvm perf=0.000000 vp=0.393045 cap=157.218187
[1371732923.693113] vm=rubis-hvm perf=0.712087 vp=0.606955 cap=242.781813
[1371732929.021373] vm=rubbos-hvm perf=0.000000 vp=0.320301 cap=128.120401
[1371732929.178381] vm=rubis-hvm perf=-0.616930 vp=0.679699 cap=271.879599
[1371732934.560037] vm=rubbos-hvm perf=0.000000 vp=0.245990 cap=98.396093
[1371732934.705902] vm=rubis-hvm perf=-0.773343 vp=0.754010 cap=301.603907
[1371732940.078251] vm=rubbos-hvm perf=0.000000 vp=0.275989 cap=110.395521
[1371732940.235368] vm=rubis-hvm perf=0.406501 vp=0.724011 cap=289.604479
[1371732945.581080] vm=rubbos-hvm perf=0.000000 vp=0.326834 cap=130.733624
[1371732945.726304] vm=rubis-hvm perf=0.614098 vp=0.673166 cap=269.266376
[1371732951.104831] vm=rubbos-hvm perf=0.000000 vp=0.396826 cap=158.730529
[1371732951.266123] vm=rubis-hvm perf=0.713841 vp=0.603174 cap=241.269471
[1371732956.649147] vm=rubbos-hvm perf=0.000000 vp=0.433945 cap=173.577990
[1371732956.806598] vm=rubis-hvm perf=0.311796 vp=0.566055 cap=226.422010
[1371732962.170102] vm=rubbos-hvm perf=-3.660972 vp=1.000000 cap=400.000000
[1371732962.337175] vm=rubis-hvm perf=-0.422350 vp=0.010000 cap=4.000000
[1371732967.731700] vm=rubbos-hvm perf=-2.858388 vp=1.000000 cap=400.000000
[1371732967.903331] vm=rubis-hvm perf=0.000000 vp=0.010000 cap=4.000000
[1371732973.289742] vm=rubbos-hvm perf=-0.259520 vp=0.010000 cap=4.000000
[1371732973.468726] vm=rubis-hvm perf=-6.359032 vp=1.000000 cap=400.000000
[1371732978.827484] vm=rubbos-hvm perf=-3.524844 vp=1.000000 cap=400.000000
[1371732978.994379] vm=rubis-hvm perf=-11.757974 vp=0.010000 cap=4.000000
[1371732984.367417] vm=rubbos-hvm perf=-10.942698 vp=0.700321 cap=280.128517
[1371732984.532764] vm=rubis-hvm perf=-0.998929 vp=0.273854 cap=109.541530
[1371732989.908299] vm=rubbos-hvm perf=0.300742 vp=0.010000 cap=4.000000
[1371732990.072224] vm=rubis-hvm perf=-5.023900 vp=1.000000 cap=400.000000
[1371732995.448025] vm=rubbos-hvm perf=0.357070 vp=0.010000 cap=4.000000
[1371732995.596666] vm=rubis-hvm perf=-5.447787 vp=1.000000 cap=400.000000
[1371733001.004732] vm=rubbos-hvm perf=-10.944782 vp=1.000000 cap=400.000000
[1371733001.175598] vm=rubis-hvm perf=0.794011 vp=0.010000 cap=4.000000
[1371733006.547381] vm=rubbos-hvm perf=-22.182206 vp=1.000000 cap=400.000000
[1371733006.709919] vm=rubis-hvm perf=0.996024 vp=0.010000 cap=4.000000
[1371733012.122773] vm=rubbos-hvm perf=0.900422 vp=1.000000 cap=400.000000
[1371733012.299478] vm=rubis-hvm perf=0.000000 vp=0.012701 cap=5.080507
[1371733017.680844] vm=rubbos-hvm perf=0.860814 vp=1.000000 cap=400.000000
[1371733017.823921] vm=rubis-hvm perf=0.000000 vp=0.015981 cap=6.392518
[1371733023.217550] vm=rubbos-hvm perf=0.870790 vp=0.010000 cap=4.000000
[1371733023.374469] vm=rubis-hvm perf=-17.827747 vp=1.000000 cap=400.000000
[1371733028.754729] vm=rubbos-hvm perf=-7.437738 vp=1.000000 cap=400.000000
[1371733028.914708] vm=rubis-hvm perf=-24.294515 vp=0.010000 cap=4.000000
[1371733034.286977] vm=rubbos-hvm perf=-10.669860 vp=0.010000 cap=4.000000
[1371733034.455528] vm=rubis-hvm perf=-24.294515 vp=1.000000 cap=400.000000
[1371733039.837698] vm=rubbos-hvm perf=-5.631256 vp=1.000000 cap=400.000000
[1371733039.996899] vm=rubis-hvm perf=-2.419324 vp=0.010000 cap=4.000000
[1371733045.442194] vm=rubbos-hvm perf=-10.153748 vp=1.000000 cap=400.000000
[1371733045.604822] vm=rubis-hvm perf=0.734549 vp=0.010000 cap=4.000000
[1371733050.987754] vm=rubbos-hvm perf=0.897552 vp=0.010000 cap=4.000000
[1371733051.164327] vm=rubis-hvm perf=-6.435095 vp=1.000000 cap=400.000000
[1371733056.540418] vm=rubbos-hvm perf=-0.503862 vp=0.134541 cap=53.816265
[1371733056.706105] vm=rubis-hvm perf=-8.368774 vp=0.848841 cap=339.536572
[1371733062.096944] vm=rubbos-hvm perf=-13.444490 vp=1.000000 cap=400.000000
[1371733062.240527] vm=rubis-hvm perf=0.803781 vp=0.010000 cap=4.000000
[1371733067.690019] vm=rubbos-hvm perf=-3.418026 vp=1.000000 cap=400.000000
[1371733067.846187] vm=rubis-hvm perf=0.852113 vp=0.010000 cap=4.000000
[1371733073.199104] vm=rubbos-hvm perf=0.921972 vp=0.010000 cap=4.000000
[1371733073.368666] vm=rubis-hvm perf=-4.245140 vp=1.000000 cap=400.000000
[1371733078.750433] vm=rubbos-hvm perf=0.919322 vp=0.010000 cap=4.000000
[1371733078.886064] vm=rubis-hvm perf=-10.300865 vp=1.000000 cap=400.000000
[1371733084.279826] vm=rubbos-hvm perf=-11.466314 vp=1.000000 cap=400.000000
[1371733084.448194] vm=rubis-hvm perf=0.861557 vp=0.010000 cap=4.000000
[1371733089.857286] vm=rubbos-hvm perf=-21.710508 vp=1.000000 cap=400.000000
[1371733090.019131] vm=rubis-hvm perf=0.802218 vp=0.010000 cap=4.000000
[1371733095.388889] vm=rubbos-hvm perf=0.690860 vp=0.010000 cap=4.000000
[1371733095.557516] vm=rubis-hvm perf=-4.245863 vp=1.000000 cap=400.000000
[1371733100.932044] vm=rubbos-hvm perf=0.689076 vp=0.010000 cap=4.000000
[1371733101.079802] vm=rubis-hvm perf=-6.650745 vp=1.000000 cap=400.000000
[1371733106.470847] vm=rubbos-hvm perf=-11.053016 vp=1.000000 cap=400.000000
[1371733106.635190] vm=rubis-hvm perf=0.883027 vp=0.010000 cap=4.000000
[1371733112.020832] vm=rubbos-hvm perf=-16.425446 vp=1.000000 cap=400.000000
[1371733112.201403] vm=rubis-hvm perf=0.997674 vp=0.010000 cap=4.000000
[1371733117.560042] vm=rubbos-hvm perf=0.935924 vp=0.010000 cap=4.000000
[1371733117.721244] vm=rubis-hvm perf=-3.472582 vp=1.000000 cap=400.000000
[1371733123.117420] vm=rubbos-hvm perf=-6.377054 vp=1.000000 cap=400.000000
[1371733123.271759] vm=rubis-hvm perf=-9.992130 vp=0.010000 cap=4.000000
[1371733128.694054] vm=rubbos-hvm perf=-10.661764 vp=1.000000 cap=400.000000
[1371733128.852799] vm=rubis-hvm perf=0.994635 vp=0.010000 cap=4.000000
[1371733134.242708] vm=rubbos-hvm perf=0.941288 vp=1.000000 cap=400.000000
[1371733134.399802] vm=rubis-hvm perf=0.000000 vp=0.012824 cap=5.129546
[1371733139.762584] vm=rubbos-hvm perf=0.623280 vp=0.010000 cap=4.000000
[1371733139.917416] vm=rubis-hvm perf=-8.823849 vp=1.000000 cap=400.000000
[1371733145.276262] vm=rubbos-hvm perf=-7.525722 vp=1.000000 cap=400.000000
[1371733145.424353] vm=rubis-hvm perf=-16.903786 vp=0.010000 cap=4.000000
[1371733150.841613] vm=rubbos-hvm perf=-10.723638 vp=1.000000 cap=400.000000
[1371733150.990020] vm=rubis-hvm perf=0.774510 vp=0.010000 cap=4.000000
[1371733156.390360] vm=rubbos-hvm perf=0.929280 vp=1.000000 cap=400.000000
[1371733156.568458] vm=rubis-hvm perf=0.000000 vp=0.012788 cap=5.115136
[1371733161.976512] vm=rubbos-hvm perf=0.498284 vp=0.010000 cap=4.000000
[1371733162.145115] vm=rubis-hvm perf=-11.728008 vp=1.000000 cap=400.000000
[1371733167.531208] vm=rubbos-hvm perf=-5.401450 vp=1.000000 cap=400.000000
[1371733167.694196] vm=rubis-hvm perf=-14.584234 vp=0.010000 cap=4.000000
[1371733173.104841] vm=rubbos-hvm perf=-10.522310 vp=1.000000 cap=400.000000
[1371733173.263416] vm=rubis-hvm perf=0.944043 vp=0.010000 cap=4.000000
[1371733178.690603] vm=rubbos-hvm perf=0.851660 vp=0.010000 cap=4.000000
[1371733178.860780] vm=rubis-hvm perf=-3.477859 vp=1.000000 cap=400.000000
[1371733184.242674] vm=rubbos-hvm perf=0.852128 vp=0.010000 cap=4.000000
[1371733184.422196] vm=rubis-hvm perf=-7.345742 vp=1.000000 cap=400.000000
[1371733189.814342] vm=rubbos-hvm perf=-13.012702 vp=1.000000 cap=400.000000
[1371733189.965108] vm=rubis-hvm perf=0.820375 vp=0.010000 cap=4.000000
[1371733195.370177] vm=rubbos-hvm perf=-21.605974 vp=1.000000 cap=400.000000
[1371733195.543853] vm=rubis-hvm perf=0.996626 vp=0.010000 cap=4.000000
[1371733200.966423] vm=rubbos-hvm perf=0.862830 vp=0.169297 cap=67.718935
[1371733201.129247] vm=rubis-hvm perf=-2.769009 vp=0.834984 cap=333.993650
[1371733206.518888] vm=rubbos-hvm perf=-4.562270 vp=0.941119 cap=376.447608
[1371733206.665880] vm=rubis-hvm perf=-7.189428 vp=0.048068 cap=19.227243
[1371733212.054027] vm=rubbos-hvm perf=-1.223974 vp=0.698122 cap=279.248781
[1371733212.226877] vm=rubis-hvm perf=-0.937245 vp=0.298076 cap=119.230347
[1371733217.588274] vm=rubbos-hvm perf=0.691734 vp=0.010000 cap=4.000000
[1371733217.761027] vm=rubis-hvm perf=-6.080396 vp=1.000000 cap=400.000000
[1371733223.130195] vm=rubbos-hvm perf=-5.002460 vp=1.000000 cap=400.000000
[1371733223.305096] vm=rubis-hvm perf=0.845118 vp=0.010000 cap=4.000000
[1371733228.693741] vm=rubbos-hvm perf=-8.661794 vp=1.000000 cap=400.000000
[1371733228.863205] vm=rubis-hvm perf=0.827520 vp=0.010000 cap=4.000000
[1371733234.237009] vm=rubbos-hvm perf=0.652762 vp=0.393295 cap=157.317905
[1371733234.402711] vm=rubis-hvm perf=-2.022351 vp=0.612596 cap=245.038588
[1371733239.817446] vm=rubbos-hvm perf=-0.718798 vp=0.010000 cap=4.000000
[1371733239.959175] vm=rubis-hvm perf=-10.220655 vp=1.000000 cap=400.000000
[1371733245.345480] vm=rubbos-hvm perf=0.426590 vp=0.010000 cap=4.000000
[1371733245.506214] vm=rubis-hvm perf=0.787141 vp=1.000000 cap=400.000000
[1371733250.888414] vm=rubbos-hvm perf=-10.826880 vp=1.000000 cap=400.000000
[1371733251.048437] vm=rubis-hvm perf=0.754294 vp=0.010000 cap=4.000000
[1371733256.450850] vm=rubbos-hvm perf=-22.497162 vp=1.000000 cap=400.000000
[1371733256.614945] vm=rubis-hvm perf=0.936554 vp=0.010000 cap=4.000000
[1371733262.023617] vm=rubbos-hvm perf=0.948888 vp=0.010000 cap=4.000000
[1371733262.187868] vm=rubis-hvm perf=-5.737038 vp=1.000000 cap=400.000000
[1371733267.545435] vm=rubbos-hvm perf=-2.010312 vp=0.581141 cap=232.456590
[1371733267.708972] vm=rubis-hvm perf=-8.640404 vp=0.396906 cap=158.762550
[1371733273.095829] vm=rubbos-hvm perf=-10.483992 vp=1.000000 cap=400.000000
[1371733273.253500] vm=rubis-hvm perf=0.821116 vp=0.010000 cap=4.000000
[1371733278.633989] vm=rubbos-hvm perf=0.727028 vp=0.624933 cap=249.973135
[1371733278.799542] vm=rubis-hvm perf=-1.250224 vp=0.383498 cap=153.399030
[1371733284.197965] vm=rubbos-hvm perf=0.559916 vp=0.010000 cap=4.000000
[1371733284.383459] vm=rubis-hvm perf=-4.242168 vp=1.000000 cap=400.000000
[1371733289.770576] vm=rubbos-hvm perf=0.898654 vp=0.010000 cap=4.000000
[1371733289.922020] vm=rubis-hvm perf=0.835860 vp=1.000000 cap=400.000000
[1371733295.346306] vm=rubbos-hvm perf=-9.563370 vp=1.000000 cap=400.000000
[1371733295.484737] vm=rubis-hvm perf=0.813488 vp=0.010000 cap=4.000000
[1371733300.889921] vm=rubbos-hvm perf=-21.495196 vp=1.000000 cap=400.000000
[1371733301.071901] vm=rubis-hvm perf=0.835753 vp=0.010000 cap=4.000000
[1371733306.473004] vm=rubbos-hvm perf=0.943580 vp=0.010000 cap=4.000000
[1371733306.650313] vm=rubis-hvm perf=-6.298943 vp=1.000000 cap=400.000000
[1371733312.034360] vm=rubbos-hvm perf=0.687602 vp=0.010000 cap=4.000000
[1371733312.193068] vm=rubis-hvm perf=-9.706179 vp=1.000000 cap=400.000000
[1371733317.599604] vm=rubbos-hvm perf=-17.894440 vp=1.000000 cap=400.000000
[1371733317.761558] vm=rubis-hvm perf=0.831107 vp=0.010000 cap=4.000000
[1371733323.207472] vm=rubbos-hvm perf=-21.338436 vp=1.000000 cap=400.000000
[1371733323.385924] vm=rubis-hvm perf=0.938098 vp=0.010000 cap=4.000000
[1371733328.765979] vm=rubbos-hvm perf=0.956058 vp=0.010000 cap=4.000000
[1371733328.931563] vm=rubis-hvm perf=-4.581052 vp=1.000000 cap=400.000000
[1371733334.315660] vm=rubbos-hvm perf=-6.965388 vp=1.000000 cap=400.000000
[1371733334.497615] vm=rubis-hvm perf=-9.450644 vp=0.010000 cap=4.000000
[1371733339.897508] vm=rubbos-hvm perf=-5.865042 vp=1.000000 cap=400.000000
[1371733340.062653] vm=rubis-hvm perf=0.858788 vp=0.010000 cap=4.000000
[1371733345.463326] vm=rubbos-hvm perf=0.695820 vp=0.010000 cap=4.000000
[1371733345.642631] vm=rubis-hvm perf=-5.008365 vp=1.000000 cap=400.000000
[1371733351.027082] vm=rubbos-hvm perf=-6.697836 vp=1.000000 cap=400.000000
[1371733351.173157] vm=rubis-hvm perf=-8.899359 vp=0.010000 cap=4.000000
[1371733356.564776] vm=rubbos-hvm perf=-8.841114 vp=1.000000 cap=400.000000
[1371733356.743153] vm=rubis-hvm perf=0.765005 vp=0.010000 cap=4.000000
[1371733362.139062] vm=rubbos-hvm perf=0.962500 vp=0.010000 cap=4.000000
[1371733362.290040] vm=rubis-hvm perf=-5.736544 vp=1.000000 cap=400.000000
[1371733367.681675] vm=rubbos-hvm perf=0.000000 vp=0.010000 cap=4.000000
[1371733367.845415] vm=rubis-hvm perf=-7.272781 vp=1.000000 cap=400.000000
[1371733373.263814] vm=rubbos-hvm perf=0.000000 vp=0.010000 cap=4.000000
[1371733373.433638] vm=rubis-hvm perf=-7.272781 vp=1.000000 cap=400.000000
[1371733378.792505] vm=rubbos-hvm perf=0.000000 vp=0.010000 cap=4.000000
[1371733378.937964] vm=rubis-hvm perf=0.000000 vp=1.000000 cap=400.000000
[1371733384.348895] vm=rubbos-hvm perf=0.000000 vp=0.010000 cap=4.000000
[1371733384.492878] vm=rubis-hvm perf=0.000000 vp=1.000000 cap=400.000000
[1371733389.859776] vm=rubbos-hvm perf=0.000000 vp=0.010000 cap=4.000000
[1371733390.039587] vm=rubis-hvm perf=0.000000 vp=1.000000 cap=400.000000
[1371733395.405033] vm=rubbos-hvm perf=0.000000 vp=0.010000 cap=4.000000
[1371733395.563220] vm=rubis-hvm perf=0.000000 vp=1.000000 cap=400.000000
[1371733400.949307] vm=rubbos-hvm perf=0.000000 vp=0.010000 cap=4.000000
[1371733401.124368] vm=rubis-hvm perf=0.000000 vp=1.000000 cap=400.000000
[1371733406.537513] vm=rubbos-hvm perf=0.000000 vp=0.010000 cap=4.000000
[1371733406.702922] vm=rubis-hvm perf=0.000000 vp=1.000000 cap=400.000000
[1371733412.093632] vm=rubbos-hvm perf=0.000000 vp=0.010000 cap=4.000000
[1371733412.259821] vm=rubis-hvm perf=0.000000 vp=1.000000 cap=400.000000
