[1374754924.296671] latency=nan:nan:nan:nan:nan:(-nan)ms throughput=0rps rr=-nan% cr=-nan% errors=0 total=0
[1374754925.300723] latency=nan:nan:nan:nan:nan:(-nan)ms throughput=0rps rr=-nan% cr=-nan% errors=0 total=0
[1374754926.304664] latency=nan:nan:nan:nan:nan:(-nan)ms throughput=0rps rr=-nan% cr=-nan% errors=0 total=0
[1374754927.308661] latency=nan:nan:nan:nan:nan:(-nan)ms throughput=0rps rr=-nan% cr=-nan% errors=0 total=0
[1374754928.312657] latency=nan:nan:nan:nan:nan:(-nan)ms throughput=0rps rr=-nan% cr=-nan% errors=0 total=0
[1374754929.316620] latency=nan:nan:nan:nan:nan:(-nan)ms throughput=0rps rr=-nan% cr=-nan% errors=0 total=0
[1374754930.320646] latency=nan:nan:nan:nan:nan:(-nan)ms throughput=0rps rr=-nan% cr=-nan% errors=0 total=0
[1374754931.324640] latency=nan:nan:nan:nan:nan:(-nan)ms throughput=0rps rr=-nan% cr=-nan% errors=0 total=0
[1374754932.328647] latency=nan:nan:nan:nan:nan:(-nan)ms throughput=0rps rr=-nan% cr=-nan% errors=0 total=0
[1374754933.332689] latency=nan:nan:nan:nan:nan:(-nan)ms throughput=0rps rr=-nan% cr=-nan% errors=0 total=0
[1374754934.336702] latency=nan:nan:nan:nan:nan:(-nan)ms throughput=0rps rr=-nan% cr=-nan% errors=0 total=0
[1374754934.337000] set thinktime=3.000000
[1374754934.337066] set concurrency=100
[1374754935.384738] latency=5:6:6:7:15:(7)ms throughput=33rps rr=0.00% cr=0.00% errors=0 total=35
[1374754936.388707] latency=5:6:6:7:9:(7)ms throughput=37rps rr=0.00% cr=0.00% errors=0 total=72
[1374754937.392680] latency=5:5:6:7:9:(6)ms throughput=29rps rr=0.00% cr=0.00% errors=0 total=101
[1374754938.396694] latency=5:5:6:7:10:(6)ms throughput=32rps rr=0.00% cr=0.00% errors=0 total=133
[1374754939.400612] latency=4:5:5:6:8:(6)ms throughput=34rps rr=0.00% cr=0.00% errors=0 total=167
[1374754940.404681] latency=5:5:5:7:10:(6)ms throughput=33rps rr=0.00% cr=0.00% errors=0 total=200
[1374754941.408657] latency=4:5:5:7:32:(7)ms throughput=40rps rr=0.00% cr=0.00% errors=0 total=240
[1374754942.412706] latency=4:5:5:6:9:(6)ms throughput=40rps rr=0.00% cr=0.00% errors=0 total=280
[1374754943.416669] latency=5:5:5:6:9:(6)ms throughput=20rps rr=0.00% cr=0.00% errors=0 total=300
[1374754944.420679] latency=4:5:5:6:8:(6)ms throughput=36rps rr=0.00% cr=0.00% errors=0 total=336
[1374754945.436666] latency=4:5:5:7:49:(8)ms throughput=27rps rr=0.00% cr=0.00% errors=0 total=363
[1374754946.440684] latency=5:5:5:6:8:(5)ms throughput=34rps rr=0.00% cr=0.00% errors=0 total=397
[1374754947.444664] latency=4:5:5:7:9:(6)ms throughput=42rps rr=0.00% cr=0.00% errors=0 total=439
[1374754948.004520] latency=4:5:5:6:8:(6)ms throughput=39rps rr=0.00% cr=0.00% errors=0 total=461
Got signal 2, cleaning up ...
[1374754948.018685] latency=nan:nan:nan:nan:nan:(-nan)ms throughput=0rps rr=-nan% cr=-nan% errors=0 total=461
