[1371482483.804670] latency=nan:nan:nan:nan:nan:(-nan)ms throughput=0rps rr=-nan% cr=-nan% errors=0 total=0
[1371482484.808668] latency=nan:nan:nan:nan:nan:(-nan)ms throughput=0rps rr=-nan% cr=-nan% errors=0 total=0
[1371482485.812654] latency=nan:nan:nan:nan:nan:(-nan)ms throughput=0rps rr=-nan% cr=-nan% errors=0 total=0
[1371482486.816684] latency=nan:nan:nan:nan:nan:(-nan)ms throughput=0rps rr=-nan% cr=-nan% errors=0 total=0
[1371482487.820668] latency=nan:nan:nan:nan:nan:(-nan)ms throughput=0rps rr=-nan% cr=-nan% errors=0 total=0
[1371482488.824660] latency=nan:nan:nan:nan:nan:(-nan)ms throughput=0rps rr=-nan% cr=-nan% errors=0 total=0
[1371482489.828651] latency=nan:nan:nan:nan:nan:(-nan)ms throughput=0rps rr=-nan% cr=-nan% errors=0 total=0
[1371482490.832659] latency=nan:nan:nan:nan:nan:(-nan)ms throughput=0rps rr=-nan% cr=-nan% errors=0 total=0
[1371482491.836654] latency=nan:nan:nan:nan:nan:(-nan)ms throughput=0rps rr=-nan% cr=-nan% errors=0 total=0
[1371482492.840663] latency=nan:nan:nan:nan:nan:(-nan)ms throughput=0rps rr=-nan% cr=-nan% errors=0 total=0
[1371482493.844645] latency=nan:nan:nan:nan:nan:(-nan)ms throughput=0rps rr=-nan% cr=-nan% errors=0 total=0
[1371482493.844856] cannot parse key-value 'start'
[1371482493.844972] set thinktime=3.000000
[1371482493.845034] set concurrency=100
[1371482494.936658] latency=23:104:497:672:1003:(459)ms throughput=16rps rr=88.89% cr=0.00% errors=0 total=18
[1371482495.940632] latency=4:195:1229:1537:1838:(1057)ms throughput=15rps rr=73.33% cr=0.00% errors=0 total=33
[1371482496.944654] latency=4:27:2221:2775:3028:(1568)ms throughput=25rps rr=64.00% cr=0.00% errors=0 total=58
[1371482497.948634] latency=4:42:3437:3774:3999:(2459)ms throughput=30rps rr=70.00% cr=0.00% errors=0 total=88
[1371482498.952663] latency=3:6:4142:4575:4855:(2493)ms throughput=74rps rr=63.51% cr=0.00% errors=0 total=162
[1371482499.956672] latency=5:5:5:6:187:(19)ms throughput=38rps rr=13.16% cr=0.00% errors=0 total=200
[1371482500.960650] latency=5:5:5:6:154:(11)ms throughput=26rps rr=3.85% cr=0.00% errors=0 total=226
[1371482501.964626] latency=4:5:5:6:219:(16)ms throughput=34rps rr=5.88% cr=0.00% errors=0 total=260
[1371482502.968689] latency=4:5:5:7:53:(7)ms throughput=36rps rr=2.78% cr=0.00% errors=0 total=296
[1371482503.972662] latency=5:5:5:5:8:(5)ms throughput=32rps rr=0.00% cr=0.00% errors=0 total=328
[1371482504.976686] latency=4:5:5:5:8:(5)ms throughput=33rps rr=0.00% cr=0.00% errors=0 total=361
[1371482505.980628] latency=4:5:6:8:98:(11)ms throughput=33rps rr=6.06% cr=0.00% errors=0 total=394
[1371482506.984637] latency=5:5:5:7:9:(6)ms throughput=29rps rr=0.00% cr=0.00% errors=0 total=423
[1371482507.988665] latency=5:5:6:8:110:(10)ms throughput=29rps rr=3.45% cr=0.00% errors=0 total=452
[1371482508.992690] latency=4:5:5:6:172:(12)ms throughput=45rps rr=4.44% cr=0.00% errors=0 total=497
[1371482509.996663] latency=5:5:5:7:9:(6)ms throughput=31rps rr=0.00% cr=0.00% errors=0 total=528
[1371482511.000638] latency=5:5:5:6:102:(9)ms throughput=33rps rr=3.03% cr=0.00% errors=0 total=561
[1371482512.004635] latency=5:5:5:7:78:(10)ms throughput=43rps rr=11.63% cr=0.00% errors=0 total=604
[1371482513.008678] latency=5:5:5:7:150:(17)ms throughput=29rps rr=10.34% cr=0.00% errors=0 total=633
[1371482514.012704] latency=4:5:6:8:171:(19)ms throughput=37rps rr=10.81% cr=0.00% errors=0 total=670
[1371482515.016640] latency=4:5:6:8:221:(35)ms throughput=29rps rr=24.14% cr=0.00% errors=0 total=699
[1371482516.020685] latency=5:5:5:8:104:(17)ms throughput=31rps rr=16.13% cr=0.00% errors=0 total=730
[1371482517.024637] latency=4:5:6:8:163:(14)ms throughput=35rps rr=8.57% cr=0.00% errors=0 total=765
[1371482518.028696] latency=3:5:6:8:149:(32)ms throughput=34rps rr=26.47% cr=0.00% errors=0 total=799
[1371482519.032638] latency=4:5:5:9:157:(22)ms throughput=26rps rr=19.23% cr=0.00% errors=0 total=825
[1371482520.036690] latency=5:5:6:58:205:(44)ms throughput=35rps rr=42.86% cr=0.00% errors=0 total=860
[1371482521.040634] latency=5:5:6:68:233:(49)ms throughput=31rps rr=32.26% cr=0.00% errors=0 total=891
[1371482522.044666] latency=4:5:6:58:198:(44)ms throughput=24rps rr=29.17% cr=0.00% errors=0 total=915
[1371482523.048673] latency=5:5:6:8:192:(33)ms throughput=32rps rr=21.88% cr=0.00% errors=0 total=947
[1371482524.052698] latency=4:5:6:62:213:(47)ms throughput=35rps rr=34.29% cr=0.00% errors=0 total=982
[1371482525.056707] latency=4:5:8:132:287:(67)ms throughput=33rps rr=42.42% cr=0.00% errors=0 total=1015
[1371482526.060649] latency=4:5:6:49:164:(35)ms throughput=35rps rr=34.29% cr=0.00% errors=0 total=1050
[1371482527.064663] latency=4:6:117:239:410:(151)ms throughput=27rps rr=70.37% cr=0.00% errors=0 total=1077
[1371482528.068646] latency=4:6:53:220:316:(114)ms throughput=27rps rr=55.56% cr=0.00% errors=0 total=1104
[1371482529.072670] latency=5:7:75:134:175:(77)ms throughput=22rps rr=77.27% cr=0.00% errors=0 total=1126
[1371482530.076631] latency=3:8:100:195:488:(140)ms throughput=39rps rr=66.67% cr=0.00% errors=0 total=1165
[1371482531.080669] latency=4:106:379:474:606:(303)ms throughput=27rps rr=88.89% cr=0.00% errors=0 total=1192
[1371482532.084649] latency=4:19:535:845:1166:(441)ms throughput=27rps rr=81.48% cr=0.00% errors=0 total=1219
[1371482533.088679] latency=4:261:791:1267:1600:(742)ms throughput=30rps rr=83.33% cr=0.00% errors=0 total=1249
[1371482534.092658] latency=4:33:622:1217:1898:(708)ms throughput=44rps rr=70.45% cr=0.00% errors=0 total=1293
[1371482535.096644] latency=4:5:25:200:1038:(139)ms throughput=39rps rr=56.41% cr=0.00% errors=0 total=1332
[1371482536.100650] latency=4:5:7:73:275:(53)ms throughput=37rps rr=40.54% cr=0.00% errors=0 total=1369
[1371482537.104662] latency=3:5:7:88:223:(52)ms throughput=38rps rr=42.11% cr=0.00% errors=0 total=1407
[1371482538.108645] latency=5:5:6:8:118:(12)ms throughput=27rps rr=7.41% cr=0.00% errors=0 total=1434
[1371482539.112685] latency=4:5:6:9:191:(32)ms throughput=30rps rr=23.33% cr=0.00% errors=0 total=1464
[1371482540.116683] latency=4:5:5:6:243:(23)ms throughput=44rps rr=13.64% cr=0.00% errors=0 total=1508
[1371482541.120650] latency=4:5:5:8:221:(30)ms throughput=30rps rr=16.67% cr=0.00% errors=0 total=1538
[1371482542.124648] latency=5:5:6:8:202:(32)ms throughput=35rps rr=22.86% cr=0.00% errors=0 total=1573
[1371482543.128653] latency=5:5:5:8:228:(23)ms throughput=36rps rr=19.44% cr=0.00% errors=0 total=1609
[1371482544.132680] latency=4:5:5:37:207:(38)ms throughput=34rps rr=26.47% cr=0.00% errors=0 total=1643
[1371482545.136699] latency=5:5:6:8:190:(33)ms throughput=33rps rr=27.27% cr=0.00% errors=0 total=1676
[1371482546.140690] latency=4:5:8:166:264:(75)ms throughput=32rps rr=40.62% cr=0.00% errors=0 total=1708
[1371482547.144646] latency=4:6:8:211:296:(86)ms throughput=26rps rr=42.31% cr=0.00% errors=0 total=1734
[1371482548.148651] latency=4:5:7:101:233:(54)ms throughput=27rps rr=40.74% cr=0.00% errors=0 total=1761
[1371482549.152696] latency=5:8:179:360:522:(211)ms throughput=31rps rr=74.19% cr=0.00% errors=0 total=1792
[1371482550.156847] latency=4:5:6:84:220:(46)ms throughput=29rps rr=31.03% cr=0.00% errors=0 total=1821
[1371482551.160679] latency=4:5:23:72:243:(61)ms throughput=31rps rr=51.61% cr=0.00% errors=0 total=1852
[1371482552.164656] latency=4:5:15:159:286:(74)ms throughput=34rps rr=47.06% cr=0.00% errors=0 total=1886
[1371482553.168666] latency=4:6:26:94:258:(64)ms throughput=29rps rr=55.17% cr=0.00% errors=0 total=1915
[1371482554.172700] latency=4:8:75:141:315:(97)ms throughput=33rps rr=66.67% cr=0.00% errors=0 total=1948
[1371482555.176702] latency=4:61:171:252:424:(172)ms throughput=32rps rr=84.38% cr=0.00% errors=0 total=1980
[1371482556.180701] latency=5:63:201:248:403:(180)ms throughput=23rps rr=82.61% cr=0.00% errors=0 total=2003
[1371482557.184684] latency=4:8:133:241:482:(166)ms throughput=27rps rr=74.07% cr=0.00% errors=0 total=2030
[1371482558.188654] latency=4:153:233:332:551:(243)ms throughput=26rps rr=88.46% cr=0.00% errors=0 total=2056
[1371482559.192658] latency=4:79:359:750:1168:(463)ms throughput=27rps rr=77.78% cr=0.00% errors=0 total=2083
[1371482560.196671] latency=5:264:1110:1458:1714:(919)ms throughput=22rps rr=86.36% cr=0.00% errors=0 total=2105
[1371482561.200670] latency=4:257:859:1165:1934:(744)ms throughput=39rps rr=87.18% cr=0.00% errors=0 total=2144
[1371482562.204702] latency=4:5:7:166:994:(142)ms throughput=38rps rr=44.74% cr=0.00% errors=0 total=2182
[1371482563.208650] latency=4:5:6:39:160:(30)ms throughput=40rps rr=30.00% cr=0.00% errors=0 total=2222
[1371482564.212677] latency=4:5:7:90:231:(60)ms throughput=33rps rr=45.45% cr=0.00% errors=0 total=2255
[1371482565.216691] latency=5:5:6:21:182:(33)ms throughput=37rps rr=27.03% cr=0.00% errors=0 total=2292
[1371482566.220702] latency=4:5:5:7:105:(9)ms throughput=33rps rr=6.06% cr=0.00% errors=0 total=2325
[1371482567.224704] latency=4:5:5:7:196:(23)ms throughput=35rps rr=17.14% cr=0.00% errors=0 total=2360
[1371482568.228678] latency=5:5:5:8:204:(31)ms throughput=29rps rr=24.14% cr=0.00% errors=0 total=2389
[1371482569.232646] latency=4:5:5:8:174:(25)ms throughput=35rps rr=14.29% cr=0.00% errors=0 total=2424
[1371482570.236654] latency=5:5:5:8:230:(28)ms throughput=38rps rr=21.05% cr=0.00% errors=0 total=2462
[1371482571.240686] latency=3:5:6:87:183:(43)ms throughput=38rps rr=34.21% cr=0.00% errors=0 total=2500
[1371482572.244717] latency=4:5:7:95:188:(52)ms throughput=33rps rr=48.48% cr=0.00% errors=0 total=2533
[1371482573.248634] latency=3:5:6:97:212:(55)ms throughput=33rps rr=39.39% cr=0.00% errors=0 total=2566
[1371482574.252622] latency=5:5:6:115:145:(45)ms throughput=23rps rr=34.78% cr=0.00% errors=0 total=2589
[1371482575.256628] latency=4:5:43:157:213:(73)ms throughput=32rps rr=56.25% cr=0.00% errors=0 total=2621
[1371482576.260617] latency=3:7:78:201:357:(116)ms throughput=36rps rr=66.67% cr=0.00% errors=0 total=2657
[1371482577.264627] latency=4:7:100:196:322:(115)ms throughput=26rps rr=65.38% cr=0.00% errors=0 total=2683
[1371482578.268812] latency=4:20:298:712:1028:(391)ms throughput=31rps rr=70.97% cr=0.00% errors=0 total=2714
[1371482579.272624] latency=4:20:518:760:1149:(466)ms throughput=33rps rr=78.79% cr=0.00% errors=0 total=2747
[1371482580.276628] latency=4:5:156:281:792:(224)ms throughput=41rps rr=75.61% cr=0.00% errors=0 total=2788
[1371482581.280619] latency=4:6:50:215:346:(109)ms throughput=39rps rr=64.10% cr=0.00% errors=0 total=2827
[1371482582.284611] latency=5:6:40:118:255:(67)ms throughput=28rps rr=60.71% cr=0.00% errors=0 total=2855
[1371482583.288613] latency=3:9:89:171:313:(105)ms throughput=35rps rr=71.43% cr=0.00% errors=0 total=2890
[1371482584.292625] latency=4:5:8:111:255:(61)ms throughput=32rps rr=43.75% cr=0.00% errors=0 total=2922
[1371482585.296641] latency=4:5:15:134:317:(82)ms throughput=41rps rr=56.10% cr=0.00% errors=0 total=2963
[1371482586.300623] latency=4:5:8:124:252:(66)ms throughput=27rps rr=44.44% cr=0.00% errors=0 total=2990
[1371482587.304616] latency=3:5:69:181:276:(98)ms throughput=29rps rr=68.97% cr=0.00% errors=0 total=3019
[1371482588.308649] latency=5:10:146:465:844:(257)ms throughput=26rps rr=76.92% cr=0.00% errors=0 total=3045
[1371482589.312639] latency=6:286:507:765:1090:(521)ms throughput=25rps rr=92.00% cr=0.00% errors=0 total=3070
[1371482590.316606] latency=4:67:342:519:911:(334)ms throughput=37rps rr=83.78% cr=0.00% errors=0 total=3107
[1371482591.320616] latency=4:5:11:114:233:(60)ms throughput=41rps rr=53.66% cr=0.00% errors=0 total=3148
[1371482592.324620] latency=5:7:32:140:237:(72)ms throughput=23rps rr=56.52% cr=0.00% errors=0 total=3171
[1371482593.328624] latency=4:7:155:222:345:(130)ms throughput=29rps rr=75.86% cr=0.00% errors=0 total=3200
[1371482594.332627] latency=3:6:50:216:411:(114)ms throughput=30rps rr=60.00% cr=0.00% errors=0 total=3230
[1371482595.336623] latency=10:44:90:175:686:(160)ms throughput=19rps rr=63.16% cr=0.00% errors=0 total=3249
[1371482596.340621] latency=7:62:359:895:1477:(550)ms throughput=13rps rr=69.23% cr=0.00% errors=0 total=3262
[1371482597.344609] latency=4:5:343:1620:1980:(770)ms throughput=25rps rr=52.00% cr=0.00% errors=0 total=3287
[1371482598.348608] latency=4:27:172:1670:2891:(810)ms throughput=26rps rr=57.69% cr=0.00% errors=0 total=3313
[1371482599.352613] latency=3:4:45:2404:3693:(1034)ms throughput=43rps rr=44.19% cr=0.00% errors=0 total=3356
[1371482600.356607] latency=4:5:8:546:2330:(414)ms throughput=36rps rr=36.11% cr=0.00% errors=0 total=3392
[1371482601.360701] latency=4:5:5:7:186:(16)ms throughput=30rps rr=6.67% cr=0.00% errors=0 total=3422
[1371482602.364611] latency=4:5:5:7:110:(10)ms throughput=44rps rr=4.55% cr=0.00% errors=0 total=3466
[1371482603.368650] latency=4:5:5:6:72:(8)ms throughput=33rps rr=3.03% cr=0.00% errors=0 total=3499
[1371482604.372610] latency=4:5:5:7:120:(10)ms throughput=42rps rr=4.76% cr=0.00% errors=0 total=3541
[1371482605.376654] latency=4:5:5:6:160:(10)ms throughput=38rps rr=2.63% cr=0.00% errors=0 total=3579
[1371482606.380664] latency=4:5:5:6:7:(5)ms throughput=30rps rr=0.00% cr=0.00% errors=0 total=3609
[1371482607.384607] latency=4:5:5:6:9:(5)ms throughput=41rps rr=0.00% cr=0.00% errors=0 total=3650
[1371482608.388658] latency=5:5:5:6:7:(5)ms throughput=37rps rr=0.00% cr=0.00% errors=0 total=3687
[1371482609.392617] latency=4:5:5:5:102:(8)ms throughput=34rps rr=2.94% cr=0.00% errors=0 total=3721
[1371482610.396655] latency=4:5:5:6:113:(9)ms throughput=35rps rr=2.86% cr=0.00% errors=0 total=3756
[1371482611.400683] latency=4:5:5:7:167:(13)ms throughput=36rps rr=5.56% cr=0.00% errors=0 total=3792
[1371482612.404613] latency=4:5:5:6:165:(11)ms throughput=38rps rr=5.26% cr=0.00% errors=0 total=3830
[1371482613.408605] latency=4:5:5:7:158:(10)ms throughput=38rps rr=2.63% cr=0.00% errors=0 total=3868
[1371482614.412609] latency=3:5:5:9:198:(24)ms throughput=38rps rr=18.42% cr=0.00% errors=0 total=3906
[1371482615.416662] latency=4:5:5:7:192:(32)ms throughput=32rps rr=18.75% cr=0.00% errors=0 total=3938
[1371482616.420618] latency=5:5:6:8:168:(28)ms throughput=27rps rr=22.22% cr=0.00% errors=0 total=3965
[1371482617.424617] latency=4:5:5:8:160:(27)ms throughput=21rps rr=19.05% cr=0.00% errors=0 total=3986
[1371482618.428607] latency=3:5:5:8:195:(34)ms throughput=39rps rr=20.51% cr=0.00% errors=0 total=4025
[1371482619.432643] latency=3:4:5:68:331:(54)ms throughput=28rps rr=28.57% cr=0.00% errors=0 total=4053
[1371482620.436622] latency=3:4:8:180:341:(72)ms throughput=34rps rr=41.18% cr=0.00% errors=0 total=4087
[1371482621.440661] latency=3:5:6:112:218:(52)ms throughput=26rps rr=38.46% cr=0.00% errors=0 total=4113
[1371482622.444625] latency=4:5:6:16:143:(17)ms throughput=21rps rr=19.05% cr=0.00% errors=0 total=4134
[1371482623.448659] latency=3:7:93:514:840:(235)ms throughput=30rps rr=63.33% cr=0.00% errors=0 total=4164
[1371482624.452614] latency=3:4:8:96:335:(59)ms throughput=34rps rr=41.18% cr=0.00% errors=0 total=4198
[1371482625.456601] latency=3:5:7:152:444:(86)ms throughput=36rps rr=38.89% cr=0.00% errors=0 total=4234
[1371482626.460611] latency=4:5:9:124:386:(78)ms throughput=31rps rr=38.71% cr=0.00% errors=0 total=4265
[1371482627.464627] latency=3:4:5:87:300:(51)ms throughput=32rps rr=34.38% cr=0.00% errors=0 total=4297
[1371482628.468622] latency=3:5:7:38:304:(47)ms throughput=36rps rr=33.33% cr=0.00% errors=0 total=4333
[1371482629.472625] latency=3:4:127:259:608:(166)ms throughput=25rps rr=60.00% cr=0.00% errors=0 total=4358
[1371482630.476652] latency=3:5:12:333:846:(169)ms throughput=28rps rr=42.86% cr=0.00% errors=0 total=4386
[1371482631.480602] latency=3:5:17:538:1045:(246)ms throughput=32rps rr=43.75% cr=0.00% errors=0 total=4418
[1371482632.484624] latency=3:5:11:392:983:(201)ms throughput=30rps rr=30.00% cr=0.00% errors=0 total=4448
[1371482633.488621] latency=3:11:110:1012:1741:(470)ms throughput=26rps rr=57.69% cr=0.00% errors=0 total=4474
[1371482634.492577] latency=4:12:43:826:2063:(469)ms throughput=35rps rr=45.71% cr=0.00% errors=0 total=4509
[1371482635.496608] latency=3:5:12:508:1965:(326)ms throughput=48rps rr=41.67% cr=0.00% errors=0 total=4557
[1371482636.500645] latency=4:5:5:11:294:(30)ms throughput=42rps rr=23.81% cr=0.00% errors=0 total=4599
[1371482637.504648] latency=3:5:5:8:197:(27)ms throughput=34rps rr=17.65% cr=0.00% errors=0 total=4633
[1371482638.508657] latency=4:5:5:5:186:(14)ms throughput=21rps rr=4.76% cr=0.00% errors=0 total=4654
[1371482639.512651] latency=3:5:5:8:201:(24)ms throughput=41rps rr=12.20% cr=0.00% errors=0 total=4695
[1371482640.516617] latency=5:5:5:6:121:(9)ms throughput=34rps rr=2.94% cr=0.00% errors=0 total=4729
[1371482641.520604] latency=3:5:5:6:118:(14)ms throughput=29rps rr=10.34% cr=0.00% errors=0 total=4758
[1371482642.524650] latency=5:5:5:7:188:(21)ms throughput=38rps rr=10.53% cr=0.00% errors=0 total=4796
[1371482643.528652] latency=5:5:5:7:152:(13)ms throughput=28rps rr=7.14% cr=0.00% errors=0 total=4824
[1371482644.532702] latency=5:5:5:7:112:(11)ms throughput=36rps rr=8.33% cr=0.00% errors=0 total=4860
[1371482645.536659] latency=4:5:6:8:182:(20)ms throughput=39rps rr=12.82% cr=0.00% errors=0 total=4899
[1371482646.540651] latency=5:5:7:8:154:(22)ms throughput=23rps rr=17.39% cr=0.00% errors=0 total=4922
[1371482647.544614] latency=4:5:6:9:313:(31)ms throughput=40rps rr=17.50% cr=0.00% errors=0 total=4962
[1371482648.548624] latency=3:4:6:106:302:(49)ms throughput=31rps rr=32.26% cr=0.00% errors=0 total=4993
[1371482649.552615] latency=3:5:5:5:175:(18)ms throughput=35rps rr=11.43% cr=0.00% errors=0 total=5028
[1371482650.556592] latency=3:5:5:8:193:(24)ms throughput=38rps rr=13.16% cr=0.00% errors=0 total=5066
[1371482651.560609] latency=3:4:6:151:349:(65)ms throughput=38rps rr=34.21% cr=0.00% errors=0 total=5104
[1371482652.564613] latency=4:5:6:12:167:(31)ms throughput=34rps rr=23.53% cr=0.00% errors=0 total=5138
[1371482653.568609] latency=4:4:9:227:795:(146)ms throughput=40rps rr=35.00% cr=0.00% errors=0 total=5178
[1371482654.572616] latency=4:5:11:180:412:(90)ms throughput=26rps rr=46.15% cr=0.00% errors=0 total=5204
[1371482655.576771] latency=3:4:5:101:379:(65)ms throughput=41rps rr=36.59% cr=0.00% errors=0 total=5245
[1371482656.580669] latency=4:4:6:151:378:(82)ms throughput=28rps rr=42.86% cr=0.00% errors=0 total=5273
[1371482657.584617] latency=3:5:6:95:303:(54)ms throughput=32rps rr=34.38% cr=0.00% errors=0 total=5305
[1371482658.588621] latency=3:5:9:92:499:(65)ms throughput=37rps rr=43.24% cr=0.00% errors=0 total=5342
[1371482659.592608] latency=3:5:7:91:219:(46)ms throughput=29rps rr=31.03% cr=0.00% errors=0 total=5371
[1371482660.596612] latency=3:16:38:242:1127:(162)ms throughput=32rps rr=46.88% cr=0.00% errors=0 total=5403
[1371482661.600608] latency=3:5:304:859:1434:(467)ms throughput=31rps rr=61.29% cr=0.00% errors=0 total=5434
[1371482662.604663] latency=4:5:12:246:427:(112)ms throughput=26rps rr=46.15% cr=0.00% errors=0 total=5460
[1371482663.608652] latency=5:5:5:6:179:(19)ms throughput=24rps rr=20.83% cr=0.00% errors=0 total=5484
[1371482664.612615] latency=3:4:5:18:195:(33)ms throughput=42rps rr=26.19% cr=0.00% errors=0 total=5526
[1371482665.616606] latency=3:5:6:9:203:(29)ms throughput=34rps rr=20.59% cr=0.00% errors=0 total=5560
[1371482666.620594] latency=3:5:6:7:213:(22)ms throughput=36rps rr=13.89% cr=0.00% errors=0 total=5596
[1371482667.624618] latency=4:5:5:8:144:(22)ms throughput=37rps rr=16.22% cr=0.00% errors=0 total=5633
[1371482668.628665] latency=3:5:5:7:194:(22)ms throughput=44rps rr=13.64% cr=0.00% errors=0 total=5677
[1371482669.632608] latency=4:5:5:8:217:(28)ms throughput=24rps rr=20.83% cr=0.00% errors=0 total=5701
[1371482670.636611] latency=4:5:5:68:225:(47)ms throughput=25rps rr=44.00% cr=0.00% errors=0 total=5726
[1371482671.640601] latency=4:5:6:16:179:(26)ms throughput=33rps rr=33.33% cr=0.00% errors=0 total=5759
[1371482672.644622] latency=3:4:5:33:214:(39)ms throughput=42rps rr=26.19% cr=0.00% errors=0 total=5801
[1371482673.648617] latency=3:7:67:431:1233:(269)ms throughput=25rps rr=48.00% cr=0.00% errors=0 total=5826
[1371482674.652618] latency=4:6:171:1036:1825:(540)ms throughput=27rps rr=62.96% cr=0.00% errors=0 total=5853
[1371482675.656614] latency=3:8:58:617:2079:(371)ms throughput=41rps rr=39.02% cr=0.00% errors=0 total=5894
[1371482676.660618] latency=4:4:171:1216:2277:(677)ms throughput=26rps rr=50.00% cr=0.00% errors=0 total=5920
[1371482677.664622] latency=4:5:6:99:2146:(351)ms throughput=37rps rr=43.24% cr=0.00% errors=0 total=5957
[1371482678.668618] latency=4:5:6:8:158:(24)ms throughput=31rps rr=16.13% cr=0.00% errors=0 total=5988
[1371482679.672647] latency=4:5:5:7:238:(27)ms throughput=37rps rr=16.22% cr=0.00% errors=0 total=6025
[1371482680.676643] latency=5:5:6:8:130:(19)ms throughput=21rps rr=14.29% cr=0.00% errors=0 total=6046
[1371482681.680647] latency=5:5:5:6:164:(10)ms throughput=36rps rr=2.78% cr=0.00% errors=0 total=6082
[1371482682.684618] latency=3:5:5:6:88:(8)ms throughput=33rps rr=3.03% cr=0.00% errors=0 total=6115
[1371482683.688647] latency=4:5:5:6:137:(10)ms throughput=43rps rr=4.65% cr=0.00% errors=0 total=6158
[1371482684.692653] latency=3:5:5:6:191:(24)ms throughput=28rps rr=14.29% cr=0.00% errors=0 total=6186
[1371482685.696802] latency=4:5:5:6:11:(5)ms throughput=41rps rr=0.00% cr=0.00% errors=0 total=6227
[1371482686.700624] latency=4:5:5:5:8:(5)ms throughput=31rps rr=0.00% cr=0.00% errors=0 total=6258
[1371482687.704614] latency=4:5:5:8:200:(18)ms throughput=27rps rr=11.11% cr=0.00% errors=0 total=6285
[1371482688.708608] latency=5:5:6:7:50:(8)ms throughput=31rps rr=6.45% cr=0.00% errors=0 total=6316
[1371482689.712661] latency=4:5:5:7:72:(8)ms throughput=42rps rr=9.52% cr=0.00% errors=0 total=6358
[1371482690.716607] latency=4:5:5:6:171:(20)ms throughput=30rps rr=13.33% cr=0.00% errors=0 total=6388
[1371482691.720648] latency=3:5:5:7:174:(18)ms throughput=35rps rr=14.29% cr=0.00% errors=0 total=6423
[1371482692.724618] latency=3:5:5:7:182:(23)ms throughput=28rps rr=17.86% cr=0.00% errors=0 total=6451
[1371482693.728643] latency=4:5:5:82:247:(49)ms throughput=26rps rr=26.92% cr=0.00% errors=0 total=6477
[1371482694.732635] latency=4:5:7:33:169:(29)ms throughput=25rps rr=32.00% cr=0.00% errors=0 total=6502
[1371482695.736723] latency=3:4:6:233:545:(130)ms throughput=31rps rr=41.94% cr=0.00% errors=0 total=6533
[1371482696.740739] latency=4:7:22:58:469:(54)ms throughput=24rps rr=8.33% cr=0.00% errors=0 total=6557
[1371482697.744663] latency=4:7:30:51:567:(92)ms throughput=16rps rr=6.25% cr=0.00% errors=0 total=6573
[1371482698.748636] latency=3:20:150:249:2611:(334)ms throughput=19rps rr=10.53% cr=0.00% errors=0 total=6592
[1371482699.752738] latency=4:96:221:502:3902:(536)ms throughput=18rps rr=22.22% cr=0.00% errors=0 total=6610
[1371482700.756635] latency=4:134:251:376:3828:(494)ms throughput=25rps rr=8.00% cr=0.00% errors=0 total=6635
[1371482701.760708] latency=4:35:176:404:5031:(393)ms throughput=34rps rr=2.94% cr=0.00% errors=0 total=6669
[1371482702.764723] latency=3:7:33:204:4311:(463)ms throughput=29rps rr=10.34% cr=0.00% errors=0 total=6698
[1371482703.768699] latency=3:12:34:53:73:(34)ms throughput=24rps rr=0.00% cr=0.00% errors=0 total=6722
[1371482704.772678] latency=4:16:66:107:6532:(422)ms throughput=33rps rr=6.06% cr=0.00% errors=0 total=6755
[1371482705.776698] latency=12:64:130:312:7777:(468)ms throughput=26rps rr=7.69% cr=0.00% errors=0 total=6781
[1371482706.780679] latency=3:14:68:160:10450:(1021)ms throughput=28rps rr=10.71% cr=0.00% errors=0 total=6809
[1371482707.784683] latency=3:21:49:95:11561:(1588)ms throughput=32rps rr=15.62% cr=0.00% errors=0 total=6841
[1371482708.788682] latency=4:18:60:173:12876:(2169)ms throughput=21rps rr=19.05% cr=0.00% errors=0 total=6862
[1371482709.792676] latency=14:112:315:717:13283:(2435)ms throughput=45rps rr=20.00% cr=0.00% errors=0 total=6907
[1371482710.796691] latency=3:5:7:15:12892:(882)ms throughput=50rps rr=10.00% cr=0.00% errors=0 total=6957
[1371482711.800681] latency=5:5:6:7:12:(6)ms throughput=36rps rr=0.00% cr=0.00% errors=0 total=6993
[1371482712.804746] latency=4:5:5:7:15:(6)ms throughput=39rps rr=0.00% cr=0.00% errors=0 total=7032
[1371482713.808671] latency=4:5:5:7:9:(6)ms throughput=26rps rr=0.00% cr=0.00% errors=0 total=7058
[1371482714.812680] latency=4:5:5:8:15:(7)ms throughput=27rps rr=0.00% cr=0.00% errors=0 total=7085
[1371482715.816655] latency=5:5:5:7:15:(6)ms throughput=34rps rr=0.00% cr=0.00% errors=0 total=7119
[1371482716.820678] latency=3:5:6:8:24:(8)ms throughput=42rps rr=0.00% cr=0.00% errors=0 total=7161
[1371482717.824677] latency=3:5:5:8:17:(7)ms throughput=36rps rr=0.00% cr=0.00% errors=0 total=7197
[1371482718.828700] latency=4:5:7:11:308:(18)ms throughput=42rps rr=2.38% cr=0.00% errors=0 total=7239
[1371482719.832682] latency=3:5:5:6:178:(12)ms throughput=28rps rr=3.57% cr=0.00% errors=0 total=7267
[1371482720.836710] latency=5:5:5:6:12:(6)ms throughput=30rps rr=0.00% cr=0.00% errors=0 total=7297
[1371482721.840721] latency=5:5:5:8:13:(6)ms throughput=34rps rr=0.00% cr=0.00% errors=0 total=7331
[1371482722.844643] latency=3:5:6:7:20:(7)ms throughput=40rps rr=0.00% cr=0.00% errors=0 total=7371
[1371482723.848687] latency=4:5:6:8:83:(11)ms throughput=36rps rr=2.78% cr=0.00% errors=0 total=7407
[1371482724.852674] latency=4:5:6:9:295:(19)ms throughput=30rps rr=3.33% cr=0.00% errors=0 total=7437
[1371482725.856688] latency=4:5:5:7:16:(6)ms throughput=40rps rr=0.00% cr=0.00% errors=0 total=7477
[1371482726.860676] latency=3:4:5:8:334:(18)ms throughput=43rps rr=2.33% cr=0.00% errors=0 total=7520
[1371482727.864651] latency=3:5:5:30:92:(20)ms throughput=39rps rr=0.00% cr=0.00% errors=0 total=7559
[1371482728.868639] latency=4:5:5:10:640:(26)ms throughput=36rps rr=2.78% cr=0.00% errors=0 total=7595
[1371482729.872656] latency=4:5:5:9:26:(8)ms throughput=40rps rr=0.00% cr=0.00% errors=0 total=7635
[1371482730.876667] latency=3:5:6:13:315:(26)ms throughput=35rps rr=5.71% cr=0.00% errors=0 total=7670
[1371482731.880690] latency=3:5:6:11:265:(25)ms throughput=34rps rr=2.94% cr=0.00% errors=0 total=7704
[1371482732.884640] latency=3:5:17:65:511:(50)ms throughput=42rps rr=7.14% cr=0.00% errors=0 total=7746
[1371482733.888698] latency=3:5:5:7:1057:(36)ms throughput=38rps rr=2.63% cr=0.00% errors=0 total=7784
[1371482734.892666] latency=3:5:7:62:267:(39)ms throughput=23rps rr=8.70% cr=0.00% errors=0 total=7807
[1371482735.896690] latency=3:5:5:8:55:(8)ms throughput=36rps rr=0.00% cr=0.00% errors=0 total=7843
[1371482736.900646] latency=3:5:7:11:213:(19)ms throughput=42rps rr=2.38% cr=0.00% errors=0 total=7885
[1371482737.904696] latency=3:5:5:10:287:(27)ms throughput=36rps rr=2.78% cr=0.00% errors=0 total=7921
[1371482738.908664] latency=3:5:6:18:435:(27)ms throughput=35rps rr=5.71% cr=0.00% errors=0 total=7956
[1371482739.912698] latency=4:5:5:6:243:(15)ms throughput=25rps rr=4.00% cr=0.00% errors=0 total=7981
[1371482740.916674] latency=4:5:5:7:69:(9)ms throughput=32rps rr=3.12% cr=0.00% errors=0 total=8013
[1371482741.920684] latency=4:5:6:9:157:(13)ms throughput=25rps rr=4.00% cr=0.00% errors=0 total=8038
[1371482742.924661] latency=4:5:10:48:457:(40)ms throughput=31rps rr=9.68% cr=0.00% errors=0 total=8069
[1371482743.928651] latency=3:5:5:7:585:(34)ms throughput=22rps rr=9.09% cr=0.00% errors=0 total=8091
[1371482744.932672] latency=3:5:14:63:463:(46)ms throughput=45rps rr=4.44% cr=0.00% errors=0 total=8136
[1371482745.936690] latency=3:5:27:93:610:(57)ms throughput=38rps rr=2.63% cr=0.00% errors=0 total=8174
[1371482746.940642] latency=3:4:14:52:982:(83)ms throughput=32rps rr=9.38% cr=0.00% errors=0 total=8206
[1371482747.944661] latency=4:5:14:50:169:(34)ms throughput=31rps rr=3.23% cr=0.00% errors=0 total=8237
[1371482748.948645] latency=3:5:20:47:1509:(164)ms throughput=35rps rr=14.29% cr=0.00% errors=0 total=8272
[1371482749.952690] latency=5:5:5:6:7:(5)ms throughput=22rps rr=0.00% cr=0.00% errors=0 total=8294
[1371482750.956689] latency=4:5:6:9:20:(7)ms throughput=42rps rr=0.00% cr=0.00% errors=0 total=8336
[1371482751.960683] latency=4:5:5:7:66:(8)ms throughput=30rps rr=3.33% cr=0.00% errors=0 total=8366
[1371482752.964675] latency=3:5:7:10:407:(30)ms throughput=30rps rr=6.67% cr=0.00% errors=0 total=8396
[1371482753.968654] latency=5:5:5:6:10:(6)ms throughput=36rps rr=0.00% cr=0.00% errors=0 total=8432
[1371482754.972668] latency=3:5:5:8:14:(7)ms throughput=34rps rr=0.00% cr=0.00% errors=0 total=8466
[1371482755.976663] latency=5:5:6:9:11:(7)ms throughput=34rps rr=0.00% cr=0.00% errors=0 total=8500
[1371482756.980673] latency=5:5:5:6:9:(6)ms throughput=24rps rr=0.00% cr=0.00% errors=0 total=8524
[1371482757.984689] latency=3:5:5:7:51:(7)ms throughput=42rps rr=2.38% cr=0.00% errors=0 total=8566
[1371482758.988637] latency=3:5:5:9:428:(36)ms throughput=29rps rr=6.90% cr=0.00% errors=0 total=8595
[1371482759.992679] latency=4:5:6:7:16:(6)ms throughput=37rps rr=2.70% cr=0.00% errors=0 total=8632
[1371482760.996664] latency=4:5:6:17:368:(27)ms throughput=45rps rr=4.44% cr=0.00% errors=0 total=8677
[1371482762.000677] latency=3:4:9:52:639:(67)ms throughput=38rps rr=10.53% cr=0.00% errors=0 total=8715
[1371482763.004722] latency=3:5:5:12:370:(36)ms throughput=25rps rr=8.00% cr=0.00% errors=0 total=8740
[1371482764.008634] latency=5:5:5:8:59:(8)ms throughput=30rps rr=0.00% cr=0.00% errors=0 total=8770
[1371482765.012654] latency=4:5:7:19:385:(31)ms throughput=29rps rr=6.90% cr=0.00% errors=0 total=8799
[1371482766.016638] latency=4:5:5:9:403:(25)ms throughput=33rps rr=3.03% cr=0.00% errors=0 total=8832
[1371482767.020687] latency=3:5:5:7:105:(10)ms throughput=31rps rr=3.23% cr=0.00% errors=0 total=8863
[1371482768.024644] latency=3:5:7:60:293:(34)ms throughput=45rps rr=6.67% cr=0.00% errors=0 total=8908
[1371482769.028653] latency=3:5:18:43:355:(56)ms throughput=35rps rr=14.29% cr=0.00% errors=0 total=8943
[1371482770.032671] latency=3:5:5:9:162:(16)ms throughput=30rps rr=13.33% cr=0.00% errors=0 total=8973
[1371482771.036649] latency=5:5:5:6:17:(6)ms throughput=34rps rr=2.94% cr=0.00% errors=0 total=9007
[1371482772.040669] latency=3:5:27:54:77:(31)ms throughput=21rps rr=0.00% cr=0.00% errors=0 total=9028
[1371482773.044683] latency=3:5:35:94:1954:(223)ms throughput=23rps rr=17.39% cr=0.00% errors=0 total=9051
[1371482774.048639] latency=3:7:31:51:2366:(136)ms throughput=33rps rr=6.06% cr=0.00% errors=0 total=9084
[1371482775.052683] latency=3:5:33:69:2763:(289)ms throughput=32rps rr=15.62% cr=0.00% errors=0 total=9116
[1371482776.056646] latency=3:5:7:46:2112:(112)ms throughput=33rps rr=12.12% cr=0.00% errors=0 total=9149
[1371482777.060649] latency=5:5:5:7:183:(13)ms throughput=33rps rr=3.03% cr=0.00% errors=0 total=9182
[1371482778.064646] latency=4:5:5:8:52:(8)ms throughput=27rps rr=0.00% cr=0.00% errors=0 total=9209
[1371482779.068690] latency=5:5:7:11:332:(18)ms throughput=46rps rr=2.17% cr=0.00% errors=0 total=9255
[1371482780.072636] latency=5:5:6:8:17:(7)ms throughput=37rps rr=0.00% cr=0.00% errors=0 total=9292
[1371482781.076691] latency=5:5:5:6:12:(6)ms throughput=38rps rr=0.00% cr=0.00% errors=0 total=9330
[1371482782.080674] latency=5:5:5:6:10:(6)ms throughput=30rps rr=0.00% cr=0.00% errors=0 total=9360
[1371482783.084655] latency=4:5:5:6:12:(6)ms throughput=34rps rr=0.00% cr=0.00% errors=0 total=9394
[1371482784.088669] latency=4:5:6:7:10:(6)ms throughput=21rps rr=0.00% cr=0.00% errors=0 total=9415
[1371482785.092681] latency=4:5:6:9:247:(21)ms throughput=25rps rr=4.00% cr=0.00% errors=0 total=9440
[1371482786.096658] latency=3:5:5:8:89:(9)ms throughput=36rps rr=2.78% cr=0.00% errors=0 total=9476
[1371482787.100677] latency=4:5:5:8:182:(18)ms throughput=31rps rr=6.45% cr=0.00% errors=0 total=9507
[1371482788.104666] latency=3:5:6:48:420:(39)ms throughput=25rps rr=4.00% cr=0.00% errors=0 total=9532
[1371482789.108647] latency=3:5:6:13:196:(21)ms throughput=36rps rr=2.78% cr=0.00% errors=0 total=9568
[1371482790.112670] latency=3:5:41:71:657:(81)ms throughput=32rps rr=12.50% cr=0.00% errors=0 total=9600
[1371482791.116664] latency=4:6:9:60:1508:(127)ms throughput=34rps rr=17.65% cr=0.00% errors=0 total=9634
[1371482792.120664] latency=3:5:8:20:454:(37)ms throughput=33rps rr=9.09% cr=0.00% errors=0 total=9667
[1371482793.124650] latency=4:5:12:43:93:(26)ms throughput=28rps rr=0.00% cr=0.00% errors=0 total=9695
[1371482794.128638] latency=3:5:11:52:1077:(109)ms throughput=39rps rr=12.82% cr=0.00% errors=0 total=9734
[1371482795.132633] latency=4:5:5:8:66:(8)ms throughput=35rps rr=2.86% cr=0.00% errors=0 total=9769
[1371482796.136669] latency=3:5:10:44:364:(44)ms throughput=19rps rr=5.26% cr=0.00% errors=0 total=9788
[1371482797.140731] latency=3:5:6:26:616:(39)ms throughput=39rps rr=5.13% cr=0.00% errors=0 total=9827
[1371482798.144680] latency=4:5:5:6:176:(11)ms throughput=34rps rr=2.94% cr=0.00% errors=0 total=9861
[1371482799.148641] latency=4:5:5:6:64:(7)ms throughput=32rps rr=3.12% cr=0.00% errors=0 total=9893
[1371482800.152672] latency=4:5:5:7:77:(8)ms throughput=32rps rr=3.12% cr=0.00% errors=0 total=9925
[1371482801.156668] latency=5:5:5:6:55:(8)ms throughput=38rps rr=5.26% cr=0.00% errors=0 total=9963
[1371482802.160670] latency=4:5:5:6:92:(9)ms throughput=41rps rr=4.88% cr=0.00% errors=0 total=10004
[1371482803.164664] latency=5:5:5:5:8:(5)ms throughput=29rps rr=0.00% cr=0.00% errors=0 total=10033
[1371482804.168633] latency=5:5:5:7:8:(6)ms throughput=26rps rr=0.00% cr=0.00% errors=0 total=10059
[1371482805.172651] latency=4:5:5:8:213:(23)ms throughput=38rps rr=15.79% cr=0.00% errors=0 total=10097
[1371482806.176648] latency=4:5:5:6:204:(11)ms throughput=35rps rr=2.86% cr=0.00% errors=0 total=10132
[1371482807.180666] latency=4:5:5:9:229:(35)ms throughput=38rps rr=23.68% cr=0.00% errors=0 total=10170
[1371482808.184642] latency=4:5:5:6:214:(31)ms throughput=23rps rr=17.39% cr=0.00% errors=0 total=10193
[1371482809.188646] latency=4:5:5:9:232:(35)ms throughput=31rps rr=29.03% cr=0.00% errors=0 total=10224
[1371482810.192667] latency=4:5:5:7:183:(15)ms throughput=46rps rr=10.87% cr=0.00% errors=0 total=10270
[1371482811.196668] latency=5:5:5:7:85:(12)ms throughput=42rps rr=9.52% cr=0.00% errors=0 total=10312
[1371482812.200678] latency=5:5:5:7:152:(17)ms throughput=33rps rr=18.18% cr=0.00% errors=0 total=10345
[1371482813.204668] latency=4:5:7:8:210:(31)ms throughput=21rps rr=23.81% cr=0.00% errors=0 total=10366
[1371482814.208639] latency=5:5:6:9:187:(27)ms throughput=23rps rr=21.74% cr=0.00% errors=0 total=10389
[1371482815.212638] latency=4:5:6:131:206:(58)ms throughput=28rps rr=42.86% cr=0.00% errors=0 total=10417
[1371482816.216647] latency=4:5:6:69:223:(50)ms throughput=28rps rr=32.14% cr=0.00% errors=0 total=10445
[1371482817.220646] latency=3:5:6:143:377:(80)ms throughput=37rps rr=40.54% cr=0.00% errors=0 total=10482
[1371482818.224648] latency=4:6:38:132:250:(72)ms throughput=28rps rr=60.71% cr=0.00% errors=0 total=10510
[1371482819.228642] latency=4:9:87:235:813:(166)ms throughput=24rps rr=62.50% cr=0.00% errors=0 total=10534
[1371482820.232805] latency=3:13:631:999:1365:(561)ms throughput=33rps rr=60.61% cr=0.00% errors=0 total=10567
[1371482821.236647] latency=3:9:112:327:1055:(214)ms throughput=42rps rr=64.29% cr=0.00% errors=0 total=10609
[1371482822.240646] latency=4:5:18:211:484:(109)ms throughput=32rps rr=50.00% cr=0.00% errors=0 total=10641
[1371482823.244642] latency=3:5:27:509:729:(249)ms throughput=35rps rr=51.43% cr=0.00% errors=0 total=10676
[1371482824.248650] latency=4:6:24:198:562:(121)ms throughput=36rps rr=47.22% cr=0.00% errors=0 total=10712
[1371482825.252659] latency=4:5:6:17:230:(41)ms throughput=37rps rr=24.32% cr=0.00% errors=0 total=10749
[1371482826.256633] latency=3:5:5:59:256:(46)ms throughput=35rps rr=34.29% cr=0.00% errors=0 total=10784
[1371482827.260684] latency=4:5:6:15:213:(39)ms throughput=39rps rr=25.64% cr=0.00% errors=0 total=10823
[1371482828.264657] latency=4:5:6:82:236:(49)ms throughput=30rps rr=40.00% cr=0.00% errors=0 total=10853
[1371482829.268658] latency=4:5:9:241:362:(98)ms throughput=30rps rr=40.00% cr=0.00% errors=0 total=10883
[1371482830.272667] latency=4:5:6:66:296:(54)ms throughput=32rps rr=37.50% cr=0.00% errors=0 total=10915
[1371482831.276641] latency=3:6:8:142:288:(72)ms throughput=31rps rr=35.48% cr=0.00% errors=0 total=10946
[1371482832.280649] latency=4:5:6:50:226:(40)ms throughput=41rps rr=31.71% cr=0.00% errors=0 total=10987
[1371482833.284667] latency=3:5:8:110:246:(61)ms throughput=27rps rr=48.15% cr=0.00% errors=0 total=11014
[1371482834.288633] latency=4:5:8:72:282:(50)ms throughput=38rps rr=42.11% cr=0.00% errors=0 total=11052
[1371482835.292643] latency=4:5:6:189:355:(93)ms throughput=30rps rr=53.33% cr=0.00% errors=0 total=11082
[1371482836.296635] latency=4:6:90:149:222:(88)ms throughput=23rps rr=65.22% cr=0.00% errors=0 total=11105
[1371482837.300665] latency=4:17:114:306:569:(167)ms throughput=27rps rr=70.37% cr=0.00% errors=0 total=11132
[1371482838.304628] latency=3:5:47:217:478:(133)ms throughput=31rps rr=61.29% cr=0.00% errors=0 total=11163
[1371482839.308639] latency=4:20:202:328:542:(199)ms throughput=21rps rr=85.71% cr=0.00% errors=0 total=11184
[1371482840.312673] latency=5:69:370:531:725:(341)ms throughput=26rps rr=76.92% cr=0.00% errors=0 total=11210
[1371482841.316648] latency=4:6:152:216:517:(132)ms throughput=25rps rr=76.00% cr=0.00% errors=0 total=11235
[1371482842.320633] latency=5:19:150:315:539:(186)ms throughput=21rps rr=76.19% cr=0.00% errors=0 total=11256
[1371482843.324658] latency=4:79:431:785:1450:(476)ms throughput=18rps rr=77.78% cr=0.00% errors=0 total=11274
[1371482844.328641] latency=4:162:779:1785:2315:(981)ms throughput=20rps rr=80.00% cr=0.00% errors=0 total=11294
[1371482845.332645] latency=4:5:637:2007:2502:(989)ms throughput=26rps rr=61.54% cr=0.00% errors=0 total=11320
[1371482846.336625] latency=4:11:718:1966:2737:(1005)ms throughput=43rps rr=62.79% cr=0.00% errors=0 total=11363
[1371482847.340641] latency=3:5:6:13:573:(60)ms throughput=42rps rr=28.57% cr=0.00% errors=0 total=11405
[1371482848.344623] latency=4:5:6:8:152:(29)ms throughput=38rps rr=23.68% cr=0.00% errors=0 total=11443
[1371482849.348668] latency=4:5:6:8:189:(21)ms throughput=35rps rr=11.43% cr=0.00% errors=0 total=11478
[1371482850.352659] latency=4:5:5:6:163:(17)ms throughput=27rps rr=11.11% cr=0.00% errors=0 total=11505
[1371482851.356682] latency=5:5:5:6:8:(6)ms throughput=25rps rr=4.00% cr=0.00% errors=0 total=11530
[1371482852.360650] latency=5:5:5:7:94:(11)ms throughput=26rps rr=11.54% cr=0.00% errors=0 total=11556
[1371482853.364642] latency=5:5:5:8:45:(7)ms throughput=33rps rr=3.03% cr=0.00% errors=0 total=11589
[1371482854.368660] latency=5:5:5:6:163:(12)ms throughput=26rps rr=3.85% cr=0.00% errors=0 total=11615
[1371482855.372640] latency=5:5:6:8:144:(16)ms throughput=31rps rr=9.68% cr=0.00% errors=0 total=11646
[1371482856.376624] latency=5:5:6:7:156:(14)ms throughput=28rps rr=7.14% cr=0.00% errors=0 total=11674
[1371482857.380677] latency=4:5:5:8:188:(24)ms throughput=30rps rr=13.33% cr=0.00% errors=0 total=11704
[1371482858.384626] latency=4:5:5:7:86:(16)ms throughput=19rps rr=21.05% cr=0.00% errors=0 total=11723
[1371482859.388659] latency=5:5:6:6:165:(21)ms throughput=27rps rr=18.52% cr=0.00% errors=0 total=11750
[1371482860.392663] latency=4:5:8:99:187:(50)ms throughput=22rps rr=40.91% cr=0.00% errors=0 total=11772
[1371482861.396665] latency=4:5:6:92:208:(49)ms throughput=25rps rr=32.00% cr=0.00% errors=0 total=11797
[1371482862.400624] latency=4:6:10:102:412:(83)ms throughput=31rps rr=48.39% cr=0.00% errors=0 total=11828
[1371482863.404636] latency=4:6:8:196:516:(113)ms throughput=26rps rr=46.15% cr=0.00% errors=0 total=11854
[1371482864.408631] latency=4:6:19:151:526:(91)ms throughput=43rps rr=53.49% cr=0.00% errors=0 total=11897
[1371482865.412638] latency=4:5:9:246:400:(121)ms throughput=31rps rr=48.39% cr=0.00% errors=0 total=11928
[1371482866.416632] latency=3:6:20:138:332:(84)ms throughput=35rps rr=57.14% cr=0.00% errors=0 total=11963
[1371482867.420665] latency=4:4:51:187:349:(98)ms throughput=34rps rr=55.88% cr=0.00% errors=0 total=11997
[1371482868.424632] latency=4:5:35:329:739:(183)ms throughput=34rps rr=52.94% cr=0.00% errors=0 total=12031
[1371482869.428651] latency=4:5:40:175:250:(83)ms throughput=30rps rr=63.33% cr=0.00% errors=0 total=12061
[1371482870.432617] latency=3:6:13:180:463:(101)ms throughput=37rps rr=48.65% cr=0.00% errors=0 total=12098
[1371482871.436649] latency=3:5:37:149:370:(97)ms throughput=30rps rr=63.33% cr=0.00% errors=0 total=12128
[1371482872.440623] latency=4:5:7:116:336:(65)ms throughput=32rps rr=43.75% cr=0.00% errors=0 total=12160
[1371482873.444645] latency=3:5:43:161:297:(88)ms throughput=27rps rr=62.96% cr=0.00% errors=0 total=12187
[1371482874.448623] latency=4:6:62:197:339:(100)ms throughput=26rps rr=61.54% cr=0.00% errors=0 total=12213
[1371482875.452634] latency=4:9:103:307:439:(150)ms throughput=32rps rr=68.75% cr=0.00% errors=0 total=12245
[1371482876.456630] latency=4:8:57:139:280:(85)ms throughput=25rps rr=68.00% cr=0.00% errors=0 total=12270
[1371482877.460660] latency=4:52:306:438:716:(285)ms throughput=28rps rr=82.14% cr=0.00% errors=0 total=12298
[1371482878.464624] latency=3:4:321:423:851:(313)ms throughput=23rps rr=73.91% cr=0.00% errors=0 total=12321
[1371482879.468647] latency=4:43:475:819:976:(458)ms throughput=18rps rr=77.78% cr=0.00% errors=0 total=12339
[1371482880.472628] latency=4:29:1175:1557:2077:(961)ms throughput=21rps rr=71.43% cr=0.00% errors=0 total=12360
[1371482881.476659] latency=5:24:911:1975:2814:(1048)ms throughput=27rps rr=66.67% cr=0.00% errors=0 total=12387
[1371482882.480624] latency=4:8:568:1610:3018:(950)ms throughput=47rps rr=59.57% cr=0.00% errors=0 total=12434
[1371482883.484649] latency=4:5:5:83:1887:(154)ms throughput=35rps rr=28.57% cr=0.00% errors=0 total=12469
[1371482884.500638] latency=4:5:6:8:216:(31)ms throughput=32rps rr=18.18% cr=0.00% errors=0 total=12502
[1371482885.504657] latency=4:5:5:8:184:(17)ms throughput=30rps rr=10.00% cr=0.00% errors=0 total=12532
[1371482886.508621] latency=4:5:5:6:119:(14)ms throughput=28rps rr=10.71% cr=0.00% errors=0 total=12560
[1371482887.512638] latency=5:5:5:6:129:(10)ms throughput=32rps rr=3.12% cr=0.00% errors=0 total=12592
[1371482888.516623] latency=4:5:5:6:171:(12)ms throughput=26rps rr=3.85% cr=0.00% errors=0 total=12618
[1371482889.520684] latency=5:5:5:6:162:(15)ms throughput=23rps rr=8.70% cr=0.00% errors=0 total=12641
[1371482890.524668] latency=5:5:5:8:196:(12)ms throughput=30rps rr=3.33% cr=0.00% errors=0 total=12671
[1371482891.528678] latency=5:5:6:8:159:(19)ms throughput=27rps rr=11.11% cr=0.00% errors=0 total=12698
[1371482892.532640] latency=5:5:6:7:21:(6)ms throughput=33rps rr=3.03% cr=0.00% errors=0 total=12731
[1371482893.544681] latency=4:5:5:8:209:(29)ms throughput=35rps rr=20.00% cr=0.00% errors=0 total=12766
[1371482894.548650] latency=4:5:6:8:194:(24)ms throughput=31rps rr=16.13% cr=0.00% errors=0 total=12797
[1371482895.552665] latency=5:5:6:8:146:(19)ms throughput=22rps rr=9.09% cr=0.00% errors=0 total=12819
[1371482896.556648] latency=4:5:5:7:158:(21)ms throughput=29rps rr=17.24% cr=0.00% errors=0 total=12848
[1371482897.560679] latency=4:5:6:8:212:(22)ms throughput=31rps rr=22.58% cr=0.00% errors=0 total=12879
[1371482898.564628] latency=4:8:11:17:931:(86)ms throughput=36rps rr=13.89% cr=0.00% errors=0 total=12915
[1371482899.568637] latency=5:7:11:26:1272:(175)ms throughput=34rps rr=23.53% cr=0.00% errors=0 total=12949
[1371482900.572649] latency=5:7:8:116:950:(126)ms throughput=28rps rr=28.57% cr=0.00% errors=0 total=12977
[1371482901.576667] latency=4:6:7:9:238:(22)ms throughput=34rps rr=11.76% cr=0.00% errors=0 total=13011
[1371482902.580623] latency=5:5:7:12:131:(23)ms throughput=26rps rr=15.38% cr=0.00% errors=0 total=13037
[1371482903.584659] latency=4:5:6:8:209:(14)ms throughput=39rps rr=5.13% cr=0.00% errors=0 total=13076
[1371482904.588621] latency=4:5:7:9:170:(12)ms throughput=32rps rr=3.12% cr=0.00% errors=0 total=13108
[1371482905.592689] latency=3:5:6:8:13:(7)ms throughput=34rps rr=0.00% cr=0.00% errors=0 total=13142
[1371482906.596623] latency=5:5:7:11:152:(17)ms throughput=30rps rr=10.00% cr=0.00% errors=0 total=13172
[1371482907.600634] latency=4:6:8:12:591:(60)ms throughput=38rps rr=13.16% cr=0.00% errors=0 total=13210
[1371482908.608636] latency=5:5:7:16:342:(42)ms throughput=33rps rr=21.21% cr=0.00% errors=0 total=13243
[1371482909.612678] latency=4:5:6:9:122:(13)ms throughput=31rps rr=9.68% cr=0.00% errors=0 total=13274
[1371482910.616622] latency=5:5:7:9:204:(16)ms throughput=23rps rr=4.35% cr=0.00% errors=0 total=13297
[1371482911.620652] latency=4:5:7:12:317:(38)ms throughput=33rps rr=18.18% cr=0.00% errors=0 total=13330
[1371482912.624626] latency=5:8:10:15:997:(147)ms throughput=22rps rr=22.73% cr=0.00% errors=0 total=13352
[1371482913.628655] latency=4:7:9:428:1192:(271)ms throughput=24rps rr=41.67% cr=0.00% errors=0 total=13376
[1371482914.632621] latency=5:7:10:16:658:(86)ms throughput=34rps rr=23.53% cr=0.00% errors=0 total=13410
[1371482915.636671] latency=4:6:10:17:945:(140)ms throughput=36rps rr=19.44% cr=0.00% errors=0 total=13446
[1371482916.640625] latency=5:6:7:8:125:(14)ms throughput=29rps rr=6.90% cr=0.00% errors=0 total=13475
[1371482917.644644] latency=3:5:7:8:211:(16)ms throughput=34rps rr=5.88% cr=0.00% errors=0 total=13509
[1371482918.648617] latency=4:5:8:11:146:(22)ms throughput=26rps rr=15.38% cr=0.00% errors=0 total=13535
[1371482919.652634] latency=4:5:8:14:688:(109)ms throughput=31rps rr=22.58% cr=0.00% errors=0 total=13566
[1371482920.656655] latency=4:6:7:13:299:(29)ms throughput=36rps rr=13.89% cr=0.00% errors=0 total=13602
[1371482921.660649] latency=5:5:7:10:121:(13)ms throughput=27rps rr=11.11% cr=0.00% errors=0 total=13629
[1371482922.664642] latency=3:5:10:18:286:(48)ms throughput=34rps rr=23.53% cr=0.00% errors=0 total=13663
[1371482923.668631] latency=4:5:5:8:208:(14)ms throughput=33rps rr=3.03% cr=0.00% errors=0 total=13696
[1371482924.672628] latency=3:5:8:17:403:(45)ms throughput=32rps rr=15.62% cr=0.00% errors=0 total=13728
[1371482925.676648] latency=4:6:9:48:435:(65)ms throughput=33rps rr=18.18% cr=0.00% errors=0 total=13761
[1371482926.680649] latency=4:5:6:8:146:(16)ms throughput=33rps rr=9.09% cr=0.00% errors=0 total=13794
[1371482927.684648] latency=3:5:7:11:184:(22)ms throughput=31rps rr=9.68% cr=0.00% errors=0 total=13825
[1371482928.688621] latency=5:6:8:15:254:(23)ms throughput=34rps rr=11.76% cr=0.00% errors=0 total=13859
[1371482929.692647] latency=4:5:7:10:494:(48)ms throughput=35rps rr=17.14% cr=0.00% errors=0 total=13894
[1371482930.696619] latency=5:6:7:8:468:(55)ms throughput=30rps rr=20.00% cr=0.00% errors=0 total=13924
[1371482931.700640] latency=5:5:8:11:518:(50)ms throughput=35rps rr=17.14% cr=0.00% errors=0 total=13959
[1371482932.704641] latency=5:5:6:8:291:(25)ms throughput=35rps rr=11.43% cr=0.00% errors=0 total=13994
[1371482933.708667] latency=3:6:9:44:229:(36)ms throughput=26rps rr=26.92% cr=0.00% errors=0 total=14020
[1371482934.712656] latency=4:5:8:11:220:(25)ms throughput=28rps rr=21.43% cr=0.00% errors=0 total=14048
[1371482935.716641] latency=3:6:8:11:296:(36)ms throughput=33rps rr=18.18% cr=0.00% errors=0 total=14081
[1371482936.720651] latency=3:7:9:30:410:(64)ms throughput=34rps rr=26.47% cr=0.00% errors=0 total=14115
[1371482937.724651] latency=3:6:7:13:249:(26)ms throughput=33rps rr=18.18% cr=0.00% errors=0 total=14148
[1371482938.728650] latency=5:7:10:16:557:(54)ms throughput=35rps rr=20.00% cr=0.00% errors=0 total=14183
[1371482939.732636] latency=6:10:16:47:1752:(248)ms throughput=26rps rr=26.92% cr=0.00% errors=0 total=14209
[1371482940.736628] latency=5:8:11:35:2551:(263)ms throughput=31rps rr=19.35% cr=0.00% errors=0 total=14240
[1371482941.740644] latency=4:8:15:745:2670:(478)ms throughput=37rps rr=35.14% cr=0.00% errors=0 total=14277
[1371482942.744645] latency=4:5:8:25:2268:(229)ms throughput=28rps rr=25.00% cr=0.00% errors=0 total=14305
[1371482943.748667] latency=5:5:5:7:92:(13)ms throughput=28rps rr=10.71% cr=0.00% errors=0 total=14333
[1371482944.752650] latency=4:5:5:7:124:(11)ms throughput=25rps rr=4.00% cr=0.00% errors=0 total=14358
[1371482945.756665] latency=4:5:5:7:217:(20)ms throughput=29rps rr=6.90% cr=0.00% errors=0 total=14387
[1371482946.760648] latency=5:5:6:7:163:(11)ms throughput=30rps rr=3.33% cr=0.00% errors=0 total=14417
[1371482947.764654] latency=4:5:6:8:14:(7)ms throughput=36rps rr=0.00% cr=0.00% errors=0 total=14453
[1371482948.768620] latency=3:5:7:10:255:(15)ms throughput=40rps rr=2.50% cr=0.00% errors=0 total=14493
[1371482949.772642] latency=4:5:6:8:246:(16)ms throughput=28rps rr=7.14% cr=0.00% errors=0 total=14521
[1371482950.776647] latency=4:5:5:6:10:(6)ms throughput=37rps rr=0.00% cr=0.00% errors=0 total=14558
[1371482951.780654] latency=5:5:5:7:13:(6)ms throughput=34rps rr=0.00% cr=0.00% errors=0 total=14592
[1371482952.784640] latency=4:5:6:9:51:(8)ms throughput=28rps rr=3.57% cr=0.00% errors=0 total=14620
[1371482953.788676] latency=5:5:7:9:85:(10)ms throughput=26rps rr=3.85% cr=0.00% errors=0 total=14646
[1371482954.792662] latency=5:5:8:10:391:(33)ms throughput=32rps rr=9.38% cr=0.00% errors=0 total=14678
[1371482955.796657] latency=5:5:6:9:43:(9)ms throughput=24rps rr=4.17% cr=0.00% errors=0 total=14702
[1371482956.800620] latency=5:5:6:9:269:(24)ms throughput=34rps rr=8.82% cr=0.00% errors=0 total=14736
[1371482957.804663] latency=4:5:6:8:323:(23)ms throughput=37rps rr=8.11% cr=0.00% errors=0 total=14773
[1371482958.808640] latency=3:5:7:9:178:(18)ms throughput=30rps rr=13.33% cr=0.00% errors=0 total=14803
[1371482959.812651] latency=4:5:6:9:123:(12)ms throughput=26rps rr=3.85% cr=0.00% errors=0 total=14829
[1371482960.816623] latency=3:5:5:8:168:(15)ms throughput=38rps rr=7.89% cr=0.00% errors=0 total=14867
[1371482961.820672] latency=5:7:8:10:549:(52)ms throughput=34rps rr=14.71% cr=0.00% errors=0 total=14901
[1371482962.824643] latency=5:5:5:6:195:(15)ms throughput=33rps rr=6.06% cr=0.00% errors=0 total=14934
[1371482963.828633] latency=5:5:6:9:206:(16)ms throughput=34rps rr=5.88% cr=0.00% errors=0 total=14968
[1371482964.832644] latency=5:5:6:7:62:(9)ms throughput=33rps rr=6.06% cr=0.00% errors=0 total=15001
[1371482965.836682] latency=5:7:9:12:451:(41)ms throughput=34rps rr=14.71% cr=0.00% errors=0 total=15035
[1371482966.840623] latency=4:5:7:10:293:(21)ms throughput=40rps rr=10.00% cr=0.00% errors=0 total=15075
[1371482967.844658] latency=3:6:8:10:210:(26)ms throughput=40rps rr=10.00% cr=0.00% errors=0 total=15115
[1371482968.848621] latency=3:5:7:10:222:(25)ms throughput=34rps rr=17.65% cr=0.00% errors=0 total=15149
[1371482969.852653] latency=3:5:7:9:222:(25)ms throughput=35rps rr=14.29% cr=0.00% errors=0 total=15184
[1371482970.856621] latency=4:5:8:12:159:(25)ms throughput=27rps rr=14.81% cr=0.00% errors=0 total=15211
[1371482971.860632] latency=7:8:9:21:603:(93)ms throughput=34rps rr=20.59% cr=0.00% errors=0 total=15245
[1371482972.864621] latency=3:6:8:17:834:(103)ms throughput=27rps rr=18.52% cr=0.00% errors=0 total=15272
[1371482973.868644] latency=5:7:14:274:1694:(264)ms throughput=31rps rr=25.81% cr=0.00% errors=0 total=15303
[1371482974.872621] latency=4:7:9:17:2078:(278)ms throughput=41rps rr=19.51% cr=0.00% errors=0 total=15344
[1371482975.876673] latency=3:5:6:8:1348:(78)ms throughput=36rps rr=11.11% cr=0.00% errors=0 total=15380
[1371482976.880646] latency=3:5:6:9:244:(31)ms throughput=26rps rr=19.23% cr=0.00% errors=0 total=15406
[1371482977.884641] latency=5:6:8:10:218:(20)ms throughput=37rps rr=10.81% cr=0.00% errors=0 total=15443
[1371482978.888619] latency=4:5:6:8:97:(10)ms throughput=31rps rr=3.23% cr=0.00% errors=0 total=15474
[1371482979.892644] latency=5:5:7:11:191:(16)ms throughput=38rps rr=5.26% cr=0.00% errors=0 total=15512
[1371482980.896619] latency=3:5:5:7:53:(8)ms throughput=32rps rr=3.12% cr=0.00% errors=0 total=15544
[1371482981.900639] latency=5:5:6:7:12:(7)ms throughput=27rps rr=0.00% cr=0.00% errors=0 total=15571
[1371482982.904648] latency=4:5:8:11:206:(20)ms throughput=33rps rr=9.09% cr=0.00% errors=0 total=15604
[1371482983.908630] latency=4:5:6:8:199:(19)ms throughput=30rps rr=6.67% cr=0.00% errors=0 total=15634
[1371482984.912658] latency=5:5:5:6:10:(6)ms throughput=25rps rr=0.00% cr=0.00% errors=0 total=15659
[1371482985.916667] latency=5:5:6:9:360:(29)ms throughput=27rps rr=11.11% cr=0.00% errors=0 total=15686
[1371482986.920642] latency=4:6:9:11:245:(25)ms throughput=38rps rr=10.53% cr=0.00% errors=0 total=15724
[1371482987.924664] latency=4:5:6:8:207:(19)ms throughput=33rps rr=9.09% cr=0.00% errors=0 total=15757
[1371482988.928620] latency=5:6:7:9:358:(41)ms throughput=29rps rr=13.79% cr=0.00% errors=0 total=15786
[1371482989.932639] latency=4:5:7:9:424:(42)ms throughput=36rps rr=11.11% cr=0.00% errors=0 total=15822
[1371482990.936623] latency=3:5:6:10:261:(26)ms throughput=39rps rr=12.82% cr=0.00% errors=0 total=15861
[1371482991.940679] latency=5:5:6:9:286:(24)ms throughput=44rps rr=9.09% cr=0.00% errors=0 total=15905
[1371482992.944622] latency=3:5:7:10:204:(29)ms throughput=27rps rr=14.81% cr=0.00% errors=0 total=15932
[1371482993.948643] latency=3:5:7:9:143:(17)ms throughput=39rps rr=17.95% cr=0.00% errors=0 total=15971
[1371482994.952620] latency=5:6:9:14:402:(60)ms throughput=35rps rr=22.86% cr=0.00% errors=0 total=16006
[1371482995.956636] latency=5:5:7:11:394:(33)ms throughput=38rps rr=15.79% cr=0.00% errors=0 total=16044
[1371482996.960633] latency=4:6:8:18:623:(73)ms throughput=30rps rr=23.33% cr=0.00% errors=0 total=16074
[1371482997.964694] latency=4:8:9:15:597:(84)ms throughput=34rps rr=20.59% cr=0.00% errors=0 total=16108
[1371482998.968642] latency=3:5:8:38:484:(55)ms throughput=44rps rr=20.45% cr=0.00% errors=0 total=16152
[1371482999.972649] latency=4:5:5:11:128:(20)ms throughput=37rps rr=21.62% cr=0.00% errors=0 total=16189
[1371483000.976671] latency=4:5:6:8:193:(27)ms throughput=31rps rr=16.13% cr=0.00% errors=0 total=16220
[1371483001.980692] latency=4:5:6:8:181:(23)ms throughput=31rps rr=16.13% cr=0.00% errors=0 total=16251
[1371483002.984639] latency=3:5:5:9:233:(33)ms throughput=39rps rr=20.51% cr=0.00% errors=0 total=16290
[1371483003.988689] latency=3:5:5:9:264:(41)ms throughput=35rps rr=28.57% cr=0.00% errors=0 total=16325
[1371483004.992630] latency=4:5:6:7:159:(17)ms throughput=33rps rr=15.15% cr=0.00% errors=0 total=16358
[1371483005.996654] latency=5:5:6:27:145:(29)ms throughput=15rps rr=33.33% cr=0.00% errors=0 total=16373
[1371483007.000632] latency=3:5:7:14:254:(33)ms throughput=32rps rr=25.00% cr=0.00% errors=0 total=16405
[1371483008.004630] latency=3:5:38:139:416:(89)ms throughput=31rps rr=51.61% cr=0.00% errors=0 total=16436
[1371483009.008640] latency=4:5:6:78:323:(58)ms throughput=35rps rr=40.00% cr=0.00% errors=0 total=16471
[1371483010.012657] latency=3:4:6:65:249:(54)ms throughput=31rps rr=45.16% cr=0.00% errors=0 total=16502
[1371483011.016635] latency=3:4:5:81:229:(52)ms throughput=31rps rr=41.94% cr=0.00% errors=0 total=16533
[1371483012.020693] latency=4:9:39:341:1214:(262)ms throughput=21rps rr=57.14% cr=0.00% errors=0 total=16554
[1371483013.024632] latency=4:11:402:1154:1458:(580)ms throughput=26rps rr=73.08% cr=0.00% errors=0 total=16580
[1371483014.028651] latency=3:6:314:765:1007:(370)ms throughput=22rps rr=63.64% cr=0.00% errors=0 total=16602
[1371483015.032648] latency=4:5:10:145:306:(68)ms throughput=27rps rr=40.74% cr=0.00% errors=0 total=16629
[1371483016.036651] latency=3:4:6:119:502:(80)ms throughput=31rps rr=32.26% cr=0.00% errors=0 total=16660
[1371483017.040651] latency=3:6:18:442:1273:(291)ms throughput=28rps rr=35.71% cr=0.00% errors=0 total=16688
[1371483018.044623] latency=4:5:6:43:1334:(166)ms throughput=40rps rr=27.50% cr=0.00% errors=0 total=16728
[1371483019.048686] latency=4:5:5:8:172:(23)ms throughput=35rps rr=22.86% cr=0.00% errors=0 total=16763
[1371483020.052731] latency=4:5:5:8:137:(20)ms throughput=34rps rr=17.65% cr=0.00% errors=0 total=16797
[1371483021.056720] latency=4:5:5:8:234:(33)ms throughput=33rps rr=18.18% cr=0.00% errors=0 total=16830
[1371483022.060679] latency=4:5:5:6:201:(19)ms throughput=32rps rr=9.38% cr=0.00% errors=0 total=16862
[1371483023.064659] latency=3:5:5:9:185:(27)ms throughput=38rps rr=15.79% cr=0.00% errors=0 total=16900
[1371483024.068677] latency=4:5:5:6:248:(22)ms throughput=30rps rr=13.33% cr=0.00% errors=0 total=16930
[1371483025.072653] latency=4:5:6:8:103:(12)ms throughput=31rps rr=12.90% cr=0.00% errors=0 total=16961
[1371483026.076636] latency=4:5:7:10:170:(34)ms throughput=37rps rr=24.32% cr=0.00% errors=0 total=16998
[1371483027.080642] latency=4:5:7:9:161:(27)ms throughput=36rps rr=19.44% cr=0.00% errors=0 total=17034
[1371483028.084670] latency=3:5:5:25:317:(53)ms throughput=34rps rr=26.47% cr=0.00% errors=0 total=17068
[1371483029.088653] latency=3:5:7:10:245:(26)ms throughput=31rps rr=22.58% cr=0.00% errors=0 total=17099
[1371483030.092641] latency=4:5:24:136:309:(76)ms throughput=25rps rr=52.00% cr=0.00% errors=0 total=17124
[1371483031.096644] latency=3:5:7:128:496:(89)ms throughput=38rps rr=44.74% cr=0.00% errors=0 total=17162
[1371483032.100678] latency=4:5:10:143:243:(70)ms throughput=20rps rr=45.00% cr=0.00% errors=0 total=17182
[1371483033.104659] latency=3:5:6:11:311:(43)ms throughput=30rps rr=30.00% cr=0.00% errors=0 total=17212
[1371483034.108638] latency=3:4:6:74:491:(66)ms throughput=36rps rr=41.67% cr=0.00% errors=0 total=17248
[1371483035.112610] latency=4:5:6:45:369:(54)ms throughput=33rps rr=24.24% cr=0.00% errors=0 total=17281
[1371483036.116654] latency=3:5:16:485:1018:(241)ms throughput=27rps rr=40.74% cr=0.00% errors=0 total=17308
[1371483037.120653] latency=3:7:19:289:1988:(369)ms throughput=29rps rr=34.48% cr=0.00% errors=0 total=17337
[1371483038.124657] latency=4:6:36:1516:2339:(686)ms throughput=33rps rr=45.45% cr=0.00% errors=0 total=17370
[1371483039.128651] latency=3:4:20:1073:2329:(554)ms throughput=47rps rr=42.55% cr=0.00% errors=0 total=17417
[1371483040.132696] latency=3:5:5:8:313:(39)ms throughput=44rps rr=18.18% cr=0.00% errors=0 total=17461
[1371483041.136693] latency=4:5:5:8:104:(19)ms throughput=28rps rr=17.86% cr=0.00% errors=0 total=17489
[1371483042.140700] latency=4:5:5:7:173:(17)ms throughput=31rps rr=12.90% cr=0.00% errors=0 total=17520
[1371483043.144646] latency=3:5:5:7:207:(17)ms throughput=34rps rr=8.82% cr=0.00% errors=0 total=17554
[1371483044.148657] latency=3:5:5:6:221:(16)ms throughput=36rps rr=5.56% cr=0.00% errors=0 total=17590
[1371483045.152666] latency=4:5:5:8:156:(13)ms throughput=32rps rr=6.25% cr=0.00% errors=0 total=17622
[1371483046.156648] latency=4:5:5:6:224:(23)ms throughput=33rps rr=12.12% cr=0.00% errors=0 total=17655
[1371483047.160686] latency=3:5:5:8:165:(18)ms throughput=38rps rr=7.89% cr=0.00% errors=0 total=17693
[1371483048.164686] latency=4:5:5:6:142:(11)ms throughput=43rps rr=6.98% cr=0.00% errors=0 total=17736
[1371483049.168693] latency=4:5:5:7:180:(18)ms throughput=36rps rr=8.33% cr=0.00% errors=0 total=17772
[1371483050.172643] latency=4:5:5:6:153:(18)ms throughput=28rps rr=14.29% cr=0.00% errors=0 total=17800
[1371483051.176649] latency=3:5:5:8:242:(22)ms throughput=44rps rr=15.91% cr=0.00% errors=0 total=17844
[1371483052.180696] latency=3:5:6:12:212:(26)ms throughput=31rps rr=16.13% cr=0.00% errors=0 total=17875
[1371483053.184658] latency=4:5:5:7:147:(12)ms throughput=28rps rr=7.14% cr=0.00% errors=0 total=17903
[1371483054.188686] latency=4:5:5:7:137:(16)ms throughput=38rps rr=13.16% cr=0.00% errors=0 total=17941
[1371483055.192645] latency=4:5:5:6:174:(24)ms throughput=28rps rr=14.29% cr=0.00% errors=0 total=17969
[1371483056.196657] latency=3:4:5:85:384:(61)ms throughput=28rps rr=28.57% cr=0.00% errors=0 total=17997
[1371483057.200699] latency=3:4:5:86:399:(65)ms throughput=42rps rr=33.33% cr=0.00% errors=0 total=18039
[1371483058.204651] latency=4:5:5:8:303:(38)ms throughput=34rps rr=14.71% cr=0.00% errors=0 total=18073
[1371483059.208658] latency=3:5:6:7:258:(30)ms throughput=29rps rr=17.24% cr=0.00% errors=0 total=18102
[1371483060.212652] latency=3:5:5:10:191:(35)ms throughput=30rps rr=23.33% cr=0.00% errors=0 total=18132
[1371483061.216660] latency=3:4:9:328:684:(166)ms throughput=29rps rr=44.83% cr=0.00% errors=0 total=18161
[1371483062.220656] latency=3:4:9:55:1596:(240)ms throughput=31rps rr=25.81% cr=0.00% errors=0 total=18192
[1371483063.224652] latency=4:4:27:978:1856:(483)ms throughput=34rps rr=38.24% cr=0.00% errors=0 total=18226
[1371483064.228650] latency=3:4:5:152:1689:(246)ms throughput=47rps rr=34.04% cr=0.00% errors=0 total=18273
[1371483065.232655] latency=3:4:6:141:308:(59)ms throughput=26rps rr=30.77% cr=0.00% errors=0 total=18299
[1371483066.236632] latency=3:5:6:9:346:(45)ms throughput=37rps rr=18.92% cr=0.00% errors=0 total=18336
[1371483067.240646] latency=4:5:5:6:199:(21)ms throughput=30rps rr=16.67% cr=0.00% errors=0 total=18366
[1371483068.244690] latency=4:5:5:6:232:(22)ms throughput=27rps rr=11.11% cr=0.00% errors=0 total=18393
[1371483069.248659] latency=4:5:6:7:189:(15)ms throughput=31rps rr=6.45% cr=0.00% errors=0 total=18424
[1371483070.252647] latency=4:5:5:7:171:(15)ms throughput=35rps rr=5.71% cr=0.00% errors=0 total=18459
[1371483071.256638] latency=5:5:5:7:135:(10)ms throughput=29rps rr=3.45% cr=0.00% errors=0 total=18488
[1371483072.260679] latency=4:5:5:8:204:(23)ms throughput=29rps rr=13.79% cr=0.00% errors=0 total=18517
[1371483073.264692] latency=3:5:5:6:130:(12)ms throughput=32rps rr=6.25% cr=0.00% errors=0 total=18549
[1371483074.268711] latency=3:5:5:7:193:(20)ms throughput=42rps rr=11.90% cr=0.00% errors=0 total=18591
[1371483075.272694] latency=3:5:6:8:401:(44)ms throughput=37rps rr=18.92% cr=0.00% errors=0 total=18628
[1371483076.276649] latency=3:5:5:6:166:(21)ms throughput=36rps rr=13.89% cr=0.00% errors=0 total=18664
[1371483077.280696] latency=3:5:5:6:200:(25)ms throughput=33rps rr=15.15% cr=0.00% errors=0 total=18697
[1371483078.284651] latency=3:5:5:9:168:(21)ms throughput=33rps rr=12.12% cr=0.00% errors=0 total=18730
[1371483079.288665] latency=3:4:8:39:895:(136)ms throughput=36rps rr=25.00% cr=0.00% errors=0 total=18766
[1371483080.292657] latency=3:5:14:286:1614:(317)ms throughput=31rps rr=35.48% cr=0.00% errors=0 total=18797
[1371483081.296660] latency=4:6:132:716:1703:(437)ms throughput=43rps rr=55.81% cr=0.00% errors=0 total=18840
[1371483082.300656] latency=3:4:7:15:392:(36)ms throughput=48rps rr=20.83% cr=0.00% errors=0 total=18888
[1371483083.304689] latency=4:5:5:8:160:(19)ms throughput=40rps rr=12.50% cr=0.00% errors=0 total=18928
[1371483084.308751] latency=4:5:5:7:206:(17)ms throughput=40rps rr=7.50% cr=0.00% errors=0 total=18968
[1371483085.312662] latency=4:5:5:7:193:(24)ms throughput=36rps rr=11.11% cr=0.00% errors=0 total=19004
[1371483086.316689] latency=5:5:5:7:199:(19)ms throughput=36rps rr=8.33% cr=0.00% errors=0 total=19040
[1371483087.320642] latency=4:5:5:7:55:(9)ms throughput=30rps rr=10.00% cr=0.00% errors=0 total=19070
[1371483088.324691] latency=4:5:5:6:83:(9)ms throughput=34rps rr=8.82% cr=0.00% errors=0 total=19104
[1371483089.328652] latency=4:5:5:7:153:(12)ms throughput=32rps rr=6.25% cr=0.00% errors=0 total=19136
[1371483090.332692] latency=4:5:6:8:190:(23)ms throughput=30rps rr=13.33% cr=0.00% errors=0 total=19166
[1371483091.336654] latency=5:5:5:6:69:(9)ms throughput=38rps rr=5.26% cr=0.00% errors=0 total=19204
[1371483092.340622] latency=3:5:5:16:410:(47)ms throughput=36rps rr=22.22% cr=0.00% errors=0 total=19240
[1371483093.344655] latency=3:4:8:119:620:(98)ms throughput=35rps rr=28.57% cr=0.00% errors=0 total=19275
[1371483094.348649] latency=3:5:8:43:568:(79)ms throughput=44rps rr=25.00% cr=0.00% errors=0 total=19319
[1371483095.352688] latency=3:4:5:21:463:(66)ms throughput=38rps rr=28.95% cr=0.00% errors=0 total=19357
[1371483096.356700] latency=3:4:5:15:222:(32)ms throughput=31rps rr=25.81% cr=0.00% errors=0 total=19388
[1371483097.360668] latency=5:5:5:7:134:(22)ms throughput=19rps rr=15.79% cr=0.00% errors=0 total=19407
[1371483098.364674] latency=3:4:5:38:384:(57)ms throughput=38rps rr=26.32% cr=0.00% errors=0 total=19445
[1371483099.368689] latency=4:5:6:8:188:(18)ms throughput=35rps rr=14.29% cr=0.00% errors=0 total=19480
[1371483100.372651] latency=3:5:12:41:520:(39)ms throughput=43rps rr=11.63% cr=0.00% errors=0 total=19523
[1371483101.376691] latency=4:8:41:68:97:(39)ms throughput=22rps rr=4.55% cr=0.00% errors=0 total=19545
[1371483102.380631] latency=10:49:184:282:1290:(278)ms throughput=17rps rr=5.88% cr=0.00% errors=0 total=19562
[1371483103.384688] latency=3:7:44:144:2662:(219)ms throughput=19rps rr=5.26% cr=0.00% errors=0 total=19581
[1371483104.388637] latency=4:54:134:321:3722:(501)ms throughput=24rps rr=12.50% cr=0.00% errors=0 total=19605
[1371483105.392702] latency=6:24:65:89:701:(96)ms throughput=21rps rr=0.00% cr=0.00% errors=0 total=19626
[1371483106.396627] latency=6:29:43:180:5644:(388)ms throughput=21rps rr=9.52% cr=0.00% errors=0 total=19647
[1371483107.400644] latency=3:11:55:97:6597:(554)ms throughput=40rps rr=10.00% cr=0.00% errors=0 total=19687
[1371483108.404628] latency=7:36:89:109:6760:(597)ms throughput=13rps rr=7.69% cr=0.00% errors=0 total=19700
[1371483109.408685] latency=4:36:86:212:8358:(567)ms throughput=44rps rr=6.82% cr=0.00% errors=0 total=19744
[1371483110.412668] latency=4:8:120:181:9240:(463)ms throughput=27rps rr=3.70% cr=0.00% errors=0 total=19771
[1371483111.416675] latency=3:8:31:58:10756:(1014)ms throughput=31rps rr=9.68% cr=0.00% errors=0 total=19802
[1371483112.420623] latency=7:40:103:193:333:(129)ms throughput=28rps rr=0.00% cr=0.00% errors=0 total=19830
[1371483113.424618] latency=4:50:73:415:12229:(2075)ms throughput=32rps rr=18.75% cr=0.00% errors=0 total=19862
[1371483114.428616] latency=3:6:42:87:12014:(2077)ms throughput=41rps rr=19.51% cr=0.00% errors=0 total=19903
[1371483115.432617] latency=5:5:6:9:19:(7)ms throughput=46rps rr=0.00% cr=0.00% errors=0 total=19949
[1371483116.436675] latency=5:5:6:7:12:(7)ms throughput=38rps rr=0.00% cr=0.00% errors=0 total=19987
[1371483117.440660] latency=5:5:5:9:17:(7)ms throughput=39rps rr=0.00% cr=0.00% errors=0 total=20026
[1371483118.444657] latency=5:5:5:7:12:(6)ms throughput=31rps rr=0.00% cr=0.00% errors=0 total=20057
[1371483119.448664] latency=5:5:5:6:18:(6)ms throughput=35rps rr=0.00% cr=0.00% errors=0 total=20092
[1371483120.452575] latency=4:5:5:9:16:(7)ms throughput=44rps rr=0.00% cr=0.00% errors=0 total=20136
[1371483121.456606] latency=5:5:6:7:12:(6)ms throughput=39rps rr=0.00% cr=0.00% errors=0 total=20175
[1371483122.460665] latency=5:5:6:8:18:(7)ms throughput=39rps rr=0.00% cr=0.00% errors=0 total=20214
[1371483123.464664] latency=3:5:5:6:233:(14)ms throughput=34rps rr=2.94% cr=0.00% errors=0 total=20248
[1371483124.468657] latency=4:5:5:7:12:(6)ms throughput=32rps rr=0.00% cr=0.00% errors=0 total=20280
[1371483125.472625] latency=4:5:7:9:19:(8)ms throughput=37rps rr=0.00% cr=0.00% errors=0 total=20317
[1371483126.476667] latency=5:5:5:7:13:(6)ms throughput=30rps rr=0.00% cr=0.00% errors=0 total=20347
[1371483127.480658] latency=3:5:5:7:24:(7)ms throughput=35rps rr=0.00% cr=0.00% errors=0 total=20382
[1371483128.484650] latency=4:5:6:9:168:(14)ms throughput=38rps rr=2.63% cr=0.00% errors=0 total=20420
[1371483129.488658] latency=3:5:5:7:14:(6)ms throughput=26rps rr=0.00% cr=0.00% errors=0 total=20446
[1371483130.492651] latency=4:5:6:10:14:(8)ms throughput=32rps rr=0.00% cr=0.00% errors=0 total=20478
[1371483131.496647] latency=4:5:5:7:12:(6)ms throughput=34rps rr=0.00% cr=0.00% errors=0 total=20512
[1371483132.500659] latency=5:5:5:7:10:(6)ms throughput=28rps rr=0.00% cr=0.00% errors=0 total=20540
[1371483133.504662] latency=3:5:6:8:16:(7)ms throughput=37rps rr=0.00% cr=0.00% errors=0 total=20577
[1371483134.508648] latency=4:5:5:9:196:(14)ms throughput=31rps rr=3.23% cr=0.00% errors=0 total=20608
[1371483135.512658] latency=5:5:5:7:12:(6)ms throughput=31rps rr=0.00% cr=0.00% errors=0 total=20639
[1371483136.516613] latency=3:5:13:40:412:(40)ms throughput=29rps rr=3.45% cr=0.00% errors=0 total=20668
[1371483137.520617] latency=3:9:58:95:791:(114)ms throughput=32rps rr=15.62% cr=0.00% errors=0 total=20700
[1371483138.524648] latency=3:5:8:39:480:(45)ms throughput=37rps rr=10.81% cr=0.00% errors=0 total=20737
[1371483139.528649] latency=3:5:9:50:341:(44)ms throughput=39rps rr=7.69% cr=0.00% errors=0 total=20776
[1371483140.532650] latency=3:5:28:64:840:(82)ms throughput=32rps rr=6.25% cr=0.00% errors=0 total=20808
[1371483141.536623] latency=4:5:7:31:426:(37)ms throughput=33rps rr=9.09% cr=0.00% errors=0 total=20841
[1371483142.540670] latency=3:5:30:87:631:(92)ms throughput=30rps rr=13.33% cr=0.00% errors=0 total=20871
[1371483143.544658] latency=5:5:9:65:676:(75)ms throughput=21rps rr=9.52% cr=0.00% errors=0 total=20892
[1371483144.548607] latency=3:5:8:35:601:(40)ms throughput=36rps rr=2.78% cr=0.00% errors=0 total=20928
[1371483145.552643] latency=3:6:37:62:329:(62)ms throughput=24rps rr=12.50% cr=0.00% errors=0 total=20952
[1371483146.556656] latency=3:5:5:10:100:(16)ms throughput=27rps rr=11.11% cr=0.00% errors=0 total=20979
[1371483147.560618] latency=3:5:30:58:761:(68)ms throughput=35rps rr=5.71% cr=0.00% errors=0 total=21014
[1371483148.564648] latency=3:5:44:60:1567:(94)ms throughput=26rps rr=3.85% cr=0.00% errors=0 total=21040
[1371483149.568622] latency=4:8:43:67:2277:(169)ms throughput=36rps rr=11.11% cr=0.00% errors=0 total=21076
[1371483150.572657] latency=3:5:10:60:2829:(326)ms throughput=34rps rr=14.71% cr=0.00% errors=0 total=21110
[1371483151.576662] latency=5:5:5:7:17:(6)ms throughput=34rps rr=0.00% cr=0.00% errors=0 total=21144
[1371483152.580690] latency=5:5:6:9:22:(8)ms throughput=34rps rr=2.94% cr=0.00% errors=0 total=21178
[1371483153.584657] latency=4:5:5:7:35:(7)ms throughput=31rps rr=3.23% cr=0.00% errors=0 total=21209
[1371483154.588616] latency=5:5:5:6:14:(6)ms throughput=28rps rr=0.00% cr=0.00% errors=0 total=21237
[1371483155.592654] latency=4:5:5:6:20:(7)ms throughput=41rps rr=0.00% cr=0.00% errors=0 total=21278
[1371483156.596647] latency=3:5:5:10:343:(25)ms throughput=30rps rr=3.33% cr=0.00% errors=0 total=21308
[1371483157.600657] latency=3:5:12:34:552:(50)ms throughput=39rps rr=5.13% cr=0.00% errors=0 total=21347
[1371483158.604658] latency=4:5:6:10:327:(20)ms throughput=32rps rr=3.12% cr=0.00% errors=0 total=21379
[1371483159.608634] latency=4:5:7:68:447:(58)ms throughput=35rps rr=5.71% cr=0.00% errors=0 total=21414
[1371483160.612652] latency=3:5:19:48:632:(63)ms throughput=26rps rr=7.69% cr=0.00% errors=0 total=21440
[1371483161.616659] latency=3:5:11:43:540:(38)ms throughput=36rps rr=2.78% cr=0.00% errors=0 total=21476
[1371483162.620648] latency=4:5:6:9:319:(19)ms throughput=32rps rr=3.12% cr=0.00% errors=0 total=21508
[1371483163.624650] latency=5:5:5:6:12:(6)ms throughput=29rps rr=0.00% cr=0.00% errors=0 total=21537
[1371483164.628659] latency=5:5:5:8:12:(6)ms throughput=16rps rr=0.00% cr=0.00% errors=0 total=21553
[1371483165.632648] latency=5:5:6:7:13:(7)ms throughput=33rps rr=0.00% cr=0.00% errors=0 total=21586
[1371483166.636608] latency=3:5:7:74:108:(37)ms throughput=28rps rr=3.57% cr=0.00% errors=0 total=21614
[1371483167.640606] latency=3:5:46:200:1148:(174)ms throughput=30rps rr=10.00% cr=0.00% errors=0 total=21644
[1371483168.644609] latency=3:5:6:55:852:(48)ms throughput=33rps rr=3.03% cr=0.00% errors=0 total=21677
[1371483169.648602] latency=3:5:6:12:546:(30)ms throughput=32rps rr=3.12% cr=0.00% errors=0 total=21709
[1371483170.652658] latency=5:5:6:8:22:(7)ms throughput=36rps rr=0.00% cr=0.00% errors=0 total=21745
[1371483171.656646] latency=4:5:5:6:11:(6)ms throughput=31rps rr=0.00% cr=0.00% errors=0 total=21776
[1371483172.660649] latency=5:6:9:37:317:(34)ms throughput=40rps rr=5.00% cr=0.00% errors=0 total=21816
[1371483173.664617] latency=4:5:5:7:10:(6)ms throughput=26rps rr=0.00% cr=0.00% errors=0 total=21842
[1371483174.668613] latency=3:5:6:9:79:(10)ms throughput=23rps rr=0.00% cr=0.00% errors=0 total=21865
[1371483175.672591] latency=4:5:9:79:720:(67)ms throughput=33rps rr=6.06% cr=0.00% errors=0 total=21898
[1371483176.676649] latency=5:5:5:6:52:(7)ms throughput=33rps rr=3.03% cr=0.00% errors=0 total=21931
[1371483177.680604] latency=4:6:28:72:442:(62)ms throughput=32rps rr=6.25% cr=0.00% errors=0 total=21963
[1371483178.684662] latency=5:5:7:11:218:(17)ms throughput=34rps rr=2.94% cr=0.00% errors=0 total=21997
[1371483179.688612] latency=3:5:5:30:467:(30)ms throughput=38rps rr=2.63% cr=0.00% errors=0 total=22035
[1371483180.692621] latency=4:5:6:12:247:(18)ms throughput=35rps rr=2.86% cr=0.00% errors=0 total=22070
[1371483181.696706] latency=3:5:7:12:406:(29)ms throughput=28rps rr=7.14% cr=0.00% errors=0 total=22098
[1371483182.700659] latency=4:5:5:6:58:(8)ms throughput=22rps rr=9.09% cr=0.00% errors=0 total=22120
[1371483183.704648] latency=5:5:6:8:15:(7)ms throughput=34rps rr=0.00% cr=0.00% errors=0 total=22154
[1371483184.708663] latency=5:5:5:6:7:(6)ms throughput=19rps rr=0.00% cr=0.00% errors=0 total=22173
[1371483185.712624] latency=4:5:5:10:63:(9)ms throughput=24rps rr=4.17% cr=0.00% errors=0 total=22197
[1371483186.716650] latency=3:5:6:25:284:(33)ms throughput=32rps rr=6.25% cr=0.00% errors=0 total=22229
[1371483187.720619] latency=5:5:6:7:67:(10)ms throughput=26rps rr=3.85% cr=0.00% errors=0 total=22255
[1371483188.724665] latency=3:8:53:161:693:(114)ms throughput=32rps rr=6.25% cr=0.00% errors=0 total=22287
[1371483189.728647] latency=4:14:47:76:1493:(130)ms throughput=36rps rr=8.33% cr=0.00% errors=0 total=22323
[1371483190.732665] latency=3:5:20:54:2236:(155)ms throughput=32rps rr=15.62% cr=0.00% errors=0 total=22355
[1371483191.736660] latency=5:5:7:10:47:(10)ms throughput=25rps rr=4.00% cr=0.00% errors=0 total=22380
[1371483192.740657] latency=4:5:5:8:200:(16)ms throughput=32rps rr=6.25% cr=0.00% errors=0 total=22412
[1371483193.744618] latency=3:5:5:8:22:(8)ms throughput=28rps rr=0.00% cr=0.00% errors=0 total=22440
[1371483194.748647] latency=5:5:6:7:11:(6)ms throughput=32rps rr=0.00% cr=0.00% errors=0 total=22472
[1371483195.752657] latency=4:5:6:7:15:(7)ms throughput=32rps rr=0.00% cr=0.00% errors=0 total=22504
[1371483196.756653] latency=3:5:6:8:27:(7)ms throughput=33rps rr=0.00% cr=0.00% errors=0 total=22537
[1371483197.760665] latency=4:5:6:7:162:(12)ms throughput=28rps rr=3.57% cr=0.00% errors=0 total=22565
[1371483198.764619] latency=3:5:5:12:455:(31)ms throughput=41rps rr=2.44% cr=0.00% errors=0 total=22606
[1371483199.768653] latency=3:5:6:8:14:(7)ms throughput=33rps rr=0.00% cr=0.00% errors=0 total=22639
[1371483200.772662] latency=3:5:8:42:442:(36)ms throughput=36rps rr=5.56% cr=0.00% errors=0 total=22675
[1371483201.776675] latency=5:5:5:6:180:(11)ms throughput=34rps rr=5.88% cr=0.00% errors=0 total=22709
[1371483202.780663] latency=5:5:5:6:8:(6)ms throughput=26rps rr=0.00% cr=0.00% errors=0 total=22735
[1371483203.784672] latency=5:5:5:7:173:(11)ms throughput=35rps rr=2.86% cr=0.00% errors=0 total=22770
[1371483204.788609] latency=5:5:5:6:36:(7)ms throughput=30rps rr=3.33% cr=0.00% errors=0 total=22800
[1371483205.792663] latency=4:5:5:6:9:(6)ms throughput=41rps rr=2.44% cr=0.00% errors=0 total=22841
[1371483206.796662] latency=5:5:5:6:65:(7)ms throughput=35rps rr=2.86% cr=0.00% errors=0 total=22876
[1371483207.800654] latency=5:5:5:7:106:(9)ms throughput=30rps rr=3.33% cr=0.00% errors=0 total=22906
[1371483208.804619] latency=4:5:5:7:163:(13)ms throughput=42rps rr=4.76% cr=0.00% errors=0 total=22948
[1371483209.808671] latency=5:5:6:8:198:(22)ms throughput=37rps rr=10.81% cr=0.00% errors=0 total=22985
[1371483210.812618] latency=5:5:5:7:153:(14)ms throughput=28rps rr=10.71% cr=0.00% errors=0 total=23013
[1371483211.816616] latency=4:5:5:8:146:(19)ms throughput=29rps rr=13.79% cr=0.00% errors=0 total=23042
[1371483212.820656] latency=4:5:6:19:284:(46)ms throughput=38rps rr=23.68% cr=0.00% errors=0 total=23080
[1371483213.824696] latency=5:5:5:6:140:(15)ms throughput=33rps rr=9.09% cr=0.00% errors=0 total=23113
[1371483214.828645] latency=4:5:5:7:119:(13)ms throughput=29rps rr=6.90% cr=0.00% errors=0 total=23142
[1371483215.832664] latency=5:5:5:6:184:(22)ms throughput=35rps rr=20.00% cr=0.00% errors=0 total=23177
[1371483216.836608] latency=5:5:5:5:144:(17)ms throughput=35rps rr=14.29% cr=0.00% errors=0 total=23212
[1371483217.840629] latency=4:5:6:21:241:(42)ms throughput=45rps rr=31.11% cr=0.00% errors=0 total=23257
[1371483218.844659] latency=4:5:5:8:195:(30)ms throughput=44rps rr=18.18% cr=0.00% errors=0 total=23301
[1371483219.848613] latency=4:5:6:46:190:(39)ms throughput=26rps rr=26.92% cr=0.00% errors=0 total=23327
[1371483220.852632] latency=4:5:6:77:220:(43)ms throughput=30rps rr=36.67% cr=0.00% errors=0 total=23357
[1371483221.856632] latency=5:5:6:69:195:(41)ms throughput=32rps rr=28.12% cr=0.00% errors=0 total=23389
[1371483222.860615] latency=4:5:19:95:250:(59)ms throughput=43rps rr=53.49% cr=0.00% errors=0 total=23432
[1371483223.864642] latency=3:5:41:270:623:(145)ms throughput=38rps rr=50.00% cr=0.00% errors=0 total=23470
[1371483224.868620] latency=4:7:116:259:558:(160)ms throughput=45rps rr=66.67% cr=0.00% errors=0 total=23515
[1371483225.872647] latency=5:7:70:144:244:(86)ms throughput=18rps rr=61.11% cr=0.00% errors=0 total=23533
[1371483226.876622] latency=4:6:93:156:299:(98)ms throughput=32rps rr=62.50% cr=0.00% errors=0 total=23565
[1371483227.880611] latency=4:5:9:138:239:(67)ms throughput=28rps rr=46.43% cr=0.00% errors=0 total=23593
[1371483228.884651] latency=4:6:57:168:262:(96)ms throughput=35rps rr=65.71% cr=0.00% errors=0 total=23628
[1371483229.888611] latency=4:14:86:399:686:(197)ms throughput=34rps rr=70.59% cr=0.00% errors=0 total=23662
[1371483230.892626] latency=4:7:198:305:580:(198)ms throughput=31rps rr=70.97% cr=0.00% errors=0 total=23693
[1371483231.896592] latency=4:5:65:126:230:(80)ms throughput=29rps rr=65.52% cr=0.00% errors=0 total=23722
[1371483232.900615] latency=4:83:163:279:351:(169)ms throughput=31rps rr=83.87% cr=0.00% errors=0 total=23753
[1371483233.904604] latency=4:7:102:187:427:(117)ms throughput=31rps rr=64.52% cr=0.00% errors=0 total=23784
[1371483234.908623] latency=4:7:98:159:385:(115)ms throughput=33rps rr=72.73% cr=0.00% errors=0 total=23817
[1371483235.912619] latency=4:57:214:510:823:(301)ms throughput=25rps rr=80.00% cr=0.00% errors=0 total=23842
[1371483236.916630] latency=4:214:490:702:1111:(481)ms throughput=24rps rr=79.17% cr=0.00% errors=0 total=23866
[1371483237.920637] latency=4:43:913:1517:1955:(851)ms throughput=37rps rr=72.97% cr=0.00% errors=0 total=23903
[1371483238.924640] latency=4:8:286:849:1870:(479)ms throughput=43rps rr=72.09% cr=0.00% errors=0 total=23946
[1371483239.928631] latency=4:5:54:175:343:(102)ms throughput=35rps rr=54.29% cr=0.00% errors=0 total=23981
[1371483240.932657] latency=5:5:6:21:216:(37)ms throughput=28rps rr=25.00% cr=0.00% errors=0 total=24009
[1371483241.936665] latency=5:5:6:8:192:(29)ms throughput=33rps rr=21.21% cr=0.00% errors=0 total=24042
[1371483242.940626] latency=5:5:6:8:199:(31)ms throughput=26rps rr=19.23% cr=0.00% errors=0 total=24068
[1371483243.944620] latency=5:5:6:8:176:(28)ms throughput=34rps rr=17.65% cr=0.00% errors=0 total=24102
[1371483244.948619] latency=5:5:5:7:199:(20)ms throughput=29rps rr=13.79% cr=0.00% errors=0 total=24131
[1371483245.952627] latency=5:5:5:6:184:(13)ms throughput=23rps rr=4.35% cr=0.00% errors=0 total=24154
[1371483246.956610] latency=4:5:6:8:189:(31)ms throughput=38rps rr=21.05% cr=0.00% errors=0 total=24192
[1371483247.968616] latency=4:5:6:50:222:(45)ms throughput=38rps rr=28.95% cr=0.00% errors=0 total=24230
[1371483248.972604] latency=4:5:5:79:208:(46)ms throughput=20rps rr=35.00% cr=0.00% errors=0 total=24250
[1371483249.976653] latency=4:5:13:161:247:(74)ms throughput=30rps rr=46.67% cr=0.00% errors=0 total=24280
[1371483250.980619] latency=4:5:6:48:194:(32)ms throughput=39rps rr=30.77% cr=0.00% errors=0 total=24319
[1371483251.984627] latency=4:5:5:8:194:(27)ms throughput=34rps rr=17.65% cr=0.00% errors=0 total=24353
[1371483252.988672] latency=5:5:8:70:169:(44)ms throughput=29rps rr=41.38% cr=0.00% errors=0 total=24382
[1371483253.992612] latency=4:5:5:103:205:(48)ms throughput=25rps rr=48.00% cr=0.00% errors=0 total=24407
[1371483254.996565] latency=4:34:125:202:240:(119)ms throughput=28rps rr=82.14% cr=0.00% errors=0 total=24435
[1371483256.000629] latency=4:8:146:274:371:(153)ms throughput=31rps rr=70.97% cr=0.00% errors=0 total=24466
[1371483257.004603] latency=4:14:110:246:364:(135)ms throughput=32rps rr=84.38% cr=0.00% errors=0 total=24498
[1371483258.008619] latency=4:10:100:218:326:(124)ms throughput=35rps rr=85.71% cr=0.00% errors=0 total=24533
[1371483259.012611] latency=4:127:282:357:540:(243)ms throughput=26rps rr=88.46% cr=0.00% errors=0 total=24559
[1371483260.016606] latency=6:205:412:866:1357:(562)ms throughput=29rps rr=100.00% cr=0.00% errors=0 total=24588
[1371483261.020633] latency=4:239:623:910:1402:(599)ms throughput=38rps rr=89.47% cr=0.00% errors=0 total=24626
[1371483262.024658] latency=5:6:115:202:345:(118)ms throughput=31rps rr=70.97% cr=0.00% errors=0 total=24657
[1371483263.028604] latency=3:26:110:177:246:(116)ms throughput=29rps rr=82.76% cr=0.00% errors=0 total=24686
[1371483264.032627] latency=4:7:67:148:247:(92)ms throughput=27rps rr=70.37% cr=0.00% errors=0 total=24713
[1371483265.036651] latency=4:5:8:61:232:(43)ms throughput=33rps rr=36.36% cr=0.00% errors=0 total=24746
[1371483266.040778] latency=4:6:75:141:266:(84)ms throughput=39rps rr=56.41% cr=0.00% errors=0 total=24785
[1371483267.044655] latency=3:5:8:59:193:(51)ms throughput=37rps rr=40.54% cr=0.00% errors=0 total=24822
[1371483268.048665] latency=4:5:6:128:295:(68)ms throughput=31rps rr=41.94% cr=0.00% errors=0 total=24853
[1371483269.052647] latency=4:6:54:158:281:(89)ms throughput=35rps rr=62.86% cr=0.00% errors=0 total=24888
[1371483270.056665] latency=5:7:66:170:272:(87)ms throughput=25rps rr=56.00% cr=0.00% errors=0 total=24913
[1371483271.060633] latency=4:5:21:125:260:(68)ms throughput=32rps rr=53.12% cr=0.00% errors=0 total=24945
[1371483272.064647] latency=4:5:22:142:254:(81)ms throughput=34rps rr=58.82% cr=0.00% errors=0 total=24979
[1371483273.068649] latency=4:21:134:178:235:(116)ms throughput=25rps rr=88.00% cr=0.00% errors=0 total=25004
[1371483274.072660] latency=4:52:216:333:609:(211)ms throughput=31rps rr=83.87% cr=0.00% errors=0 total=25035
[1371483275.076648] latency=4:293:457:666:887:(469)ms throughput=27rps rr=96.30% cr=0.00% errors=0 total=25062
[1371483276.080669] latency=4:74:305:422:610:(277)ms throughput=25rps rr=92.00% cr=0.00% errors=0 total=25087
[1371483277.084653] latency=4:40:202:281:553:(191)ms throughput=37rps rr=89.19% cr=0.00% errors=0 total=25124
[1371483278.088659] latency=18:129:208:256:366:(191)ms throughput=23rps rr=95.65% cr=0.00% errors=0 total=25147
[1371483279.092639] latency=4:208:523:734:1364:(534)ms throughput=30rps rr=96.67% cr=0.00% errors=0 total=25177
[1371483280.096671] latency=4:131:626:1349:1799:(753)ms throughput=21rps rr=85.71% cr=0.00% errors=0 total=25198
[1371483281.100653] latency=4:311:1018:1529:2285:(1010)ms throughput=27rps rr=81.48% cr=0.00% errors=0 total=25225
[1371483282.104676] latency=4:12:472:1265:1875:(663)ms throughput=53rps rr=71.70% cr=0.00% errors=0 total=25278
[1371483283.108696] latency=4:5:6:71:238:(49)ms throughput=44rps rr=31.82% cr=0.00% errors=0 total=25322
[1371483284.112710] latency=4:5:5:8:189:(25)ms throughput=33rps rr=21.21% cr=0.00% errors=0 total=25355
[1371483285.116669] latency=4:5:5:7:177:(17)ms throughput=45rps rr=11.11% cr=0.00% errors=0 total=25400
[1371483286.120676] latency=5:5:5:7:143:(13)ms throughput=36rps rr=8.33% cr=0.00% errors=0 total=25436
[1371483287.124656] latency=5:5:5:6:112:(11)ms throughput=33rps rr=6.06% cr=0.00% errors=0 total=25469
[1371483288.128686] latency=5:5:5:6:146:(13)ms throughput=35rps rr=8.57% cr=0.00% errors=0 total=25504
[1371483289.132635] latency=5:5:5:8:160:(13)ms throughput=36rps rr=8.33% cr=0.00% errors=0 total=25540
[1371483290.136642] latency=5:5:5:8:130:(19)ms throughput=32rps rr=15.62% cr=0.00% errors=0 total=25572
[1371483291.140666] latency=4:5:5:8:206:(24)ms throughput=31rps rr=19.35% cr=0.00% errors=0 total=25603
[1371483292.144688] latency=4:5:6:8:177:(27)ms throughput=31rps rr=22.58% cr=0.00% errors=0 total=25634
[1371483293.148682] latency=4:5:5:29:218:(30)ms throughput=36rps rr=27.78% cr=0.00% errors=0 total=25670
[1371483294.152672] latency=4:5:6:24:150:(26)ms throughput=33rps rr=30.30% cr=0.00% errors=0 total=25703
[1371483295.156681] latency=4:5:6:42:221:(41)ms throughput=34rps rr=32.35% cr=0.00% errors=0 total=25737
[1371483296.160666] latency=4:5:6:9:250:(43)ms throughput=41rps rr=26.83% cr=0.00% errors=0 total=25778
[1371483297.164670] latency=4:5:19:165:298:(85)ms throughput=42rps rr=52.38% cr=0.00% errors=0 total=25820
[1371483298.168703] latency=3:7:52:112:311:(78)ms throughput=30rps rr=66.67% cr=0.00% errors=0 total=25850
[1371483299.172663] latency=5:5:6:135:246:(72)ms throughput=29rps rr=51.72% cr=0.00% errors=0 total=25879
[1371483300.176683] latency=3:5:42:111:259:(70)ms throughput=30rps rr=56.67% cr=0.00% errors=0 total=25909
