[1374583470.860706] latency=nan:nan:nan:nan:nan:(-nan)ms throughput=0rps rr=-nan% cr=-nan% errors=0 total=0
[1374583471.864666] latency=nan:nan:nan:nan:nan:(-nan)ms throughput=0rps rr=-nan% cr=-nan% errors=0 total=0
[1374583472.868625] latency=nan:nan:nan:nan:nan:(-nan)ms throughput=0rps rr=-nan% cr=-nan% errors=0 total=0
[1374583473.872632] latency=nan:nan:nan:nan:nan:(-nan)ms throughput=0rps rr=-nan% cr=-nan% errors=0 total=0
[1374583474.876650] latency=nan:nan:nan:nan:nan:(-nan)ms throughput=0rps rr=-nan% cr=-nan% errors=0 total=0
[1374583475.880569] latency=nan:nan:nan:nan:nan:(-nan)ms throughput=0rps rr=-nan% cr=-nan% errors=0 total=0
[1374583476.884686] latency=nan:nan:nan:nan:nan:(-nan)ms throughput=0rps rr=-nan% cr=-nan% errors=0 total=0
[1374583477.888658] latency=nan:nan:nan:nan:nan:(-nan)ms throughput=0rps rr=-nan% cr=-nan% errors=0 total=0
[1374583478.892604] latency=nan:nan:nan:nan:nan:(-nan)ms throughput=0rps rr=-nan% cr=-nan% errors=0 total=0
[1374583479.896653] latency=nan:nan:nan:nan:nan:(-nan)ms throughput=0rps rr=-nan% cr=-nan% errors=0 total=0
[1374583480.900765] latency=nan:nan:nan:nan:nan:(-nan)ms throughput=0rps rr=-nan% cr=-nan% errors=0 total=0
[1374583480.901070] set thinktime=3.000000
[1374583480.901136] set concurrency=100
[1374583481.952674] latency=5:17:17:18:28:(16)ms throughput=33rps rr=0.00% cr=0.00% errors=0 total=35
[1374583482.956670] latency=5:6:17:18:21:(13)ms throughput=37rps rr=0.00% cr=0.00% errors=0 total=72
[1374583483.960627] latency=5:5:8:17:20:(11)ms throughput=33rps rr=0.00% cr=0.00% errors=0 total=105
[1374583484.964660] latency=5:5:6:17:21:(9)ms throughput=37rps rr=0.00% cr=0.00% errors=0 total=142
[1374583485.968665] latency=5:5:5:8:22:(9)ms throughput=34rps rr=0.00% cr=0.00% errors=0 total=176
[1374583486.972668] latency=4:5:5:7:20:(7)ms throughput=33rps rr=0.00% cr=0.00% errors=0 total=209
[1374583487.976620] latency=5:5:5:13:20:(8)ms throughput=32rps rr=0.00% cr=0.00% errors=0 total=241
[1374583488.980649] latency=4:5:5:8:18:(8)ms throughput=33rps rr=0.00% cr=0.00% errors=0 total=274
[1374583489.984679] latency=4:5:5:6:18:(7)ms throughput=33rps rr=0.00% cr=0.00% errors=0 total=307
[1374583490.988676] latency=4:5:5:8:18:(8)ms throughput=28rps rr=0.00% cr=0.00% errors=0 total=335
[1374583491.992630] latency=4:5:5:8:23:(9)ms throughput=34rps rr=0.00% cr=0.00% errors=0 total=369
[1374583492.996689] latency=4:5:5:7:19:(8)ms throughput=44rps rr=0.00% cr=0.00% errors=0 total=413
[1374583494.000623] latency=4:5:6:8:19:(8)ms throughput=29rps rr=0.00% cr=0.00% errors=0 total=442
[1374583495.004660] latency=4:5:5:5:19:(6)ms throughput=30rps rr=0.00% cr=0.00% errors=0 total=472
[1374583496.008660] latency=5:5:5:16:20:(9)ms throughput=37rps rr=0.00% cr=0.00% errors=0 total=509
[1374583497.012670] latency=5:5:5:8:18:(8)ms throughput=27rps rr=0.00% cr=0.00% errors=0 total=536
[1374583498.016631] latency=4:5:5:7:18:(7)ms throughput=33rps rr=0.00% cr=0.00% errors=0 total=569
[1374583499.020660] latency=4:5:5:8:19:(8)ms throughput=27rps rr=0.00% cr=0.00% errors=0 total=596
[1374583500.024659] latency=4:5:5:7:21:(7)ms throughput=34rps rr=0.00% cr=0.00% errors=0 total=630
[1374583501.028637] latency=4:5:5:6:21:(7)ms throughput=41rps rr=0.00% cr=0.00% errors=0 total=671
[1374583502.032670] latency=4:5:5:9:21:(8)ms throughput=36rps rr=0.00% cr=0.00% errors=0 total=707
[1374583503.036677] latency=5:5:5:17:20:(9)ms throughput=45rps rr=0.00% cr=0.00% errors=0 total=752
[1374583504.040662] latency=5:5:5:8:21:(8)ms throughput=23rps rr=0.00% cr=0.00% errors=0 total=775
[1374583505.044637] latency=4:5:5:6:20:(7)ms throughput=35rps rr=0.00% cr=0.00% errors=0 total=810
[1374583506.048620] latency=5:5:5:17:21:(9)ms throughput=24rps rr=0.00% cr=0.00% errors=0 total=834
[1374583507.052660] latency=4:5:5:8:20:(8)ms throughput=32rps rr=0.00% cr=0.00% errors=0 total=866
[1374583508.056658] latency=4:5:5:12:19:(8)ms throughput=32rps rr=0.00% cr=0.00% errors=0 total=898
[1374583509.060670] latency=5:5:5:5:17:(7)ms throughput=26rps rr=0.00% cr=0.00% errors=0 total=924
[1374583510.064620] latency=4:5:5:13:18:(8)ms throughput=40rps rr=0.00% cr=0.00% errors=0 total=964
[1374583511.068659] latency=4:5:5:7:20:(7)ms throughput=47rps rr=0.00% cr=0.00% errors=0 total=1011
[1374583512.072660] latency=4:5:5:7:18:(7)ms throughput=31rps rr=0.00% cr=0.00% errors=0 total=1042
[1374583513.076677] latency=4:5:5:8:18:(8)ms throughput=34rps rr=0.00% cr=0.00% errors=0 total=1076
[1374583514.080662] latency=5:5:5:7:20:(7)ms throughput=30rps rr=0.00% cr=0.00% errors=0 total=1106
[1374583515.084661] latency=4:5:5:8:18:(8)ms throughput=23rps rr=0.00% cr=0.00% errors=0 total=1129
[1374583516.088671] latency=4:5:5:7:21:(7)ms throughput=34rps rr=0.00% cr=0.00% errors=0 total=1163
[1374583517.092639] latency=4:5:5:8:20:(8)ms throughput=38rps rr=0.00% cr=0.00% errors=0 total=1201
[1374583518.096619] latency=4:5:7:17:20:(10)ms throughput=35rps rr=0.00% cr=0.00% errors=0 total=1236
[1374583519.100661] latency=5:5:6:8:20:(8)ms throughput=32rps rr=0.00% cr=0.00% errors=0 total=1268
[1374583520.104618] latency=4:5:5:7:20:(8)ms throughput=36rps rr=0.00% cr=0.00% errors=0 total=1304
[1374583521.108636] latency=4:5:5:7:18:(6)ms throughput=34rps rr=0.00% cr=0.00% errors=0 total=1338
[1374583522.112662] latency=4:5:5:7:18:(7)ms throughput=38rps rr=0.00% cr=0.00% errors=0 total=1376
[1374583523.116658] latency=4:5:5:8:17:(8)ms throughput=27rps rr=0.00% cr=0.00% errors=0 total=1403
[1374583524.120658] latency=4:5:5:7:20:(8)ms throughput=35rps rr=0.00% cr=0.00% errors=0 total=1438
[1374583525.124668] latency=4:5:5:7:20:(8)ms throughput=34rps rr=0.00% cr=0.00% errors=0 total=1472
[1374583526.128612] latency=5:5:5:8:19:(8)ms throughput=36rps rr=0.00% cr=0.00% errors=0 total=1508
[1374583527.132617] latency=4:5:5:7:20:(8)ms throughput=46rps rr=0.00% cr=0.00% errors=0 total=1554
[1374583528.136618] latency=4:5:5:7:18:(7)ms throughput=31rps rr=0.00% cr=0.00% errors=0 total=1585
[1374583529.140645] latency=5:5:5:5:20:(7)ms throughput=38rps rr=0.00% cr=0.00% errors=0 total=1623
[1374583530.144631] latency=5:5:5:7:18:(7)ms throughput=36rps rr=0.00% cr=0.00% errors=0 total=1659
[1374583531.148624] latency=4:5:5:6:20:(6)ms throughput=26rps rr=0.00% cr=0.00% errors=0 total=1685
[1374583532.152636] latency=5:5:5:7:18:(7)ms throughput=30rps rr=0.00% cr=0.00% errors=0 total=1715
[1374583533.156627] latency=4:5:5:8:17:(7)ms throughput=37rps rr=0.00% cr=0.00% errors=0 total=1752
[1374583534.160658] latency=5:5:5:17:19:(9)ms throughput=25rps rr=0.00% cr=0.00% errors=0 total=1777
[1374583534.363212] latency=4:5:5:5:16:(6)ms throughput=54rps rr=0.00% cr=0.00% errors=0 total=1788
Got signal 2, cleaning up ...
[1374583534.377434] latency=nan:nan:nan:nan:nan:(-nan)ms throughput=0rps rr=-nan% cr=-nan% errors=0 total=1788
