2013-06-20 18:39:41.795+0000: 10551: info : libvirt version: 0.9.8
2013-06-20 18:39:41.795+0000: 10551: warning : xenHypervisorMakeCapabilities:2751 : Failed to get host power management capabilities
[1371753587.040707] vm=rubbos-hvm new
[1371753587.040754] vm=rubis-hvm new
[1371753587.040774] vm=rubbos-hvm perf=0.000000 vp=0.500000 cap=200.000000
[1371753587.198572] vm=rubis-hvm perf=0.000000 vp=0.500000 cap=200.000000
[1371753592.590332] vm=rubbos-hvm perf=0.000000 vp=0.500000 cap=200.000000
[1371753592.749963] vm=rubis-hvm perf=0.000000 vp=0.500000 cap=200.000000
[1371753598.126095] vm=rubbos-hvm perf=0.965898 vp=0.496892 cap=198.756950
[1371753598.285941] vm=rubis-hvm perf=0.758723 vp=0.503108 cap=201.243050
[1371753603.667731] vm=rubbos-hvm perf=0.967058 vp=0.488863 cap=195.545100
[1371753603.836609] vm=rubis-hvm perf=0.440498 vp=0.511137 cap=204.454900
[1371753609.241591] vm=rubbos-hvm perf=0.969282 vp=0.474441 cap=189.776205
[1371753609.414608] vm=rubis-hvm perf=0.030059 vp=0.525559 cap=210.223795
[1371753614.799259] vm=rubbos-hvm perf=0.965656 vp=0.469031 cap=187.612380
[1371753614.966859] vm=rubis-hvm perf=0.689635 vp=0.530969 cap=212.387620
[1371753620.379271] vm=rubbos-hvm perf=0.967914 vp=0.457810 cap=183.124140
[1371753620.551382] vm=rubis-hvm perf=0.298301 vp=0.542190 cap=216.875860
[1371753625.923325] vm=rubbos-hvm perf=0.965270 vp=0.440439 cap=176.175493
[1371753626.072736] vm=rubis-hvm perf=-0.121654 vp=0.559561 cap=223.824507
[1371753631.457945] vm=rubbos-hvm perf=0.965212 vp=0.425178 cap=170.071192
[1371753631.638166] vm=rubis-hvm perf=0.071301 vp=0.574822 cap=229.928808
[1371753637.038521] vm=rubbos-hvm perf=0.965648 vp=0.412947 cap=165.178702
[1371753637.188448] vm=rubis-hvm perf=0.346604 vp=0.587053 cap=234.821298
[1371753642.583613] vm=rubbos-hvm perf=0.967072 vp=0.404059 cap=161.623783
[1371753642.762106] vm=rubis-hvm perf=0.657420 vp=0.595941 cap=238.376217
[1371753648.143374] vm=rubbos-hvm perf=0.943524 vp=0.390385 cap=156.153812
[1371753648.308743] vm=rubis-hvm perf=0.263460 vp=0.609615 cap=243.846188
[1371753653.709108] vm=rubbos-hvm perf=0.966410 vp=0.375447 cap=150.178699
[1371753653.874780] vm=rubis-hvm perf=0.233647 vp=0.624553 cap=249.821301
[1371753659.284263] vm=rubbos-hvm perf=0.968358 vp=0.364721 cap=145.888422
[1371753659.444197] vm=rubis-hvm perf=0.658597 vp=0.635279 cap=254.111578
[1371753664.837465] vm=rubbos-hvm perf=0.964386 vp=0.344154 cap=137.661527
[1371753665.014512] vm=rubis-hvm perf=-0.199935 vp=0.655846 cap=262.338473
[1371753670.396473] vm=rubbos-hvm perf=0.967596 vp=0.327923 cap=131.169224
[1371753670.557040] vm=rubis-hvm perf=0.271881 vp=0.672077 cap=268.830776
[1371753675.954760] vm=rubbos-hvm perf=0.962126 vp=0.310426 cap=124.170517
[1371753676.116871] vm=rubis-hvm perf=0.193329 vp=0.689574 cap=275.829483
[1371753681.494517] vm=rubbos-hvm perf=0.964694 vp=0.296087 cap=118.434626
[1371753681.653278] vm=rubis-hvm perf=0.603160 vp=0.703913 cap=281.565374
[1371753687.043701] vm=rubbos-hvm perf=0.962640 vp=0.280973 cap=112.389326
[1371753687.190672] vm=rubis-hvm perf=0.587126 vp=0.719027 cap=287.610674
[1371753692.570460] vm=rubbos-hvm perf=0.965976 vp=0.261870 cap=104.747993
[1371753692.714978] vm=rubis-hvm perf=0.205660 vp=0.738130 cap=295.252007
[1371753698.086706] vm=rubbos-hvm perf=0.964258 vp=0.245083 cap=98.033132
[1371753698.251354] vm=rubis-hvm perf=0.581112 vp=0.754917 cap=301.966868
[1371753703.621820] vm=rubbos-hvm perf=0.806986 vp=0.231183 cap=92.473319
[1371753703.789454] vm=rubis-hvm perf=0.595267 vp=0.768817 cap=307.526681
[1371753709.187435] vm=rubbos-hvm perf=0.964942 vp=0.212895 cap=85.157988
[1371753709.331830] vm=rubis-hvm perf=0.572068 vp=0.787105 cap=314.842012
[1371753714.719274] vm=rubbos-hvm perf=0.964614 vp=0.194004 cap=77.601593
[1371753714.874819] vm=rubis-hvm perf=0.608530 vp=0.805996 cap=322.398407
[1371753720.247605] vm=rubbos-hvm perf=0.859128 vp=0.176900 cap=70.760113
[1371753720.397096] vm=rubis-hvm perf=0.630556 vp=0.823100 cap=329.239887
[1371753725.784847] vm=rubbos-hvm perf=0.963188 vp=0.155586 cap=62.234379
[1371753725.955182] vm=rubis-hvm perf=0.465359 vp=0.844414 cap=337.765621
[1371753731.343798] vm=rubbos-hvm perf=0.963340 vp=0.133377 cap=53.350969
[1371753731.512548] vm=rubis-hvm perf=0.470309 vp=0.866623 cap=346.649031
[1371753736.886755] vm=rubbos-hvm perf=0.964034 vp=0.123260 cap=49.303891
[1371753737.060775] vm=rubis-hvm perf=0.641644 vp=0.876740 cap=350.696109
[1371753742.462608] vm=rubbos-hvm perf=0.965062 vp=0.121973 cap=48.789082
[1371753742.625105] vm=rubis-hvm perf=0.623101 vp=0.878027 cap=351.210918
[1371753748.007118] vm=rubbos-hvm perf=0.966816 vp=0.121808 cap=48.723020
[1371753748.158373] vm=rubis-hvm perf=0.624469 vp=0.878192 cap=351.276980
[1371753753.554576] vm=rubbos-hvm perf=0.963218 vp=0.121558 cap=48.623190
[1371753753.721263] vm=rubis-hvm perf=0.069310 vp=0.878442 cap=351.376810
[1371753759.109371] vm=rubbos-hvm perf=0.964246 vp=0.121625 cap=48.649849
[1371753759.264323] vm=rubis-hvm perf=0.301812 vp=0.878375 cap=351.350151
[1371753764.671034] vm=rubbos-hvm perf=0.965498 vp=0.121791 cap=48.716485
[1371753764.836006] vm=rubis-hvm perf=0.677178 vp=0.878209 cap=351.283515
[1371753770.203367] vm=rubbos-hvm perf=0.962364 vp=0.121801 cap=48.720484
[1371753770.365897] vm=rubis-hvm perf=0.629797 vp=0.878199 cap=351.279516
[1371753775.738101] vm=rubbos-hvm perf=0.963544 vp=0.121856 cap=48.742265
[1371753775.906132] vm=rubis-hvm perf=0.760938 vp=0.878144 cap=351.257735
[1371753781.314823] vm=rubbos-hvm perf=0.846042 vp=0.122217 cap=48.886935
[1371753781.472648] vm=rubis-hvm perf=0.728895 vp=0.877783 cap=351.113065
[1371753786.855776] vm=rubbos-hvm perf=0.961862 vp=0.121899 cap=48.759715
[1371753787.013171] vm=rubis-hvm perf=0.729618 vp=0.878101 cap=351.240285
[1371753792.393019] vm=rubbos-hvm perf=0.963940 vp=0.121765 cap=48.705830
[1371753792.553284] vm=rubis-hvm perf=0.525749 vp=0.878235 cap=351.294170
[1371753797.942201] vm=rubbos-hvm perf=0.965252 vp=0.120875 cap=48.350145
[1371753798.104995] vm=rubis-hvm perf=-1.493616 vp=0.879125 cap=351.649855
[1371753803.491942] vm=rubbos-hvm perf=0.966234 vp=0.121110 cap=48.443853
[1371753803.649355] vm=rubis-hvm perf=-0.693513 vp=0.878890 cap=351.556147
[1371753809.053072] vm=rubbos-hvm perf=0.964216 vp=0.121657 cap=48.662772
[1371753809.216754] vm=rubis-hvm perf=0.504797 vp=0.878343 cap=351.337228
[1371753814.592931] vm=rubbos-hvm perf=0.966188 vp=0.121700 cap=48.679952
[1371753814.783228] vm=rubis-hvm perf=0.461828 vp=0.878300 cap=351.320048
[1371753820.160949] vm=rubbos-hvm perf=0.967594 vp=0.121716 cap=48.686510
[1371753820.321088] vm=rubis-hvm perf=0.497600 vp=0.878284 cap=351.313490
[1371753825.697806] vm=rubbos-hvm perf=0.966942 vp=0.121707 cap=48.682802
[1371753825.845395] vm=rubis-hvm perf=0.466786 vp=0.878293 cap=351.317198
[1371753831.219194] vm=rubbos-hvm perf=0.962824 vp=0.121420 cap=48.567854
[1371753831.354596] vm=rubis-hvm perf=-0.226034 vp=0.878580 cap=351.432146
[1371753836.736810] vm=rubbos-hvm perf=0.964174 vp=0.121208 cap=48.483233
[1371753836.902385] vm=rubis-hvm perf=-0.628912 vp=0.878792 cap=351.516767
[1371753842.277505] vm=rubbos-hvm perf=0.963924 vp=0.121755 cap=48.701965
[1371753842.455173] vm=rubis-hvm perf=0.701813 vp=0.878245 cap=351.298035
[1371753847.846641] vm=rubbos-hvm perf=0.963300 vp=0.121723 cap=48.689175
[1371753848.013731] vm=rubis-hvm perf=0.466290 vp=0.878277 cap=351.310825
[1371753853.402858] vm=rubbos-hvm perf=0.965788 vp=0.121454 cap=48.581649
[1371753853.571430] vm=rubis-hvm perf=-0.129054 vp=0.878546 cap=351.418351
[1371753858.974201] vm=rubbos-hvm perf=0.967574 vp=0.121319 cap=48.527401
[1371753859.128497] vm=rubis-hvm perf=-0.356265 vp=0.878681 cap=351.472599
[1371753864.490412] vm=rubbos-hvm perf=0.963474 vp=0.121787 cap=48.714928
[1371753864.663643] vm=rubis-hvm perf=0.741759 vp=0.878213 cap=351.285072
[1371753870.054862] vm=rubbos-hvm perf=0.968672 vp=0.121793 cap=48.717104
[1371753870.212924] vm=rubis-hvm perf=0.656912 vp=0.878207 cap=351.282896
[1371753875.552455] vm=rubbos-hvm perf=0.964508 vp=0.121694 cap=48.677790
[1371753875.706928] vm=rubis-hvm perf=0.398461 vp=0.878306 cap=351.322210
[1371753881.095871] vm=rubbos-hvm perf=0.965848 vp=0.121410 cap=48.564059
[1371753881.269487] vm=rubis-hvm perf=-0.222731 vp=0.878590 cap=351.435941
[1371753886.618763] vm=rubbos-hvm perf=0.962536 vp=0.121669 cap=48.667629
[1371753886.774778] vm=rubis-hvm perf=0.434651 vp=0.878331 cap=351.332371
[1371753892.134464] vm=rubbos-hvm perf=0.962268 vp=0.121627 cap=48.650861
[1371753892.295678] vm=rubis-hvm perf=0.261798 vp=0.878373 cap=351.349139
[1371753897.656031] vm=rubbos-hvm perf=0.964528 vp=0.121665 cap=48.666018
[1371753897.802433] vm=rubis-hvm perf=0.377751 vp=0.878335 cap=351.333982
[1371753903.153612] vm=rubbos-hvm perf=0.963818 vp=0.121581 cap=48.632345
[1371753903.320704] vm=rubis-hvm perf=0.166927 vp=0.878419 cap=351.367655
[1371753908.709981] vm=rubbos-hvm perf=0.967004 vp=0.121641 cap=48.656235
[1371753908.861086] vm=rubis-hvm perf=0.352208 vp=0.878359 cap=351.343765
[1371753914.245009] vm=rubbos-hvm perf=0.964106 vp=0.121702 cap=48.680875
[1371753914.400540] vm=rubis-hvm perf=0.456799 vp=0.878298 cap=351.319125
[1371753919.796402] vm=rubbos-hvm perf=0.965830 vp=0.121371 cap=48.548255
[1371753919.958411] vm=rubis-hvm perf=-0.316823 vp=0.878629 cap=351.451745
[1371753925.365531] vm=rubbos-hvm perf=0.963732 vp=0.121193 cap=48.477132
[1371753925.531382] vm=rubis-hvm perf=-0.654164 vp=0.878807 cap=351.522868
[1371753930.912071] vm=rubbos-hvm perf=0.964052 vp=0.121683 cap=48.673193
[1371753931.061565] vm=rubis-hvm perf=0.540228 vp=0.878317 cap=351.326807
[1371753936.447092] vm=rubbos-hvm perf=0.964134 vp=0.121493 cap=48.597270
[1371753936.616106] vm=rubis-hvm perf=-0.039146 vp=0.878507 cap=351.402730
[1371753941.994972] vm=rubbos-hvm perf=0.965582 vp=0.121700 cap=48.680001
[1371753942.161846] vm=rubis-hvm perf=0.504581 vp=0.878300 cap=351.319999
[1371753947.545613] vm=rubbos-hvm perf=0.965972 vp=0.121693 cap=48.677088
[1371753947.713249] vm=rubis-hvm perf=0.431413 vp=0.878307 cap=351.322912
[1371753953.085244] vm=rubbos-hvm perf=0.970434 vp=0.121613 cap=48.645365
[1371753953.241836] vm=rubis-hvm perf=0.282214 vp=0.878387 cap=351.354635
[1371753958.606988] vm=rubbos-hvm perf=0.972586 vp=0.121597 cap=48.638787
[1371753958.746654] vm=rubis-hvm perf=0.282214 vp=0.878403 cap=351.361213
[1371753964.147222] vm=rubbos-hvm perf=0.000000 vp=0.124576 cap=49.830425
[1371753964.302298] vm=rubis-hvm perf=0.000000 vp=0.875424 cap=350.169575
[1371753969.665191] vm=rubbos-hvm perf=0.000000 vp=0.124947 cap=49.978812
[1371753969.840023] vm=rubis-hvm perf=0.000000 vp=0.875053 cap=350.021188
[1371753975.239925] vm=rubbos-hvm perf=0.000000 vp=0.124993 cap=49.997352
[1371753975.399526] vm=rubis-hvm perf=0.000000 vp=0.875007 cap=350.002648
[1371753980.796013] vm=rubbos-hvm perf=0.000000 vp=0.124999 cap=49.999669
[1371753980.963948] vm=rubis-hvm perf=0.000000 vp=0.875001 cap=350.000331
[1371753986.339348] vm=rubbos-hvm perf=0.000000 vp=0.125000 cap=49.999959
[1371753986.505777] vm=rubis-hvm perf=0.000000 vp=0.875000 cap=350.000041
[1371753991.883365] vm=rubbos-hvm perf=0.000000 vp=0.125000 cap=49.999995
[1371753992.031276] vm=rubis-hvm perf=0.000000 vp=0.875000 cap=350.000005
[1371753997.403215] vm=rubbos-hvm perf=0.000000 vp=0.125000 cap=49.999999
[1371753997.560254] vm=rubis-hvm perf=0.000000 vp=0.875000 cap=350.000001
[1371754002.908691] vm=rubbos-hvm perf=0.000000 vp=0.125000 cap=50.000000
[1371754003.066412] vm=rubis-hvm perf=0.000000 vp=0.875000 cap=350.000000
[1371754008.435727] vm=rubbos-hvm perf=0.000000 vp=0.125000 cap=50.000000
[1371754008.588087] vm=rubis-hvm perf=0.000000 vp=0.875000 cap=350.000000
[1371754013.988282] vm=rubbos-hvm perf=0.000000 vp=0.125000 cap=50.000000
[1371754014.149728] vm=rubis-hvm perf=0.000000 vp=0.875000 cap=350.000000
[1371754019.533376] vm=rubbos-hvm perf=0.000000 vp=0.125000 cap=50.000000
[1371754019.694174] vm=rubis-hvm perf=0.000000 vp=0.875000 cap=350.000000
[1371754025.069110] vm=rubbos-hvm perf=0.000000 vp=0.125000 cap=50.000000
[1371754025.239452] vm=rubis-hvm perf=0.000000 vp=0.875000 cap=350.000000
[1371754030.614301] vm=rubbos-hvm perf=0.000000 vp=0.125000 cap=50.000000
[1371754030.770765] vm=rubis-hvm perf=0.000000 vp=0.875000 cap=350.000000
