2013-06-25 08:47:00.564+0000: 7658: info : libvirt version: 0.9.8
2013-06-25 08:47:00.564+0000: 7658: warning : xenHypervisorMakeCapabilities:2751 : Failed to get host power management capabilities
[1372150025.940987] vm=rubbos-hvm new
[1372150025.941034] vm=rubbos-hvm2 new
[1372150025.941048] vm=rubis-hvm new
[1372150025.941061] vm=rubis-hvm2 new
[1372150025.941083] vm=rubbos-hvm perf=0.000000 vp=0.250000 cap=200.000000
[1372150026.114391] vm=rubbos-hvm2 perf=0.000000 vp=0.250000 cap=200.000000
[1372150026.296039] vm=rubis-hvm perf=0.000000 vp=0.250000 cap=200.000000
[1372150026.487486] vm=rubis-hvm2 perf=0.000000 vp=0.250000 cap=200.000000
[1372150032.024200] vm=rubbos-hvm perf=0.000000 vp=0.250000 cap=200.000000
[1372150032.215279] vm=rubbos-hvm2 perf=0.000000 vp=0.250000 cap=200.000000
[1372150032.407660] vm=rubis-hvm perf=0.000000 vp=0.250000 cap=200.000000
[1372150032.587153] vm=rubis-hvm2 perf=0.000000 vp=0.250000 cap=200.000000
[1372150038.158064] vm=rubbos-hvm perf=0.963378 vp=0.250000 cap=200.000000
[1372150038.326152] vm=rubbos-hvm2 perf=0.939776 vp=0.250000 cap=200.000000
[1372150038.496653] vm=rubis-hvm perf=0.571843 vp=0.250000 cap=200.000000
[1372150038.665841] vm=rubis-hvm2 perf=0.746402 vp=0.250000 cap=200.000000
[1372150044.228875] vm=rubbos-hvm perf=0.962554 vp=0.250000 cap=200.000000
[1372150044.417109] vm=rubbos-hvm2 perf=0.964682 vp=0.250000 cap=200.000000
[1372150044.594780] vm=rubis-hvm perf=0.637996 vp=0.250000 cap=200.000000
[1372150044.782209] vm=rubis-hvm2 perf=0.801766 vp=0.250000 cap=200.000000
[1372150050.341447] vm=rubbos-hvm perf=0.965708 vp=0.250000 cap=200.000000
[1372150050.517674] vm=rubbos-hvm2 perf=0.952058 vp=0.250000 cap=200.000000
[1372150050.684491] vm=rubis-hvm perf=0.493045 vp=0.250000 cap=200.000000
[1372150050.856548] vm=rubis-hvm2 perf=0.693438 vp=0.250000 cap=200.000000
[1372150056.400943] vm=rubbos-hvm perf=0.955858 vp=0.250000 cap=200.000000
[1372150056.578157] vm=rubbos-hvm2 perf=0.948926 vp=0.250000 cap=200.000000
[1372150056.742006] vm=rubis-hvm perf=0.167548 vp=0.250000 cap=200.000000
[1372150056.951664] vm=rubis-hvm2 perf=0.784791 vp=0.250000 cap=200.000000
[1372150062.510953] vm=rubbos-hvm perf=0.963822 vp=0.213365 cap=170.691922
[1372150062.679679] vm=rubbos-hvm2 perf=0.957586 vp=0.213365 cap=170.691922
[1372150062.853974] vm=rubis-hvm perf=-0.243511 vp=0.359905 cap=287.924234
[1372150063.045501] vm=rubis-hvm2 perf=0.782091 vp=0.213365 cap=170.691922
[1372150068.598337] vm=rubbos-hvm perf=0.729170 vp=0.213365 cap=170.691922
[1372150068.770488] vm=rubbos-hvm2 perf=0.683064 vp=0.213365 cap=170.691922
[1372150068.951310] vm=rubis-hvm perf=0.652255 vp=0.359905 cap=287.924234
[1372150069.126485] vm=rubis-hvm2 perf=0.811951 vp=0.213365 cap=170.691922
[1372150074.666711] vm=rubbos-hvm perf=0.957192 vp=0.213365 cap=170.691922
[1372150074.834722] vm=rubbos-hvm2 perf=0.947768 vp=0.213365 cap=170.691922
[1372150074.988957] vm=rubis-hvm perf=0.514416 vp=0.359905 cap=287.924234
[1372150075.174969] vm=rubis-hvm2 perf=0.775359 vp=0.213365 cap=170.691922
[1372150080.772520] vm=rubbos-hvm perf=0.950506 vp=0.213365 cap=170.691922
[1372150080.940897] vm=rubbos-hvm2 perf=0.950426 vp=0.213365 cap=170.691922
[1372150081.107317] vm=rubis-hvm perf=0.713888 vp=0.359905 cap=287.924234
[1372150081.285728] vm=rubis-hvm2 perf=0.830741 vp=0.213365 cap=170.691922
[1372150086.856842] vm=rubbos-hvm perf=0.953960 vp=0.213365 cap=170.691922
[1372150087.054871] vm=rubbos-hvm2 perf=0.955926 vp=0.213365 cap=170.691922
[1372150087.242141] vm=rubis-hvm perf=0.629194 vp=0.359905 cap=287.924234
[1372150087.435585] vm=rubis-hvm2 perf=0.749191 vp=0.213365 cap=170.691922
[1372150092.983491] vm=rubbos-hvm perf=0.952910 vp=0.213365 cap=170.691922
[1372150093.164220] vm=rubbos-hvm2 perf=0.938706 vp=0.213365 cap=170.691922
[1372150093.339692] vm=rubis-hvm perf=0.531318 vp=0.359905 cap=287.924234
[1372150093.544501] vm=rubis-hvm2 perf=0.832457 vp=0.213365 cap=170.691922
[1372150099.126231] vm=rubbos-hvm perf=0.956868 vp=0.213365 cap=170.691922
[1372150099.313971] vm=rubbos-hvm2 perf=0.939134 vp=0.213365 cap=170.691922
[1372150099.474458] vm=rubis-hvm perf=0.114633 vp=0.359905 cap=287.924234
[1372150099.664840] vm=rubis-hvm2 perf=0.778768 vp=0.213365 cap=170.691922
[1372150105.239301] vm=rubbos-hvm perf=0.958126 vp=0.213365 cap=170.691922
[1372150105.403070] vm=rubbos-hvm2 perf=0.959740 vp=0.213365 cap=170.691922
[1372150105.604889] vm=rubis-hvm perf=0.415298 vp=0.359905 cap=287.924234
[1372150105.786261] vm=rubis-hvm2 perf=0.792954 vp=0.213365 cap=170.691922
[1372150111.357529] vm=rubbos-hvm perf=0.964260 vp=0.213365 cap=170.691922
[1372150111.508312] vm=rubbos-hvm2 perf=0.941608 vp=0.213365 cap=170.691922
[1372150111.689543] vm=rubis-hvm perf=0.187573 vp=0.359905 cap=287.924234
[1372150111.879215] vm=rubis-hvm2 perf=0.813175 vp=0.213365 cap=170.691922
[1372150117.479242] vm=rubbos-hvm perf=0.959508 vp=0.213365 cap=170.691922
[1372150117.640389] vm=rubbos-hvm2 perf=0.951684 vp=0.213365 cap=170.691922
[1372150117.819075] vm=rubis-hvm perf=0.619571 vp=0.359905 cap=287.924234
[1372150117.998925] vm=rubis-hvm2 perf=0.787806 vp=0.213365 cap=170.691922
[1372150123.533213] vm=rubbos-hvm perf=0.962080 vp=0.213365 cap=170.691922
[1372150123.703184] vm=rubbos-hvm2 perf=0.947328 vp=0.213365 cap=170.691922
[1372150123.877984] vm=rubis-hvm perf=0.441284 vp=0.359905 cap=287.924234
[1372150124.057385] vm=rubis-hvm2 perf=0.666833 vp=0.213365 cap=170.691922
[1372150129.647673] vm=rubbos-hvm perf=0.961998 vp=0.213365 cap=170.691922
[1372150129.841777] vm=rubbos-hvm2 perf=0.949670 vp=0.213365 cap=170.691922
[1372150130.024469] vm=rubis-hvm perf=0.485595 vp=0.359905 cap=287.924234
[1372150130.228533] vm=rubis-hvm2 perf=0.806471 vp=0.213365 cap=170.691922
[1372150135.777076] vm=rubbos-hvm perf=0.946698 vp=0.213365 cap=170.691922
[1372150135.944547] vm=rubbos-hvm2 perf=0.961686 vp=0.213365 cap=170.691922
[1372150136.119464] vm=rubis-hvm perf=0.562761 vp=0.359905 cap=287.924234
[1372150136.324188] vm=rubis-hvm2 perf=0.798625 vp=0.213365 cap=170.691922
[1372150141.864019] vm=rubbos-hvm perf=0.900106 vp=0.213365 cap=170.691922
[1372150142.030647] vm=rubbos-hvm2 perf=0.949848 vp=0.213365 cap=170.691922
[1372150142.196307] vm=rubis-hvm perf=0.642029 vp=0.359905 cap=287.924234
[1372150142.371284] vm=rubis-hvm2 perf=0.751094 vp=0.213365 cap=170.691922
[1372150147.945425] vm=rubbos-hvm perf=0.960878 vp=0.213365 cap=170.691922
[1372150148.144029] vm=rubbos-hvm2 perf=0.951526 vp=0.213365 cap=170.691922
[1372150148.342335] vm=rubis-hvm perf=0.700860 vp=0.359905 cap=287.924234
[1372150148.530156] vm=rubis-hvm2 perf=0.819511 vp=0.213365 cap=170.691922
[1372150154.131655] vm=rubbos-hvm perf=0.936630 vp=0.213365 cap=170.691922
[1372150154.297774] vm=rubbos-hvm2 perf=0.935752 vp=0.213365 cap=170.691922
[1372150154.462106] vm=rubis-hvm perf=0.212711 vp=0.359905 cap=287.924234
[1372150154.654658] vm=rubis-hvm2 perf=0.815984 vp=0.213365 cap=170.691922
[1372150160.213057] vm=rubbos-hvm perf=0.955856 vp=0.213365 cap=170.691922
[1372150160.374963] vm=rubbos-hvm2 perf=0.935002 vp=0.213365 cap=170.691922
[1372150160.544785] vm=rubis-hvm perf=0.349207 vp=0.359905 cap=287.924234
[1372150160.751303] vm=rubis-hvm2 perf=0.794390 vp=0.213365 cap=170.691922
[1372150166.309835] vm=rubbos-hvm perf=0.962048 vp=0.213365 cap=170.691922
[1372150166.484268] vm=rubbos-hvm2 perf=0.941870 vp=0.213365 cap=170.691922
[1372150166.681230] vm=rubis-hvm perf=0.602975 vp=0.359905 cap=287.924234
[1372150166.873080] vm=rubis-hvm2 perf=0.798292 vp=0.213365 cap=170.691922
[1372150172.458340] vm=rubbos-hvm perf=0.964058 vp=0.213365 cap=170.691922
[1372150172.641092] vm=rubbos-hvm2 perf=0.964190 vp=0.213365 cap=170.691922
[1372150172.824666] vm=rubis-hvm perf=0.078166 vp=0.359905 cap=287.924234
[1372150173.007307] vm=rubis-hvm2 perf=0.813946 vp=0.213365 cap=170.691922
[1372150178.600316] vm=rubbos-hvm perf=0.951062 vp=0.213365 cap=170.691922
[1372150178.769237] vm=rubbos-hvm2 perf=0.963318 vp=0.213365 cap=170.691922
[1372150178.946452] vm=rubis-hvm perf=0.544132 vp=0.359905 cap=287.924234
[1372150179.112724] vm=rubis-hvm2 perf=0.817862 vp=0.213365 cap=170.691922
[1372150184.645130] vm=rubbos-hvm perf=0.952768 vp=0.213365 cap=170.691922
[1372150184.826482] vm=rubbos-hvm2 perf=0.952890 vp=0.213365 cap=170.691922
[1372150185.005359] vm=rubis-hvm perf=0.723592 vp=0.359905 cap=287.924234
[1372150185.183376] vm=rubis-hvm2 perf=0.832555 vp=0.213365 cap=170.691922
[1372150190.715064] vm=rubbos-hvm perf=0.961378 vp=0.213365 cap=170.691922
[1372150190.870786] vm=rubbos-hvm2 perf=0.952248 vp=0.213365 cap=170.691922
[1372150191.038128] vm=rubis-hvm perf=0.668115 vp=0.359905 cap=287.924234
[1372150191.201173] vm=rubis-hvm2 perf=0.806751 vp=0.213365 cap=170.691922
[1372150196.713268] vm=rubbos-hvm perf=0.956942 vp=0.213365 cap=170.691922
[1372150196.893620] vm=rubbos-hvm2 perf=0.958834 vp=0.213365 cap=170.691922
[1372150197.057267] vm=rubis-hvm perf=0.510380 vp=0.359905 cap=287.924234
[1372150197.233148] vm=rubis-hvm2 perf=0.813349 vp=0.213365 cap=170.691922
[1372150202.763820] vm=rubbos-hvm perf=0.950314 vp=0.213365 cap=170.691922
[1372150202.922628] vm=rubbos-hvm2 perf=0.958400 vp=0.213365 cap=170.691922
[1372150203.100228] vm=rubis-hvm perf=0.606581 vp=0.359905 cap=287.924234
[1372150203.295469] vm=rubis-hvm2 perf=0.784836 vp=0.213365 cap=170.691922
[1372150208.863362] vm=rubbos-hvm perf=0.958164 vp=0.178353 cap=142.682177
[1372150209.033013] vm=rubbos-hvm2 perf=0.911522 vp=0.178353 cap=142.682177
[1372150209.225264] vm=rubis-hvm perf=-0.034153 vp=0.464942 cap=371.953469
[1372150209.419406] vm=rubis-hvm2 perf=0.796799 vp=0.178353 cap=142.682177
[1372150214.967163] vm=rubbos-hvm perf=0.963868 vp=0.178353 cap=142.682177
[1372150215.140227] vm=rubbos-hvm2 perf=0.953446 vp=0.178353 cap=142.682177
[1372150215.316210] vm=rubis-hvm perf=0.710113 vp=0.464942 cap=371.953469
[1372150215.503520] vm=rubis-hvm2 perf=0.793591 vp=0.178353 cap=142.682177
[1372150221.049745] vm=rubbos-hvm perf=0.945808 vp=0.178353 cap=142.682177
[1372150221.216021] vm=rubbos-hvm2 perf=0.938140 vp=0.178353 cap=142.682177
[1372150221.402191] vm=rubis-hvm perf=0.686070 vp=0.464942 cap=371.953469
[1372150221.587112] vm=rubis-hvm2 perf=0.814221 vp=0.178353 cap=142.682177
[1372150227.147044] vm=rubbos-hvm perf=0.948474 vp=0.178353 cap=142.682177
[1372150227.314845] vm=rubbos-hvm2 perf=0.938932 vp=0.178353 cap=142.682177
[1372150227.492035] vm=rubis-hvm perf=0.556760 vp=0.464942 cap=371.953469
[1372150227.660415] vm=rubis-hvm2 perf=0.504484 vp=0.178353 cap=142.682177
[1372150233.225679] vm=rubbos-hvm perf=-0.131740 vp=0.259751 cap=207.800522
[1372150233.394356] vm=rubbos-hvm2 perf=0.954364 vp=0.160684 cap=128.547117
[1372150233.567326] vm=rubis-hvm perf=0.722575 vp=0.418882 cap=335.105245
[1372150233.759005] vm=rubis-hvm2 perf=0.798812 vp=0.160684 cap=128.547117
[1372150239.338177] vm=rubbos-hvm perf=0.435488 vp=0.259751 cap=207.800522
[1372150239.532158] vm=rubbos-hvm2 perf=0.954484 vp=0.160684 cap=128.547117
[1372150239.703052] vm=rubis-hvm perf=0.224450 vp=0.418882 cap=335.105245
[1372150239.884004] vm=rubis-hvm2 perf=0.638937 vp=0.160684 cap=128.547117
[1372150245.429532] vm=rubbos-hvm perf=-0.073480 vp=0.347544 cap=278.035108
[1372150245.617358] vm=rubbos-hvm2 perf=0.956014 vp=0.141627 cap=113.301488
[1372150245.801010] vm=rubis-hvm perf=0.658445 vp=0.369202 cap=295.361917
[1372150245.998344] vm=rubis-hvm2 perf=0.766273 vp=0.141627 cap=113.301488
[1372150251.581374] vm=rubbos-hvm perf=0.845352 vp=0.347544 cap=278.035108
[1372150251.759532] vm=rubbos-hvm2 perf=0.938526 vp=0.141627 cap=113.301488
[1372150251.953546] vm=rubis-hvm perf=0.220288 vp=0.369202 cap=295.361917
[1372150252.119616] vm=rubis-hvm2 perf=0.789573 vp=0.141627 cap=113.301488
[1372150257.712480] vm=rubbos-hvm perf=-0.061678 vp=0.430474 cap=344.379055
[1372150257.885638] vm=rubbos-hvm2 perf=0.942542 vp=0.123625 cap=98.900389
[1372150258.073925] vm=rubis-hvm perf=0.332725 vp=0.322275 cap=257.820167
[1372150258.263766] vm=rubis-hvm2 perf=0.703817 vp=0.123625 cap=98.900389
[1372150263.811276] vm=rubbos-hvm perf=0.879720 vp=0.429294 cap=343.434943
[1372150263.982953] vm=rubbos-hvm2 perf=0.913342 vp=0.124657 cap=99.725851
[1372150264.166650] vm=rubis-hvm perf=0.298540 vp=0.321392 cap=257.113355
[1372150264.377382] vm=rubis-hvm2 perf=0.385835 vp=0.124657 cap=99.725851
[1372150269.972828] vm=rubbos-hvm perf=0.899446 vp=0.364218 cap=291.374778
[1372150270.172625] vm=rubbos-hvm2 perf=0.924456 vp=0.106052 cap=84.841331
[1372150270.366516] vm=rubis-hvm perf=-0.161937 vp=0.423678 cap=338.942560
[1372150270.545673] vm=rubis-hvm2 perf=0.603153 vp=0.106052 cap=84.841331
[1372150276.150997] vm=rubbos-hvm perf=-0.115356 vp=0.439626 cap=351.700525
[1372150276.353875] vm=rubbos-hvm2 perf=0.902682 vp=0.103977 cap=83.181309
[1372150276.531364] vm=rubis-hvm perf=0.554187 vp=0.352421 cap=281.936857
[1372150276.720771] vm=rubis-hvm2 perf=0.597230 vp=0.103977 cap=83.181309
[1372150282.292273] vm=rubbos-hvm perf=0.893978 vp=0.421887 cap=337.509361
[1372150282.486854] vm=rubbos-hvm2 perf=0.914128 vp=0.119956 cap=95.964986
[1372150282.671409] vm=rubis-hvm perf=0.390661 vp=0.338201 cap=270.560667
[1372150282.876418] vm=rubis-hvm2 perf=0.658686 vp=0.119956 cap=95.964986
[1372150288.446976] vm=rubbos-hvm perf=-0.020354 vp=0.503236 cap=402.588896
[1372150288.614990] vm=rubbos-hvm2 perf=0.909144 vp=0.105569 cap=84.454807
[1372150288.795497] vm=rubis-hvm perf=0.450039 vp=0.285627 cap=228.501489
[1372150288.989062] vm=rubis-hvm2 perf=0.674827 vp=0.105569 cap=84.454807
[1372150294.555369] vm=rubbos-hvm perf=0.912282 vp=0.484410 cap=387.528388
[1372150294.763943] vm=rubbos-hvm2 perf=0.927090 vp=0.120324 cap=96.259085
[1372150294.925166] vm=rubis-hvm perf=0.298657 vp=0.274942 cap=219.953443
[1372150295.114817] vm=rubis-hvm2 perf=0.670749 vp=0.120324 cap=96.259085
[1372150300.672983] vm=rubbos-hvm perf=0.170192 vp=0.390200 cap=312.159935
[1372150300.873112] vm=rubbos-hvm2 perf=0.734330 vp=0.100689 cap=80.551501
[1372150301.059186] vm=rubis-hvm perf=-0.982211 vp=0.408421 cap=326.737062
[1372150301.295318] vm=rubis-hvm2 perf=0.725959 vp=0.100689 cap=80.551501
[1372150306.879250] vm=rubbos-hvm perf=0.897080 vp=0.372108 cap=297.686067
[1372150307.058683] vm=rubbos-hvm2 perf=0.820172 vp=0.119204 cap=95.363317
[1372150307.239710] vm=rubis-hvm perf=0.606527 vp=0.389484 cap=311.587299
[1372150307.428808] vm=rubis-hvm2 perf=0.523842 vp=0.119204 cap=95.363317
[1372150313.000927] vm=rubbos-hvm perf=0.841492 vp=0.367844 cap=294.274918
[1372150313.162473] vm=rubbos-hvm2 perf=0.892480 vp=0.123568 cap=98.854112
[1372150313.357879] vm=rubis-hvm perf=0.670350 vp=0.385021 cap=308.016858
[1372150313.538791] vm=rubis-hvm2 perf=0.695198 vp=0.123568 cap=98.854112
[1372150319.120508] vm=rubbos-hvm perf=-0.327974 vp=0.472204 cap=377.763467
[1372150319.296943] vm=rubbos-hvm2 perf=0.904218 vp=0.103893 cap=83.114670
[1372150319.476307] vm=rubis-hvm perf=0.583385 vp=0.320009 cap=256.007194
[1372150319.651832] vm=rubis-hvm2 perf=0.671278 vp=0.103893 cap=83.114670
[1372150325.219577] vm=rubbos-hvm perf=0.891066 vp=0.453078 cap=362.462710
[1372150325.402558] vm=rubbos-hvm2 perf=0.912664 vp=0.119937 cap=95.949646
[1372150325.581858] vm=rubis-hvm perf=0.644793 vp=0.307047 cap=245.637997
[1372150325.770635] vm=rubis-hvm2 perf=0.600199 vp=0.119937 cap=95.949646
[1372150331.309831] vm=rubbos-hvm perf=0.159806 vp=0.448537 cap=358.829247
[1372150331.480052] vm=rubbos-hvm2 perf=0.852622 vp=0.123747 cap=98.997562
[1372150331.672592] vm=rubis-hvm perf=0.060077 vp=0.303970 cap=243.175629
[1372150331.857133] vm=rubis-hvm2 perf=0.481646 vp=0.123747 cap=98.997562
[1372150337.441723] vm=rubbos-hvm perf=0.854444 vp=0.361898 cap=289.518749
[1372150337.641997] vm=rubbos-hvm2 perf=0.930622 vp=0.100855 cap=80.684267
[1372150337.829295] vm=rubis-hvm perf=-0.590835 vp=0.436391 cap=349.112716
[1372150338.020799] vm=rubis-hvm2 perf=0.758693 vp=0.100855 cap=80.684267
[1372150343.631977] vm=rubbos-hvm perf=0.023234 vp=0.345228 cap=276.182101
[1372150343.797338] vm=rubbos-hvm2 perf=0.918158 vp=0.119242 cap=95.393511
[1372150343.995674] vm=rubis-hvm perf=0.722439 vp=0.416289 cap=333.030877
[1372150344.196361] vm=rubis-hvm2 perf=0.828292 vp=0.119242 cap=95.393511
[1372150349.780710] vm=rubbos-hvm perf=0.724220 vp=0.341297 cap=273.037737
[1372150349.960641] vm=rubbos-hvm2 perf=0.890818 vp=0.123577 cap=98.861489
[1372150350.179802] vm=rubis-hvm perf=0.418241 vp=0.411549 cap=329.239284
[1372150350.357558] vm=rubis-hvm2 perf=0.664353 vp=0.123577 cap=98.861489
[1372150355.916252] vm=rubbos-hvm perf=0.849576 vp=0.340329 cap=272.262802
[1372150356.090635] vm=rubbos-hvm2 perf=0.928478 vp=0.124645 cap=99.716180
[1372150356.298961] vm=rubis-hvm perf=0.742146 vp=0.410381 cap=328.304838
[1372150356.494490] vm=rubis-hvm2 perf=0.688499 vp=0.124645 cap=99.716180
[1372150362.087497] vm=rubbos-hvm perf=-0.167038 vp=0.432753 cap=346.202514
[1372150362.265374] vm=rubbos-hvm2 perf=0.924542 vp=0.107371 cap=85.896901
[1372150362.449961] vm=rubis-hvm perf=0.573930 vp=0.352505 cap=282.003683
[1372150362.620896] vm=rubis-hvm2 perf=0.579502 vp=0.107371 cap=85.896901
[1372150368.231547] vm=rubbos-hvm perf=0.896752 vp=0.418015 cap=334.411904
[1372150368.402889] vm=rubbos-hvm2 perf=0.882744 vp=0.120743 cap=96.594303
[1372150368.570789] vm=rubis-hvm perf=0.662728 vp=0.340499 cap=272.399491
[1372150368.769411] vm=rubis-hvm2 perf=0.617190 vp=0.120743 cap=96.594303
[1372150374.354609] vm=rubbos-hvm perf=0.301186 vp=0.414486 cap=331.588677
[1372150374.516220] vm=rubbos-hvm2 perf=0.900040 vp=0.123945 cap=99.155764
[1372150374.701511] vm=rubis-hvm perf=0.475870 vp=0.337625 cap=270.099795
[1372150374.900756] vm=rubis-hvm2 perf=0.790882 vp=0.123945 cap=99.155764
[1372150380.477683] vm=rubbos-hvm perf=0.930638 vp=0.413613 cap=330.890303
[1372150380.669737] vm=rubbos-hvm2 perf=0.924964 vp=0.124737 cap=99.789385
[1372150380.859221] vm=rubis-hvm perf=0.494510 vp=0.336914 cap=269.530926
[1372150381.055579] vm=rubis-hvm2 perf=0.519842 vp=0.124737 cap=99.789385
[1372150386.668088] vm=rubbos-hvm perf=0.111396 vp=0.345995 cap=276.796256
[1372150386.860963] vm=rubbos-hvm2 perf=0.922098 vp=0.104565 cap=83.651970
[1372150387.043548] vm=rubis-hvm perf=-0.614901 vp=0.444875 cap=355.899805
[1372150387.197885] vm=rubis-hvm2 perf=0.648778 vp=0.104565 cap=83.651970
[1372150392.764877] vm=rubbos-hvm perf=0.624518 vp=0.332410 cap=265.927768
[1372150392.951874] vm=rubbos-hvm2 perf=0.917550 vp=0.120092 cap=96.073470
[1372150393.134512] vm=rubis-hvm perf=0.511615 vp=0.427407 cap=341.925292
[1372150393.329511] vm=rubis-hvm2 perf=0.697222 vp=0.120092 cap=96.073470
[1372150398.904283] vm=rubbos-hvm perf=0.823724 vp=0.329178 cap=263.342710
[1372150399.110648] vm=rubbos-hvm2 perf=0.865530 vp=0.123785 cap=99.027910
[1372150399.302327] vm=rubis-hvm perf=0.766329 vp=0.423252 cap=338.601470
[1372150399.504366] vm=rubis-hvm2 perf=0.612530 vp=0.123785 cap=99.027910
[1372150405.078879] vm=rubbos-hvm perf=-0.198882 vp=0.419287 cap=335.429657
[1372150405.251821] vm=rubbos-hvm2 perf=0.633544 vp=0.107819 cap=86.254934
[1372150405.443914] vm=rubis-hvm perf=0.494990 vp=0.365076 cap=292.060475
[1372150405.633105] vm=rubis-hvm2 perf=0.849737 vp=0.107819 cap=86.254934
[1372150411.235253] vm=rubbos-hvm perf=0.912140 vp=0.405358 cap=324.286315
[1372150411.406915] vm=rubbos-hvm2 perf=0.905586 vp=0.120847 cap=96.677890
[1372150411.577308] vm=rubis-hvm perf=0.522670 vp=0.352947 cap=282.357905
[1372150411.758240] vm=rubis-hvm2 perf=0.814034 vp=0.120847 cap=96.677890
[1372150417.334604] vm=rubbos-hvm perf=0.084326 vp=0.402019 cap=321.615212
[1372150417.506946] vm=rubbos-hvm2 perf=0.913574 vp=0.123970 cap=99.176313
[1372150417.688704] vm=rubis-hvm perf=0.419935 vp=0.350040 cap=280.032161
[1372150417.876536] vm=rubis-hvm2 perf=0.753437 vp=0.123970 cap=99.176313
[1372150423.465462] vm=rubbos-hvm perf=0.833318 vp=0.401193 cap=320.954298
[1372150423.646450] vm=rubbos-hvm2 perf=0.900796 vp=0.124743 cap=99.794502
[1372150423.814637] vm=rubis-hvm perf=0.549141 vp=0.349321 cap=279.456699
[1372150423.997514] vm=rubis-hvm2 perf=0.745384 vp=0.124743 cap=99.794502
[1372150429.582049] vm=rubbos-hvm perf=-0.185622 vp=0.435219 cap=348.175008
[1372150429.751763] vm=rubbos-hvm2 perf=0.892688 vp=0.100263 cap=80.210286
[1372150429.955343] vm=rubis-hvm perf=-0.070039 vp=0.364256 cap=291.404421
[1372150430.138730] vm=rubis-hvm2 perf=0.662596 vp=0.100263 cap=80.210286
[1372150435.675259] vm=rubbos-hvm perf=0.680642 vp=0.323108 cap=258.486219
[1372150435.852100] vm=rubbos-hvm2 perf=0.835786 vp=0.092800 cap=74.240314
[1372150436.035346] vm=rubis-hvm perf=-0.693412 vp=0.363811 cap=291.048416
[1372150436.209821] vm=rubis-hvm2 perf=-1.000000 vp=0.220281 cap=176.225051
[1372150441.783152] vm=rubbos-hvm perf=0.791356 vp=0.254979 cap=203.982934
[1372150441.937090] vm=rubbos-hvm2 perf=0.905532 vp=0.098643 cap=78.914433
[1372150442.118252] vm=rubis-hvm perf=0.097453 vp=0.287099 cap=229.679207
[1372150442.286674] vm=rubis-hvm2 perf=-1.000000 vp=0.359279 cap=287.423426
[1372150447.844391] vm=rubbos-hvm perf=-0.308468 vp=0.350836 cap=280.668730
[1372150448.025538] vm=rubbos-hvm2 perf=0.906660 vp=0.105195 cap=84.156385
[1372150448.201354] vm=rubis-hvm perf=0.664037 vp=0.241612 cap=193.289719
[1372150448.369719] vm=rubis-hvm2 perf=0.702903 vp=0.302356 cap=241.885166
[1372150453.963998] vm=rubbos-hvm perf=0.772120 vp=0.303260 cap=242.608243
[1372150454.122170] vm=rubbos-hvm2 perf=0.932382 vp=0.108049 cap=86.439356
[1372150454.329655] vm=rubis-hvm perf=-0.117915 vp=0.327336 cap=261.868421
[1372150454.511678] vm=rubis-hvm2 perf=0.762072 vp=0.261355 cap=209.083980
[1372150460.095565] vm=rubbos-hvm perf=-0.234848 vp=0.366496 cap=293.196547
[1372150460.281926] vm=rubbos-hvm2 perf=0.896798 vp=0.110956 cap=88.764572
[1372150460.460548] vm=rubis-hvm perf=0.089475 vp=0.290558 cap=232.446383
[1372150460.664208] vm=rubis-hvm2 perf=0.281601 vp=0.231991 cap=185.592499
[1372150466.251218] vm=rubbos-hvm perf=0.804738 vp=0.288616 cap=230.892530
[1372150466.453348] vm=rubbos-hvm2 perf=0.876368 vp=0.098438 cap=78.750085
[1372150466.630458] vm=rubis-hvm perf=-1.000000 vp=0.430254 cap=344.203134
[1372150466.829910] vm=rubis-hvm2 perf=0.279040 vp=0.182693 cap=146.154251
[1372150472.381364] vm=rubbos-hvm perf=-0.241408 vp=0.363450 cap=290.760344
[1372150472.570572] vm=rubbos-hvm2 perf=0.893800 vp=0.107824 cap=86.259556
[1372150472.775045] vm=rubis-hvm perf=0.689420 vp=0.371135 cap=296.908094
[1372150473.000410] vm=rubis-hvm2 perf=0.121168 vp=0.157590 cap=126.072007
[1372150478.597138] vm=rubbos-hvm perf=0.393348 vp=0.291280 cap=233.024333
[1372150478.800409] vm=rubbos-hvm2 perf=0.903148 vp=0.100179 cap=80.143093
[1372150479.017626] vm=rubis-hvm perf=0.674143 vp=0.297439 cap=237.951330
[1372150479.193266] vm=rubis-hvm2 perf=-1.000000 vp=0.311102 cap=248.881245
[1372150484.809946] vm=rubbos-hvm perf=0.695896 vp=0.222879 cap=178.302972
[1372150485.010266] vm=rubbos-hvm2 perf=0.914078 vp=0.095646 cap=76.516890
[1372150485.199634] vm=rubis-hvm perf=0.709207 vp=0.227591 cap=182.072957
[1372150485.372917] vm=rubis-hvm2 perf=-1.000000 vp=0.453884 cap=363.107181
[1372150490.976615] vm=rubbos-hvm perf=-0.613010 vp=0.313312 cap=250.649242
[1372150491.169630] vm=rubbos-hvm2 perf=0.928744 vp=0.099841 cap=79.872766
[1372150491.330887] vm=rubis-hvm perf=-0.027405 vp=0.224318 cap=179.454242
[1372150491.522930] vm=rubis-hvm2 perf=0.761179 vp=0.362530 cap=290.023750
[1372150497.063398] vm=rubbos-hvm perf=0.849806 vp=0.305622 cap=244.497909
[1372150497.246433] vm=rubbos-hvm2 perf=0.879590 vp=0.121932 cap=97.545840
[1372150497.420490] vm=rubis-hvm perf=0.484881 vp=0.218813 cap=175.050148
[1372150497.613402] vm=rubis-hvm2 perf=0.731325 vp=0.353633 cap=282.906103
[1372150503.217531] vm=rubbos-hvm perf=-0.829218 vp=0.355359 cap=284.287559
[1372150503.374473] vm=rubbos-hvm2 perf=0.919420 vp=0.093626 cap=74.900602
[1372150503.557697] vm=rubis-hvm perf=-0.805429 vp=0.286142 cap=228.913466
[1372150503.739267] vm=rubis-hvm2 perf=0.763905 vp=0.264873 cap=211.898373
[1372150509.314312] vm=rubbos-hvm perf=0.753948 vp=0.344549 cap=275.639574
[1372150509.494325] vm=rubbos-hvm2 perf=0.924374 vp=0.121198 cap=96.958015
[1372150509.664009] vm=rubis-hvm perf=0.384576 vp=0.277437 cap=221.949954
[1372150509.846104] vm=rubis-hvm2 perf=0.674334 vp=0.256816 cap=205.452457
[1372150515.457687] vm=rubbos-hvm perf=0.171978 vp=0.304076 cap=243.260680
[1372150515.645233] vm=rubbos-hvm2 perf=0.933792 vp=0.110316 cap=88.253176
[1372150515.823991] vm=rubis-hvm perf=0.119430 vp=0.244847 cap=195.877884
[1372150516.010259] vm=rubis-hvm2 perf=-0.446532 vp=0.340760 cap=272.608260
[1372150521.606511] vm=rubbos-hvm perf=0.448634 vp=0.299676 cap=239.740444
[1372150521.790377] vm=rubbos-hvm2 perf=0.923470 vp=0.123191 cap=98.552896
[1372150521.974962] vm=rubis-hvm perf=0.685758 vp=0.241304 cap=193.043326
[1372150522.162227] vm=rubis-hvm2 perf=0.689253 vp=0.335829 cap=268.663334
[1372150527.737520] vm=rubbos-hvm perf=0.501704 vp=0.299134 cap=239.307565
[1372150527.901025] vm=rubbos-hvm2 perf=0.926308 vp=0.124774 cap=99.819439
[1372150528.096145] vm=rubis-hvm perf=0.710385 vp=0.240868 cap=192.694765
[1372150528.288256] vm=rubis-hvm2 perf=0.694101 vp=0.335223 cap=268.178232
[1372150533.869665] vm=rubbos-hvm perf=-0.292654 vp=0.333780 cap=267.023989
[1372150534.034672] vm=rubbos-hvm2 perf=0.897692 vp=0.102487 cap=81.989291
[1372150534.220508] vm=rubis-hvm perf=-0.358355 vp=0.288887 cap=231.109288
[1372150534.422819] vm=rubis-hvm2 perf=0.579646 vp=0.274847 cap=219.877431
[1372150539.986992] vm=rubbos-hvm perf=0.840488 vp=0.279124 cap=223.298919
[1372150540.176518] vm=rubbos-hvm2 perf=0.821376 vp=0.104531 cap=83.625041
[1372150540.401501] vm=rubis-hvm perf=-0.382191 vp=0.386504 cap=309.203449
[1372150540.601040] vm=rubis-hvm2 perf=0.396806 vp=0.229841 cap=183.872591
[1372150546.172255] vm=rubbos-hvm perf=0.374082 vp=0.273525 cap=218.819959
[1372150546.355004] vm=rubbos-hvm2 perf=0.900618 vp=0.122493 cap=97.994186
[1372150546.537377] vm=rubis-hvm perf=0.694858 vp=0.378752 cap=303.001404
[1372150546.726332] vm=rubis-hvm2 perf=0.094975 vp=0.225231 cap=180.184450
[1372150552.289052] vm=rubbos-hvm perf=0.665358 vp=0.217854 cap=174.283453
[1372150552.463394] vm=rubbos-hvm2 perf=0.916420 vp=0.099559 cap=79.646964
[1372150552.652137] vm=rubis-hvm perf=0.595535 vp=0.301664 cap=241.331418
[1372150552.846860] vm=rubis-hvm2 perf=-1.000000 vp=0.380923 cap=304.738165
[1372150558.442386] vm=rubbos-hvm perf=-1.000000 vp=0.358465 cap=286.772007
[1372150558.631613] vm=rubbos-hvm2 perf=0.929380 vp=0.099298 cap=79.438501
[1372150558.803879] vm=rubis-hvm perf=0.702105 vp=0.239638 cap=191.710061
[1372150558.985289] vm=rubis-hvm2 perf=0.134948 vp=0.302599 cap=242.079431
[1372150564.547989] vm=rubbos-hvm perf=0.053256 vp=0.286921 cap=229.536570
[1372150564.729249] vm=rubbos-hvm2 perf=0.910518 vp=0.100052 cap=80.041484
[1372150564.934237] vm=rubis-hvm perf=-1.000000 vp=0.370822 cap=296.657977
[1372150565.112891] vm=rubis-hvm2 perf=0.529686 vp=0.242205 cap=193.763969
[1372150570.737822] vm=rubbos-hvm perf=0.793244 vp=0.234017 cap=187.213590
[1372150570.910620] vm=rubbos-hvm2 perf=0.910696 vp=0.101952 cap=81.561553
[1372150571.094631] vm=rubis-hvm perf=-0.405116 vp=0.466485 cap=373.187956
[1372150571.294273] vm=rubis-hvm2 perf=0.320502 vp=0.197546 cap=158.036901
[1372150576.862289] vm=rubbos-hvm perf=-0.725220 vp=0.349450 cap=279.559872
[1372150577.037819] vm=rubbos-hvm2 perf=0.846698 vp=0.103062 cap=82.449245
[1372150577.221951] vm=rubis-hvm perf=0.774485 vp=0.384613 cap=307.690651
[1372150577.409964] vm=rubis-hvm2 perf=0.060705 vp=0.162875 cap=130.300232
[1372150582.956787] vm=rubbos-hvm perf=0.867808 vp=0.341948 cap=273.558426
[1372150583.147483] vm=rubbos-hvm2 perf=0.803104 vp=0.122317 cap=97.853252
[1372150583.332792] vm=rubis-hvm perf=0.641790 vp=0.376357 cap=301.085308
[1372150583.526868] vm=rubis-hvm2 perf=0.225089 vp=0.159379 cap=127.503014
[1372150589.063419] vm=rubbos-hvm perf=-0.048098 vp=0.307285 cap=245.827792
[1372150589.249866] vm=rubbos-hvm2 perf=0.931802 vp=0.098564 cap=78.851198
[1372150589.445211] vm=rubis-hvm perf=0.673901 vp=0.296762 cap=237.409373
[1372150589.656262] vm=rubis-hvm2 perf=-1.000000 vp=0.297390 cap=237.911637
[1372150595.285321] vm=rubbos-hvm perf=0.808014 vp=0.299371 cap=239.496463
[1372150595.475198] vm=rubbos-hvm2 perf=0.910918 vp=0.121781 cap=97.424486
[1372150595.663188] vm=rubis-hvm perf=0.532939 vp=0.289119 cap=231.294862
[1372150595.841112] vm=rubis-hvm2 perf=0.267072 vp=0.289730 cap=231.784189
[1372150601.445038] vm=rubbos-hvm perf=-0.024666 vp=0.362400 cap=289.919784
[1372150601.612812] vm=rubbos-hvm2 perf=0.913028 vp=0.113235 cap=90.587674
[1372150601.803806] vm=rubis-hvm perf=0.126717 vp=0.261906 cap=209.524636
[1372150601.994526] vm=rubis-hvm2 perf=0.584115 vp=0.262460 cap=209.967906
[1372150607.581474] vm=rubbos-hvm perf=0.519318 vp=0.358186 cap=286.548425
[1372150607.772932] vm=rubbos-hvm2 perf=0.917124 vp=0.123546 cap=98.837141
[1372150607.993273] vm=rubis-hvm perf=0.271448 vp=0.258860 cap=207.088159
[1372150608.199900] vm=rubis-hvm2 perf=0.721974 vp=0.259408 cap=207.526275
[1372150613.787837] vm=rubbos-hvm perf=0.817406 vp=0.286972 cap=229.577587
[1372150613.957292] vm=rubbos-hvm2 perf=0.869688 vp=0.100148 cap=80.118251
[1372150614.138000] vm=rubis-hvm perf=-1.000000 vp=0.405047 cap=324.037739
[1372150614.333464] vm=rubis-hvm2 perf=0.214966 vp=0.207833 cap=166.266423
[1372150619.873103] vm=rubbos-hvm perf=-0.164698 vp=0.273062 cap=218.449317
[1372150620.047530] vm=rubbos-hvm2 perf=0.929274 vp=0.103073 cap=82.458547
[1372150620.240304] vm=rubis-hvm perf=-0.639187 vp=0.452489 cap=361.991259
[1372150620.433965] vm=rubis-hvm2 perf=0.070425 vp=0.171376 cap=137.100877
[1372150626.020621] vm=rubbos-hvm perf=0.540218 vp=0.237451 cap=189.960511
[1372150626.197006] vm=rubbos-hvm2 perf=0.915218 vp=0.108698 cap=86.958620
[1372150626.401240] vm=rubis-hvm perf=0.391333 vp=0.393478 cap=314.782603
[1372150626.582177] vm=rubis-hvm2 perf=-0.390690 vp=0.260373 cap=208.298266
[1372150632.163735] vm=rubbos-hvm perf=-0.556060 vp=0.298004 cap=238.403097
[1372150632.337079] vm=rubbos-hvm2 perf=0.217604 vp=0.104416 cap=83.532973
[1372150632.503583] vm=rubis-hvm perf=0.772065 vp=0.328684 cap=262.947268
[1372150632.694190] vm=rubis-hvm2 perf=-0.263315 vp=0.268896 cap=215.116661
[1372150638.283725] vm=rubbos-hvm perf=0.715296 vp=0.245757 cap=196.605443
[1372150638.482501] vm=rubbos-hvm2 perf=-1.000000 vp=0.261433 cap=209.146446
[1372150638.665637] vm=rubis-hvm perf=0.225182 vp=0.271058 cap=216.846445
[1372150638.842619] vm=rubis-hvm2 perf=0.662715 vp=0.221752 cap=177.401666
[1372150644.447010] vm=rubbos-hvm perf=0.439790 vp=0.204301 cap=163.441082
[1372150644.618528] vm=rubbos-hvm2 perf=-1.000000 vp=0.386018 cap=308.814495
[1372150644.852030] vm=rubis-hvm perf=0.132390 vp=0.225335 cap=180.267733
[1372150645.054502] vm=rubis-hvm2 perf=0.483537 vp=0.184346 cap=147.476691
[1372150650.651416] vm=rubbos-hvm perf=-0.867124 vp=0.321387 cap=257.109983
[1372150650.860990] vm=rubbos-hvm2 perf=0.886046 vp=0.315438 cap=252.350304
[1372150651.049551] vm=rubis-hvm perf=-0.087898 vp=0.212535 cap=170.027922
[1372150651.238734] vm=rubis-hvm2 perf=0.450099 vp=0.150640 cap=120.511791
[1372150656.798716] vm=rubbos-hvm perf=0.838252 vp=0.294913 cap=235.930426
[1372150656.992011] vm=rubbos-hvm2 perf=0.049364 vp=0.289454 cap=231.562828
[1372150657.154362] vm=rubis-hvm perf=-0.126928 vp=0.245196 cap=196.156762
[1372150657.350139] vm=rubis-hvm2 perf=-0.071701 vp=0.170437 cap=136.349984
[1372150662.923478] vm=rubbos-hvm perf=-0.153072 vp=0.256641 cap=205.312714
[1372150663.104295] vm=rubbos-hvm2 perf=0.668640 vp=0.240233 cap=192.186161
[1372150663.326307] vm=rubis-hvm perf=0.208014 vp=0.203501 cap=162.800806
[1372150663.488450] vm=rubis-hvm2 perf=-1.000000 vp=0.299625 cap=239.700319
[1372150669.081600] vm=rubbos-hvm perf=0.300344 vp=0.233206 cap=186.565180
[1372150669.259379] vm=rubbos-hvm2 perf=-0.067014 vp=0.255356 cap=204.285192
[1372150669.462099] vm=rubis-hvm perf=-0.182546 vp=0.239171 cap=191.336847
[1372150669.654347] vm=rubis-hvm2 perf=0.519106 vp=0.272266 cap=217.812780
[1372150675.234908] vm=rubbos-hvm perf=-0.412896 vp=0.291298 cap=233.038062
[1372150675.431379] vm=rubbos-hvm2 perf=0.316868 vp=0.225525 cap=180.420387
[1372150675.630357] vm=rubis-hvm perf=-0.106247 vp=0.242717 cap=194.173882
[1372150675.834262] vm=rubis-hvm2 perf=0.503355 vp=0.240460 cap=192.367669
[1372150681.403539] vm=rubbos-hvm perf=0.605546 vp=0.248359 cap=198.687527
[1372150681.566996] vm=rubbos-hvm2 perf=-0.223900 vp=0.260671 cap=208.537148
[1372150681.754163] vm=rubis-hvm perf=-0.272704 vp=0.285954 cap=228.763249
[1372150681.949179] vm=rubis-hvm2 perf=0.676616 vp=0.205015 cap=164.012076
[1372150687.484209] vm=rubbos-hvm perf=0.225678 vp=0.248359 cap=198.687527
[1372150687.667828] vm=rubbos-hvm2 perf=0.149796 vp=0.260671 cap=208.537148
[1372150687.890104] vm=rubis-hvm perf=0.786600 vp=0.285954 cap=228.763249
[1372150688.071959] vm=rubis-hvm2 perf=0.660837 vp=0.205015 cap=164.012076
[1372150693.643058] vm=rubbos-hvm perf=-0.425672 vp=0.278332 cap=222.665914
[1372150693.812141] vm=rubbos-hvm2 perf=0.600188 vp=0.224488 cap=179.590707
[1372150693.990511] vm=rubis-hvm perf=-0.491021 vp=0.320622 cap=256.497346
[1372150694.184765] vm=rubis-hvm2 perf=0.109150 vp=0.176558 cap=141.246033
[1372150699.763408] vm=rubbos-hvm perf=0.756712 vp=0.238741 cap=190.992460
[1372150699.971677] vm=rubbos-hvm2 perf=-0.387008 vp=0.283845 cap=227.076059
[1372150700.165729] vm=rubis-hvm perf=0.459699 vp=0.275014 cap=220.011490
[1372150700.366227] vm=rubis-hvm2 perf=-0.182892 vp=0.202400 cap=161.919991
[1372150705.967714] vm=rubbos-hvm perf=-0.659014 vp=0.354401 cap=283.520747
[1372150706.145189] vm=rubbos-hvm2 perf=0.786260 vp=0.240720 cap=192.575733
[1372150706.343020] vm=rubis-hvm perf=0.278914 vp=0.233231 cap=186.584504
[1372150706.541953] vm=rubis-hvm2 perf=0.585486 vp=0.171649 cap=137.319016
[1372150712.165711] vm=rubbos-hvm perf=0.759804 vp=0.317630 cap=254.103813
[1372150712.361549] vm=rubbos-hvm2 perf=-0.009066 vp=0.262409 cap=209.926911
[1372150712.553221] vm=rubis-hvm perf=0.432421 vp=0.209032 cap=167.225272
[1372150712.726341] vm=rubis-hvm2 perf=-0.139328 vp=0.210930 cap=168.744004
[1372150718.349646] vm=rubbos-hvm perf=0.392586 vp=0.270684 cap=216.547122
[1372150718.557206] vm=rubbos-hvm2 perf=-0.231200 vp=0.272920 cap=218.335819
[1372150718.739137] vm=rubis-hvm perf=-0.531726 vp=0.276642 cap=221.313518
[1372150718.922140] vm=rubis-hvm2 perf=0.591461 vp=0.179754 cap=143.803542
[1372150724.507899] vm=rubbos-hvm perf=0.551662 vp=0.270684 cap=216.547122
[1372150724.710370] vm=rubbos-hvm2 perf=0.698604 vp=0.272920 cap=218.335819
[1372150724.887240] vm=rubis-hvm perf=0.643190 vp=0.276642 cap=221.313518
[1372150725.096116] vm=rubis-hvm2 perf=0.519189 vp=0.179754 cap=143.803542
[1372150730.657200] vm=rubbos-hvm perf=-0.003808 vp=0.255005 cap=204.003622
[1372150730.853432] vm=rubbos-hvm2 perf=-0.595230 vp=0.357526 cap=286.020903
[1372150731.038542] vm=rubis-hvm perf=0.626372 vp=0.234862 cap=187.889777
[1372150731.243600] vm=rubis-hvm2 perf=0.506902 vp=0.152607 cap=122.085698
[1372150736.832267] vm=rubbos-hvm perf=-0.319286 vp=0.303849 cap=243.079432
[1372150737.012298] vm=rubbos-hvm2 perf=0.886076 vp=0.311879 cap=249.503028
[1372150737.186818] vm=rubis-hvm perf=-0.129564 vp=0.251149 cap=200.919199
[1372150737.373457] vm=rubis-hvm2 perf=0.140405 vp=0.133123 cap=106.498340
[1372150742.940614] vm=rubbos-hvm perf=0.486730 vp=0.257385 cap=205.907687
[1372150743.106306] vm=rubbos-hvm2 perf=-0.023500 vp=0.195845 cap=156.676175
[1372150743.295296] vm=rubis-hvm perf=-0.832005 vp=0.295459 cap=236.366909
[1372150743.486587] vm=rubis-hvm2 perf=-1.000000 vp=0.251312 cap=201.049229
[1372150749.064033] vm=rubbos-hvm perf=-0.630554 vp=0.266893 cap=213.514765
[1372150749.259943] vm=rubbos-hvm2 perf=0.010500 vp=0.162872 cap=130.297831
[1372150749.460734] vm=rubis-hvm perf=0.404551 vp=0.245715 cap=196.571659
[1372150749.638395] vm=rubis-hvm2 perf=-1.000000 vp=0.324520 cap=259.615745
[1372150755.213798] vm=rubbos-hvm perf=0.648346 vp=0.216590 cap=173.271665
[1372150755.404085] vm=rubbos-hvm2 perf=-0.981374 vp=0.320653 cap=256.522783
[1372150755.593256] vm=rubis-hvm perf=0.636241 vp=0.199402 cap=159.521983
[1372150755.786371] vm=rubis-hvm2 perf=0.801321 vp=0.263354 cap=210.683568
[1372150761.361026] vm=rubbos-hvm perf=-0.358468 vp=0.295239 cap=236.191173
[1372150761.542935] vm=rubbos-hvm2 perf=0.271918 vp=0.288462 cap=230.769540
[1372150761.720662] vm=rubis-hvm perf=0.335840 vp=0.179384 cap=143.506999
[1372150761.913260] vm=rubis-hvm2 perf=0.671892 vp=0.236915 cap=189.532288
[1372150767.508220] vm=rubbos-hvm perf=0.267160 vp=0.259697 cap=207.757650
[1372150767.675208] vm=rubbos-hvm2 perf=0.901452 vp=0.253736 cap=202.988692
[1372150767.857059] vm=rubis-hvm perf=-0.437111 vp=0.278172 cap=222.537933
[1372150768.040382] vm=rubis-hvm2 perf=0.646464 vp=0.208395 cap=166.715725
[1372150773.618777] vm=rubbos-hvm perf=0.532488 vp=0.259697 cap=207.757650
[1372150773.798272] vm=rubbos-hvm2 perf=0.180466 vp=0.253736 cap=202.988692
[1372150773.970004] vm=rubis-hvm perf=0.009452 vp=0.278172 cap=222.537933
[1372150774.173383] vm=rubis-hvm2 perf=0.770347 vp=0.208395 cap=166.715725
[1372150779.718814] vm=rubbos-hvm perf=0.582602 vp=0.259697 cap=207.757650
[1372150779.927211] vm=rubbos-hvm2 perf=0.395268 vp=0.253736 cap=202.988692
[1372150780.113011] vm=rubis-hvm perf=0.715709 vp=0.278172 cap=222.537933
[1372150780.306188] vm=rubis-hvm2 perf=0.631877 vp=0.208395 cap=166.715725
[1372150785.884527] vm=rubbos-hvm perf=0.652174 vp=0.259697 cap=207.757650
[1372150786.075023] vm=rubbos-hvm2 perf=0.127550 vp=0.253736 cap=202.988692
[1372150786.245886] vm=rubis-hvm perf=0.398944 vp=0.278172 cap=222.537933
[1372150786.432796] vm=rubis-hvm2 perf=0.550111 vp=0.208395 cap=166.715725
[1372150792.020842] vm=rubbos-hvm perf=0.239648 vp=0.259697 cap=207.757650
[1372150792.216048] vm=rubbos-hvm2 perf=0.019180 vp=0.253736 cap=202.988692
[1372150792.400130] vm=rubis-hvm perf=0.602477 vp=0.278172 cap=222.537933
[1372150792.596992] vm=rubis-hvm2 perf=0.760893 vp=0.208395 cap=166.715725
[1372150798.185679] vm=rubbos-hvm perf=0.669492 vp=0.259697 cap=207.757650
[1372150798.383326] vm=rubbos-hvm2 perf=0.606584 vp=0.253736 cap=202.988692
[1372150798.570426] vm=rubis-hvm perf=0.543221 vp=0.278172 cap=222.537933
[1372150798.745601] vm=rubis-hvm2 perf=0.535494 vp=0.208395 cap=166.715725
[1372150804.345529] vm=rubbos-hvm perf=-0.446014 vp=0.352541 cap=282.032423
[1372150804.539109] vm=rubbos-hvm2 perf=0.424656 vp=0.221914 cap=177.531311
[1372150804.717262] vm=rubis-hvm perf=0.491458 vp=0.243286 cap=194.628827
[1372150804.933552] vm=rubis-hvm2 perf=0.573304 vp=0.182259 cap=145.807439
[1372150810.493623] vm=rubbos-hvm perf=0.784158 vp=0.288034 cap=230.427380
[1372150810.684734] vm=rubbos-hvm2 perf=0.385734 vp=0.181309 cap=145.047418
[1372150810.872287] vm=rubis-hvm perf=0.688350 vp=0.198771 cap=159.016507
[1372150811.048154] vm=rubis-hvm2 perf=-0.955176 vp=0.331886 cap=265.508695
[1372150816.643735] vm=rubbos-hvm perf=0.308642 vp=0.238199 cap=190.559355
[1372150816.884093] vm=rubbos-hvm2 perf=-0.287476 vp=0.178441 cap=142.752871
[1372150817.082119] vm=rubis-hvm perf=-1.000000 vp=0.308896 cap=247.116794
[1372150817.283646] vm=rubis-hvm2 perf=0.343712 vp=0.274464 cap=219.570980
[1372150822.864958] vm=rubbos-hvm perf=-0.197134 vp=0.257477 cap=205.981358
[1372150823.044740] vm=rubbos-hvm2 perf=-0.272494 vp=0.215437 cap=172.349945
[1372150823.229346] vm=rubis-hvm perf=0.013620 vp=0.279098 cap=223.278651
[1372150823.424864] vm=rubis-hvm2 perf=0.610080 vp=0.247988 cap=198.390046
[1372150829.006785] vm=rubbos-hvm perf=0.104914 vp=0.257477 cap=205.981358
[1372150829.191346] vm=rubbos-hvm2 perf=0.529200 vp=0.215437 cap=172.349945
[1372150829.405398] vm=rubis-hvm perf=0.587670 vp=0.279098 cap=223.278651
[1372150829.594790] vm=rubis-hvm2 perf=0.186789 vp=0.247988 cap=198.390046
[1372150835.164645] vm=rubbos-hvm perf=-0.061812 vp=0.338638 cap=270.910436
[1372150835.348034] vm=rubbos-hvm2 perf=0.792756 vp=0.191889 cap=153.511272
[1372150835.554091] vm=rubis-hvm perf=0.770680 vp=0.248592 cap=198.873227
[1372150835.740197] vm=rubis-hvm2 perf=0.641407 vp=0.220881 cap=176.705065
[1372150841.327956] vm=rubbos-hvm perf=0.838030 vp=0.338638 cap=270.910436
[1372150841.521418] vm=rubbos-hvm2 perf=0.220980 vp=0.191889 cap=153.511272
[1372150841.707509] vm=rubis-hvm perf=0.798856 vp=0.248592 cap=198.873227
[1372150841.896944] vm=rubis-hvm2 perf=0.615230 vp=0.220881 cap=176.705065
[1372150847.499889] vm=rubbos-hvm perf=0.121446 vp=0.294056 cap=235.244435
[1372150847.677771] vm=rubbos-hvm2 perf=-0.606168 vp=0.298279 cap=238.623046
[1372150847.866393] vm=rubis-hvm perf=0.839176 vp=0.215864 cap=172.691095
[1372150848.048475] vm=rubis-hvm2 perf=0.437120 vp=0.191802 cap=153.441424
[1372150853.634632] vm=rubbos-hvm perf=0.486462 vp=0.239429 cap=191.543567
[1372150853.823362] vm=rubbos-hvm2 perf=0.445512 vp=0.242868 cap=194.294541
[1372150854.016098] vm=rubis-hvm perf=0.801884 vp=0.175763 cap=140.610631
[1372150854.228936] vm=rubis-hvm2 perf=-1.000000 vp=0.341939 cap=273.551261
[1372150859.812215] vm=rubbos-hvm perf=-0.515136 vp=0.265404 cap=212.323461
[1372150860.011141] vm=rubbos-hvm2 perf=-0.417888 vp=0.250750 cap=200.599804
[1372150860.177304] vm=rubis-hvm perf=0.513959 vp=0.155080 cap=124.064133
[1372150860.371665] vm=rubis-hvm2 perf=-0.450819 vp=0.328766 cap=263.012602
[1372150865.963903] vm=rubbos-hvm perf=0.150188 vp=0.265404 cap=212.323461
[1372150866.151892] vm=rubbos-hvm2 perf=0.803982 vp=0.250750 cap=200.599804
[1372150866.317377] vm=rubis-hvm perf=0.768127 vp=0.155080 cap=124.064133
[1372150866.492200] vm=rubis-hvm2 perf=0.738123 vp=0.328766 cap=263.012602
[1372150872.057296] vm=rubbos-hvm perf=0.291514 vp=0.234933 cap=187.946593
[1372150872.228264] vm=rubbos-hvm2 perf=-0.372740 vp=0.336771 cap=269.416973
[1372150872.422704] vm=rubis-hvm perf=0.739497 vp=0.137275 cap=109.820323
[1372150872.597262] vm=rubis-hvm2 perf=0.441492 vp=0.291020 cap=232.816111
[1372150878.193499] vm=rubbos-hvm perf=-0.343384 vp=0.328631 cap=262.904598
[1372150878.374219] vm=rubbos-hvm2 perf=0.818060 vp=0.295527 cap=236.421554
[1372150878.561270] vm=rubis-hvm perf=0.637569 vp=0.120463 cap=96.370659
[1372150878.744055] vm=rubis-hvm2 perf=0.396374 vp=0.255379 cap=204.303189
[1372150884.366858] vm=rubbos-hvm perf=0.883232 vp=0.327147 cap=261.717272
[1372150884.557840] vm=rubbos-hvm2 perf=0.598516 vp=0.294192 cap=235.353830
[1372150884.740123] vm=rubis-hvm perf=0.637289 vp=0.124435 cap=99.548381
[1372150884.928355] vm=rubis-hvm2 perf=0.526938 vp=0.254226 cap=203.380517
[1372150890.487167] vm=rubbos-hvm perf=0.110828 vp=0.326962 cap=261.569609
[1372150890.671846] vm=rubbos-hvm2 perf=0.261244 vp=0.294026 cap=235.221042
[1372150890.863125] vm=rubis-hvm perf=0.679584 vp=0.124929 cap=99.943580
[1372150891.036869] vm=rubis-hvm2 perf=0.079621 vp=0.254082 cap=203.265769
[1372150896.625201] vm=rubbos-hvm perf=0.832126 vp=0.326939 cap=261.551163
[1372150896.818716] vm=rubbos-hvm2 perf=0.530020 vp=0.294006 cap=235.204454
[1372150897.023721] vm=rubis-hvm perf=0.784935 vp=0.124991 cap=99.992948
[1372150897.240207] vm=rubis-hvm2 perf=0.390100 vp=0.254064 cap=203.251434
[1372150902.848366] vm=rubbos-hvm perf=0.541992 vp=0.284732 cap=227.785375
[1372150903.038826] vm=rubbos-hvm2 perf=-0.050704 vp=0.315680 cap=252.543995
[1372150903.224255] vm=rubis-hvm perf=0.647437 vp=0.108863 cap=87.090179
[1372150903.429060] vm=rubis-hvm2 perf=-0.146763 vp=0.290726 cap=232.580451
[1372150909.058699] vm=rubbos-hvm perf=-0.165826 vp=0.363378 cap=290.702342
[1372150909.224425] vm=rubbos-hvm2 perf=0.687238 vp=0.274771 cap=219.816598
[1372150909.416673] vm=rubis-hvm perf=0.810410 vp=0.108801 cap=87.040913
[1372150909.607318] vm=rubis-hvm2 perf=0.416887 vp=0.253050 cap=202.440147
[1372150915.173272] vm=rubbos-hvm perf=0.760686 vp=0.357585 cap=286.068361
[1372150915.366605] vm=rubbos-hvm2 perf=0.451882 vp=0.270391 cap=216.312581
[1372150915.539882] vm=rubis-hvm perf=0.812637 vp=0.123007 cap=98.405936
[1372150915.742066] vm=rubis-hvm2 perf=0.386280 vp=0.249016 cap=199.213122
[1372150921.343314] vm=rubbos-hvm perf=0.383124 vp=0.321367 cap=257.093221
[1372150921.537054] vm=rubbos-hvm2 perf=0.310014 vp=0.243004 cap=194.402827
[1372150921.717599] vm=rubis-hvm perf=0.672877 vp=0.112339 cap=89.871253
[1372150921.911775] vm=rubis-hvm2 perf=-0.284149 vp=0.323291 cap=258.632698
[1372150927.497181] vm=rubbos-hvm perf=0.761040 vp=0.284112 cap=227.289317
[1372150927.669125] vm=rubbos-hvm2 perf=-0.108442 vp=0.319566 cap=255.652999
[1372150927.849535] vm=rubis-hvm perf=0.774503 vp=0.110509 cap=88.407355
[1372150928.050380] vm=rubis-hvm2 perf=0.564192 vp=0.285813 cap=228.650328
[1372150933.646274] vm=rubbos-hvm perf=-0.492008 vp=0.363904 cap=291.123182
[1372150933.833558] vm=rubbos-hvm2 perf=0.095012 vp=0.278314 cap=222.651281
[1372150934.005084] vm=rubis-hvm perf=0.688232 vp=0.108864 cap=87.091207
[1372150934.190198] vm=rubis-hvm2 perf=0.330511 vp=0.248918 cap=199.134330
[1372150939.765369] vm=rubbos-hvm perf=0.698826 vp=0.325018 cap=260.014640
[1372150939.956489] vm=rubbos-hvm2 perf=0.209224 vp=0.248574 cap=198.859440
[1372150940.138229] vm=rubis-hvm perf=0.088463 vp=0.111643 cap=89.314303
[1372150940.330125] vm=rubis-hvm2 perf=-0.358786 vp=0.314765 cap=251.811617
[1372150945.871334] vm=rubbos-hvm perf=0.801204 vp=0.275575 cap=220.460145
[1372150946.051263] vm=rubbos-hvm2 perf=-0.478260 vp=0.351559 cap=281.247266
[1372150946.241460] vm=rubis-hvm perf=0.631622 vp=0.105984 cap=84.787589
[1372150946.435533] vm=rubis-hvm2 perf=0.461686 vp=0.266881 cap=213.505000
[1372150952.015905] vm=rubbos-hvm perf=-0.166304 vp=0.352088 cap=281.670088
[1372150952.230696] vm=rubbos-hvm2 perf=0.760068 vp=0.306386 cap=245.108559
[1372150952.415423] vm=rubis-hvm perf=0.752929 vp=0.108938 cap=87.150557
[1372150952.575093] vm=rubis-hvm2 perf=0.379937 vp=0.232588 cap=186.070797
[1372150958.161357] vm=rubbos-hvm perf=0.864332 vp=0.346522 cap=277.217475
[1372150958.333143] vm=rubbos-hvm2 perf=0.367162 vp=0.301542 cap=241.233907
[1372150958.497835] vm=rubis-hvm perf=0.611161 vp=0.123024 cap=98.419210
[1372150958.676191] vm=rubis-hvm2 perf=0.085245 vp=0.228912 cap=183.129408
[1372150964.208771] vm=rubbos-hvm perf=0.070980 vp=0.345838 cap=276.670777
[1372150964.370141] vm=rubbos-hvm2 perf=0.565518 vp=0.300948 cap=240.758172
[1372150964.562266] vm=rubis-hvm perf=0.618636 vp=0.124753 cap=99.802791
[1372150964.737388] vm=rubis-hvm2 perf=0.526692 vp=0.228460 cap=182.768260
[1372150970.315578] vm=rubbos-hvm perf=0.697236 vp=0.276573 cap=221.258641
[1372150970.495633] vm=rubbos-hvm2 perf=0.592152 vp=0.240673 cap=192.538679
[1372150970.678165] vm=rubis-hvm perf=0.809141 vp=0.099965 cap=79.971815
[1372150970.879074] vm=rubis-hvm2 perf=-1.000000 vp=0.382789 cap=306.230866
[1372150976.485824] vm=rubbos-hvm perf=-1.000000 vp=0.348229 cap=278.583513
[1372150976.677694] vm=rubbos-hvm2 perf=-0.578190 vp=0.257706 cap=206.165116
[1372150976.863837] vm=rubis-hvm perf=0.425377 vp=0.097005 cap=77.603993
[1372150977.058599] vm=rubis-hvm2 perf=0.649381 vp=0.297059 cap=237.647378
[1372150982.636720] vm=rubbos-hvm perf=0.176756 vp=0.331870 cap=265.496177
[1372150982.824651] vm=rubbos-hvm2 perf=0.212254 vp=0.245600 cap=196.479861
[1372150982.994383] vm=rubis-hvm perf=-0.151374 vp=0.139426 cap=111.540817
[1372150983.183266] vm=rubis-hvm2 perf=0.742680 vp=0.283104 cap=226.483145
[1372150988.760908] vm=rubbos-hvm perf=0.854536 vp=0.288469 cap=230.774978
[1372150988.951050] vm=rubbos-hvm2 perf=-0.302598 vp=0.344259 cap=275.407336
[1372150989.132470] vm=rubis-hvm perf=0.720225 vp=0.121192 cap=96.953673
[1372150989.337072] vm=rubis-hvm2 perf=0.558766 vp=0.246080 cap=196.864013
[1372150994.883805] vm=rubbos-hvm perf=0.099560 vp=0.287374 cap=229.899541
[1372150995.059998] vm=rubbos-hvm2 perf=0.796474 vp=0.342953 cap=274.362588
[1372150995.237999] vm=rubis-hvm perf=0.731656 vp=0.124526 cap=99.620654
[1372150995.419240] vm=rubis-hvm2 perf=0.329322 vp=0.245147 cap=196.117217
[1372151001.005280] vm=rubbos-hvm perf=0.498120 vp=0.287238 cap=229.790578
[1372151001.192014] vm=rubbos-hvm2 perf=0.068268 vp=0.342791 cap=274.232552
[1372151001.374623] vm=rubis-hvm perf=0.620138 vp=0.124941 cap=99.952604
[1372151001.589159] vm=rubis-hvm2 perf=0.518609 vp=0.245030 cap=196.024265
[1372151007.177775] vm=rubbos-hvm perf=-0.140772 vp=0.370534 cap=296.427487
[1372151007.357550] vm=rubbos-hvm2 perf=0.835472 vp=0.302706 cap=242.164532
[1372151007.541260] vm=rubis-hvm perf=0.657266 vp=0.110383 cap=88.306268
[1372151007.736118] vm=rubis-hvm2 perf=0.462013 vp=0.216377 cap=173.101713
[1372151013.317285] vm=rubbos-hvm perf=0.805188 vp=0.306534 cap=245.227452
[1372151013.502263] vm=rubbos-hvm2 perf=0.407798 vp=0.250421 cap=200.336992
[1372151013.691148] vm=rubis-hvm perf=0.486290 vp=0.103410 cap=82.727636
[1372151013.876006] vm=rubis-hvm2 perf=-0.769706 vp=0.339635 cap=271.707921
[1372151019.441622] vm=rubbos-hvm perf=0.767856 vp=0.261620 cap=209.296266
[1372151019.605125] vm=rubbos-hvm2 perf=-0.410264 vp=0.341824 cap=273.459154
[1372151019.789519] vm=rubis-hvm perf=0.539673 vp=0.106685 cap=85.347813
[1372151019.949935] vm=rubis-hvm2 perf=0.461106 vp=0.289871 cap=231.896767
[1372151025.523009] vm=rubbos-hvm perf=-0.326822 vp=0.358970 cap=287.175834
[1372151025.721201] vm=rubbos-hvm2 perf=0.812784 vp=0.289574 cap=231.659520
[1372151025.918236] vm=rubis-hvm perf=0.709960 vp=0.105893 cap=84.714487
[1372151026.119061] vm=rubis-hvm2 perf=0.653247 vp=0.245563 cap=196.450158
