[1371492463.784656] latency=nan:nan:nan:nan:nan:(-nan)ms throughput=0rps rr=-nan% cr=-nan% errors=0 total=0
[1371492464.788671] latency=nan:nan:nan:nan:nan:(-nan)ms throughput=0rps rr=-nan% cr=-nan% errors=0 total=0
[1371492465.792654] latency=nan:nan:nan:nan:nan:(-nan)ms throughput=0rps rr=-nan% cr=-nan% errors=0 total=0
[1371492466.796681] latency=nan:nan:nan:nan:nan:(-nan)ms throughput=0rps rr=-nan% cr=-nan% errors=0 total=0
[1371492467.800633] latency=nan:nan:nan:nan:nan:(-nan)ms throughput=0rps rr=-nan% cr=-nan% errors=0 total=0
[1371492468.804703] latency=nan:nan:nan:nan:nan:(-nan)ms throughput=0rps rr=-nan% cr=-nan% errors=0 total=0
[1371492469.808676] latency=nan:nan:nan:nan:nan:(-nan)ms throughput=0rps rr=-nan% cr=-nan% errors=0 total=0
[1371492470.812652] latency=nan:nan:nan:nan:nan:(-nan)ms throughput=0rps rr=-nan% cr=-nan% errors=0 total=0
[1371492471.816660] latency=nan:nan:nan:nan:nan:(-nan)ms throughput=0rps rr=-nan% cr=-nan% errors=0 total=0
[1371492472.820659] latency=nan:nan:nan:nan:nan:(-nan)ms throughput=0rps rr=-nan% cr=-nan% errors=0 total=0
[1371492473.824695] latency=nan:nan:nan:nan:nan:(-nan)ms throughput=0rps rr=-nan% cr=-nan% errors=0 total=0
[1371492473.824910] cannot parse key-value 'start'
[1371492473.825025] set thinktime=3.000000
[1371492473.825088] set concurrency=100
[1371492474.872656] latency=5:6:8:136:206:(59)ms throughput=27rps rr=50.00% cr=0.00% errors=0 total=28
[1371492475.876671] latency=4:5:6:112:226:(57)ms throughput=35rps rr=45.71% cr=0.00% errors=0 total=63
[1371492476.880651] latency=5:6:27:118:254:(75)ms throughput=29rps rr=58.62% cr=0.00% errors=0 total=92
[1371492477.884701] latency=4:5:8:114:266:(59)ms throughput=35rps rr=42.86% cr=0.00% errors=0 total=127
[1371492478.888640] latency=4:5:7:116:239:(57)ms throughput=27rps rr=37.04% cr=0.00% errors=0 total=154
[1371492479.892674] latency=4:5:6:129:261:(71)ms throughput=31rps rr=38.71% cr=0.00% errors=0 total=185
[1371492480.896686] latency=4:5:33:144:338:(85)ms throughput=36rps rr=61.11% cr=0.00% errors=0 total=221
[1371492481.900673] latency=4:5:6:107:236:(55)ms throughput=28rps rr=35.71% cr=0.00% errors=0 total=249
[1371492482.904646] latency=4:5:9:114:281:(64)ms throughput=37rps rr=51.35% cr=0.00% errors=0 total=286
[1371492483.908664] latency=4:5:9:135:262:(72)ms throughput=40rps rr=42.50% cr=0.00% errors=0 total=326
[1371492484.912652] latency=4:4:35:169:374:(91)ms throughput=33rps rr=57.58% cr=0.00% errors=0 total=359
[1371492485.916631] latency=4:5:30:113:251:(74)ms throughput=36rps rr=52.78% cr=0.00% errors=0 total=395
[1371492486.920642] latency=5:5:6:28:169:(32)ms throughput=23rps rr=34.78% cr=0.00% errors=0 total=418
[1371492487.924674] latency=4:5:7:161:376:(82)ms throughput=44rps rr=47.73% cr=0.00% errors=0 total=462
[1371492488.928649] latency=4:6:11:165:271:(78)ms throughput=32rps rr=46.88% cr=0.00% errors=0 total=494
[1371492489.932693] latency=4:5:6:162:255:(81)ms throughput=27rps rr=51.85% cr=0.00% errors=0 total=521
[1371492490.936638] latency=4:6:9:152:381:(84)ms throughput=32rps rr=46.88% cr=0.00% errors=0 total=553
[1371492491.940668] latency=4:5:13:111:270:(61)ms throughput=37rps rr=51.35% cr=0.00% errors=0 total=590
[1371492492.944657] latency=4:5:7:71:165:(41)ms throughput=28rps rr=35.71% cr=0.00% errors=0 total=618
[1371492493.948666] latency=3:5:10:99:274:(58)ms throughput=34rps rr=44.12% cr=0.00% errors=0 total=652
[1371492494.952644] latency=4:6:16:159:344:(82)ms throughput=36rps rr=52.78% cr=0.00% errors=0 total=688
[1371492495.956662] latency=4:7:61:187:301:(99)ms throughput=26rps rr=69.23% cr=0.00% errors=0 total=714
[1371492496.960649] latency=4:7:46:210:395:(112)ms throughput=37rps rr=51.35% cr=0.00% errors=0 total=751
[1371492497.964670] latency=4:5:42:198:317:(95)ms throughput=39rps rr=53.85% cr=0.00% errors=0 total=790
[1371492498.968653] latency=4:7:17:306:730:(160)ms throughput=40rps rr=42.50% cr=0.00% errors=0 total=830
[1371492499.972659] latency=4:5:11:277:700:(157)ms throughput=36rps rr=47.22% cr=0.00% errors=0 total=866
[1371492500.976642] latency=4:5:8:97:247:(58)ms throughput=31rps rr=45.16% cr=0.00% errors=0 total=897
[1371492501.980661] latency=4:5:25:163:307:(88)ms throughput=35rps rr=54.29% cr=0.00% errors=0 total=932
[1371492502.984645] latency=4:5:8:150:287:(76)ms throughput=34rps rr=44.12% cr=0.00% errors=0 total=966
[1371492503.988669] latency=4:5:18:154:273:(86)ms throughput=31rps rr=48.39% cr=0.00% errors=0 total=997
[1371492504.992642] latency=4:5:21:155:250:(79)ms throughput=26rps rr=50.00% cr=0.00% errors=0 total=1023
[1371492505.996657] latency=5:6:8:53:199:(43)ms throughput=30rps rr=30.00% cr=0.00% errors=0 total=1053
[1371492507.000641] latency=4:5:8:66:210:(47)ms throughput=33rps rr=42.42% cr=0.00% errors=0 total=1086
[1371492508.004642] latency=4:5:8:141:238:(65)ms throughput=34rps rr=50.00% cr=0.00% errors=0 total=1120
[1371492509.008648] latency=4:5:6:9:216:(32)ms throughput=38rps rr=26.32% cr=0.00% errors=0 total=1158
[1371492510.012828] latency=4:6:98:250:465:(145)ms throughput=34rps rr=67.65% cr=0.00% errors=0 total=1192
[1371492511.016641] latency=4:5:8:112:263:(64)ms throughput=38rps rr=42.11% cr=0.00% errors=0 total=1230
[1371492512.020657] latency=4:5:8:109:247:(63)ms throughput=22rps rr=50.00% cr=0.00% errors=0 total=1252
[1371492513.024654] latency=4:5:11:99:722:(124)ms throughput=29rps rr=34.48% cr=0.00% errors=0 total=1281
[1371492514.028638] latency=4:8:283:520:961:(322)ms throughput=41rps rr=68.29% cr=0.00% errors=0 total=1322
[1371492515.032641] latency=4:6:63:124:324:(93)ms throughput=31rps rr=64.52% cr=0.00% errors=0 total=1353
[1371492516.036660] latency=4:5:6:49:203:(32)ms throughput=34rps rr=44.12% cr=0.00% errors=0 total=1387
[1371492517.040656] latency=4:6:78:212:303:(99)ms throughput=31rps rr=54.84% cr=0.00% errors=0 total=1418
[1371492518.044668] latency=4:7:151:322:664:(207)ms throughput=40rps rr=65.00% cr=0.00% errors=0 total=1458
[1371492519.048642] latency=5:7:29:131:318:(86)ms throughput=30rps rr=60.00% cr=0.00% errors=0 total=1488
[1371492520.052667] latency=4:6:40:170:425:(103)ms throughput=32rps rr=56.25% cr=0.00% errors=0 total=1520
[1371492521.056677] latency=4:6:66:160:317:(94)ms throughput=25rps rr=56.00% cr=0.00% errors=0 total=1545
[1371492522.060675] latency=4:8:151:228:501:(148)ms throughput=37rps rr=62.16% cr=0.00% errors=0 total=1582
[1371492523.064642] latency=4:5:46:130:216:(72)ms throughput=29rps rr=65.52% cr=0.00% errors=0 total=1611
[1371492524.068664] latency=4:5:8:140:221:(64)ms throughput=33rps rr=45.45% cr=0.00% errors=0 total=1644
[1371492525.072652] latency=4:5:8:118:232:(66)ms throughput=18rps rr=44.44% cr=0.00% errors=0 total=1662
[1371492526.076667] latency=4:5:11:168:313:(81)ms throughput=38rps rr=50.00% cr=0.00% errors=0 total=1700
[1371492527.080658] latency=4:8:46:188:429:(102)ms throughput=35rps rr=51.43% cr=0.00% errors=0 total=1735
[1371492528.084664] latency=4:5:8:138:457:(84)ms throughput=40rps rr=50.00% cr=0.00% errors=0 total=1775
[1371492529.088655] latency=4:4:6:153:296:(65)ms throughput=41rps rr=41.46% cr=0.00% errors=0 total=1816
[1371492530.112694] latency=4:6:53:132:238:(76)ms throughput=31rps rr=62.50% cr=0.00% errors=0 total=1848
[1371492531.116638] latency=4:5:63:167:263:(89)ms throughput=35rps rr=54.29% cr=0.00% errors=0 total=1883
[1371492532.120652] latency=4:6:81:129:240:(81)ms throughput=30rps rr=60.00% cr=0.00% errors=0 total=1913
[1371492533.124645] latency=4:5:33:143:262:(78)ms throughput=21rps rr=52.38% cr=0.00% errors=0 total=1934
[1371492534.128653] latency=4:6:61:207:376:(119)ms throughput=29rps rr=58.62% cr=0.00% errors=0 total=1963
[1371492535.132665] latency=4:6:23:171:251:(83)ms throughput=30rps rr=50.00% cr=0.00% errors=0 total=1993
[1371492536.136652] latency=4:5:7:127:257:(57)ms throughput=36rps rr=41.67% cr=0.00% errors=0 total=2029
[1371492537.140655] latency=4:5:9:97:210:(49)ms throughput=38rps rr=44.74% cr=0.00% errors=0 total=2067
[1371492538.144651] latency=5:8:104:394:682:(184)ms throughput=37rps rr=54.05% cr=0.00% errors=0 total=2104
[1371492539.148650] latency=4:5:5:30:374:(43)ms throughput=39rps rr=30.77% cr=0.00% errors=0 total=2143
[1371492540.152646] latency=4:6:54:189:270:(95)ms throughput=27rps rr=62.96% cr=0.00% errors=0 total=2170
[1371492541.156655] latency=4:5:10:104:207:(57)ms throughput=37rps rr=48.65% cr=0.00% errors=0 total=2207
[1371492542.160654] latency=4:5:59:184:284:(97)ms throughput=28rps rr=60.71% cr=0.00% errors=0 total=2235
[1371492543.164654] latency=4:5:7:81:212:(49)ms throughput=32rps rr=50.00% cr=0.00% errors=0 total=2267
[1371492544.168631] latency=4:5:9:170:265:(75)ms throughput=35rps rr=48.57% cr=0.00% errors=0 total=2302
[1371492545.172655] latency=4:4:8:138:256:(68)ms throughput=32rps rr=46.88% cr=0.00% errors=0 total=2334
[1371492546.176648] latency=4:5:6:157:434:(83)ms throughput=45rps rr=40.00% cr=0.00% errors=0 total=2379
[1371492547.180628] latency=4:5:6:62:245:(40)ms throughput=35rps rr=34.29% cr=0.00% errors=0 total=2414
[1371492548.184666] latency=4:5:8:66:150:(38)ms throughput=27rps rr=37.04% cr=0.00% errors=0 total=2441
[1371492549.188652] latency=4:6:80:183:310:(107)ms throughput=36rps rr=72.22% cr=0.00% errors=0 total=2477
[1371492550.192634] latency=4:5:14:91:266:(63)ms throughput=33rps rr=42.42% cr=0.00% errors=0 total=2510
[1371492551.196642] latency=4:5:6:63:228:(44)ms throughput=28rps rr=39.29% cr=0.00% errors=0 total=2538
[1371492552.200665] latency=4:5:7:119:243:(60)ms throughput=33rps rr=39.39% cr=0.00% errors=0 total=2571
[1371492553.204669] latency=4:5:8:144:334:(74)ms throughput=48rps rr=41.67% cr=0.00% errors=0 total=2619
[1371492554.208655] latency=4:5:79:197:379:(109)ms throughput=35rps rr=57.14% cr=0.00% errors=0 total=2654
[1371492555.212659] latency=4:7:95:286:414:(142)ms throughput=34rps rr=58.82% cr=0.00% errors=0 total=2688
[1371492556.216653] latency=4:5:12:125:374:(75)ms throughput=39rps rr=51.28% cr=0.00% errors=0 total=2727
[1371492557.220654] latency=4:5:7:150:291:(80)ms throughput=28rps rr=42.86% cr=0.00% errors=0 total=2755
[1371492558.224668] latency=4:6:43:118:244:(68)ms throughput=39rps rr=58.97% cr=0.00% errors=0 total=2794
[1371492559.228638] latency=4:7:64:166:265:(91)ms throughput=31rps rr=74.19% cr=0.00% errors=0 total=2825
[1371492560.232661] latency=4:5:7:94:237:(56)ms throughput=23rps rr=39.13% cr=0.00% errors=0 total=2848
[1371492561.236654] latency=4:6:51:182:246:(82)ms throughput=26rps rr=53.85% cr=0.00% errors=0 total=2874
[1371492562.240667] latency=4:5:46:116:283:(74)ms throughput=28rps rr=53.57% cr=0.00% errors=0 total=2902
[1371492563.244655] latency=4:6:21:143:242:(74)ms throughput=41rps rr=51.22% cr=0.00% errors=0 total=2943
[1371492564.248694] latency=4:5:42:120:245:(71)ms throughput=28rps rr=57.14% cr=0.00% errors=0 total=2971
[1371492565.252650] latency=5:5:6:61:203:(46)ms throughput=25rps rr=36.00% cr=0.00% errors=0 total=2996
[1371492566.256652] latency=4:5:29:121:263:(71)ms throughput=30rps rr=50.00% cr=0.00% errors=0 total=3026
[1371492567.260660] latency=4:5:14:131:283:(73)ms throughput=30rps rr=50.00% cr=0.00% errors=0 total=3056
[1371492568.264657] latency=4:4:17:159:341:(89)ms throughput=45rps rr=51.11% cr=0.00% errors=0 total=3101
[1371492569.268655] latency=4:5:7:89:229:(55)ms throughput=34rps rr=38.24% cr=0.00% errors=0 total=3135
[1371492570.272657] latency=4:5:8:124:245:(57)ms throughput=25rps rr=44.00% cr=0.00% errors=0 total=3160
[1371492571.276656] latency=4:5:129:215:374:(132)ms throughput=23rps rr=65.22% cr=0.00% errors=0 total=3183
[1371492572.280647] latency=4:6:32:183:311:(89)ms throughput=36rps rr=55.56% cr=0.00% errors=0 total=3219
[1371492573.284655] latency=4:6:25:175:345:(99)ms throughput=33rps rr=57.58% cr=0.00% errors=0 total=3252
[1371492574.288667] latency=4:5:8:141:234:(65)ms throughput=24rps rr=41.67% cr=0.00% errors=0 total=3276
[1371492574.288853] set concurrency=400
[1371492575.396670] latency=4:6:14:68:637:(64)ms throughput=69rps rr=18.42% cr=0.00% errors=0 total=3352
[1371492576.400669] latency=4:8:66:173:2029:(258)ms throughput=62rps rr=24.19% cr=0.00% errors=0 total=3414
[1371492577.404647] latency=4:13:145:257:2369:(254)ms throughput=48rps rr=14.58% cr=0.00% errors=0 total=3462
[1371492578.408666] latency=4:16:116:399:3261:(508)ms throughput=49rps rr=22.45% cr=0.00% errors=0 total=3511
[1371492579.412642] latency=4:25:184:732:3757:(743)ms throughput=43rps rr=23.26% cr=0.00% errors=0 total=3554
[1371492580.416664] latency=4:31:233:1525:5607:(1031)ms throughput=53rps rr=32.08% cr=0.00% errors=0 total=3607
[1371492581.420665] latency=4:15:186:612:6025:(914)ms throughput=34rps rr=23.53% cr=0.00% errors=0 total=3641
[1371492582.424648] latency=4:32:316:607:7770:(1459)ms throughput=36rps rr=27.78% cr=0.00% errors=0 total=3677
[1371492583.428666] latency=5:139:392:921:8006:(1431)ms throughput=35rps rr=22.86% cr=0.00% errors=0 total=3712
[1371492584.432659] latency=6:143:459:2916:8849:(2036)ms throughput=39rps rr=33.33% cr=0.00% errors=0 total=3751
[1371492585.436663] latency=5:396:10001:10002:10002:(6417)ms throughput=52rps rr=9.62% cr=0.00% errors=30 total=3803
[1371492586.440660] latency=6:384:10001:10002:10002:(6226)ms throughput=64rps rr=12.50% cr=0.00% errors=34 total=3867
[1371492587.444629] latency=4:171:4581:10002:10002:(5100)ms throughput=61rps rr=11.48% cr=0.00% errors=28 total=3928
[1371492588.448661] latency=10:296:10001:10002:10002:(5917)ms throughput=52rps rr=5.77% cr=0.00% errors=29 total=3980
[1371492589.452632] latency=5:235:623:10001:10002:(4568)ms throughput=53rps rr=9.43% cr=0.00% errors=22 total=4033
[1371492590.456665] latency=7:277:2280:10001:10002:(4751)ms throughput=46rps rr=17.39% cr=0.00% errors=17 total=4079
[1371492591.460654] latency=4:464:10001:10001:10002:(5780)ms throughput=61rps rr=11.48% cr=0.00% errors=32 total=4140
[1371492592.464659] latency=6:256:897:10001:10002:(4449)ms throughput=52rps rr=19.23% cr=0.00% errors=18 total=4192
[1371492593.468669] latency=5:391:980:10001:10002:(4639)ms throughput=49rps rr=6.12% cr=0.00% errors=20 total=4241
[1371492594.472653] latency=5:115:441:10001:10002:(3465)ms throughput=57rps rr=1.75% cr=0.00% errors=18 total=4298
[1371492595.476665] latency=4:117:515:10000:10002:(3225)ms throughput=41rps rr=12.20% cr=0.00% errors=11 total=4339
[1371492596.480639] latency=10:501:10001:10002:10002:(6389)ms throughput=40rps rr=0.00% cr=0.00% errors=25 total=4379
[1371492597.484656] latency=5:634:1421:10001:10002:(5023)ms throughput=57rps rr=7.02% cr=0.00% errors=25 total=4436
[1371492598.488664] latency=5:444:10001:10002:10002:(5770)ms throughput=37rps rr=8.11% cr=0.00% errors=20 total=4473
[1371492599.492666] latency=5:575:9053:10002:10002:(5628)ms throughput=60rps rr=10.00% cr=0.00% errors=29 total=4533
[1371492600.496665] latency=5:345:1014:10002:10002:(4741)ms throughput=56rps rr=5.36% cr=0.00% errors=24 total=4589
[1371492601.500665] latency=6:555:9038:10001:10002:(5448)ms throughput=35rps rr=5.71% cr=0.00% errors=17 total=4624
[1371492602.504641] latency=16:531:6832:10002:10002:(5367)ms throughput=46rps rr=10.87% cr=0.00% errors=22 total=4670
[1371492603.508645] latency=5:469:1007:10001:10002:(4355)ms throughput=60rps rr=13.33% cr=0.00% errors=22 total=4730
[1371492604.512660] latency=4:150:721:10001:10002:(4098)ms throughput=53rps rr=9.43% cr=0.00% errors=18 total=4783
[1371492605.516661] latency=5:187:538:10001:10002:(3863)ms throughput=49rps rr=2.04% cr=0.00% errors=18 total=4832
[1371492606.520665] latency=8:521:4526:10002:10002:(5231)ms throughput=60rps rr=6.67% cr=0.00% errors=29 total=4892
[1371492607.524644] latency=4:282:1025:10002:10002:(4649)ms throughput=55rps rr=5.45% cr=0.00% errors=23 total=4947
[1371492608.528663] latency=4:280:832:10001:10002:(4115)ms throughput=49rps rr=10.20% cr=0.00% errors=18 total=4996
[1371492609.532662] latency=5:435:1351:10001:10002:(4812)ms throughput=48rps rr=8.33% cr=0.00% errors=21 total=5044
[1371492610.536655] latency=5:403:1128:10001:10002:(4690)ms throughput=57rps rr=3.51% cr=0.00% errors=25 total=5101
[1371492611.540653] latency=5:483:10000:10001:10002:(5907)ms throughput=48rps rr=6.25% cr=0.00% errors=26 total=5149
[1371492612.544655] latency=5:515:1269:10001:10002:(5192)ms throughput=43rps rr=4.65% cr=0.00% errors=21 total=5192
[1371492613.548668] latency=6:515:1113:10001:10002:(4244)ms throughput=43rps rr=6.98% cr=0.00% errors=16 total=5235
[1371492614.552660] latency=4:551:8767:10001:10002:(5616)ms throughput=52rps rr=11.54% cr=0.00% errors=26 total=5287
[1371492615.556654] latency=5:547:1411:10001:10002:(4782)ms throughput=60rps rr=1.67% cr=0.00% errors=26 total=5347
[1371492616.560661] latency=5:745:1837:10001:10002:(4830)ms throughput=46rps rr=2.17% cr=0.00% errors=19 total=5393
[1371492617.564634] latency=9:1284:10000:10002:10002:(6114)ms throughput=44rps rr=9.09% cr=0.00% errors=23 total=5437
[1371492618.568665] latency=5:811:2004:10001:10002:(4932)ms throughput=66rps rr=4.55% cr=0.00% errors=28 total=5503
[1371492619.572663] latency=5:413:1179:10001:10002:(4413)ms throughput=57rps rr=5.26% cr=0.00% errors=23 total=5560
[1371492620.576666] latency=6:816:10001:10001:10002:(6112)ms throughput=48rps rr=2.08% cr=0.00% errors=28 total=5608
[1371492621.580660] latency=5:404:1189:10001:10002:(4399)ms throughput=45rps rr=2.22% cr=0.00% errors=18 total=5653
[1371492622.584656] latency=6:677:1199:10001:10002:(3981)ms throughput=53rps rr=3.77% cr=0.00% errors=17 total=5706
[1371492623.588637] latency=9:685:1552:10001:10002:(4216)ms throughput=50rps rr=4.00% cr=0.00% errors=18 total=5756
[1371492624.592654] latency=5:699:1458:10001:10002:(5058)ms throughput=54rps rr=1.85% cr=0.00% errors=25 total=5810
[1371492625.596653] latency=10:553:1234:10001:10002:(4308)ms throughput=45rps rr=2.22% cr=0.00% errors=17 total=5855
[1371492626.600662] latency=9:1113:10001:10001:10002:(6638)ms throughput=46rps rr=6.52% cr=0.00% errors=28 total=5901
[1371492627.604634] latency=5:1168:10000:10002:10002:(6005)ms throughput=41rps rr=4.88% cr=0.00% errors=22 total=5942
[1371492628.608666] latency=5:1457:10001:10002:10002:(6828)ms throughput=20rps rr=0.00% cr=0.00% errors=13 total=5962
[1371492629.612658] latency=5:1866:10001:10002:10002:(6168)ms throughput=46rps rr=2.17% cr=0.00% errors=25 total=6008
[1371492630.616667] latency=316:2423:10001:10002:10002:(6436)ms throughput=41rps rr=2.44% cr=0.00% errors=23 total=6049
[1371492631.620660] latency=5:1927:10000:10001:10002:(6590)ms throughput=41rps rr=4.88% cr=0.00% errors=24 total=6090
[1371492632.624658] latency=356:10000:10001:10002:10002:(8326)ms throughput=31rps rr=6.45% cr=0.00% errors=24 total=6121
[1371492633.628669] latency=331:4188:10001:10002:10002:(7794)ms throughput=30rps rr=10.00% cr=0.00% errors=21 total=6151
[1371492634.632663] latency=42:1755:10001:10001:10002:(6498)ms throughput=37rps rr=2.70% cr=0.00% errors=20 total=6188
[1371492635.636667] latency=1009:10000:10001:10002:10002:(8693)ms throughput=38rps rr=2.63% cr=0.00% errors=30 total=6226
[1371492636.640654] latency=162:6096:10000:10002:10002:(7874)ms throughput=36rps rr=0.00% cr=0.00% errors=21 total=6262
[1371492637.644668] latency=534:6617:10001:10002:10002:(7956)ms throughput=28rps rr=0.00% cr=0.00% errors=18 total=6290
[1371492638.648668] latency=993:9999:10001:10002:10002:(8901)ms throughput=26rps rr=3.85% cr=0.00% errors=20 total=6316
[1371492639.652655] latency=799:10001:10002:10002:10002:(9035)ms throughput=33rps rr=3.03% cr=0.00% errors=27 total=6349
[1371492640.656662] latency=326:8060:10001:10002:10002:(7706)ms throughput=26rps rr=0.00% cr=0.00% errors=17 total=6375
[1371492641.660646] latency=125:9326:10001:10002:10002:(9132)ms throughput=27rps rr=0.00% cr=0.00% errors=20 total=6402
[1371492642.664673] latency=6:9354:10001:10002:10002:(8131)ms throughput=32rps rr=3.12% cr=0.00% errors=21 total=6434
[1371492643.668669] latency=417:9863:10001:10002:10002:(8681)ms throughput=35rps rr=2.86% cr=0.00% errors=25 total=6469
[1371492644.672667] latency=429:9884:10002:10002:10002:(8265)ms throughput=33rps rr=0.00% cr=0.00% errors=23 total=6502
[1371492645.676668] latency=5:10001:10001:10010:10012:(9083)ms throughput=42rps rr=0.00% cr=0.00% errors=37 total=6544
[1371492646.680663] latency=304:10001:10002:10002:10011:(9533)ms throughput=40rps rr=0.00% cr=0.00% errors=38 total=6584
[1371492647.684665] latency=535:10001:10002:10009:10011:(9165)ms throughput=32rps rr=0.00% cr=0.00% errors=28 total=6616
[1371492648.688663] latency=171:10001:10002:10010:10011:(9414)ms throughput=33rps rr=3.03% cr=0.00% errors=30 total=6649
[1371492649.692645] latency=5302:10001:10002:10009:10011:(9814)ms throughput=29rps rr=3.45% cr=0.00% errors=26 total=6678
[1371492650.696662] latency=213:10000:10002:10010:10011:(8663)ms throughput=36rps rr=0.00% cr=0.00% errors=28 total=6714
[1371492651.700641] latency=179:10001:10002:10009:10011:(9471)ms throughput=34rps rr=0.00% cr=0.00% errors=31 total=6748
[1371492652.704659] latency=556:10001:10002:10011:10011:(9603)ms throughput=27rps rr=0.00% cr=0.00% errors=23 total=6775
[1371492653.708669] latency=72:10001:10002:10009:10011:(9680)ms throughput=31rps rr=0.00% cr=0.00% errors=29 total=6806
[1371492654.712638] latency=10001:10002:10002:10011:10012:(10006)ms throughput=29rps rr=0.00% cr=0.00% errors=29 total=6835
[1371492655.716664] latency=10001:10001:10002:10009:10011:(10004)ms throughput=32rps rr=0.00% cr=0.00% errors=32 total=6867
[1371492656.720671] latency=10001:10002:10002:10011:10012:(10006)ms throughput=30rps rr=0.00% cr=0.00% errors=30 total=6897
[1371492657.724657] latency=10000:10001:10002:10010:10011:(10005)ms throughput=32rps rr=0.00% cr=0.00% errors=32 total=6929
[1371492658.728658] latency=9193:10002:10009:10010:10011:(9981)ms throughput=32rps rr=3.12% cr=0.00% errors=31 total=6961
[1371492659.732670] latency=10000:10002:10002:10011:10012:(10006)ms throughput=30rps rr=0.00% cr=0.00% errors=30 total=6991
[1371492660.736670] latency=11:10002:10009:10010:10011:(9659)ms throughput=36rps rr=0.00% cr=0.00% errors=32 total=7027
[1371492661.740671] latency=9152:10002:10009:10010:10011:(9975)ms throughput=27rps rr=0.00% cr=0.00% errors=26 total=7054
[1371492662.744666] latency=320:10001:10002:10010:10011:(9262)ms throughput=29rps rr=0.00% cr=0.00% errors=23 total=7083
[1371492663.748658] latency=1235:10001:10009:10010:10012:(9730)ms throughput=35rps rr=0.00% cr=0.00% errors=33 total=7118
[1371492664.752673] latency=1233:10001:10008:10010:10011:(9501)ms throughput=30rps rr=3.33% cr=0.00% errors=24 total=7148
[1371492665.756660] latency=10:10001:10002:10002:10011:(9535)ms throughput=36rps rr=0.00% cr=0.00% errors=31 total=7184
[1371492666.760671] latency=9371:10002:10009:10010:10012:(9985)ms throughput=29rps rr=0.00% cr=0.00% errors=28 total=7213
[1371492667.764663] latency=700:10002:10009:10011:10012:(9621)ms throughput=30rps rr=0.00% cr=0.00% errors=27 total=7243
[1371492668.768659] latency=8410:10001:10002:10010:10011:(9943)ms throughput=37rps rr=0.00% cr=0.00% errors=34 total=7280
[1371492669.772662] latency=1620:10001:10002:10010:10011:(9586)ms throughput=27rps rr=0.00% cr=0.00% errors=24 total=7307
[1371492670.776669] latency=49:10001:10002:10010:10011:(9020)ms throughput=34rps rr=2.94% cr=0.00% errors=27 total=7341
[1371492671.780665] latency=7874:10002:10002:10010:10011:(9944)ms throughput=35rps rr=0.00% cr=0.00% errors=34 total=7376
[1371492672.784666] latency=3094:10002:10002:10010:10012:(9774)ms throughput=30rps rr=0.00% cr=0.00% errors=29 total=7406
[1371492673.788639] latency=606:8199:10001:10009:10011:(8930)ms throughput=39rps rr=0.00% cr=0.00% errors=26 total=7445
[1371492673.788821] set concurrency=200
