Currently running VMs
2013-07-25 07:02:31.954+0000: 28567: info : libvirt version: 0.9.8
2013-07-25 07:02:31.954+0000: 28567: warning : xenHypervisorMakeCapabilities:2751 : Failed to get host power management capabilities
- Domain-0 weight=256 cap=0 vcpus=32
- rubbos-hvm weight=256 cap=287 vcpus=3 mac=aa:00:00:00:00:11
- rubis-hvm weight=256 cap=800 vcpus=8 mac=aa:00:00:00:00:10
New scheduling parameters:  weight=256 cap=800 vcpus=8
Currently running VMs
2013-07-25 07:02:42.919+0000: 28618: info : libvirt version: 0.9.8
2013-07-25 07:02:42.919+0000: 28618: warning : xenHypervisorMakeCapabilities:2751 : Failed to get host power management capabilities
- Domain-0 weight=256 cap=0 vcpus=32
- rubbos-hvm weight=256 cap=287 vcpus=3 mac=aa:00:00:00:00:11
- rubis-hvm weight=256 cap=800 vcpus=8 mac=aa:00:00:00:00:10
New scheduling parameters:  weight=256 cap=100 vcpus=1
Currently running VMs
2013-07-25 07:04:23.922+0000: 28766: info : libvirt version: 0.9.8
2013-07-25 07:04:23.922+0000: 28766: warning : xenHypervisorMakeCapabilities:2751 : Failed to get host power management capabilities
- Domain-0 weight=256 cap=0 vcpus=32
- rubbos-hvm weight=256 cap=287 vcpus=3 mac=aa:00:00:00:00:11
- rubis-hvm weight=256 cap=100 vcpus=1 mac=aa:00:00:00:00:10
New scheduling parameters:  weight=256 cap=150 vcpus=2
Currently running VMs
2013-07-25 07:06:04.836+0000: 28817: info : libvirt version: 0.9.8
2013-07-25 07:06:04.836+0000: 28817: warning : xenHypervisorMakeCapabilities:2751 : Failed to get host power management capabilities
- Domain-0 weight=256 cap=0 vcpus=32
- rubbos-hvm weight=256 cap=287 vcpus=3 mac=aa:00:00:00:00:11
- rubis-hvm weight=256 cap=150 vcpus=2 mac=aa:00:00:00:00:10
New scheduling parameters:  weight=256 cap=150 vcpus=2
Currently running VMs
2013-07-25 07:07:45.724+0000: 28865: info : libvirt version: 0.9.8
2013-07-25 07:07:45.724+0000: 28865: warning : xenHypervisorMakeCapabilities:2751 : Failed to get host power management capabilities
- Domain-0 weight=256 cap=0 vcpus=32
- rubbos-hvm weight=256 cap=287 vcpus=3 mac=aa:00:00:00:00:11
- rubis-hvm weight=256 cap=150 vcpus=2 mac=aa:00:00:00:00:10
New scheduling parameters:  weight=256 cap=100 vcpus=1
Currently running VMs
2013-07-25 07:09:26.621+0000: 28913: info : libvirt version: 0.9.8
2013-07-25 07:09:26.621+0000: 28913: warning : xenHypervisorMakeCapabilities:2751 : Failed to get host power management capabilities
- Domain-0 weight=256 cap=0 vcpus=32
- rubbos-hvm weight=256 cap=287 vcpus=3 mac=aa:00:00:00:00:11
- rubis-hvm weight=256 cap=100 vcpus=1 mac=aa:00:00:00:00:10
New scheduling parameters:  weight=256 cap=150 vcpus=2
Currently running VMs
2013-07-25 07:11:07.528+0000: 28961: info : libvirt version: 0.9.8
2013-07-25 07:11:07.528+0000: 28961: warning : xenHypervisorMakeCapabilities:2751 : Failed to get host power management capabilities
- Domain-0 weight=256 cap=0 vcpus=32
- rubbos-hvm weight=256 cap=287 vcpus=3 mac=aa:00:00:00:00:11
- rubis-hvm weight=256 cap=150 vcpus=2 mac=aa:00:00:00:00:10
New scheduling parameters:  weight=256 cap=100 vcpus=1
