[1374735752.916701] latency=nan:nan:nan:nan:nan:(-nan)ms throughput=0rps rr=-nan% cr=-nan% errors=0 total=0
[1374735753.920712] latency=nan:nan:nan:nan:nan:(-nan)ms throughput=0rps rr=-nan% cr=-nan% errors=0 total=0
[1374735754.924660] latency=nan:nan:nan:nan:nan:(-nan)ms throughput=0rps rr=-nan% cr=-nan% errors=0 total=0
[1374735755.928674] latency=nan:nan:nan:nan:nan:(-nan)ms throughput=0rps rr=-nan% cr=-nan% errors=0 total=0
[1374735756.932638] latency=nan:nan:nan:nan:nan:(-nan)ms throughput=0rps rr=-nan% cr=-nan% errors=0 total=0
[1374735757.936686] latency=nan:nan:nan:nan:nan:(-nan)ms throughput=0rps rr=-nan% cr=-nan% errors=0 total=0
[1374735758.940656] latency=nan:nan:nan:nan:nan:(-nan)ms throughput=0rps rr=-nan% cr=-nan% errors=0 total=0
[1374735759.944645] latency=nan:nan:nan:nan:nan:(-nan)ms throughput=0rps rr=-nan% cr=-nan% errors=0 total=0
[1374735760.948631] latency=nan:nan:nan:nan:nan:(-nan)ms throughput=0rps rr=-nan% cr=-nan% errors=0 total=0
[1374735761.952686] latency=nan:nan:nan:nan:nan:(-nan)ms throughput=0rps rr=-nan% cr=-nan% errors=0 total=0
[1374735762.956706] latency=nan:nan:nan:nan:nan:(-nan)ms throughput=0rps rr=-nan% cr=-nan% errors=0 total=0
[1374735762.957007] set thinktime=3.000000
[1374735762.957075] set concurrency=100
[1374735764.008686] latency=5:11:11:13:133:(22)ms throughput=29rps rr=6.67% cr=0.00% errors=0 total=30
[1374735765.012644] latency=96:96:206:454:701:(334)ms throughput=3rps rr=33.33% cr=0.00% errors=0 total=33
[1374735766.016627] latency=105:473:630:854:1662:(706)ms throughput=11rps rr=36.36% cr=0.00% errors=0 total=44
[1374735767.020635] latency=15:308:394:1010:2830:(815)ms throughput=11rps rr=36.36% cr=0.00% errors=0 total=55
[1374735768.024620] latency=4:29:347:742:3611:(771)ms throughput=22rps rr=22.73% cr=0.00% errors=0 total=77
[1374735769.028656] latency=6:36:274:395:4493:(856)ms throughput=25rps rr=24.00% cr=0.00% errors=0 total=102
[1374735770.032621] latency=6:9:65:281:5719:(507)ms throughput=22rps rr=9.09% cr=0.00% errors=0 total=124
[1374735771.036640] latency=4:7:96:371:6814:(1391)ms throughput=26rps rr=23.08% cr=0.00% errors=0 total=150
[1374735772.040617] latency=4:8:27:151:7144:(928)ms throughput=38rps rr=13.16% cr=0.00% errors=0 total=188
[1374735773.044695] latency=4:13:42:6317:8740:(2229)ms throughput=56rps rr=30.36% cr=0.00% errors=0 total=244
[1374735774.048679] latency=4:5:7:15:8393:(885)ms throughput=45rps rr=13.33% cr=0.00% errors=0 total=289
[1374735775.052655] latency=4:4:5:7:12:(6)ms throughput=29rps rr=0.00% cr=0.00% errors=0 total=318
[1374735776.056665] latency=4:4:5:7:17:(6)ms throughput=31rps rr=0.00% cr=0.00% errors=0 total=349
[1374735777.060665] latency=4:5:6:10:16:(7)ms throughput=35rps rr=0.00% cr=0.00% errors=0 total=384
[1374735778.064664] latency=4:5:5:7:11:(6)ms throughput=18rps rr=0.00% cr=0.00% errors=0 total=402
[1374735779.068654] latency=4:5:9:11:22:(9)ms throughput=32rps rr=0.00% cr=0.00% errors=0 total=434
[1374735780.072632] latency=4:4:6:10:21:(7)ms throughput=32rps rr=0.00% cr=0.00% errors=0 total=466
[1374735781.076664] latency=4:5:7:11:18:(8)ms throughput=21rps rr=0.00% cr=0.00% errors=0 total=487
[1374735782.080666] latency=4:4:6:10:18:(8)ms throughput=30rps rr=0.00% cr=0.00% errors=0 total=517
[1374735783.084654] latency=3:5:6:10:23:(7)ms throughput=33rps rr=0.00% cr=0.00% errors=0 total=550
[1374735784.088677] latency=4:5:8:15:84:(18)ms throughput=34rps rr=0.00% cr=0.00% errors=0 total=584
[1374735785.092643] latency=4:5:7:10:17:(8)ms throughput=35rps rr=0.00% cr=0.00% errors=0 total=619
[1374735786.096663] latency=4:4:5:10:15:(7)ms throughput=26rps rr=0.00% cr=0.00% errors=0 total=645
[1374735787.100652] latency=4:4:5:8:15:(6)ms throughput=32rps rr=0.00% cr=0.00% errors=0 total=677
[1374735788.104632] latency=3:4:7:10:15:(8)ms throughput=36rps rr=0.00% cr=0.00% errors=0 total=713
[1374735789.108631] latency=3:5:7:10:161:(16)ms throughput=27rps rr=7.41% cr=0.00% errors=0 total=740
[1374735790.112666] latency=4:5:7:11:168:(16)ms throughput=23rps rr=8.70% cr=0.00% errors=0 total=763
[1374735791.116619] latency=3:5:7:17:181:(30)ms throughput=29rps rr=20.69% cr=0.00% errors=0 total=792
[1374735792.120641] latency=4:6:8:16:130:(23)ms throughput=29rps rr=17.24% cr=0.00% errors=0 total=821
[1374735793.124655] latency=3:7:15:159:707:(106)ms throughput=31rps rr=35.48% cr=0.00% errors=0 total=852
[1374735794.128630] latency=5:8:28:49:1198:(116)ms throughput=29rps rr=10.34% cr=0.00% errors=0 total=881
[1374735795.132634] latency=4:7:14:59:1548:(96)ms throughput=26rps rr=7.69% cr=0.00% errors=0 total=907
[1374735796.136636] latency=4:11:52:1502:2761:(684)ms throughput=36rps rr=38.89% cr=0.00% errors=0 total=943
[1374735797.140652] latency=4:7:9:36:2882:(585)ms throughput=34rps rr=23.53% cr=0.00% errors=0 total=977
[1374735798.144643] latency=3:5:7:14:940:(85)ms throughput=39rps rr=12.82% cr=0.00% errors=0 total=1016
[1374735799.148665] latency=3:4:5:8:66:(8)ms throughput=32rps rr=3.12% cr=0.00% errors=0 total=1048
[1374735800.152644] latency=4:5:5:9:20:(7)ms throughput=24rps rr=0.00% cr=0.00% errors=0 total=1072
[1374735801.156679] latency=3:5:5:8:31:(7)ms throughput=39rps rr=2.56% cr=0.00% errors=0 total=1111
[1374735802.160666] latency=4:5:6:10:14:(7)ms throughput=32rps rr=0.00% cr=0.00% errors=0 total=1143
[1374735803.164665] latency=4:5:7:10:29:(9)ms throughput=34rps rr=0.00% cr=0.00% errors=0 total=1177
[1374735804.168686] latency=4:5:5:8:17:(7)ms throughput=28rps rr=0.00% cr=0.00% errors=0 total=1205
[1374735805.180687] latency=4:5:6:11:26:(8)ms throughput=36rps rr=0.00% cr=0.00% errors=0 total=1241
[1374735806.184680] latency=3:5:7:10:142:(12)ms throughput=40rps rr=2.50% cr=0.00% errors=0 total=1281
[1374735807.188688] latency=4:5:6:10:122:(13)ms throughput=36rps rr=5.56% cr=0.00% errors=0 total=1317
[1374735808.192633] latency=4:5:8:20:467:(54)ms throughput=38rps rr=18.42% cr=0.00% errors=0 total=1355
[1374735809.196661] latency=4:6:7:10:321:(35)ms throughput=34rps rr=14.71% cr=0.00% errors=0 total=1389
[1374735810.200633] latency=3:6:9:28:586:(99)ms throughput=27rps rr=25.93% cr=0.00% errors=0 total=1416
[1374735811.204665] latency=4:7:9:18:665:(57)ms throughput=42rps rr=14.29% cr=0.00% errors=0 total=1458
[1374735812.208624] latency=3:7:12:87:324:(68)ms throughput=26rps rr=26.92% cr=0.00% errors=0 total=1484
[1374735813.212640] latency=4:5:9:118:462:(79)ms throughput=26rps rr=26.92% cr=0.00% errors=0 total=1510
[1374735814.216614] latency=4:5:8:13:154:(14)ms throughput=32rps rr=9.38% cr=0.00% errors=0 total=1542
[1374735815.220612] latency=4:7:26:70:748:(100)ms throughput=43rps rr=30.23% cr=0.00% errors=0 total=1585
[1374735816.224610] latency=3:5:7:15:263:(32)ms throughput=42rps rr=21.43% cr=0.00% errors=0 total=1627
[1374735817.228609] latency=3:5:7:15:431:(46)ms throughput=37rps rr=16.22% cr=0.00% errors=0 total=1664
[1374735818.232623] latency=4:7:17:57:658:(76)ms throughput=32rps rr=15.62% cr=0.00% errors=0 total=1696
[1374735819.236621] latency=4:9:15:56:1580:(264)ms throughput=32rps rr=21.88% cr=0.00% errors=0 total=1728
[1374735820.240616] latency=4:7:34:86:2090:(368)ms throughput=25rps rr=20.00% cr=0.00% errors=0 total=1753
[1374735821.244619] latency=3:6:9:57:1926:(322)ms throughput=46rps rr=21.74% cr=0.00% errors=0 total=1799
[1374735822.248614] latency=4:5:7:12:254:(24)ms throughput=37rps rr=8.11% cr=0.00% errors=0 total=1836
[1374735823.252638] latency=4:5:6:10:215:(15)ms throughput=29rps rr=3.45% cr=0.00% errors=0 total=1865
[1374735824.256641] latency=4:4:5:6:28:(6)ms throughput=33rps rr=0.00% cr=0.00% errors=0 total=1898
[1374735825.260642] latency=3:4:7:11:43:(9)ms throughput=37rps rr=0.00% cr=0.00% errors=0 total=1935
[1374735826.264651] latency=4:5:5:10:25:(8)ms throughput=22rps rr=0.00% cr=0.00% errors=0 total=1957
[1374735827.268625] latency=4:5:7:10:27:(9)ms throughput=31rps rr=0.00% cr=0.00% errors=0 total=1988
[1374735828.272807] latency=3:5:7:11:138:(12)ms throughput=33rps rr=3.03% cr=0.00% errors=0 total=2021
[1374735829.276643] latency=4:4:5:7:18:(6)ms throughput=26rps rr=0.00% cr=0.00% errors=0 total=2047
[1374735830.280792] latency=3:5:7:12:122:(13)ms throughput=41rps rr=2.44% cr=0.00% errors=0 total=2088
[1374735831.284628] latency=4:5:6:8:140:(12)ms throughput=34rps rr=2.94% cr=0.00% errors=0 total=2122
[1374735832.288637] latency=3:5:6:11:19:(8)ms throughput=33rps rr=0.00% cr=0.00% errors=0 total=2155
[1374735833.292608] latency=4:4:5:11:51:(9)ms throughput=30rps rr=0.00% cr=0.00% errors=0 total=2185
[1374735834.296637] latency=3:5:7:24:234:(34)ms throughput=29rps rr=13.79% cr=0.00% errors=0 total=2214
[1374735835.300610] latency=3:4:13:35:190:(27)ms throughput=30rps rr=3.33% cr=0.00% errors=0 total=2244
[1374735836.304610] latency=4:5:12:26:631:(56)ms throughput=36rps rr=16.67% cr=0.00% errors=0 total=2280
[1374735837.308675] latency=3:7:15:250:655:(138)ms throughput=26rps rr=34.62% cr=0.00% errors=0 total=2306
[1374735838.312645] latency=4:5:7:26:453:(49)ms throughput=27rps rr=18.52% cr=0.00% errors=0 total=2333
[1374735839.316632] latency=4:5:8:24:1007:(135)ms throughput=33rps rr=24.24% cr=0.00% errors=0 total=2366
[1374735840.320629] latency=4:7:14:106:506:(78)ms throughput=24rps rr=37.50% cr=0.00% errors=0 total=2390
[1374735841.324626] latency=5:8:16:53:1315:(166)ms throughput=28rps rr=17.86% cr=0.00% errors=0 total=2418
[1374735842.328630] latency=5:7:18:47:1651:(225)ms throughput=35rps rr=17.14% cr=0.00% errors=0 total=2453
[1374735843.332632] latency=4:8:12:72:1705:(245)ms throughput=36rps rr=25.00% cr=0.00% errors=0 total=2489
[1374735844.336628] latency=4:5:7:16:1543:(108)ms throughput=42rps rr=19.05% cr=0.00% errors=0 total=2531
[1374735845.340630] latency=4:5:9:11:101:(16)ms throughput=25rps rr=8.00% cr=0.00% errors=0 total=2556
[1374735846.344672] latency=4:4:5:9:208:(14)ms throughput=29rps rr=3.45% cr=0.00% errors=0 total=2585
[1374735847.348663] latency=4:5:6:7:70:(9)ms throughput=27rps rr=3.70% cr=0.00% errors=0 total=2612
[1374735848.352670] latency=4:5:7:11:18:(8)ms throughput=46rps rr=0.00% cr=0.00% errors=0 total=2658
[1374735849.356672] latency=3:5:7:10:80:(11)ms throughput=28rps rr=3.57% cr=0.00% errors=0 total=2686
[1374735850.360628] latency=4:5:6:9:160:(12)ms throughput=31rps rr=3.23% cr=0.00% errors=0 total=2717
[1374735851.364669] latency=4:4:5:7:15:(7)ms throughput=26rps rr=0.00% cr=0.00% errors=0 total=2743
[1374735852.368627] latency=4:5:6:10:20:(8)ms throughput=36rps rr=0.00% cr=0.00% errors=0 total=2779
[1374735853.372634] latency=3:4:6:9:95:(11)ms throughput=31rps rr=3.23% cr=0.00% errors=0 total=2810
[1374735854.376629] latency=4:5:7:10:328:(29)ms throughput=36rps rr=8.33% cr=0.00% errors=0 total=2846
[1374735855.380628] latency=3:5:7:14:430:(34)ms throughput=36rps rr=8.33% cr=0.00% errors=0 total=2882
[1374735856.396627] latency=3:6:9:38:306:(46)ms throughput=24rps rr=16.67% cr=0.00% errors=0 total=2906
[1374735857.400635] latency=3:4:5:10:592:(50)ms throughput=35rps rr=8.57% cr=0.00% errors=0 total=2941
[1374735858.404668] latency=4:4:5:11:17:(8)ms throughput=24rps rr=0.00% cr=0.00% errors=0 total=2965
[1374735859.408628] latency=3:4:7:10:467:(57)ms throughput=26rps rr=15.38% cr=0.00% errors=0 total=2991
[1374735860.412668] latency=4:5:6:11:92:(11)ms throughput=27rps rr=3.70% cr=0.00% errors=0 total=3018
[1374735861.416633] latency=4:5:11:24:390:(64)ms throughput=33rps rr=21.21% cr=0.00% errors=0 total=3051
[1374735862.420630] latency=3:4:8:25:312:(35)ms throughput=29rps rr=13.79% cr=0.00% errors=0 total=3080
[1374735863.424628] latency=3:5:6:11:190:(16)ms throughput=33rps rr=6.06% cr=0.00% errors=0 total=3113
[1374735864.428679] latency=6:8:10:101:556:(97)ms throughput=20rps rr=25.00% cr=0.00% errors=0 total=3133
[1374735865.432641] latency=3:7:13:34:598:(66)ms throughput=41rps rr=24.39% cr=0.00% errors=0 total=3174
[1374735866.436670] latency=4:5:8:28:173:(34)ms throughput=25rps rr=16.00% cr=0.00% errors=0 total=3199
[1374735867.440649] latency=4:5:5:10:194:(19)ms throughput=33rps rr=15.15% cr=0.00% errors=0 total=3232
[1374735868.444630] latency=3:8:30:99:318:(76)ms throughput=32rps rr=31.25% cr=0.00% errors=0 total=3264
[1374735869.448641] latency=4:5:11:24:305:(45)ms throughput=24rps rr=16.67% cr=0.00% errors=0 total=3288
[1374735870.452629] latency=3:5:11:34:400:(66)ms throughput=31rps rr=22.58% cr=0.00% errors=0 total=3319
[1374735871.456643] latency=4:5:10:88:544:(73)ms throughput=28rps rr=17.86% cr=0.00% errors=0 total=3347
[1374735872.460631] latency=6:16:75:286:1161:(260)ms throughput=33rps rr=30.30% cr=0.00% errors=0 total=3380
[1374735873.464635] latency=3:12:53:113:1708:(263)ms throughput=36rps rr=19.44% cr=0.00% errors=0 total=3416
[1374735874.468670] latency=4:11:29:644:2259:(427)ms throughput=44rps rr=29.55% cr=0.00% errors=0 total=3460
[1374735875.472629] latency=4:5:8:32:1326:(91)ms throughput=45rps rr=17.78% cr=0.00% errors=0 total=3505
[1374735876.476667] latency=4:4:5:7:165:(11)ms throughput=41rps rr=2.44% cr=0.00% errors=0 total=3546
[1374735877.480626] latency=4:4:5:7:13:(6)ms throughput=23rps rr=0.00% cr=0.00% errors=0 total=3569
[1374735878.484635] latency=4:5:5:6:11:(6)ms throughput=38rps rr=0.00% cr=0.00% errors=0 total=3607
[1374735879.488669] latency=4:4:5:8:14:(7)ms throughput=24rps rr=0.00% cr=0.00% errors=0 total=3631
[1374735880.492668] latency=4:5:5:7:14:(6)ms throughput=45rps rr=0.00% cr=0.00% errors=0 total=3676
[1374735881.496621] latency=4:5:5:7:13:(7)ms throughput=20rps rr=0.00% cr=0.00% errors=0 total=3696
[1374735882.500620] latency=3:5:7:11:102:(15)ms throughput=25rps rr=8.00% cr=0.00% errors=0 total=3721
[1374735883.504640] latency=4:5:7:14:183:(32)ms throughput=26rps rr=19.23% cr=0.00% errors=0 total=3747
[1374735884.508629] latency=3:4:5:7:170:(24)ms throughput=23rps rr=17.39% cr=0.00% errors=0 total=3770
[1374735885.512632] latency=4:6:10:43:248:(34)ms throughput=28rps rr=25.00% cr=0.00% errors=0 total=3798
[1374735886.516638] latency=3:7:23:144:530:(89)ms throughput=29rps rr=37.93% cr=0.00% errors=0 total=3827
[1374735887.520626] latency=3:5:8:61:348:(46)ms throughput=29rps rr=24.14% cr=0.00% errors=0 total=3856
[1374735888.524639] latency=4:7:19:127:282:(72)ms throughput=28rps rr=39.29% cr=0.00% errors=0 total=3884
[1374735889.528673] latency=4:5:8:69:343:(57)ms throughput=21rps rr=23.81% cr=0.00% errors=0 total=3905
[1374735890.532629] latency=4:8:62:152:804:(190)ms throughput=21rps rr=28.57% cr=0.00% errors=0 total=3926
[1374735891.536629] latency=6:22:84:689:1763:(370)ms throughput=22rps rr=27.27% cr=0.00% errors=0 total=3948
[1374735892.540631] latency=7:43:77:162:2650:(509)ms throughput=35rps rr=22.86% cr=0.00% errors=0 total=3983
[1374735893.544627] latency=4:40:117:1376:3559:(827)ms throughput=30rps rr=33.33% cr=0.00% errors=0 total=4013
[1374735894.548669] latency=4:7:13:1459:3487:(693)ms throughput=54rps rr=29.63% cr=0.00% errors=0 total=4067
[1374735895.552669] latency=4:5:5:7:61:(8)ms throughput=32rps rr=0.00% cr=0.00% errors=0 total=4099
[1374735896.556627] latency=4:4:5:7:33:(7)ms throughput=24rps rr=0.00% cr=0.00% errors=0 total=4123
[1374735897.560673] latency=4:5:5:11:196:(13)ms throughput=33rps rr=3.03% cr=0.00% errors=0 total=4156
[1374735898.564668] latency=4:4:5:7:22:(6)ms throughput=31rps rr=0.00% cr=0.00% errors=0 total=4187
[1374735899.568672] latency=4:5:5:7:15:(6)ms throughput=40rps rr=0.00% cr=0.00% errors=0 total=4227
[1374735900.572667] latency=4:5:6:11:62:(10)ms throughput=39rps rr=0.00% cr=0.00% errors=0 total=4266
[1374735901.576676] latency=4:5:5:8:13:(7)ms throughput=37rps rr=0.00% cr=0.00% errors=0 total=4303
[1374735902.580687] latency=4:4:5:5:13:(6)ms throughput=32rps rr=0.00% cr=0.00% errors=0 total=4335
[1374735903.584666] latency=4:4:5:7:13:(6)ms throughput=31rps rr=0.00% cr=0.00% errors=0 total=4366
[1374735904.588670] latency=4:5:5:9:15:(7)ms throughput=26rps rr=0.00% cr=0.00% errors=0 total=4392
[1374735905.592675] latency=4:4:5:6:179:(10)ms throughput=42rps rr=4.76% cr=0.00% errors=0 total=4434
[1374735906.596626] latency=4:5:5:8:188:(14)ms throughput=39rps rr=5.13% cr=0.00% errors=0 total=4473
[1374735907.600626] latency=4:5:7:13:89:(15)ms throughput=30rps rr=3.33% cr=0.00% errors=0 total=4503
[1374735908.604666] latency=4:6:8:77:343:(57)ms throughput=29rps rr=24.14% cr=0.00% errors=0 total=4532
[1374735909.608632] latency=4:5:6:13:273:(28)ms throughput=30rps rr=13.33% cr=0.00% errors=0 total=4562
[1374735910.612628] latency=4:9:20:173:751:(119)ms throughput=39rps rr=30.77% cr=0.00% errors=0 total=4601
[1374735911.616672] latency=4:5:5:11:173:(24)ms throughput=27rps rr=14.81% cr=0.00% errors=0 total=4628
[1374735912.620628] latency=3:5:6:9:259:(26)ms throughput=39rps rr=10.26% cr=0.00% errors=0 total=4667
[1374735913.624633] latency=3:8:13:86:371:(69)ms throughput=38rps rr=23.68% cr=0.00% errors=0 total=4705
[1374735914.628626] latency=3:5:14:64:441:(61)ms throughput=39rps rr=28.21% cr=0.00% errors=0 total=4744
[1374735915.632627] latency=4:5:8:49:552:(85)ms throughput=32rps rr=21.88% cr=0.00% errors=0 total=4776
[1374735916.636674] latency=3:8:21:109:338:(71)ms throughput=35rps rr=34.29% cr=0.00% errors=0 total=4811
[1374735917.640630] latency=4:5:5:10:245:(22)ms throughput=32rps rr=12.50% cr=0.00% errors=0 total=4843
[1374735918.644635] latency=4:6:8:50:252:(44)ms throughput=22rps rr=18.18% cr=0.00% errors=0 total=4865
[1374735919.648627] latency=5:8:15:99:1087:(166)ms throughput=31rps rr=25.81% cr=0.00% errors=0 total=4896
[1374735920.652631] latency=5:9:79:457:1497:(337)ms throughput=27rps rr=33.33% cr=0.00% errors=0 total=4923
[1374735921.656671] latency=3:13:48:1236:1740:(484)ms throughput=24rps rr=33.33% cr=0.00% errors=0 total=4947
[1374735922.660627] latency=5:15:91:154:2505:(345)ms throughput=38rps rr=26.32% cr=0.00% errors=0 total=4985
[1374735923.664666] latency=4:5:8:67:2615:(401)ms throughput=43rps rr=25.58% cr=0.00% errors=0 total=5028
[1374735924.668672] latency=4:4:5:6:117:(9)ms throughput=29rps rr=3.45% cr=0.00% errors=0 total=5057
[1374735925.672668] latency=4:5:6:8:13:(6)ms throughput=40rps rr=0.00% cr=0.00% errors=0 total=5097
[1374735926.676663] latency=4:4:5:7:56:(7)ms throughput=35rps rr=2.86% cr=0.00% errors=0 total=5132
[1374735927.680666] latency=4:5:5:5:34:(8)ms throughput=22rps rr=0.00% cr=0.00% errors=0 total=5154
[1374735928.684665] latency=4:4:5:6:12:(6)ms throughput=42rps rr=0.00% cr=0.00% errors=0 total=5196
[1374735929.688668] latency=4:5:5:6:9:(6)ms throughput=31rps rr=0.00% cr=0.00% errors=0 total=5227
[1374735930.692660] latency=4:5:5:5:22:(6)ms throughput=31rps rr=0.00% cr=0.00% errors=0 total=5258
[1374735931.696666] latency=4:5:5:6:149:(10)ms throughput=32rps rr=3.12% cr=0.00% errors=0 total=5290
[1374735932.700664] latency=4:5:5:5:132:(9)ms throughput=32rps rr=3.12% cr=0.00% errors=0 total=5322
[1374735933.704638] latency=4:5:5:6:106:(11)ms throughput=43rps rr=6.98% cr=0.00% errors=0 total=5365
[1374735934.708673] latency=4:5:6:7:97:(9)ms throughput=28rps rr=3.57% cr=0.00% errors=0 total=5393
[1374735935.712666] latency=4:5:6:16:118:(24)ms throughput=29rps rr=24.14% cr=0.00% errors=0 total=5422
[1374735936.716629] latency=4:6:23:52:477:(72)ms throughput=22rps rr=31.82% cr=0.00% errors=0 total=5444
[1374735937.720631] latency=4:14:62:472:817:(240)ms throughput=25rps rr=36.00% cr=0.00% errors=0 total=5469
[1374735938.724628] latency=6:13:33:328:1713:(368)ms throughput=33rps rr=27.27% cr=0.00% errors=0 total=5502
[1374735939.728667] latency=4:5:7:464:1663:(260)ms throughput=32rps rr=28.12% cr=0.00% errors=0 total=5534
[1374735940.732629] latency=4:5:5:8:119:(16)ms throughput=32rps rr=15.62% cr=0.00% errors=0 total=5566
[1374735941.736669] latency=4:5:5:7:160:(15)ms throughput=26rps rr=7.69% cr=0.00% errors=0 total=5592
[1374735942.740615] latency=4:5:5:7:100:(10)ms throughput=41rps rr=7.32% cr=0.00% errors=0 total=5633
[1374735943.744663] latency=4:5:5:7:8:(6)ms throughput=41rps rr=2.44% cr=0.00% errors=0 total=5674
[1374735944.748624] latency=4:4:5:5:21:(6)ms throughput=35rps rr=2.86% cr=0.00% errors=0 total=5709
[1374735945.752585] latency=4:5:6:7:54:(9)ms throughput=25rps rr=4.00% cr=0.00% errors=0 total=5734
[1374735946.756619] latency=4:5:5:7:150:(13)ms throughput=38rps rr=7.89% cr=0.00% errors=0 total=5772
[1374735947.760662] latency=4:5:5:6:81:(9)ms throughput=29rps rr=6.90% cr=0.00% errors=0 total=5801
[1374735948.764621] latency=4:5:5:7:147:(15)ms throughput=35rps rr=5.71% cr=0.00% errors=0 total=5836
[1374735949.768665] latency=4:5:6:8:207:(24)ms throughput=29rps rr=10.34% cr=0.00% errors=0 total=5865
[1374735950.772672] latency=4:6:8:48:431:(63)ms throughput=27rps rr=33.33% cr=0.00% errors=0 total=5892
[1374735951.776624] latency=3:5:8:34:290:(41)ms throughput=35rps rr=17.14% cr=0.00% errors=0 total=5927
[1374735952.780638] latency=4:5:6:117:340:(66)ms throughput=25rps rr=32.00% cr=0.00% errors=0 total=5952
[1374735953.784628] latency=4:5:9:50:508:(72)ms throughput=35rps rr=22.86% cr=0.00% errors=0 total=5987
[1374735954.788624] latency=4:6:9:69:334:(61)ms throughput=25rps rr=24.00% cr=0.00% errors=0 total=6012
[1374735955.792625] latency=4:9:36:90:387:(82)ms throughput=37rps rr=37.84% cr=0.00% errors=0 total=6049
[1374735956.796666] latency=4:6:21:125:347:(94)ms throughput=31rps rr=41.94% cr=0.00% errors=0 total=6080
[1374735957.800628] latency=6:15:57:76:732:(108)ms throughput=19rps rr=26.32% cr=0.00% errors=0 total=6099
[1374735958.804625] latency=7:15:32:113:1658:(210)ms throughput=16rps rr=18.75% cr=0.00% errors=0 total=6115
[1374735959.808626] latency=8:67:154:1049:2740:(659)ms throughput=36rps rr=38.89% cr=0.00% errors=0 total=6151
[1374735960.812629] latency=5:17:78:530:3526:(777)ms throughput=33rps rr=27.27% cr=0.00% errors=0 total=6184
[1374735961.816626] latency=5:13:128:2792:4214:(1223)ms throughput=27rps rr=44.44% cr=0.00% errors=0 total=6211
[1374735962.820662] latency=4:5:6:70:3703:(596)ms throughput=37rps rr=27.03% cr=0.00% errors=0 total=6248
[1374735963.824663] latency=4:4:5:8:31:(8)ms throughput=33rps rr=0.00% cr=0.00% errors=0 total=6281
[1374735964.828700] latency=4:4:5:6:11:(5)ms throughput=34rps rr=0.00% cr=0.00% errors=0 total=6315
[1374735965.832708] latency=4:5:5:7:9:(5)ms throughput=37rps rr=0.00% cr=0.00% errors=0 total=6352
[1374735966.836642] latency=4:5:5:6:9:(6)ms throughput=26rps rr=0.00% cr=0.00% errors=0 total=6378
[1374735967.840664] latency=4:5:5:6:10:(6)ms throughput=38rps rr=0.00% cr=0.00% errors=0 total=6416
[1374735968.844667] latency=4:4:5:6:51:(9)ms throughput=39rps rr=0.00% cr=0.00% errors=0 total=6455
[1374735969.848665] latency=4:4:5:6:8:(5)ms throughput=26rps rr=0.00% cr=0.00% errors=0 total=6481
[1374735970.852660] latency=4:4:5:6:10:(5)ms throughput=37rps rr=0.00% cr=0.00% errors=0 total=6518
[1374735971.856662] latency=4:5:5:7:177:(11)ms throughput=31rps rr=3.23% cr=0.00% errors=0 total=6549
[1374735972.860667] latency=4:4:5:5:9:(5)ms throughput=31rps rr=0.00% cr=0.00% errors=0 total=6580
[1374735973.864666] latency=4:5:6:7:141:(12)ms throughput=32rps rr=6.25% cr=0.00% errors=0 total=6612
[1374735974.868667] latency=4:4:5:8:151:(14)ms throughput=39rps rr=7.69% cr=0.00% errors=0 total=6651
[1374735975.872662] latency=4:5:5:6:12:(6)ms throughput=41rps rr=0.00% cr=0.00% errors=0 total=6692
[1374735976.876583] latency=4:5:5:6:115:(11)ms throughput=22rps rr=9.09% cr=0.00% errors=0 total=6714
[1374735977.880625] latency=4:5:5:6:158:(10)ms throughput=36rps rr=2.78% cr=0.00% errors=0 total=6750
[1374735978.884621] latency=3:4:5:7:58:(9)ms throughput=44rps rr=9.09% cr=0.00% errors=0 total=6794
[1374735979.888621] latency=3:5:5:13:187:(29)ms throughput=24rps rr=20.83% cr=0.00% errors=0 total=6818
[1374735980.892627] latency=3:5:9:69:245:(40)ms throughput=29rps rr=17.24% cr=0.00% errors=0 total=6847
[1374735981.896626] latency=6:15:36:414:1147:(252)ms throughput=24rps rr=37.50% cr=0.00% errors=0 total=6871
[1374735982.900632] latency=4:21:108:162:1990:(242)ms throughput=24rps rr=33.33% cr=0.00% errors=0 total=6895
[1374735983.904625] latency=6:27:75:1711:2711:(743)ms throughput=25rps rr=36.00% cr=0.00% errors=0 total=6920
[1374735984.908641] latency=5:16:98:1930:3290:(885)ms throughput=32rps rr=34.38% cr=0.00% errors=0 total=6952
[1374735985.912630] latency=4:12:58:107:4182:(435)ms throughput=28rps rr=14.29% cr=0.00% errors=0 total=6980
[1374735986.916622] latency=4:5:16:3007:4384:(1142)ms throughput=41rps rr=36.59% cr=0.00% errors=0 total=7021
[1374735987.920622] latency=4:5:5:6:134:(9)ms throughput=44rps rr=2.27% cr=0.00% errors=0 total=7065
[1374735988.924635] latency=4:4:5:7:11:(6)ms throughput=30rps rr=0.00% cr=0.00% errors=0 total=7095
[1374735989.928669] latency=4:5:5:7:12:(6)ms throughput=24rps rr=0.00% cr=0.00% errors=0 total=7119
[1374735990.932622] latency=4:5:5:5:10:(5)ms throughput=33rps rr=0.00% cr=0.00% errors=0 total=7152
[1374735991.936662] latency=4:5:5:6:9:(6)ms throughput=42rps rr=0.00% cr=0.00% errors=0 total=7194
[1374735992.940665] latency=4:5:5:6:8:(5)ms throughput=42rps rr=0.00% cr=0.00% errors=0 total=7236
[1374735993.944663] latency=4:5:5:6:8:(5)ms throughput=24rps rr=0.00% cr=0.00% errors=0 total=7260
[1374735994.948658] latency=4:5:5:7:78:(8)ms throughput=30rps rr=3.33% cr=0.00% errors=0 total=7290
[1374735995.952658] latency=4:5:5:5:14:(5)ms throughput=30rps rr=0.00% cr=0.00% errors=0 total=7320
[1374735996.956635] latency=3:4:5:7:92:(12)ms throughput=15rps rr=13.33% cr=0.00% errors=0 total=7335
[1374735997.960621] latency=4:4:5:7:179:(19)ms throughput=25rps rr=8.00% cr=0.00% errors=0 total=7360
[1374735998.964625] latency=4:5:9:45:216:(37)ms throughput=34rps rr=20.59% cr=0.00% errors=0 total=7394
[1374735999.968625] latency=5:7:25:124:687:(136)ms throughput=30rps rr=33.33% cr=0.00% errors=0 total=7424
[1374736000.972633] latency=4:10:41:602:1332:(304)ms throughput=36rps rr=36.11% cr=0.00% errors=0 total=7460
[1374736001.976629] latency=3:5:5:8:186:(18)ms throughput=28rps rr=7.14% cr=0.00% errors=0 total=7488
[1374736002.980663] latency=3:5:6:11:204:(28)ms throughput=37rps rr=24.32% cr=0.00% errors=0 total=7525
[1374736003.984672] latency=3:5:7:16:279:(34)ms throughput=29rps rr=13.79% cr=0.00% errors=0 total=7554
[1374736004.988644] latency=3:6:7:18:277:(29)ms throughput=34rps rr=11.76% cr=0.00% errors=0 total=7588
[1374736005.992662] latency=3:5:5:6:217:(15)ms throughput=46rps rr=6.52% cr=0.00% errors=0 total=7634
[1374736006.996658] latency=4:5:5:7:139:(16)ms throughput=26rps rr=7.69% cr=0.00% errors=0 total=7660
[1374736008.000622] latency=4:5:7:30:294:(29)ms throughput=38rps rr=15.79% cr=0.00% errors=0 total=7698
[1374736009.004624] latency=4:5:7:23:251:(36)ms throughput=31rps rr=16.13% cr=0.00% errors=0 total=7729
[1374736010.008670] latency=4:5:6:9:178:(17)ms throughput=35rps rr=8.57% cr=0.00% errors=0 total=7764
[1374736011.012621] latency=4:5:5:8:195:(17)ms throughput=34rps rr=8.82% cr=0.00% errors=0 total=7798
[1374736012.016614] latency=3:5:8:43:347:(49)ms throughput=40rps rr=20.00% cr=0.00% errors=0 total=7838
[1374736013.020632] latency=3:6:8:48:199:(42)ms throughput=32rps rr=28.12% cr=0.00% errors=0 total=7870
[1374736014.024625] latency=4:8:20:96:1114:(145)ms throughput=33rps rr=30.30% cr=0.00% errors=0 total=7903
[1374736015.028635] latency=3:7:31:216:1015:(179)ms throughput=29rps rr=41.38% cr=0.00% errors=0 total=7932
[1374736016.032621] latency=4:6:13:59:528:(84)ms throughput=33rps rr=24.24% cr=0.00% errors=0 total=7965
[1374736017.036674] latency=5:8:42:271:838:(179)ms throughput=34rps rr=38.24% cr=0.00% errors=0 total=7999
[1374736018.040625] latency=3:4:6:10:200:(27)ms throughput=35rps rr=22.86% cr=0.00% errors=0 total=8034
[1374736019.044633] latency=4:7:23:80:742:(135)ms throughput=38rps rr=23.68% cr=0.00% errors=0 total=8072
[1374736020.048613] latency=4:5:7:57:447:(54)ms throughput=40rps rr=27.50% cr=0.00% errors=0 total=8112
[1374736021.052644] latency=3:5:5:7:217:(17)ms throughput=24rps rr=8.33% cr=0.00% errors=0 total=8136
[1374736022.056674] latency=3:5:6:11:193:(35)ms throughput=35rps rr=17.14% cr=0.00% errors=0 total=8171
[1374736023.060620] latency=4:5:5:7:180:(20)ms throughput=37rps rr=13.51% cr=0.00% errors=0 total=8208
[1374736024.064623] latency=4:5:7:27:314:(40)ms throughput=31rps rr=22.58% cr=0.00% errors=0 total=8239
[1374736025.068625] latency=4:5:6:8:253:(32)ms throughput=43rps rr=20.93% cr=0.00% errors=0 total=8282
[1374736026.072663] latency=4:5:5:21:161:(23)ms throughput=26rps rr=26.92% cr=0.00% errors=0 total=8308
[1374736027.076633] latency=3:5:9:96:561:(81)ms throughput=27rps rr=29.63% cr=0.00% errors=0 total=8335
[1374736028.080673] latency=3:8:113:506:1090:(269)ms throughput=34rps rr=55.88% cr=0.00% errors=0 total=8369
[1374736029.084666] latency=4:6:9:106:396:(74)ms throughput=20rps rr=35.00% cr=0.00% errors=0 total=8389
[1374736030.088635] latency=3:10:31:294:998:(198)ms throughput=35rps rr=31.43% cr=0.00% errors=0 total=8424
[1374736031.092667] latency=3:8:54:168:1123:(182)ms throughput=36rps rr=44.44% cr=0.00% errors=0 total=8460
[1374736032.096632] latency=4:5:8:50:276:(51)ms throughput=31rps rr=32.26% cr=0.00% errors=0 total=8491
[1374736033.100636] latency=4:5:5:8:126:(16)ms throughput=35rps rr=14.29% cr=0.00% errors=0 total=8526
[1374736034.104624] latency=3:7:21:106:341:(66)ms throughput=35rps rr=37.14% cr=0.00% errors=0 total=8561
[1374736035.108629] latency=3:5:6:10:245:(23)ms throughput=46rps rr=17.39% cr=0.00% errors=0 total=8607
[1374736036.112635] latency=3:12:26:216:1013:(196)ms throughput=38rps rr=28.95% cr=0.00% errors=0 total=8645
[1374736037.116649] latency=4:5:5:7:659:(63)ms throughput=28rps rr=17.86% cr=0.00% errors=0 total=8673
[1374736038.120664] latency=4:5:5:8:168:(22)ms throughput=27rps rr=18.52% cr=0.00% errors=0 total=8700
[1374736039.124636] latency=4:5:6:20:253:(31)ms throughput=39rps rr=23.08% cr=0.00% errors=0 total=8739
[1374736040.128635] latency=4:5:6:7:214:(33)ms throughput=27rps rr=22.22% cr=0.00% errors=0 total=8766
[1374736041.132666] latency=4:4:8:46:458:(55)ms throughput=37rps rr=18.92% cr=0.00% errors=0 total=8803
[1374736042.136632] latency=3:5:6:30:320:(34)ms throughput=32rps rr=28.12% cr=0.00% errors=0 total=8835
[1374736043.140637] latency=4:5:6:18:185:(29)ms throughput=27rps rr=18.52% cr=0.00% errors=0 total=8862
[1374736044.144638] latency=4:5:5:9:117:(16)ms throughput=25rps rr=28.00% cr=0.00% errors=0 total=8887
[1374736045.148627] latency=4:5:9:43:308:(52)ms throughput=25rps rr=28.00% cr=0.00% errors=0 total=8912
[1374736046.152671] latency=4:5:10:68:288:(62)ms throughput=39rps rr=28.21% cr=0.00% errors=0 total=8951
[1374736047.156633] latency=4:5:8:64:277:(52)ms throughput=32rps rr=31.25% cr=0.00% errors=0 total=8983
[1374736048.160636] latency=4:8:52:309:570:(152)ms throughput=18rps rr=44.44% cr=0.00% errors=0 total=9001
[1374736049.164638] latency=4:9:49:171:1215:(256)ms throughput=23rps rr=30.43% cr=0.00% errors=0 total=9024
[1374736050.168635] latency=6:45:191:1246:2149:(636)ms throughput=29rps rr=44.83% cr=0.00% errors=0 total=9053
[1374736051.172677] latency=4:11:52:1043:2340:(503)ms throughput=30rps rr=30.00% cr=0.00% errors=0 total=9083
[1374736052.176672] latency=4:9:27:2097:3407:(909)ms throughput=35rps rr=40.00% cr=0.00% errors=0 total=9118
[1374736053.180638] latency=3:5:6:10:3067:(259)ms throughput=49rps rr=12.24% cr=0.00% errors=0 total=9167
[1374736054.184672] latency=4:4:5:6:144:(9)ms throughput=33rps rr=3.03% cr=0.00% errors=0 total=9200
[1374736055.188660] latency=4:4:5:5:9:(5)ms throughput=25rps rr=0.00% cr=0.00% errors=0 total=9225
[1374736056.192671] latency=4:5:5:7:10:(6)ms throughput=45rps rr=0.00% cr=0.00% errors=0 total=9270
[1374736057.196699] latency=4:5:5:6:9:(6)ms throughput=32rps rr=0.00% cr=0.00% errors=0 total=9302
[1374736058.200670] latency=4:4:5:6:9:(5)ms throughput=25rps rr=0.00% cr=0.00% errors=0 total=9327
[1374736059.204631] latency=4:5:5:5:7:(5)ms throughput=29rps rr=0.00% cr=0.00% errors=0 total=9356
[1374736060.248669] latency=4:4:5:6:90:(9)ms throughput=36rps rr=0.00% cr=0.00% errors=0 total=9394
[1374736061.252632] latency=4:5:5:6:11:(5)ms throughput=31rps rr=0.00% cr=0.00% errors=0 total=9425
[1374736062.256670] latency=4:5:5:7:25:(7)ms throughput=31rps rr=0.00% cr=0.00% errors=0 total=9456
[1374736063.260671] latency=4:4:5:5:10:(5)ms throughput=36rps rr=0.00% cr=0.00% errors=0 total=9492
[1374736064.264631] latency=4:5:5:5:9:(5)ms throughput=37rps rr=0.00% cr=0.00% errors=0 total=9529
[1374736065.268635] latency=4:5:5:7:163:(14)ms throughput=40rps rr=7.50% cr=0.00% errors=0 total=9569
[1374736066.272660] latency=4:5:5:7:193:(17)ms throughput=29rps rr=6.90% cr=0.00% errors=0 total=9598
[1374736067.276676] latency=3:5:7:9:252:(33)ms throughput=25rps rr=16.00% cr=0.00% errors=0 total=9623
[1374736068.280704] latency=4:5:8:12:230:(44)ms throughput=23rps rr=21.74% cr=0.00% errors=0 total=9646
[1374736069.284666] latency=5:6:8:26:290:(42)ms throughput=28rps rr=25.00% cr=0.00% errors=0 total=9674
[1374736070.288681] latency=3:5:8:15:368:(53)ms throughput=30rps rr=23.33% cr=0.00% errors=0 total=9704
[1374736071.292716] latency=5:7:9:12:322:(54)ms throughput=33rps rr=21.21% cr=0.00% errors=0 total=9737
[1374736072.296668] latency=5:5:8:48:315:(47)ms throughput=27rps rr=25.93% cr=0.00% errors=0 total=9764
[1374736073.300685] latency=5:7:11:19:977:(117)ms throughput=22rps rr=18.18% cr=0.00% errors=0 total=9786
[1374736074.304679] latency=4:9:14:33:1014:(111)ms throughput=31rps rr=19.35% cr=0.00% errors=0 total=9817
[1374736075.308675] latency=7:11:35:107:1918:(305)ms throughput=23rps rr=21.74% cr=0.00% errors=0 total=9840
[1374736076.312682] latency=5:8:18:559:2538:(525)ms throughput=44rps rr=31.82% cr=0.00% errors=0 total=9884
[1374736077.316655] latency=3:5:9:19:2640:(284)ms throughput=40rps rr=20.00% cr=0.00% errors=0 total=9924
[1374736078.320694] latency=3:4:5:7:185:(13)ms throughput=45rps rr=4.44% cr=0.00% errors=0 total=9969
[1374736079.324699] latency=4:5:5:10:22:(8)ms throughput=28rps rr=0.00% cr=0.00% errors=0 total=9997
[1374736080.328695] latency=3:4:5:7:19:(7)ms throughput=39rps rr=0.00% cr=0.00% errors=0 total=10036
[1374736081.332654] latency=4:5:6:8:45:(8)ms throughput=24rps rr=0.00% cr=0.00% errors=0 total=10060
[1374736082.336649] latency=4:5:6:12:29:(10)ms throughput=38rps rr=0.00% cr=0.00% errors=0 total=10098
[1374736083.340690] latency=4:5:6:7:32:(7)ms throughput=42rps rr=0.00% cr=0.00% errors=0 total=10140
[1374736084.344833] latency=4:5:6:8:180:(12)ms throughput=33rps rr=3.03% cr=0.00% errors=0 total=10173
[1374736085.348654] latency=4:5:5:6:11:(6)ms throughput=43rps rr=0.00% cr=0.00% errors=0 total=10216
[1374736086.352653] latency=4:4:5:6:12:(6)ms throughput=26rps rr=0.00% cr=0.00% errors=0 total=10242
[1374736087.368697] latency=4:5:5:7:85:(9)ms throughput=37rps rr=2.63% cr=0.00% errors=0 total=10280
[1374736088.372694] latency=4:5:6:8:109:(10)ms throughput=34rps rr=2.94% cr=0.00% errors=0 total=10314
[1374736089.376657] latency=4:5:5:8:162:(12)ms throughput=38rps rr=5.26% cr=0.00% errors=0 total=10352
[1374736090.380655] latency=3:5:7:11:191:(23)ms throughput=32rps rr=12.50% cr=0.00% errors=0 total=10384
[1374736091.384659] latency=3:5:7:9:139:(14)ms throughput=35rps rr=8.57% cr=0.00% errors=0 total=10419
[1374736092.388698] latency=3:5:6:9:262:(28)ms throughput=31rps rr=12.90% cr=0.00% errors=0 total=10450
[1374736093.392666] latency=3:6:8:11:245:(30)ms throughput=31rps rr=12.90% cr=0.00% errors=0 total=10481
[1374736094.396652] latency=3:5:6:8:175:(21)ms throughput=22rps rr=9.09% cr=0.00% errors=0 total=10503
[1374736095.400665] latency=3:6:8:14:330:(42)ms throughput=33rps rr=21.21% cr=0.00% errors=0 total=10536
[1374736096.404670] latency=5:7:10:20:1134:(127)ms throughput=29rps rr=20.69% cr=0.00% errors=0 total=10565
[1374736097.408657] latency=4:9:13:24:1730:(136)ms throughput=26rps rr=7.69% cr=0.00% errors=0 total=10591
[1374736098.412672] latency=5:8:17:822:2444:(485)ms throughput=36rps rr=27.78% cr=0.00% errors=0 total=10627
[1374736099.416664] latency=4:6:15:784:2028:(416)ms throughput=31rps rr=35.48% cr=0.00% errors=0 total=10658
[1374736100.420695] latency=4:5:6:8:462:(23)ms throughput=37rps rr=5.41% cr=0.00% errors=0 total=10695
[1374736101.424697] latency=4:5:5:8:11:(6)ms throughput=28rps rr=0.00% cr=0.00% errors=0 total=10723
[1374736102.428696] latency=3:4:5:7:35:(7)ms throughput=42rps rr=0.00% cr=0.00% errors=0 total=10765
[1374736103.432689] latency=4:5:6:7:16:(7)ms throughput=34rps rr=0.00% cr=0.00% errors=0 total=10799
[1374736104.436692] latency=4:5:6:8:23:(8)ms throughput=32rps rr=0.00% cr=0.00% errors=0 total=10831
[1374736105.440658] latency=4:5:5:7:10:(6)ms throughput=38rps rr=0.00% cr=0.00% errors=0 total=10869
[1374736106.444693] latency=4:5:5:8:187:(11)ms throughput=36rps rr=2.78% cr=0.00% errors=0 total=10905
[1374736107.448694] latency=3:5:5:8:125:(9)ms throughput=38rps rr=2.63% cr=0.00% errors=0 total=10943
[1374736108.452667] latency=3:5:5:9:16:(7)ms throughput=39rps rr=0.00% cr=0.00% errors=0 total=10982
[1374736109.472657] latency=4:5:7:8:197:(16)ms throughput=31rps rr=6.25% cr=0.00% errors=0 total=11014
[1374736110.476687] latency=4:5:5:8:16:(7)ms throughput=31rps rr=0.00% cr=0.00% errors=0 total=11045
[1374736111.480659] latency=4:5:7:9:20:(7)ms throughput=30rps rr=0.00% cr=0.00% errors=0 total=11075
[1374736112.484655] latency=3:5:7:10:215:(25)ms throughput=37rps rr=10.81% cr=0.00% errors=0 total=11112
[1374736113.488693] latency=3:4:6:8:160:(13)ms throughput=32rps rr=3.12% cr=0.00% errors=0 total=11144
[1374736114.492716] latency=4:5:7:11:399:(42)ms throughput=28rps rr=10.71% cr=0.00% errors=0 total=11172
[1374736115.496651] latency=4:5:6:8:135:(16)ms throughput=31rps rr=12.90% cr=0.00% errors=0 total=11203
[1374736116.500690] latency=4:5:8:9:215:(30)ms throughput=30rps rr=16.67% cr=0.00% errors=0 total=11233
[1374736117.504664] latency=3:5:7:10:132:(13)ms throughput=30rps rr=10.00% cr=0.00% errors=0 total=11263
[1374736118.508656] latency=4:5:6:7:228:(23)ms throughput=37rps rr=8.11% cr=0.00% errors=0 total=11300
[1374736119.512652] latency=4:5:7:9:201:(18)ms throughput=31rps rr=9.68% cr=0.00% errors=0 total=11331
[1374736120.516654] latency=3:6:7:11:434:(49)ms throughput=40rps rr=20.00% cr=0.00% errors=0 total=11371
[1374736121.520664] latency=4:6:7:11:440:(50)ms throughput=34rps rr=20.59% cr=0.00% errors=0 total=11405
[1374736122.524664] latency=4:8:10:21:398:(47)ms throughput=25rps rr=24.00% cr=0.00% errors=0 total=11430
[1374736123.528670] latency=3:8:17:72:1671:(165)ms throughput=26rps rr=19.23% cr=0.00% errors=0 total=11456
[1374736124.532685] latency=4:11:26:353:1799:(363)ms throughput=24rps rr=29.17% cr=0.00% errors=0 total=11480
[1374736125.536662] latency=6:9:30:79:2739:(361)ms throughput=33rps rr=27.27% cr=0.00% errors=0 total=11513
[1374736126.540679] latency=5:9:24:35:3663:(563)ms throughput=31rps rr=25.81% cr=0.00% errors=0 total=11544
[1374736127.544689] latency=4:5:8:17:3478:(573)ms throughput=41rps rr=21.95% cr=0.00% errors=0 total=11585
[1374736128.548653] latency=4:5:5:7:74:(8)ms throughput=37rps rr=2.70% cr=0.00% errors=0 total=11622
[1374736129.552692] latency=4:4:5:7:14:(6)ms throughput=28rps rr=0.00% cr=0.00% errors=0 total=11650
[1374736130.556693] latency=3:5:7:14:50:(11)ms throughput=48rps rr=0.00% cr=0.00% errors=0 total=11698
[1374736131.560653] latency=4:5:6:9:22:(8)ms throughput=43rps rr=0.00% cr=0.00% errors=0 total=11741
[1374736132.564691] latency=4:4:5:7:17:(6)ms throughput=39rps rr=0.00% cr=0.00% errors=0 total=11780
[1374736133.568694] latency=4:4:6:9:78:(13)ms throughput=31rps rr=0.00% cr=0.00% errors=0 total=11811
[1374736134.572692] latency=4:5:5:7:19:(7)ms throughput=47rps rr=0.00% cr=0.00% errors=0 total=11858
[1374736135.576694] latency=4:4:5:7:14:(6)ms throughput=34rps rr=0.00% cr=0.00% errors=0 total=11892
[1374736136.580688] latency=4:4:5:7:72:(9)ms throughput=32rps rr=0.00% cr=0.00% errors=0 total=11924
[1374736137.584662] latency=4:5:6:9:89:(10)ms throughput=35rps rr=2.86% cr=0.00% errors=0 total=11959
[1374736138.588697] latency=4:4:6:6:182:(12)ms throughput=29rps rr=3.45% cr=0.00% errors=0 total=11988
[1374736139.592695] latency=4:5:6:12:379:(26)ms throughput=39rps rr=5.13% cr=0.00% errors=0 total=12027
[1374736140.596691] latency=4:5:5:7:16:(7)ms throughput=29rps rr=0.00% cr=0.00% errors=0 total=12056
[1374736141.600655] latency=4:5:5:8:13:(7)ms throughput=33rps rr=0.00% cr=0.00% errors=0 total=12089
[1374736142.604698] latency=3:4:5:8:19:(7)ms throughput=32rps rr=0.00% cr=0.00% errors=0 total=12121
[1374736143.608691] latency=4:5:6:9:194:(12)ms throughput=40rps rr=2.50% cr=0.00% errors=0 total=12161
[1374736144.612693] latency=4:5:5:7:14:(6)ms throughput=34rps rr=0.00% cr=0.00% errors=0 total=12195
[1374736145.616672] latency=4:4:5:7:21:(7)ms throughput=42rps rr=0.00% cr=0.00% errors=0 total=12237
[1374736146.620671] latency=4:7:9:12:458:(37)ms throughput=42rps rr=9.52% cr=0.00% errors=0 total=12279
[1374736147.624664] latency=3:7:8:15:673:(85)ms throughput=48rps rr=16.67% cr=0.00% errors=0 total=12327
[1374736148.628696] latency=3:5:7:9:220:(22)ms throughput=29rps rr=10.34% cr=0.00% errors=0 total=12356
[1374736149.632701] latency=4:5:7:12:284:(24)ms throughput=34rps rr=11.76% cr=0.00% errors=0 total=12390
[1374736150.636660] latency=4:5:6:13:151:(14)ms throughput=32rps rr=6.25% cr=0.00% errors=0 total=12422
[1374736151.640659] latency=4:5:7:16:91:(12)ms throughput=34rps rr=5.88% cr=0.00% errors=0 total=12456
[1374736152.644670] latency=3:5:6:10:284:(22)ms throughput=40rps rr=7.50% cr=0.00% errors=0 total=12496
[1374736153.648662] latency=3:5:8:14:295:(28)ms throughput=37rps rr=16.22% cr=0.00% errors=0 total=12533
[1374736154.652657] latency=4:5:7:8:49:(9)ms throughput=30rps rr=6.67% cr=0.00% errors=0 total=12563
[1374736155.656674] latency=3:5:7:9:278:(29)ms throughput=33rps rr=15.15% cr=0.00% errors=0 total=12596
[1374736156.660668] latency=3:5:7:17:188:(33)ms throughput=28rps rr=25.00% cr=0.00% errors=0 total=12624
[1374736157.664667] latency=5:8:10:46:337:(55)ms throughput=26rps rr=30.77% cr=0.00% errors=0 total=12650
[1374736158.668685] latency=5:8:8:23:1000:(163)ms throughput=26rps rr=23.08% cr=0.00% errors=0 total=12676
[1374736159.672670] latency=4:8:13:23:1057:(133)ms throughput=35rps rr=20.00% cr=0.00% errors=0 total=12711
[1374736160.676680] latency=4:9:15:55:1233:(169)ms throughput=31rps rr=22.58% cr=0.00% errors=0 total=12742
[1374736161.680678] latency=5:8:12:42:1625:(259)ms throughput=21rps rr=19.05% cr=0.00% errors=0 total=12763
[1374736162.684676] latency=6:9:27:942:2722:(590)ms throughput=37rps rr=37.84% cr=0.00% errors=0 total=12800
[1374736163.688649] latency=4:6:10:39:1883:(233)ms throughput=46rps rr=17.39% cr=0.00% errors=0 total=12846
[1374736164.692692] latency=4:4:7:8:25:(8)ms throughput=30rps rr=0.00% cr=0.00% errors=0 total=12876
[1374736165.696698] latency=4:5:5:7:10:(6)ms throughput=37rps rr=0.00% cr=0.00% errors=0 total=12913
[1374736166.700682] latency=4:4:5:7:23:(7)ms throughput=35rps rr=0.00% cr=0.00% errors=0 total=12948
[1374736167.704687] latency=4:4:5:7:48:(7)ms throughput=29rps rr=0.00% cr=0.00% errors=0 total=12977
[1374736168.708676] latency=4:5:5:7:12:(6)ms throughput=37rps rr=0.00% cr=0.00% errors=0 total=13014
[1374736169.712670] latency=4:5:5:6:10:(6)ms throughput=40rps rr=0.00% cr=0.00% errors=0 total=13054
[1374736170.716665] latency=4:5:5:7:10:(6)ms throughput=44rps rr=0.00% cr=0.00% errors=0 total=13098
[1374736171.720625] latency=4:4:5:5:9:(5)ms throughput=30rps rr=0.00% cr=0.00% errors=0 total=13128
[1374736172.724630] latency=4:5:5:7:10:(6)ms throughput=38rps rr=0.00% cr=0.00% errors=0 total=13166
[1374736173.728672] latency=4:5:6:23:131:(26)ms throughput=25rps rr=28.00% cr=0.00% errors=0 total=13191
[1374736174.732638] latency=4:5:7:38:194:(30)ms throughput=29rps rr=24.14% cr=0.00% errors=0 total=13220
[1374736175.736645] latency=4:5:8:85:239:(51)ms throughput=24rps rr=29.17% cr=0.00% errors=0 total=13244
[1374736176.740631] latency=5:15:52:198:1187:(201)ms throughput=26rps rr=26.92% cr=0.00% errors=0 total=13270
[1374736177.744634] latency=12:55:133:297:1982:(394)ms throughput=25rps rr=32.00% cr=0.00% errors=0 total=13295
[1374736178.748629] latency=5:21:111:885:2305:(499)ms throughput=19rps rr=31.58% cr=0.00% errors=0 total=13314
[1374736179.752668] latency=5:25:86:2191:3518:(1063)ms throughput=30rps rr=46.67% cr=0.00% errors=0 total=13344
[1374736180.756632] latency=5:12:145:2867:4520:(1274)ms throughput=43rps rr=44.19% cr=0.00% errors=0 total=13387
[1374736181.760644] latency=4:5:5:6:252:(13)ms throughput=34rps rr=2.94% cr=0.00% errors=0 total=13421
[1374736182.764633] latency=4:5:5:6:88:(8)ms throughput=37rps rr=2.70% cr=0.00% errors=0 total=13458
[1374736183.768630] latency=4:5:5:6:9:(6)ms throughput=30rps rr=0.00% cr=0.00% errors=0 total=13488
[1374736184.772622] latency=4:5:5:7:10:(6)ms throughput=33rps rr=0.00% cr=0.00% errors=0 total=13521
[1374736185.776671] latency=4:5:5:6:8:(5)ms throughput=26rps rr=0.00% cr=0.00% errors=0 total=13547
[1374736186.780673] latency=4:5:5:7:12:(6)ms throughput=35rps rr=0.00% cr=0.00% errors=0 total=13582
[1374736187.784622] latency=4:5:5:6:10:(6)ms throughput=29rps rr=0.00% cr=0.00% errors=0 total=13611
[1374736188.788662] latency=4:5:5:6:8:(6)ms throughput=34rps rr=0.00% cr=0.00% errors=0 total=13645
[1374736189.792629] latency=4:5:5:6:12:(6)ms throughput=39rps rr=0.00% cr=0.00% errors=0 total=13684
[1374736190.796628] latency=4:5:5:6:9:(5)ms throughput=28rps rr=0.00% cr=0.00% errors=0 total=13712
[1374736191.800636] latency=4:5:6:30:230:(34)ms throughput=23rps rr=30.43% cr=0.00% errors=0 total=13735
[1374736192.804630] latency=4:7:52:134:685:(147)ms throughput=12rps rr=33.33% cr=0.00% errors=0 total=13747
[1374736193.808636] latency=7:30:68:1123:1645:(463)ms throughput=19rps rr=36.84% cr=0.00% errors=0 total=13766
[1374736194.812629] latency=6:16:42:852:2518:(505)ms throughput=20rps rr=30.00% cr=0.00% errors=0 total=13786
[1374736195.816630] latency=5:36:99:1328:3038:(730)ms throughput=33rps rr=30.30% cr=0.00% errors=0 total=13819
[1374736196.820628] latency=5:17:80:656:4517:(781)ms throughput=36rps rr=25.00% cr=0.00% errors=0 total=13855
[1374736197.824635] latency=4:8:50:2777:4750:(1230)ms throughput=52rps rr=38.46% cr=0.00% errors=0 total=13907
[1374736198.828665] latency=4:5:5:7:2787:(116)ms throughput=29rps rr=10.34% cr=0.00% errors=0 total=13936
[1374736199.832666] latency=4:5:5:6:8:(6)ms throughput=35rps rr=0.00% cr=0.00% errors=0 total=13971
[1374736200.836670] latency=4:5:5:6:8:(5)ms throughput=32rps rr=0.00% cr=0.00% errors=0 total=14003
[1374736201.840670] latency=4:5:5:6:12:(6)ms throughput=41rps rr=0.00% cr=0.00% errors=0 total=14044
[1374736202.844669] latency=4:5:6:7:10:(6)ms throughput=36rps rr=0.00% cr=0.00% errors=0 total=14080
[1374736203.848671] latency=4:5:6:6:8:(6)ms throughput=27rps rr=0.00% cr=0.00% errors=0 total=14107
[1374736204.852634] latency=4:5:5:7:89:(12)ms throughput=28rps rr=0.00% cr=0.00% errors=0 total=14135
[1374736205.856671] latency=4:5:6:7:9:(6)ms throughput=35rps rr=0.00% cr=0.00% errors=0 total=14170
[1374736206.860677] latency=4:5:5:7:8:(6)ms throughput=32rps rr=0.00% cr=0.00% errors=0 total=14202
[1374736207.864629] latency=4:5:5:6:10:(6)ms throughput=38rps rr=0.00% cr=0.00% errors=0 total=14240
[1374736208.868671] latency=4:4:5:6:8:(5)ms throughput=35rps rr=0.00% cr=0.00% errors=0 total=14275
[1374736209.872671] latency=4:5:5:6:8:(6)ms throughput=32rps rr=0.00% cr=0.00% errors=0 total=14307
[1374736210.876674] latency=4:5:5:6:130:(12)ms throughput=40rps rr=7.50% cr=0.00% errors=0 total=14347
[1374736211.880633] latency=4:6:11:71:545:(70)ms throughput=30rps rr=20.00% cr=0.00% errors=0 total=14377
[1374736212.884693] latency=4:9:14:132:1048:(166)ms throughput=31rps rr=29.03% cr=0.00% errors=0 total=14408
[1374736213.888673] latency=4:9:50:392:1291:(229)ms throughput=42rps rr=38.10% cr=0.00% errors=0 total=14450
[1374736214.892651] latency=5:6:15:60:232:(53)ms throughput=23rps rr=26.09% cr=0.00% errors=0 total=14473
[1374736215.896672] latency=4:5:10:71:351:(53)ms throughput=32rps rr=31.25% cr=0.00% errors=0 total=14505
[1374736216.900651] latency=3:5:5:7:187:(21)ms throughput=32rps rr=12.50% cr=0.00% errors=0 total=14537
[1374736217.904673] latency=4:5:6:9:191:(24)ms throughput=36rps rr=13.89% cr=0.00% errors=0 total=14573
[1374736218.908639] latency=3:5:7:59:416:(54)ms throughput=35rps rr=14.29% cr=0.00% errors=0 total=14608
[1374736219.912632] latency=4:5:6:9:303:(32)ms throughput=37rps rr=10.81% cr=0.00% errors=0 total=14645
[1374736220.916647] latency=4:5:6:8:183:(28)ms throughput=32rps rr=18.75% cr=0.00% errors=0 total=14677
[1374736221.920631] latency=3:5:5:7:180:(16)ms throughput=37rps rr=10.81% cr=0.00% errors=0 total=14714
[1374736222.924692] latency=4:5:6:7:164:(17)ms throughput=33rps rr=9.09% cr=0.00% errors=0 total=14747
[1374736223.928634] latency=4:5:5:6:72:(9)ms throughput=22rps rr=9.09% cr=0.00% errors=0 total=14769
[1374736224.932650] latency=3:5:6:59:180:(36)ms throughput=27rps rr=29.63% cr=0.00% errors=0 total=14796
[1374736225.936646] latency=4:5:6:10:293:(33)ms throughput=31rps rr=19.35% cr=0.00% errors=0 total=14827
[1374736226.940685] latency=4:5:13:163:610:(120)ms throughput=22rps rr=36.36% cr=0.00% errors=0 total=14849
[1374736227.944633] latency=3:5:7:39:212:(42)ms throughput=21rps rr=38.10% cr=0.00% errors=0 total=14870
[1374736228.948634] latency=4:7:11:104:318:(79)ms throughput=31rps rr=38.71% cr=0.00% errors=0 total=14901
[1374736229.952628] latency=4:13:71:317:760:(177)ms throughput=28rps rr=53.57% cr=0.00% errors=0 total=14929
[1374736230.956636] latency=5:10:32:118:294:(72)ms throughput=24rps rr=33.33% cr=0.00% errors=0 total=14953
[1374736231.960671] latency=5:7:30:229:446:(126)ms throughput=29rps rr=44.83% cr=0.00% errors=0 total=14982
[1374736232.964670] latency=4:9:50:120:836:(123)ms throughput=31rps rr=32.26% cr=0.00% errors=0 total=15013
[1374736233.968649] latency=4:11:36:389:1826:(353)ms throughput=36rps rr=33.33% cr=0.00% errors=0 total=15049
[1374736234.972669] latency=5:8:20:897:2281:(424)ms throughput=45rps rr=35.56% cr=0.00% errors=0 total=15094
[1374736235.976675] latency=4:5:5:9:72:(12)ms throughput=38rps rr=5.26% cr=0.00% errors=0 total=15132
[1374736236.980668] latency=4:5:5:7:222:(17)ms throughput=44rps rr=6.82% cr=0.00% errors=0 total=15176
[1374736237.984629] latency=4:5:5:6:78:(8)ms throughput=23rps rr=4.35% cr=0.00% errors=0 total=15199
[1374736238.988640] latency=4:5:5:6:9:(5)ms throughput=40rps rr=0.00% cr=0.00% errors=0 total=15239
[1374736239.992671] latency=4:5:5:6:37:(6)ms throughput=33rps rr=0.00% cr=0.00% errors=0 total=15272
[1374736240.996670] latency=4:5:5:6:9:(5)ms throughput=38rps rr=0.00% cr=0.00% errors=0 total=15310
[1374736242.000634] latency=4:5:5:6:10:(6)ms throughput=24rps rr=0.00% cr=0.00% errors=0 total=15334
[1374736243.004670] latency=4:5:5:6:11:(6)ms throughput=36rps rr=0.00% cr=0.00% errors=0 total=15370
[1374736244.008629] latency=4:5:6:6:96:(8)ms throughput=34rps rr=2.94% cr=0.00% errors=0 total=15404
[1374736245.012669] latency=4:5:5:8:162:(16)ms throughput=36rps rr=11.11% cr=0.00% errors=0 total=15440
[1374736246.016670] latency=3:5:6:50:264:(35)ms throughput=34rps rr=20.59% cr=0.00% errors=0 total=15474
[1374736247.020670] latency=4:6:10:125:357:(89)ms throughput=32rps rr=37.50% cr=0.00% errors=0 total=15506
[1374736248.024669] latency=4:12:57:460:1164:(280)ms throughput=32rps rr=46.88% cr=0.00% errors=0 total=15538
[1374736249.028632] latency=4:6:24:138:775:(101)ms throughput=28rps rr=32.14% cr=0.00% errors=0 total=15566
[1374736250.032669] latency=4:5:8:42:514:(65)ms throughput=31rps rr=29.03% cr=0.00% errors=0 total=15597
[1374736251.036655] latency=4:5:6:65:436:(55)ms throughput=38rps rr=23.68% cr=0.00% errors=0 total=15635
[1374736252.040634] latency=4:4:5:7:153:(16)ms throughput=32rps rr=18.75% cr=0.00% errors=0 total=15667
[1374736253.044638] latency=4:5:7:71:189:(37)ms throughput=34rps rr=29.41% cr=0.00% errors=0 total=15701
[1374736254.048632] latency=3:4:6:8:145:(20)ms throughput=31rps rr=19.35% cr=0.00% errors=0 total=15732
[1374736255.052653] latency=4:5:5:7:90:(14)ms throughput=31rps rr=16.13% cr=0.00% errors=0 total=15763
[1374736256.056646] latency=4:5:5:6:221:(19)ms throughput=28rps rr=7.14% cr=0.00% errors=0 total=15791
[1374736257.060662] latency=3:7:12:54:636:(58)ms throughput=27rps rr=37.04% cr=0.00% errors=0 total=15818
[1374736258.064638] latency=4:8:74:515:1145:(274)ms throughput=32rps rr=43.75% cr=0.00% errors=0 total=15850
[1374736259.068636] latency=3:19:53:175:917:(131)ms throughput=28rps rr=32.14% cr=0.00% errors=0 total=15878
[1374736260.072609] latency=5:13:22:134:1520:(266)ms throughput=36rps rr=27.78% cr=0.00% errors=0 total=15914
[1374736261.076630] latency=5:9:26:359:2003:(364)ms throughput=39rps rr=28.21% cr=0.00% errors=0 total=15953
[1374736262.080629] latency=3:5:23:707:1683:(319)ms throughput=34rps rr=35.29% cr=0.00% errors=0 total=15987
[1374736263.084637] latency=3:5:6:8:222:(16)ms throughput=46rps rr=6.52% cr=0.00% errors=0 total=16033
[1374736264.088664] latency=4:5:5:6:149:(13)ms throughput=28rps rr=7.14% cr=0.00% errors=0 total=16061
[1374736265.092620] latency=4:5:6:7:61:(8)ms throughput=43rps rr=4.65% cr=0.00% errors=0 total=16104
[1374736266.096677] latency=4:4:5:6:90:(11)ms throughput=37rps rr=2.70% cr=0.00% errors=0 total=16141
[1374736267.100638] latency=4:5:5:6:35:(7)ms throughput=31rps rr=0.00% cr=0.00% errors=0 total=16172
[1374736268.104687] latency=4:5:5:6:9:(6)ms throughput=33rps rr=0.00% cr=0.00% errors=0 total=16205
[1374736269.108669] latency=4:4:5:7:79:(11)ms throughput=32rps rr=0.00% cr=0.00% errors=0 total=16237
[1374736270.112618] latency=4:5:7:9:13:(7)ms throughput=28rps rr=0.00% cr=0.00% errors=0 total=16265
[1374736271.116634] latency=4:5:7:15:140:(22)ms throughput=32rps rr=9.38% cr=0.00% errors=0 total=16297
[1374736272.120673] latency=3:4:6:8:116:(12)ms throughput=35rps rr=5.71% cr=0.00% errors=0 total=16332
[1374736273.124621] latency=3:5:7:10:324:(28)ms throughput=38rps rr=13.16% cr=0.00% errors=0 total=16370
[1374736274.128637] latency=4:5:7:9:358:(31)ms throughput=39rps rr=15.38% cr=0.00% errors=0 total=16409
[1374736275.132628] latency=4:6:9:18:917:(88)ms throughput=46rps rr=21.74% cr=0.00% errors=0 total=16455
[1374736276.136634] latency=4:6:8:22:1011:(101)ms throughput=44rps rr=22.73% cr=0.00% errors=0 total=16499
[1374736277.140640] latency=4:6:9:15:209:(28)ms throughput=34rps rr=14.71% cr=0.00% errors=0 total=16533
[1374736278.144634] latency=3:6:7:9:272:(32)ms throughput=36rps rr=19.44% cr=0.00% errors=0 total=16569
[1374736279.148631] latency=3:5:8:10:131:(19)ms throughput=33rps rr=15.15% cr=0.00% errors=0 total=16602
[1374736280.152637] latency=3:5:7:16:321:(45)ms throughput=32rps rr=25.00% cr=0.00% errors=0 total=16634
[1374736281.156632] latency=3:5:7:18:306:(49)ms throughput=38rps rr=26.32% cr=0.00% errors=0 total=16672
[1374736282.160633] latency=4:7:9:14:565:(90)ms throughput=31rps rr=19.35% cr=0.00% errors=0 total=16703
[1374736283.164632] latency=4:6:9:14:745:(72)ms throughput=30rps rr=16.67% cr=0.00% errors=0 total=16733
[1374736284.168624] latency=5:8:8:510:1885:(348)ms throughput=26rps rr=26.92% cr=0.00% errors=0 total=16759
[1374736285.172635] latency=5:8:16:510:2122:(439)ms throughput=26rps rr=26.92% cr=0.00% errors=0 total=16785
[1374736286.176632] latency=4:6:13:919:2682:(522)ms throughput=35rps rr=34.29% cr=0.00% errors=0 total=16820
[1374736287.180635] latency=4:4:6:8:165:(15)ms throughput=31rps rr=6.45% cr=0.00% errors=0 total=16851
[1374736288.184663] latency=4:5:5:7:13:(6)ms throughput=34rps rr=0.00% cr=0.00% errors=0 total=16885
[1374736289.188637] latency=4:5:7:9:18:(8)ms throughput=31rps rr=0.00% cr=0.00% errors=0 total=16916
[1374736290.192670] latency=4:4:5:7:20:(7)ms throughput=38rps rr=0.00% cr=0.00% errors=0 total=16954
[1374736291.196631] latency=4:4:5:6:9:(5)ms throughput=28rps rr=0.00% cr=0.00% errors=0 total=16982
[1374736292.200671] latency=4:5:7:7:10:(6)ms throughput=29rps rr=0.00% cr=0.00% errors=0 total=17011
[1374736293.204674] latency=4:5:6:8:15:(7)ms throughput=33rps rr=0.00% cr=0.00% errors=0 total=17044
[1374736294.208670] latency=4:5:5:7:13:(6)ms throughput=35rps rr=0.00% cr=0.00% errors=0 total=17079
[1374736295.212629] latency=4:5:9:18:291:(45)ms throughput=20rps rr=30.00% cr=0.00% errors=0 total=17099
[1374736296.216630] latency=8:9:249:766:1038:(387)ms throughput=6rps rr=50.00% cr=0.00% errors=0 total=17105
[1374736297.220635] latency=6:12:41:891:1819:(464)ms throughput=8rps rr=50.00% cr=0.00% errors=0 total=17113
[1374736298.224631] latency=4:25:158:508:2780:(604)ms throughput=14rps rr=35.71% cr=0.00% errors=0 total=17127
[1374736299.228624] latency=5:9:79:696:3099:(619)ms throughput=15rps rr=33.33% cr=0.00% errors=0 total=17142
[1374736300.232630] latency=7:8:75:139:4694:(358)ms throughput=17rps rr=5.88% cr=0.00% errors=0 total=17159
[1374736301.236636] latency=5:10:64:3465:5418:(1297)ms throughput=30rps rr=30.00% cr=0.00% errors=0 total=17189
[1374736302.240630] latency=5:12:53:154:6854:(1233)ms throughput=30rps rr=20.00% cr=0.00% errors=0 total=17219
[1374736303.244632] latency=5:8:15:135:7697:(1322)ms throughput=37rps rr=21.62% cr=0.00% errors=0 total=17256
[1374736304.248641] latency=4:11:54:7771:8691:(3482)ms throughput=42rps rr=45.24% cr=0.00% errors=0 total=17298
[1374736305.252672] latency=4:5:5:12:8176:(1019)ms throughput=39rps rr=15.38% cr=0.00% errors=0 total=17337
[1374736306.256630] latency=3:5:5:7:15:(6)ms throughput=35rps rr=0.00% cr=0.00% errors=0 total=17372
[1374736307.260670] latency=4:4:6:7:53:(9)ms throughput=25rps rr=0.00% cr=0.00% errors=0 total=17397
[1374736308.264667] latency=4:5:5:7:11:(6)ms throughput=33rps rr=0.00% cr=0.00% errors=0 total=17430
[1374736309.268672] latency=4:5:5:7:13:(6)ms throughput=31rps rr=0.00% cr=0.00% errors=0 total=17461
[1374736310.272667] latency=4:4:5:6:14:(6)ms throughput=38rps rr=0.00% cr=0.00% errors=0 total=17499
[1374736311.276669] latency=4:4:6:10:45:(9)ms throughput=29rps rr=0.00% cr=0.00% errors=0 total=17528
[1374736312.280671] latency=4:5:5:7:17:(6)ms throughput=42rps rr=0.00% cr=0.00% errors=0 total=17570
[1374736313.284650] latency=4:5:5:8:13:(7)ms throughput=51rps rr=0.00% cr=0.00% errors=0 total=17621
[1374736314.288628] latency=4:5:5:7:13:(6)ms throughput=33rps rr=0.00% cr=0.00% errors=0 total=17654
[1374736315.292631] latency=4:4:6:9:17:(7)ms throughput=32rps rr=0.00% cr=0.00% errors=0 total=17686
[1374736316.296668] latency=4:4:5:6:15:(6)ms throughput=37rps rr=0.00% cr=0.00% errors=0 total=17723
[1374736317.300672] latency=4:5:5:7:68:(8)ms throughput=26rps rr=0.00% cr=0.00% errors=0 total=17749
[1374736318.304670] latency=4:5:5:7:14:(6)ms throughput=27rps rr=0.00% cr=0.00% errors=0 total=17776
[1374736319.308614] latency=3:4:5:9:25:(8)ms throughput=39rps rr=0.00% cr=0.00% errors=0 total=17815
[1374736320.312668] latency=4:5:5:6:13:(6)ms throughput=38rps rr=0.00% cr=0.00% errors=0 total=17853
[1374736321.316674] latency=4:4:5:6:8:(6)ms throughput=35rps rr=0.00% cr=0.00% errors=0 total=17888
[1374736322.320627] latency=3:4:7:9:158:(13)ms throughput=27rps rr=7.41% cr=0.00% errors=0 total=17915
[1374736323.324669] latency=4:4:5:8:67:(8)ms throughput=34rps rr=2.94% cr=0.00% errors=0 total=17949
[1374736324.328627] latency=4:4:5:7:20:(6)ms throughput=35rps rr=2.86% cr=0.00% errors=0 total=17984
[1374736325.332673] latency=3:5:7:11:257:(22)ms throughput=38rps rr=13.16% cr=0.00% errors=0 total=18022
[1374736326.336667] latency=4:5:6:8:232:(14)ms throughput=31rps rr=3.23% cr=0.00% errors=0 total=18053
[1374736327.340630] latency=4:6:8:28:656:(98)ms throughput=24rps rr=20.83% cr=0.00% errors=0 total=18077
[1374736328.344631] latency=3:6:9:46:498:(72)ms throughput=39rps rr=28.21% cr=0.00% errors=0 total=18116
[1374736329.348633] latency=3:5:6:18:271:(37)ms throughput=27rps rr=25.93% cr=0.00% errors=0 total=18143
[1374736330.352666] latency=5:5:7:15:560:(80)ms throughput=30rps rr=23.33% cr=0.00% errors=0 total=18173
[1374736331.356629] latency=3:5:7:18:146:(19)ms throughput=24rps rr=16.67% cr=0.00% errors=0 total=18197
[1374736332.360627] latency=5:8:10:409:1359:(240)ms throughput=23rps rr=30.43% cr=0.00% errors=0 total=18220
[1374736333.364633] latency=4:9:20:102:1420:(174)ms throughput=38rps rr=23.68% cr=0.00% errors=0 total=18258
[1374736334.368631] latency=4:6:10:25:2606:(339)ms throughput=41rps rr=17.07% cr=0.00% errors=0 total=18299
[1374736335.372669] latency=3:6:8:119:2612:(467)ms throughput=34rps rr=32.35% cr=0.00% errors=0 total=18333
[1374736336.376629] latency=4:5:6:7:11:(6)ms throughput=33rps rr=0.00% cr=0.00% errors=0 total=18366
[1374736337.380627] latency=4:5:6:7:52:(8)ms throughput=29rps rr=3.45% cr=0.00% errors=0 total=18395
[1374736338.384667] latency=4:5:6:8:15:(7)ms throughput=28rps rr=0.00% cr=0.00% errors=0 total=18423
[1374736339.388668] latency=4:4:5:7:13:(6)ms throughput=48rps rr=0.00% cr=0.00% errors=0 total=18471
[1374736340.392676] latency=4:5:6:9:52:(9)ms throughput=32rps rr=3.12% cr=0.00% errors=0 total=18503
[1374736341.396670] latency=4:5:5:7:13:(6)ms throughput=29rps rr=0.00% cr=0.00% errors=0 total=18532
[1374736342.400667] latency=4:5:6:8:34:(8)ms throughput=31rps rr=3.23% cr=0.00% errors=0 total=18563
[1374736343.404629] latency=4:5:5:8:83:(12)ms throughput=27rps rr=0.00% cr=0.00% errors=0 total=18590
[1374736344.408665] latency=3:5:6:8:143:(15)ms throughput=29rps rr=6.90% cr=0.00% errors=0 total=18619
[1374736345.412671] latency=4:5:6:8:19:(7)ms throughput=25rps rr=0.00% cr=0.00% errors=0 total=18644
[1374736346.416668] latency=4:5:5:7:108:(11)ms throughput=42rps rr=4.76% cr=0.00% errors=0 total=18686
[1374736347.420804] latency=4:5:7:10:222:(22)ms throughput=40rps rr=7.50% cr=0.00% errors=0 total=18726
[1374736348.424649] latency=4:5:7:14:602:(56)ms throughput=34rps rr=14.71% cr=0.00% errors=0 total=18760
[1374736349.428634] latency=4:5:7:12:213:(34)ms throughput=28rps rr=17.86% cr=0.00% errors=0 total=18788
[1374736350.135798] latency=3:5:6:12:123:(13)ms throughput=35rps rr=12.00% cr=0.00% errors=0 total=18813
Got signal 2, cleaning up ...
[1374736350.200835] latency=337:337:356:375:375:(356)ms throughput=31rps rr=100.00% cr=0.00% errors=0 total=18815
