Currently running VMs
2013-07-24 10:18:53.839+0000: 5682: info : libvirt version: 0.9.8
2013-07-24 10:18:53.839+0000: 5682: warning : xenHypervisorMakeCapabilities:2751 : Failed to get host power management capabilities
- Domain-0 weight=256 cap=0 vcpus=32
- rubbos-hvm weight=256 cap=287 vcpus=3 mac=aa:00:00:00:00:11
- rubis-hvm weight=256 cap=800 vcpus=8 mac=aa:00:00:00:00:10
New scheduling parameters:  weight=256 cap=800 vcpus=8
Currently running VMs
2013-07-24 10:19:04.794+0000: 5733: info : libvirt version: 0.9.8
2013-07-24 10:19:04.794+0000: 5733: warning : xenHypervisorMakeCapabilities:2751 : Failed to get host power management capabilities
- Domain-0 weight=256 cap=0 vcpus=32
- rubbos-hvm weight=256 cap=287 vcpus=3 mac=aa:00:00:00:00:11
- rubis-hvm weight=256 cap=800 vcpus=8 mac=aa:00:00:00:00:10
New scheduling parameters:  weight=256 cap=50 vcpus=1
Currently running VMs
2013-07-24 10:19:15.757+0000: 5881: info : libvirt version: 0.9.8
2013-07-24 10:19:15.757+0000: 5881: warning : xenHypervisorMakeCapabilities:2751 : Failed to get host power management capabilities
- Domain-0 weight=256 cap=0 vcpus=32
- rubbos-hvm weight=256 cap=287 vcpus=3 mac=aa:00:00:00:00:11
- rubis-hvm weight=256 cap=50 vcpus=1 mac=aa:00:00:00:00:10
New scheduling parameters:  weight=256 cap=800 vcpus=8
Currently running VMs
2013-07-24 10:19:26.718+0000: 5929: info : libvirt version: 0.9.8
2013-07-24 10:19:26.718+0000: 5929: warning : xenHypervisorMakeCapabilities:2751 : Failed to get host power management capabilities
- Domain-0 weight=256 cap=0 vcpus=32
- rubbos-hvm weight=256 cap=287 vcpus=3 mac=aa:00:00:00:00:11
- rubis-hvm weight=256 cap=800 vcpus=8 mac=aa:00:00:00:00:10
New scheduling parameters:  weight=256 cap=50 vcpus=1
Currently running VMs
2013-07-24 10:19:37.672+0000: 5977: info : libvirt version: 0.9.8
2013-07-24 10:19:37.672+0000: 5977: warning : xenHypervisorMakeCapabilities:2751 : Failed to get host power management capabilities
- Domain-0 weight=256 cap=0 vcpus=32
- rubbos-hvm weight=256 cap=287 vcpus=3 mac=aa:00:00:00:00:11
- rubis-hvm weight=256 cap=50 vcpus=1 mac=aa:00:00:00:00:10
New scheduling parameters:  weight=256 cap=800 vcpus=8
Currently running VMs
2013-07-24 10:19:48.602+0000: 6025: info : libvirt version: 0.9.8
2013-07-24 10:19:48.602+0000: 6025: warning : xenHypervisorMakeCapabilities:2751 : Failed to get host power management capabilities
- Domain-0 weight=256 cap=0 vcpus=32
- rubbos-hvm weight=256 cap=287 vcpus=3 mac=aa:00:00:00:00:11
- rubis-hvm weight=256 cap=800 vcpus=8 mac=aa:00:00:00:00:10
New scheduling parameters:  weight=256 cap=50 vcpus=1
Currently running VMs
2013-07-24 10:19:59.553+0000: 6073: info : libvirt version: 0.9.8
2013-07-24 10:19:59.553+0000: 6073: warning : xenHypervisorMakeCapabilities:2751 : Failed to get host power management capabilities
- Domain-0 weight=256 cap=0 vcpus=32
- rubbos-hvm weight=256 cap=287 vcpus=3 mac=aa:00:00:00:00:11
- rubis-hvm weight=256 cap=50 vcpus=1 mac=aa:00:00:00:00:10
New scheduling parameters:  weight=256 cap=800 vcpus=8
Currently running VMs
2013-07-24 10:20:10.488+0000: 6121: info : libvirt version: 0.9.8
2013-07-24 10:20:10.488+0000: 6121: warning : xenHypervisorMakeCapabilities:2751 : Failed to get host power management capabilities
- Domain-0 weight=256 cap=0 vcpus=32
- rubbos-hvm weight=256 cap=287 vcpus=3 mac=aa:00:00:00:00:11
- rubis-hvm weight=256 cap=800 vcpus=8 mac=aa:00:00:00:00:10
New scheduling parameters:  weight=256 cap=50 vcpus=1
Currently running VMs
2013-07-24 10:20:21.477+0000: 6169: info : libvirt version: 0.9.8
2013-07-24 10:20:21.477+0000: 6169: warning : xenHypervisorMakeCapabilities:2751 : Failed to get host power management capabilities
- Domain-0 weight=256 cap=0 vcpus=32
- rubbos-hvm weight=256 cap=287 vcpus=3 mac=aa:00:00:00:00:11
- rubis-hvm weight=256 cap=50 vcpus=1 mac=aa:00:00:00:00:10
New scheduling parameters:  weight=256 cap=800 vcpus=8
Currently running VMs
2013-07-24 10:20:32.381+0000: 6217: info : libvirt version: 0.9.8
2013-07-24 10:20:32.381+0000: 6217: warning : xenHypervisorMakeCapabilities:2751 : Failed to get host power management capabilities
- Domain-0 weight=256 cap=0 vcpus=32
- rubbos-hvm weight=256 cap=287 vcpus=3 mac=aa:00:00:00:00:11
- rubis-hvm weight=256 cap=800 vcpus=8 mac=aa:00:00:00:00:10
New scheduling parameters:  weight=256 cap=50 vcpus=1
Currently running VMs
2013-07-24 10:20:43.300+0000: 6265: info : libvirt version: 0.9.8
2013-07-24 10:20:43.300+0000: 6265: warning : xenHypervisorMakeCapabilities:2751 : Failed to get host power management capabilities
- Domain-0 weight=256 cap=0 vcpus=32
- rubbos-hvm weight=256 cap=287 vcpus=3 mac=aa:00:00:00:00:11
- rubis-hvm weight=256 cap=50 vcpus=1 mac=aa:00:00:00:00:10
New scheduling parameters:  weight=256 cap=800 vcpus=8
Currently running VMs
2013-07-24 10:20:54.241+0000: 6313: info : libvirt version: 0.9.8
2013-07-24 10:20:54.241+0000: 6313: warning : xenHypervisorMakeCapabilities:2751 : Failed to get host power management capabilities
- Domain-0 weight=256 cap=0 vcpus=32
- rubbos-hvm weight=256 cap=287 vcpus=3 mac=aa:00:00:00:00:11
- rubis-hvm weight=256 cap=800 vcpus=8 mac=aa:00:00:00:00:10
New scheduling parameters:  weight=256 cap=800 vcpus=8
