2013-06-24 17:20:57.269+0000: 14095: info : libvirt version: 0.9.8
2013-06-24 17:20:57.269+0000: 14095: warning : xenHypervisorMakeCapabilities:2751 : Failed to get host power management capabilities
[1372094462.654915] vm=rubbos-hvm new
[1372094462.654969] vm=rubbos-hvm2 new
[1372094462.654989] vm=rubis-hvm new
[1372094462.655009] vm=rubis-hvm2 new
[1372094462.655042] vm=rubbos-hvm perf=0.000000 vp=0.250000 cap=200.000000
[1372094462.800728] vm=rubbos-hvm2 perf=0.000000 vp=0.250000 cap=200.000000
[1372094462.980859] vm=rubis-hvm perf=0.000000 vp=0.250000 cap=200.000000
[1372094463.146821] vm=rubis-hvm2 perf=0.000000 vp=0.250000 cap=200.000000
[1372094468.708449] vm=rubbos-hvm perf=0.000000 vp=0.250000 cap=200.000000
[1372094468.884038] vm=rubbos-hvm2 perf=0.000000 vp=0.250000 cap=200.000000
[1372094469.056766] vm=rubis-hvm perf=0.000000 vp=0.250000 cap=200.000000
[1372094469.259890] vm=rubis-hvm2 perf=0.000000 vp=0.250000 cap=200.000000
[1372094474.890554] vm=rubbos-hvm perf=0.950362 vp=0.200818 cap=160.654256
[1372094475.066106] vm=rubbos-hvm2 perf=-1.000000 vp=0.397547 cap=318.037232
[1372094475.263368] vm=rubis-hvm perf=0.422593 vp=0.200818 cap=160.654256
[1372094475.466360] vm=rubis-hvm2 perf=0.525234 vp=0.200818 cap=160.654256
[1372094481.068776] vm=rubbos-hvm perf=0.946778 vp=0.151145 cap=120.915773
[1372094481.238582] vm=rubbos-hvm2 perf=-1.000000 vp=0.414060 cap=331.248349
[1372094481.412322] vm=rubis-hvm perf=0.456980 vp=0.151145 cap=120.915773
[1372094481.583890] vm=rubis-hvm2 perf=-1.000000 vp=0.283650 cap=226.920105
[1372094487.136305] vm=rubbos-hvm perf=0.949564 vp=0.121815 cap=97.451768
[1372094487.325693] vm=rubbos-hvm2 perf=-1.000000 vp=0.382601 cap=306.080858
[1372094487.507233] vm=rubis-hvm perf=-1.000000 vp=0.242011 cap=193.609196
[1372094487.688943] vm=rubis-hvm2 perf=-0.632149 vp=0.253573 cap=202.858177
[1372094493.200932] vm=rubbos-hvm perf=0.719796 vp=0.106286 cap=85.028973
[1372094493.385220] vm=rubbos-hvm2 perf=0.426260 vp=0.325322 cap=260.257410
[1372094493.587458] vm=rubis-hvm perf=0.682362 vp=0.205780 cap=164.623911
[1372094493.774299] vm=rubis-hvm2 perf=-0.536938 vp=0.362612 cap=290.089706
[1372094499.364972] vm=rubbos-hvm perf=0.921942 vp=0.106093 cap=84.874765
[1372094499.532872] vm=rubbos-hvm2 perf=0.685452 vp=0.276116 cap=220.892864
[1372094499.715784] vm=rubis-hvm perf=0.356283 vp=0.174655 cap=139.724157
[1372094499.924787] vm=rubis-hvm2 perf=-0.134001 vp=0.443135 cap=354.508214
[1372094505.481124] vm=rubbos-hvm perf=0.921550 vp=0.122681 cap=98.144428
[1372094505.668023] vm=rubbos-hvm2 perf=0.494810 vp=0.270993 cap=216.794038
[1372094505.837467] vm=rubis-hvm perf=0.114661 vp=0.171414 cap=137.131475
[1372094506.045931] vm=rubis-hvm2 perf=0.056915 vp=0.434913 cap=347.930059
[1372094511.672195] vm=rubbos-hvm perf=0.872032 vp=0.107633 cap=86.106532
[1372094511.875031] vm=rubbos-hvm2 perf=0.376146 vp=0.233342 cap=186.673828
[1372094512.057985] vm=rubis-hvm perf=0.402732 vp=0.147599 cap=118.079158
[1372094512.253990] vm=rubis-hvm2 perf=-0.136548 vp=0.511426 cap=409.140482
[1372094517.831082] vm=rubbos-hvm perf=0.895346 vp=0.113007 cap=90.405282
[1372094518.022997] vm=rubbos-hvm2 perf=0.557526 vp=0.210954 cap=168.763001
[1372094518.221915] vm=rubis-hvm perf=-0.253437 vp=0.213684 cap=170.947109
[1372094518.421431] vm=rubis-hvm2 perf=0.090407 vp=0.462356 cap=369.884607
[1372094524.002292] vm=rubbos-hvm perf=0.895570 vp=0.123519 cap=98.814874
[1372094524.189983] vm=rubbos-hvm2 perf=0.677400 vp=0.208454 cap=166.762947
[1372094524.378901] vm=rubis-hvm perf=0.136562 vp=0.211151 cap=168.921170
[1372094524.563082] vm=rubis-hvm2 perf=0.076284 vp=0.456876 cap=365.501009
[1372094530.109232] vm=rubbos-hvm perf=0.904272 vp=0.108071 cap=86.456540
[1372094530.295254] vm=rubbos-hvm2 perf=0.106228 vp=0.180222 cap=144.177474
[1372094530.477626] vm=rubis-hvm perf=0.618956 vp=0.182554 cap=146.043399
[1372094530.659222] vm=rubis-hvm2 perf=-0.057788 vp=0.529153 cap=423.322586
[1372094536.232495] vm=rubbos-hvm perf=0.895008 vp=0.122919 cap=98.335251
[1372094536.419575] vm=rubbos-hvm2 perf=0.487050 vp=0.177222 cap=141.777281
[1372094536.605593] vm=rubis-hvm perf=0.411159 vp=0.179515 cap=143.612143
[1372094536.791898] vm=rubis-hvm2 perf=0.160916 vp=0.520344 cap=416.275326
[1372094542.357598] vm=rubbos-hvm perf=0.915624 vp=0.124740 cap=99.792338
[1372094542.541053] vm=rubbos-hvm2 perf=0.657330 vp=0.176854 cap=141.482864
[1372094542.740437] vm=rubis-hvm perf=0.688683 vp=0.179142 cap=143.313916
[1372094542.936267] vm=rubis-hvm2 perf=0.019157 vp=0.519264 cap=415.410882
[1372094548.493598] vm=rubbos-hvm perf=0.916036 vp=0.124968 cap=99.974049
[1372094548.679390] vm=rubbos-hvm2 perf=0.502238 vp=0.176808 cap=141.446148
[1372094548.863046] vm=rubis-hvm perf=0.614516 vp=0.179096 cap=143.276724
[1372094549.076180] vm=rubis-hvm2 perf=0.133427 vp=0.519129 cap=415.303079
[1372094554.647355] vm=rubbos-hvm perf=0.919236 vp=0.124996 cap=99.996756
[1372094554.813476] vm=rubbos-hvm2 perf=0.274510 vp=0.176802 cap=141.441560
[1372094555.007457] vm=rubis-hvm perf=0.206545 vp=0.179090 cap=143.272077
[1372094555.184233] vm=rubis-hvm2 perf=0.069703 vp=0.519112 cap=415.289607
[1372094560.789575] vm=rubbos-hvm perf=0.904924 vp=0.110238 cap=88.190449
[1372094560.975353] vm=rubbos-hvm2 perf=0.310652 vp=0.155922 cap=124.737946
[1372094561.166581] vm=rubis-hvm perf=-0.526061 vp=0.276032 cap=220.825836
[1372094561.374304] vm=rubis-hvm2 perf=0.111573 vp=0.457807 cap=366.245769
[1372094566.987332] vm=rubbos-hvm perf=0.923290 vp=0.123182 cap=98.545281
[1372094567.178521] vm=rubbos-hvm2 perf=0.345584 vp=0.153654 cap=122.923359
[1372094567.358992] vm=rubis-hvm perf=0.407435 vp=0.272017 cap=217.613439
[1372094567.553841] vm=rubis-hvm2 perf=0.149797 vp=0.451147 cap=360.917921
[1372094573.121039] vm=rubbos-hvm perf=0.905710 vp=0.109578 cap=87.662009
[1372094573.304127] vm=rubbos-hvm2 perf=0.336394 vp=0.134696 cap=107.757086
[1372094573.491018] vm=rubis-hvm perf=0.287331 vp=0.238455 cap=190.764312
[1372094573.691577] vm=rubis-hvm2 perf=-0.008440 vp=0.517271 cap=413.816593
[1372094579.269320] vm=rubbos-hvm perf=0.912992 vp=0.123101 cap=98.481175
[1372094579.430541] vm=rubbos-hvm2 perf=0.385008 vp=0.132651 cap=106.120445
[1372094579.648296] vm=rubis-hvm perf=0.636686 vp=0.234834 cap=187.866937
[1372094579.833484] vm=rubis-hvm2 perf=0.156608 vp=0.509414 cap=407.531444
[1372094585.404787] vm=rubbos-hvm perf=0.917916 vp=0.124763 cap=99.810507
[1372094585.567285] vm=rubbos-hvm2 perf=0.238922 vp=0.132399 cap=105.919353
[1372094585.745760] vm=rubis-hvm perf=0.550988 vp=0.234389 cap=187.510941
[1372094585.948223] vm=rubis-hvm2 perf=0.157239 vp=0.508449 cap=406.759199
[1372094591.547517] vm=rubbos-hvm perf=0.885776 vp=0.124970 cap=99.976319
[1372094591.733417] vm=rubbos-hvm2 perf=0.413144 vp=0.132368 cap=105.894271
[1372094591.934792] vm=rubis-hvm perf=0.207221 vp=0.234333 cap=187.466537
[1372094592.134607] vm=rubis-hvm2 perf=0.072653 vp=0.508329 cap=406.662874
[1372094597.725425] vm=rubbos-hvm perf=0.894534 vp=0.124996 cap=99.997040
[1372094597.913280] vm=rubbos-hvm2 perf=0.462348 vp=0.132364 cap=105.891136
[1372094598.110484] vm=rubis-hvm perf=0.622993 vp=0.234326 cap=187.460988
[1372094598.287071] vm=rubis-hvm2 perf=0.113313 vp=0.508314 cap=406.650836
[1372094603.881928] vm=rubbos-hvm perf=0.898022 vp=0.125000 cap=99.999630
[1372094604.072736] vm=rubbos-hvm2 perf=0.465776 vp=0.132363 cap=105.890744
[1372094604.257384] vm=rubis-hvm perf=0.105628 vp=0.234325 cap=187.460294
[1372094604.425154] vm=rubis-hvm2 perf=0.115007 vp=0.508312 cap=406.649332
[1372094610.041806] vm=rubbos-hvm perf=0.913274 vp=0.125000 cap=99.999954
[1372094610.230595] vm=rubbos-hvm2 perf=0.241458 vp=0.132363 cap=105.890695
[1372094610.431607] vm=rubis-hvm perf=0.284651 vp=0.234325 cap=187.460207
[1372094610.623717] vm=rubis-hvm2 perf=0.058886 vp=0.508311 cap=406.649144
[1372094616.205420] vm=rubbos-hvm perf=0.923656 vp=0.112255 cap=89.803907
[1372094616.392743] vm=rubbos-hvm2 perf=0.305798 vp=0.118867 cap=95.093981
[1372094616.587054] vm=rubis-hvm perf=-0.326810 vp=0.312394 cap=249.915294
[1372094616.757263] vm=rubis-hvm2 perf=0.125313 vp=0.456484 cap=365.186818
[1372094622.349154] vm=rubbos-hvm perf=0.864866 vp=0.122684 cap=98.147212
[1372094622.521814] vm=rubbos-hvm2 perf=0.219316 vp=0.122684 cap=98.147212
[1372094622.708379] vm=rubis-hvm perf=0.751139 vp=0.306606 cap=245.284894
[1372094622.900784] vm=rubis-hvm2 perf=0.045097 vp=0.448026 cap=358.420681
[1372094628.484510] vm=rubbos-hvm perf=0.879254 vp=0.124424 cap=99.538939
[1372094628.663099] vm=rubbos-hvm2 perf=0.583738 vp=0.124424 cap=99.538939
[1372094628.859650] vm=rubis-hvm perf=0.439490 vp=0.305192 cap=244.153981
[1372094629.061170] vm=rubis-hvm2 perf=0.127965 vp=0.445960 cap=356.768142
[1372094634.614733] vm=rubbos-hvm perf=0.923686 vp=0.124856 cap=99.884867
[1372094634.798672] vm=rubbos-hvm2 perf=0.508932 vp=0.124856 cap=99.884867
[1372094634.981365] vm=rubis-hvm perf=0.426915 vp=0.304841 cap=243.872880
[1372094635.167306] vm=rubis-hvm2 perf=0.113022 vp=0.445447 cap=356.357386
[1372094640.741691] vm=rubbos-hvm perf=0.929776 vp=0.124964 cap=99.971225
[1372094640.931052] vm=rubbos-hvm2 perf=0.491972 vp=0.124964 cap=99.971225
[1372094641.098024] vm=rubis-hvm perf=0.492957 vp=0.304753 cap=243.802706
[1372094641.302190] vm=rubis-hvm2 perf=0.102052 vp=0.445319 cap=356.254844
[1372094646.910744] vm=rubbos-hvm perf=0.934404 vp=0.124991 cap=99.992807
[1372094647.091552] vm=rubbos-hvm2 perf=0.643990 vp=0.124991 cap=99.992807
[1372094647.269657] vm=rubis-hvm perf=0.344160 vp=0.304731 cap=243.785168
[1372094647.494679] vm=rubis-hvm2 perf=0.062568 vp=0.445287 cap=356.229218
[1372094653.070752] vm=rubbos-hvm perf=0.936436 vp=0.107528 cap=86.022155
[1372094653.247908] vm=rubbos-hvm2 perf=0.380472 vp=0.107528 cap=86.022155
[1372094653.429281] vm=rubis-hvm perf=-0.530476 vp=0.401900 cap=321.519640
[1372094653.622128] vm=rubis-hvm2 perf=0.138612 vp=0.383045 cap=306.436050
[1372094659.187471] vm=rubbos-hvm perf=0.905630 vp=0.105905 cap=84.723788
[1372094659.356627] vm=rubbos-hvm2 perf=0.479150 vp=0.105905 cap=84.723788
[1372094659.527073] vm=rubis-hvm perf=0.463033 vp=0.340505 cap=272.403620
[1372094659.746899] vm=rubis-hvm2 perf=-0.030815 vp=0.447686 cap=358.148803
[1372094665.287063] vm=rubbos-hvm perf=0.901012 vp=0.106303 cap=85.042101
[1372094665.480619] vm=rubbos-hvm2 perf=0.356184 vp=0.106303 cap=85.042101
[1372094665.664964] vm=rubis-hvm perf=0.219627 vp=0.289572 cap=231.657761
[1372094665.852601] vm=rubis-hvm2 perf=-0.049492 vp=0.497823 cap=398.258038
[1372094671.409363] vm=rubbos-hvm perf=-1.000000 vp=0.251473 cap=201.178671
[1372094671.597008] vm=rubbos-hvm2 perf=0.426400 vp=0.102550 cap=82.039782
[1372094671.757733] vm=rubis-hvm perf=0.465147 vp=0.237564 cap=190.051522
[1372094671.966079] vm=rubis-hvm2 perf=0.118964 vp=0.408413 cap=326.730026
[1372094677.581473] vm=rubbos-hvm perf=-1.000000 vp=0.337231 cap=269.784693
[1372094677.754904] vm=rubbos-hvm2 perf=0.435710 vp=0.103125 cap=82.499845
[1372094677.952161] vm=rubis-hvm perf=-0.363634 vp=0.222705 cap=178.163698
[1372094678.156115] vm=rubis-hvm2 perf=0.078771 vp=0.336940 cap=269.551764
[1372094683.737924] vm=rubbos-hvm perf=-1.000000 vp=0.425728 cap=340.582632
[1372094683.904714] vm=rubbos-hvm2 perf=0.401610 vp=0.102018 cap=81.614503
[1372094684.061920] vm=rubis-hvm perf=0.540024 vp=0.181759 cap=145.407417
[1372094684.253765] vm=rubis-hvm2 perf=-0.172896 vp=0.290494 cap=232.395448
[1372094689.856321] vm=rubbos-hvm perf=0.919572 vp=0.330965 cap=264.771977
[1372094690.033514] vm=rubbos-hvm2 perf=0.354698 vp=0.097176 cap=77.740892
[1372094690.220143] vm=rubis-hvm perf=-1.000000 vp=0.294510 cap=235.608245
[1372094690.437088] vm=rubis-hvm2 perf=-0.354692 vp=0.277349 cap=221.878885
[1372094696.036696] vm=rubbos-hvm perf=0.689306 vp=0.260526 cap=208.420764
[1372094696.233057] vm=rubbos-hvm2 perf=0.402054 vp=0.098396 cap=78.717078
[1372094696.445972] vm=rubis-hvm perf=-1.000000 vp=0.376119 cap=300.895077
[1372094696.647737] vm=rubis-hvm2 perf=-0.374870 vp=0.264959 cap=211.967081
[1372094702.284620] vm=rubbos-hvm perf=-0.944726 vp=0.339284 cap=271.427380
[1372094702.478974] vm=rubbos-hvm2 perf=0.163350 vp=0.101564 cap=81.251452
[1372094702.652994] vm=rubis-hvm perf=0.566877 vp=0.305602 cap=244.481618
[1372094702.845746] vm=rubis-hvm2 perf=-0.397686 vp=0.253549 cap=202.839551
[1372094708.425473] vm=rubbos-hvm perf=0.476512 vp=0.300335 cap=240.267850
[1372094708.607142] vm=rubbos-hvm2 perf=0.323740 vp=0.110650 cap=88.520123
[1372094708.821791] vm=rubis-hvm perf=0.126426 vp=0.270519 cap=216.415429
[1372094708.995347] vm=rubis-hvm2 perf=-0.396940 vp=0.318496 cap=254.796598
[1372094714.564040] vm=rubbos-hvm perf=0.049814 vp=0.264087 cap=211.269330
[1372094714.756708] vm=rubbos-hvm2 perf=0.451512 vp=0.109913 cap=87.930753
[1372094714.957080] vm=rubis-hvm perf=0.635279 vp=0.237870 cap=190.295716
[1372094715.149212] vm=rubis-hvm2 perf=-0.370562 vp=0.388130 cap=310.504202
[1372094720.746706] vm=rubbos-hvm perf=-0.263030 vp=0.329651 cap=263.720617
[1372094720.935728] vm=rubbos-hvm2 perf=0.428568 vp=0.111576 cap=89.260895
[1372094721.136320] vm=rubis-hvm perf=0.766675 vp=0.212325 cap=169.859659
[1372094721.327861] vm=rubis-hvm2 perf=0.064030 vp=0.346449 cap=277.158829
[1372094726.887393] vm=rubbos-hvm perf=-0.126744 vp=0.299634 cap=239.706948
[1372094727.083956] vm=rubbos-hvm2 perf=0.423296 vp=0.110104 cap=88.083224
[1372094727.253960] vm=rubis-hvm perf=-0.604483 vp=0.285099 cap=228.079396
[1372094727.440883] vm=rubis-hvm2 perf=0.083019 vp=0.305163 cap=244.130431
[1372094733.018109] vm=rubbos-hvm perf=0.577344 vp=0.263907 cap=211.125854
[1372094733.209457] vm=rubbos-hvm2 perf=0.417552 vp=0.110096 cap=88.076652
[1372094733.407090] vm=rubis-hvm perf=0.758607 vp=0.251106 cap=200.884696
[1372094733.584265] vm=rubis-hvm2 perf=-0.096842 vp=0.374891 cap=299.912798
[1372094739.186828] vm=rubbos-hvm perf=-0.311204 vp=0.307780 cap=246.224291
[1372094739.369342] vm=rubbos-hvm2 perf=0.415582 vp=0.113149 cap=90.518842
[1372094739.579590] vm=rubis-hvm perf=-0.002652 vp=0.239724 cap=191.779274
[1372094739.769411] vm=rubis-hvm2 perf=0.161054 vp=0.339347 cap=271.477593
[1372094745.417236] vm=rubbos-hvm perf=0.296334 vp=0.304175 cap=243.340355
[1372094745.623327] vm=rubbos-hvm2 perf=0.142044 vp=0.123536 cap=98.828736
[1372094745.804404] vm=rubis-hvm perf=0.695070 vp=0.236916 cap=189.533033
[1372094745.993924] vm=rubis-hvm2 perf=0.121303 vp=0.335372 cap=268.297875
[1372094751.581318] vm=rubbos-hvm perf=0.479702 vp=0.303731 cap=242.984607
[1372094751.794291] vm=rubbos-hvm2 perf=0.548524 vp=0.124817 cap=99.853806
[1372094751.980446] vm=rubis-hvm perf=0.465777 vp=0.236570 cap=189.255948
[1372094752.184064] vm=rubis-hvm2 perf=0.048172 vp=0.334882 cap=267.905640
[1372094757.803303] vm=rubbos-hvm perf=0.044090 vp=0.303675 cap=242.940211
[1372094758.000007] vm=rubbos-hvm2 perf=0.642986 vp=0.124977 cap=99.981729
[1372094758.197411] vm=rubis-hvm perf=0.084221 vp=0.236527 cap=189.221369
[1372094758.368623] vm=rubis-hvm2 perf=0.057357 vp=0.334821 cap=267.856691
[1372094763.962536] vm=rubbos-hvm perf=0.575496 vp=0.303668 cap=242.934663
[1372094764.156816] vm=rubbos-hvm2 perf=0.394174 vp=0.124997 cap=99.997716
[1372094764.321210] vm=rubis-hvm perf=0.359922 vp=0.236521 cap=189.217048
[1372094764.510345] vm=rubis-hvm2 perf=0.002184 vp=0.334813 cap=267.850573
[1372094770.090821] vm=rubbos-hvm perf=0.018620 vp=0.285870 cap=228.696190
[1372094770.288278] vm=rubbos-hvm2 perf=0.636004 vp=0.117674 cap=94.138970
[1372094770.495131] vm=rubis-hvm perf=0.253003 vp=0.222659 cap=178.126980
[1372094770.684103] vm=rubis-hvm2 perf=-0.011120 vp=0.373797 cap=299.037859
[1372094776.259524] vm=rubbos-hvm perf=-0.971294 vp=0.395079 cap=316.063476
[1372094776.429896] vm=rubbos-hvm2 perf=0.559800 vp=0.104809 cap=83.847194
[1372094776.639044] vm=rubis-hvm perf=0.109764 vp=0.186693 cap=149.354475
[1372094776.859674] vm=rubis-hvm2 perf=0.145377 vp=0.313419 cap=250.734855
[1372094782.408887] vm=rubbos-hvm perf=0.846980 vp=0.387260 cap=309.808138
[1372094782.605375] vm=rubbos-hvm2 perf=0.471058 vp=0.122526 cap=98.020860
[1372094782.805530] vm=rubis-hvm perf=0.275711 vp=0.182998 cap=146.398541
[1372094782.992436] vm=rubis-hvm2 perf=0.053530 vp=0.307216 cap=245.772461
[1372094788.580084] vm=rubbos-hvm perf=0.561440 vp=0.316950 cap=253.560089
[1372094788.761721] vm=rubbos-hvm2 perf=0.381436 vp=0.102305 cap=81.844231
[1372094788.953064] vm=rubis-hvm perf=-1.000000 vp=0.304418 cap=243.534139
[1372094789.157977] vm=rubis-hvm2 perf=-0.244807 vp=0.276327 cap=221.061541
[1372094794.737372] vm=rubbos-hvm perf=0.288926 vp=0.286131 cap=228.904433
[1372094794.935691] vm=rubbos-hvm2 perf=0.494934 vp=0.112845 cap=90.276208
[1372094795.124508] vm=rubis-hvm perf=0.099507 vp=0.274817 cap=219.853386
[1372094795.318260] vm=rubis-hvm2 perf=-0.250094 vp=0.326207 cap=260.965973
[1372094800.902854] vm=rubbos-hvm perf=0.405108 vp=0.247166 cap=197.733190
[1372094801.078157] vm=rubbos-hvm2 perf=0.534578 vp=0.107978 cap=86.382421
[1372094801.243667] vm=rubis-hvm perf=0.637543 vp=0.237393 cap=189.914677
[1372094801.440664] vm=rubis-hvm2 perf=-0.316028 vp=0.407462 cap=325.969712
[1372094807.045168] vm=rubbos-hvm perf=-0.426056 vp=0.325784 cap=260.627250
[1372094807.215291] vm=rubbos-hvm2 perf=0.291344 vp=0.109471 cap=87.576948
[1372094807.421976] vm=rubis-hvm perf=0.752469 vp=0.207902 cap=166.321477
[1372094807.601101] vm=rubis-hvm2 perf=0.183724 vp=0.356843 cap=285.474325
[1372094813.193729] vm=rubbos-hvm perf=-0.348694 vp=0.390174 cap=312.139187
[1372094813.382966] vm=rubbos-hvm2 perf=0.443888 vp=0.110517 cap=88.413288
[1372094813.571083] vm=rubis-hvm perf=0.586729 vp=0.183813 cap=147.050287
[1372094813.768629] vm=rubis-hvm2 perf=0.020753 vp=0.315497 cap=252.397237
[1372094819.383273] vm=rubbos-hvm perf=0.572982 vp=0.371010 cap=296.808301
[1372094819.571659] vm=rubbos-hvm2 perf=0.320396 vp=0.118861 cap=95.088445
[1372094819.761771] vm=rubis-hvm perf=-0.015505 vp=0.210128 cap=168.102644
[1372094819.956020] vm=rubis-hvm2 perf=0.048833 vp=0.300001 cap=240.000609
[1372094825.566459] vm=rubbos-hvm perf=0.827388 vp=0.335968 cap=268.774091
[1372094825.758423] vm=rubbos-hvm2 perf=0.503426 vp=0.113193 cap=90.554776
[1372094825.949881] vm=rubis-hvm perf=0.263435 vp=0.190281 cap=152.224972
[1372094826.138903] vm=rubis-hvm2 perf=-0.017924 vp=0.360558 cap=288.446161
[1372094831.722726] vm=rubbos-hvm perf=-0.212682 vp=0.392836 cap=314.268613
[1372094831.916532] vm=rubbos-hvm2 perf=0.430164 vp=0.112298 cap=89.838602
[1372094832.107611] vm=rubis-hvm perf=0.452433 vp=0.170946 cap=136.756787
[1372094832.301507] vm=rubis-hvm2 perf=0.204639 vp=0.323920 cap=259.135998
[1372094837.867887] vm=rubbos-hvm perf=0.607586 vp=0.321190 cap=256.951643
[1372094838.062160] vm=rubbos-hvm2 perf=0.500242 vp=0.102202 cap=81.761790
[1372094838.238613] vm=rubis-hvm perf=-1.000000 vp=0.311765 cap=249.412335
[1372094838.444707] vm=rubis-hvm2 perf=0.195293 vp=0.264843 cap=211.874231
[1372094844.037134] vm=rubbos-hvm perf=-0.676772 vp=0.374939 cap=299.951563
[1372094844.213059] vm=rubbos-hvm2 perf=0.368736 vp=0.112668 cap=90.134498
[1372094844.408865] vm=rubis-hvm perf=-0.276000 vp=0.295271 cap=236.216960
[1372094844.596901] vm=rubis-hvm2 perf=-0.047463 vp=0.217121 cap=173.696979
[1372094850.160551] vm=rubbos-hvm perf=0.598012 vp=0.319900 cap=255.919903
[1372094850.332241] vm=rubbos-hvm2 perf=0.161244 vp=0.106651 cap=85.320410
[1372094850.524506] vm=rubis-hvm perf=0.714663 vp=0.251927 cap=201.541278
[1372094850.717243] vm=rubis-hvm2 perf=-0.611313 vp=0.321523 cap=257.218409
[1372094856.356061] vm=rubbos-hvm perf=-0.327786 vp=0.311035 cap=248.828058
[1372094856.561318] vm=rubbos-hvm2 perf=0.513806 vp=0.100983 cap=80.786061
[1372094856.741679] vm=rubis-hvm perf=0.581132 vp=0.203522 cap=162.817260
[1372094856.927017] vm=rubis-hvm2 perf=-0.774127 vp=0.384461 cap=307.568622
[1372094862.502208] vm=rubbos-hvm perf=-0.427566 vp=0.363152 cap=290.521244
[1372094862.712013] vm=rubbos-hvm2 perf=0.374250 vp=0.103500 cap=82.799811
[1372094862.888992] vm=rubis-hvm perf=0.750118 vp=0.168515 cap=134.812383
[1372094863.081447] vm=rubis-hvm2 perf=-0.020969 vp=0.364833 cap=291.866562
[1372094868.651217] vm=rubbos-hvm perf=0.788426 vp=0.355508 cap=284.406438
[1372094868.830758] vm=rubbos-hvm2 perf=0.443580 vp=0.122369 cap=97.895229
[1372094869.001276] vm=rubis-hvm perf=0.544394 vp=0.164969 cap=131.974892
[1372094869.202741] vm=rubis-hvm2 perf=0.260148 vp=0.357154 cap=285.723440
[1372094874.842004] vm=rubbos-hvm perf=-0.014830 vp=0.284773 cap=227.818671
[1372094875.045102] vm=rubbos-hvm2 perf=0.262868 vp=0.110150 cap=88.120008
[1372094875.232400] vm=rubis-hvm perf=0.255367 vp=0.145370 cap=116.296286
[1372094875.420429] vm=rubis-hvm2 perf=-1.000000 vp=0.459706 cap=367.765035
[1372094881.023143] vm=rubbos-hvm perf=-0.060702 vp=0.181762 cap=145.409209
[1372094881.221733] vm=rubbos-hvm2 perf=0.535018 vp=0.108182 cap=86.545288
[1372094881.405805] vm=rubis-hvm perf=-1.000000 vp=0.260512 cap=208.409708
[1372094881.612925] vm=rubis-hvm2 perf=-1.000000 vp=0.449545 cap=359.635795
[1372094887.202965] vm=rubbos-hvm perf=-1.000000 vp=0.248041 cap=198.433152
[1372094887.397818] vm=rubbos-hvm2 perf=0.556628 vp=0.105842 cap=84.673322
[1372094887.587647] vm=rubis-hvm perf=-1.000000 vp=0.282137 cap=225.709617
[1372094887.769302] vm=rubis-hvm2 perf=-1.000000 vp=0.363980 cap=291.183909
[1372094893.363580] vm=rubbos-hvm perf=-0.752014 vp=0.282413 cap=225.930091
[1372094893.548485] vm=rubbos-hvm2 perf=0.267372 vp=0.098067 cap=78.453486
[1372094893.751450] vm=rubis-hvm perf=0.709175 vp=0.221346 cap=177.077062
[1372094893.965480] vm=rubis-hvm2 perf=-1.000000 vp=0.398174 cap=318.539361
[1372094899.547383] vm=rubbos-hvm perf=0.680060 vp=0.220194 cap=176.154995
[1372094899.728335] vm=rubbos-hvm2 perf=0.403552 vp=0.097461 cap=77.968806
[1372094899.915447] vm=rubis-hvm perf=0.614965 vp=0.172581 cap=138.064871
[1372094900.104118] vm=rubis-hvm2 perf=-1.000000 vp=0.509764 cap=407.811327
[1372094905.672526] vm=rubbos-hvm perf=-0.000652 vp=0.207094 cap=165.675166
[1372094905.840397] vm=rubbos-hvm2 perf=0.224760 vp=0.107616 cap=86.093096
[1372094906.019312] vm=rubis-hvm perf=0.569214 vp=0.148580 cap=118.864323
[1372094906.240359] vm=rubis-hvm2 perf=-0.334126 vp=0.536709 cap=429.367415
[1372094911.844541] vm=rubbos-hvm perf=-0.274500 vp=0.162714 cap=130.171024
[1372094912.048846] vm=rubbos-hvm2 perf=0.462188 vp=0.108807 cap=87.045227
[1372094912.220103] vm=rubis-hvm perf=-1.000000 vp=0.256545 cap=205.235646
[1372094912.402915] vm=rubis-hvm2 perf=-1.000000 vp=0.471935 cap=377.548104
[1372094917.983755] vm=rubbos-hvm perf=-1.000000 vp=0.256917 cap=205.533913
[1372094918.166000] vm=rubbos-hvm2 perf=0.049074 vp=0.100183 cap=80.146613
[1372094918.360779] vm=rubis-hvm perf=0.635265 vp=0.205612 cap=164.489419
[1372094918.542933] vm=rubis-hvm2 perf=-0.979697 vp=0.437288 cap=349.830055
[1372094924.148967] vm=rubbos-hvm perf=0.442168 vp=0.220978 cap=176.782027
[1372094924.356007] vm=rubbos-hvm2 perf=0.351186 vp=0.107514 cap=86.011123
[1372094924.561997] vm=rubis-hvm perf=0.612801 vp=0.176849 cap=141.479197
[1372094924.763115] vm=rubis-hvm2 perf=-0.131904 vp=0.494660 cap=395.727652
[1372094930.382644] vm=rubbos-hvm perf=-0.017250 vp=0.206654 cap=165.323280
[1372094930.584357] vm=rubbos-hvm2 perf=0.534170 vp=0.104132 cap=83.305911
[1372094930.777824] vm=rubis-hvm perf=0.532473 vp=0.147326 cap=117.860534
[1372094930.949714] vm=rubis-hvm2 perf=-0.514519 vp=0.541888 cap=433.510275
[1372094936.493674] vm=rubbos-hvm perf=0.907592 vp=0.202430 cap=161.943898
[1372094936.689753] vm=rubbos-hvm2 perf=0.239114 vp=0.122445 cap=97.955894
[1372094936.885818] vm=rubis-hvm perf=0.511971 vp=0.144314 cap=115.451340
[1372094937.080039] vm=rubis-hvm2 perf=0.241876 vp=0.530811 cap=424.648867
[1372094942.646079] vm=rubbos-hvm perf=-0.087856 vp=0.220896 cap=176.716644
[1372094942.824301] vm=rubbos-hvm2 perf=0.581022 vp=0.113703 cap=90.962380
[1372094943.001677] vm=rubis-hvm perf=-0.200515 vp=0.182563 cap=146.050260
[1372094943.190236] vm=rubis-hvm2 perf=0.271544 vp=0.482838 cap=386.270716
[1372094948.773205] vm=rubbos-hvm perf=0.734324 vp=0.218428 cap=174.742573
[1372094948.972825] vm=rubbos-hvm2 perf=0.485138 vp=0.123604 cap=98.882917
[1372094949.180418] vm=rubis-hvm perf=0.629747 vp=0.180523 cap=144.418757
[1372094949.387713] vm=rubis-hvm2 perf=0.092463 vp=0.477445 cap=381.955753
[1372094954.947014] vm=rubbos-hvm perf=0.815140 vp=0.218124 cap=174.498911
[1372094955.130309] vm=rubbos-hvm2 perf=0.498856 vp=0.124826 cap=99.860559
[1372094955.318170] vm=rubis-hvm perf=0.460569 vp=0.180272 cap=144.217379
[1372094955.517492] vm=rubis-hvm2 perf=0.082220 vp=0.476779 cap=381.423151
[1372094961.165932] vm=rubbos-hvm perf=0.039698 vp=0.201232 cap=160.985243
[1372094961.357847] vm=rubbos-hvm2 perf=0.350284 vp=0.115320 cap=92.255729
[1372094961.560252] vm=rubis-hvm perf=-0.361850 vp=0.230277 cap=184.221600
[1372094961.753140] vm=rubis-hvm2 perf=-0.112296 vp=0.453172 cap=362.537428
[1372094967.342556] vm=rubbos-hvm perf=0.143172 vp=0.182569 cap=146.054820
[1372094967.487078] vm=rubbos-hvm2 perf=0.193714 vp=0.113407 cap=90.725596
[1372094967.674659] vm=rubis-hvm perf=0.259205 vp=0.208920 cap=167.136144
[1372094967.876889] vm=rubis-hvm2 perf=-0.352196 vp=0.495104 cap=396.083440
[1372094973.434161] vm=rubbos-hvm perf=-0.074586 vp=0.189300 cap=151.440089
[1372094973.620471] vm=rubbos-hvm2 perf=0.379122 vp=0.108267 cap=86.613714
[1372094973.789919] vm=rubis-hvm perf=0.521677 vp=0.180954 cap=144.762822
[1372094973.982419] vm=rubis-hvm2 perf=-0.249141 vp=0.521479 cap=417.183374
[1372094979.598145] vm=rubbos-hvm perf=-0.833472 vp=0.295647 cap=236.517945
[1372094979.768136] vm=rubbos-hvm2 perf=0.346642 vp=0.106406 cap=85.125054
[1372094979.964837] vm=rubis-hvm perf=0.232153 vp=0.154037 cap=123.229430
[1372094980.157040] vm=rubis-hvm2 perf=0.025279 vp=0.443909 cap=355.127571
[1372094985.760047] vm=rubbos-hvm perf=0.606518 vp=0.290251 cap=232.200483
[1372094985.956511] vm=rubbos-hvm2 perf=0.384278 vp=0.122718 cap=98.174573
[1372094986.156232] vm=rubis-hvm perf=0.351326 vp=0.151225 cap=120.979967
[1372094986.347013] vm=rubis-hvm2 perf=0.118908 vp=0.435806 cap=348.644977
[1372094991.934996] vm=rubbos-hvm perf=0.522942 vp=0.242153 cap=193.722019
[1372094992.126321] vm=rubbos-hvm2 perf=0.404900 vp=0.104286 cap=83.428775
[1372094992.295157] vm=rubis-hvm perf=-1.000000 vp=0.289730 cap=231.784182
[1372094992.518101] vm=rubis-hvm2 perf=-0.058324 vp=0.363831 cap=291.065024
[1372094998.099368] vm=rubbos-hvm perf=0.016586 vp=0.198364 cap=158.691529
[1372094998.287731] vm=rubbos-hvm2 perf=0.454638 vp=0.102396 cap=81.917135
[1372094998.452190] vm=rubis-hvm perf=0.529213 vp=0.237339 cap=189.870962
[1372094998.637408] vm=rubis-hvm2 perf=-1.000000 vp=0.461900 cap=369.520375
[1372095004.237008] vm=rubbos-hvm perf=-0.811106 vp=0.292793 cap=234.234568
[1372095004.407244] vm=rubbos-hvm2 perf=0.369330 vp=0.101182 cap=80.945693
[1372095004.585898] vm=rubis-hvm perf=0.704310 vp=0.192115 cap=153.692366
[1372095004.793438] vm=rubis-hvm2 perf=-0.234050 vp=0.413909 cap=331.127372
[1372095010.381867] vm=rubbos-hvm perf=0.891604 vp=0.262108 cap=209.686434
[1372095010.573353] vm=rubbos-hvm2 perf=0.018812 vp=0.111900 cap=89.519850
[1372095010.751123] vm=rubis-hvm perf=0.142909 vp=0.171981 cap=137.585175
[1372095010.950956] vm=rubis-hvm2 perf=-0.051670 vp=0.454011 cap=363.208541
[1372095016.566429] vm=rubbos-hvm perf=0.265546 vp=0.258719 cap=206.975022
[1372095016.737460] vm=rubbos-hvm2 perf=0.496668 vp=0.123384 cap=98.706921
[1372095016.926411] vm=rubis-hvm perf=0.061317 vp=0.169758 cap=135.806090
[1372095017.150670] vm=rubis-hvm2 perf=0.304304 vp=0.448140 cap=358.511967
[1372095022.734871] vm=rubbos-hvm perf=0.439604 vp=0.258301 cap=206.641018
[1372095022.938179] vm=rubbos-hvm2 perf=0.071904 vp=0.124798 cap=99.838626
[1372095023.145206] vm=rubis-hvm perf=0.512119 vp=0.169484 cap=135.586934
[1372095023.344453] vm=rubis-hvm2 perf=0.478899 vp=0.447417 cap=357.933422
[1372095028.941727] vm=rubbos-hvm perf=0.692268 vp=0.220376 cap=176.300953
[1372095029.130924] vm=rubbos-hvm2 perf=0.624424 vp=0.106647 cap=85.317501
[1372095029.327256] vm=rubis-hvm perf=0.456301 vp=0.144599 cap=115.679385
[1372095029.527635] vm=rubis-hvm2 perf=-0.119777 vp=0.528378 cap=422.702160
[1372095035.155310] vm=rubbos-hvm perf=-0.182120 vp=0.240640 cap=192.511994
[1372095035.342886] vm=rubbos-hvm2 perf=0.434304 vp=0.113157 cap=90.525901
[1372095035.543341] vm=rubis-hvm perf=-0.174668 vp=0.167884 cap=134.307164
[1372095035.736708] vm=rubis-hvm2 perf=0.127230 vp=0.478319 cap=382.654941
[1372095041.354914] vm=rubbos-hvm perf=0.668106 vp=0.203537 cap=162.829254
[1372095041.555383] vm=rubbos-hvm2 perf=0.587300 vp=0.105727 cap=84.581356
[1372095041.721402] vm=rubis-hvm perf=0.512905 vp=0.141999 cap=113.598820
[1372095041.906968] vm=rubis-hvm2 perf=-0.012343 vp=0.548738 cap=438.990570
[1372095047.519336] vm=rubbos-hvm perf=-0.923336 vp=0.322373 cap=257.898500
[1372095047.700279] vm=rubbos-hvm2 perf=0.386956 vp=0.112401 cap=89.920786
[1372095047.879568] vm=rubis-hvm perf=-0.122810 vp=0.131143 cap=104.914536
[1372095048.076365] vm=rubis-hvm2 perf=-0.070307 vp=0.434083 cap=347.266177
[1372095053.659699] vm=rubbos-hvm perf=0.876706 vp=0.274806 cap=219.845138
[1372095053.863628] vm=rubbos-hvm2 perf=0.297292 vp=0.106556 cap=85.244830
[1372095054.062995] vm=rubis-hvm perf=-0.715899 vp=0.248604 cap=198.883571
[1372095054.266290] vm=rubis-hvm2 perf=0.201976 vp=0.370033 cap=296.026462
[1372095059.857651] vm=rubbos-hvm perf=0.671164 vp=0.237260 cap=189.808286
[1372095060.049004] vm=rubbos-hvm2 perf=0.522814 vp=0.107922 cap=86.337268
[1372095060.249317] vm=rubis-hvm perf=0.196151 vp=0.214638 cap=171.710641
[1372095060.464027] vm=rubis-hvm2 perf=-0.293076 vp=0.440180 cap=352.143805
[1372095066.063852] vm=rubbos-hvm perf=-1.000000 vp=0.365742 cap=292.593661
[1372095066.270657] vm=rubbos-hvm2 perf=0.383558 vp=0.101668 cap=81.334090
[1372095066.474647] vm=rubis-hvm perf=0.686189 vp=0.174574 cap=139.659288
[1372095066.675634] vm=rubis-hvm2 perf=0.191956 vp=0.358016 cap=286.412960
[1372095072.300421] vm=rubbos-hvm perf=0.749606 vp=0.292258 cap=233.806640
[1372095072.500226] vm=rubbos-hvm2 perf=-1.000000 vp=0.239872 cap=191.897681
[1372095072.685334] vm=rubis-hvm perf=0.468147 vp=0.139499 cap=111.599372
[1372095072.882964] vm=rubis-hvm2 perf=-0.290708 vp=0.328370 cap=262.696306
[1372095078.490648] vm=rubbos-hvm perf=-0.172764 vp=0.248329 cap=198.662974
[1372095078.662439] vm=rubbos-hvm2 perf=-1.000000 vp=0.363260 cap=290.608051
[1372095078.851516] vm=rubis-hvm perf=0.240529 vp=0.129586 cap=103.668800
[1372095079.065375] vm=rubis-hvm2 perf=-0.085452 vp=0.258825 cap=207.060176
[1372095084.634404] vm=rubbos-hvm perf=0.566662 vp=0.203052 cap=162.441768
[1372095084.812353] vm=rubbos-hvm2 perf=-1.000000 vp=0.329413 cap=263.530747
[1372095085.036270] vm=rubis-hvm perf=-0.800337 vp=0.190057 cap=152.045644
[1372095085.232619] vm=rubis-hvm2 perf=-0.974029 vp=0.277477 cap=221.981841
[1372095090.861578] vm=rubbos-hvm perf=-1.000000 vp=0.277323 cap=221.858130
[1372095091.037262] vm=rubbos-hvm2 perf=-1.000000 vp=0.326729 cap=261.383175
[1372095091.274725] vm=rubis-hvm perf=-1.000000 vp=0.272242 cap=217.793322
[1372095091.489487] vm=rubis-hvm2 perf=-0.024599 vp=0.123707 cap=98.965373
[1372095097.094231] vm=rubbos-hvm perf=0.544586 vp=0.221542 cap=177.233663
[1372095097.278629] vm=rubbos-hvm2 perf=-1.000000 vp=0.421599 cap=337.279226
[1372095097.463192] vm=rubis-hvm perf=0.722922 vp=0.217483 cap=173.986450
[1372095097.679628] vm=rubis-hvm2 perf=-0.251874 vp=0.139376 cap=111.500661
[1372095103.248117] vm=rubbos-hvm perf=-0.112732 vp=0.168727 cap=134.981558
[1372095103.425036] vm=rubbos-hvm2 perf=-1.000000 vp=0.454706 cap=363.765061
[1372095103.607918] vm=rubis-hvm perf=0.654193 vp=0.184979 cap=147.983557
[1372095103.813049] vm=rubis-hvm2 perf=-0.573177 vp=0.191587 cap=153.269824
[1372095109.429074] vm=rubbos-hvm perf=-1.000000 vp=0.257379 cap=205.902845
[1372095109.611040] vm=rubbos-hvm2 perf=-1.000000 vp=0.409824 cap=327.859200
[1372095109.802484] vm=rubis-hvm perf=0.636443 vp=0.154861 cap=123.889035
[1372095110.006449] vm=rubis-hvm2 perf=-0.452756 vp=0.177936 cap=142.348920
[1372095115.547982] vm=rubbos-hvm perf=0.734458 vp=0.200138 cap=160.110746
[1372095115.724270] vm=rubbos-hvm2 perf=-1.000000 vp=0.419486 cap=335.588678
[1372095115.871093] vm=rubis-hvm perf=0.341661 vp=0.120421 cap=96.336531
[1372095116.076813] vm=rubis-hvm2 perf=-0.934586 vp=0.259955 cap=207.964045
[1372095121.600531] vm=rubbos-hvm perf=0.408660 vp=0.175038 cap=140.030171
[1372095121.752540] vm=rubbos-hvm2 perf=-1.000000 vp=0.428745 cap=342.995656
[1372095121.899896] vm=rubis-hvm perf=-0.462917 vp=0.153838 cap=123.070078
[1372095122.058286] vm=rubis-hvm2 perf=-0.486421 vp=0.242380 cap=193.904094
[1372095127.644793] vm=rubbos-hvm perf=0.491884 vp=0.137330 cap=109.863766
[1372095127.848920] vm=rubbos-hvm2 perf=-1.000000 vp=0.430433 cap=344.346008
[1372095128.029183] vm=rubis-hvm perf=0.573715 vp=0.120697 cap=96.557350
[1372095128.224696] vm=rubis-hvm2 perf=-1.000000 vp=0.311541 cap=249.232876
[1372095133.851661] vm=rubbos-hvm perf=-1.000000 vp=0.239996 cap=191.996551
[1372095134.038351] vm=rubbos-hvm2 perf=-1.000000 vp=0.408925 cap=327.140178
[1372095134.237778] vm=rubis-hvm perf=0.571818 vp=0.100529 cap=80.422919
[1372095134.417835] vm=rubis-hvm2 perf=0.011421 vp=0.250550 cap=200.440353
[1372095140.034135] vm=rubbos-hvm perf=-0.943532 vp=0.245439 cap=196.351068
[1372095140.269087] vm=rubbos-hvm2 perf=-1.000000 vp=0.296666 cap=237.332470
[1372095140.446392] vm=rubis-hvm perf=-0.874521 vp=0.198668 cap=158.934488
[1372095140.655756] vm=rubis-hvm2 perf=-1.000000 vp=0.259227 cap=207.381974
[1372095146.238207] vm=rubbos-hvm perf=0.695526 vp=0.194860 cap=155.888078
[1372095146.411909] vm=rubbos-hvm2 perf=-1.000000 vp=0.378982 cap=303.185553
[1372095146.584392] vm=rubis-hvm perf=0.457735 vp=0.157728 cap=126.182109
[1372095146.784174] vm=rubis-hvm2 perf=-0.478770 vp=0.268430 cap=214.744259
[1372095152.367046] vm=rubbos-hvm perf=0.373912 vp=0.157022 cap=125.617346
[1372095152.570575] vm=rubbos-hvm2 perf=-1.000000 vp=0.420762 cap=336.609938
[1372095152.762230] vm=rubis-hvm perf=0.566625 vp=0.127100 cap=101.679756
[1372095152.950268] vm=rubis-hvm2 perf=-0.690256 vp=0.295116 cap=236.092960
[1372095158.518159] vm=rubbos-hvm perf=0.225954 vp=0.133132 cap=106.505895
[1372095158.672538] vm=rubbos-hvm2 perf=-1.000000 vp=0.508888 cap=407.110206
[1372095158.844977] vm=rubis-hvm perf=0.449752 vp=0.107763 cap=86.210175
[1372095159.003214] vm=rubis-hvm2 perf=0.079979 vp=0.250217 cap=200.173724
[1372095164.596879] vm=rubbos-hvm perf=-1.000000 vp=0.241661 cap=193.329087
[1372095164.761118] vm=rubbos-hvm2 perf=-1.000000 vp=0.451059 cap=360.847330
[1372095164.984137] vm=rubis-hvm perf=0.704791 vp=0.104669 cap=83.735236
[1372095165.179661] vm=rubis-hvm2 perf=-0.377210 vp=0.202610 cap=162.088346
[1372095170.763542] vm=rubbos-hvm perf=-1.000000 vp=0.273829 cap=219.063060
[1372095170.949931] vm=rubbos-hvm2 perf=-1.000000 vp=0.353761 cap=283.008637
[1372095171.138042] vm=rubis-hvm perf=0.102218 vp=0.113488 cap=90.790555
[1372095171.295556] vm=rubis-hvm2 perf=-1.000000 vp=0.258922 cap=207.137748
[1372095176.883122] vm=rubbos-hvm perf=0.628256 vp=0.223362 cap=178.689337
[1372095177.052073] vm=rubbos-hvm2 perf=-1.000000 vp=0.346013 cap=276.810392
[1372095177.234265] vm=rubis-hvm perf=-0.803340 vp=0.189723 cap=151.778603
[1372095177.455742] vm=rubis-hvm2 perf=-0.656215 vp=0.240902 cap=192.721668
[1372095183.034836] vm=rubbos-hvm perf=0.885138 vp=0.175877 cap=140.701657
[1372095183.218601] vm=rubbos-hvm2 perf=-1.000000 vp=0.438438 cap=350.750701
[1372095183.416182] vm=rubis-hvm perf=0.529256 vp=0.149390 cap=119.511894
[1372095183.599686] vm=rubis-hvm2 perf=-0.258356 vp=0.236295 cap=189.035749
[1372095189.167435] vm=rubbos-hvm perf=0.625442 vp=0.148253 cap=118.602597
[1372095189.358270] vm=rubbos-hvm2 perf=-1.000000 vp=0.434487 cap=347.589450
[1372095189.534620] vm=rubis-hvm perf=-0.028082 vp=0.105367 cap=84.293675
[1372095189.710369] vm=rubis-hvm2 perf=-1.000000 vp=0.311893 cap=249.514278
[1372095195.340755] vm=rubbos-hvm perf=-1.000000 vp=0.240542 cap=192.433921
[1372095195.515161] vm=rubbos-hvm2 perf=-1.000000 vp=0.318818 cap=255.054316
[1372095195.708514] vm=rubis-hvm perf=-1.000000 vp=0.228814 cap=183.051556
[1372095195.886011] vm=rubis-hvm2 perf=-0.632664 vp=0.211825 cap=169.460207
[1372095201.434722] vm=rubbos-hvm perf=0.886536 vp=0.193188 cap=154.550523
[1372095201.635108] vm=rubbos-hvm2 perf=-1.000000 vp=0.344496 cap=275.596432
[1372095201.813482] vm=rubis-hvm perf=-1.000000 vp=0.292589 cap=234.071052
[1372095201.994411] vm=rubis-hvm2 perf=-0.296113 vp=0.169727 cap=135.781993
[1372095207.607542] vm=rubbos-hvm perf=0.452416 vp=0.150950 cap=120.759627
[1372095207.795065] vm=rubbos-hvm2 perf=-1.000000 vp=0.400801 cap=320.640665
[1372095207.990196] vm=rubis-hvm perf=0.724287 vp=0.228617 cap=182.893802
[1372095208.202675] vm=rubis-hvm2 perf=-0.634515 vp=0.219632 cap=175.705906
[1372095213.775645] vm=rubbos-hvm perf=-1.000000 vp=0.255845 cap=204.675754
[1372095213.939533] vm=rubbos-hvm2 perf=-1.000000 vp=0.401888 cap=321.510277
[1372095214.117871] vm=rubis-hvm perf=0.620355 vp=0.191595 cap=153.275640
[1372095214.318314] vm=rubis-hvm2 perf=-0.133006 vp=0.150673 cap=120.538329
[1372095219.936068] vm=rubbos-hvm perf=0.755544 vp=0.194238 cap=155.390708
[1372095220.126443] vm=rubbos-hvm2 perf=-1.000000 vp=0.411218 cap=328.974131
[1372095220.320619] vm=rubis-hvm perf=0.494933 vp=0.145459 cap=116.367521
[1372095220.495694] vm=rubis-hvm2 perf=-1.000000 vp=0.249085 cap=199.267640
[1372095226.058938] vm=rubbos-hvm perf=0.894710 vp=0.159039 cap=127.231249
[1372095226.238950] vm=rubbos-hvm2 perf=-1.000000 vp=0.426987 cap=341.589381
[1372095226.434482] vm=rubis-hvm perf=-0.846268 vp=0.231694 cap=185.355153
[1372095226.614215] vm=rubis-hvm2 perf=-0.139447 vp=0.182280 cap=145.824216
[1372095232.148479] vm=rubbos-hvm perf=-0.583730 vp=0.186626 cap=149.300974
[1372095232.334344] vm=rubbos-hvm2 perf=-1.000000 vp=0.390468 cap=312.374791
[1372095232.529762] vm=rubis-hvm perf=-1.000000 vp=0.301051 cap=240.840827
[1372095232.724049] vm=rubis-hvm2 perf=-0.067852 vp=0.121854 cap=97.483408
[1372095238.280501] vm=rubbos-hvm perf=-0.000200 vp=0.122587 cap=98.069482
[1372095238.469629] vm=rubbos-hvm2 perf=-1.000000 vp=0.420823 cap=336.658204
[1372095238.680805] vm=rubis-hvm perf=0.779573 vp=0.247478 cap=197.982534
[1372095238.852766] vm=rubis-hvm2 perf=-0.785191 vp=0.209112 cap=167.289781
[1372095244.379408] vm=rubbos-hvm perf=-1.000000 vp=0.211681 cap=169.344882
[1372095244.538144] vm=rubbos-hvm2 perf=-1.000000 vp=0.343509 cap=274.807219
[1372095244.723630] vm=rubis-hvm perf=0.806609 vp=0.194882 cap=155.905868
[1372095244.915900] vm=rubis-hvm2 perf=-1.000000 vp=0.249928 cap=199.942030
[1372095250.505031] vm=rubbos-hvm perf=0.876696 vp=0.162444 cap=129.955144
[1372095250.677354] vm=rubbos-hvm2 perf=-1.000000 vp=0.374046 cap=299.236754
[1372095250.912053] vm=rubis-hvm perf=0.306895 vp=0.149553 cap=119.642054
[1372095251.108498] vm=rubis-hvm2 perf=-1.000000 vp=0.313958 cap=251.166048
[1372095256.748842] vm=rubbos-hvm perf=0.240046 vp=0.141263 cap=113.010613
[1372095256.932225] vm=rubbos-hvm2 perf=0.054540 vp=0.325275 cap=260.220010
[1372095257.123070] vm=rubis-hvm perf=0.584389 vp=0.130053 cap=104.042222
[1372095257.318982] vm=rubis-hvm2 perf=-0.690521 vp=0.403409 cap=322.727155
[1372095262.958585] vm=rubbos-hvm perf=-1.000000 vp=0.236999 cap=189.599555
[1372095263.134436] vm=rubbos-hvm2 perf=-1.000000 vp=0.338320 cap=270.656358
[1372095263.323546] vm=rubis-hvm perf=0.428012 vp=0.103533 cap=82.826303
[1372095263.521150] vm=rubis-hvm2 perf=0.030309 vp=0.321147 cap=256.917785
[1372095269.125948] vm=rubbos-hvm perf=0.017214 vp=0.221483 cap=177.186211
[1372095269.310712] vm=rubbos-hvm2 perf=-1.000000 vp=0.414207 cap=331.365928
[1372095269.506784] vm=rubis-hvm perf=-0.400508 vp=0.144416 cap=115.532899
[1372095269.703870] vm=rubis-hvm2 perf=-0.022096 vp=0.219894 cap=175.914962
[1372095275.363501] vm=rubbos-hvm perf=0.769866 vp=0.177033 cap=141.626054
[1372095275.564016] vm=rubbos-hvm2 perf=-1.000000 vp=0.345775 cap=276.619722
[1372095275.742648] vm=rubis-hvm perf=-1.000000 vp=0.224681 cap=179.744944
[1372095275.920207] vm=rubis-hvm2 perf=-0.962173 vp=0.252512 cap=202.009279
[1372095281.528715] vm=rubbos-hvm perf=0.480352 vp=0.151225 cap=120.980237
[1372095281.718166] vm=rubbos-hvm2 perf=-1.000000 vp=0.341774 cap=273.419342
[1372095281.905071] vm=rubis-hvm perf=-1.000000 vp=0.281913 cap=225.530452
[1372095282.122651] vm=rubis-hvm2 perf=-0.586857 vp=0.225087 cap=180.069969
[1372095287.758561] vm=rubbos-hvm perf=-0.055760 vp=0.149632 cap=119.705683
[1372095287.947514] vm=rubbos-hvm2 perf=-0.500430 vp=0.404088 cap=323.270027
[1372095288.113655] vm=rubis-hvm perf=0.734048 vp=0.248150 cap=198.520132
[1372095288.310834] vm=rubis-hvm2 perf=0.073870 vp=0.198130 cap=158.504157
[1372095293.932191] vm=rubbos-hvm perf=-1.000000 vp=0.223765 cap=179.011981
[1372095294.098577] vm=rubbos-hvm2 perf=-1.000000 vp=0.334549 cap=267.639071
[1372095294.299431] vm=rubis-hvm perf=0.744798 vp=0.196806 cap=157.445032
[1372095294.497127] vm=rubis-hvm2 perf=-1.000000 vp=0.244880 cap=195.903917
[1372095300.117568] vm=rubbos-hvm perf=0.912374 vp=0.165073 cap=132.058115
[1372095300.294887] vm=rubbos-hvm2 perf=-1.000000 vp=0.375409 cap=300.327013
[1372095300.485935] vm=rubis-hvm perf=0.704098 vp=0.145185 cap=116.148058
[1372095300.661172] vm=rubis-hvm2 perf=-1.000000 vp=0.314334 cap=251.466814
[1372095306.249730] vm=rubbos-hvm perf=-0.093290 vp=0.113914 cap=91.131497
[1372095306.448462] vm=rubbos-hvm2 perf=-1.000000 vp=0.394122 cap=315.297443
[1372095306.627193] vm=rubis-hvm perf=0.189594 vp=0.132309 cap=105.847464
[1372095306.844212] vm=rubis-hvm2 perf=-1.000000 vp=0.359654 cap=287.723596
[1372095312.455836] vm=rubbos-hvm perf=-1.000000 vp=0.221204 cap=176.963163
[1372095312.664914] vm=rubbos-hvm2 perf=-1.000000 vp=0.339391 cap=271.513092
[1372095312.891279] vm=rubis-hvm perf=0.435862 vp=0.114551 cap=91.640899
[1372095313.076611] vm=rubis-hvm2 perf=-1.000000 vp=0.324854 cap=259.882846
[1372095318.705704] vm=rubbos-hvm perf=-0.569722 vp=0.252697 cap=202.157597
[1372095318.877872] vm=rubbos-hvm2 perf=-1.000000 vp=0.409762 cap=327.809930
[1372095319.070770] vm=rubis-hvm perf=0.535423 vp=0.109487 cap=87.589475
[1372095319.271220] vm=rubis-hvm2 perf=-0.020086 vp=0.228054 cap=182.442998
[1372095324.857800] vm=rubbos-hvm perf=0.955736 vp=0.195214 cap=156.171000
[1372095325.044272] vm=rubbos-hvm2 perf=-1.000000 vp=0.341632 cap=273.305537
[1372095325.270327] vm=rubis-hvm perf=-1.000000 vp=0.204504 cap=163.603177
[1372095325.458674] vm=rubis-hvm2 perf=-1.000000 vp=0.258650 cap=206.920285
[1372095331.034999] vm=rubbos-hvm perf=0.479932 vp=0.151982 cap=121.585890
[1372095331.234142] vm=rubbos-hvm2 perf=-1.000000 vp=0.370486 cap=296.388494
[1372095331.424616] vm=rubis-hvm perf=0.557604 vp=0.159215 cap=127.372162
[1372095331.652146] vm=rubis-hvm2 perf=-1.000000 vp=0.318317 cap=254.653454
[1372095337.275833] vm=rubbos-hvm perf=-1.000000 vp=0.241827 cap=193.461305
[1372095337.470153] vm=rubbos-hvm2 perf=-1.000000 vp=0.347660 cap=278.128388
[1372095337.648611] vm=rubis-hvm perf=0.607228 vp=0.133910 cap=107.128090
[1372095337.822889] vm=rubis-hvm2 perf=-0.727789 vp=0.276603 cap=221.282217
[1372095343.399310] vm=rubbos-hvm perf=0.883212 vp=0.193213 cap=154.570784
[1372095343.570664] vm=rubbos-hvm2 perf=-0.292410 vp=0.362922 cap=290.337647
[1372095343.756539] vm=rubis-hvm perf=0.634684 vp=0.106991 cap=85.592686
[1372095343.957423] vm=rubis-hvm2 perf=-0.533834 vp=0.336874 cap=269.498882
[1372095349.491942] vm=rubbos-hvm perf=0.518922 vp=0.162381 cap=129.904583
[1372095349.644072] vm=rubbos-hvm2 perf=-1.000000 vp=0.373661 cap=298.928684
[1372095349.808962] vm=rubis-hvm perf=-0.148896 vp=0.105053 cap=84.042132
[1372095349.993853] vm=rubis-hvm2 perf=-1.000000 vp=0.358906 cap=287.124601
[1372095355.572439] vm=rubbos-hvm perf=0.405350 vp=0.142451 cap=113.960485
[1372095355.773832] vm=rubbos-hvm2 perf=-1.000000 vp=0.384473 cap=307.578181
[1372095355.941145] vm=rubis-hvm perf=-1.000000 vp=0.234217 cap=187.373955
[1372095356.139924] vm=rubis-hvm2 perf=-0.217112 vp=0.238859 cap=191.087379
[1372095361.738951] vm=rubbos-hvm perf=-1.000000 vp=0.250061 cap=200.048639
[1372095361.932225] vm=rubbos-hvm2 perf=-1.000000 vp=0.393932 cap=315.145344
[1372095362.105449] vm=rubis-hvm perf=0.717458 vp=0.193675 cap=154.940034
[1372095362.273004] vm=rubis-hvm2 perf=-0.123000 vp=0.162332 cap=129.865983
[1372095367.876067] vm=rubbos-hvm perf=0.257696 vp=0.192999 cap=154.399596
[1372095368.071630] vm=rubbos-hvm2 perf=-1.000000 vp=0.401370 cap=321.096186
[1372095368.285055] vm=rubis-hvm perf=0.804397 vp=0.149480 cap=119.584311
[1372095368.479263] vm=rubis-hvm2 perf=-1.000000 vp=0.256150 cap=204.919906
[1372095374.064698] vm=rubbos-hvm perf=0.778698 vp=0.145037 cap=116.029897
[1372095374.257650] vm=rubbos-hvm2 perf=-1.000000 vp=0.422418 cap=337.934060
[1372095374.462951] vm=rubis-hvm perf=0.707226 vp=0.112333 cap=89.866526
[1372095374.661417] vm=rubis-hvm2 perf=-0.975051 vp=0.320212 cap=256.169518
[1372095380.238584] vm=rubbos-hvm perf=-0.714908 vp=0.221812 cap=177.449656
[1372095380.412696] vm=rubbos-hvm2 perf=-1.000000 vp=0.429592 cap=343.673299
[1372095380.596224] vm=rubis-hvm perf=-0.528450 vp=0.166745 cap=133.396091
[1372095380.802764] vm=rubis-hvm2 perf=-0.039051 vp=0.181851 cap=145.480954
[1372095386.421479] vm=rubbos-hvm perf=0.849228 vp=0.177408 cap=141.926360
[1372095386.570801] vm=rubbos-hvm2 perf=-1.000000 vp=0.520971 cap=416.776863
[1372095386.807305] vm=rubis-hvm perf=0.500718 vp=0.133365 cap=106.691791
[1372095387.023518] vm=rubis-hvm2 perf=-0.096504 vp=0.168256 cap=134.604987
[1372095392.615175] vm=rubbos-hvm perf=-0.119202 vp=0.139606 cap=111.684708
[1372095392.825288] vm=rubbos-hvm2 perf=-1.000000 vp=0.523642 cap=418.913659
[1372095393.020915] vm=rubis-hvm perf=0.561028 vp=0.116630 cap=93.303956
[1372095393.247110] vm=rubis-hvm2 perf=-0.614574 vp=0.220122 cap=176.097676
[1372095398.856711] vm=rubbos-hvm perf=-1.000000 vp=0.251610 cap=201.287772
[1372095399.037550] vm=rubbos-hvm2 perf=-1.000000 vp=0.468291 cap=374.632734
[1372095399.197520] vm=rubis-hvm perf=0.541384 vp=0.108026 cap=86.420586
[1372095399.388885] vm=rubis-hvm2 perf=-0.276995 vp=0.172074 cap=137.658908
[1372095405.014941] vm=rubbos-hvm perf=0.841720 vp=0.188615 cap=150.891863
[1372095405.224474] vm=rubbos-hvm2 perf=-1.000000 vp=0.455479 cap=364.383344
[1372095405.438451] vm=rubis-hvm perf=0.510311 vp=0.093704 cap=74.963253
[1372095405.633055] vm=rubis-hvm2 perf=-1.000000 vp=0.262202 cap=209.761540
[1372095411.247794] vm=rubbos-hvm perf=0.818582 vp=0.158559 cap=126.846832
[1372095411.409969] vm=rubbos-hvm2 perf=-1.000000 vp=0.509841 cap=407.872774
[1372095411.580450] vm=rubis-hvm perf=-0.179100 vp=0.105081 cap=84.064726
[1372095411.757990] vm=rubis-hvm2 perf=-0.177300 vp=0.226520 cap=181.215668
[1372095417.377730] vm=rubbos-hvm perf=0.109946 vp=0.147338 cap=117.870481
[1372095417.573633] vm=rubbos-hvm2 perf=-1.000000 vp=0.497767 cap=398.213616
[1372095417.757248] vm=rubis-hvm perf=-0.601139 vp=0.176008 cap=140.806584
[1372095417.966897] vm=rubis-hvm2 perf=-0.216857 vp=0.178887 cap=143.109319
[1372095423.578039] vm=rubbos-hvm perf=-1.000000 vp=0.235726 cap=188.580531
[1372095423.780531] vm=rubbos-hvm2 perf=-1.000000 vp=0.391697 cap=313.357941
[1372095423.984984] vm=rubis-hvm perf=0.457642 vp=0.149737 cap=119.789244
[1372095424.192537] vm=rubis-hvm2 perf=-0.841742 vp=0.222840 cap=178.272285
[1372095429.741999] vm=rubbos-hvm perf=0.849520 vp=0.177923 cap=142.338667
[1372095429.912972] vm=rubbos-hvm2 perf=-1.000000 vp=0.410464 cap=328.371019
[1372095430.106122] vm=rubis-hvm perf=0.539225 vp=0.113020 cap=90.415702
[1372095430.279816] vm=rubis-hvm2 perf=-1.000000 vp=0.298593 cap=238.874612
[1372095435.882063] vm=rubbos-hvm perf=-0.022686 vp=0.146078 cap=116.862512
[1372095436.071778] vm=rubbos-hvm2 perf=-1.000000 vp=0.499600 cap=399.679970
[1372095436.253433] vm=rubis-hvm perf=0.729504 vp=0.107239 cap=85.790997
[1372095436.454102] vm=rubis-hvm2 perf=-0.049337 vp=0.247083 cap=197.666520
[1372095442.109385] vm=rubbos-hvm perf=-1.000000 vp=0.224235 cap=179.387863
[1372095442.308289] vm=rubbos-hvm2 perf=-1.000000 vp=0.356652 cap=285.321300
[1372095442.520830] vm=rubis-hvm perf=-1.000000 vp=0.209687 cap=167.749570
[1372095442.710431] vm=rubis-hvm2 perf=0.209572 vp=0.209427 cap=167.541267
[1372095448.331094] vm=rubbos-hvm perf=0.565350 vp=0.191628 cap=153.302520
[1372095448.546304] vm=rubbos-hvm2 perf=-1.000000 vp=0.438578 cap=350.862748
[1372095448.724625] vm=rubis-hvm perf=-0.195730 vp=0.190820 cap=152.656158
[1372095448.905588] vm=rubis-hvm2 perf=0.021292 vp=0.178973 cap=143.178574
[1372095454.487101] vm=rubbos-hvm perf=0.908824 vp=0.143806 cap=115.044688
[1372095454.680196] vm=rubbos-hvm2 perf=-1.000000 vp=0.464103 cap=371.282719
[1372095454.882521] vm=rubis-hvm perf=0.666108 vp=0.143200 cap=114.559630
[1372095455.095826] vm=rubis-hvm2 perf=-0.804521 vp=0.248891 cap=199.112963
[1372095460.717475] vm=rubbos-hvm perf=-0.576590 vp=0.171943 cap=137.554585
[1372095460.902811] vm=rubbos-hvm2 perf=-1.000000 vp=0.407514 cap=326.010864
[1372095461.094245] vm=rubis-hvm perf=0.549947 vp=0.122599 cap=98.079165
[1372095461.251737] vm=rubis-hvm2 perf=-1.000000 vp=0.297944 cap=238.355386
[1372095466.829361] vm=rubbos-hvm perf=0.107650 vp=0.144662 cap=115.729694
[1372095467.022200] vm=rubbos-hvm2 perf=-1.000000 vp=0.451613 cap=361.290731
[1372095467.231764] vm=rubis-hvm perf=0.567650 vp=0.105167 cap=84.133650
