Currently running VMs
2013-06-17 12:21:54.368+0000: 13011: info : libvirt version: 0.9.8
2013-06-17 12:21:54.368+0000: 13011: warning : xenHypervisorMakeCapabilities:2751 : Failed to get host power management capabilities
- Domain-0 weight=256 cap=0 vcpus=32
- rubbos-hvm weight=256 cap=0 vcpus=4 mac=aa:00:00:00:00:11
- rubis-hvm weight=256 cap=400 vcpus=4 mac=aa:00:00:00:00:10
New scheduling parameters:  weight=256 cap=400 vcpus=4
Currently running VMs
2013-06-17 12:23:35.313+0000: 13059: info : libvirt version: 0.9.8
2013-06-17 12:23:35.313+0000: 13059: warning : xenHypervisorMakeCapabilities:2751 : Failed to get host power management capabilities
- Domain-0 weight=256 cap=0 vcpus=32
- rubbos-hvm weight=256 cap=0 vcpus=4 mac=aa:00:00:00:00:11
- rubis-hvm weight=256 cap=400 vcpus=4 mac=aa:00:00:00:00:10
New scheduling parameters:  weight=256 cap=200 vcpus=2
Currently running VMs
2013-06-17 12:25:16.263+0000: 13124: info : libvirt version: 0.9.8
2013-06-17 12:25:16.263+0000: 13124: warning : xenHypervisorMakeCapabilities:2751 : Failed to get host power management capabilities
- Domain-0 weight=256 cap=0 vcpus=32
- rubbos-hvm weight=256 cap=0 vcpus=4 mac=aa:00:00:00:00:11
- rubis-hvm weight=256 cap=200 vcpus=2 mac=aa:00:00:00:00:10
New scheduling parameters:  weight=256 cap=50 vcpus=1
Currently running VMs
2013-06-17 12:26:57.160+0000: 13172: info : libvirt version: 0.9.8
2013-06-17 12:26:57.160+0000: 13172: warning : xenHypervisorMakeCapabilities:2751 : Failed to get host power management capabilities
- Domain-0 weight=256 cap=0 vcpus=32
- rubbos-hvm weight=256 cap=0 vcpus=4 mac=aa:00:00:00:00:11
- rubis-hvm weight=256 cap=50 vcpus=1 mac=aa:00:00:00:00:10
New scheduling parameters:  weight=256 cap=300 vcpus=3
Currently running VMs
2013-06-17 12:28:38.118+0000: 13220: info : libvirt version: 0.9.8
2013-06-17 12:28:38.118+0000: 13220: warning : xenHypervisorMakeCapabilities:2751 : Failed to get host power management capabilities
- Domain-0 weight=256 cap=0 vcpus=32
- rubbos-hvm weight=256 cap=0 vcpus=4 mac=aa:00:00:00:00:11
- rubis-hvm weight=256 cap=300 vcpus=3 mac=aa:00:00:00:00:10
New scheduling parameters:  weight=256 cap=100 vcpus=1
Currently running VMs
2013-06-17 12:30:19.084+0000: 13268: info : libvirt version: 0.9.8
2013-06-17 12:30:19.084+0000: 13268: warning : xenHypervisorMakeCapabilities:2751 : Failed to get host power management capabilities
- Domain-0 weight=256 cap=0 vcpus=32
- rubbos-hvm weight=256 cap=0 vcpus=4 mac=aa:00:00:00:00:11
- rubis-hvm weight=256 cap=100 vcpus=1 mac=aa:00:00:00:00:10
New scheduling parameters:  weight=256 cap=200 vcpus=2
Currently running VMs
2013-06-17 12:31:59.945+0000: 13316: info : libvirt version: 0.9.8
2013-06-17 12:31:59.945+0000: 13316: warning : xenHypervisorMakeCapabilities:2751 : Failed to get host power management capabilities
- Domain-0 weight=256 cap=0 vcpus=32
- rubbos-hvm weight=256 cap=0 vcpus=4 mac=aa:00:00:00:00:11
- rubis-hvm weight=256 cap=200 vcpus=2 mac=aa:00:00:00:00:10
New scheduling parameters:  weight=256 cap=50 vcpus=1
Currently running VMs
2013-06-17 12:33:40.837+0000: 13364: info : libvirt version: 0.9.8
2013-06-17 12:33:40.837+0000: 13364: warning : xenHypervisorMakeCapabilities:2751 : Failed to get host power management capabilities
- Domain-0 weight=256 cap=0 vcpus=32
- rubbos-hvm weight=256 cap=0 vcpus=4 mac=aa:00:00:00:00:11
- rubis-hvm weight=256 cap=50 vcpus=1 mac=aa:00:00:00:00:10
New scheduling parameters:  weight=256 cap=400 vcpus=4
