2013-06-24 09:03:38.148+0000: 21344: info : libvirt version: 0.9.8
2013-06-24 09:03:38.148+0000: 21344: warning : xenHypervisorMakeCapabilities:2751 : Failed to get host power management capabilities
[1372064623.411129] vm=rubbos-hvm new
[1372064623.411169] vm=rubis-hvm new
[1372064623.411187] vm=rubbos-hvm perf=0.000000 vp=0.500000 cap=200.000000
[1372064623.579341] vm=rubis-hvm perf=0.000000 vp=0.500000 cap=200.000000
[1372064628.966609] vm=rubbos-hvm perf=0.000000 vp=0.500000 cap=200.000000
[1372064629.132108] vm=rubis-hvm perf=0.000000 vp=0.500000 cap=200.000000
[1372064634.516520] vm=rubbos-hvm perf=0.934520 vp=0.500000 cap=200.000000
[1372064634.699357] vm=rubis-hvm perf=0.796466 vp=0.500000 cap=200.000000
[1372064640.090880] vm=rubbos-hvm perf=0.899424 vp=0.500000 cap=200.000000
[1372064640.265313] vm=rubis-hvm perf=0.846295 vp=0.500000 cap=200.000000
[1372064645.642675] vm=rubbos-hvm perf=0.932986 vp=0.500000 cap=200.000000
[1372064645.821365] vm=rubis-hvm perf=0.769671 vp=0.500000 cap=200.000000
[1372064651.227297] vm=rubbos-hvm perf=0.549404 vp=0.500000 cap=200.000000
[1372064651.402073] vm=rubis-hvm perf=0.801912 vp=0.500000 cap=200.000000
[1372064656.756872] vm=rubbos-hvm perf=0.918486 vp=0.500000 cap=200.000000
[1372064656.907462] vm=rubis-hvm perf=0.852459 vp=0.500000 cap=200.000000
[1372064662.271280] vm=rubbos-hvm perf=0.777928 vp=0.500000 cap=200.000000
[1372064662.423438] vm=rubis-hvm perf=0.813839 vp=0.500000 cap=200.000000
[1372064667.823426] vm=rubbos-hvm perf=0.921916 vp=0.500000 cap=200.000000
[1372064667.987191] vm=rubis-hvm perf=0.815204 vp=0.500000 cap=200.000000
[1372064673.375133] vm=rubbos-hvm perf=0.715172 vp=0.500000 cap=200.000000
[1372064673.531843] vm=rubis-hvm perf=0.830367 vp=0.500000 cap=200.000000
[1372064678.930589] vm=rubbos-hvm perf=0.923294 vp=0.500000 cap=200.000000
[1372064679.112670] vm=rubis-hvm perf=0.805872 vp=0.500000 cap=200.000000
[1372064684.489287] vm=rubbos-hvm perf=0.661630 vp=0.500000 cap=200.000000
[1372064684.667635] vm=rubis-hvm perf=0.711752 vp=0.500000 cap=200.000000
[1372064690.081293] vm=rubbos-hvm perf=0.924592 vp=0.500000 cap=200.000000
[1372064690.236617] vm=rubis-hvm perf=0.783743 vp=0.500000 cap=200.000000
[1372064695.621692] vm=rubbos-hvm perf=0.818864 vp=0.500000 cap=200.000000
[1372064695.791359] vm=rubis-hvm perf=0.791489 vp=0.500000 cap=200.000000
[1372064701.203101] vm=rubbos-hvm perf=0.927668 vp=0.500000 cap=200.000000
[1372064701.357411] vm=rubis-hvm perf=0.829820 vp=0.500000 cap=200.000000
[1372064706.775703] vm=rubbos-hvm perf=0.684498 vp=0.500000 cap=200.000000
[1372064706.937626] vm=rubis-hvm perf=0.768642 vp=0.500000 cap=200.000000
[1372064712.349999] vm=rubbos-hvm perf=0.930790 vp=0.500000 cap=200.000000
[1372064712.523894] vm=rubis-hvm perf=0.812996 vp=0.500000 cap=200.000000
[1372064717.888829] vm=rubbos-hvm perf=0.654602 vp=0.500000 cap=200.000000
[1372064718.055736] vm=rubis-hvm perf=0.818824 vp=0.500000 cap=200.000000
[1372064723.456929] vm=rubbos-hvm perf=0.928026 vp=0.500000 cap=200.000000
[1372064723.624967] vm=rubis-hvm perf=0.823387 vp=0.500000 cap=200.000000
[1372064729.010500] vm=rubbos-hvm perf=0.733408 vp=0.500000 cap=200.000000
[1372064729.190867] vm=rubis-hvm perf=0.800512 vp=0.500000 cap=200.000000
[1372064734.570542] vm=rubbos-hvm perf=0.914434 vp=0.500000 cap=200.000000
[1372064734.743171] vm=rubis-hvm perf=0.824048 vp=0.500000 cap=200.000000
[1372064740.144805] vm=rubbos-hvm perf=0.641430 vp=0.500000 cap=200.000000
[1372064740.316762] vm=rubis-hvm perf=0.773878 vp=0.500000 cap=200.000000
[1372064745.707091] vm=rubbos-hvm perf=0.658058 vp=0.500000 cap=200.000000
[1372064745.877052] vm=rubis-hvm perf=0.791857 vp=0.500000 cap=200.000000
[1372064751.272050] vm=rubbos-hvm perf=0.890094 vp=0.500000 cap=200.000000
[1372064751.440205] vm=rubis-hvm perf=0.799800 vp=0.500000 cap=200.000000
[1372064756.822836] vm=rubbos-hvm perf=0.574820 vp=0.500000 cap=200.000000
[1372064756.958982] vm=rubis-hvm perf=0.805674 vp=0.500000 cap=200.000000
[1372064762.333452] vm=rubbos-hvm perf=0.914138 vp=0.500000 cap=200.000000
[1372064762.501339] vm=rubis-hvm perf=0.818090 vp=0.500000 cap=200.000000
[1372064767.901702] vm=rubbos-hvm perf=0.626790 vp=0.500000 cap=200.000000
[1372064768.053269] vm=rubis-hvm perf=0.693630 vp=0.500000 cap=200.000000
[1372064773.454737] vm=rubbos-hvm perf=0.905530 vp=0.500000 cap=200.000000
[1372064773.630410] vm=rubis-hvm perf=0.785190 vp=0.500000 cap=200.000000
[1372064779.017440] vm=rubbos-hvm perf=0.624592 vp=0.500000 cap=200.000000
[1372064779.211640] vm=rubis-hvm perf=0.825465 vp=0.500000 cap=200.000000
[1372064784.594541] vm=rubbos-hvm perf=0.918916 vp=0.500000 cap=200.000000
[1372064784.776329] vm=rubis-hvm perf=0.826152 vp=0.500000 cap=200.000000
[1372064790.177372] vm=rubbos-hvm perf=0.787104 vp=0.500000 cap=200.000000
[1372064790.336717] vm=rubis-hvm perf=0.811435 vp=0.500000 cap=200.000000
[1372064795.702377] vm=rubbos-hvm perf=0.924758 vp=0.500000 cap=200.000000
[1372064795.857607] vm=rubis-hvm perf=0.798989 vp=0.500000 cap=200.000000
[1372064801.233532] vm=rubbos-hvm perf=0.662262 vp=0.500000 cap=200.000000
[1372064801.386329] vm=rubis-hvm perf=0.816186 vp=0.500000 cap=200.000000
[1372064806.769729] vm=rubbos-hvm perf=0.927438 vp=0.500000 cap=200.000000
[1372064806.942173] vm=rubis-hvm perf=0.797581 vp=0.500000 cap=200.000000
[1372064812.329932] vm=rubbos-hvm perf=0.653718 vp=0.500000 cap=200.000000
[1372064812.481483] vm=rubis-hvm perf=0.815140 vp=0.500000 cap=200.000000
[1372064817.874067] vm=rubbos-hvm perf=0.929434 vp=0.500000 cap=200.000000
[1372064818.047913] vm=rubis-hvm perf=0.809472 vp=0.500000 cap=200.000000
[1372064823.435447] vm=rubbos-hvm perf=0.652894 vp=0.500000 cap=200.000000
[1372064823.603033] vm=rubis-hvm perf=0.817060 vp=0.500000 cap=200.000000
[1372064828.991396] vm=rubbos-hvm perf=0.923502 vp=0.500000 cap=200.000000
[1372064829.178371] vm=rubis-hvm perf=0.788224 vp=0.500000 cap=200.000000
[1372064834.570694] vm=rubbos-hvm perf=0.679526 vp=0.500000 cap=200.000000
[1372064834.746647] vm=rubis-hvm perf=0.082181 vp=0.500000 cap=200.000000
[1372064840.142171] vm=rubbos-hvm perf=0.914616 vp=0.434700 cap=173.880109
[1372064840.281706] vm=rubis-hvm perf=-0.587562 vp=0.565300 cap=226.119891
[1372064845.666925] vm=rubbos-hvm perf=0.541946 vp=0.434700 cap=173.880109
[1372064845.817251] vm=rubis-hvm perf=0.671422 vp=0.565300 cap=226.119891
[1372064851.211734] vm=rubbos-hvm perf=0.928436 vp=0.434700 cap=173.880109
[1372064851.374178] vm=rubis-hvm perf=0.281695 vp=0.565300 cap=226.119891
[1372064856.779087] vm=rubbos-hvm perf=0.651526 vp=0.434700 cap=173.880109
[1372064856.930040] vm=rubis-hvm perf=0.543474 vp=0.565300 cap=226.119891
[1372064862.311183] vm=rubbos-hvm perf=0.707252 vp=0.388051 cap=155.220306
[1372064862.480425] vm=rubis-hvm perf=-0.462998 vp=0.611949 cap=244.779694
[1372064867.861469] vm=rubbos-hvm perf=0.929736 vp=0.388051 cap=155.220306
[1372064868.039827] vm=rubis-hvm perf=0.532749 vp=0.611949 cap=244.779694
[1372064873.419259] vm=rubbos-hvm perf=0.650578 vp=0.388051 cap=155.220306
[1372064873.586451] vm=rubis-hvm perf=0.558615 vp=0.611949 cap=244.779694
[1372064878.949031] vm=rubbos-hvm perf=0.915704 vp=0.388051 cap=155.220306
[1372064879.110972] vm=rubis-hvm perf=0.404521 vp=0.611949 cap=244.779694
[1372064884.495422] vm=rubbos-hvm perf=0.751106 vp=0.388051 cap=155.220306
[1372064884.649317] vm=rubis-hvm perf=0.373963 vp=0.611949 cap=244.779694
[1372064890.035657] vm=rubbos-hvm perf=0.915778 vp=0.333618 cap=133.447332
[1372064890.203074] vm=rubis-hvm perf=-0.658108 vp=0.666382 cap=266.552668
[1372064895.571900] vm=rubbos-hvm perf=0.778812 vp=0.333618 cap=133.447332
[1372064895.746111] vm=rubis-hvm perf=0.646225 vp=0.666382 cap=266.552668
[1372064901.115344] vm=rubbos-hvm perf=0.920204 vp=0.333618 cap=133.447332
[1372064901.271130] vm=rubis-hvm perf=0.555040 vp=0.666382 cap=266.552668
[1372064906.671123] vm=rubbos-hvm perf=0.750752 vp=0.333618 cap=133.447332
[1372064906.826301] vm=rubis-hvm perf=0.496389 vp=0.666382 cap=266.552668
[1372064912.199698] vm=rubbos-hvm perf=0.919154 vp=0.333618 cap=133.447332
[1372064912.371204] vm=rubis-hvm perf=0.492934 vp=0.666382 cap=266.552668
[1372064917.796705] vm=rubbos-hvm perf=0.596762 vp=0.308086 cap=123.234268
[1372064917.961565] vm=rubis-hvm perf=-0.050072 vp=0.691914 cap=276.765732
[1372064923.385075] vm=rubbos-hvm perf=0.814690 vp=0.308086 cap=123.234268
[1372064923.535494] vm=rubis-hvm perf=0.335273 vp=0.691914 cap=276.765732
[1372064928.891411] vm=rubbos-hvm perf=0.732078 vp=0.308086 cap=123.234268
[1372064929.045256] vm=rubis-hvm perf=0.333967 vp=0.691914 cap=276.765732
[1372064934.424848] vm=rubbos-hvm perf=0.794830 vp=0.308086 cap=123.234268
[1372064934.586641] vm=rubis-hvm perf=0.479547 vp=0.691914 cap=276.765732
[1372064939.998934] vm=rubbos-hvm perf=0.774426 vp=0.308086 cap=123.234268
[1372064940.168889] vm=rubis-hvm perf=0.365801 vp=0.691914 cap=276.765732
[1372064945.578357] vm=rubbos-hvm perf=0.790484 vp=0.308086 cap=123.234268
[1372064945.743125] vm=rubis-hvm perf=0.233789 vp=0.691914 cap=276.765732
[1372064951.111087] vm=rubbos-hvm perf=0.640706 vp=0.308086 cap=123.234268
[1372064951.286298] vm=rubis-hvm perf=0.279814 vp=0.691914 cap=276.765732
[1372064956.645758] vm=rubbos-hvm perf=0.825368 vp=0.308086 cap=123.234268
[1372064956.817775] vm=rubis-hvm perf=0.266147 vp=0.691914 cap=276.765732
[1372064962.210161] vm=rubbos-hvm perf=0.682956 vp=0.308086 cap=123.234268
[1372064962.379444] vm=rubis-hvm perf=0.462833 vp=0.691914 cap=276.765732
[1372064967.768045] vm=rubbos-hvm perf=0.811862 vp=0.270308 cap=108.123387
[1372064967.910898] vm=rubis-hvm perf=-0.444813 vp=0.729692 cap=291.876613
[1372064973.303224] vm=rubbos-hvm perf=0.762822 vp=0.235459 cap=94.183560
[1372064973.457619] vm=rubis-hvm perf=-0.678522 vp=0.764541 cap=305.816440
[1372064978.853791] vm=rubbos-hvm perf=0.662942 vp=0.235459 cap=94.183560
[1372064979.013304] vm=rubis-hvm perf=0.357245 vp=0.764541 cap=305.816440
[1372064984.434622] vm=rubbos-hvm perf=0.713558 vp=0.235459 cap=94.183560
[1372064984.595598] vm=rubis-hvm perf=0.483132 vp=0.764541 cap=305.816440
[1372064989.977252] vm=rubbos-hvm perf=0.695972 vp=0.235459 cap=94.183560
[1372064990.139384] vm=rubis-hvm perf=0.499988 vp=0.764541 cap=305.816440
[1372064995.537931] vm=rubbos-hvm perf=0.725280 vp=0.211589 cap=84.635402
[1372064995.689974] vm=rubis-hvm perf=-0.040641 vp=0.788411 cap=315.364598
[1372065001.065610] vm=rubbos-hvm perf=0.637256 vp=0.211589 cap=84.635402
[1372065001.231588] vm=rubis-hvm perf=0.504671 vp=0.788411 cap=315.364598
[1372065006.636914] vm=rubbos-hvm perf=0.807696 vp=0.211589 cap=84.635402
[1372065006.824138] vm=rubis-hvm perf=0.561734 vp=0.788411 cap=315.364598
[1372065012.202410] vm=rubbos-hvm perf=0.539100 vp=0.211589 cap=84.635402
[1372065012.371035] vm=rubis-hvm perf=0.514673 vp=0.788411 cap=315.364598
[1372065017.772994] vm=rubbos-hvm perf=0.726162 vp=0.211589 cap=84.635402
[1372065017.947170] vm=rubis-hvm perf=0.376620 vp=0.788411 cap=315.364598
[1372065023.332080] vm=rubbos-hvm perf=0.365924 vp=0.211589 cap=84.635402
[1372065023.492052] vm=rubis-hvm perf=0.526683 vp=0.788411 cap=315.364598
[1372065028.876701] vm=rubbos-hvm perf=0.809220 vp=0.211589 cap=84.635402
[1372065029.039425] vm=rubis-hvm perf=0.645284 vp=0.788411 cap=315.364598
[1372065034.427674] vm=rubbos-hvm perf=-1.000000 vp=0.335413 cap=134.165314
[1372065034.613931] vm=rubis-hvm perf=0.676695 vp=0.664587 cap=265.834686
[1372065039.985140] vm=rubbos-hvm perf=-1.000000 vp=0.427302 cap=170.920929
[1372065040.152817] vm=rubis-hvm perf=0.410421 vp=0.572698 cap=229.079071
[1372065045.528104] vm=rubbos-hvm perf=-0.443600 vp=0.473414 cap=189.365770
[1372065045.685024] vm=rubis-hvm perf=-0.054968 vp=0.526586 cap=210.634230
[1372065051.083491] vm=rubbos-hvm perf=0.080648 vp=0.452958 cap=181.183302
[1372065051.252941] vm=rubis-hvm perf=-0.387268 vp=0.547042 cap=218.816698
[1372065056.653941] vm=rubbos-hvm perf=0.112078 vp=0.452958 cap=181.183302
[1372065056.813687] vm=rubis-hvm perf=0.179779 vp=0.547042 cap=218.816698
[1372065062.203358] vm=rubbos-hvm perf=0.374326 vp=0.423757 cap=169.502896
[1372065062.360502] vm=rubis-hvm perf=-0.308587 vp=0.576243 cap=230.497104
[1372065067.766912] vm=rubbos-hvm perf=-0.160718 vp=0.440973 cap=176.389186
[1372065067.926145] vm=rubis-hvm perf=0.144816 vp=0.559027 cap=223.610814
[1372065073.318947] vm=rubbos-hvm perf=0.185564 vp=0.440973 cap=176.389186
[1372065073.489375] vm=rubis-hvm perf=0.450942 vp=0.559027 cap=223.610814
[1372065078.891899] vm=rubbos-hvm perf=-0.155970 vp=0.465090 cap=186.036189
[1372065079.059389] vm=rubis-hvm perf=0.313498 vp=0.534910 cap=213.963811
[1372065084.460653] vm=rubbos-hvm perf=0.291252 vp=0.465090 cap=186.036189
[1372065084.622473] vm=rubis-hvm perf=0.323494 vp=0.534910 cap=213.963811
[1372065090.048289] vm=rubbos-hvm perf=-0.260028 vp=0.495857 cap=198.342822
[1372065090.223114] vm=rubis-hvm perf=0.357019 vp=0.504143 cap=201.657178
[1372065095.614641] vm=rubbos-hvm perf=0.362878 vp=0.436586 cap=174.634469
[1372065095.792871] vm=rubis-hvm perf=-1.000000 vp=0.563414 cap=225.365531
[1372065101.193017] vm=rubbos-hvm perf=0.244394 vp=0.436586 cap=174.634469
[1372065101.379494] vm=rubis-hvm perf=0.694756 vp=0.563414 cap=225.365531
[1372065106.780548] vm=rubbos-hvm perf=0.352356 vp=0.414258 cap=165.703342
[1372065106.953832] vm=rubis-hvm perf=-0.162555 vp=0.585742 cap=234.296658
[1372065112.338428] vm=rubbos-hvm perf=-0.114104 vp=0.419319 cap=167.727507
[1372065112.506343] vm=rubis-hvm perf=-0.100260 vp=0.580681 cap=232.272493
[1372065117.916257] vm=rubbos-hvm perf=-0.287338 vp=0.464559 cap=185.823506
[1372065118.063020] vm=rubis-hvm perf=0.609568 vp=0.535441 cap=214.176494
[1372065123.475666] vm=rubbos-hvm perf=0.551034 vp=0.464559 cap=185.823506
[1372065123.633210] vm=rubis-hvm perf=0.064799 vp=0.535441 cap=214.176494
[1372065129.025333] vm=rubbos-hvm perf=0.178528 vp=0.464559 cap=185.823506
[1372065129.197831] vm=rubis-hvm perf=0.464779 vp=0.535441 cap=214.176494
[1372065134.590572] vm=rubbos-hvm perf=0.114846 vp=0.464559 cap=185.823506
[1372065134.769515] vm=rubis-hvm perf=0.328078 vp=0.535441 cap=214.176494
[1372065140.157198] vm=rubbos-hvm perf=0.178860 vp=0.464559 cap=185.823506
[1372065140.322706] vm=rubis-hvm perf=0.577563 vp=0.535441 cap=214.176494
[1372065145.684125] vm=rubbos-hvm perf=0.436882 vp=0.427130 cap=170.852149
[1372065145.847183] vm=rubis-hvm perf=-0.439585 vp=0.572870 cap=229.147851
[1372065151.243491] vm=rubbos-hvm perf=0.111220 vp=0.427130 cap=170.852149
[1372065151.403022] vm=rubis-hvm perf=0.608251 vp=0.572870 cap=229.147851
[1372065156.813344] vm=rubbos-hvm perf=0.364162 vp=0.388641 cap=155.456523
[1372065156.961286] vm=rubis-hvm perf=-0.670889 vp=0.611359 cap=244.543477
[1372065162.362037] vm=rubbos-hvm perf=-0.447660 vp=0.451132 cap=180.452941
[1372065162.531098] vm=rubis-hvm perf=0.760577 vp=0.548868 cap=219.547059
[1372065167.901841] vm=rubbos-hvm perf=-0.071172 vp=0.469243 cap=187.697375
[1372065168.072280] vm=rubis-hvm perf=0.291603 vp=0.530757 cap=212.302625
[1372065173.471518] vm=rubbos-hvm perf=-0.118936 vp=0.499071 cap=199.628504
[1372065173.659439] vm=rubis-hvm perf=0.499952 vp=0.500929 cap=200.371496
[1372065179.058624] vm=rubbos-hvm perf=0.243640 vp=0.499071 cap=199.628504
[1372065179.227766] vm=rubis-hvm perf=0.347929 vp=0.500929 cap=200.371496
[1372065184.622539] vm=rubbos-hvm perf=-0.044404 vp=0.529506 cap=211.802590
[1372065184.788864] vm=rubis-hvm perf=0.603513 vp=0.470494 cap=188.197410
[1372065190.193941] vm=rubbos-hvm perf=0.561186 vp=0.529506 cap=211.802590
[1372065190.366660] vm=rubis-hvm perf=0.520224 vp=0.470494 cap=188.197410
[1372065195.764676] vm=rubbos-hvm perf=0.396084 vp=0.491624 cap=196.649585
[1372065195.941256] vm=rubis-hvm perf=-0.375679 vp=0.508376 cap=203.350415
[1372065201.329984] vm=rubbos-hvm perf=0.575116 vp=0.491624 cap=196.649585
[1372065201.487252] vm=rubis-hvm perf=0.524131 vp=0.508376 cap=203.350415
[1372065206.912938] vm=rubbos-hvm perf=-0.070506 vp=0.498679 cap=199.471443
[1372065207.102940] vm=rubis-hvm perf=0.070210 vp=0.501321 cap=200.528557
[1372065212.499229] vm=rubbos-hvm perf=0.572320 vp=0.498679 cap=199.471443
[1372065212.656526] vm=rubis-hvm perf=0.570432 vp=0.501321 cap=200.528557
[1372065218.081265] vm=rubbos-hvm perf=0.369072 vp=0.498679 cap=199.471443
[1372065218.241036] vm=rubis-hvm perf=0.087698 vp=0.501321 cap=200.528557
[1372065223.662836] vm=rubbos-hvm perf=0.361838 vp=0.498679 cap=199.471443
[1372065223.837375] vm=rubis-hvm perf=0.613499 vp=0.501321 cap=200.528557
[1372065229.229343] vm=rubbos-hvm perf=0.233654 vp=0.483081 cap=193.232512
[1372065229.367405] vm=rubis-hvm perf=-0.088835 vp=0.516919 cap=206.767488
[1372065234.751984] vm=rubbos-hvm perf=-0.268376 vp=0.489290 cap=195.716141
[1372065234.917957] vm=rubis-hvm perf=-0.222909 vp=0.510710 cap=204.283859
[1372065240.303937] vm=rubbos-hvm perf=-0.467568 vp=0.531519 cap=212.607606
[1372065240.477815] vm=rubis-hvm perf=0.433089 vp=0.468481 cap=187.392394
[1372065245.870545] vm=rubbos-hvm perf=-1.000000 vp=0.621149 cap=248.459719
[1372065246.015919] vm=rubis-hvm perf=-0.038248 vp=0.378851 cap=151.540281
[1372065251.410479] vm=rubbos-hvm perf=0.025730 vp=0.610576 cap=244.230394
[1372065251.565316] vm=rubis-hvm perf=-0.123701 vp=0.389424 cap=155.769606
[1372065256.988356] vm=rubbos-hvm perf=0.406988 vp=0.551921 cap=220.768555
[1372065257.153531] vm=rubis-hvm perf=-0.610696 vp=0.448079 cap=179.231445
[1372065262.543792] vm=rubbos-hvm perf=-0.019718 vp=0.580860 cap=232.343916
[1372065262.677511] vm=rubis-hvm perf=0.609464 vp=0.419140 cap=167.656084
[1372065268.093112] vm=rubbos-hvm perf=0.338834 vp=0.507489 cap=202.995661
[1372065268.231761] vm=rubis-hvm perf=-1.000000 vp=0.492511 cap=197.004339
[1372065273.615988] vm=rubbos-hvm perf=-0.560980 vp=0.560617 cap=224.246637
[1372065273.769806] vm=rubis-hvm perf=0.646870 vp=0.439383 cap=175.753363
[1372065279.179357] vm=rubbos-hvm perf=0.060750 vp=0.560617 cap=224.246637
[1372065279.365859] vm=rubis-hvm perf=0.540314 vp=0.439383 cap=175.753363
[1372065284.772259] vm=rubbos-hvm perf=0.111742 vp=0.560617 cap=224.246637
[1372065284.936231] vm=rubis-hvm perf=0.761068 vp=0.439383 cap=175.753363
[1372065290.323662] vm=rubbos-hvm perf=-0.324342 vp=0.603146 cap=241.258263
[1372065290.487337] vm=rubis-hvm perf=0.701579 vp=0.396854 cap=158.741737
[1372065295.852440] vm=rubbos-hvm perf=0.416312 vp=0.603146 cap=241.258263
[1372065296.009531] vm=rubis-hvm perf=0.589548 vp=0.396854 cap=158.741737
[1372065301.414378] vm=rubbos-hvm perf=0.142004 vp=0.573756 cap=229.502247
[1372065301.575790] vm=rubis-hvm perf=-0.331205 vp=0.426244 cap=170.497753
[1372065306.969592] vm=rubbos-hvm perf=0.537934 vp=0.573756 cap=229.502247
[1372065307.147554] vm=rubis-hvm perf=0.492315 vp=0.426244 cap=170.497753
[1372065312.529527] vm=rubbos-hvm perf=0.068882 vp=0.573756 cap=229.502247
[1372065312.688978] vm=rubis-hvm perf=0.699158 vp=0.426244 cap=170.497753
[1372065318.079474] vm=rubbos-hvm perf=0.331484 vp=0.535439 cap=214.175536
[1372065318.233809] vm=rubis-hvm perf=-0.377363 vp=0.464561 cap=185.824464
[1372065323.642132] vm=rubbos-hvm perf=-0.278178 vp=0.571131 cap=228.452325
[1372065323.815632] vm=rubis-hvm perf=0.535797 vp=0.428869 cap=171.547675
[1372065329.224759] vm=rubbos-hvm perf=0.218544 vp=0.571131 cap=228.452325
[1372065329.392978] vm=rubis-hvm perf=0.675594 vp=0.428869 cap=171.547675
[1372065334.814973] vm=rubbos-hvm perf=0.189234 vp=0.526404 cap=210.561517
[1372065334.962327] vm=rubis-hvm perf=-0.601752 vp=0.473596 cap=189.438483
[1372065340.375152] vm=rubbos-hvm perf=0.302436 vp=0.526404 cap=210.561517
[1372065340.554822] vm=rubis-hvm perf=0.696932 vp=0.473596 cap=189.438483
[1372065345.946461] vm=rubbos-hvm perf=-0.788976 vp=0.585547 cap=234.218855
[1372065346.106435] vm=rubis-hvm perf=0.645617 vp=0.414453 cap=165.781145
[1372065351.538043] vm=rubbos-hvm perf=0.283806 vp=0.585547 cap=234.218855
[1372065351.696700] vm=rubis-hvm perf=0.618062 vp=0.414453 cap=165.781145
[1372065357.095661] vm=rubbos-hvm perf=0.202878 vp=0.585547 cap=234.218855
[1372065357.278368] vm=rubis-hvm perf=0.452262 vp=0.414453 cap=165.781145
[1372065362.692332] vm=rubbos-hvm perf=0.540002 vp=0.585547 cap=234.218855
[1372065362.858220] vm=rubis-hvm perf=0.320073 vp=0.414453 cap=165.781145
[1372065368.266901] vm=rubbos-hvm perf=0.533048 vp=0.517237 cap=206.894616
[1372065368.422692] vm=rubis-hvm perf=-0.750441 vp=0.482763 cap=193.105384
[1372065373.822563] vm=rubbos-hvm perf=0.101028 vp=0.517237 cap=206.894616
[1372065373.994722] vm=rubis-hvm perf=0.140317 vp=0.482763 cap=193.105384
[1372065379.404313] vm=rubbos-hvm perf=-0.270640 vp=0.555374 cap=222.149621
[1372065379.568434] vm=rubis-hvm perf=0.576558 vp=0.444626 cap=177.850379
[1372065384.969516] vm=rubbos-hvm perf=0.167022 vp=0.555374 cap=222.149621
[1372065385.132324] vm=rubis-hvm perf=0.795271 vp=0.444626 cap=177.850379
[1372065390.558381] vm=rubbos-hvm perf=0.533106 vp=0.555374 cap=222.149621
[1372065390.726096] vm=rubis-hvm perf=0.149869 vp=0.444626 cap=177.850379
[1372065396.107089] vm=rubbos-hvm perf=0.234206 vp=0.555374 cap=222.149621
[1372065396.269584] vm=rubis-hvm perf=0.404574 vp=0.444626 cap=177.850379
[1372065401.678007] vm=rubbos-hvm perf=0.248534 vp=0.534835 cap=213.934199
[1372065401.846063] vm=rubis-hvm perf=-0.146754 vp=0.465165 cap=186.065801
[1372065407.231940] vm=rubbos-hvm perf=0.263000 vp=0.534835 cap=213.934199
[1372065407.398184] vm=rubis-hvm perf=0.485840 vp=0.465165 cap=186.065801
[1372065412.787463] vm=rubbos-hvm perf=0.427998 vp=0.534835 cap=213.934199
[1372065412.965174] vm=rubis-hvm perf=0.292854 vp=0.465165 cap=186.065801
[1372065418.344296] vm=rubbos-hvm perf=0.106916 vp=0.534835 cap=213.934199
[1372065418.513459] vm=rubis-hvm perf=0.525920 vp=0.465165 cap=186.065801
[1372065423.907094] vm=rubbos-hvm perf=0.188916 vp=0.534835 cap=213.934199
[1372065424.073142] vm=rubis-hvm perf=0.556548 vp=0.465165 cap=186.065801
[1372065429.481826] vm=rubbos-hvm perf=0.071966 vp=0.534835 cap=213.934199
[1372065429.652479] vm=rubis-hvm perf=0.553395 vp=0.465165 cap=186.065801
[1372065435.043117] vm=rubbos-hvm perf=0.463744 vp=0.534835 cap=213.934199
[1372065435.220497] vm=rubis-hvm perf=0.801923 vp=0.465165 cap=186.065801
[1372065440.622275] vm=rubbos-hvm perf=0.170610 vp=0.534835 cap=213.934199
[1372065440.793271] vm=rubis-hvm perf=0.769897 vp=0.465165 cap=186.065801
[1372065446.212211] vm=rubbos-hvm perf=-0.230532 vp=0.574049 cap=229.619400
[1372065446.389199] vm=rubis-hvm perf=0.660135 vp=0.425951 cap=170.380600
[1372065451.782474] vm=rubbos-hvm perf=0.077792 vp=0.574049 cap=229.619400
[1372065451.966263] vm=rubis-hvm perf=0.772227 vp=0.425951 cap=170.380600
[1372065457.372801] vm=rubbos-hvm perf=0.515476 vp=0.574049 cap=229.619400
[1372065457.530745] vm=rubis-hvm perf=0.829034 vp=0.425951 cap=170.380600
[1372065462.925930] vm=rubbos-hvm perf=0.272086 vp=0.574049 cap=229.619400
[1372065463.077869] vm=rubis-hvm perf=0.814868 vp=0.425951 cap=170.380600
[1372065468.456714] vm=rubbos-hvm perf=0.504418 vp=0.574049 cap=229.619400
[1372065468.629675] vm=rubis-hvm perf=0.834957 vp=0.425951 cap=170.380600
[1372065474.024419] vm=rubbos-hvm perf=0.547092 vp=0.574049 cap=229.619400
[1372065474.180824] vm=rubis-hvm perf=0.806147 vp=0.425951 cap=170.380600
[1372065479.563395] vm=rubbos-hvm perf=0.314612 vp=0.574049 cap=229.619400
[1372065479.710027] vm=rubis-hvm perf=0.796938 vp=0.425951 cap=170.380600
[1372065485.143106] vm=rubbos-hvm perf=0.142742 vp=0.574049 cap=229.619400
[1372065485.308517] vm=rubis-hvm perf=0.779143 vp=0.425951 cap=170.380600
[1372065490.696214] vm=rubbos-hvm perf=0.117772 vp=0.574049 cap=229.619400
[1372065490.875494] vm=rubis-hvm perf=0.825753 vp=0.425951 cap=170.380600
[1372065496.288708] vm=rubbos-hvm perf=0.204700 vp=0.574049 cap=229.619400
[1372065496.456133] vm=rubis-hvm perf=0.796372 vp=0.425951 cap=170.380600
[1372065501.892207] vm=rubbos-hvm perf=0.155214 vp=0.574049 cap=229.619400
[1372065502.073480] vm=rubis-hvm perf=0.733251 vp=0.425951 cap=170.380600
[1372065507.460849] vm=rubbos-hvm perf=0.312702 vp=0.574049 cap=229.619400
[1372065507.628732] vm=rubis-hvm perf=0.796424 vp=0.425951 cap=170.380600
[1372065513.049114] vm=rubbos-hvm perf=0.299072 vp=0.574049 cap=229.619400
[1372065513.233522] vm=rubis-hvm perf=0.780234 vp=0.425951 cap=170.380600
[1372065518.641111] vm=rubbos-hvm perf=0.140656 vp=0.574049 cap=229.619400
[1372065518.797898] vm=rubis-hvm perf=0.811391 vp=0.425951 cap=170.380600
[1372065524.213512] vm=rubbos-hvm perf=0.411972 vp=0.574049 cap=229.619400
[1372065524.390774] vm=rubis-hvm perf=0.795052 vp=0.425951 cap=170.380600
[1372065529.779428] vm=rubbos-hvm perf=0.287698 vp=0.574049 cap=229.619400
[1372065529.952491] vm=rubis-hvm perf=0.815841 vp=0.425951 cap=170.380600
[1372065535.351697] vm=rubbos-hvm perf=-0.154414 vp=0.613910 cap=245.564055
[1372065535.504059] vm=rubis-hvm perf=0.784689 vp=0.386090 cap=154.435945
[1372065540.921521] vm=rubbos-hvm perf=-0.115202 vp=0.650210 cap=260.083818
[1372065541.095178] vm=rubis-hvm perf=0.772744 vp=0.349790 cap=139.916182
[1372065546.482895] vm=rubbos-hvm perf=0.161438 vp=0.650210 cap=260.083818
[1372065546.668109] vm=rubis-hvm perf=0.737036 vp=0.349790 cap=139.916182
[1372065552.057302] vm=rubbos-hvm perf=0.292366 vp=0.650210 cap=260.083818
[1372065552.220333] vm=rubis-hvm perf=0.745387 vp=0.349790 cap=139.916182
[1372065557.615292] vm=rubbos-hvm perf=0.128000 vp=0.650210 cap=260.083818
[1372065557.782680] vm=rubis-hvm perf=0.728761 vp=0.349790 cap=139.916182
[1372065563.152934] vm=rubbos-hvm perf=0.453100 vp=0.650210 cap=260.083818
[1372065563.300852] vm=rubis-hvm perf=0.763333 vp=0.349790 cap=139.916182
[1372065568.659429] vm=rubbos-hvm perf=-0.106186 vp=0.685463 cap=274.185004
[1372065568.841698] vm=rubis-hvm perf=0.804742 vp=0.314537 cap=125.814996
[1372065574.249277] vm=rubbos-hvm perf=0.302650 vp=0.685463 cap=274.185004
[1372065574.434157] vm=rubis-hvm perf=0.839145 vp=0.314537 cap=125.814996
[1372065579.818946] vm=rubbos-hvm perf=0.115464 vp=0.685463 cap=274.185004
[1372065579.978979] vm=rubis-hvm perf=0.655587 vp=0.314537 cap=125.814996
[1372065585.366592] vm=rubbos-hvm perf=0.125466 vp=0.685463 cap=274.185004
[1372065585.549099] vm=rubis-hvm perf=0.633092 vp=0.314537 cap=125.814996
[1372065590.931473] vm=rubbos-hvm perf=-0.391026 vp=0.722212 cap=288.884931
[1372065591.087087] vm=rubis-hvm perf=0.785573 vp=0.277788 cap=111.115069
[1372065596.478361] vm=rubbos-hvm perf=0.566812 vp=0.722212 cap=288.884931
[1372065596.646086] vm=rubis-hvm perf=0.462924 vp=0.277788 cap=111.115069
[1372065602.029955] vm=rubbos-hvm perf=0.444516 vp=0.722212 cap=288.884931
[1372065602.217586] vm=rubis-hvm perf=0.828947 vp=0.277788 cap=111.115069
[1372065607.605902] vm=rubbos-hvm perf=0.712874 vp=0.722212 cap=288.884931
[1372065607.771362] vm=rubis-hvm perf=0.807800 vp=0.277788 cap=111.115069
[1372065613.173398] vm=rubbos-hvm perf=0.078936 vp=0.722212 cap=288.884931
[1372065613.346873] vm=rubis-hvm perf=0.797484 vp=0.277788 cap=111.115069
[1372065618.733185] vm=rubbos-hvm perf=0.085524 vp=0.722212 cap=288.884931
[1372065618.915936] vm=rubis-hvm perf=0.808504 vp=0.277788 cap=111.115069
[1372065624.296340] vm=rubbos-hvm perf=0.102504 vp=0.722212 cap=288.884931
[1372065624.458593] vm=rubis-hvm perf=0.805280 vp=0.277788 cap=111.115069
