[1371494826.136674] latency=nan:nan:nan:nan:nan:(-nan)ms throughput=0rps rr=-nan% cr=-nan% errors=0 total=0
[1371494827.140670] latency=nan:nan:nan:nan:nan:(-nan)ms throughput=0rps rr=-nan% cr=-nan% errors=0 total=0
[1371494828.144630] latency=nan:nan:nan:nan:nan:(-nan)ms throughput=0rps rr=-nan% cr=-nan% errors=0 total=0
[1371494829.148670] latency=nan:nan:nan:nan:nan:(-nan)ms throughput=0rps rr=-nan% cr=-nan% errors=0 total=0
[1371494830.152647] latency=nan:nan:nan:nan:nan:(-nan)ms throughput=0rps rr=-nan% cr=-nan% errors=0 total=0
[1371494831.156622] latency=nan:nan:nan:nan:nan:(-nan)ms throughput=0rps rr=-nan% cr=-nan% errors=0 total=0
[1371494832.160609] latency=nan:nan:nan:nan:nan:(-nan)ms throughput=0rps rr=-nan% cr=-nan% errors=0 total=0
[1371494833.164654] latency=nan:nan:nan:nan:nan:(-nan)ms throughput=0rps rr=-nan% cr=-nan% errors=0 total=0
[1371494834.168631] latency=nan:nan:nan:nan:nan:(-nan)ms throughput=0rps rr=-nan% cr=-nan% errors=0 total=0
[1371494835.172666] latency=nan:nan:nan:nan:nan:(-nan)ms throughput=0rps rr=-nan% cr=-nan% errors=0 total=0
[1371494836.176666] latency=nan:nan:nan:nan:nan:(-nan)ms throughput=0rps rr=-nan% cr=-nan% errors=0 total=0
[1371494836.176936] set thinktime=3.000000
[1371494836.177020] set concurrency=100
[1371494837.224679] latency=4:26:72:199:305:(116)ms throughput=29rps rr=80.00% cr=0.00% errors=0 total=30
[1371494838.228650] latency=4:6:66:209:282:(103)ms throughput=33rps rr=57.58% cr=0.00% errors=0 total=63
[1371494839.232653] latency=3:6:29:153:308:(80)ms throughput=32rps rr=53.12% cr=0.00% errors=0 total=95
[1371494840.236644] latency=4:6:9:155:229:(71)ms throughput=27rps rr=48.15% cr=0.00% errors=0 total=122
[1371494841.240699] latency=4:5:10:134:320:(80)ms throughput=33rps rr=48.48% cr=0.00% errors=0 total=155
[1371494842.244647] latency=4:4:20:463:712:(204)ms throughput=26rps rr=50.00% cr=0.00% errors=0 total=181
[1371494843.248668] latency=3:109:400:600:861:(381)ms throughput=33rps rr=81.82% cr=0.00% errors=0 total=214
[1371494844.252634] latency=3:9:69:179:271:(99)ms throughput=36rps rr=69.44% cr=0.00% errors=0 total=250
[1371494845.256660] latency=4:5:8:156:234:(72)ms throughput=29rps rr=48.28% cr=0.00% errors=0 total=279
[1371494846.260635] latency=4:7:63:198:386:(102)ms throughput=35rps rr=65.71% cr=0.00% errors=0 total=314
[1371494847.268649] latency=4:5:31:143:241:(74)ms throughput=28rps rr=53.57% cr=0.00% errors=0 total=342
[1371494848.272632] latency=3:5:70:283:584:(152)ms throughput=43rps rr=58.14% cr=0.00% errors=0 total=385
[1371494849.276665] latency=4:10:177:350:672:(221)ms throughput=38rps rr=68.42% cr=0.00% errors=0 total=423
[1371494850.280631] latency=4:38:183:379:530:(221)ms throughput=40rps rr=80.00% cr=0.00% errors=0 total=463
[1371494851.284656] latency=3:5:123:202:419:(133)ms throughput=29rps rr=62.07% cr=0.00% errors=0 total=492
[1371494852.288632] latency=4:9:103:191:269:(112)ms throughput=24rps rr=70.83% cr=0.00% errors=0 total=516
[1371494853.292661] latency=5:6:41:170:250:(89)ms throughput=23rps rr=65.22% cr=0.00% errors=0 total=539
[1371494854.296635] latency=3:5:8:141:317:(78)ms throughput=35rps rr=51.43% cr=0.00% errors=0 total=574
[1371494855.300649] latency=5:5:6:53:215:(44)ms throughput=25rps rr=32.00% cr=0.00% errors=0 total=599
[1371494856.304635] latency=4:6:71:123:290:(82)ms throughput=40rps rr=65.00% cr=0.00% errors=0 total=639
[1371494857.308659] latency=4:7:31:135:315:(82)ms throughput=28rps rr=64.29% cr=0.00% errors=0 total=667
[1371494858.312630] latency=3:5:91:187:326:(108)ms throughput=36rps rr=63.89% cr=0.00% errors=0 total=703
[1371494859.316650] latency=4:6:49:173:350:(99)ms throughput=31rps rr=54.84% cr=0.00% errors=0 total=734
[1371494860.320629] latency=4:8:104:163:316:(106)ms throughput=29rps rr=68.97% cr=0.00% errors=0 total=763
[1371494861.324662] latency=5:9:36:113:258:(68)ms throughput=34rps rr=70.59% cr=0.00% errors=0 total=797
[1371494862.328644] latency=4:5:87:158:235:(87)ms throughput=26rps rr=57.69% cr=0.00% errors=0 total=823
[1371494863.332651] latency=4:34:128:238:497:(168)ms throughput=37rps rr=75.68% cr=0.00% errors=0 total=860
[1371494864.336647] latency=3:6:49:218:319:(106)ms throughput=27rps rr=55.56% cr=0.00% errors=0 total=887
[1371494865.340666] latency=4:8:49:190:319:(102)ms throughput=35rps rr=74.29% cr=0.00% errors=0 total=922
[1371494866.344654] latency=4:7:102:373:658:(188)ms throughput=34rps rr=70.59% cr=0.00% errors=0 total=956
[1371494867.348659] latency=3:5:121:174:581:(123)ms throughput=27rps rr=66.67% cr=0.00% errors=0 total=983
[1371494868.352673] latency=4:23:98:154:221:(96)ms throughput=29rps rr=79.31% cr=0.00% errors=0 total=1012
[1371494869.356659] latency=4:6:77:163:230:(86)ms throughput=28rps rr=64.29% cr=0.00% errors=0 total=1040
[1371494870.360658] latency=5:24:113:180:243:(112)ms throughput=19rps rr=78.95% cr=0.00% errors=0 total=1059
[1371494871.364657] latency=3:6:67:189:315:(103)ms throughput=38rps rr=68.42% cr=0.00% errors=0 total=1097
[1371494872.368645] latency=3:6:65:178:335:(99)ms throughput=45rps rr=71.11% cr=0.00% errors=0 total=1142
[1371494873.372658] latency=4:33:142:231:276:(132)ms throughput=23rps rr=78.26% cr=0.00% errors=0 total=1165
[1371494874.376645] latency=4:42:150:240:397:(159)ms throughput=31rps rr=87.10% cr=0.00% errors=0 total=1196
[1371494875.380647] latency=3:73:206:324:623:(226)ms throughput=23rps rr=82.61% cr=0.00% errors=0 total=1219
[1371494876.384651] latency=6:129:335:409:866:(303)ms throughput=31rps rr=87.10% cr=0.00% errors=0 total=1250
[1371494877.388663] latency=4:55:149:451:734:(249)ms throughput=40rps rr=90.00% cr=0.00% errors=0 total=1290
[1371494878.392647] latency=5:6:41:123:376:(80)ms throughput=23rps rr=65.22% cr=0.00% errors=0 total=1313
[1371494879.396654] latency=4:118:405:560:922:(383)ms throughput=25rps rr=76.00% cr=0.00% errors=0 total=1338
[1371494880.400652] latency=4:20:368:727:974:(396)ms throughput=34rps rr=85.29% cr=0.00% errors=0 total=1372
[1371494881.404663] latency=4:44:259:408:767:(264)ms throughput=39rps rr=79.49% cr=0.00% errors=0 total=1411
[1371494882.408647] latency=4:114:301:604:744:(334)ms throughput=24rps rr=87.50% cr=0.00% errors=0 total=1435
[1371494883.412655] latency=4:44:227:436:833:(264)ms throughput=38rps rr=81.58% cr=0.00% errors=0 total=1473
[1371494884.416648] latency=3:5:66:155:237:(82)ms throughput=35rps rr=65.71% cr=0.00% errors=0 total=1508
[1371494885.420659] latency=4:157:327:431:739:(310)ms throughput=27rps rr=100.00% cr=0.00% errors=0 total=1535
[1371494886.424660] latency=3:6:93:222:433:(134)ms throughput=36rps rr=72.22% cr=0.00% errors=0 total=1571
[1371494887.428650] latency=3:7:68:199:250:(104)ms throughput=34rps rr=73.53% cr=0.00% errors=0 total=1605
[1371494888.432647] latency=4:24:102:180:332:(119)ms throughput=30rps rr=80.00% cr=0.00% errors=0 total=1635
[1371494889.436657] latency=3:16:119:230:327:(137)ms throughput=36rps rr=80.56% cr=0.00% errors=0 total=1671
[1371494890.440642] latency=5:15:66:205:275:(103)ms throughput=24rps rr=75.00% cr=0.00% errors=0 total=1695
[1371494891.444652] latency=4:12:49:152:244:(83)ms throughput=39rps rr=71.79% cr=0.00% errors=0 total=1734
[1371494892.448645] latency=4:6:61:111:254:(77)ms throughput=25rps rr=68.00% cr=0.00% errors=0 total=1759
[1371494893.452661] latency=4:40:241:380:664:(255)ms throughput=38rps rr=81.58% cr=0.00% errors=0 total=1797
[1371494894.456651] latency=4:108:226:317:632:(242)ms throughput=33rps rr=84.85% cr=0.00% errors=0 total=1830
[1371494895.460651] latency=4:24:273:564:842:(313)ms throughput=30rps rr=80.00% cr=0.00% errors=0 total=1860
[1371494896.464654] latency=4:99:399:570:986:(399)ms throughput=27rps rr=85.19% cr=0.00% errors=0 total=1887
[1371494897.468659] latency=3:202:372:654:1019:(436)ms throughput=38rps rr=94.74% cr=0.00% errors=0 total=1925
[1371494898.472649] latency=4:31:152:277:403:(160)ms throughput=25rps rr=88.00% cr=0.00% errors=0 total=1950
[1371494899.476641] latency=4:21:153:307:678:(195)ms throughput=37rps rr=86.49% cr=0.00% errors=0 total=1987
[1371494900.480644] latency=4:117:224:368:617:(258)ms throughput=27rps rr=96.30% cr=0.00% errors=0 total=2014
[1371494901.484666] latency=4:33:212:412:873:(275)ms throughput=29rps rr=82.76% cr=0.00% errors=0 total=2043
[1371494902.488650] latency=4:258:642:850:1436:(579)ms throughput=34rps rr=94.12% cr=0.00% errors=0 total=2077
[1371494903.492652] latency=3:129:416:587:1229:(449)ms throughput=20rps rr=85.00% cr=0.00% errors=0 total=2097
[1371494904.496647] latency=3:309:743:1127:1472:(688)ms throughput=34rps rr=91.18% cr=0.00% errors=0 total=2131
[1371494905.500659] latency=5:169:332:535:1183:(401)ms throughput=38rps rr=86.84% cr=0.00% errors=0 total=2169
[1371494906.504659] latency=4:36:177:196:418:(151)ms throughput=31rps rr=77.42% cr=0.00% errors=0 total=2200
[1371494907.508652] latency=4:24:88:217:430:(135)ms throughput=32rps rr=78.12% cr=0.00% errors=0 total=2232
[1371494908.512643] latency=4:5:118:247:459:(158)ms throughput=27rps rr=70.37% cr=0.00% errors=0 total=2259
[1371494909.516654] latency=4:7:48:149:278:(82)ms throughput=32rps rr=65.62% cr=0.00% errors=0 total=2291
[1371494910.520645] latency=5:6:34:154:255:(77)ms throughput=40rps rr=55.00% cr=0.00% errors=0 total=2331
[1371494911.524650] latency=3:5:6:116:242:(62)ms throughput=33rps rr=48.48% cr=0.00% errors=0 total=2364
[1371494912.528643] latency=4:21:148:210:405:(137)ms throughput=25rps rr=80.00% cr=0.00% errors=0 total=2389
[1371494913.532656] latency=3:8:76:210:526:(136)ms throughput=33rps rr=69.70% cr=0.00% errors=0 total=2422
[1371494914.536648] latency=4:6:33:141:428:(84)ms throughput=24rps rr=66.67% cr=0.00% errors=0 total=2446
[1371494915.540630] latency=4:5:68:170:243:(89)ms throughput=27rps rr=59.26% cr=0.00% errors=0 total=2473
[1371494916.544656] latency=5:13:47:120:207:(71)ms throughput=19rps rr=73.68% cr=0.00% errors=0 total=2492
[1371494917.548658] latency=4:29:104:166:271:(107)ms throughput=28rps rr=78.57% cr=0.00% errors=0 total=2520
[1371494918.552675] latency=4:7:101:194:280:(110)ms throughput=30rps rr=73.33% cr=0.00% errors=0 total=2550
[1371494919.556651] latency=5:6:91:170:263:(92)ms throughput=25rps rr=64.00% cr=0.00% errors=0 total=2575
[1371494920.560646] latency=3:7:108:178:301:(115)ms throughput=30rps rr=86.67% cr=0.00% errors=0 total=2605
[1371494921.564665] latency=4:6:80:196:349:(113)ms throughput=31rps rr=67.74% cr=0.00% errors=0 total=2636
[1371494922.568645] latency=3:78:193:334:460:(205)ms throughput=33rps rr=84.85% cr=0.00% errors=0 total=2669
[1371494923.572652] latency=4:11:234:398:862:(239)ms throughput=27rps rr=77.78% cr=0.00% errors=0 total=2696
[1371494924.576643] latency=3:34:262:813:1083:(385)ms throughput=40rps rr=77.50% cr=0.00% errors=0 total=2736
[1371494925.580644] latency=4:5:86:126:236:(81)ms throughput=25rps rr=64.00% cr=0.00% errors=0 total=2761
[1371494926.584652] latency=5:11:114:174:262:(108)ms throughput=23rps rr=78.26% cr=0.00% errors=0 total=2784
[1371494927.588637] latency=4:7:133:257:472:(168)ms throughput=31rps rr=70.97% cr=0.00% errors=0 total=2815
[1371494928.592648] latency=4:6:115:208:370:(124)ms throughput=30rps rr=76.67% cr=0.00% errors=0 total=2845
[1371494929.596640] latency=4:24:142:203:272:(127)ms throughput=23rps rr=78.26% cr=0.00% errors=0 total=2868
[1371494930.600649] latency=4:36:119:307:493:(174)ms throughput=32rps rr=78.12% cr=0.00% errors=0 total=2900
[1371494931.604633] latency=4:31:133:225:385:(151)ms throughput=27rps rr=85.19% cr=0.00% errors=0 total=2927
[1371494932.608647] latency=4:21:123:234:354:(129)ms throughput=28rps rr=78.57% cr=0.00% errors=0 total=2955
[1371494933.612642] latency=5:12:75:168:301:(96)ms throughput=30rps rr=66.67% cr=0.00% errors=0 total=2985
[1371494934.616651] latency=3:5:126:230:336:(131)ms throughput=26rps rr=76.92% cr=0.00% errors=0 total=3011
[1371494935.620638] latency=25:158:281:417:540:(276)ms throughput=28rps rr=100.00% cr=0.00% errors=0 total=3039
[1371494936.624674] latency=3:22:152:248:331:(144)ms throughput=30rps rr=76.67% cr=0.00% errors=0 total=3069
[1371494936.624825] set concurrency=400
[1371494937.732697] latency=4:10:55:181:936:(135)ms throughput=29rps rr=43.75% cr=0.00% errors=0 total=3101
[1371494938.736671] latency=5:58:162:651:1703:(380)ms throughput=30rps rr=56.67% cr=0.00% errors=0 total=3131
[1371494939.740671] latency=5:96:257:1586:3086:(897)ms throughput=25rps rr=56.00% cr=0.00% errors=0 total=3156
[1371494940.744688] latency=4:109:232:371:3153:(617)ms throughput=29rps rr=31.03% cr=0.00% errors=0 total=3185
[1371494941.748670] latency=4:148:322:3731:4562:(1504)ms throughput=25rps rr=52.00% cr=0.00% errors=0 total=3210
[1371494942.752693] latency=4:55:352:555:5959:(946)ms throughput=32rps rr=25.00% cr=0.00% errors=0 total=3242
[1371494943.756676] latency=4:260:739:2994:6571:(1867)ms throughput=25rps rr=36.00% cr=0.00% errors=0 total=3267
[1371494944.760677] latency=4:174:4247:6357:7867:(3272)ms throughput=27rps rr=51.85% cr=0.00% errors=0 total=3294
[1371494945.764658] latency=4:113:267:1749:8552:(1564)ms throughput=31rps rr=32.26% cr=0.00% errors=0 total=3325
[1371494946.768694] latency=4:256:1706:8515:10002:(4174)ms throughput=34rps rr=38.24% cr=0.00% errors=5 total=3359
[1371494947.772679] latency=4:667:10001:10002:10002:(7086)ms throughput=83rps rr=10.84% cr=0.00% errors=53 total=3442
[1371494948.776704] latency=4:209:8626:10002:10002:(5521)ms throughput=86rps rr=9.30% cr=0.00% errors=41 total=3528
[1371494949.780673] latency=4:288:10000:10002:10002:(5690)ms throughput=84rps rr=3.57% cr=0.00% errors=45 total=3612
[1371494950.784692] latency=4:185:512:10001:10002:(4040)ms throughput=78rps rr=8.97% cr=0.00% errors=27 total=3690
[1371494951.788695] latency=4:261:698:10001:10002:(4043)ms throughput=88rps rr=9.09% cr=0.00% errors=31 total=3778
[1371494952.796661] latency=4:251:494:1590:10002:(2670)ms throughput=81rps rr=3.66% cr=0.00% errors=19 total=3860
[1371494953.800686] latency=4:95:390:1032:10002:(2300)ms throughput=67rps rr=7.46% cr=0.00% errors=13 total=3927
[1371494954.804670] latency=4:142:363:796:10002:(2189)ms throughput=82rps rr=3.66% cr=0.00% errors=15 total=4009
[1371494955.812681] latency=4:79:321:1363:10002:(2423)ms throughput=87rps rr=5.68% cr=0.00% errors=17 total=4097
[1371494956.816671] latency=4:58:287:724:10002:(1945)ms throughput=90rps rr=7.78% cr=0.00% errors=13 total=4187
[1371494957.820701] latency=4:147:338:559:10002:(1610)ms throughput=85rps rr=3.53% cr=0.00% errors=10 total=4272
[1371494958.824630] latency=4:161:276:479:10002:(1633)ms throughput=103rps rr=2.91% cr=0.00% errors=13 total=4375
[1371494959.828627] latency=4:172:323:603:10002:(2277)ms throughput=97rps rr=1.03% cr=0.00% errors=19 total=4472
[1371494960.832613] latency=4:15:318:733:10002:(2196)ms throughput=95rps rr=2.11% cr=0.00% errors=18 total=4567
[1371494961.836613] latency=4:105:345:869:10002:(1936)ms throughput=108rps rr=1.85% cr=0.00% errors=17 total=4675
[1371494962.840618] latency=4:44:359:771:10002:(1786)ms throughput=96rps rr=6.25% cr=0.00% errors=10 total=4771
[1371494963.844614] latency=4:104:328:595:10002:(1243)ms throughput=92rps rr=3.26% cr=0.00% errors=7 total=4863
[1371494964.848578] latency=4:78:352:595:10002:(1398)ms throughput=107rps rr=7.48% cr=0.00% errors=9 total=4970
[1371494965.852619] latency=4:83:249:595:10002:(1263)ms throughput=108rps rr=4.63% cr=0.00% errors=8 total=5078
[1371494966.856624] latency=4:24:210:339:10002:(836)ms throughput=119rps rr=1.68% cr=0.00% errors=6 total=5197
[1371494967.860608] latency=4:39:155:294:10002:(933)ms throughput=112rps rr=4.46% cr=0.00% errors=6 total=5309
[1371494968.864629] latency=4:92:276:519:10001:(1059)ms throughput=96rps rr=5.21% cr=0.00% errors=5 total=5405
[1371494969.868601] latency=4:34:167:393:10002:(527)ms throughput=106rps rr=0.00% cr=0.00% errors=3 total=5511
[1371494970.872615] latency=4:22:216:555:10002:(1038)ms throughput=111rps rr=2.70% cr=0.00% errors=7 total=5622
[1371494971.876607] latency=3:13:123:341:10002:(1061)ms throughput=113rps rr=2.65% cr=0.00% errors=9 total=5735
[1371494972.880658] latency=4:15:196:452:10002:(905)ms throughput=122rps rr=4.92% cr=0.00% errors=4 total=5857
[1371494973.884610] latency=3:14:129:270:10002:(712)ms throughput=125rps rr=3.20% cr=0.00% errors=5 total=5982
[1371494974.888609] latency=3:11:103:239:10002:(780)ms throughput=126rps rr=4.72% cr=0.00% errors=6 total=6109
[1371494975.892611] latency=3:6:48:138:10002:(395)ms throughput=123rps rr=1.63% cr=0.00% errors=3 total=6232
[1371494976.896612] latency=3:6:27:114:10002:(359)ms throughput=125rps rr=3.17% cr=0.00% errors=1 total=6358
[1371494977.900630] latency=3:5:10:43:10002:(572)ms throughput=152rps rr=9.15% cr=0.00% errors=3 total=6511
[1371494978.904613] latency=4:5:5:6:183:(7)ms throughput=122rps rr=0.82% cr=0.00% errors=0 total=6633
[1371494979.908609] latency=4:5:5:6:91:(8)ms throughput=148rps rr=2.68% cr=0.00% errors=0 total=6782
[1371494980.912605] latency=4:5:5:7:197:(9)ms throughput=137rps rr=2.17% cr=0.00% errors=0 total=6920
[1371494981.916628] latency=4:5:5:6:10:(6)ms throughput=139rps rr=0.00% cr=0.00% errors=0 total=7060
[1371494982.920663] latency=4:5:5:6:165:(8)ms throughput=131rps rr=1.52% cr=0.00% errors=0 total=7192
[1371494983.924610] latency=4:5:5:6:169:(7)ms throughput=111rps rr=1.80% cr=0.00% errors=0 total=7303
[1371494984.928632] latency=4:5:5:6:9:(6)ms throughput=119rps rr=0.00% cr=0.00% errors=0 total=7422
[1371494985.932658] latency=4:5:5:6:96:(7)ms throughput=121rps rr=0.83% cr=0.00% errors=0 total=7543
[1371494986.936624] latency=4:5:5:6:113:(7)ms throughput=145rps rr=1.37% cr=0.00% errors=0 total=7689
[1371494987.940601] latency=4:5:5:6:199:(7)ms throughput=151rps rr=1.32% cr=0.00% errors=0 total=7841
[1371494988.944663] latency=5:5:5:6:9:(6)ms throughput=134rps rr=0.00% cr=0.00% errors=0 total=7976
[1371494989.948599] latency=4:5:5:6:192:(7)ms throughput=138rps rr=1.44% cr=0.00% errors=0 total=8115
[1371494990.952654] latency=4:5:5:6:87:(6)ms throughput=129rps rr=0.77% cr=0.00% errors=0 total=8245
[1371494991.956615] latency=4:5:5:6:45:(6)ms throughput=167rps rr=0.60% cr=0.00% errors=0 total=8413
[1371494992.960679] latency=4:5:5:6:157:(7)ms throughput=141rps rr=1.41% cr=0.00% errors=0 total=8555
[1371494993.964697] latency=4:5:5:6:164:(7)ms throughput=129rps rr=0.77% cr=0.00% errors=0 total=8685
[1371494994.968683] latency=4:5:5:6:113:(7)ms throughput=119rps rr=1.68% cr=0.00% errors=0 total=8804
[1371494995.972699] latency=4:5:5:6:9:(6)ms throughput=133rps rr=0.75% cr=0.00% errors=0 total=8938
[1371494996.976657] latency=4:5:5:6:71:(6)ms throughput=127rps rr=1.56% cr=0.00% errors=0 total=9066
[1371494997.980717] latency=4:5:5:6:145:(9)ms throughput=117rps rr=3.42% cr=0.00% errors=0 total=9183
[1371494998.984713] latency=4:5:5:6:145:(7)ms throughput=133rps rr=0.75% cr=0.00% errors=0 total=9317
[1371494999.988697] latency=4:5:5:6:155:(7)ms throughput=136rps rr=1.46% cr=0.00% errors=0 total=9454
[1371495000.992665] latency=4:5:5:6:186:(10)ms throughput=134rps rr=2.22% cr=0.00% errors=0 total=9589
[1371495001.996677] latency=4:5:5:6:192:(10)ms throughput=144rps rr=3.45% cr=0.00% errors=0 total=9734
[1371495003.000682] latency=3:5:5:7:177:(8)ms throughput=125rps rr=1.60% cr=0.00% errors=0 total=9859
[1371495004.004700] latency=4:5:5:6:190:(9)ms throughput=129rps rr=2.31% cr=0.00% errors=0 total=9989
[1371495005.008679] latency=4:5:5:7:234:(14)ms throughput=133rps rr=4.48% cr=0.00% errors=0 total=10123
[1371495006.012703] latency=4:5:5:6:215:(9)ms throughput=152rps rr=3.27% cr=0.00% errors=0 total=10276
[1371495007.016672] latency=4:5:5:6:156:(8)ms throughput=126rps rr=2.36% cr=0.00% errors=0 total=10403
[1371495008.020750] latency=4:5:5:6:174:(10)ms throughput=144rps rr=4.14% cr=0.00% errors=0 total=10548
[1371495009.024708] latency=4:5:5:6:139:(7)ms throughput=127rps rr=0.78% cr=0.00% errors=0 total=10676
[1371495010.028703] latency=4:5:5:6:191:(10)ms throughput=137rps rr=3.62% cr=0.00% errors=0 total=10814
[1371495011.032667] latency=3:5:5:6:204:(13)ms throughput=128rps rr=3.88% cr=0.00% errors=0 total=10943
[1371495012.036708] latency=5:5:5:6:174:(7)ms throughput=114rps rr=1.75% cr=0.00% errors=0 total=11057
[1371495013.040680] latency=3:5:5:8:306:(18)ms throughput=138rps rr=5.76% cr=0.00% errors=0 total=11196
[1371495014.044703] latency=4:5:5:6:158:(9)ms throughput=121rps rr=2.48% cr=0.00% errors=0 total=11317
[1371495015.048680] latency=5:5:5:6:11:(6)ms throughput=127rps rr=0.00% cr=0.00% errors=0 total=11445
[1371495016.052697] latency=3:5:6:7:220:(15)ms throughput=116rps rr=6.03% cr=0.00% errors=0 total=11561
[1371495017.056682] latency=3:5:5:6:184:(9)ms throughput=108rps rr=2.78% cr=0.00% errors=0 total=11669
[1371495018.060643] latency=4:5:5:6:85:(7)ms throughput=126rps rr=3.17% cr=0.00% errors=0 total=11795
[1371495019.064630] latency=4:5:5:6:155:(9)ms throughput=156rps rr=3.82% cr=0.00% errors=0 total=11952
[1371495020.068631] latency=4:5:5:7:168:(11)ms throughput=134rps rr=5.19% cr=0.00% errors=0 total=12087
[1371495021.072628] latency=4:5:5:7:227:(11)ms throughput=146rps rr=5.44% cr=0.00% errors=0 total=12234
[1371495022.076636] latency=4:5:5:6:198:(9)ms throughput=148rps rr=2.01% cr=0.00% errors=0 total=12383
[1371495023.100627] latency=4:5:5:6:195:(10)ms throughput=143rps rr=3.42% cr=0.00% errors=0 total=12529
[1371495024.104627] latency=3:5:5:7:238:(15)ms throughput=138rps rr=7.91% cr=0.00% errors=0 total=12668
[1371495025.108663] latency=4:5:5:7:240:(18)ms throughput=124rps rr=8.00% cr=0.00% errors=0 total=12793
[1371495026.112633] latency=4:5:5:6:199:(10)ms throughput=143rps rr=4.17% cr=0.00% errors=0 total=12937
[1371495027.116641] latency=4:5:5:7:189:(14)ms throughput=138rps rr=7.19% cr=0.00% errors=0 total=13076
[1371495028.120629] latency=3:5:6:8:259:(19)ms throughput=129rps rr=7.69% cr=0.00% errors=0 total=13206
[1371495029.124630] latency=3:5:5:7:251:(14)ms throughput=132rps rr=4.51% cr=0.00% errors=0 total=13339
[1371495030.128634] latency=3:5:5:7:186:(10)ms throughput=141rps rr=4.93% cr=0.00% errors=0 total=13481
[1371495031.132642] latency=4:5:5:6:152:(11)ms throughput=126rps rr=4.72% cr=0.00% errors=0 total=13608
[1371495032.136643] latency=4:5:5:6:194:(10)ms throughput=138rps rr=4.32% cr=0.00% errors=0 total=13747
[1371495033.140636] latency=3:5:5:7:217:(13)ms throughput=132rps rr=6.77% cr=0.00% errors=0 total=13880
[1371495034.144638] latency=3:5:5:8:235:(11)ms throughput=140rps rr=5.67% cr=0.00% errors=0 total=14021
[1371495035.148643] latency=3:5:5:8:219:(18)ms throughput=127rps rr=9.38% cr=0.00% errors=0 total=14149
[1371495036.152656] latency=4:5:5:6:201:(12)ms throughput=134rps rr=8.15% cr=0.00% errors=0 total=14284
[1371495036.152870] set concurrency=200
[1371495037.192667] latency=5:5:5:6:137:(11)ms throughput=59rps rr=6.56% cr=0.00% errors=0 total=14345
[1371495038.196690] latency=4:5:5:6:195:(21)ms throughput=63rps rr=9.52% cr=0.00% errors=0 total=14408
[1371495039.200637] latency=5:5:5:7:170:(13)ms throughput=55rps rr=9.09% cr=0.00% errors=0 total=14463
[1371495040.204681] latency=4:5:5:8:235:(18)ms throughput=73rps rr=10.96% cr=0.00% errors=0 total=14536
[1371495041.208667] latency=4:5:5:7:185:(18)ms throughput=55rps rr=10.91% cr=0.00% errors=0 total=14591
[1371495042.212649] latency=5:5:6:6:75:(8)ms throughput=74rps rr=5.41% cr=0.00% errors=0 total=14665
[1371495043.216653] latency=5:5:5:6:183:(14)ms throughput=66rps rr=7.58% cr=0.00% errors=0 total=14731
[1371495044.228663] latency=4:5:5:6:181:(15)ms throughput=65rps rr=9.09% cr=0.00% errors=0 total=14797
[1371495045.232659] latency=4:5:5:6:178:(13)ms throughput=70rps rr=8.57% cr=0.00% errors=0 total=14867
[1371495046.236649] latency=4:5:5:7:189:(23)ms throughput=60rps rr=18.33% cr=0.00% errors=0 total=14927
[1371495047.240682] latency=4:5:5:6:181:(25)ms throughput=61rps rr=16.39% cr=0.00% errors=0 total=14988
[1371495048.244631] latency=4:5:5:7:147:(12)ms throughput=71rps rr=5.63% cr=0.00% errors=0 total=15059
[1371495049.248685] latency=4:5:6:7:173:(15)ms throughput=64rps rr=14.06% cr=0.00% errors=0 total=15123
[1371495050.252634] latency=4:5:5:7:118:(14)ms throughput=63rps rr=11.11% cr=0.00% errors=0 total=15186
[1371495051.256681] latency=4:5:6:9:221:(26)ms throughput=69rps rr=20.29% cr=0.00% errors=0 total=15255
[1371495052.260635] latency=4:5:6:8:205:(20)ms throughput=49rps rr=14.29% cr=0.00% errors=0 total=15304
[1371495053.264663] latency=4:5:5:7:230:(24)ms throughput=63rps rr=20.63% cr=0.00% errors=0 total=15367
[1371495054.268670] latency=4:5:6:8:225:(29)ms throughput=63rps rr=15.87% cr=0.00% errors=0 total=15430
[1371495055.272658] latency=3:5:5:8:259:(34)ms throughput=59rps rr=15.25% cr=0.00% errors=0 total=15489
[1371495056.276637] latency=4:5:5:7:191:(27)ms throughput=64rps rr=17.19% cr=0.00% errors=0 total=15553
[1371495057.280661] latency=4:5:5:6:248:(26)ms throughput=71rps rr=12.68% cr=0.00% errors=0 total=15624
[1371495058.284642] latency=3:5:5:6:247:(31)ms throughput=68rps rr=19.12% cr=0.00% errors=0 total=15692
[1371495059.288664] latency=3:5:5:6:182:(19)ms throughput=49rps rr=16.33% cr=0.00% errors=0 total=15741
[1371495060.292638] latency=4:5:5:8:250:(29)ms throughput=74rps rr=17.57% cr=0.00% errors=0 total=15815
[1371495061.296682] latency=4:5:6:8:160:(20)ms throughput=76rps rr=18.42% cr=0.00% errors=0 total=15891
[1371495062.300640] latency=3:5:5:46:234:(36)ms throughput=64rps rr=26.56% cr=0.00% errors=0 total=15955
[1371495063.304659] latency=3:5:5:8:229:(32)ms throughput=63rps rr=20.63% cr=0.00% errors=0 total=16018
[1371495064.308636] latency=4:5:6:8:234:(27)ms throughput=66rps rr=19.70% cr=0.00% errors=0 total=16084
[1371495065.312662] latency=4:5:6:8:182:(18)ms throughput=77rps rr=16.88% cr=0.00% errors=0 total=16161
[1371495066.316640] latency=4:5:5:7:229:(25)ms throughput=72rps rr=18.06% cr=0.00% errors=0 total=16233
[1371495067.320652] latency=3:5:5:9:237:(35)ms throughput=63rps rr=25.40% cr=0.00% errors=0 total=16296
[1371495068.324663] latency=3:5:5:8:204:(27)ms throughput=60rps rr=20.00% cr=0.00% errors=0 total=16356
[1371495069.328670] latency=3:5:7:59:274:(52)ms throughput=53rps rr=33.96% cr=0.00% errors=0 total=16409
[1371495070.332653] latency=3:5:5:8:242:(28)ms throughput=65rps rr=20.00% cr=0.00% errors=0 total=16474
[1371495071.336665] latency=3:5:6:11:301:(45)ms throughput=68rps rr=25.00% cr=0.00% errors=0 total=16542
[1371495072.340666] latency=4:5:6:9:295:(34)ms throughput=74rps rr=21.62% cr=0.00% errors=0 total=16616
[1371495073.344672] latency=3:5:6:12:300:(38)ms throughput=83rps rr=22.89% cr=0.00% errors=0 total=16699
[1371495074.348652] latency=3:5:5:9:249:(37)ms throughput=66rps rr=24.24% cr=0.00% errors=0 total=16765
[1371495075.352669] latency=4:5:5:7:231:(25)ms throughput=60rps rr=20.00% cr=0.00% errors=0 total=16825
[1371495076.356653] latency=4:5:5:8:189:(30)ms throughput=58rps rr=22.41% cr=0.00% errors=0 total=16883
[1371495077.360662] latency=3:5:5:66:384:(59)ms throughput=68rps rr=36.76% cr=0.00% errors=0 total=16951
[1371495078.364655] latency=3:5:5:7:237:(31)ms throughput=61rps rr=21.31% cr=0.00% errors=0 total=17012
[1371495079.368661] latency=4:5:7:136:389:(79)ms throughput=54rps rr=40.74% cr=0.00% errors=0 total=17066
[1371495080.372683] latency=3:5:6:18:364:(43)ms throughput=70rps rr=25.71% cr=0.00% errors=0 total=17136
[1371495081.376663] latency=4:5:6:24:385:(50)ms throughput=66rps rr=24.24% cr=0.00% errors=0 total=17202
[1371495082.380655] latency=3:5:6:66:412:(57)ms throughput=64rps rr=37.50% cr=0.00% errors=0 total=17266
[1371495083.384659] latency=3:4:7:168:327:(77)ms throughput=63rps rr=39.68% cr=0.00% errors=0 total=17329
[1371495084.388660] latency=3:4:5:50:380:(52)ms throughput=74rps rr=31.08% cr=0.00% errors=0 total=17403
[1371495085.392663] latency=3:5:5:9:366:(38)ms throughput=69rps rr=24.64% cr=0.00% errors=0 total=17472
[1371495086.396656] latency=4:5:5:53:289:(49)ms throughput=56rps rr=26.79% cr=0.00% errors=0 total=17528
[1371495087.400630] latency=4:5:10:82:449:(58)ms throughput=57rps rr=33.33% cr=0.00% errors=0 total=17585
[1371495088.404662] latency=3:5:6:82:695:(92)ms throughput=77rps rr=32.47% cr=0.00% errors=0 total=17662
[1371495089.408663] latency=3:5:6:95:297:(58)ms throughput=64rps rr=37.50% cr=0.00% errors=0 total=17726
[1371495090.412661] latency=4:5:14:134:414:(83)ms throughput=63rps rr=39.68% cr=0.00% errors=0 total=17789
[1371495091.416666] latency=3:4:8:36:719:(83)ms throughput=66rps rr=24.24% cr=0.00% errors=0 total=17855
[1371495092.420661] latency=4:7:29:445:1305:(284)ms throughput=72rps rr=34.72% cr=0.00% errors=0 total=17927
[1371495093.424674] latency=3:5:8:219:1066:(159)ms throughput=58rps rr=29.31% cr=0.00% errors=0 total=17985
[1371495094.428671] latency=3:5:10:428:852:(200)ms throughput=68rps rr=42.65% cr=0.00% errors=0 total=18053
[1371495095.432659] latency=3:5:8:63:261:(54)ms throughput=65rps rr=30.77% cr=0.00% errors=0 total=18118
[1371495096.436648] latency=3:5:7:94:444:(77)ms throughput=68rps rr=32.35% cr=0.00% errors=0 total=18186
[1371495097.440661] latency=4:5:6:54:328:(51)ms throughput=62rps rr=32.26% cr=0.00% errors=0 total=18248
[1371495098.444652] latency=3:5:6:8:242:(35)ms throughput=65rps rr=24.62% cr=0.00% errors=0 total=18313
[1371495099.448662] latency=3:5:5:59:303:(51)ms throughput=71rps rr=32.39% cr=0.00% errors=0 total=18384
[1371495100.452683] latency=4:5:5:8:241:(33)ms throughput=79rps rr=18.99% cr=0.00% errors=0 total=18463
[1371495101.456682] latency=3:5:7:16:397:(44)ms throughput=80rps rr=23.75% cr=0.00% errors=0 total=18543
[1371495102.460657] latency=3:5:11:157:469:(89)ms throughput=62rps rr=41.94% cr=0.00% errors=0 total=18605
[1371495103.464653] latency=3:4:7:68:383:(60)ms throughput=63rps rr=28.57% cr=0.00% errors=0 total=18668
[1371495104.468654] latency=3:5:6:31:624:(82)ms throughput=82rps rr=25.61% cr=0.00% errors=0 total=18750
[1371495105.472663] latency=4:5:6:21:221:(42)ms throughput=61rps rr=27.87% cr=0.00% errors=0 total=18811
[1371495106.476653] latency=3:5:6:9:244:(31)ms throughput=72rps rr=23.61% cr=0.00% errors=0 total=18883
[1371495107.480633] latency=4:4:8:311:819:(170)ms throughput=73rps rr=32.88% cr=0.00% errors=0 total=18956
[1371495108.484655] latency=3:5:5:19:207:(33)ms throughput=55rps rr=23.64% cr=0.00% errors=0 total=19011
[1371495109.488666] latency=3:5:16:279:708:(149)ms throughput=67rps rr=41.79% cr=0.00% errors=0 total=19078
[1371495110.492660] latency=3:5:8:32:602:(65)ms throughput=71rps rr=25.35% cr=0.00% errors=0 total=19149
[1371495111.496657] latency=3:4:6:130:749:(110)ms throughput=58rps rr=31.03% cr=0.00% errors=0 total=19207
[1371495112.500661] latency=3:5:7:105:570:(87)ms throughput=60rps rr=35.00% cr=0.00% errors=0 total=19267
[1371495113.504664] latency=4:5:18:114:552:(81)ms throughput=66rps rr=36.36% cr=0.00% errors=0 total=19333
[1371495114.508663] latency=3:5:14:374:753:(185)ms throughput=57rps rr=45.61% cr=0.00% errors=0 total=19390
[1371495115.512651] latency=4:5:7:57:363:(57)ms throughput=59rps rr=35.59% cr=0.00% errors=0 total=19449
[1371495116.516652] latency=3:5:6:33:258:(48)ms throughput=65rps rr=29.23% cr=0.00% errors=0 total=19514
[1371495117.520673] latency=4:4:6:70:486:(77)ms throughput=59rps rr=30.51% cr=0.00% errors=0 total=19573
[1371495118.524653] latency=3:5:9:134:659:(109)ms throughput=64rps rr=35.94% cr=0.00% errors=0 total=19637
[1371495119.528652] latency=3:5:6:22:249:(40)ms throughput=75rps rr=29.33% cr=0.00% errors=0 total=19712
[1371495120.532651] latency=3:5:7:21:359:(58)ms throughput=73rps rr=24.66% cr=0.00% errors=0 total=19785
[1371495121.536695] latency=4:5:6:66:251:(50)ms throughput=61rps rr=32.79% cr=0.00% errors=0 total=19846
[1371495122.540665] latency=3:4:6:64:299:(51)ms throughput=71rps rr=29.58% cr=0.00% errors=0 total=19917
[1371495123.544627] latency=3:5:6:49:268:(38)ms throughput=61rps rr=29.51% cr=0.00% errors=0 total=19978
[1371495124.548651] latency=3:5:5:8:283:(26)ms throughput=70rps rr=17.14% cr=0.00% errors=0 total=20048
[1371495125.552692] latency=3:5:7:63:273:(50)ms throughput=61rps rr=32.79% cr=0.00% errors=0 total=20109
[1371495126.556656] latency=4:4:6:123:391:(68)ms throughput=57rps rr=35.09% cr=0.00% errors=0 total=20166
[1371495127.560656] latency=3:5:7:82:324:(56)ms throughput=61rps rr=34.43% cr=0.00% errors=0 total=20227
[1371495128.564655] latency=3:4:5:133:397:(77)ms throughput=65rps rr=35.38% cr=0.00% errors=0 total=20292
[1371495129.568665] latency=3:5:9:87:461:(72)ms throughput=72rps rr=31.94% cr=0.00% errors=0 total=20364
[1371495130.572658] latency=3:5:19:229:693:(131)ms throughput=68rps rr=44.12% cr=0.00% errors=0 total=20432
[1371495131.576662] latency=3:5:10:260:699:(153)ms throughput=67rps rr=43.28% cr=0.00% errors=0 total=20499
[1371495132.580642] latency=3:5:8:61:307:(59)ms throughput=63rps rr=39.68% cr=0.00% errors=0 total=20562
[1371495133.584670] latency=3:5:14:222:406:(99)ms throughput=51rps rr=37.25% cr=0.00% errors=0 total=20613
[1371495134.588647] latency=3:4:36:356:986:(197)ms throughput=56rps rr=50.00% cr=0.00% errors=0 total=20669
[1371495135.592660] latency=3:5:9:226:798:(146)ms throughput=72rps rr=43.06% cr=0.00% errors=0 total=20741
[1371495136.596685] latency=3:5:7:38:229:(46)ms throughput=58rps rr=37.93% cr=0.00% errors=0 total=20799
[1371495136.596859] set concurrency=800
[1371495137.708668] latency=4:7:19:71:542:(58)ms throughput=151rps rr=6.55% cr=0.00% errors=0 total=20967
[1371495138.712687] latency=3:10:100:187:1620:(160)ms throughput=124rps rr=6.40% cr=0.00% errors=0 total=21092
[1371495139.716661] latency=3:19:137:337:2984:(218)ms throughput=124rps rr=5.65% cr=0.00% errors=0 total=21216
[1371495140.720682] latency=3:15:204:402:3275:(313)ms throughput=106rps rr=5.66% cr=0.00% errors=0 total=21322
[1371495141.724661] latency=4:47:198:549:4842:(590)ms throughput=105rps rr=9.52% cr=0.00% errors=0 total=21427
[1371495142.728681] latency=3:90:331:553:4245:(422)ms throughput=116rps rr=5.17% cr=0.00% errors=0 total=21543
[1371495143.732644] latency=4:110:246:540:4498:(492)ms throughput=103rps rr=8.74% cr=0.00% errors=0 total=21646
[1371495144.736669] latency=4:129:366:682:7140:(656)ms throughput=113rps rr=7.08% cr=0.00% errors=0 total=21759
[1371495145.776649] latency=4:120:294:423:7594:(553)ms throughput=92rps rr=5.21% cr=0.00% errors=0 total=21855
[1371495146.780673] latency=4:220:481:671:10002:(1466)ms throughput=82rps rr=6.10% cr=0.00% errors=6 total=21937
[1371495147.784669] latency=4:394:762:10001:10002:(4132)ms throughput=186rps rr=4.28% cr=0.00% errors=67 total=22124
[1371495148.788685] latency=4:186:451:10001:10002:(4092)ms throughput=163rps rr=4.27% cr=0.00% errors=62 total=22288
[1371495149.792651] latency=4:212:575:10001:10002:(3138)ms throughput=207rps rr=3.37% cr=0.00% errors=56 total=22496
[1371495150.796662] latency=4:174:476:10001:10002:(2899)ms throughput=192rps rr=1.04% cr=0.00% errors=50 total=22689
[1371495151.800664] latency=4:191:557:1125:10002:(2590)ms throughput=156rps rr=1.91% cr=0.00% errors=34 total=22846
[1371495152.804699] latency=4:279:639:1238:10002:(2472)ms throughput=220rps rr=2.26% cr=0.00% errors=43 total=23067
[1371495153.808680] latency=4:196:561:1415:10002:(2487)ms throughput=155rps rr=2.56% cr=0.00% errors=31 total=23223
[1371495154.812650] latency=4:219:479:958:10002:(1510)ms throughput=194rps rr=1.54% cr=0.00% errors=19 total=23418
[1371495155.816666] latency=4:259:504:806:10002:(1266)ms throughput=187rps rr=0.53% cr=0.00% errors=15 total=23606
[1371495156.820643] latency=4:197:540:1146:10002:(2205)ms throughput=126rps rr=1.57% cr=0.00% errors=23 total=23733
[1371495157.824668] latency=4:377:741:1476:10002:(1784)ms throughput=170rps rr=2.92% cr=0.00% errors=17 total=23904
[1371495158.828651] latency=4:277:576:1844:10002:(1825)ms throughput=180rps rr=1.10% cr=0.00% errors=19 total=24085
[1371495159.832667] latency=4:194:684:2283:10002:(2159)ms throughput=152rps rr=0.00% cr=0.00% errors=21 total=24238
[1371495160.836656] latency=4:191:646:2390:10002:(2103)ms throughput=116rps rr=0.00% cr=0.00% errors=15 total=24354
[1371495161.840658] latency=3:326:711:2674:10002:(1900)ms throughput=192rps rr=0.00% cr=0.00% errors=18 total=24547
[1371495162.844647] latency=4:253:637:3007:10002:(1903)ms throughput=194rps rr=0.00% cr=0.00% errors=18 total=24742
[1371495163.848667] latency=4:283:864:3353:10002:(2431)ms throughput=136rps rr=0.73% cr=0.00% errors=18 total=24879
[1371495164.852662] latency=4:350:749:3377:10002:(2023)ms throughput=174rps rr=0.00% cr=0.00% errors=14 total=25054
[1371495165.856665] latency=4:225:511:3550:10002:(1674)ms throughput=155rps rr=0.00% cr=0.00% errors=9 total=25210
[1371495166.860651] latency=4:365:658:1568:10002:(1639)ms throughput=151rps rr=0.00% cr=0.00% errors=6 total=25362
[1371495167.864662] latency=4:256:658:3826:10002:(2022)ms throughput=176rps rr=0.00% cr=0.00% errors=13 total=25539
[1371495168.868655] latency=4:236:595:1771:10002:(1713)ms throughput=213rps rr=0.00% cr=0.00% errors=10 total=25753
[1371495169.872667] latency=4:177:456:1500:10002:(1539)ms throughput=154rps rr=0.65% cr=0.00% errors=5 total=25908
[1371495170.876645] latency=4:248:600:1250:10002:(1806)ms throughput=158rps rr=0.00% cr=0.00% errors=9 total=26067
[1371495171.880666] latency=4:266:590:3784:10002:(1836)ms throughput=178rps rr=0.56% cr=0.00% errors=7 total=26246
[1371495172.884670] latency=4:212:490:3438:10010:(1687)ms throughput=168rps rr=0.00% cr=0.00% errors=8 total=26415
[1371495173.888659] latency=4:288:652:3404:10011:(1975)ms throughput=208rps rr=0.00% cr=0.00% errors=14 total=26624
[1371495174.892658] latency=4:93:514:3049:10012:(1653)ms throughput=173rps rr=0.57% cr=0.00% errors=9 total=26798
[1371495175.896666] latency=3:276:672:3019:10010:(1660)ms throughput=199rps rr=0.00% cr=0.00% errors=8 total=26998
[1371495176.900650] latency=3:157:452:2887:10009:(1517)ms throughput=199rps rr=0.00% cr=0.00% errors=9 total=27198
[1371495177.904684] latency=4:158:398:1021:10010:(1462)ms throughput=166rps rr=0.00% cr=0.00% errors=9 total=27365
[1371495178.908617] latency=4:163:509:1237:10002:(1259)ms throughput=180rps rr=0.00% cr=0.00% errors=4 total=27546
[1371495179.912619] latency=4:78:566:2837:10010:(1467)ms throughput=184rps rr=0.00% cr=0.00% errors=3 total=27731
[1371495180.916607] latency=3:248:602:2611:10002:(1558)ms throughput=251rps rr=0.00% cr=0.00% errors=3 total=27983
[1371495181.920603] latency=4:179:431:816:10002:(1166)ms throughput=200rps rr=0.00% cr=0.00% errors=7 total=28184
[1371495182.924602] latency=4:64:445:1091:10000:(1083)ms throughput=222rps rr=0.45% cr=0.00% errors=1 total=28407
[1371495183.928710] latency=3:202:503:1139:10001:(1154)ms throughput=230rps rr=0.00% cr=0.00% errors=2 total=28638
[1371495184.932616] latency=3:96:406:953:10002:(977)ms throughput=195rps rr=0.00% cr=0.00% errors=2 total=28834
[1371495185.936615] latency=4:163:453:1202:4158:(963)ms throughput=264rps rr=0.00% cr=0.00% errors=0 total=29099
[1371495186.940617] latency=4:63:342:888:10002:(770)ms throughput=187rps rr=1.06% cr=0.00% errors=1 total=29287
[1371495187.944657] latency=3:256:551:1141:10001:(921)ms throughput=233rps rr=0.00% cr=0.00% errors=3 total=29521
[1371495188.948640] latency=4:137:440:964:10002:(695)ms throughput=232rps rr=0.43% cr=0.00% errors=1 total=29754
[1371495189.952602] latency=3:205:423:820:10002:(672)ms throughput=250rps rr=0.00% cr=0.00% errors=3 total=30005
[1371495190.956771] latency=4:93:438:731:10002:(596)ms throughput=253rps rr=0.00% cr=0.00% errors=3 total=30259
[1371495191.960644] latency=3:101:299:642:1646:(415)ms throughput=246rps rr=0.00% cr=0.00% errors=0 total=30506
[1371495192.964664] latency=4:119:278:464:10002:(369)ms throughput=265rps rr=0.00% cr=0.00% errors=1 total=30772
[1371495193.968640] latency=4:92:236:384:1152:(271)ms throughput=247rps rr=0.00% cr=0.00% errors=0 total=31020
[1371495194.972652] latency=3:49:248:431:10002:(392)ms throughput=228rps rr=0.44% cr=0.00% errors=2 total=31249
[1371495195.976635] latency=4:70:207:354:911:(244)ms throughput=243rps rr=0.00% cr=0.00% errors=0 total=31493
[1371495196.980656] latency=4:27:132:310:10002:(249)ms throughput=234rps rr=0.00% cr=0.00% errors=1 total=31728
[1371495197.984632] latency=3:11:130:274:10002:(216)ms throughput=232rps rr=0.00% cr=0.00% errors=1 total=31961
[1371495198.988671] latency=3:14:90:228:966:(148)ms throughput=282rps rr=0.00% cr=0.00% errors=0 total=32244
[1371495199.992635] latency=3:16:53:138:502:(93)ms throughput=286rps rr=0.00% cr=0.00% errors=0 total=32531
[1371495200.996698] latency=3:5:6:13:8919:(67)ms throughput=296rps rr=1.01% cr=0.00% errors=0 total=32828
[1371495202.000724] latency=3:5:6:7:40:(6)ms throughput=275rps rr=0.36% cr=0.00% errors=0 total=33104
[1371495203.004599] latency=3:5:5:7:14:(6)ms throughput=256rps rr=0.00% cr=0.00% errors=0 total=33361
[1371495204.008658] latency=4:5:5:7:13:(6)ms throughput=290rps rr=0.00% cr=0.00% errors=0 total=33652
[1371495205.012635] latency=3:5:6:7:13:(6)ms throughput=277rps rr=0.00% cr=0.00% errors=0 total=33930
[1371495206.016622] latency=5:5:6:7:14:(6)ms throughput=286rps rr=0.00% cr=0.00% errors=0 total=34217
[1371495207.020608] latency=4:5:5:7:12:(6)ms throughput=256rps rr=0.00% cr=0.00% errors=0 total=34474
[1371495208.024612] latency=3:5:5:7:132:(6)ms throughput=286rps rr=0.35% cr=0.00% errors=0 total=34761
[1371495209.028616] latency=3:5:6:7:14:(6)ms throughput=264rps rr=0.00% cr=0.00% errors=0 total=35026
[1371495210.032615] latency=4:5:5:6:10:(6)ms throughput=254rps rr=0.00% cr=0.00% errors=0 total=35281
[1371495211.036607] latency=3:5:6:7:19:(6)ms throughput=293rps rr=0.00% cr=0.00% errors=0 total=35575
[1371495212.040657] latency=4:5:5:7:15:(6)ms throughput=274rps rr=0.00% cr=0.00% errors=0 total=35850
[1371495213.044664] latency=4:5:5:7:14:(6)ms throughput=260rps rr=0.00% cr=0.00% errors=0 total=36111
[1371495214.048614] latency=4:5:6:7:12:(6)ms throughput=259rps rr=0.00% cr=0.00% errors=0 total=36371
[1371495215.052602] latency=3:5:5:7:14:(6)ms throughput=273rps rr=0.00% cr=0.00% errors=0 total=36645
[1371495216.056615] latency=4:5:6:7:209:(7)ms throughput=275rps rr=1.45% cr=0.00% errors=0 total=36921
[1371495217.060640] latency=3:5:5:7:148:(7)ms throughput=302rps rr=0.66% cr=0.00% errors=0 total=37224
[1371495218.064654] latency=3:5:5:7:147:(7)ms throughput=268rps rr=1.12% cr=0.00% errors=0 total=37493
[1371495219.068601] latency=4:5:5:7:178:(7)ms throughput=265rps rr=0.38% cr=0.00% errors=0 total=37759
[1371495220.072638] latency=4:5:6:7:179:(7)ms throughput=264rps rr=0.38% cr=0.00% errors=0 total=38024
[1371495221.076615] latency=3:5:6:7:229:(7)ms throughput=263rps rr=0.38% cr=0.00% errors=0 total=38288
[1371495222.080695] latency=3:5:6:7:263:(8)ms throughput=248rps rr=1.20% cr=0.00% errors=0 total=38537
[1371495223.084646] latency=3:5:5:7:208:(7)ms throughput=273rps rr=0.73% cr=0.00% errors=0 total=38811
[1371495224.088661] latency=3:5:5:6:195:(7)ms throughput=262rps rr=0.38% cr=0.00% errors=0 total=39074
[1371495225.092651] latency=3:5:6:7:104:(8)ms throughput=257rps rr=1.55% cr=0.00% errors=0 total=39332
[1371495226.096672] latency=3:5:6:7:255:(9)ms throughput=279rps rr=1.79% cr=0.00% errors=0 total=39612
[1371495227.100644] latency=3:5:5:7:123:(7)ms throughput=253rps rr=0.79% cr=0.00% errors=0 total=39866
[1371495228.104668] latency=3:5:6:7:196:(8)ms throughput=282rps rr=1.77% cr=0.00% errors=0 total=40149
[1371495229.108653] latency=3:5:6:7:180:(7)ms throughput=311rps rr=0.96% cr=0.00% errors=0 total=40461
[1371495230.112672] latency=4:5:5:6:38:(6)ms throughput=269rps rr=1.11% cr=0.00% errors=0 total=40731
[1371495231.116653] latency=4:5:5:7:212:(8)ms throughput=277rps rr=1.44% cr=0.00% errors=0 total=41009
[1371495232.120662] latency=3:5:5:7:186:(8)ms throughput=211rps rr=0.94% cr=0.00% errors=0 total=41221
[1371495233.124645] latency=3:5:6:8:160:(7)ms throughput=264rps rr=0.75% cr=0.00% errors=0 total=41486
[1371495234.156663] latency=3:5:5:7:153:(7)ms throughput=270rps rr=0.72% cr=0.00% errors=0 total=41765
[1371495235.160647] latency=3:5:6:7:282:(9)ms throughput=254rps rr=1.96% cr=0.00% errors=0 total=42020
[1371495236.164686] latency=3:5:6:7:262:(9)ms throughput=257rps rr=1.94% cr=0.00% errors=0 total=42278
[1371495236.164990] set concurrency=50
[1371495237.264819] latency=4:5:5:6:11:(6)ms throughput=31rps rr=2.94% cr=0.00% errors=0 total=42312
[1371495238.268722] latency=5:5:5:5:8:(5)ms throughput=22rps rr=0.00% cr=0.00% errors=0 total=42334
[1371495239.272696] latency=4:5:5:6:8:(6)ms throughput=20rps rr=0.00% cr=0.00% errors=0 total=42354
[1371495240.276678] latency=5:5:5:6:8:(6)ms throughput=19rps rr=0.00% cr=0.00% errors=0 total=42373
[1371495241.280648] latency=5:5:5:6:8:(6)ms throughput=17rps rr=5.88% cr=0.00% errors=0 total=42390
[1371495242.284659] latency=5:5:5:5:8:(5)ms throughput=19rps rr=0.00% cr=0.00% errors=0 total=42409
[1371495243.288664] latency=5:5:5:6:35:(7)ms throughput=25rps rr=4.00% cr=0.00% errors=0 total=42434
[1371495244.292648] latency=5:5:5:8:84:(13)ms throughput=12rps rr=8.33% cr=0.00% errors=0 total=42446
[1371495245.296612] latency=4:5:6:44:147:(27)ms throughput=16rps rr=31.25% cr=0.00% errors=0 total=42462
[1371495246.300664] latency=5:5:5:8:149:(19)ms throughput=21rps rr=23.81% cr=0.00% errors=0 total=42483
[1371495247.304653] latency=5:5:5:6:114:(15)ms throughput=12rps rr=8.33% cr=0.00% errors=0 total=42495
[1371495248.308650] latency=5:5:6:8:146:(24)ms throughput=17rps rr=23.53% cr=0.00% errors=0 total=42512
[1371495249.312658] latency=5:5:5:6:22:(6)ms throughput=24rps rr=4.17% cr=0.00% errors=0 total=42536
[1371495250.316648] latency=5:5:6:63:174:(34)ms throughput=17rps rr=29.41% cr=0.00% errors=0 total=42553
[1371495251.320619] latency=5:6:8:27:98:(25)ms throughput=7rps rr=28.57% cr=0.00% errors=0 total=42560
[1371495252.324611] latency=5:5:6:135:208:(65)ms throughput=11rps rr=45.45% cr=0.00% errors=0 total=42571
[1371495253.328621] latency=5:5:6:148:207:(62)ms throughput=25rps rr=36.00% cr=0.00% errors=0 total=42596
[1371495254.332622] latency=4:6:55:196:248:(98)ms throughput=12rps rr=58.33% cr=0.00% errors=0 total=42608
[1371495255.336611] latency=5:5:5:7:193:(30)ms throughput=26rps rr=19.23% cr=0.00% errors=0 total=42634
[1371495256.340660] latency=5:5:6:8:174:(34)ms throughput=19rps rr=21.05% cr=0.00% errors=0 total=42653
[1371495257.344655] latency=5:5:5:7:8:(6)ms throughput=11rps rr=0.00% cr=0.00% errors=0 total=42664
[1371495258.348609] latency=5:5:6:34:212:(41)ms throughput=18rps rr=33.33% cr=0.00% errors=0 total=42682
[1371495259.352615] latency=5:5:81:115:176:(70)ms throughput=17rps rr=52.94% cr=0.00% errors=0 total=42699
[1371495260.356664] latency=5:5:5:62:174:(40)ms throughput=15rps rr=40.00% cr=0.00% errors=0 total=42714
[1371495261.360658] latency=5:5:7:79:199:(50)ms throughput=11rps rr=36.36% cr=0.00% errors=0 total=42725
[1371495262.364617] latency=5:5:6:66:224:(49)ms throughput=22rps rr=40.91% cr=0.00% errors=0 total=42747
[1371495263.368659] latency=5:5:8:119:212:(65)ms throughput=13rps rr=46.15% cr=0.00% errors=0 total=42760
[1371495264.372622] latency=5:5:5:41:196:(45)ms throughput=13rps rr=38.46% cr=0.00% errors=0 total=42773
[1371495265.376602] latency=5:5:7:41:196:(47)ms throughput=13rps rr=46.15% cr=0.00% errors=0 total=42786
[1371495266.380624] latency=5:5:9:118:248:(71)ms throughput=20rps rr=45.00% cr=0.00% errors=0 total=42806
[1371495267.384769] latency=5:5:23:185:215:(84)ms throughput=16rps rr=50.00% cr=0.00% errors=0 total=42822
[1371495268.388719] latency=4:5:25:105:175:(56)ms throughput=19rps rr=52.63% cr=0.00% errors=0 total=42841
[1371495269.392724] latency=4:5:8:145:212:(70)ms throughput=15rps rr=46.67% cr=0.00% errors=0 total=42856
[1371495270.396724] latency=5:5:5:71:211:(57)ms throughput=15rps rr=40.00% cr=0.00% errors=0 total=42871
[1371495271.400755] latency=5:5:8:38:248:(45)ms throughput=25rps rr=40.00% cr=0.00% errors=0 total=42896
[1371495272.404754] latency=5:5:7:89:185:(47)ms throughput=22rps rr=45.45% cr=0.00% errors=0 total=42918
[1371495273.408702] latency=5:5:8:112:195:(57)ms throughput=22rps rr=45.45% cr=0.00% errors=0 total=42940
[1371495274.412733] latency=5:5:6:41:180:(39)ms throughput=14rps rr=28.57% cr=0.00% errors=0 total=42954
[1371495275.416753] latency=5:6:45:88:226:(64)ms throughput=16rps rr=62.50% cr=0.00% errors=0 total=42970
[1371495276.420712] latency=5:5:6:130:202:(60)ms throughput=10rps rr=50.00% cr=0.00% errors=0 total=42980
[1371495277.424718] latency=3:5:27:125:224:(66)ms throughput=23rps rr=52.17% cr=0.00% errors=0 total=43003
[1371495278.428718] latency=4:6:31:83:137:(46)ms throughput=20rps rr=60.00% cr=0.00% errors=0 total=43023
[1371495279.432667] latency=5:6:40:191:227:(88)ms throughput=20rps rr=60.00% cr=0.00% errors=0 total=43043
[1371495280.436716] latency=4:6:80:174:233:(102)ms throughput=21rps rr=76.19% cr=0.00% errors=0 total=43064
[1371495281.440762] latency=4:5:93:200:264:(103)ms throughput=22rps rr=68.18% cr=0.00% errors=0 total=43086
[1371495282.444716] latency=5:5:20:138:186:(72)ms throughput=9rps rr=77.78% cr=0.00% errors=0 total=43095
[1371495283.448731] latency=4:5:26:153:247:(84)ms throughput=19rps rr=57.89% cr=0.00% errors=0 total=43114
[1371495284.452710] latency=5:8:74:113:154:(70)ms throughput=13rps rr=69.23% cr=0.00% errors=0 total=43127
[1371495285.456691] latency=5:5:72:102:214:(81)ms throughput=17rps rr=70.59% cr=0.00% errors=0 total=43144
[1371495286.460755] latency=5:41:129:193:230:(122)ms throughput=12rps rr=75.00% cr=0.00% errors=0 total=43156
[1371495287.464716] latency=5:32:96:127:246:(96)ms throughput=19rps rr=84.21% cr=0.00% errors=0 total=43175
[1371495288.468736] latency=5:5:98:150:186:(87)ms throughput=15rps rr=80.00% cr=0.00% errors=0 total=43190
[1371495289.472700] latency=4:5:57:181:217:(84)ms throughput=14rps rr=71.43% cr=0.00% errors=0 total=43204
[1371495290.476699] latency=5:50:117:179:268:(121)ms throughput=17rps rr=88.24% cr=0.00% errors=0 total=43221
[1371495291.480681] latency=5:52:112:177:262:(123)ms throughput=19rps rr=94.74% cr=0.00% errors=0 total=43240
[1371495292.484709] latency=5:54:117:200:270:(125)ms throughput=21rps rr=90.48% cr=0.00% errors=0 total=43261
[1371495293.488745] latency=5:34:121:156:235:(109)ms throughput=17rps rr=94.12% cr=0.00% errors=0 total=43278
[1371495294.492711] latency=49:82:152:189:220:(143)ms throughput=11rps rr=100.00% cr=0.00% errors=0 total=43289
[1371495295.496673] latency=4:25:97:123:248:(97)ms throughput=23rps rr=95.65% cr=0.00% errors=0 total=43312
[1371495296.500753] latency=5:47:76:157:235:(102)ms throughput=18rps rr=100.00% cr=0.00% errors=0 total=43330
[1371495297.504673] latency=5:86:143:202:262:(147)ms throughput=15rps rr=100.00% cr=0.00% errors=0 total=43345
[1371495298.508716] latency=5:74:106:207:258:(130)ms throughput=18rps rr=100.00% cr=0.00% errors=0 total=43363
[1371495299.512720] latency=5:51:147:201:342:(136)ms throughput=24rps rr=100.00% cr=0.00% errors=0 total=43387
[1371495300.516719] latency=35:71:117:160:207:(117)ms throughput=15rps rr=100.00% cr=0.00% errors=0 total=43402
[1371495301.520721] latency=5:60:123:150:188:(110)ms throughput=13rps rr=100.00% cr=0.00% errors=0 total=43415
[1371495302.524717] latency=5:44:125:189:227:(122)ms throughput=12rps rr=100.00% cr=0.00% errors=0 total=43427
[1371495303.528659] latency=5:78:158:178:218:(136)ms throughput=17rps rr=100.00% cr=0.00% errors=0 total=43444
[1371495304.532697] latency=6:52:107:156:222:(108)ms throughput=16rps rr=100.00% cr=0.00% errors=0 total=43460
[1371495305.536691] latency=5:47:92:156:217:(104)ms throughput=15rps rr=100.00% cr=0.00% errors=0 total=43475
[1371495306.540713] latency=9:68:174:289:431:(185)ms throughput=21rps rr=100.00% cr=0.00% errors=0 total=43496
[1371495307.544756] latency=23:74:161:195:237:(140)ms throughput=13rps rr=100.00% cr=0.00% errors=0 total=43509
[1371495308.548713] latency=36:65:111:187:222:(120)ms throughput=13rps rr=100.00% cr=0.00% errors=0 total=43522
[1371495309.552667] latency=5:33:61:143:199:(89)ms throughput=15rps rr=100.00% cr=0.00% errors=0 total=43537
[1371495310.556699] latency=38:84:158:219:297:(160)ms throughput=17rps rr=100.00% cr=0.00% errors=0 total=43554
[1371495311.560715] latency=6:67:99:171:239:(115)ms throughput=17rps rr=100.00% cr=0.00% errors=0 total=43571
[1371495312.564751] latency=6:65:106:181:218:(118)ms throughput=15rps rr=100.00% cr=0.00% errors=0 total=43586
[1371495313.568676] latency=22:53:147:163:193:(115)ms throughput=13rps rr=100.00% cr=0.00% errors=0 total=43599
[1371495314.572718] latency=22:52:87:140:242:(104)ms throughput=23rps rr=100.00% cr=0.00% errors=0 total=43622
[1371495315.576686] latency=4:44:88:137:218:(96)ms throughput=21rps rr=100.00% cr=0.00% errors=0 total=43643
[1371495316.580716] latency=6:45:76:160:236:(97)ms throughput=14rps rr=100.00% cr=0.00% errors=0 total=43657
[1371495317.584725] latency=24:56:79:141:217:(105)ms throughput=17rps rr=100.00% cr=0.00% errors=0 total=43674
[1371495318.588714] latency=43:123:177:214:267:(168)ms throughput=20rps rr=100.00% cr=0.00% errors=0 total=43694
[1371495319.592717] latency=34:89:184:204:226:(152)ms throughput=9rps rr=100.00% cr=0.00% errors=0 total=43703
[1371495320.596716] latency=55:130:170:218:278:(172)ms throughput=17rps rr=100.00% cr=0.00% errors=0 total=43720
[1371495321.600674] latency=35:118:158:232:292:(171)ms throughput=14rps rr=100.00% cr=0.00% errors=0 total=43734
[1371495322.604713] latency=5:100:204:250:368:(187)ms throughput=16rps rr=100.00% cr=0.00% errors=0 total=43750
[1371495323.608722] latency=6:49:114:158:230:(104)ms throughput=13rps rr=100.00% cr=0.00% errors=0 total=43763
[1371495324.612713] latency=5:85:171:234:315:(165)ms throughput=22rps rr=100.00% cr=0.00% errors=0 total=43785
[1371495325.616722] latency=4:106:171:202:321:(166)ms throughput=19rps rr=100.00% cr=0.00% errors=0 total=43804
[1371495326.620751] latency=5:74:116:180:248:(125)ms throughput=20rps rr=100.00% cr=0.00% errors=0 total=43824
[1371495327.624673] latency=21:44:129:159:191:(111)ms throughput=7rps rr=100.00% cr=0.00% errors=0 total=43831
[1371495328.628717] latency=24:65:111:201:231:(126)ms throughput=16rps rr=100.00% cr=0.00% errors=0 total=43847
[1371495329.632684] latency=25:88:156:180:195:(138)ms throughput=11rps rr=100.00% cr=0.00% errors=0 total=43858
[1371495330.636738] latency=25:86:130:193:234:(134)ms throughput=16rps rr=100.00% cr=0.00% errors=0 total=43874
[1371495331.640700] latency=28:70:139:199:301:(140)ms throughput=13rps rr=100.00% cr=0.00% errors=0 total=43887
[1371495332.644723] latency=5:89:176:207:237:(145)ms throughput=12rps rr=100.00% cr=0.00% errors=0 total=43899
[1371495333.648676] latency=7:43:133:183:242:(122)ms throughput=19rps rr=100.00% cr=0.00% errors=0 total=43918
[1371495334.652716] latency=52:122:178:198:272:(163)ms throughput=13rps rr=100.00% cr=0.00% errors=0 total=43931
[1371495335.656692] latency=36:97:145:197:280:(150)ms throughput=20rps rr=100.00% cr=0.00% errors=0 total=43951
