[1374658356.388682] latency=nan:nan:nan:nan:nan:(-nan)ms throughput=0rps rr=-nan% cr=-nan% errors=0 total=0
[1374658357.392649] latency=nan:nan:nan:nan:nan:(-nan)ms throughput=0rps rr=-nan% cr=-nan% errors=0 total=0
[1374658358.396675] latency=nan:nan:nan:nan:nan:(-nan)ms throughput=0rps rr=-nan% cr=-nan% errors=0 total=0
[1374658359.400667] latency=nan:nan:nan:nan:nan:(-nan)ms throughput=0rps rr=-nan% cr=-nan% errors=0 total=0
[1374658360.404675] latency=nan:nan:nan:nan:nan:(-nan)ms throughput=0rps rr=-nan% cr=-nan% errors=0 total=0
[1374658361.408665] latency=nan:nan:nan:nan:nan:(-nan)ms throughput=0rps rr=-nan% cr=-nan% errors=0 total=0
[1374658362.412660] latency=nan:nan:nan:nan:nan:(-nan)ms throughput=0rps rr=-nan% cr=-nan% errors=0 total=0
[1374658363.416624] latency=nan:nan:nan:nan:nan:(-nan)ms throughput=0rps rr=-nan% cr=-nan% errors=0 total=0
[1374658364.420660] latency=nan:nan:nan:nan:nan:(-nan)ms throughput=0rps rr=-nan% cr=-nan% errors=0 total=0
[1374658365.424666] latency=nan:nan:nan:nan:nan:(-nan)ms throughput=0rps rr=-nan% cr=-nan% errors=0 total=0
[1374658366.428692] latency=nan:nan:nan:nan:nan:(-nan)ms throughput=0rps rr=-nan% cr=-nan% errors=0 total=0
[1374658366.428986] set thinktime=3.000000
[1374658366.429072] set concurrency=100
[1374658367.480701] latency=5:57:202:258:458:(184)ms throughput=21rps rr=86.36% cr=0.00% errors=0 total=22
[1374658368.484697] latency=102:123:226:313:821:(273)ms throughput=9rps rr=22.22% cr=0.00% errors=0 total=31
[1374658369.488689] latency=nan:nan:nan:nan:nan:(-nan)ms throughput=0rps rr=-nan% cr=-nan% errors=0 total=31
[1374658370.492685] latency=nan:nan:nan:nan:nan:(-nan)ms throughput=0rps rr=-nan% cr=-nan% errors=0 total=31
[1374658371.496660] latency=578:937:1674:2711:3370:(1824)ms throughput=4rps rr=0.00% cr=0.00% errors=0 total=35
[1374658372.500656] latency=451:1168:2855:3189:3517:(2404)ms throughput=7rps rr=28.57% cr=0.00% errors=0 total=42
[1374658373.504664] latency=43:178:875:3361:4724:(1756)ms throughput=11rps rr=0.00% cr=0.00% errors=0 total=53
[1374658374.508682] latency=2876:2876:5745:5753:5762:(4794)ms throughput=3rps rr=0.00% cr=0.00% errors=0 total=56
[1374658375.512684] latency=428:1663:3293:6106:7451:(3780)ms throughput=22rps rr=4.55% cr=0.00% errors=0 total=78
[1374658376.516682] latency=5928:6203:7728:9165:9353:(7684)ms throughput=4rps rr=100.00% cr=0.00% errors=0 total=82
[1374658377.520692] latency=379:1061:2434:10001:10002:(5017)ms throughput=20rps rr=5.00% cr=0.00% errors=7 total=102
[1374658378.524653] latency=54:397:8976:10001:10002:(5658)ms throughput=26rps rr=11.54% cr=0.00% errors=12 total=128
[1374658379.528686] latency=17:59:366:651:10002:(2578)ms throughput=25rps rr=4.00% cr=0.00% errors=6 total=153
[1374658380.532656] latency=3:526:10000:10001:10002:(6664)ms throughput=14rps rr=0.00% cr=0.00% errors=9 total=167
[1374658381.536687] latency=7:331:765:4754:10002:(2981)ms throughput=15rps rr=6.67% cr=0.00% errors=3 total=182
[1374658382.540678] latency=6:373:1164:1915:10002:(1910)ms throughput=32rps rr=3.12% cr=0.00% errors=3 total=214
[1374658383.544681] latency=4:151:377:10001:10002:(2960)ms throughput=18rps rr=0.00% cr=0.00% errors=5 total=232
[1374658384.548654] latency=4:36:577:10001:10002:(3179)ms throughput=22rps rr=4.55% cr=0.00% errors=6 total=254
[1374658385.552688] latency=5:626:1086:1696:10002:(2589)ms throughput=16rps rr=0.00% cr=0.00% errors=3 total=270
[1374658386.556644] latency=296:520:914:2411:10001:(1989)ms throughput=10rps rr=0.00% cr=0.00% errors=1 total=280
[1374658387.560624] latency=133:517:904:2328:10002:(2022)ms throughput=31rps rr=6.45% cr=0.00% errors=2 total=311
[1374658388.564672] latency=64:113:411:6081:10002:(3070)ms throughput=11rps rr=0.00% cr=0.00% errors=3 total=322
[1374658389.568650] latency=28:122:1039:1645:10002:(2578)ms throughput=15rps rr=0.00% cr=0.00% errors=3 total=337
[1374658390.572640] latency=3:53:1021:1923:10002:(2382)ms throughput=34rps rr=0.00% cr=0.00% errors=6 total=371
[1374658391.576635] latency=4:26:90:521:10002:(1048)ms throughput=17rps rr=0.00% cr=0.00% errors=1 total=388
[1374658392.580619] latency=13:505:857:2555:10001:(2378)ms throughput=22rps rr=4.55% cr=0.00% errors=2 total=410
[1374658393.584680] latency=3:85:960:1734:8052:(1443)ms throughput=20rps rr=5.00% cr=0.00% errors=0 total=430
[1374658394.588622] latency=3:1042:2043:2843:10002:(3091)ms throughput=18rps rr=0.00% cr=0.00% errors=3 total=448
[1374658395.592634] latency=4:66:252:2023:10002:(1844)ms throughput=26rps rr=0.00% cr=0.00% errors=3 total=474
[1374658396.596666] latency=3:43:701:1321:4667:(1122)ms throughput=17rps rr=5.88% cr=0.00% errors=0 total=491
[1374658397.600634] latency=8:260:636:2838:10002:(2041)ms throughput=44rps rr=0.00% cr=0.00% errors=4 total=535
[1374658398.604633] latency=126:297:559:2036:10001:(2335)ms throughput=18rps rr=0.00% cr=0.00% errors=3 total=553
[1374658399.608615] latency=5:202:685:1416:10001:(1314)ms throughput=41rps rr=2.44% cr=0.00% errors=2 total=594
[1374658400.612632] latency=10:60:143:1909:10001:(1684)ms throughput=10rps rr=0.00% cr=0.00% errors=1 total=604
[1374658401.616668] latency=3:373:718:1092:1367:(736)ms throughput=12rps rr=0.00% cr=0.00% errors=0 total=616
[1374658402.620672] latency=4:62:737:994:2510:(650)ms throughput=27rps rr=0.00% cr=0.00% errors=0 total=643
[1374658403.624631] latency=117:746:1155:1984:10002:(1797)ms throughput=34rps rr=0.00% cr=0.00% errors=2 total=677
[1374658404.628675] latency=4:404:647:1184:2949:(778)ms throughput=31rps rr=0.00% cr=0.00% errors=0 total=708
[1374658405.632665] latency=4:548:1306:2227:10002:(1770)ms throughput=18rps rr=0.00% cr=0.00% errors=1 total=726
[1374658406.636634] latency=195:662:781:1136:10002:(1651)ms throughput=16rps rr=0.00% cr=0.00% errors=1 total=742
[1374658407.640654] latency=7:352:1422:1639:10001:(2425)ms throughput=17rps rr=5.88% cr=0.00% errors=2 total=759
[1374658408.644632] latency=4:43:214:961:2744:(639)ms throughput=27rps rr=0.00% cr=0.00% errors=0 total=786
[1374658409.648634] latency=3:33:136:2022:10001:(1213)ms throughput=31rps rr=3.23% cr=0.00% errors=1 total=817
[1374658410.652669] latency=12:180:530:1900:3551:(1081)ms throughput=18rps rr=0.00% cr=0.00% errors=0 total=835
[1374658411.656622] latency=328:443:974:1934:10002:(2054)ms throughput=11rps rr=0.00% cr=0.00% errors=1 total=846
[1374658412.660669] latency=36:497:1022:1414:4955:(1167)ms throughput=28rps rr=0.00% cr=0.00% errors=0 total=874
[1374658413.664679] latency=389:547:1290:1935:10000:(1705)ms throughput=18rps rr=0.00% cr=0.00% errors=1 total=892
[1374658414.668624] latency=5:259:809:1779:3057:(1028)ms throughput=42rps rr=0.00% cr=0.00% errors=0 total=934
[1374658415.672675] latency=15:56:275:697:1005:(408)ms throughput=13rps rr=0.00% cr=0.00% errors=0 total=947
[1374658416.676655] latency=3:50:483:995:1700:(561)ms throughput=44rps rr=0.00% cr=0.00% errors=0 total=991
[1374658417.680644] latency=4:69:215:527:10001:(778)ms throughput=24rps rr=0.00% cr=0.00% errors=1 total=1015
[1374658418.684657] latency=4:23:76:168:10001:(773)ms throughput=17rps rr=0.00% cr=0.00% errors=1 total=1032
[1374658419.688634] latency=5:172:424:923:2248:(607)ms throughput=41rps rr=0.00% cr=0.00% errors=0 total=1073
[1374658420.692643] latency=4:30:68:914:1210:(390)ms throughput=17rps rr=0.00% cr=0.00% errors=0 total=1090
[1374658421.696668] latency=4:23:215:538:1358:(351)ms throughput=43rps rr=0.00% cr=0.00% errors=0 total=1133
[1374658422.700638] latency=3:7:40:67:5703:(327)ms throughput=28rps rr=3.57% cr=0.00% errors=0 total=1161
[1374658423.704634] latency=3:12:29:98:1041:(85)ms throughput=34rps rr=0.00% cr=0.00% errors=0 total=1195
[1374658424.708669] latency=3:10:29:55:100:(35)ms throughput=28rps rr=0.00% cr=0.00% errors=0 total=1223
[1374658425.712667] latency=3:5:5:10:5586:(183)ms throughput=38rps rr=5.26% cr=0.00% errors=0 total=1261
[1374658426.716683] latency=4:5:5:5:13:(6)ms throughput=29rps rr=0.00% cr=0.00% errors=0 total=1290
[1374658427.720666] latency=4:5:5:6:23:(6)ms throughput=36rps rr=0.00% cr=0.00% errors=0 total=1326
[1374658428.724668] latency=4:4:5:6:15:(6)ms throughput=43rps rr=0.00% cr=0.00% errors=0 total=1369
[1374658429.728663] latency=4:5:5:6:9:(6)ms throughput=22rps rr=0.00% cr=0.00% errors=0 total=1391
[1374658430.732678] latency=4:5:7:20:114:(18)ms throughput=37rps rr=0.00% cr=0.00% errors=0 total=1428
[1374658431.736653] latency=4:5:5:6:17:(6)ms throughput=33rps rr=0.00% cr=0.00% errors=0 total=1461
[1374658432.740669] latency=4:5:5:6:13:(6)ms throughput=39rps rr=0.00% cr=0.00% errors=0 total=1500
[1374658433.744659] latency=4:5:5:6:10:(6)ms throughput=25rps rr=0.00% cr=0.00% errors=0 total=1525
[1374658434.748670] latency=4:4:5:6:10:(5)ms throughput=30rps rr=0.00% cr=0.00% errors=0 total=1555
[1374658435.752632] latency=4:5:5:6:14:(6)ms throughput=29rps rr=0.00% cr=0.00% errors=0 total=1584
[1374658436.756674] latency=4:5:5:6:26:(7)ms throughput=45rps rr=0.00% cr=0.00% errors=0 total=1629
[1374658437.760665] latency=4:5:5:7:17:(7)ms throughput=29rps rr=0.00% cr=0.00% errors=0 total=1658
[1374658438.764672] latency=3:5:5:6:15:(6)ms throughput=45rps rr=0.00% cr=0.00% errors=0 total=1703
[1374658439.776657] latency=3:5:6:14:377:(23)ms throughput=37rps rr=2.70% cr=0.00% errors=0 total=1740
[1374658440.780642] latency=4:4:5:6:42:(7)ms throughput=33rps rr=3.03% cr=0.00% errors=0 total=1773
[1374658441.788681] latency=4:4:5:6:24:(6)ms throughput=31rps rr=0.00% cr=0.00% errors=0 total=1804
[1374658442.792641] latency=4:5:5:5:15:(5)ms throughput=34rps rr=0.00% cr=0.00% errors=0 total=1838
[1374658443.796654] latency=4:5:5:8:101:(10)ms throughput=27rps rr=3.70% cr=0.00% errors=0 total=1865
[1374658444.800633] latency=3:5:5:9:343:(17)ms throughput=38rps rr=2.63% cr=0.00% errors=0 total=1903
[1374658445.804663] latency=3:4:5:6:103:(10)ms throughput=27rps rr=0.00% cr=0.00% errors=0 total=1930
[1374658446.808671] latency=3:5:6:40:379:(33)ms throughput=37rps rr=2.70% cr=0.00% errors=0 total=1967
[1374658447.812655] latency=3:4:7:37:556:(34)ms throughput=39rps rr=2.56% cr=0.00% errors=0 total=2006
[1374658448.816639] latency=4:5:5:9:507:(22)ms throughput=39rps rr=2.56% cr=0.00% errors=0 total=2045
[1374658449.820661] latency=4:5:5:6:14:(6)ms throughput=39rps rr=0.00% cr=0.00% errors=0 total=2084
[1374658450.824648] latency=4:5:5:5:8:(5)ms throughput=23rps rr=0.00% cr=0.00% errors=0 total=2107
[1374658451.828629] latency=4:5:6:7:27:(7)ms throughput=39rps rr=0.00% cr=0.00% errors=0 total=2146
[1374658452.832677] latency=3:5:6:11:407:(25)ms throughput=32rps rr=3.12% cr=0.00% errors=0 total=2178
[1374658453.836664] latency=3:5:5:7:154:(12)ms throughput=35rps rr=5.71% cr=0.00% errors=0 total=2213
[1374658454.840668] latency=4:5:6:8:60:(9)ms throughput=37rps rr=0.00% cr=0.00% errors=0 total=2250
[1374658455.844615] latency=4:5:5:6:10:(6)ms throughput=41rps rr=2.44% cr=0.00% errors=0 total=2291
[1374658456.848677] latency=3:5:6:10:165:(15)ms throughput=41rps rr=4.88% cr=0.00% errors=0 total=2332
[1374658457.852636] latency=4:5:5:7:15:(6)ms throughput=45rps rr=0.00% cr=0.00% errors=0 total=2377
[1374658458.856633] latency=3:5:6:23:210:(24)ms throughput=37rps rr=2.70% cr=0.00% errors=0 total=2414
[1374658459.860626] latency=3:5:6:11:296:(22)ms throughput=44rps rr=2.27% cr=0.00% errors=0 total=2458
[1374658460.864634] latency=4:5:5:10:84:(16)ms throughput=33rps rr=0.00% cr=0.00% errors=0 total=2491
[1374658461.868663] latency=4:5:8:11:455:(26)ms throughput=33rps rr=3.03% cr=0.00% errors=0 total=2524
[1374658462.872669] latency=4:5:5:6:10:(6)ms throughput=36rps rr=0.00% cr=0.00% errors=0 total=2560
[1374658463.876654] latency=3:5:5:22:437:(29)ms throughput=35rps rr=2.86% cr=0.00% errors=0 total=2595
[1374658464.880681] latency=3:4:5:6:83:(8)ms throughput=42rps rr=2.38% cr=0.00% errors=0 total=2637
[1374658465.884619] latency=4:5:5:6:15:(6)ms throughput=42rps rr=0.00% cr=0.00% errors=0 total=2679
[1374658466.888668] latency=4:5:5:6:16:(6)ms throughput=31rps rr=0.00% cr=0.00% errors=0 total=2710
[1374658467.892663] latency=4:4:5:5:47:(8)ms throughput=26rps rr=0.00% cr=0.00% errors=0 total=2736
[1374658468.896685] latency=3:4:13:31:704:(36)ms throughput=44rps rr=2.27% cr=0.00% errors=0 total=2780
[1374658469.900638] latency=3:6:14:51:1654:(98)ms throughput=40rps rr=7.50% cr=0.00% errors=0 total=2820
[1374658470.904634] latency=3:6:33:60:884:(62)ms throughput=39rps rr=2.56% cr=0.00% errors=0 total=2859
[1374658471.908621] latency=3:4:5:8:1204:(71)ms throughput=27rps rr=7.41% cr=0.00% errors=0 total=2886
[1374658472.912646] latency=3:4:5:6:71:(8)ms throughput=27rps rr=3.70% cr=0.00% errors=0 total=2913
[1374658473.916676] latency=4:5:5:6:15:(6)ms throughput=27rps rr=0.00% cr=0.00% errors=0 total=2940
[1374658474.920624] latency=3:5:6:10:455:(35)ms throughput=30rps rr=3.33% cr=0.00% errors=0 total=2970
[1374658475.924636] latency=4:5:6:8:35:(8)ms throughput=31rps rr=3.23% cr=0.00% errors=0 total=3001
[1374658476.928676] latency=3:4:5:8:313:(24)ms throughput=22rps rr=4.55% cr=0.00% errors=0 total=3023
[1374658477.932672] latency=4:5:6:6:76:(10)ms throughput=16rps rr=6.25% cr=0.00% errors=0 total=3039
[1374658478.936652] latency=3:5:5:9:21:(7)ms throughput=24rps rr=0.00% cr=0.00% errors=0 total=3063
[1374658479.940668] latency=3:6:16:65:950:(94)ms throughput=37rps rr=8.11% cr=0.00% errors=0 total=3100
[1374658480.944643] latency=4:5:5:6:15:(6)ms throughput=32rps rr=0.00% cr=0.00% errors=0 total=3132
[1374658481.948627] latency=3:5:5:7:62:(13)ms throughput=25rps rr=0.00% cr=0.00% errors=0 total=3157
[1374658482.952653] latency=4:4:5:5:611:(38)ms throughput=33rps rr=6.06% cr=0.00% errors=0 total=3190
[1374658483.956668] latency=4:4:5:6:18:(6)ms throughput=39rps rr=0.00% cr=0.00% errors=0 total=3229
[1374658484.960660] latency=4:5:5:6:45:(7)ms throughput=33rps rr=0.00% cr=0.00% errors=0 total=3262
[1374658485.964666] latency=4:5:5:5:16:(6)ms throughput=25rps rr=0.00% cr=0.00% errors=0 total=3287
[1374658486.968669] latency=4:5:5:6:23:(7)ms throughput=30rps rr=0.00% cr=0.00% errors=0 total=3317
[1374658487.972655] latency=3:5:6:63:158:(31)ms throughput=30rps rr=6.67% cr=0.00% errors=0 total=3347
[1374658488.976690] latency=4:5:5:7:18:(7)ms throughput=40rps rr=0.00% cr=0.00% errors=0 total=3387
[1374658489.980620] latency=4:5:5:9:75:(13)ms throughput=27rps rr=0.00% cr=0.00% errors=0 total=3414
[1374658490.984670] latency=3:5:5:8:537:(28)ms throughput=32rps rr=3.12% cr=0.00% errors=0 total=3446
[1374658491.988654] latency=3:5:6:45:455:(37)ms throughput=30rps rr=3.33% cr=0.00% errors=0 total=3476
[1374658492.992687] latency=5:5:6:8:34:(10)ms throughput=23rps rr=0.00% cr=0.00% errors=0 total=3499
[1374658493.996655] latency=4:4:5:6:7:(5)ms throughput=25rps rr=0.00% cr=0.00% errors=0 total=3524
[1374658495.000631] latency=4:5:6:7:10:(6)ms throughput=28rps rr=0.00% cr=0.00% errors=0 total=3552
[1374658496.004622] latency=4:5:5:9:70:(9)ms throughput=44rps rr=4.55% cr=0.00% errors=0 total=3596
[1374658497.008657] latency=3:4:5:7:242:(23)ms throughput=24rps rr=8.33% cr=0.00% errors=0 total=3620
[1374658498.012655] latency=3:4:5:6:112:(10)ms throughput=39rps rr=2.56% cr=0.00% errors=0 total=3659
[1374658499.016658] latency=4:4:5:5:11:(5)ms throughput=31rps rr=0.00% cr=0.00% errors=0 total=3690
[1374658500.020662] latency=3:4:5:13:698:(59)ms throughput=27rps rr=11.11% cr=0.00% errors=0 total=3717
[1374658501.024698] latency=4:5:5:10:188:(18)ms throughput=21rps rr=4.76% cr=0.00% errors=0 total=3738
[1374658502.028687] latency=4:5:5:6:37:(7)ms throughput=39rps rr=5.13% cr=0.00% errors=0 total=3777
[1374658503.032677] latency=4:5:5:6:56:(8)ms throughput=30rps rr=0.00% cr=0.00% errors=0 total=3807
[1374658504.036620] latency=3:5:6:11:268:(19)ms throughput=51rps rr=1.96% cr=0.00% errors=0 total=3858
[1374658505.040675] latency=4:5:5:6:10:(6)ms throughput=35rps rr=0.00% cr=0.00% errors=0 total=3893
[1374658506.044675] latency=4:5:5:7:14:(6)ms throughput=29rps rr=0.00% cr=0.00% errors=0 total=3922
[1374658507.048587] latency=3:5:5:8:12:(6)ms throughput=34rps rr=2.94% cr=0.00% errors=0 total=3956
[1374658508.052674] latency=4:5:5:8:243:(18)ms throughput=32rps rr=6.25% cr=0.00% errors=0 total=3988
[1374658509.056691] latency=3:4:30:74:784:(78)ms throughput=34rps rr=5.88% cr=0.00% errors=0 total=4022
[1374658510.060635] latency=3:4:21:60:712:(73)ms throughput=31rps rr=9.68% cr=0.00% errors=0 total=4053
[1374658511.064655] latency=4:5:5:6:9:(6)ms throughput=31rps rr=0.00% cr=0.00% errors=0 total=4084
[1374658512.068672] latency=3:4:5:5:11:(5)ms throughput=32rps rr=0.00% cr=0.00% errors=0 total=4116
[1374658513.072675] latency=4:10:37:91:975:(97)ms throughput=33rps rr=9.09% cr=0.00% errors=0 total=4149
[1374658514.076670] latency=3:7:28:75:1461:(113)ms throughput=45rps rr=4.44% cr=0.00% errors=0 total=4194
[1374658515.080673] latency=4:6:14:62:1867:(197)ms throughput=31rps rr=12.90% cr=0.00% errors=0 total=4225
[1374658516.084670] latency=3:5:5:32:398:(30)ms throughput=25rps rr=4.00% cr=0.00% errors=0 total=4250
[1374658517.088720] latency=4:5:5:7:16:(6)ms throughput=35rps rr=0.00% cr=0.00% errors=0 total=4285
[1374658518.092823] latency=4:5:5:6:362:(29)ms throughput=23rps rr=4.35% cr=0.00% errors=0 total=4308
[1374658519.096634] latency=4:4:5:6:9:(5)ms throughput=27rps rr=0.00% cr=0.00% errors=0 total=4335
[1374658520.100612] latency=3:5:8:20:471:(37)ms throughput=36rps rr=5.56% cr=0.00% errors=0 total=4371
[1374658521.104680] latency=4:5:5:7:12:(6)ms throughput=35rps rr=0.00% cr=0.00% errors=0 total=4406
[1374658522.108679] latency=4:5:5:6:18:(6)ms throughput=35rps rr=0.00% cr=0.00% errors=0 total=4441
[1374658523.112636] latency=3:4:5:37:500:(37)ms throughput=39rps rr=5.13% cr=0.00% errors=0 total=4480
[1374658524.116679] latency=3:5:21:53:848:(53)ms throughput=40rps rr=5.00% cr=0.00% errors=0 total=4520
[1374658525.120684] latency=3:5:6:12:808:(39)ms throughput=35rps rr=8.57% cr=0.00% errors=0 total=4555
[1374658526.124692] latency=3:5:6:32:504:(42)ms throughput=28rps rr=7.14% cr=0.00% errors=0 total=4583
[1374658527.128646] latency=4:5:6:9:148:(11)ms throughput=32rps rr=3.12% cr=0.00% errors=0 total=4615
[1374658528.132675] latency=4:5:5:6:10:(6)ms throughput=23rps rr=0.00% cr=0.00% errors=0 total=4638
[1374658529.136684] latency=4:5:5:6:10:(5)ms throughput=30rps rr=0.00% cr=0.00% errors=0 total=4668
[1374658530.140672] latency=4:4:6:13:493:(37)ms throughput=31rps rr=6.45% cr=0.00% errors=0 total=4699
[1374658531.144673] latency=4:5:5:7:51:(7)ms throughput=35rps rr=5.71% cr=0.00% errors=0 total=4734
[1374658532.148642] latency=3:5:6:9:69:(9)ms throughput=23rps rr=4.35% cr=0.00% errors=0 total=4757
[1374658533.152695] latency=4:5:5:10:59:(9)ms throughput=35rps rr=2.86% cr=0.00% errors=0 total=4792
[1374658534.156671] latency=4:5:6:9:76:(14)ms throughput=25rps rr=4.00% cr=0.00% errors=0 total=4817
[1374658535.160639] latency=3:4:5:8:84:(12)ms throughput=33rps rr=0.00% cr=0.00% errors=0 total=4850
[1374658536.164638] latency=3:5:6:47:549:(47)ms throughput=46rps rr=4.35% cr=0.00% errors=0 total=4896
[1374658537.168645] latency=3:4:5:10:323:(22)ms throughput=36rps rr=5.56% cr=0.00% errors=0 total=4932
[1374658538.172674] latency=3:5:5:9:272:(19)ms throughput=34rps rr=5.88% cr=0.00% errors=0 total=4966
[1374658539.176633] latency=3:4:6:29:463:(36)ms throughput=34rps rr=5.88% cr=0.00% errors=0 total=5000
[1374658540.180631] latency=4:5:6:9:46:(9)ms throughput=35rps rr=0.00% cr=0.00% errors=0 total=5035
[1374658541.184657] latency=4:6:34:66:437:(56)ms throughput=30rps rr=6.67% cr=0.00% errors=0 total=5065
[1374658542.188689] latency=3:5:5:6:46:(7)ms throughput=37rps rr=2.70% cr=0.00% errors=0 total=5102
[1374658543.192676] latency=4:5:5:5:12:(5)ms throughput=35rps rr=0.00% cr=0.00% errors=0 total=5137
[1374658544.196674] latency=3:5:6:9:55:(8)ms throughput=36rps rr=2.78% cr=0.00% errors=0 total=5173
[1374658545.200651] latency=4:5:6:34:389:(33)ms throughput=24rps rr=4.17% cr=0.00% errors=0 total=5197
[1374658546.204633] latency=3:4:6:11:440:(27)ms throughput=35rps rr=2.86% cr=0.00% errors=0 total=5232
[1374658547.208670] latency=3:4:6:19:459:(27)ms throughput=40rps rr=7.50% cr=0.00% errors=0 total=5272
[1374658548.212672] latency=3:4:5:12:81:(16)ms throughput=29rps rr=0.00% cr=0.00% errors=0 total=5301
[1374658549.216694] latency=3:5:6:8:765:(54)ms throughput=31rps rr=6.45% cr=0.00% errors=0 total=5332
[1374658550.220632] latency=4:5:7:33:339:(35)ms throughput=24rps rr=4.17% cr=0.00% errors=0 total=5356
[1374658551.224677] latency=3:5:22:63:784:(72)ms throughput=38rps rr=5.26% cr=0.00% errors=0 total=5394
[1374658552.228686] latency=3:5:6:7:69:(10)ms throughput=28rps rr=0.00% cr=0.00% errors=0 total=5422
[1374658553.232691] latency=4:4:5:6:13:(6)ms throughput=27rps rr=0.00% cr=0.00% errors=0 total=5449
[1374658554.236672] latency=4:5:5:7:11:(6)ms throughput=33rps rr=0.00% cr=0.00% errors=0 total=5482
[1374658555.240671] latency=4:5:5:8:64:(10)ms throughput=36rps rr=0.00% cr=0.00% errors=0 total=5518
[1374658556.244670] latency=3:4:5:6:269:(19)ms throughput=35rps rr=2.86% cr=0.00% errors=0 total=5553
[1374658557.248692] latency=3:4:5:8:73:(8)ms throughput=34rps rr=2.94% cr=0.00% errors=0 total=5587
[1374658558.252687] latency=3:4:5:8:370:(21)ms throughput=35rps rr=5.71% cr=0.00% errors=0 total=5622
[1374658559.256674] latency=3:5:5:7:169:(16)ms throughput=29rps rr=6.90% cr=0.00% errors=0 total=5651
[1374658560.260670] latency=4:4:5:6:9:(5)ms throughput=31rps rr=0.00% cr=0.00% errors=0 total=5682
[1374658561.264690] latency=4:5:6:7:10:(6)ms throughput=33rps rr=0.00% cr=0.00% errors=0 total=5715
[1374658562.268673] latency=3:5:5:6:12:(6)ms throughput=30rps rr=0.00% cr=0.00% errors=0 total=5745
[1374658563.272630] latency=4:5:5:6:14:(6)ms throughput=31rps rr=0.00% cr=0.00% errors=0 total=5776
[1374658564.276675] latency=3:5:6:8:304:(16)ms throughput=45rps rr=2.22% cr=0.00% errors=0 total=5821
[1374658565.280691] latency=4:5:5:7:40:(7)ms throughput=38rps rr=2.63% cr=0.00% errors=0 total=5859
[1374658566.284673] latency=4:5:5:5:23:(6)ms throughput=30rps rr=3.33% cr=0.00% errors=0 total=5889
[1374658567.288736] latency=4:5:5:6:14:(6)ms throughput=39rps rr=0.00% cr=0.00% errors=0 total=5928
[1374658568.292695] latency=3:5:7:10:498:(38)ms throughput=24rps rr=12.50% cr=0.00% errors=0 total=5952
[1374658569.296690] latency=5:5:5:7:11:(6)ms throughput=29rps rr=0.00% cr=0.00% errors=0 total=5981
[1374658570.300669] latency=3:4:5:6:602:(40)ms throughput=46rps rr=6.52% cr=0.00% errors=0 total=6027
[1374658571.304638] latency=3:5:6:9:167:(16)ms throughput=43rps rr=4.65% cr=0.00% errors=0 total=6070
[1374658572.308638] latency=3:5:5:7:215:(20)ms throughput=35rps rr=8.57% cr=0.00% errors=0 total=6105
[1374658573.312689] latency=4:5:5:7:145:(12)ms throughput=27rps rr=3.70% cr=0.00% errors=0 total=6132
[1374658574.316668] latency=3:5:5:6:144:(10)ms throughput=38rps rr=2.63% cr=0.00% errors=0 total=6170
[1374658575.320635] latency=4:5:6:7:73:(8)ms throughput=31rps rr=3.23% cr=0.00% errors=0 total=6201
[1374658576.324624] latency=3:5:5:8:18:(7)ms throughput=40rps rr=0.00% cr=0.00% errors=0 total=6241
[1374658577.328687] latency=3:5:5:8:137:(12)ms throughput=36rps rr=5.56% cr=0.00% errors=0 total=6277
[1374658578.332655] latency=3:5:5:7:156:(12)ms throughput=37rps rr=5.41% cr=0.00% errors=0 total=6314
[1374658579.336632] latency=3:5:6:8:114:(9)ms throughput=40rps rr=2.50% cr=0.00% errors=0 total=6354
[1374658580.340621] latency=3:4:5:6:212:(14)ms throughput=36rps rr=5.56% cr=0.00% errors=0 total=6390
[1374658581.344689] latency=3:4:4:8:595:(57)ms throughput=46rps rr=15.22% cr=0.00% errors=0 total=6436
[1374658582.348592] latency=3:5:5:20:299:(38)ms throughput=25rps rr=20.00% cr=0.00% errors=0 total=6461
[1374658583.352634] latency=3:4:5:7:183:(21)ms throughput=33rps rr=12.12% cr=0.00% errors=0 total=6494
[1374658584.356657] latency=3:4:5:6:207:(18)ms throughput=34rps rr=8.82% cr=0.00% errors=0 total=6528
[1374658585.360686] latency=4:5:5:7:54:(8)ms throughput=28rps rr=3.57% cr=0.00% errors=0 total=6556
[1374658586.364619] latency=3:5:5:13:110:(15)ms throughput=40rps rr=2.50% cr=0.00% errors=0 total=6596
[1374658587.368672] latency=3:5:5:6:250:(19)ms throughput=34rps rr=11.76% cr=0.00% errors=0 total=6630
[1374658588.372655] latency=3:4:5:8:400:(26)ms throughput=39rps rr=5.13% cr=0.00% errors=0 total=6669
[1374658589.376687] latency=4:5:6:6:26:(7)ms throughput=25rps rr=4.00% cr=0.00% errors=0 total=6694
[1374658590.380665] latency=4:5:5:6:10:(5)ms throughput=25rps rr=0.00% cr=0.00% errors=0 total=6719
[1374658591.384666] latency=4:5:6:10:50:(9)ms throughput=32rps rr=6.25% cr=0.00% errors=0 total=6751
[1374658592.388621] latency=3:5:5:8:45:(9)ms throughput=32rps rr=6.25% cr=0.00% errors=0 total=6783
[1374658593.392654] latency=3:5:6:7:101:(10)ms throughput=39rps rr=5.13% cr=0.00% errors=0 total=6822
[1374658594.396620] latency=4:5:6:7:199:(16)ms throughput=39rps rr=7.69% cr=0.00% errors=0 total=6861
[1374658595.400632] latency=3:4:5:5:202:(14)ms throughput=33rps rr=6.06% cr=0.00% errors=0 total=6894
[1374658596.404623] latency=3:4:5:10:786:(96)ms throughput=22rps rr=13.64% cr=0.00% errors=0 total=6916
[1374658597.408650] latency=3:5:5:7:775:(36)ms throughput=41rps rr=7.32% cr=0.00% errors=0 total=6957
[1374658598.412630] latency=3:4:5:6:268:(26)ms throughput=24rps rr=20.83% cr=0.00% errors=0 total=6981
[1374658599.416670] latency=3:5:5:7:207:(28)ms throughput=18rps rr=22.22% cr=0.00% errors=0 total=6999
[1374658600.420618] latency=3:4:5:8:342:(31)ms throughput=32rps rr=12.50% cr=0.00% errors=0 total=7031
[1374658601.424686] latency=3:5:5:7:166:(12)ms throughput=38rps rr=5.26% cr=0.00% errors=0 total=7069
[1374658602.428621] latency=3:5:5:6:207:(12)ms throughput=37rps rr=5.41% cr=0.00% errors=0 total=7106
[1374658603.432633] latency=4:5:5:6:126:(12)ms throughput=39rps rr=10.26% cr=0.00% errors=0 total=7145
[1374658604.436620] latency=3:3:5:7:157:(15)ms throughput=39rps rr=10.26% cr=0.00% errors=0 total=7184
[1374658605.440650] latency=3:4:5:15:462:(55)ms throughput=34rps rr=17.65% cr=0.00% errors=0 total=7218
[1374658606.444630] latency=3:4:4:13:344:(38)ms throughput=30rps rr=13.33% cr=0.00% errors=0 total=7248
[1374658607.448671] latency=3:5:6:8:282:(34)ms throughput=30rps rr=16.67% cr=0.00% errors=0 total=7278
[1374658608.452656] latency=5:5:5:7:14:(6)ms throughput=22rps rr=0.00% cr=0.00% errors=0 total=7300
[1374658609.456655] latency=3:5:6:9:89:(14)ms throughput=29rps rr=6.90% cr=0.00% errors=0 total=7329
[1374658610.460620] latency=3:4:5:6:532:(44)ms throughput=35rps rr=14.29% cr=0.00% errors=0 total=7364
[1374658611.464667] latency=3:4:5:7:327:(26)ms throughput=37rps rr=10.81% cr=0.00% errors=0 total=7401
[1374658612.468656] latency=3:5:5:13:348:(25)ms throughput=45rps rr=6.67% cr=0.00% errors=0 total=7446
[1374658613.472655] latency=3:5:5:6:70:(9)ms throughput=35rps rr=5.71% cr=0.00% errors=0 total=7481
[1374658614.476620] latency=3:4:5:7:495:(35)ms throughput=40rps rr=10.00% cr=0.00% errors=0 total=7521
[1374658615.480668] latency=4:5:5:8:340:(17)ms throughput=40rps rr=5.00% cr=0.00% errors=0 total=7561
[1374658616.484625] latency=3:4:5:14:651:(60)ms throughput=31rps rr=12.90% cr=0.00% errors=0 total=7592
[1374658617.488650] latency=3:4:5:6:346:(28)ms throughput=27rps rr=7.41% cr=0.00% errors=0 total=7619
[1374658618.492657] latency=3:5:5:7:182:(16)ms throughput=31rps rr=6.45% cr=0.00% errors=0 total=7650
[1374658619.496638] latency=3:4:5:8:374:(43)ms throughput=22rps rr=13.64% cr=0.00% errors=0 total=7672
[1374658620.500627] latency=4:5:6:11:246:(27)ms throughput=31rps rr=16.13% cr=0.00% errors=0 total=7703
[1374658621.504674] latency=3:5:5:6:49:(7)ms throughput=32rps rr=3.12% cr=0.00% errors=0 total=7735
[1374658622.508639] latency=3:4:5:7:359:(23)ms throughput=46rps rr=8.70% cr=0.00% errors=0 total=7781
[1374658623.512672] latency=3:4:5:7:361:(25)ms throughput=38rps rr=13.16% cr=0.00% errors=0 total=7819
[1374658624.516622] latency=3:4:5:6:227:(15)ms throughput=29rps rr=6.90% cr=0.00% errors=0 total=7848
[1374658625.520662] latency=3:4:5:10:360:(32)ms throughput=39rps rr=17.95% cr=0.00% errors=0 total=7887
[1374658626.524625] latency=4:4:5:7:313:(39)ms throughput=17rps rr=17.65% cr=0.00% errors=0 total=7904
[1374658627.540642] latency=3:4:7:15:464:(54)ms throughput=32rps rr=21.21% cr=0.00% errors=0 total=7937
[1374658628.544621] latency=3:4:5:10:693:(113)ms throughput=35rps rr=25.71% cr=0.00% errors=0 total=7972
[1374658629.548656] latency=3:4:5:8:426:(40)ms throughput=37rps rr=10.81% cr=0.00% errors=0 total=8009
[1374658630.552657] latency=3:5:7:10:23:(8)ms throughput=31rps rr=9.68% cr=0.00% errors=0 total=8040
[1374658631.556634] latency=3:4:5:9:595:(68)ms throughput=34rps rr=17.65% cr=0.00% errors=0 total=8074
[1374658632.560655] latency=3:4:6:10:337:(46)ms throughput=33rps rr=15.15% cr=0.00% errors=0 total=8107
[1374658633.564652] latency=3:4:5:6:218:(13)ms throughput=43rps rr=4.65% cr=0.00% errors=0 total=8150
[1374658634.568620] latency=3:4:5:8:187:(22)ms throughput=36rps rr=11.11% cr=0.00% errors=0 total=8186
[1374658635.572632] latency=3:4:5:7:269:(34)ms throughput=31rps rr=19.35% cr=0.00% errors=0 total=8217
[1374658636.576626] latency=3:4:5:5:193:(23)ms throughput=33rps rr=15.15% cr=0.00% errors=0 total=8250
[1374658637.580649] latency=3:4:5:6:240:(16)ms throughput=35rps rr=5.71% cr=0.00% errors=0 total=8285
[1374658638.584658] latency=3:4:5:33:479:(60)ms throughput=28rps rr=25.00% cr=0.00% errors=0 total=8313
[1374658639.588636] latency=3:4:5:8:159:(16)ms throughput=33rps rr=12.12% cr=0.00% errors=0 total=8346
[1374658640.592654] latency=3:4:5:17:641:(71)ms throughput=38rps rr=18.42% cr=0.00% errors=0 total=8384
[1374658641.596682] latency=3:5:5:6:299:(23)ms throughput=29rps rr=10.34% cr=0.00% errors=0 total=8413
[1374658642.600619] latency=4:5:6:9:118:(15)ms throughput=31rps rr=16.13% cr=0.00% errors=0 total=8444
[1374658643.604668] latency=3:5:5:7:171:(18)ms throughput=34rps rr=8.82% cr=0.00% errors=0 total=8478
[1374658644.608612] latency=3:5:5:6:128:(12)ms throughput=30rps rr=10.00% cr=0.00% errors=0 total=8508
[1374658645.612651] latency=3:4:5:7:173:(20)ms throughput=32rps rr=12.50% cr=0.00% errors=0 total=8540
[1374658646.616621] latency=3:4:5:92:466:(87)ms throughput=24rps rr=25.00% cr=0.00% errors=0 total=8564
[1374658647.620684] latency=3:4:5:8:129:(20)ms throughput=40rps rr=12.50% cr=0.00% errors=0 total=8604
[1374658648.624654] latency=3:5:5:6:193:(26)ms throughput=23rps rr=17.39% cr=0.00% errors=0 total=8627
[1374658649.628646] latency=4:5:6:8:39:(8)ms throughput=31rps rr=3.23% cr=0.00% errors=0 total=8658
[1374658650.632657] latency=3:4:5:6:309:(32)ms throughput=34rps rr=17.65% cr=0.00% errors=0 total=8692
[1374658651.636591] latency=3:5:5:6:126:(9)ms throughput=33rps rr=3.03% cr=0.00% errors=0 total=8725
[1374658652.640622] latency=3:4:4:6:251:(27)ms throughput=32rps rr=15.62% cr=0.00% errors=0 total=8757
[1374658653.644683] latency=3:4:5:7:597:(80)ms throughput=35rps rr=20.00% cr=0.00% errors=0 total=8792
[1374658654.648632] latency=3:4:7:13:412:(59)ms throughput=28rps rr=21.43% cr=0.00% errors=0 total=8820
[1374658655.652640] latency=3:4:6:14:664:(64)ms throughput=31rps rr=16.13% cr=0.00% errors=0 total=8851
[1374658656.656657] latency=3:4:11:47:1595:(252)ms throughput=37rps rr=29.73% cr=0.00% errors=0 total=8888
[1374658657.660670] latency=3:5:8:10:218:(18)ms throughput=33rps rr=9.09% cr=0.00% errors=0 total=8921
[1374658658.664620] latency=3:5:6:9:160:(19)ms throughput=28rps rr=14.29% cr=0.00% errors=0 total=8949
[1374658659.668638] latency=3:4:5:11:498:(73)ms throughput=31rps rr=25.81% cr=0.00% errors=0 total=8980
[1374658660.672621] latency=3:4:6:9:659:(63)ms throughput=38rps rr=18.42% cr=0.00% errors=0 total=9018
[1374658661.676652] latency=3:5:5:6:184:(15)ms throughput=41rps rr=4.88% cr=0.00% errors=0 total=9059
[1374658662.680616] latency=3:4:5:7:216:(23)ms throughput=44rps rr=9.09% cr=0.00% errors=0 total=9103
[1374658663.684669] latency=3:5:5:6:140:(11)ms throughput=28rps rr=7.14% cr=0.00% errors=0 total=9131
[1374658664.688620] latency=3:4:5:7:176:(20)ms throughput=30rps rr=20.00% cr=0.00% errors=0 total=9161
[1374658665.692648] latency=3:4:5:11:263:(35)ms throughput=32rps rr=15.62% cr=0.00% errors=0 total=9193
[1374658666.696620] latency=3:4:5:7:360:(30)ms throughput=36rps rr=16.67% cr=0.00% errors=0 total=9229
[1374658667.700626] latency=3:5:5:8:172:(17)ms throughput=32rps rr=12.50% cr=0.00% errors=0 total=9261
[1374658668.704658] latency=3:5:5:9:410:(41)ms throughput=35rps rr=17.14% cr=0.00% errors=0 total=9296
[1374658669.708682] latency=3:4:5:6:243:(30)ms throughput=28rps rr=17.86% cr=0.00% errors=0 total=9324
[1374658670.712630] latency=3:5:5:6:22:(6)ms throughput=31rps rr=3.23% cr=0.00% errors=0 total=9355
[1374658671.716668] latency=3:5:6:11:468:(53)ms throughput=32rps rr=18.75% cr=0.00% errors=0 total=9387
[1374658672.724655] latency=3:5:6:8:130:(11)ms throughput=42rps rr=7.14% cr=0.00% errors=0 total=9429
[1374658673.728683] latency=3:4:5:7:209:(29)ms throughput=23rps rr=13.04% cr=0.00% errors=0 total=9452
[1374658674.732619] latency=3:5:6:11:186:(15)ms throughput=33rps rr=9.09% cr=0.00% errors=0 total=9485
[1374658675.736632] latency=4:5:5:7:176:(21)ms throughput=22rps rr=13.64% cr=0.00% errors=0 total=9507
[1374658676.740613] latency=3:4:5:10:472:(48)ms throughput=38rps rr=15.79% cr=0.00% errors=0 total=9545
[1374658677.744651] latency=4:5:5:8:387:(45)ms throughput=24rps rr=12.50% cr=0.00% errors=0 total=9569
[1374658678.748621] latency=3:4:5:8:503:(38)ms throughput=34rps rr=8.82% cr=0.00% errors=0 total=9603
[1374658679.752664] latency=3:4:5:386:948:(169)ms throughput=35rps rr=31.43% cr=0.00% errors=0 total=9638
[1374658680.756619] latency=3:4:6:12:501:(66)ms throughput=27rps rr=18.52% cr=0.00% errors=0 total=9665
[1374658681.760642] latency=3:4:5:17:1147:(151)ms throughput=35rps rr=22.86% cr=0.00% errors=0 total=9700
[1374658682.764620] latency=3:4:6:10:1278:(129)ms throughput=32rps rr=21.88% cr=0.00% errors=0 total=9732
[1374658683.768631] latency=3:4:6:15:161:(24)ms throughput=26rps rr=19.23% cr=0.00% errors=0 total=9758
[1374658684.772626] latency=3:4:5:9:444:(53)ms throughput=30rps rr=20.00% cr=0.00% errors=0 total=9788
[1374658685.776654] latency=3:4:5:6:641:(49)ms throughput=29rps rr=17.24% cr=0.00% errors=0 total=9817
[1374658686.780630] latency=3:5:6:9:229:(28)ms throughput=38rps rr=13.16% cr=0.00% errors=0 total=9855
[1374658687.784632] latency=3:5:5:8:410:(44)ms throughput=21rps rr=14.29% cr=0.00% errors=0 total=9876
[1374658688.788621] latency=3:4:5:51:359:(51)ms throughput=36rps rr=22.22% cr=0.00% errors=0 total=9912
[1374658689.792648] latency=3:4:4:9:677:(82)ms throughput=34rps rr=20.59% cr=0.00% errors=0 total=9946
[1374658690.796622] latency=3:4:4:8:315:(45)ms throughput=30rps rr=23.33% cr=0.00% errors=0 total=9976
[1374658691.800633] latency=3:4:5:6:325:(34)ms throughput=30rps rr=16.67% cr=0.00% errors=0 total=10006
[1374658692.804638] latency=3:4:4:111:718:(109)ms throughput=26rps rr=26.92% cr=0.00% errors=0 total=10032
[1374658693.808650] latency=3:4:5:6:394:(37)ms throughput=37rps rr=13.51% cr=0.00% errors=0 total=10069
[1374658694.812657] latency=4:5:5:6:100:(9)ms throughput=30rps rr=3.33% cr=0.00% errors=0 total=10099
[1374658695.816633] latency=4:5:5:6:54:(7)ms throughput=27rps rr=3.70% cr=0.00% errors=0 total=10126
[1374658696.820621] latency=3:4:5:6:283:(21)ms throughput=30rps rr=13.33% cr=0.00% errors=0 total=10156
[1374658697.824676] latency=3:5:5:8:180:(11)ms throughput=34rps rr=2.94% cr=0.00% errors=0 total=10190
[1374658698.828653] latency=3:4:6:13:246:(31)ms throughput=33rps rr=18.18% cr=0.00% errors=0 total=10223
[1374658699.832638] latency=3:5:5:8:167:(17)ms throughput=26rps rr=7.69% cr=0.00% errors=0 total=10249
[1374658700.836625] latency=3:4:5:6:176:(14)ms throughput=30rps rr=10.00% cr=0.00% errors=0 total=10279
[1374658701.840646] latency=4:4:7:12:632:(109)ms throughput=25rps rr=24.00% cr=0.00% errors=0 total=10304
[1374658702.844664] latency=3:4:5:10:338:(33)ms throughput=31rps rr=19.35% cr=0.00% errors=0 total=10335
[1374658703.848634] latency=3:4:5:6:339:(25)ms throughput=37rps rr=10.81% cr=0.00% errors=0 total=10372
[1374658704.852623] latency=3:4:5:13:609:(56)ms throughput=36rps rr=16.67% cr=0.00% errors=0 total=10408
[1374658705.856642] latency=3:4:4:38:1054:(159)ms throughput=35rps rr=28.57% cr=0.00% errors=0 total=10443
[1374658706.860657] latency=3:5:8:16:759:(144)ms throughput=31rps rr=22.58% cr=0.00% errors=0 total=10474
[1374658707.864634] latency=3:4:5:6:214:(24)ms throughput=30rps rr=13.33% cr=0.00% errors=0 total=10504
[1374658708.868654] latency=3:4:6:13:273:(33)ms throughput=39rps rr=12.82% cr=0.00% errors=0 total=10543
[1374658709.872647] latency=3:4:5:7:570:(50)ms throughput=35rps rr=14.29% cr=0.00% errors=0 total=10578
[1374658710.876621] latency=3:4:4:33:584:(79)ms throughput=26rps rr=23.08% cr=0.00% errors=0 total=10604
[1374658711.880633] latency=3:4:16:50:1978:(265)ms throughput=35rps rr=22.86% cr=0.00% errors=0 total=10639
[1374658712.884620] latency=3:4:5:33:2462:(377)ms throughput=21rps rr=19.05% cr=0.00% errors=0 total=10660
[1374658713.888646] latency=3:4:5:340:2221:(375)ms throughput=41rps rr=31.71% cr=0.00% errors=0 total=10701
[1374658714.892623] latency=3:5:5:6:182:(16)ms throughput=38rps rr=10.53% cr=0.00% errors=0 total=10739
[1374658715.896665] latency=4:5:6:9:183:(27)ms throughput=22rps rr=13.64% cr=0.00% errors=0 total=10761
[1374658716.900621] latency=3:4:5:7:200:(21)ms throughput=27rps rr=11.11% cr=0.00% errors=0 total=10788
[1374658717.904643] latency=3:4:6:10:325:(42)ms throughput=28rps rr=21.43% cr=0.00% errors=0 total=10816
[1374658718.908629] latency=3:4:6:21:256:(41)ms throughput=27rps rr=22.22% cr=0.00% errors=0 total=10843
[1374658719.912671] latency=3:4:4:6:432:(39)ms throughput=42rps rr=16.67% cr=0.00% errors=0 total=10885
[1374658720.916630] latency=4:5:6:10:23:(8)ms throughput=30rps rr=0.00% cr=0.00% errors=0 total=10915
[1374658721.920676] latency=3:4:5:6:178:(24)ms throughput=36rps rr=13.89% cr=0.00% errors=0 total=10951
[1374658722.924622] latency=3:5:5:6:194:(12)ms throughput=34rps rr=5.88% cr=0.00% errors=0 total=10985
[1374658723.928627] latency=3:4:5:10:265:(22)ms throughput=36rps rr=11.11% cr=0.00% errors=0 total=11021
[1374658724.932626] latency=3:4:4:9:852:(55)ms throughput=49rps rr=10.20% cr=0.00% errors=0 total=11070
[1374658725.936678] latency=3:4:5:82:748:(101)ms throughput=27rps rr=33.33% cr=0.00% errors=0 total=11097
[1374658726.940661] latency=3:5:6:9:82:(13)ms throughput=32rps rr=9.38% cr=0.00% errors=0 total=11129
[1374658727.944667] latency=3:5:5:6:134:(11)ms throughput=34rps rr=5.88% cr=0.00% errors=0 total=11163
[1374658728.948632] latency=3:4:5:9:302:(37)ms throughput=34rps rr=17.65% cr=0.00% errors=0 total=11197
[1374658729.952640] latency=3:4:5:8:409:(34)ms throughput=28rps rr=10.71% cr=0.00% errors=0 total=11225
[1374658730.956625] latency=3:4:5:7:547:(49)ms throughput=43rps rr=16.28% cr=0.00% errors=0 total=11268
[1374658731.960633] latency=3:4:5:9:445:(54)ms throughput=31rps rr=19.35% cr=0.00% errors=0 total=11299
[1374658732.964666] latency=3:4:5:6:207:(22)ms throughput=25rps rr=12.00% cr=0.00% errors=0 total=11324
[1374658733.968686] latency=3:4:5:9:479:(58)ms throughput=33rps rr=18.18% cr=0.00% errors=0 total=11357
[1374658734.972661] latency=3:5:6:8:177:(19)ms throughput=26rps rr=11.54% cr=0.00% errors=0 total=11383
[1374658735.976648] latency=3:5:5:6:90:(8)ms throughput=31rps rr=3.23% cr=0.00% errors=0 total=11414
[1374658736.980630] latency=3:4:4:6:355:(34)ms throughput=47rps rr=12.77% cr=0.00% errors=0 total=11461
[1374658737.984639] latency=3:4:5:5:119:(9)ms throughput=28rps rr=3.57% cr=0.00% errors=0 total=11489
[1374658738.988635] latency=3:4:4:66:776:(120)ms throughput=44rps rr=25.00% cr=0.00% errors=0 total=11533
[1374658739.992636] latency=3:4:5:38:290:(45)ms throughput=27rps rr=22.22% cr=0.00% errors=0 total=11560
[1374658740.996634] latency=3:5:6:9:165:(14)ms throughput=29rps rr=6.90% cr=0.00% errors=0 total=11589
[1374658742.000696] latency=3:5:5:8:260:(18)ms throughput=28rps rr=10.71% cr=0.00% errors=0 total=11617
[1374658743.004632] latency=4:5:6:11:320:(41)ms throughput=32rps rr=12.50% cr=0.00% errors=0 total=11649
[1374658744.008649] latency=3:4:4:5:269:(28)ms throughput=30rps rr=10.00% cr=0.00% errors=0 total=11679
[1374658745.012635] latency=3:4:6:8:200:(24)ms throughput=37rps rr=18.92% cr=0.00% errors=0 total=11716
[1374658746.016645] latency=3:4:6:16:737:(96)ms throughput=43rps rr=23.26% cr=0.00% errors=0 total=11759
[1374658747.020629] latency=3:4:5:38:344:(53)ms throughput=32rps rr=28.12% cr=0.00% errors=0 total=11791
[1374658748.024652] latency=3:4:4:6:386:(29)ms throughput=32rps rr=15.62% cr=0.00% errors=0 total=11823
[1374658749.028633] latency=3:4:5:148:567:(102)ms throughput=30rps rr=26.67% cr=0.00% errors=0 total=11853
[1374658750.032651] latency=3:4:5:12:630:(82)ms throughput=36rps rr=22.22% cr=0.00% errors=0 total=11889
[1374658751.036629] latency=3:4:6:10:448:(47)ms throughput=33rps rr=12.12% cr=0.00% errors=0 total=11922
[1374658752.040684] latency=3:5:6:8:123:(21)ms throughput=27rps rr=22.22% cr=0.00% errors=0 total=11949
[1374658753.044635] latency=3:4:5:13:258:(33)ms throughput=32rps rr=18.75% cr=0.00% errors=0 total=11981
[1374658754.048674] latency=3:4:5:17:215:(27)ms throughput=36rps rr=16.67% cr=0.00% errors=0 total=12017
[1374658755.052666] latency=3:4:4:6:309:(27)ms throughput=40rps rr=15.00% cr=0.00% errors=0 total=12057
[1374658756.056645] latency=3:5:5:6:49:(7)ms throughput=24rps rr=4.17% cr=0.00% errors=0 total=12081
[1374658757.060630] latency=3:4:5:12:535:(61)ms throughput=36rps rr=13.89% cr=0.00% errors=0 total=12117
[1374658758.064650] latency=3:4:6:11:580:(72)ms throughput=31rps rr=22.58% cr=0.00% errors=0 total=12148
[1374658759.068655] latency=3:4:5:7:472:(54)ms throughput=32rps rr=21.88% cr=0.00% errors=0 total=12180
[1374658760.072680] latency=3:4:5:23:274:(40)ms throughput=23rps rr=21.74% cr=0.00% errors=0 total=12203
[1374658761.076644] latency=3:4:5:6:345:(31)ms throughput=22rps rr=13.64% cr=0.00% errors=0 total=12225
[1374658762.080669] latency=3:4:5:9:637:(73)ms throughput=36rps rr=19.44% cr=0.00% errors=0 total=12261
[1374658763.084686] latency=3:5:5:6:198:(11)ms throughput=37rps rr=2.70% cr=0.00% errors=0 total=12298
[1374658764.088644] latency=3:4:5:8:270:(25)ms throughput=37rps rr=13.51% cr=0.00% errors=0 total=12335
[1374658765.092737] latency=3:5:6:6:295:(18)ms throughput=37rps rr=8.11% cr=0.00% errors=0 total=12372
[1374658766.096654] latency=4:5:5:7:306:(38)ms throughput=27rps rr=14.81% cr=0.00% errors=0 total=12399
[1374658767.100653] latency=3:4:9:26:812:(64)ms throughput=32rps rr=18.75% cr=0.00% errors=0 total=12431
[1374658768.104652] latency=3:4:5:17:1452:(217)ms throughput=35rps rr=20.00% cr=0.00% errors=0 total=12466
[1374658769.108697] latency=3:5:5:13:1317:(134)ms throughput=29rps rr=24.14% cr=0.00% errors=0 total=12495
[1374658770.144649] latency=3:5:5:7:417:(45)ms throughput=43rps rr=15.56% cr=0.00% errors=0 total=12540
[1374658771.148668] latency=4:5:6:52:190:(40)ms throughput=32rps rr=25.00% cr=0.00% errors=0 total=12572
[1374658772.152646] latency=3:5:5:6:228:(21)ms throughput=29rps rr=13.79% cr=0.00% errors=0 total=12601
[1374658773.156683] latency=4:5:5:6:167:(16)ms throughput=39rps rr=7.69% cr=0.00% errors=0 total=12640
[1374658774.160647] latency=3:5:6:7:223:(35)ms throughput=22rps rr=27.27% cr=0.00% errors=0 total=12662
[1374658775.164811] latency=3:5:5:6:193:(16)ms throughput=39rps rr=12.82% cr=0.00% errors=0 total=12701
[1374658776.168660] latency=3:5:6:11:284:(30)ms throughput=38rps rr=10.53% cr=0.00% errors=0 total=12739
[1374658777.172691] latency=4:5:5:6:130:(18)ms throughput=32rps rr=15.62% cr=0.00% errors=0 total=12771
[1374658778.176662] latency=3:4:5:7:308:(32)ms throughput=36rps rr=11.11% cr=0.00% errors=0 total=12807
[1374658779.180665] latency=3:5:5:6:204:(27)ms throughput=35rps rr=20.00% cr=0.00% errors=0 total=12842
[1374658780.184648] latency=4:5:5:6:239:(26)ms throughput=31rps rr=12.90% cr=0.00% errors=0 total=12873
[1374658781.188668] latency=4:5:7:44:316:(38)ms throughput=49rps rr=20.41% cr=0.00% errors=0 total=12922
[1374658782.192667] latency=3:5:5:6:192:(24)ms throughput=39rps rr=12.82% cr=0.00% errors=0 total=12961
[1374658783.196679] latency=3:5:6:35:280:(45)ms throughput=33rps rr=27.27% cr=0.00% errors=0 total=12994
[1374658784.200672] latency=3:5:6:14:286:(39)ms throughput=24rps rr=12.50% cr=0.00% errors=0 total=13018
[1374658785.204703] latency=3:5:7:87:484:(79)ms throughput=52rps rr=25.00% cr=0.00% errors=0 total=13070
[1374658786.208662] latency=4:5:5:10:194:(21)ms throughput=30rps rr=10.00% cr=0.00% errors=0 total=13100
[1374658787.212665] latency=3:5:6:66:552:(89)ms throughput=28rps rr=28.57% cr=0.00% errors=0 total=13128
[1374658788.216661] latency=3:5:5:67:295:(50)ms throughput=34rps rr=29.41% cr=0.00% errors=0 total=13162
[1374658789.220673] latency=3:5:5:7:266:(31)ms throughput=31rps rr=16.13% cr=0.00% errors=0 total=13193
[1374658790.224675] latency=3:5:5:10:192:(26)ms throughput=29rps rr=17.24% cr=0.00% errors=0 total=13222
[1374658791.228656] latency=3:5:11:58:658:(69)ms throughput=42rps rr=23.81% cr=0.00% errors=0 total=13264
[1374658792.232666] latency=3:5:15:62:620:(97)ms throughput=31rps rr=16.13% cr=0.00% errors=0 total=13295
[1374658793.236690] latency=3:5:24:133:1040:(142)ms throughput=36rps rr=25.00% cr=0.00% errors=0 total=13331
[1374658794.240673] latency=3:12:28:128:2112:(335)ms throughput=31rps rr=22.58% cr=0.00% errors=0 total=13362
[1374658795.244664] latency=3:12:51:1024:2155:(518)ms throughput=31rps rr=38.71% cr=0.00% errors=0 total=13393
[1374658796.248679] latency=3:4:5:13:2202:(190)ms throughput=34rps rr=23.53% cr=0.00% errors=0 total=13427
[1374658797.252695] latency=3:4:5:7:218:(34)ms throughput=30rps rr=20.00% cr=0.00% errors=0 total=13457
[1374658798.256684] latency=3:5:6:18:215:(27)ms throughput=39rps rr=17.95% cr=0.00% errors=0 total=13496
[1374658799.260659] latency=3:5:6:9:264:(33)ms throughput=42rps rr=14.29% cr=0.00% errors=0 total=13538
[1374658800.264656] latency=4:5:5:6:174:(10)ms throughput=39rps rr=2.56% cr=0.00% errors=0 total=13577
[1374658801.268692] latency=4:5:5:9:197:(21)ms throughput=33rps rr=12.12% cr=0.00% errors=0 total=13610
[1374658802.272654] latency=4:5:5:6:158:(15)ms throughput=24rps rr=8.33% cr=0.00% errors=0 total=13634
[1374658803.276663] latency=4:5:5:6:120:(16)ms throughput=30rps rr=20.00% cr=0.00% errors=0 total=13664
[1374658804.280655] latency=3:5:7:56:483:(72)ms throughput=30rps rr=26.67% cr=0.00% errors=0 total=13694
[1374658805.284665] latency=3:5:6:20:263:(34)ms throughput=31rps rr=19.35% cr=0.00% errors=0 total=13725
[1374658806.288653] latency=4:5:5:7:161:(14)ms throughput=27rps rr=11.11% cr=0.00% errors=0 total=13752
[1374658807.292675] latency=4:5:5:6:181:(23)ms throughput=33rps rr=12.12% cr=0.00% errors=0 total=13785
[1374658808.296664] latency=3:5:6:32:213:(38)ms throughput=27rps rr=25.93% cr=0.00% errors=0 total=13812
[1374658809.300700] latency=3:4:6:88:179:(38)ms throughput=30rps rr=26.67% cr=0.00% errors=0 total=13842
[1374658810.304663] latency=3:5:9:197:987:(183)ms throughput=46rps rr=28.26% cr=0.00% errors=0 total=13888
[1374658811.308677] latency=4:5:6:8:257:(29)ms throughput=29rps rr=17.24% cr=0.00% errors=0 total=13917
[1374658812.312655] latency=3:5:5:7:250:(19)ms throughput=38rps rr=10.53% cr=0.00% errors=0 total=13955
[1374658813.316669] latency=3:5:5:6:286:(30)ms throughput=32rps rr=12.50% cr=0.00% errors=0 total=13987
[1374658814.320694] latency=3:4:5:6:289:(25)ms throughput=27rps rr=18.52% cr=0.00% errors=0 total=14014
[1374658815.324664] latency=3:5:5:12:435:(53)ms throughput=25rps rr=20.00% cr=0.00% errors=0 total=14039
[1374658816.328663] latency=3:5:9:86:447:(74)ms throughput=40rps rr=25.00% cr=0.00% errors=0 total=14079
[1374658816.797647] latency=4:5:5:6:135:(19)ms throughput=19rps rr=11.11% cr=0.00% errors=0 total=14088
Got signal 2, cleaning up ...
[1374658816.811905] latency=nan:nan:nan:nan:nan:(-nan)ms throughput=0rps rr=-nan% cr=-nan% errors=0 total=14088
