Currently running VMs
2013-07-25 08:07:10.678+0000: 14601: info : libvirt version: 0.9.8
2013-07-25 08:07:10.678+0000: 14601: warning : xenHypervisorMakeCapabilities:2751 : Failed to get host power management capabilities
- Domain-0 weight=256 cap=0 vcpus=32
- rubbos-hvm weight=256 cap=287 vcpus=3 mac=aa:00:00:00:00:11
- rubis-hvm weight=256 cap=800 vcpus=8 mac=aa:00:00:00:00:10
New scheduling parameters:  weight=256 cap=800 vcpus=8
Currently running VMs
2013-07-25 08:07:21.656+0000: 14652: info : libvirt version: 0.9.8
2013-07-25 08:07:21.656+0000: 14652: warning : xenHypervisorMakeCapabilities:2751 : Failed to get host power management capabilities
- Domain-0 weight=256 cap=0 vcpus=32
- rubbos-hvm weight=256 cap=287 vcpus=3 mac=aa:00:00:00:00:11
- rubis-hvm weight=256 cap=800 vcpus=8 mac=aa:00:00:00:00:10
New scheduling parameters:  weight=256 cap=400 vcpus=4
Currently running VMs
2013-07-25 08:07:32.602+0000: 14800: info : libvirt version: 0.9.8
2013-07-25 08:07:32.602+0000: 14800: warning : xenHypervisorMakeCapabilities:2751 : Failed to get host power management capabilities
- Domain-0 weight=256 cap=0 vcpus=32
- rubbos-hvm weight=256 cap=287 vcpus=3 mac=aa:00:00:00:00:11
- rubis-hvm weight=256 cap=400 vcpus=4 mac=aa:00:00:00:00:10
New scheduling parameters:  weight=256 cap=450 vcpus=5
Currently running VMs
2013-07-25 08:07:43.548+0000: 14848: info : libvirt version: 0.9.8
2013-07-25 08:07:43.548+0000: 14848: warning : xenHypervisorMakeCapabilities:2751 : Failed to get host power management capabilities
- Domain-0 weight=256 cap=0 vcpus=32
- rubbos-hvm weight=256 cap=287 vcpus=3 mac=aa:00:00:00:00:11
- rubis-hvm weight=256 cap=450 vcpus=5 mac=aa:00:00:00:00:10
New scheduling parameters:  weight=256 cap=450 vcpus=5
Currently running VMs
2013-07-25 08:07:54.533+0000: 14896: info : libvirt version: 0.9.8
2013-07-25 08:07:54.533+0000: 14896: warning : xenHypervisorMakeCapabilities:2751 : Failed to get host power management capabilities
- Domain-0 weight=256 cap=0 vcpus=32
- rubbos-hvm weight=256 cap=287 vcpus=3 mac=aa:00:00:00:00:11
- rubis-hvm weight=256 cap=450 vcpus=5 mac=aa:00:00:00:00:10
New scheduling parameters:  weight=256 cap=400 vcpus=4
Currently running VMs
2013-07-25 08:08:05.472+0000: 14944: info : libvirt version: 0.9.8
2013-07-25 08:08:05.472+0000: 14944: warning : xenHypervisorMakeCapabilities:2751 : Failed to get host power management capabilities
- Domain-0 weight=256 cap=0 vcpus=32
- rubbos-hvm weight=256 cap=287 vcpus=3 mac=aa:00:00:00:00:11
- rubis-hvm weight=256 cap=400 vcpus=4 mac=aa:00:00:00:00:10
New scheduling parameters:  weight=256 cap=450 vcpus=5
Currently running VMs
2013-07-25 08:08:16.358+0000: 14992: info : libvirt version: 0.9.8
2013-07-25 08:08:16.358+0000: 14992: warning : xenHypervisorMakeCapabilities:2751 : Failed to get host power management capabilities
- Domain-0 weight=256 cap=0 vcpus=32
- rubbos-hvm weight=256 cap=287 vcpus=3 mac=aa:00:00:00:00:11
- rubis-hvm weight=256 cap=450 vcpus=5 mac=aa:00:00:00:00:10
New scheduling parameters:  weight=256 cap=400 vcpus=4
Currently running VMs
2013-07-25 08:08:27.312+0000: 15040: info : libvirt version: 0.9.8
2013-07-25 08:08:27.312+0000: 15040: warning : xenHypervisorMakeCapabilities:2751 : Failed to get host power management capabilities
- Domain-0 weight=256 cap=0 vcpus=32
- rubbos-hvm weight=256 cap=287 vcpus=3 mac=aa:00:00:00:00:11
- rubis-hvm weight=256 cap=400 vcpus=4 mac=aa:00:00:00:00:10
New scheduling parameters:  weight=256 cap=350 vcpus=4
Currently running VMs
2013-07-25 08:08:38.237+0000: 15088: info : libvirt version: 0.9.8
2013-07-25 08:08:38.237+0000: 15088: warning : xenHypervisorMakeCapabilities:2751 : Failed to get host power management capabilities
- Domain-0 weight=256 cap=0 vcpus=32
- rubbos-hvm weight=256 cap=287 vcpus=3 mac=aa:00:00:00:00:11
- rubis-hvm weight=256 cap=350 vcpus=4 mac=aa:00:00:00:00:10
New scheduling parameters:  weight=256 cap=350 vcpus=4
Currently running VMs
2013-07-25 08:08:49.147+0000: 15136: info : libvirt version: 0.9.8
2013-07-25 08:08:49.147+0000: 15136: warning : xenHypervisorMakeCapabilities:2751 : Failed to get host power management capabilities
- Domain-0 weight=256 cap=0 vcpus=32
- rubbos-hvm weight=256 cap=287 vcpus=3 mac=aa:00:00:00:00:11
- rubis-hvm weight=256 cap=350 vcpus=4 mac=aa:00:00:00:00:10
New scheduling parameters:  weight=256 cap=450 vcpus=5
Currently running VMs
2013-07-25 08:09:00.116+0000: 15184: info : libvirt version: 0.9.8
2013-07-25 08:09:00.116+0000: 15184: warning : xenHypervisorMakeCapabilities:2751 : Failed to get host power management capabilities
- Domain-0 weight=256 cap=0 vcpus=32
- rubbos-hvm weight=256 cap=287 vcpus=3 mac=aa:00:00:00:00:11
- rubis-hvm weight=256 cap=450 vcpus=5 mac=aa:00:00:00:00:10
New scheduling parameters:  weight=256 cap=400 vcpus=4
Currently running VMs
2013-07-25 08:09:11.031+0000: 15232: info : libvirt version: 0.9.8
2013-07-25 08:09:11.031+0000: 15232: warning : xenHypervisorMakeCapabilities:2751 : Failed to get host power management capabilities
- Domain-0 weight=256 cap=0 vcpus=32
- rubbos-hvm weight=256 cap=287 vcpus=3 mac=aa:00:00:00:00:11
- rubis-hvm weight=256 cap=400 vcpus=4 mac=aa:00:00:00:00:10
New scheduling parameters:  weight=256 cap=800 vcpus=8
