[1371750472.144695] latency=nan:nan:nan:nan:nan:(-nan)ms throughput=0rps rr=-nan% cr=-nan% errors=0 total=0
[1371750473.148662] latency=nan:nan:nan:nan:nan:(-nan)ms throughput=0rps rr=-nan% cr=-nan% errors=0 total=0
[1371750474.152647] latency=nan:nan:nan:nan:nan:(-nan)ms throughput=0rps rr=-nan% cr=-nan% errors=0 total=0
[1371750475.156665] latency=nan:nan:nan:nan:nan:(-nan)ms throughput=0rps rr=-nan% cr=-nan% errors=0 total=0
[1371750476.160631] latency=nan:nan:nan:nan:nan:(-nan)ms throughput=0rps rr=-nan% cr=-nan% errors=0 total=0
[1371750477.164643] latency=nan:nan:nan:nan:nan:(-nan)ms throughput=0rps rr=-nan% cr=-nan% errors=0 total=0
[1371750478.168637] latency=nan:nan:nan:nan:nan:(-nan)ms throughput=0rps rr=-nan% cr=-nan% errors=0 total=0
[1371750479.172615] latency=nan:nan:nan:nan:nan:(-nan)ms throughput=0rps rr=-nan% cr=-nan% errors=0 total=0
[1371750480.176648] latency=nan:nan:nan:nan:nan:(-nan)ms throughput=0rps rr=-nan% cr=-nan% errors=0 total=0
[1371750481.180716] latency=nan:nan:nan:nan:nan:(-nan)ms throughput=0rps rr=-nan% cr=-nan% errors=0 total=0
[1371750481.180991] set thinktime=0.100000
[1371750482.184653] latency=nan:nan:nan:nan:nan:(-nan)ms throughput=0rps rr=-nan% cr=-nan% errors=0 total=0
[1371750483.188689] latency=nan:nan:nan:nan:nan:(-nan)ms throughput=0rps rr=-nan% cr=-nan% errors=0 total=0
[1371750484.192630] latency=nan:nan:nan:nan:nan:(-nan)ms throughput=0rps rr=-nan% cr=-nan% errors=0 total=0
[1371750485.196656] latency=nan:nan:nan:nan:nan:(-nan)ms throughput=0rps rr=-nan% cr=-nan% errors=0 total=0
[1371750486.200623] latency=nan:nan:nan:nan:nan:(-nan)ms throughput=0rps rr=-nan% cr=-nan% errors=0 total=0
[1371750487.204637] latency=nan:nan:nan:nan:nan:(-nan)ms throughput=0rps rr=-nan% cr=-nan% errors=0 total=0
[1371750488.208660] latency=nan:nan:nan:nan:nan:(-nan)ms throughput=0rps rr=-nan% cr=-nan% errors=0 total=0
[1371750489.212657] latency=nan:nan:nan:nan:nan:(-nan)ms throughput=0rps rr=-nan% cr=-nan% errors=0 total=0
[1371750490.216627] latency=nan:nan:nan:nan:nan:(-nan)ms throughput=0rps rr=-nan% cr=-nan% errors=0 total=0
[1371750491.220673] latency=nan:nan:nan:nan:nan:(-nan)ms throughput=0rps rr=-nan% cr=-nan% errors=0 total=0
[1371750492.224626] latency=nan:nan:nan:nan:nan:(-nan)ms throughput=0rps rr=-nan% cr=-nan% errors=0 total=0
[1371750493.228686] latency=nan:nan:nan:nan:nan:(-nan)ms throughput=0rps rr=-nan% cr=-nan% errors=0 total=0
[1371750494.232632] latency=nan:nan:nan:nan:nan:(-nan)ms throughput=0rps rr=-nan% cr=-nan% errors=0 total=0
[1371750495.236637] latency=nan:nan:nan:nan:nan:(-nan)ms throughput=0rps rr=-nan% cr=-nan% errors=0 total=0
[1371750496.240616] latency=nan:nan:nan:nan:nan:(-nan)ms throughput=0rps rr=-nan% cr=-nan% errors=0 total=0
[1371750497.244647] latency=nan:nan:nan:nan:nan:(-nan)ms throughput=0rps rr=-nan% cr=-nan% errors=0 total=0
[1371750498.248629] latency=nan:nan:nan:nan:nan:(-nan)ms throughput=0rps rr=-nan% cr=-nan% errors=0 total=0
[1371750499.252672] latency=nan:nan:nan:nan:nan:(-nan)ms throughput=0rps rr=-nan% cr=-nan% errors=0 total=0
[1371750500.256636] latency=nan:nan:nan:nan:nan:(-nan)ms throughput=0rps rr=-nan% cr=-nan% errors=0 total=0
[1371750501.260673] latency=nan:nan:nan:nan:nan:(-nan)ms throughput=0rps rr=-nan% cr=-nan% errors=0 total=0
[1371750502.264638] latency=nan:nan:nan:nan:nan:(-nan)ms throughput=0rps rr=-nan% cr=-nan% errors=0 total=0
[1371750503.268654] latency=nan:nan:nan:nan:nan:(-nan)ms throughput=0rps rr=-nan% cr=-nan% errors=0 total=0
[1371750504.272681] latency=nan:nan:nan:nan:nan:(-nan)ms throughput=0rps rr=-nan% cr=-nan% errors=0 total=0
[1371750505.276660] latency=nan:nan:nan:nan:nan:(-nan)ms throughput=0rps rr=-nan% cr=-nan% errors=0 total=0
[1371750506.280630] latency=nan:nan:nan:nan:nan:(-nan)ms throughput=0rps rr=-nan% cr=-nan% errors=0 total=0
[1371750507.284692] latency=nan:nan:nan:nan:nan:(-nan)ms throughput=0rps rr=-nan% cr=-nan% errors=0 total=0
[1371750508.288642] latency=nan:nan:nan:nan:nan:(-nan)ms throughput=0rps rr=-nan% cr=-nan% errors=0 total=0
[1371750509.292658] latency=nan:nan:nan:nan:nan:(-nan)ms throughput=0rps rr=-nan% cr=-nan% errors=0 total=0
[1371750510.296641] latency=nan:nan:nan:nan:nan:(-nan)ms throughput=0rps rr=-nan% cr=-nan% errors=0 total=0
[1371750511.300690] latency=nan:nan:nan:nan:nan:(-nan)ms throughput=0rps rr=-nan% cr=-nan% errors=0 total=0
[1371750512.304672] latency=nan:nan:nan:nan:nan:(-nan)ms throughput=0rps rr=-nan% cr=-nan% errors=0 total=0
[1371750513.308694] latency=nan:nan:nan:nan:nan:(-nan)ms throughput=0rps rr=-nan% cr=-nan% errors=0 total=0
[1371750514.312656] latency=nan:nan:nan:nan:nan:(-nan)ms throughput=0rps rr=-nan% cr=-nan% errors=0 total=0
[1371750515.316659] latency=nan:nan:nan:nan:nan:(-nan)ms throughput=0rps rr=-nan% cr=-nan% errors=0 total=0
[1371750516.320651] latency=nan:nan:nan:nan:nan:(-nan)ms throughput=0rps rr=-nan% cr=-nan% errors=0 total=0
[1371750517.324663] latency=nan:nan:nan:nan:nan:(-nan)ms throughput=0rps rr=-nan% cr=-nan% errors=0 total=0
[1371750518.328660] latency=nan:nan:nan:nan:nan:(-nan)ms throughput=0rps rr=-nan% cr=-nan% errors=0 total=0
[1371750519.332657] latency=nan:nan:nan:nan:nan:(-nan)ms throughput=0rps rr=-nan% cr=-nan% errors=0 total=0
[1371750520.336630] latency=nan:nan:nan:nan:nan:(-nan)ms throughput=0rps rr=-nan% cr=-nan% errors=0 total=0
[1371750521.340659] latency=nan:nan:nan:nan:nan:(-nan)ms throughput=0rps rr=-nan% cr=-nan% errors=0 total=0
[1371750522.344659] latency=nan:nan:nan:nan:nan:(-nan)ms throughput=0rps rr=-nan% cr=-nan% errors=0 total=0
[1371750523.348654] latency=nan:nan:nan:nan:nan:(-nan)ms throughput=0rps rr=-nan% cr=-nan% errors=0 total=0
[1371750524.352652] latency=nan:nan:nan:nan:nan:(-nan)ms throughput=0rps rr=-nan% cr=-nan% errors=0 total=0
[1371750525.356692] latency=nan:nan:nan:nan:nan:(-nan)ms throughput=0rps rr=-nan% cr=-nan% errors=0 total=0
[1371750526.360655] latency=nan:nan:nan:nan:nan:(-nan)ms throughput=0rps rr=-nan% cr=-nan% errors=0 total=0
[1371750527.364697] latency=nan:nan:nan:nan:nan:(-nan)ms throughput=0rps rr=-nan% cr=-nan% errors=0 total=0
[1371750528.368654] latency=nan:nan:nan:nan:nan:(-nan)ms throughput=0rps rr=-nan% cr=-nan% errors=0 total=0
[1371750529.372653] latency=nan:nan:nan:nan:nan:(-nan)ms throughput=0rps rr=-nan% cr=-nan% errors=0 total=0
[1371750530.376654] latency=nan:nan:nan:nan:nan:(-nan)ms throughput=0rps rr=-nan% cr=-nan% errors=0 total=0
[1371750531.380657] latency=nan:nan:nan:nan:nan:(-nan)ms throughput=0rps rr=-nan% cr=-nan% errors=0 total=0
[1371750532.384650] latency=nan:nan:nan:nan:nan:(-nan)ms throughput=0rps rr=-nan% cr=-nan% errors=0 total=0
[1371750533.388663] latency=nan:nan:nan:nan:nan:(-nan)ms throughput=0rps rr=-nan% cr=-nan% errors=0 total=0
[1371750534.392653] latency=nan:nan:nan:nan:nan:(-nan)ms throughput=0rps rr=-nan% cr=-nan% errors=0 total=0
[1371750535.396652] latency=nan:nan:nan:nan:nan:(-nan)ms throughput=0rps rr=-nan% cr=-nan% errors=0 total=0
[1371750536.400685] latency=nan:nan:nan:nan:nan:(-nan)ms throughput=0rps rr=-nan% cr=-nan% errors=0 total=0
[1371750537.404658] latency=nan:nan:nan:nan:nan:(-nan)ms throughput=0rps rr=-nan% cr=-nan% errors=0 total=0
[1371750538.408683] latency=nan:nan:nan:nan:nan:(-nan)ms throughput=0rps rr=-nan% cr=-nan% errors=0 total=0
[1371750539.412652] latency=nan:nan:nan:nan:nan:(-nan)ms throughput=0rps rr=-nan% cr=-nan% errors=0 total=0
[1371750540.416689] latency=nan:nan:nan:nan:nan:(-nan)ms throughput=0rps rr=-nan% cr=-nan% errors=0 total=0
[1371750541.420695] latency=nan:nan:nan:nan:nan:(-nan)ms throughput=0rps rr=-nan% cr=-nan% errors=0 total=0
[1371750542.424679] latency=nan:nan:nan:nan:nan:(-nan)ms throughput=0rps rr=-nan% cr=-nan% errors=0 total=0
[1371750543.428686] latency=nan:nan:nan:nan:nan:(-nan)ms throughput=0rps rr=-nan% cr=-nan% errors=0 total=0
[1371750544.432681] latency=nan:nan:nan:nan:nan:(-nan)ms throughput=0rps rr=-nan% cr=-nan% errors=0 total=0
[1371750545.436699] latency=nan:nan:nan:nan:nan:(-nan)ms throughput=0rps rr=-nan% cr=-nan% errors=0 total=0
[1371750546.440704] latency=nan:nan:nan:nan:nan:(-nan)ms throughput=0rps rr=-nan% cr=-nan% errors=0 total=0
[1371750547.444685] latency=nan:nan:nan:nan:nan:(-nan)ms throughput=0rps rr=-nan% cr=-nan% errors=0 total=0
[1371750548.448692] latency=nan:nan:nan:nan:nan:(-nan)ms throughput=0rps rr=-nan% cr=-nan% errors=0 total=0
[1371750549.452684] latency=nan:nan:nan:nan:nan:(-nan)ms throughput=0rps rr=-nan% cr=-nan% errors=0 total=0
[1371750550.456649] latency=nan:nan:nan:nan:nan:(-nan)ms throughput=0rps rr=-nan% cr=-nan% errors=0 total=0
[1371750551.460674] latency=nan:nan:nan:nan:nan:(-nan)ms throughput=0rps rr=-nan% cr=-nan% errors=0 total=0
[1371750552.464653] latency=nan:nan:nan:nan:nan:(-nan)ms throughput=0rps rr=-nan% cr=-nan% errors=0 total=0
[1371750553.468679] latency=nan:nan:nan:nan:nan:(-nan)ms throughput=0rps rr=-nan% cr=-nan% errors=0 total=0
[1371750554.472701] latency=nan:nan:nan:nan:nan:(-nan)ms throughput=0rps rr=-nan% cr=-nan% errors=0 total=0
[1371750555.476674] latency=nan:nan:nan:nan:nan:(-nan)ms throughput=0rps rr=-nan% cr=-nan% errors=0 total=0
[1371750556.480694] latency=nan:nan:nan:nan:nan:(-nan)ms throughput=0rps rr=-nan% cr=-nan% errors=0 total=0
[1371750557.484706] latency=nan:nan:nan:nan:nan:(-nan)ms throughput=0rps rr=-nan% cr=-nan% errors=0 total=0
[1371750558.488692] latency=nan:nan:nan:nan:nan:(-nan)ms throughput=0rps rr=-nan% cr=-nan% errors=0 total=0
[1371750559.492699] latency=nan:nan:nan:nan:nan:(-nan)ms throughput=0rps rr=-nan% cr=-nan% errors=0 total=0
[1371750560.496673] latency=nan:nan:nan:nan:nan:(-nan)ms throughput=0rps rr=-nan% cr=-nan% errors=0 total=0
[1371750561.500658] latency=nan:nan:nan:nan:nan:(-nan)ms throughput=0rps rr=-nan% cr=-nan% errors=0 total=0
[1371750562.504645] latency=nan:nan:nan:nan:nan:(-nan)ms throughput=0rps rr=-nan% cr=-nan% errors=0 total=0
[1371750563.508664] latency=nan:nan:nan:nan:nan:(-nan)ms throughput=0rps rr=-nan% cr=-nan% errors=0 total=0
[1371750564.512650] latency=nan:nan:nan:nan:nan:(-nan)ms throughput=0rps rr=-nan% cr=-nan% errors=0 total=0
[1371750565.516665] latency=nan:nan:nan:nan:nan:(-nan)ms throughput=0rps rr=-nan% cr=-nan% errors=0 total=0
[1371750566.520649] latency=nan:nan:nan:nan:nan:(-nan)ms throughput=0rps rr=-nan% cr=-nan% errors=0 total=0
[1371750567.524650] latency=nan:nan:nan:nan:nan:(-nan)ms throughput=0rps rr=-nan% cr=-nan% errors=0 total=0
[1371750568.528646] latency=nan:nan:nan:nan:nan:(-nan)ms throughput=0rps rr=-nan% cr=-nan% errors=0 total=0
[1371750569.532666] latency=nan:nan:nan:nan:nan:(-nan)ms throughput=0rps rr=-nan% cr=-nan% errors=0 total=0
[1371750570.536683] latency=nan:nan:nan:nan:nan:(-nan)ms throughput=0rps rr=-nan% cr=-nan% errors=0 total=0
[1371750571.540664] latency=nan:nan:nan:nan:nan:(-nan)ms throughput=0rps rr=-nan% cr=-nan% errors=0 total=0
[1371750572.544674] latency=nan:nan:nan:nan:nan:(-nan)ms throughput=0rps rr=-nan% cr=-nan% errors=0 total=0
[1371750573.548648] latency=nan:nan:nan:nan:nan:(-nan)ms throughput=0rps rr=-nan% cr=-nan% errors=0 total=0
[1371750574.552632] latency=nan:nan:nan:nan:nan:(-nan)ms throughput=0rps rr=-nan% cr=-nan% errors=0 total=0
[1371750575.568624] latency=nan:nan:nan:nan:nan:(-nan)ms throughput=0rps rr=-nan% cr=-nan% errors=0 total=0
[1371750576.572626] latency=nan:nan:nan:nan:nan:(-nan)ms throughput=0rps rr=-nan% cr=-nan% errors=0 total=0
[1371750577.576619] latency=nan:nan:nan:nan:nan:(-nan)ms throughput=0rps rr=-nan% cr=-nan% errors=0 total=0
[1371750578.580620] latency=nan:nan:nan:nan:nan:(-nan)ms throughput=0rps rr=-nan% cr=-nan% errors=0 total=0
[1371750579.584626] latency=nan:nan:nan:nan:nan:(-nan)ms throughput=0rps rr=-nan% cr=-nan% errors=0 total=0
[1371750580.588658] latency=nan:nan:nan:nan:nan:(-nan)ms throughput=0rps rr=-nan% cr=-nan% errors=0 total=0
[1371750581.592619] latency=nan:nan:nan:nan:nan:(-nan)ms throughput=0rps rr=-nan% cr=-nan% errors=0 total=0
[1371750582.596676] latency=nan:nan:nan:nan:nan:(-nan)ms throughput=0rps rr=-nan% cr=-nan% errors=0 total=0
[1371750583.600622] latency=nan:nan:nan:nan:nan:(-nan)ms throughput=0rps rr=-nan% cr=-nan% errors=0 total=0
[1371750584.604630] latency=nan:nan:nan:nan:nan:(-nan)ms throughput=0rps rr=-nan% cr=-nan% errors=0 total=0
[1371750585.608629] latency=nan:nan:nan:nan:nan:(-nan)ms throughput=0rps rr=-nan% cr=-nan% errors=0 total=0
[1371750586.612650] latency=nan:nan:nan:nan:nan:(-nan)ms throughput=0rps rr=-nan% cr=-nan% errors=0 total=0
[1371750587.616643] latency=nan:nan:nan:nan:nan:(-nan)ms throughput=0rps rr=-nan% cr=-nan% errors=0 total=0
[1371750588.620632] latency=nan:nan:nan:nan:nan:(-nan)ms throughput=0rps rr=-nan% cr=-nan% errors=0 total=0
[1371750589.624644] latency=nan:nan:nan:nan:nan:(-nan)ms throughput=0rps rr=-nan% cr=-nan% errors=0 total=0
[1371750590.628630] latency=nan:nan:nan:nan:nan:(-nan)ms throughput=0rps rr=-nan% cr=-nan% errors=0 total=0
[1371750591.632617] latency=nan:nan:nan:nan:nan:(-nan)ms throughput=0rps rr=-nan% cr=-nan% errors=0 total=0
[1371750592.636636] latency=nan:nan:nan:nan:nan:(-nan)ms throughput=0rps rr=-nan% cr=-nan% errors=0 total=0
[1371750593.640697] latency=nan:nan:nan:nan:nan:(-nan)ms throughput=0rps rr=-nan% cr=-nan% errors=0 total=0
[1371750594.644619] latency=nan:nan:nan:nan:nan:(-nan)ms throughput=0rps rr=-nan% cr=-nan% errors=0 total=0
[1371750595.648617] latency=nan:nan:nan:nan:nan:(-nan)ms throughput=0rps rr=-nan% cr=-nan% errors=0 total=0
[1371750596.652635] latency=nan:nan:nan:nan:nan:(-nan)ms throughput=0rps rr=-nan% cr=-nan% errors=0 total=0
[1371750597.656615] latency=nan:nan:nan:nan:nan:(-nan)ms throughput=0rps rr=-nan% cr=-nan% errors=0 total=0
[1371750598.660631] latency=nan:nan:nan:nan:nan:(-nan)ms throughput=0rps rr=-nan% cr=-nan% errors=0 total=0
[1371750599.664618] latency=nan:nan:nan:nan:nan:(-nan)ms throughput=0rps rr=-nan% cr=-nan% errors=0 total=0
[1371750600.668630] latency=nan:nan:nan:nan:nan:(-nan)ms throughput=0rps rr=-nan% cr=-nan% errors=0 total=0
[1371750601.672621] latency=nan:nan:nan:nan:nan:(-nan)ms throughput=0rps rr=-nan% cr=-nan% errors=0 total=0
[1371750602.676619] latency=nan:nan:nan:nan:nan:(-nan)ms throughput=0rps rr=-nan% cr=-nan% errors=0 total=0
[1371750603.680630] latency=nan:nan:nan:nan:nan:(-nan)ms throughput=0rps rr=-nan% cr=-nan% errors=0 total=0
[1371750604.684623] latency=nan:nan:nan:nan:nan:(-nan)ms throughput=0rps rr=-nan% cr=-nan% errors=0 total=0
[1371750605.688602] latency=nan:nan:nan:nan:nan:(-nan)ms throughput=0rps rr=-nan% cr=-nan% errors=0 total=0
[1371750606.692633] latency=nan:nan:nan:nan:nan:(-nan)ms throughput=0rps rr=-nan% cr=-nan% errors=0 total=0
[1371750607.696627] latency=nan:nan:nan:nan:nan:(-nan)ms throughput=0rps rr=-nan% cr=-nan% errors=0 total=0
[1371750608.700628] latency=nan:nan:nan:nan:nan:(-nan)ms throughput=0rps rr=-nan% cr=-nan% errors=0 total=0
[1371750609.704650] latency=nan:nan:nan:nan:nan:(-nan)ms throughput=0rps rr=-nan% cr=-nan% errors=0 total=0
[1371750610.708641] latency=nan:nan:nan:nan:nan:(-nan)ms throughput=0rps rr=-nan% cr=-nan% errors=0 total=0
[1371750611.712659] latency=nan:nan:nan:nan:nan:(-nan)ms throughput=0rps rr=-nan% cr=-nan% errors=0 total=0
[1371750612.716644] latency=nan:nan:nan:nan:nan:(-nan)ms throughput=0rps rr=-nan% cr=-nan% errors=0 total=0
[1371750613.720600] latency=nan:nan:nan:nan:nan:(-nan)ms throughput=0rps rr=-nan% cr=-nan% errors=0 total=0
[1371750614.724618] latency=nan:nan:nan:nan:nan:(-nan)ms throughput=0rps rr=-nan% cr=-nan% errors=0 total=0
[1371750615.728655] latency=nan:nan:nan:nan:nan:(-nan)ms throughput=0rps rr=-nan% cr=-nan% errors=0 total=0
[1371750616.732642] latency=nan:nan:nan:nan:nan:(-nan)ms throughput=0rps rr=-nan% cr=-nan% errors=0 total=0
[1371750617.736618] latency=nan:nan:nan:nan:nan:(-nan)ms throughput=0rps rr=-nan% cr=-nan% errors=0 total=0
[1371750618.740617] latency=nan:nan:nan:nan:nan:(-nan)ms throughput=0rps rr=-nan% cr=-nan% errors=0 total=0
[1371750619.744628] latency=nan:nan:nan:nan:nan:(-nan)ms throughput=0rps rr=-nan% cr=-nan% errors=0 total=0
[1371750620.748619] latency=nan:nan:nan:nan:nan:(-nan)ms throughput=0rps rr=-nan% cr=-nan% errors=0 total=0
[1371750621.752675] latency=nan:nan:nan:nan:nan:(-nan)ms throughput=0rps rr=-nan% cr=-nan% errors=0 total=0
[1371750622.756643] latency=nan:nan:nan:nan:nan:(-nan)ms throughput=0rps rr=-nan% cr=-nan% errors=0 total=0
[1371750623.760628] latency=nan:nan:nan:nan:nan:(-nan)ms throughput=0rps rr=-nan% cr=-nan% errors=0 total=0
[1371750624.764611] latency=nan:nan:nan:nan:nan:(-nan)ms throughput=0rps rr=-nan% cr=-nan% errors=0 total=0
[1371750625.768626] latency=nan:nan:nan:nan:nan:(-nan)ms throughput=0rps rr=-nan% cr=-nan% errors=0 total=0
[1371750626.772653] latency=nan:nan:nan:nan:nan:(-nan)ms throughput=0rps rr=-nan% cr=-nan% errors=0 total=0
[1371750627.776667] latency=nan:nan:nan:nan:nan:(-nan)ms throughput=0rps rr=-nan% cr=-nan% errors=0 total=0
[1371750628.780644] latency=nan:nan:nan:nan:nan:(-nan)ms throughput=0rps rr=-nan% cr=-nan% errors=0 total=0
[1371750629.784642] latency=nan:nan:nan:nan:nan:(-nan)ms throughput=0rps rr=-nan% cr=-nan% errors=0 total=0
[1371750630.788645] latency=nan:nan:nan:nan:nan:(-nan)ms throughput=0rps rr=-nan% cr=-nan% errors=0 total=0
[1371750631.792685] latency=nan:nan:nan:nan:nan:(-nan)ms throughput=0rps rr=-nan% cr=-nan% errors=0 total=0
[1371750632.796620] latency=nan:nan:nan:nan:nan:(-nan)ms throughput=0rps rr=-nan% cr=-nan% errors=0 total=0
[1371750633.800635] latency=nan:nan:nan:nan:nan:(-nan)ms throughput=0rps rr=-nan% cr=-nan% errors=0 total=0
[1371750634.804644] latency=nan:nan:nan:nan:nan:(-nan)ms throughput=0rps rr=-nan% cr=-nan% errors=0 total=0
[1371750635.808621] latency=nan:nan:nan:nan:nan:(-nan)ms throughput=0rps rr=-nan% cr=-nan% errors=0 total=0
[1371750636.812614] latency=nan:nan:nan:nan:nan:(-nan)ms throughput=0rps rr=-nan% cr=-nan% errors=0 total=0
[1371750637.816674] latency=nan:nan:nan:nan:nan:(-nan)ms throughput=0rps rr=-nan% cr=-nan% errors=0 total=0
[1371750638.820633] latency=nan:nan:nan:nan:nan:(-nan)ms throughput=0rps rr=-nan% cr=-nan% errors=0 total=0
[1371750639.824627] latency=nan:nan:nan:nan:nan:(-nan)ms throughput=0rps rr=-nan% cr=-nan% errors=0 total=0
[1371750640.828626] latency=nan:nan:nan:nan:nan:(-nan)ms throughput=0rps rr=-nan% cr=-nan% errors=0 total=0
[1371750641.832638] latency=nan:nan:nan:nan:nan:(-nan)ms throughput=0rps rr=-nan% cr=-nan% errors=0 total=0
[1371750642.836803] latency=nan:nan:nan:nan:nan:(-nan)ms throughput=0rps rr=-nan% cr=-nan% errors=0 total=0
[1371750643.840652] latency=nan:nan:nan:nan:nan:(-nan)ms throughput=0rps rr=-nan% cr=-nan% errors=0 total=0
[1371750644.844650] latency=nan:nan:nan:nan:nan:(-nan)ms throughput=0rps rr=-nan% cr=-nan% errors=0 total=0
[1371750645.848667] latency=nan:nan:nan:nan:nan:(-nan)ms throughput=0rps rr=-nan% cr=-nan% errors=0 total=0
[1371750646.852615] latency=nan:nan:nan:nan:nan:(-nan)ms throughput=0rps rr=-nan% cr=-nan% errors=0 total=0
[1371750647.856628] latency=nan:nan:nan:nan:nan:(-nan)ms throughput=0rps rr=-nan% cr=-nan% errors=0 total=0
[1371750648.860618] latency=nan:nan:nan:nan:nan:(-nan)ms throughput=0rps rr=-nan% cr=-nan% errors=0 total=0
[1371750649.864622] latency=nan:nan:nan:nan:nan:(-nan)ms throughput=0rps rr=-nan% cr=-nan% errors=0 total=0
[1371750650.868631] latency=nan:nan:nan:nan:nan:(-nan)ms throughput=0rps rr=-nan% cr=-nan% errors=0 total=0
[1371750651.872655] latency=nan:nan:nan:nan:nan:(-nan)ms throughput=0rps rr=-nan% cr=-nan% errors=0 total=0
[1371750652.876658] latency=nan:nan:nan:nan:nan:(-nan)ms throughput=0rps rr=-nan% cr=-nan% errors=0 total=0
[1371750653.880660] latency=nan:nan:nan:nan:nan:(-nan)ms throughput=0rps rr=-nan% cr=-nan% errors=0 total=0
[1371750654.884629] latency=nan:nan:nan:nan:nan:(-nan)ms throughput=0rps rr=-nan% cr=-nan% errors=0 total=0
[1371750655.888627] latency=nan:nan:nan:nan:nan:(-nan)ms throughput=0rps rr=-nan% cr=-nan% errors=0 total=0
[1371750656.892648] latency=nan:nan:nan:nan:nan:(-nan)ms throughput=0rps rr=-nan% cr=-nan% errors=0 total=0
[1371750657.896635] latency=nan:nan:nan:nan:nan:(-nan)ms throughput=0rps rr=-nan% cr=-nan% errors=0 total=0
[1371750658.900657] latency=nan:nan:nan:nan:nan:(-nan)ms throughput=0rps rr=-nan% cr=-nan% errors=0 total=0
[1371750659.904634] latency=nan:nan:nan:nan:nan:(-nan)ms throughput=0rps rr=-nan% cr=-nan% errors=0 total=0
[1371750660.908705] latency=nan:nan:nan:nan:nan:(-nan)ms throughput=0rps rr=-nan% cr=-nan% errors=0 total=0
[1371750661.912631] latency=nan:nan:nan:nan:nan:(-nan)ms throughput=0rps rr=-nan% cr=-nan% errors=0 total=0
[1371750662.916639] latency=nan:nan:nan:nan:nan:(-nan)ms throughput=0rps rr=-nan% cr=-nan% errors=0 total=0
[1371750663.920634] latency=nan:nan:nan:nan:nan:(-nan)ms throughput=0rps rr=-nan% cr=-nan% errors=0 total=0
[1371750664.924626] latency=nan:nan:nan:nan:nan:(-nan)ms throughput=0rps rr=-nan% cr=-nan% errors=0 total=0
[1371750665.928687] latency=nan:nan:nan:nan:nan:(-nan)ms throughput=0rps rr=-nan% cr=-nan% errors=0 total=0
[1371750666.932653] latency=nan:nan:nan:nan:nan:(-nan)ms throughput=0rps rr=-nan% cr=-nan% errors=0 total=0
[1371750667.936635] latency=nan:nan:nan:nan:nan:(-nan)ms throughput=0rps rr=-nan% cr=-nan% errors=0 total=0
[1371750668.940689] latency=nan:nan:nan:nan:nan:(-nan)ms throughput=0rps rr=-nan% cr=-nan% errors=0 total=0
[1371750669.944641] latency=nan:nan:nan:nan:nan:(-nan)ms throughput=0rps rr=-nan% cr=-nan% errors=0 total=0
[1371750670.948696] latency=nan:nan:nan:nan:nan:(-nan)ms throughput=0rps rr=-nan% cr=-nan% errors=0 total=0
[1371750671.952635] latency=nan:nan:nan:nan:nan:(-nan)ms throughput=0rps rr=-nan% cr=-nan% errors=0 total=0
[1371750672.956699] latency=nan:nan:nan:nan:nan:(-nan)ms throughput=0rps rr=-nan% cr=-nan% errors=0 total=0
[1371750673.960627] latency=nan:nan:nan:nan:nan:(-nan)ms throughput=0rps rr=-nan% cr=-nan% errors=0 total=0
[1371750674.964648] latency=nan:nan:nan:nan:nan:(-nan)ms throughput=0rps rr=-nan% cr=-nan% errors=0 total=0
[1371750675.968648] latency=nan:nan:nan:nan:nan:(-nan)ms throughput=0rps rr=-nan% cr=-nan% errors=0 total=0
[1371750676.972684] latency=nan:nan:nan:nan:nan:(-nan)ms throughput=0rps rr=-nan% cr=-nan% errors=0 total=0
[1371750677.976674] latency=nan:nan:nan:nan:nan:(-nan)ms throughput=0rps rr=-nan% cr=-nan% errors=0 total=0
[1371750678.980616] latency=nan:nan:nan:nan:nan:(-nan)ms throughput=0rps rr=-nan% cr=-nan% errors=0 total=0
[1371750679.984625] latency=nan:nan:nan:nan:nan:(-nan)ms throughput=0rps rr=-nan% cr=-nan% errors=0 total=0
[1371750680.988623] latency=nan:nan:nan:nan:nan:(-nan)ms throughput=0rps rr=-nan% cr=-nan% errors=0 total=0
[1371750681.992663] latency=nan:nan:nan:nan:nan:(-nan)ms throughput=0rps rr=-nan% cr=-nan% errors=0 total=0
[1371750681.992839] set concurrency=100
[1371750683.056719] latency=3:231:328:452:871:(320)ms throughput=162rps rr=87.21% cr=87.21% errors=0 total=172
[1371750684.060640] latency=56:336:457:573:1297:(474)ms throughput=174rps rr=97.71% cr=94.86% errors=0 total=347
[1371750685.064672] latency=23:289:385:482:1223:(401)ms throughput=205rps rr=91.75% cr=85.44% errors=0 total=553
[1371750686.068642] latency=19:238:326:425:1182:(335)ms throughput=230rps rr=87.01% cr=78.35% errors=0 total=784
[1371750687.088674] latency=13:197:322:438:1188:(323)ms throughput=259rps rr=78.79% cr=65.91% errors=0 total=1048
[1371750688.092643] latency=5:149:292:415:883:(295)ms throughput=240rps rr=76.76% cr=58.09% errors=0 total=1289
[1371750689.096678] latency=7:124:259:384:928:(283)ms throughput=266rps rr=75.28% cr=58.43% errors=0 total=1556
[1371750690.100648] latency=13:139:284:404:961:(293)ms throughput=258rps rr=71.81% cr=48.26% errors=0 total=1815
[1371750691.104670] latency=13:98:234:359:770:(248)ms throughput=275rps rr=64.49% cr=40.58% errors=0 total=2091
[1371750692.116638] latency=11:110:266:394:1601:(285)ms throughput=258rps rr=65.90% cr=39.46% errors=0 total=2352
[1371750693.120680] latency=9:99:216:370:1444:(269)ms throughput=304rps rr=56.72% cr=33.77% errors=0 total=2657
[1371750694.140634] latency=8:44:137:281:1010:(183)ms throughput=340rps rr=49.57% cr=26.80% errors=0 total=3004
[1371750695.144658] latency=6:60:141:277:1720:(187)ms throughput=352rps rr=47.03% cr=19.55% errors=0 total=3357
[1371750696.148636] latency=5:44:145:275:1181:(177)ms throughput=391rps rr=44.27% cr=20.61% errors=0 total=3750
[1371750697.152650] latency=5:23:103:226:951:(148)ms throughput=395rps rr=41.31% cr=17.13% errors=0 total=4147
[1371750698.156678] latency=5:38:93:193:722:(129)ms throughput=401rps rr=36.97% cr=14.39% errors=0 total=4550
[1371750699.160668] latency=5:42:109:229:1473:(163)ms throughput=387rps rr=44.47% cr=14.65% errors=0 total=4939
[1371750700.164648] latency=4:14:68:172:1103:(117)ms throughput=506rps rr=32.68% cr=10.83% errors=0 total=5447
[1371750701.168690] latency=4:11:60:148:691:(103)ms throughput=481rps rr=33.75% cr=12.01% errors=0 total=5930
[1371750702.172674] latency=4:13:57:131:1402:(99)ms throughput=487rps rr=30.06% cr=10.02% errors=0 total=6419
[1371750703.204694] latency=4:38:116:241:1135:(177)ms throughput=386rps rr=29.90% cr=7.29% errors=0 total=6817
[1371750704.208692] latency=4:10:46:121:672:(81)ms throughput=518rps rr=25.00% cr=6.73% errors=0 total=7337
[1371750705.212691] latency=3:10:46:140:562:(88)ms throughput=520rps rr=24.33% cr=7.66% errors=0 total=7859
[1371750706.216665] latency=4:15:68:135:1486:(102)ms throughput=535rps rr=25.70% cr=6.52% errors=0 total=8396
[1371750707.220686] latency=3:11:51:130:584:(88)ms throughput=531rps rr=22.33% cr=5.25% errors=0 total=8929
[1371750708.224682] latency=3:8:31:91:1064:(69)ms throughput=576rps rr=18.51% cr=4.33% errors=0 total=9507
[1371750709.228732] latency=4:10:54:114:1824:(90)ms throughput=561rps rr=19.36% cr=4.80% errors=0 total=10070
[1371750710.232667] latency=4:17:65:132:1124:(98)ms throughput=463rps rr=19.57% cr=4.73% errors=0 total=10535
[1371750711.236660] latency=3:15:60:133:1006:(91)ms throughput=546rps rr=17.88% cr=3.83% errors=0 total=11083
[1371750712.240647] latency=3:9:51:109:1012:(78)ms throughput=543rps rr=13.58% cr=2.57% errors=0 total=11628
[1371750713.244654] latency=4:11:51:117:609:(78)ms throughput=605rps rr=12.85% cr=2.31% errors=0 total=12235
[1371750714.248660] latency=3:13:59:119:697:(93)ms throughput=516rps rr=12.55% cr=0.58% errors=0 total=12753
[1371750715.252688] latency=3:9:42:110:666:(74)ms throughput=611rps rr=12.72% cr=2.61% errors=0 total=13366
[1371750716.256785] latency=3:7:26:85:766:(60)ms throughput=632rps rr=12.60% cr=2.05% errors=0 total=14001
[1371750717.260796] latency=2:8:29:83:439:(62)ms throughput=608rps rr=10.49% cr=1.15% errors=0 total=14611
[1371750718.280636] latency=3:9:40:96:852:(75)ms throughput=597rps rr=15.76% cr=2.46% errors=0 total=15220
[1371750719.284611] latency=3:8:34:94:521:(60)ms throughput=617rps rr=12.12% cr=1.13% errors=0 total=15839
[1371750720.288834] latency=3:10:40:94:1124:(71)ms throughput=613rps rr=14.45% cr=1.62% errors=0 total=16455
[1371750721.292619] latency=2:7:23:73:513:(48)ms throughput=651rps rr=10.41% cr=1.38% errors=0 total=17108
[1371750722.296631] latency=2:7:25:77:573:(54)ms throughput=668rps rr=12.07% cr=0.89% errors=0 total=17779
[1371750723.300615] latency=3:9:28:71:348:(47)ms throughput=619rps rr=10.14% cr=0.97% errors=0 total=18400
[1371750724.304605] latency=3:8:31:96:439:(63)ms throughput=641rps rr=10.71% cr=0.78% errors=0 total=19044
[1371750725.308610] latency=2:8:27:80:568:(54)ms throughput=624rps rr=12.30% cr=0.32% errors=0 total=19670
[1371750726.312620] latency=2:5:10:49:539:(40)ms throughput=703rps rr=8.92% cr=1.13% errors=0 total=20376
[1371750727.316606] latency=2:6:16:66:1003:(45)ms throughput=693rps rr=8.33% cr=1.44% errors=0 total=21072
[1371750728.320601] latency=2:7:17:66:521:(43)ms throughput=706rps rr=8.32% cr=1.13% errors=0 total=21781
[1371750729.324603] latency=3:8:21:79:1017:(58)ms throughput=660rps rr=9.95% cr=0.75% errors=0 total=22444
[1371750730.328652] latency=3:7:23:70:712:(50)ms throughput=684rps rr=10.04% cr=0.87% errors=0 total=23131
[1371750731.332651] latency=2:5:14:68:492:(44)ms throughput=703rps rr=8.92% cr=0.71% errors=0 total=23837
[1371750732.336608] latency=2:6:15:62:501:(43)ms throughput=705rps rr=9.32% cr=0.56% errors=0 total=24545
[1371750733.340607] latency=3:7:14:59:409:(46)ms throughput=709rps rr=8.85% cr=0.84% errors=0 total=25257
[1371750734.344607] latency=3:6:13:51:510:(41)ms throughput=702rps rr=10.35% cr=0.85% errors=0 total=25962
[1371750735.348613] latency=2:6:14:68:465:(44)ms throughput=677rps rr=9.71% cr=0.44% errors=0 total=26642
[1371750736.352703] latency=2:5:10:52:378:(37)ms throughput=737rps rr=8.51% cr=0.68% errors=0 total=27382
[1371750737.356609] latency=2:6:15:61:264:(39)ms throughput=681rps rr=8.33% cr=1.17% errors=0 total=28066
[1371750738.360644] latency=2:6:13:59:378:(41)ms throughput=698rps rr=9.27% cr=1.00% errors=0 total=28767
[1371750739.364621] latency=2:4:8:39:384:(32)ms throughput=845rps rr=9.43% cr=0.83% errors=0 total=29615
[1371750740.368605] latency=2:5:9:40:286:(31)ms throughput=779rps rr=9.21% cr=1.15% errors=0 total=30397
[1371750741.372649] latency=2:4:7:21:263:(25)ms throughput=800rps rr=8.22% cr=0.87% errors=0 total=31200
[1371750742.376642] latency=2:4:6:15:1008:(21)ms throughput=779rps rr=9.59% cr=0.51% errors=0 total=31982
[1371750743.380770] latency=2:6:17:56:295:(38)ms throughput=721rps rr=9.25% cr=1.10% errors=0 total=32706
[1371750744.384658] latency=2:5:10:38:294:(33)ms throughput=739rps rr=8.36% cr=0.27% errors=0 total=33448
[1371750745.388687] latency=2:6:12:52:570:(39)ms throughput=739rps rr=8.49% cr=1.08% errors=0 total=34190
[1371750746.392648] latency=2:6:18:81:450:(52)ms throughput=698rps rr=8.70% cr=0.86% errors=0 total=34891
[1371750747.396666] latency=2:6:12:55:324:(39)ms throughput=702rps rr=7.80% cr=0.57% errors=0 total=35596
[1371750748.400691] latency=2:6:12:50:296:(34)ms throughput=691rps rr=10.52% cr=0.86% errors=0 total=36290
[1371750749.404714] latency=2:5:9:40:571:(37)ms throughput=730rps rr=9.82% cr=0.27% errors=0 total=37023
[1371750750.408692] latency=2:5:11:45:345:(35)ms throughput=758rps rr=6.44% cr=0.53% errors=0 total=37784
[1371750751.412705] latency=2:6:14:50:308:(36)ms throughput=745rps rr=7.75% cr=0.94% errors=0 total=38532
[1371750752.416696] latency=2:6:13:55:540:(39)ms throughput=699rps rr=8.97% cr=0.85% errors=0 total=39234
[1371750753.420696] latency=3:6:12:47:585:(37)ms throughput=731rps rr=7.36% cr=0.68% errors=0 total=39968
[1371750754.424710] latency=2:6:10:36:590:(29)ms throughput=749rps rr=7.85% cr=0.66% errors=0 total=40720
[1371750755.428701] latency=2:5:11:45:316:(34)ms throughput=782rps rr=8.15% cr=0.76% errors=0 total=41505
[1371750756.432701] latency=3:6:15:68:359:(49)ms throughput=625rps rr=8.12% cr=0.48% errors=0 total=42133
[1371750757.436663] latency=2:7:17:67:389:(49)ms throughput=698rps rr=7.42% cr=1.43% errors=0 total=42834
[1371750758.440625] latency=2:6:11:38:572:(35)ms throughput=737rps rr=8.38% cr=0.95% errors=0 total=43574
[1371750759.444639] latency=2:5:9:37:500:(32)ms throughput=782rps rr=8.54% cr=0.64% errors=0 total=44359
[1371750760.448629] latency=2:4:6:17:179:(18)ms throughput=809rps rr=7.76% cr=0.74% errors=0 total=45171
[1371750761.452670] latency=2:4:7:19:217:(21)ms throughput=822rps rr=8.73% cr=0.85% errors=0 total=45996
[1371750762.480626] latency=2:3:5:11:222:(17)ms throughput=854rps rr=7.52% cr=0.46% errors=0 total=46874
[1371750763.484636] latency=2:4:6:13:214:(16)ms throughput=869rps rr=8.14% cr=0.80% errors=0 total=47746
[1371750764.492646] latency=2:4:6:17:273:(20)ms throughput=825rps rr=7.21% cr=0.36% errors=0 total=48578
[1371750765.496617] latency=2:4:7:17:247:(20)ms throughput=832rps rr=6.83% cr=0.48% errors=0 total=49413
[1371750766.500709] latency=2:4:6:18:221:(20)ms throughput=839rps rr=9.14% cr=0.59% errors=0 total=50255
[1371750767.504619] latency=2:5:9:65:266:(42)ms throughput=714rps rr=8.65% cr=0.56% errors=0 total=50972
[1371750768.508632] latency=2:3:5:12:328:(16)ms throughput=834rps rr=7.77% cr=0.72% errors=0 total=51809
[1371750769.512674] latency=2:3:5:15:198:(19)ms throughput=850rps rr=7.85% cr=0.59% errors=0 total=52662
[1371750770.516706] latency=2:4:8:30:323:(25)ms throughput=773rps rr=9.15% cr=0.39% errors=0 total=53438
[1371750771.520638] latency=2:4:6:16:258:(22)ms throughput=833rps rr=8.37% cr=0.48% errors=0 total=54274
[1371750772.524627] latency=2:4:6:20:184:(21)ms throughput=837rps rr=9.40% cr=0.71% errors=0 total=55114
[1371750773.528616] latency=2:4:7:22:393:(26)ms throughput=834rps rr=7.65% cr=0.72% errors=0 total=55951
[1371750774.532621] latency=2:4:6:18:149:(17)ms throughput=823rps rr=9.44% cr=0.85% errors=0 total=56777
[1371750775.536834] latency=2:4:6:19:245:(24)ms throughput=839rps rr=9.13% cr=0.71% errors=0 total=57620
[1371750776.540643] latency=2:3:4:8:1004:(12)ms throughput=832rps rr=7.43% cr=0.24% errors=0 total=58455
[1371750777.544623] latency=2:4:8:31:288:(26)ms throughput=819rps rr=8.76% cr=0.36% errors=0 total=59277
[1371750778.552626] latency=2:4:8:72:650:(52)ms throughput=637rps rr=8.88% cr=0.78% errors=0 total=59919
[1371750779.556725] latency=2:4:7:25:201:(25)ms throughput=873rps rr=9.01% cr=0.68% errors=0 total=60796
[1371750780.560616] latency=2:4:6:17:197:(19)ms throughput=840rps rr=7.95% cr=0.95% errors=0 total=61639
[1371750781.564675] latency=2:3:5:11:197:(14)ms throughput=799rps rr=8.10% cr=0.62% errors=0 total=62441
[1371750782.568629] latency=2:4:6:17:205:(20)ms throughput=824rps rr=9.92% cr=0.85% errors=0 total=63268
[1371750783.572629] latency=2:4:8:25:239:(26)ms throughput=828rps rr=8.90% cr=0.48% errors=0 total=64099
[1371750784.576640] latency=2:4:7:20:277:(21)ms throughput=831rps rr=10.19% cr=1.20% errors=0 total=64933
[1371750785.580634] latency=2:5:9:35:274:(27)ms throughput=799rps rr=10.60% cr=1.12% errors=0 total=65735
[1371750786.584640] latency=2:5:9:34:219:(28)ms throughput=769rps rr=9.46% cr=1.04% errors=0 total=66507
[1371750787.588684] latency=2:4:6:17:220:(19)ms throughput=830rps rr=9.36% cr=0.72% errors=0 total=67340
[1371750788.592605] latency=2:5:10:53:319:(37)ms throughput=674rps rr=11.08% cr=1.03% errors=0 total=68017
[1371750789.596632] latency=2:4:7:24:185:(23)ms throughput=858rps rr=9.41% cr=0.58% errors=0 total=68878
[1371750790.604606] latency=2:4:7:21:237:(22)ms throughput=825rps rr=9.86% cr=1.08% errors=0 total=69710
[1371750791.608654] latency=2:4:7:18:223:(19)ms throughput=857rps rr=9.53% cr=1.05% errors=0 total=70570
[1371750792.612622] latency=2:4:7:23:218:(21)ms throughput=748rps rr=9.32% cr=0.67% errors=0 total=71321
[1371750793.616629] latency=2:5:9:32:250:(28)ms throughput=824rps rr=11.00% cr=0.73% errors=0 total=72148
[1371750794.620636] latency=2:4:8:39:224:(29)ms throughput=736rps rr=11.50% cr=0.81% errors=0 total=72887
[1371750795.624641] latency=2:4:6:19:288:(21)ms throughput=808rps rr=9.37% cr=0.74% errors=0 total=73698
[1371750796.628638] latency=2:4:7:29:235:(25)ms throughput=820rps rr=8.26% cr=0.85% errors=0 total=74521
[1371750797.632640] latency=2:4:7:24:192:(22)ms throughput=754rps rr=9.91% cr=1.32% errors=0 total=75278
[1371750798.636640] latency=2:6:13:59:354:(37)ms throughput=767rps rr=11.69% cr=1.56% errors=0 total=76048
[1371750799.640585] latency=2:6:18:85:471:(54)ms throughput=679rps rr=9.97% cr=0.88% errors=0 total=76730
[1371750800.644619] latency=2:5:13:65:330:(41)ms throughput=690rps rr=10.39% cr=1.15% errors=0 total=77423
[1371750801.656626] latency=2:5:9:35:515:(28)ms throughput=780rps rr=11.03% cr=1.14% errors=0 total=78212
[1371750802.660645] latency=2:5:10:42:256:(31)ms throughput=794rps rr=10.54% cr=1.13% errors=0 total=79009
[1371750803.668649] latency=2:4:8:31:327:(30)ms throughput=758rps rr=11.91% cr=1.57% errors=0 total=79773
[1371750804.672661] latency=2:6:13:58:326:(39)ms throughput=776rps rr=9.50% cr=1.03% errors=0 total=80552
[1371750805.676626] latency=2:4:8:44:266:(30)ms throughput=707rps rr=9.72% cr=1.41% errors=0 total=81262
[1371750806.680632] latency=2:5:8:28:272:(27)ms throughput=823rps rr=10.29% cr=0.48% errors=0 total=82088
[1371750807.684627] latency=2:5:9:39:261:(30)ms throughput=798rps rr=11.61% cr=1.12% errors=0 total=82889
[1371750808.688629] latency=2:5:10:44:329:(33)ms throughput=759rps rr=12.60% cr=1.31% errors=0 total=83651
[1371750809.692649] latency=2:6:13:51:608:(38)ms throughput=762rps rr=12.03% cr=1.18% errors=0 total=84416
[1371750810.696641] latency=2:4:8:51:226:(33)ms throughput=727rps rr=7.95% cr=0.82% errors=0 total=85146
[1371750811.700641] latency=2:5:9:38:314:(30)ms throughput=785rps rr=9.77% cr=0.76% errors=0 total=85934
[1371750812.704639] latency=2:4:8:31:338:(28)ms throughput=792rps rr=9.18% cr=1.01% errors=0 total=86729
[1371750813.708657] latency=2:4:7:22:281:(24)ms throughput=815rps rr=10.02% cr=0.98% errors=0 total=87547
[1371750814.712679] latency=2:5:9:46:281:(32)ms throughput=768rps rr=9.73% cr=0.78% errors=0 total=88318
[1371750815.716651] latency=2:4:6:18:240:(20)ms throughput=834rps rr=8.72% cr=0.84% errors=0 total=89155
[1371750816.720680] latency=2:3:5:11:250:(15)ms throughput=782rps rr=10.70% cr=1.02% errors=0 total=89940
[1371750817.724678] latency=2:4:6:22:220:(24)ms throughput=804rps rr=10.90% cr=0.74% errors=0 total=90747
[1371750818.728694] latency=2:4:7:24:286:(23)ms throughput=807rps rr=9.88% cr=0.62% errors=0 total=91557
[1371750819.732674] latency=2:4:8:27:227:(25)ms throughput=742rps rr=11.14% cr=1.34% errors=0 total=92302
[1371750820.736864] latency=2:4:8:46:263:(38)ms throughput=659rps rr=10.27% cr=0.91% errors=0 total=92964
[1371750821.740636] latency=2:5:10:60:505:(46)ms throughput=793rps rr=11.06% cr=1.76% errors=0 total=93760
[1371750822.744801] latency=2:5:8:27:263:(24)ms throughput=742rps rr=12.35% cr=1.07% errors=0 total=94505
[1371750823.748644] latency=2:4:8:33:287:(27)ms throughput=829rps rr=10.22% cr=1.56% errors=0 total=95337
[1371750824.752656] latency=2:5:9:35:295:(29)ms throughput=769rps rr=11.40% cr=1.04% errors=0 total=96109
[1371750825.756668] latency=2:5:8:30:365:(27)ms throughput=827rps rr=10.96% cr=1.69% errors=0 total=96939
[1371750826.760641] latency=2:4:8:32:195:(25)ms throughput=796rps rr=8.76% cr=1.50% errors=0 total=97738
[1371750827.764637] latency=2:5:13:53:289:(35)ms throughput=717rps rr=12.22% cr=2.50% errors=0 total=98458
[1371750828.768645] latency=2:5:8:37:236:(30)ms throughput=791rps rr=10.45% cr=1.13% errors=0 total=99252
[1371750829.772647] latency=2:4:7:37:289:(31)ms throughput=810rps rr=8.36% cr=0.86% errors=0 total=100065
[1371750830.776637] latency=2:5:10:50:415:(38)ms throughput=727rps rr=11.10% cr=1.37% errors=0 total=100795
[1371750831.780660] latency=2:4:9:90:296:(53)ms throughput=616rps rr=9.06% cr=1.46% errors=0 total=101413
[1371750832.784638] latency=2:5:9:42:278:(31)ms throughput=811rps rr=11.06% cr=0.49% errors=0 total=102227
[1371750833.788621] latency=2:4:6:18:224:(20)ms throughput=717rps rr=11.39% cr=2.50% errors=0 total=102947
[1371750834.792628] latency=2:5:13:57:303:(38)ms throughput=784rps rr=10.67% cr=1.14% errors=0 total=103734
[1371750835.796632] latency=2:5:10:43:292:(33)ms throughput=794rps rr=9.54% cr=1.13% errors=0 total=104531
[1371750836.800660] latency=2:5:8:38:242:(28)ms throughput=775rps rr=11.44% cr=1.16% errors=0 total=105309
[1371750837.804651] latency=2:4:9:35:274:(28)ms throughput=758rps rr=12.09% cr=1.18% errors=0 total=106070
[1371750838.808661] latency=2:5:8:34:259:(29)ms throughput=771rps rr=12.27% cr=1.29% errors=0 total=106844
[1371750839.812655] latency=2:6:13:46:388:(34)ms throughput=762rps rr=11.11% cr=0.78% errors=0 total=107609
[1371750840.816622] latency=2:5:10:48:394:(32)ms throughput=778rps rr=11.52% cr=0.77% errors=0 total=108390
[1371750841.820664] latency=2:5:10:50:241:(32)ms throughput=650rps rr=10.72% cr=0.92% errors=0 total=109043
[1371750842.824645] latency=2:7:31:85:555:(61)ms throughput=671rps rr=12.17% cr=1.48% errors=0 total=109717
[1371750843.828633] latency=2:4:8:24:325:(29)ms throughput=771rps rr=12.14% cr=1.55% errors=0 total=110491
[1371750844.832632] latency=2:5:10:40:359:(30)ms throughput=791rps rr=10.33% cr=1.76% errors=0 total=111285
[1371750845.836631] latency=2:6:13:67:436:(46)ms throughput=697rps rr=11.86% cr=1.43% errors=0 total=111985
[1371750846.840636] latency=2:6:14:60:1025:(43)ms throughput=704rps rr=9.90% cr=1.13% errors=0 total=112692
[1371750847.844611] latency=3:7:18:71:668:(50)ms throughput=650rps rr=11.49% cr=2.14% errors=0 total=113345
[1371750848.848657] latency=2:5:11:56:543:(39)ms throughput=737rps rr=12.97% cr=2.03% errors=0 total=114085
[1371750849.852635] latency=2:4:7:24:262:(25)ms throughput=753rps rr=10.58% cr=1.06% errors=0 total=114841
[1371750850.856644] latency=2:4:8:30:214:(26)ms throughput=807rps rr=10.62% cr=1.48% errors=0 total=115651
[1371750851.860665] latency=2:5:10:51:289:(35)ms throughput=766rps rr=10.40% cr=0.91% errors=0 total=116420
[1371750852.864647] latency=2:5:16:90:412:(53)ms throughput=675rps rr=9.29% cr=0.44% errors=0 total=117098
[1371750853.868663] latency=2:4:6:15:545:(20)ms throughput=836rps rr=9.65% cr=0.60% errors=0 total=117937
[1371750854.872647] latency=2:5:8:31:251:(26)ms throughput=774rps rr=11.71% cr=0.64% errors=0 total=118714
[1371750855.876644] latency=2:4:7:19:318:(22)ms throughput=805rps rr=11.26% cr=1.24% errors=0 total=119522
[1371750856.880625] latency=2:4:7:31:235:(26)ms throughput=779rps rr=9.46% cr=0.90% errors=0 total=120304
[1371750857.884637] latency=2:4:7:22:261:(22)ms throughput=829rps rr=10.46% cr=0.60% errors=0 total=121136
[1371750858.908653] latency=2:5:9:42:349:(32)ms throughput=770rps rr=11.93% cr=1.40% errors=0 total=121924
[1371750859.916647] latency=2:4:7:23:325:(25)ms throughput=820rps rr=10.40% cr=1.09% errors=0 total=122751
[1371750860.928651] latency=2:4:6:15:255:(18)ms throughput=739rps rr=10.43% cr=0.80% errors=0 total=123499
[1371750861.932647] latency=2:4:8:34:210:(27)ms throughput=820rps rr=10.45% cr=1.46% errors=0 total=124322
[1371750862.936636] latency=2:4:7:25:246:(25)ms throughput=783rps rr=11.83% cr=1.53% errors=0 total=125108
[1371750863.940624] latency=2:5:18:90:1002:(54)ms throughput=650rps rr=11.94% cr=1.38% errors=0 total=125761
[1371750864.944687] latency=2:4:7:21:299:(22)ms throughput=766rps rr=10.79% cr=1.17% errors=0 total=126530
[1371750865.948628] latency=2:6:14:58:279:(35)ms throughput=735rps rr=10.57% cr=1.08% errors=0 total=127268
[1371750866.952630] latency=2:5:10:47:349:(32)ms throughput=829rps rr=8.77% cr=0.96% errors=0 total=128100
[1371750867.956631] latency=2:4:7:28:204:(24)ms throughput=758rps rr=9.72% cr=0.53% errors=0 total=128861
[1371750868.960636] latency=2:4:7:31:341:(27)ms throughput=804rps rr=11.15% cr=0.99% errors=0 total=129668
[1371750869.964651] latency=2:4:8:33:321:(26)ms throughput=799rps rr=9.48% cr=1.25% errors=0 total=130470
[1371750870.968640] latency=2:5:12:48:449:(35)ms throughput=760rps rr=10.75% cr=1.31% errors=0 total=131233
[1371750871.972637] latency=2:4:8:29:529:(26)ms throughput=767rps rr=11.43% cr=1.04% errors=0 total=132003
[1371750872.976639] latency=2:4:8:30:257:(26)ms throughput=792rps rr=11.32% cr=0.75% errors=0 total=132798
[1371750873.980647] latency=2:5:10:53:419:(38)ms throughput=696rps rr=8.73% cr=1.43% errors=0 total=133497
[1371750874.984635] latency=2:5:10:53:413:(43)ms throughput=750rps rr=10.89% cr=0.80% errors=0 total=134250
[1371750875.988622] latency=2:4:7:41:226:(28)ms throughput=739rps rr=9.70% cr=0.27% errors=0 total=134992
[1371750876.992660] latency=2:5:10:40:304:(32)ms throughput=779rps rr=13.30% cr=1.41% errors=0 total=135774
[1371750877.996639] latency=2:4:8:41:280:(28)ms throughput=767rps rr=10.26% cr=1.17% errors=0 total=136544
[1371750879.000644] latency=2:4:7:28:641:(27)ms throughput=806rps rr=11.62% cr=1.11% errors=0 total=137353
[1371750880.004631] latency=2:4:8:36:377:(25)ms throughput=761rps rr=12.17% cr=1.44% errors=0 total=138117
[1371750881.008642] latency=2:4:7:25:314:(25)ms throughput=804rps rr=11.03% cr=1.24% errors=0 total=138924
[1371750882.012633] latency=2:4:6:18:170:(18)ms throughput=855rps rr=9.67% cr=0.58% errors=0 total=139782
[1371750883.016642] latency=2:4:6:18:308:(23)ms throughput=809rps rr=9.36% cr=1.11% errors=0 total=140594
[1371750884.020645] latency=2:3:5:10:177:(15)ms throughput=762rps rr=7.71% cr=0.65% errors=0 total=141359
[1371750885.024636] latency=2:5:10:107:563:(61)ms throughput=659rps rr=9.82% cr=0.30% errors=0 total=142021
[1371750886.028643] latency=2:4:7:23:327:(21)ms throughput=852rps rr=9.01% cr=0.70% errors=0 total=142876
[1371750887.036620] latency=2:4:7:18:223:(21)ms throughput=801rps rr=9.91% cr=0.37% errors=0 total=143683
[1371750888.040653] latency=2:4:7:24:244:(23)ms throughput=807rps rr=10.74% cr=1.36% errors=0 total=144493
[1371750889.044651] latency=2:5:9:36:305:(28)ms throughput=765rps rr=9.51% cr=1.04% errors=0 total=145261
[1371750890.048642] latency=2:5:8:27:287:(25)ms throughput=817rps rr=11.83% cr=1.10% errors=0 total=146081
[1371750891.052629] latency=2:4:7:23:245:(24)ms throughput=800rps rr=9.84% cr=0.62% errors=0 total=146884
[1371750892.056649] latency=2:4:8:34:261:(26)ms throughput=830rps rr=8.64% cr=1.08% errors=0 total=147717
[1371750893.060661] latency=2:5:9:24:303:(25)ms throughput=810rps rr=10.70% cr=1.23% errors=0 total=148530
[1371750894.064631] latency=2:4:7:22:196:(21)ms throughput=800rps rr=9.46% cr=1.12% errors=0 total=149333
[1371750895.068648] latency=2:4:7:23:254:(22)ms throughput=769rps rr=10.10% cr=1.04% errors=0 total=150105
[1371750896.072637] latency=2:4:7:32:277:(31)ms throughput=811rps rr=9.71% cr=1.11% errors=0 total=150919
[1371750897.076640] latency=2:4:6:17:259:(21)ms throughput=828rps rr=10.83% cr=0.84% errors=0 total=151750
[1371750898.080627] latency=2:4:8:21:267:(23)ms throughput=787rps rr=10.38% cr=0.89% errors=0 total=152540
[1371750899.084642] latency=2:4:6:20:295:(22)ms throughput=852rps rr=10.41% cr=1.17% errors=0 total=153395
[1371750900.088640] latency=2:3:5:13:253:(17)ms throughput=833rps rr=7.78% cr=0.48% errors=0 total=154231
[1371750901.092647] latency=2:4:7:25:252:(23)ms throughput=812rps rr=10.67% cr=0.98% errors=0 total=155046
[1371750902.096645] latency=2:4:6:15:214:(17)ms throughput=793rps rr=9.17% cr=0.63% errors=0 total=155842
[1371750903.100638] latency=2:5:7:25:249:(23)ms throughput=841rps rr=10.55% cr=1.78% errors=0 total=156686
[1371750904.104637] latency=2:4:7:28:348:(27)ms throughput=828rps rr=10.23% cr=0.96% errors=0 total=157517
[1371750905.108654] latency=2:5:9:35:288:(29)ms throughput=811rps rr=10.07% cr=1.11% errors=0 total=158331
[1371750906.112643] latency=2:4:8:30:335:(34)ms throughput=767rps rr=8.83% cr=1.04% errors=0 total=159101
[1371750907.116646] latency=2:4:7:26:216:(23)ms throughput=829rps rr=10.94% cr=1.08% errors=0 total=159933
[1371750908.120672] latency=2:4:8:27:269:(26)ms throughput=779rps rr=12.79% cr=1.02% errors=0 total=160715
[1371750909.124648] latency=2:4:5:12:219:(14)ms throughput=792rps rr=9.69% cr=0.75% errors=0 total=161510
[1371750910.128667] latency=2:5:9:35:299:(31)ms throughput=809rps rr=11.21% cr=1.11% errors=0 total=162322
[1371750911.132660] latency=2:5:8:28:266:(25)ms throughput=818rps rr=12.91% cr=1.34% errors=0 total=163143
[1371750912.136619] latency=2:4:7:21:196:(21)ms throughput=796rps rr=10.89% cr=0.88% errors=0 total=163942
[1371750913.140701] latency=2:4:7:21:298:(22)ms throughput=812rps rr=12.27% cr=1.23% errors=0 total=164757
[1371750914.144688] latency=2:4:7:24:218:(22)ms throughput=817rps rr=10.49% cr=0.85% errors=0 total=165577
[1371750915.176712] latency=2:4:6:19:390:(23)ms throughput=815rps rr=10.58% cr=0.95% errors=0 total=166418
[1371750916.180700] latency=2:4:7:18:218:(19)ms throughput=789rps rr=11.36% cr=1.14% errors=0 total=167210
[1371750917.184685] latency=2:5:9:58:413:(44)ms throughput=662rps rr=14.14% cr=1.05% errors=0 total=167875
[1371750918.188693] latency=2:5:9:37:310:(30)ms throughput=731rps rr=12.81% cr=1.63% errors=0 total=168609
[1371750919.192687] latency=2:4:8:51:382:(33)ms throughput=808rps rr=12.21% cr=2.34% errors=0 total=169420
[1371750920.196698] latency=2:4:7:25:236:(22)ms throughput=766rps rr=11.05% cr=1.56% errors=0 total=170189
[1371750921.200654] latency=2:4:6:16:249:(19)ms throughput=781rps rr=12.76% cr=1.28% errors=0 total=170973
[1371750922.204640] latency=2:5:10:42:339:(31)ms throughput=763rps rr=11.10% cr=1.83% errors=0 total=171739
[1371750923.208650] latency=2:5:9:32:349:(28)ms throughput=832rps rr=10.90% cr=0.96% errors=0 total=172574
[1371750924.212642] latency=2:5:10:38:294:(28)ms throughput=801rps rr=13.06% cr=1.62% errors=0 total=173378
[1371750925.216631] latency=2:5:8:28:385:(29)ms throughput=764rps rr=12.26% cr=1.17% errors=0 total=174145
[1371750926.220659] latency=2:5:8:29:280:(28)ms throughput=761rps rr=10.99% cr=1.05% errors=0 total=174909
[1371750927.224644] latency=3:6:18:69:564:(50)ms throughput=690rps rr=14.72% cr=3.17% errors=0 total=175602
[1371750928.228638] latency=2:5:11:43:524:(35)ms throughput=742rps rr=12.48% cr=1.48% errors=0 total=176347
[1371750929.232634] latency=2:5:9:35:503:(29)ms throughput=784rps rr=13.85% cr=1.52% errors=0 total=177134
[1371750930.236639] latency=2:5:10:33:255:(29)ms throughput=794rps rr=12.30% cr=1.38% errors=0 total=177931
[1371750931.240647] latency=2:5:9:31:365:(27)ms throughput=770rps rr=12.94% cr=1.16% errors=0 total=178704
[1371750932.244633] latency=2:5:9:32:226:(27)ms throughput=792rps rr=11.32% cr=0.75% errors=0 total=179499
[1371750933.248642] latency=2:4:6:15:385:(19)ms throughput=799rps rr=12.09% cr=1.37% errors=0 total=180301
[1371750934.252635] latency=2:4:7:22:241:(22)ms throughput=790rps rr=12.86% cr=1.64% errors=0 total=181094
[1371750935.256640] latency=2:5:10:40:540:(33)ms throughput=788rps rr=13.78% cr=2.15% errors=0 total=181885
[1371750936.260637] latency=2:4:7:26:362:(24)ms throughput=827rps rr=9.76% cr=0.96% errors=0 total=182715
[1371750937.264651] latency=2:4:8:20:299:(21)ms throughput=828rps rr=13.72% cr=2.05% errors=0 total=183546
[1371750938.268637] latency=2:5:17:89:538:(56)ms throughput=600rps rr=12.13% cr=1.99% errors=0 total=184148
[1371750939.272681] latency=2:4:5:11:568:(13)ms throughput=841rps rr=11.49% cr=1.66% errors=0 total=184992
[1371750940.276686] latency=2:4:5:11:261:(13)ms throughput=913rps rr=9.81% cr=1.64% errors=0 total=185909
[1371750941.280644] latency=2:4:6:14:178:(16)ms throughput=818rps rr=11.45% cr=0.73% errors=0 total=186730
[1371750942.284666] latency=2:4:6:14:201:(16)ms throughput=911rps rr=10.05% cr=1.53% errors=0 total=187645
[1371750943.288657] latency=2:3:5:10:140:(10)ms throughput=919rps rr=9.64% cr=1.73% errors=0 total=188568
[1371750944.292642] latency=2:4:5:13:232:(15)ms throughput=866rps rr=11.28% cr=0.92% errors=0 total=189437
[1371750945.296683] latency=2:4:6:14:251:(17)ms throughput=853rps rr=11.21% cr=1.17% errors=0 total=190293
[1371750946.300676] latency=2:4:7:16:325:(20)ms throughput=825rps rr=12.80% cr=2.78% errors=0 total=191121
[1371750947.304664] latency=2:4:7:18:349:(19)ms throughput=863rps rr=13.16% cr=1.27% errors=0 total=191987
[1371750948.312617] latency=2:4:6:15:165:(15)ms throughput=866rps rr=11.68% cr=1.03% errors=0 total=192860
[1371750949.336686] latency=2:5:12:75:499:(51)ms throughput=694rps rr=12.24% cr=2.11% errors=0 total=193571
[1371750950.340664] latency=2:5:7:19:381:(19)ms throughput=855rps rr=12.00% cr=1.05% errors=0 total=194429
[1371750951.344684] latency=2:5:7:18:263:(20)ms throughput=853rps rr=13.20% cr=1.87% errors=0 total=195285
[1371750952.348701] latency=2:4:6:16:289:(19)ms throughput=837rps rr=10.83% cr=1.19% errors=0 total=196125
[1371750953.352685] latency=2:5:8:25:464:(24)ms throughput=825rps rr=12.80% cr=1.45% errors=0 total=196953
[1371750954.356695] latency=2:4:7:18:176:(19)ms throughput=833rps rr=10.17% cr=1.20% errors=0 total=197789
[1371750955.360679] latency=2:4:6:10:112:(10)ms throughput=824rps rr=11.00% cr=1.45% errors=0 total=198616
[1371750956.364669] latency=2:6:10:35:398:(30)ms throughput=844rps rr=13.58% cr=1.30% errors=0 total=199463
[1371750957.368702] latency=2:4:6:12:125:(12)ms throughput=844rps rr=12.16% cr=1.65% errors=0 total=200310
[1371750958.372646] latency=2:4:6:13:173:(15)ms throughput=870rps rr=11.23% cr=1.49% errors=0 total=201183
[1371750959.376655] latency=2:5:10:41:287:(29)ms throughput=663rps rr=13.21% cr=0.90% errors=0 total=201849
[1371750960.380663] latency=2:5:8:30:368:(33)ms throughput=832rps rr=12.57% cr=1.56% errors=0 total=202684
[1371750961.384691] latency=2:4:7:18:261:(18)ms throughput=840rps rr=12.22% cr=1.54% errors=0 total=203527
[1371750962.388669] latency=2:4:8:30:254:(26)ms throughput=787rps rr=12.91% cr=2.03% errors=0 total=204317
[1371750963.392637] latency=2:5:7:20:349:(23)ms throughput=836rps rr=12.51% cr=1.55% errors=0 total=205156
[1371750964.396656] latency=2:5:8:28:273:(27)ms throughput=786rps rr=12.17% cr=1.27% errors=0 total=205945
[1371750965.400626] latency=2:4:6:17:242:(17)ms throughput=801rps rr=11.44% cr=1.24% errors=0 total=206749
[1371750966.404633] latency=2:4:6:13:242:(18)ms throughput=881rps rr=11.19% cr=1.58% errors=0 total=207634
[1371750967.408657] latency=2:5:9:28:303:(24)ms throughput=805rps rr=14.36% cr=1.86% errors=0 total=208442
[1371750968.412657] latency=2:4:6:15:284:(19)ms throughput=827rps rr=13.13% cr=1.45% errors=0 total=209272
[1371750969.416642] latency=2:4:6:13:203:(15)ms throughput=870rps rr=12.37% cr=1.15% errors=0 total=210145
[1371750970.420619] latency=2:5:12:56:473:(40)ms throughput=676rps rr=13.99% cr=1.77% errors=0 total=210824
[1371750971.424683] latency=2:5:8:26:302:(24)ms throughput=811rps rr=13.88% cr=1.72% errors=0 total=211638
[1371750972.428677] latency=2:5:7:23:262:(20)ms throughput=813rps rr=14.71% cr=2.33% errors=0 total=212454
[1371750973.432670] latency=2:4:7:20:296:(19)ms throughput=852rps rr=12.40% cr=1.05% errors=0 total=213309
[1371750974.436697] latency=2:4:7:15:284:(19)ms throughput=852rps rr=13.33% cr=1.75% errors=0 total=214164
[1371750975.440645] latency=2:4:7:16:215:(16)ms throughput=834rps rr=13.74% cr=1.55% errors=0 total=215001
[1371750976.444651] latency=2:4:6:18:254:(19)ms throughput=822rps rr=13.82% cr=2.18% errors=0 total=215826
[1371750977.448635] latency=2:4:6:16:331:(18)ms throughput=838rps rr=13.32% cr=2.38% errors=0 total=216667
[1371750978.452668] latency=2:4:7:20:268:(20)ms throughput=839rps rr=14.61% cr=2.26% errors=0 total=217509
[1371750979.456673] latency=2:4:5:11:237:(11)ms throughput=824rps rr=13.91% cr=1.93% errors=0 total=218336
[1371750980.460709] latency=2:4:8:23:210:(23)ms throughput=724rps rr=12.65% cr=2.20% errors=0 total=219063
[1371750981.464648] latency=2:5:7:23:359:(23)ms throughput=902rps rr=14.68% cr=1.99% errors=0 total=219969
[1371750982.468672] latency=2:4:7:17:332:(19)ms throughput=814rps rr=13.71% cr=1.59% errors=0 total=220786
[1371750983.472653] latency=2:5:7:19:249:(19)ms throughput=821rps rr=14.08% cr=2.06% errors=0 total=221610
[1371750984.476653] latency=2:4:7:18:240:(17)ms throughput=822rps rr=14.67% cr=2.42% errors=0 total=222435
[1371750985.480688] latency=2:4:6:13:262:(15)ms throughput=828rps rr=13.96% cr=2.17% errors=0 total=223266
[1371750986.484675] latency=2:4:5:10:191:(10)ms throughput=878rps rr=13.04% cr=1.36% errors=0 total=224148
[1371750987.488648] latency=2:4:8:20:274:(19)ms throughput=820rps rr=14.58% cr=2.07% errors=0 total=224971
[1371750988.492664] latency=2:5:8:27:254:(24)ms throughput=824rps rr=14.75% cr=2.06% errors=0 total=225798
[1371750989.496672] latency=2:5:7:24:446:(23)ms throughput=813rps rr=16.91% cr=3.19% errors=0 total=226614
[1371750990.500697] latency=2:4:7:20:301:(21)ms throughput=814rps rr=14.93% cr=2.08% errors=0 total=227431
[1371750991.504668] latency=2:7:18:74:577:(53)ms throughput=634rps rr=13.50% cr=2.04% errors=0 total=228068
[1371750992.508678] latency=2:6:12:42:477:(40)ms throughput=763rps rr=14.62% cr=2.74% errors=0 total=228834
[1371750993.512637] latency=2:5:9:30:300:(27)ms throughput=777rps rr=13.21% cr=1.41% errors=0 total=229614
[1371750994.516643] latency=2:5:7:21:304:(22)ms throughput=868rps rr=12.63% cr=1.49% errors=0 total=230485
[1371750995.520636] latency=2:4:7:23:298:(24)ms throughput=755rps rr=13.32% cr=2.51% errors=0 total=231243
[1371750996.524651] latency=2:4:6:14:269:(17)ms throughput=813rps rr=14.83% cr=2.21% errors=0 total=232059
[1371750997.528656] latency=2:4:7:19:289:(22)ms throughput=815rps rr=14.55% cr=1.96% errors=0 total=232877
[1371750998.532662] latency=2:5:9:31:307:(28)ms throughput=787rps rr=14.05% cr=2.03% errors=0 total=233667
[1371750999.536637] latency=2:5:9:32:740:(31)ms throughput=786rps rr=15.21% cr=2.03% errors=0 total=234456
[1371751000.540638] latency=2:5:10:34:398:(29)ms throughput=786rps rr=17.24% cr=2.15% errors=0 total=235245
[1371751001.544649] latency=2:4:7:27:178:(23)ms throughput=697rps rr=12.14% cr=2.14% errors=0 total=235945
[1371751002.548645] latency=2:6:13:55:388:(44)ms throughput=818rps rr=15.59% cr=2.56% errors=0 total=236766
[1371751003.552641] latency=2:5:9:34:342:(26)ms throughput=817rps rr=14.88% cr=3.17% errors=0 total=237586
[1371751004.556648] latency=2:6:14:48:338:(33)ms throughput=750rps rr=16.87% cr=2.79% errors=0 total=238339
[1371751005.560599] latency=2:6:10:43:316:(34)ms throughput=731rps rr=17.85% cr=2.32% errors=0 total=239073
[1371751006.564652] latency=2:5:8:27:1028:(28)ms throughput=814rps rr=16.28% cr=2.94% errors=0 total=239890
[1371751007.568650] latency=2:4:7:19:429:(23)ms throughput=829rps rr=15.75% cr=2.40% errors=0 total=240722
[1371751008.572659] latency=2:5:8:24:254:(22)ms throughput=763rps rr=15.27% cr=2.87% errors=0 total=241488
[1371751009.576618] latency=2:5:9:38:346:(30)ms throughput=808rps rr=16.65% cr=2.84% errors=0 total=242299
[1371751010.580680] latency=2:4:7:22:245:(21)ms throughput=810rps rr=15.62% cr=2.09% errors=0 total=243112
[1371751011.584651] latency=2:4:7:21:283:(20)ms throughput=816rps rr=14.65% cr=2.56% errors=0 total=243931
[1371751012.588651] latency=2:4:8:35:272:(32)ms throughput=737rps rr=14.19% cr=2.16% errors=0 total=244671
[1371751013.592670] latency=2:4:6:19:231:(20)ms throughput=818rps rr=15.35% cr=2.92% errors=0 total=245492
[1371751014.596653] latency=2:4:6:13:248:(15)ms throughput=860rps rr=13.67% cr=2.20% errors=0 total=246355
[1371751015.600697] latency=2:5:7:22:308:(21)ms throughput=821rps rr=15.66% cr=2.43% errors=0 total=247179
[1371751016.604694] latency=2:5:8:23:384:(24)ms throughput=824rps rr=15.96% cr=3.14% errors=0 total=248006
[1371751017.608678] latency=2:4:8:26:252:(24)ms throughput=801rps rr=13.93% cr=1.49% errors=0 total=248810
[1371751018.612722] latency=2:4:6:15:294:(16)ms throughput=827rps rr=14.34% cr=2.41% errors=0 total=249640
[1371751019.616694] latency=2:4:6:18:228:(18)ms throughput=811rps rr=15.97% cr=2.83% errors=0 total=250454
[1371751020.620726] latency=2:5:7:21:288:(21)ms throughput=805rps rr=16.21% cr=2.97% errors=0 total=251262
[1371751021.624727] latency=2:5:7:24:252:(21)ms throughput=854rps rr=15.52% cr=2.57% errors=0 total=252119
[1371751022.628688] latency=2:5:8:26:346:(23)ms throughput=727rps rr=14.52% cr=2.60% errors=0 total=252849
[1371751023.632679] latency=2:5:11:64:569:(43)ms throughput=767rps rr=14.55% cr=2.73% errors=0 total=253619
[1371751024.636723] latency=2:4:6:14:363:(16)ms throughput=907rps rr=13.61% cr=2.52% errors=0 total=254530
[1371751025.640688] latency=2:5:7:23:204:(20)ms throughput=827rps rr=14.10% cr=2.53% errors=0 total=255360
[1371751026.644678] latency=2:4:6:18:373:(21)ms throughput=821rps rr=15.29% cr=2.91% errors=0 total=256184
[1371751027.648681] latency=2:4:7:20:251:(20)ms throughput=797rps rr=14.25% cr=2.38% errors=0 total=256984
[1371751028.652725] latency=2:4:7:19:267:(20)ms throughput=872rps rr=14.27% cr=1.71% errors=0 total=257860
[1371751029.656687] latency=2:5:8:21:260:(22)ms throughput=817rps rr=16.10% cr=2.56% errors=0 total=258680
[1371751030.660727] latency=2:4:6:17:260:(17)ms throughput=830rps rr=14.17% cr=1.92% errors=0 total=259513
[1371751031.664643] latency=2:4:6:13:274:(15)ms throughput=906rps rr=13.74% cr=1.54% errors=0 total=260423
[1371751032.668719] latency=2:5:9:37:484:(29)ms throughput=724rps rr=18.29% cr=3.30% errors=0 total=261150
[1371751033.672615] latency=2:5:11:81:520:(53)ms throughput=667rps rr=16.72% cr=2.69% errors=0 total=261820
[1371751034.676606] latency=2:5:8:25:247:(22)ms throughput=791rps rr=18.26% cr=2.64% errors=0 total=262614
[1371751035.680601] latency=2:4:7:18:226:(19)ms throughput=829rps rr=14.78% cr=1.56% errors=0 total=263446
[1371751036.684602] latency=2:4:7:19:251:(19)ms throughput=834rps rr=14.10% cr=2.15% errors=0 total=264283
[1371751037.688604] latency=2:5:9:29:250:(24)ms throughput=777rps rr=16.03% cr=2.82% errors=0 total=265063
[1371751038.700691] latency=2:5:10:40:303:(34)ms throughput=745rps rr=16.18% cr=2.39% errors=0 total=265817
[1371751039.704618] latency=2:5:8:30:283:(30)ms throughput=743rps rr=16.35% cr=2.82% errors=0 total=266563
[1371751040.732625] latency=2:5:10:43:287:(31)ms throughput=800rps rr=13.63% cr=2.43% errors=0 total=267385
[1371751041.736628] latency=2:6:11:45:598:(38)ms throughput=747rps rr=16.67% cr=2.27% errors=0 total=268135
[1371751042.740619] latency=2:6:14:51:375:(40)ms throughput=681rps rr=19.15% cr=2.78% errors=0 total=268819
[1371751043.744631] latency=2:5:8:27:356:(27)ms throughput=819rps rr=12.41% cr=2.19% errors=0 total=269641
[1371751044.760615] latency=2:5:16:72:544:(53)ms throughput=647rps rr=17.66% cr=3.20% errors=0 total=270298
[1371751045.764667] latency=2:5:9:40:419:(31)ms throughput=709rps rr=16.15% cr=3.23% errors=0 total=271010
[1371751046.768623] latency=2:6:15:56:405:(39)ms throughput=765rps rr=15.23% cr=2.21% errors=0 total=271778
[1371751047.772718] latency=2:5:8:29:285:(27)ms throughput=814rps rr=13.71% cr=1.96% errors=0 total=272595
[1371751048.776631] latency=2:4:7:21:175:(22)ms throughput=789rps rr=12.12% cr=1.77% errors=0 total=273387
[1371751049.780729] latency=2:4:7:21:261:(23)ms throughput=826rps rr=13.39% cr=2.05% errors=0 total=274216
[1371751050.784621] latency=2:5:10:39:355:(34)ms throughput=738rps rr=15.92% cr=2.16% errors=0 total=274957
[1371751051.788621] latency=2:4:7:21:309:(23)ms throughput=758rps rr=13.40% cr=1.84% errors=0 total=275718
[1371751052.792603] latency=2:5:8:30:289:(29)ms throughput=789rps rr=16.41% cr=2.53% errors=0 total=276510
[1371751053.800780] latency=2:4:7:27:266:(25)ms throughput=830rps rr=14.10% cr=2.27% errors=0 total=277347
[1371751054.804644] latency=2:5:9:45:371:(43)ms throughput=676rps rr=13.55% cr=1.91% errors=0 total=278026
[1371751055.808640] latency=2:5:10:37:1012:(35)ms throughput=770rps rr=16.95% cr=2.59% errors=0 total=278799
[1371751056.812638] latency=2:4:7:21:312:(22)ms throughput=792rps rr=14.47% cr=2.26% errors=0 total=279594
[1371751057.816653] latency=3:6:11:48:319:(35)ms throughput=764rps rr=16.30% cr=3.65% errors=0 total=280361
[1371751058.820635] latency=2:5:9:30:410:(26)ms throughput=797rps rr=17.12% cr=2.75% errors=0 total=281161
[1371751059.824665] latency=2:5:12:39:279:(29)ms throughput=740rps rr=16.42% cr=1.88% errors=0 total=281904
[1371751060.828623] latency=2:5:7:20:413:(20)ms throughput=800rps rr=15.94% cr=1.62% errors=0 total=282707
[1371751061.832630] latency=2:5:8:29:403:(28)ms throughput=836rps rr=16.57% cr=4.17% errors=0 total=283546
[1371751062.836638] latency=2:5:8:24:371:(25)ms throughput=809rps rr=16.38% cr=1.85% errors=0 total=284358
[1371751063.840632] latency=2:5:8:36:379:(30)ms throughput=784rps rr=16.52% cr=2.67% errors=0 total=285145
[1371751064.844617] latency=2:5:10:35:350:(29)ms throughput=773rps rr=15.85% cr=2.19% errors=0 total=285921
[1371751065.848631] latency=2:6:13:58:625:(52)ms throughput=658rps rr=18.15% cr=3.48% errors=0 total=286582
[1371751066.852638] latency=2:4:7:24:296:(23)ms throughput=805rps rr=17.70% cr=2.48% errors=0 total=287390
[1371751067.856628] latency=2:4:7:26:413:(26)ms throughput=760rps rr=17.69% cr=3.28% errors=0 total=288153
[1371751068.860629] latency=2:4:7:17:406:(18)ms throughput=821rps rr=14.32% cr=1.82% errors=0 total=288977
[1371751069.864638] latency=2:4:6:13:258:(14)ms throughput=890rps rr=13.76% cr=1.79% errors=0 total=289871
[1371751070.868643] latency=2:4:7:17:218:(18)ms throughput=836rps rr=12.04% cr=1.91% errors=0 total=290710
[1371751071.872616] latency=2:4:6:11:187:(11)ms throughput=864rps rr=13.03% cr=1.04% errors=0 total=291577
[1371751072.876645] latency=2:5:7:23:361:(22)ms throughput=818rps rr=16.20% cr=2.31% errors=0 total=292398
[1371751073.880634] latency=2:4:7:20:254:(21)ms throughput=823rps rr=14.29% cr=2.30% errors=0 total=293224
[1371751074.884586] latency=2:4:5:11:122:(11)ms throughput=859rps rr=12.88% cr=1.97% errors=0 total=294086
[1371751075.888631] latency=2:5:8:24:330:(26)ms throughput=696rps rr=14.45% cr=1.00% errors=0 total=294785
[1371751076.892631] latency=2:6:11:56:598:(50)ms throughput=780rps rr=14.94% cr=2.55% errors=0 total=295568
[1371751077.896634] latency=2:5:8:28:364:(27)ms throughput=821rps rr=17.60% cr=2.43% errors=0 total=296392
[1371751078.900684] latency=2:4:6:14:254:(15)ms throughput=810rps rr=14.76% cr=1.23% errors=0 total=297205
[1371751079.904639] latency=2:5:7:22:288:(22)ms throughput=900rps rr=14.71% cr=2.65% errors=0 total=298109
[1371751080.908630] latency=2:4:7:21:364:(22)ms throughput=804rps rr=15.61% cr=2.48% errors=0 total=298916
