2013-06-20 17:47:51.148+0000: 4640: info : libvirt version: 0.9.8
2013-06-20 17:47:51.148+0000: 4640: warning : xenHypervisorMakeCapabilities:2751 : Failed to get host power management capabilities
[1371750476.385270] vm=rubbos-hvm new
[1371750476.385316] vm=rubis-hvm new
[1371750476.385343] vm=rubbos-hvm perf=0.000000 vp=0.500000 cap=200.000000
[1371750476.541226] vm=rubis-hvm perf=0.000000 vp=0.500000 cap=200.000000
[1371750481.884473] vm=rubbos-hvm perf=0.000000 vp=0.500000 cap=200.000000
[1371750482.047342] vm=rubis-hvm perf=0.000000 vp=0.500000 cap=200.000000
[1371750487.446000] vm=rubbos-hvm perf=0.000000 vp=0.491646 cap=196.658348
[1371750487.594007] vm=rubis-hvm perf=-0.556942 vp=0.508354 cap=203.341652
[1371750492.963067] vm=rubbos-hvm perf=0.000000 vp=0.490676 cap=196.270487
[1371750493.092079] vm=rubis-hvm perf=-0.065742 vp=0.509324 cap=203.729513
[1371750498.480380] vm=rubbos-hvm perf=0.000000 vp=0.480349 cap=192.139514
[1371750498.622754] vm=rubis-hvm perf=-0.701578 vp=0.519651 cap=207.860486
[1371750504.023505] vm=rubbos-hvm perf=0.000000 vp=0.485051 cap=194.020564
[1371750504.167324] vm=rubis-hvm perf=0.326334 vp=0.514949 cap=205.979436
[1371750509.527381] vm=rubbos-hvm perf=0.000000 vp=0.477755 cap=191.101984
[1371750509.662444] vm=rubis-hvm perf=-0.501421 vp=0.522245 cap=208.898016
[1371750515.033501] vm=rubbos-hvm perf=0.000000 vp=0.484954 cap=193.981797
[1371750515.197608] vm=rubis-hvm perf=0.502317 vp=0.515046 cap=206.018203
[1371750520.585568] vm=rubbos-hvm perf=0.000000 vp=0.482214 cap=192.885465
[1371750520.762082] vm=rubis-hvm perf=-0.188391 vp=0.517786 cap=207.114535
[1371750526.163777] vm=rubbos-hvm perf=0.000000 vp=0.491602 cap=196.640801
[1371750526.329261] vm=rubis-hvm perf=0.648975 vp=0.508398 cap=203.359199
[1371750531.691381] vm=rubbos-hvm perf=0.000000 vp=0.501666 cap=200.666360
[1371750531.842379] vm=rubis-hvm perf=0.682388 vp=0.498334 cap=199.333640
[1371750537.230810] vm=rubbos-hvm perf=0.000000 vp=0.506551 cap=202.620311
[1371750537.380290] vm=rubis-hvm perf=0.324577 vp=0.493449 cap=197.379689
[1371750542.747448] vm=rubbos-hvm perf=0.000000 vp=0.510311 cap=204.124547
[1371750542.892182] vm=rubis-hvm perf=0.247464 vp=0.489689 cap=195.875453
[1371750548.285726] vm=rubbos-hvm perf=0.000000 vp=0.513405 cap=205.361885
[1371750548.458119] vm=rubis-hvm perf=0.202056 vp=0.486595 cap=194.638115
[1371750553.836125] vm=rubbos-hvm perf=0.000000 vp=0.513616 cap=205.446528
[1371750554.001861] vm=rubis-hvm perf=0.013739 vp=0.486384 cap=194.553472
[1371750559.399935] vm=rubbos-hvm perf=0.000000 vp=0.514089 cap=205.635609
[1371750559.539458] vm=rubis-hvm perf=0.030678 vp=0.485911 cap=194.364391
[1371750564.945315] vm=rubbos-hvm perf=0.000000 vp=0.509394 cap=203.757602
[1371750565.092309] vm=rubis-hvm perf=-0.304423 vp=0.490606 cap=196.242398
[1371750570.464062] vm=rubbos-hvm perf=0.000000 vp=0.514398 cap=205.759081
[1371750570.618189] vm=rubis-hvm perf=0.327428 vp=0.485602 cap=194.240919
[1371750576.000622] vm=rubbos-hvm perf=0.000000 vp=0.520786 cap=208.314392
[1371750576.143884] vm=rubis-hvm perf=0.413965 vp=0.479214 cap=191.685608
[1371750581.540921] vm=rubbos-hvm perf=0.000000 vp=0.530096 cap=212.038572
[1371750581.685017] vm=rubis-hvm perf=0.595923 vp=0.469904 cap=187.961428
[1371750587.067265] vm=rubbos-hvm perf=0.000000 vp=0.538083 cap=215.233119
[1371750587.223781] vm=rubis-hvm perf=0.502196 vp=0.461917 cap=184.766881
[1371750592.586257] vm=rubbos-hvm perf=0.000000 vp=0.544542 cap=217.816964
[1371750592.742353] vm=rubis-hvm perf=0.400162 vp=0.455458 cap=182.183036
[1371750598.136109] vm=rubbos-hvm perf=0.000000 vp=0.534484 cap=213.793724
[1371750598.298738] vm=rubis-hvm perf=-0.615691 vp=0.465516 cap=186.206276
[1371750603.692157] vm=rubbos-hvm perf=0.000000 vp=0.525885 cap=210.354074
[1371750603.847008] vm=rubis-hvm perf=-0.536288 vp=0.474115 cap=189.645926
[1371750609.228598] vm=rubbos-hvm perf=0.000000 vp=0.531138 cap=212.455202
[1371750609.395761] vm=rubis-hvm perf=0.332951 vp=0.468862 cap=187.544798
[1371750614.763159] vm=rubbos-hvm perf=0.000000 vp=0.540141 cap=216.056412
[1371750614.918806] vm=rubis-hvm perf=0.565015 vp=0.459859 cap=183.943588
[1371750620.293781] vm=rubbos-hvm perf=0.000000 vp=0.532008 cap=212.803213
[1371750620.470973] vm=rubis-hvm perf=-0.501906 vp=0.467992 cap=187.196787
[1371750625.857726] vm=rubbos-hvm perf=0.000000 vp=0.542847 cap=217.138977
[1371750626.033295] vm=rubis-hvm perf=0.679151 vp=0.457153 cap=182.861023
[1371750631.414453] vm=rubbos-hvm perf=0.000000 vp=0.547329 cap=218.931794
[1371750631.578960] vm=rubis-hvm perf=0.275218 vp=0.452671 cap=181.068206
[1371750636.950438] vm=rubbos-hvm perf=0.000000 vp=0.550480 cap=220.191993
[1371750637.117044] vm=rubis-hvm perf=0.191871 vp=0.449520 cap=179.808007
[1371750642.491957] vm=rubbos-hvm perf=0.000000 vp=0.554116 cap=221.646303
[1371750642.665303] vm=rubis-hvm perf=0.220158 vp=0.445884 cap=178.353697
[1371750648.027609] vm=rubbos-hvm perf=0.000000 vp=0.551747 cap=220.698785
[1371750648.180077] vm=rubis-hvm perf=-0.142497 vp=0.448253 cap=179.301215
[1371750653.563154] vm=rubbos-hvm perf=0.000000 vp=0.559471 cap=223.788550
[1371750653.707644] vm=rubis-hvm perf=0.466664 vp=0.440529 cap=176.211450
[1371750659.108849] vm=rubbos-hvm perf=0.000000 vp=0.565341 cap=226.136530
[1371750659.279187] vm=rubis-hvm perf=0.349732 vp=0.434659 cap=173.863470
[1371750664.658077] vm=rubbos-hvm perf=0.000000 vp=0.561508 cap=224.603101
[1371750664.813119] vm=rubis-hvm perf=-0.226033 vp=0.438492 cap=175.396899
[1371750670.199157] vm=rubbos-hvm perf=0.000000 vp=0.557315 cap=222.925855
[1371750670.373860] vm=rubis-hvm perf=-0.248920 vp=0.442685 cap=177.074145
[1371750675.749872] vm=rubbos-hvm perf=0.000000 vp=0.565316 cap=226.126451
[1371750675.912970] vm=rubis-hvm perf=0.478574 vp=0.434684 cap=173.873549
[1371750681.289681] vm=rubbos-hvm perf=0.000000 vp=0.571687 cap=228.674851
[1371750681.437208] vm=rubis-hvm perf=0.375660 vp=0.428313 cap=171.325149
[1371750686.831299] vm=rubbos-hvm perf=-1.354836 vp=0.593665 cap=237.466020
[1371750686.985107] vm=rubis-hvm perf=0.266411 vp=0.406335 cap=162.533980
[1371750692.413616] vm=rubbos-hvm perf=-1.982406 vp=0.615706 cap=246.282345
[1371750692.581432] vm=rubis-hvm perf=-0.119305 vp=0.384294 cap=153.717655
[1371750697.976038] vm=rubbos-hvm perf=-2.422854 vp=0.647811 cap=259.124581
[1371750698.134279] vm=rubis-hvm perf=0.225916 vp=0.352189 cap=140.875419
[1371750703.515175] vm=rubbos-hvm perf=-1.931636 vp=0.609099 cap=243.639603
[1371750703.675649] vm=rubis-hvm perf=-3.042112 vp=0.390901 cap=156.360397
[1371750709.070688] vm=rubbos-hvm perf=-1.272360 vp=0.549943 cap=219.977199
[1371750709.253246] vm=rubis-hvm perf=-4.053912 vp=0.450057 cap=180.022801
[1371750714.630247] vm=rubbos-hvm perf=-0.702412 vp=0.571835 cap=228.733806
[1371750714.809675] vm=rubis-hvm perf=0.752063 vp=0.428165 cap=171.266194
[1371750720.219700] vm=rubbos-hvm perf=-0.333232 vp=0.588298 cap=235.319185
[1371750720.386338] vm=rubis-hvm perf=0.710176 vp=0.411702 cap=164.680815
[1371750725.792907] vm=rubbos-hvm perf=-0.139042 vp=0.601333 cap=240.533018
[1371750725.948653] vm=rubis-hvm perf=0.641243 vp=0.398667 cap=159.466982
[1371750731.355725] vm=rubbos-hvm perf=-0.171524 vp=0.617610 cap=247.043833
[1371750731.519587] vm=rubis-hvm perf=0.788560 vp=0.382390 cap=152.956167
[1371750736.910787] vm=rubbos-hvm perf=0.185330 vp=0.623904 cap=249.561574
[1371750737.059360] vm=rubis-hvm perf=0.454462 vp=0.376096 cap=150.438426
[1371750742.455799] vm=rubbos-hvm perf=0.266024 vp=0.623557 cap=249.422796
[1371750742.613689] vm=rubis-hvm perf=0.141826 vp=0.376443 cap=150.577204
[1371750747.986008] vm=rubbos-hvm perf=-0.066652 vp=0.619254 cap=247.701488
[1371750748.164905] vm=rubis-hvm perf=-0.270277 vp=0.380746 cap=152.298512
[1371750753.525611] vm=rubbos-hvm perf=-0.166674 vp=0.633138 cap=253.255258
[1371750753.694453] vm=rubis-hvm perf=0.644895 vp=0.366862 cap=146.744742
[1371750759.100023] vm=rubbos-hvm perf=0.311038 vp=0.625523 cap=250.209107
[1371750759.282153] vm=rubis-hvm perf=-0.220707 vp=0.374477 cap=149.790893
[1371750764.676680] vm=rubbos-hvm perf=0.458990 vp=0.628953 cap=251.581111
[1371750764.845217] vm=rubis-hvm perf=0.457561 vp=0.371047 cap=148.418889
[1371750770.224375] vm=rubbos-hvm perf=0.528632 vp=0.633668 cap=253.467088
[1371750770.389154] vm=rubis-hvm perf=0.561747 vp=0.366332 cap=146.532912
[1371750775.791005] vm=rubbos-hvm perf=0.337088 vp=0.632737 cap=253.094740
[1371750775.952663] vm=rubis-hvm perf=0.145908 vp=0.367263 cap=146.905260
[1371750781.355528] vm=rubbos-hvm perf=0.048136 vp=0.634195 cap=253.677862
[1371750781.533162] vm=rubis-hvm perf=0.104739 vp=0.365805 cap=146.322138
[1371750786.933609] vm=rubbos-hvm perf=0.451184 vp=0.636777 cap=254.710628
[1371750787.094610] vm=rubis-hvm perf=0.395950 vp=0.363223 cap=145.289372
[1371750792.479873] vm=rubbos-hvm perf=0.378984 vp=0.615407 cap=246.162887
[1371750792.632812] vm=rubis-hvm perf=-0.902445 vp=0.384593 cap=153.837113
[1371750798.018651] vm=rubbos-hvm perf=0.505574 vp=0.615149 cap=246.059515
[1371750798.197601] vm=rubis-hvm perf=0.301956 vp=0.384851 cap=153.940485
[1371750803.566963] vm=rubbos-hvm perf=0.340150 vp=0.622651 cap=249.060273
[1371750803.723444] vm=rubis-hvm perf=0.619314 vp=0.377349 cap=150.939727
[1371750809.088430] vm=rubbos-hvm perf=0.429048 vp=0.619609 cap=247.843736
[1371750809.266768] vm=rubis-hvm perf=0.097202 vp=0.380391 cap=152.156264
[1371750814.637978] vm=rubbos-hvm perf=-0.212808 vp=0.635578 cap=254.231241
[1371750814.800676] vm=rubis-hvm perf=0.728430 vp=0.364422 cap=145.768759
[1371750820.180462] vm=rubbos-hvm perf=0.563698 vp=0.626024 cap=250.409786
[1371750820.353328] vm=rubis-hvm perf=-0.177839 vp=0.373976 cap=149.590214
[1371750825.790038] vm=rubbos-hvm perf=-0.004994 vp=0.607249 cap=242.899462
[1371750825.966425] vm=rubis-hvm perf=-1.002721 vp=0.392751 cap=157.100538
[1371750831.367526] vm=rubbos-hvm perf=0.353540 vp=0.611129 cap=244.451637
[1371750831.536314] vm=rubis-hvm perf=0.441666 vp=0.388871 cap=155.548363
[1371750836.939565] vm=rubbos-hvm perf=0.497802 vp=0.608327 cap=243.330850
[1371750837.083045] vm=rubis-hvm perf=0.163929 vp=0.391673 cap=156.669150
[1371750842.439901] vm=rubbos-hvm perf=0.444934 vp=0.614685 cap=245.874082
[1371750842.625985] vm=rubis-hvm perf=0.634863 vp=0.385315 cap=154.125918
[1371750848.052207] vm=rubbos-hvm perf=-0.178458 vp=0.624215 cap=249.686085
[1371750848.235903] vm=rubis-hvm perf=0.404930 vp=0.375785 cap=150.313915
[1371750853.647039] vm=rubbos-hvm perf=-0.331282 vp=0.628133 cap=251.253065
[1371750853.802408] vm=rubis-hvm perf=0.009758 vp=0.371867 cap=148.746935
[1371750859.219610] vm=rubbos-hvm perf=0.305674 vp=0.622700 cap=249.080059
[1371750859.388276] vm=rubis-hvm perf=-0.107324 vp=0.377300 cap=150.919941
[1371750864.771729] vm=rubbos-hvm perf=0.361078 vp=0.611179 cap=244.471631
[1371750864.912660] vm=rubis-hvm perf=-0.397946 vp=0.388821 cap=155.528369
[1371750870.311682] vm=rubbos-hvm perf=0.404122 vp=0.617447 cap=246.978722
[1371750870.456301] vm=rubis-hvm perf=0.598933 vp=0.382553 cap=153.021278
[1371750875.842329] vm=rubbos-hvm perf=0.179360 vp=0.628389 cap=251.355457
[1371750876.008505] vm=rubis-hvm perf=0.701830 vp=0.371611 cap=148.644543
[1371750881.405167] vm=rubbos-hvm perf=-0.276158 vp=0.635455 cap=254.181887
[1371750881.550849] vm=rubis-hvm perf=0.211513 vp=0.364545 cap=145.818113
[1371750886.955044] vm=rubbos-hvm perf=-0.115516 vp=0.630102 cap=252.040825
[1371750887.114477] vm=rubis-hvm perf=-0.347047 vp=0.369898 cap=147.959175
[1371750892.522085] vm=rubbos-hvm perf=0.432250 vp=0.640838 cap=256.335283
[1371750892.687021] vm=rubis-hvm perf=0.821708 vp=0.359162 cap=143.664717
[1371750898.080511] vm=rubbos-hvm perf=0.483462 vp=0.645820 cap=258.328045
[1371750898.239776] vm=rubis-hvm perf=0.530094 vp=0.354180 cap=141.671955
[1371750903.600911] vm=rubbos-hvm perf=0.468974 vp=0.641514 cap=256.605494
[1371750903.761946] vm=rubis-hvm perf=0.034925 vp=0.358486 cap=143.394506
[1371750909.151088] vm=rubbos-hvm perf=0.461322 vp=0.645202 cap=258.080909
[1371750909.303123] vm=rubis-hvm perf=0.449451 vp=0.354798 cap=141.919091
[1371750914.698415] vm=rubbos-hvm perf=0.418536 vp=0.643280 cap=257.312073
[1371750914.865134] vm=rubis-hvm perf=0.130852 vp=0.356720 cap=142.687927
[1371750920.255701] vm=rubbos-hvm perf=0.178348 vp=0.651901 cap=260.760559
[1371750920.425201] vm=rubis-hvm perf=0.545632 vp=0.348099 cap=139.239441
[1371750925.808697] vm=rubbos-hvm perf=0.313134 vp=0.655475 cap=262.189822
[1371750925.972615] vm=rubis-hvm perf=0.349910 vp=0.344525 cap=137.810178
[1371750931.383322] vm=rubbos-hvm perf=0.147166 vp=0.668393 cap=267.357242
[1371750931.549167] vm=rubis-hvm perf=0.734309 vp=0.331607 cap=132.642758
[1371750936.947435] vm=rubbos-hvm perf=-0.068280 vp=0.684473 cap=273.789057
[1371750937.122230] vm=rubis-hvm perf=0.768025 vp=0.315527 cap=126.210943
[1371750942.536296] vm=rubbos-hvm perf=-0.131788 vp=0.699993 cap=279.997326
[1371750942.701727] vm=rubis-hvm perf=0.695094 vp=0.300007 cap=120.002674
[1371750948.117364] vm=rubbos-hvm perf=0.308492 vp=0.701495 cap=280.598112
[1371750948.286527] vm=rubis-hvm perf=0.203738 vp=0.298505 cap=119.401888
[1371750953.680488] vm=rubbos-hvm perf=0.038512 vp=0.699043 cap=279.617010
[1371750953.862139] vm=rubis-hvm perf=-0.100161 vp=0.300957 cap=120.382990
[1371750959.257508] vm=rubbos-hvm perf=0.208360 vp=0.675597 cap=270.238722
[1371750959.402894] vm=rubis-hvm perf=-1.028287 vp=0.324403 cap=129.761278
[1371750964.788222] vm=rubbos-hvm perf=0.267330 vp=0.686323 cap=274.529271
[1371750964.974934] vm=rubis-hvm perf=0.657594 vp=0.313677 cap=125.470729
[1371750970.377185] vm=rubbos-hvm perf=0.539508 vp=0.692040 cap=276.816181
[1371750970.531669] vm=rubis-hvm perf=0.524253 vp=0.307960 cap=123.183819
[1371750975.906009] vm=rubbos-hvm perf=0.262820 vp=0.698396 cap=279.358422
[1371750976.079833] vm=rubis-hvm perf=0.423084 vp=0.301604 cap=120.641578
[1371750981.505862] vm=rubbos-hvm perf=0.286040 vp=0.704415 cap=281.765944
[1371750981.669137] vm=rubis-hvm perf=0.410795 vp=0.295585 cap=118.234056
[1371750987.067434] vm=rubbos-hvm perf=0.507072 vp=0.699222 cap=279.688781
[1371750987.230387] vm=rubis-hvm perf=-0.032955 vp=0.300778 cap=120.311219
[1371750992.623577] vm=rubbos-hvm perf=0.186250 vp=0.676905 cap=270.761974
[1371750992.811829] vm=rubis-hvm perf=-0.983780 vp=0.323095 cap=129.238026
[1371750998.204378] vm=rubbos-hvm perf=0.476980 vp=0.676292 cap=270.516748
[1371750998.391537] vm=rubis-hvm perf=0.197479 vp=0.323708 cap=129.483252
[1371751003.825087] vm=rubbos-hvm perf=0.146880 vp=0.686737 cap=274.694753
[1371751003.994586] vm=rubis-hvm perf=0.585122 vp=0.313263 cap=125.305247
[1371751009.391431] vm=rubbos-hvm perf=0.022192 vp=0.702268 cap=280.907242
[1371751009.555528] vm=rubis-hvm perf=0.763989 vp=0.297732 cap=119.092758
[1371751014.952660] vm=rubbos-hvm perf=0.312060 vp=0.690087 cap=276.034952
[1371751015.120519] vm=rubis-hvm perf=-0.445861 vp=0.309913 cap=123.965048
[1371751020.495095] vm=rubbos-hvm perf=0.240862 vp=0.703299 cap=281.319749
[1371751020.647294] vm=rubis-hvm perf=0.746349 vp=0.296701 cap=118.680251
[1371751026.013396] vm=rubbos-hvm perf=-0.126286 vp=0.712426 cap=284.970365
[1371751026.169042] vm=rubis-hvm perf=0.379282 vp=0.287574 cap=115.029635
[1371751031.572215] vm=rubbos-hvm perf=0.494504 vp=0.695252 cap=278.100685
[1371751031.741420] vm=rubis-hvm perf=-0.603946 vp=0.304748 cap=121.899315
[1371751037.142074] vm=rubbos-hvm perf=0.065976 vp=0.654066 cap=261.626415
[1371751037.312374] vm=rubis-hvm perf=-1.945698 vp=0.345934 cap=138.373585
[1371751042.683716] vm=rubbos-hvm perf=-0.188950 vp=0.657788 cap=263.115066
[1371751042.860657] vm=rubis-hvm perf=0.089731 vp=0.342212 cap=136.884934
[1371751048.262635] vm=rubbos-hvm perf=-0.071290 vp=0.672048 cap=268.819392
[1371751048.414085] vm=rubis-hvm perf=0.685577 vp=0.327952 cap=131.180608
[1371751053.824093] vm=rubbos-hvm perf=0.387492 vp=0.684395 cap=273.757875
[1371751053.992636] vm=rubis-hvm perf=0.801458 vp=0.315605 cap=126.242125
[1371751059.408509] vm=rubbos-hvm perf=0.196860 vp=0.692355 cap=276.941992
[1371751059.596676] vm=rubis-hvm perf=0.478486 vp=0.307645 cap=123.058008
[1371751064.975796] vm=rubbos-hvm perf=0.180758 vp=0.702916 cap=281.166526
[1371751065.138697] vm=rubis-hvm perf=0.588793 vp=0.297084 cap=118.833474
[1371751070.542852] vm=rubbos-hvm perf=-0.224990 vp=0.709777 cap=283.910986
[1371751070.713283] vm=rubis-hvm perf=0.230275 vp=0.290223 cap=116.089014
[1371751076.126487] vm=rubbos-hvm perf=0.347194 vp=0.715064 cap=286.025686
[1371751076.313277] vm=rubis-hvm perf=0.390247 vp=0.284936 cap=113.974314
