Currently running VMs
2013-07-25 07:44:31.535+0000: 6892: info : libvirt version: 0.9.8
2013-07-25 07:44:31.535+0000: 6892: warning : xenHypervisorMakeCapabilities:2751 : Failed to get host power management capabilities
- Domain-0 weight=256 cap=0 vcpus=32
- rubbos-hvm weight=256 cap=287 vcpus=3 mac=aa:00:00:00:00:11
- rubis-hvm weight=256 cap=800 vcpus=8 mac=aa:00:00:00:00:10
New scheduling parameters:  weight=256 cap=800 vcpus=8
Currently running VMs
2013-07-25 07:44:42.504+0000: 6943: info : libvirt version: 0.9.8
2013-07-25 07:44:42.504+0000: 6943: warning : xenHypervisorMakeCapabilities:2751 : Failed to get host power management capabilities
- Domain-0 weight=256 cap=0 vcpus=32
- rubbos-hvm weight=256 cap=287 vcpus=3 mac=aa:00:00:00:00:11
- rubis-hvm weight=256 cap=800 vcpus=8 mac=aa:00:00:00:00:10
New scheduling parameters:  weight=256 cap=200 vcpus=2
Currently running VMs
2013-07-25 07:44:53.399+0000: 7091: info : libvirt version: 0.9.8
2013-07-25 07:44:53.399+0000: 7091: warning : xenHypervisorMakeCapabilities:2751 : Failed to get host power management capabilities
- Domain-0 weight=256 cap=0 vcpus=32
- rubbos-hvm weight=256 cap=287 vcpus=3 mac=aa:00:00:00:00:11
- rubis-hvm weight=256 cap=200 vcpus=2 mac=aa:00:00:00:00:10
New scheduling parameters:  weight=256 cap=250 vcpus=3
Currently running VMs
2013-07-25 07:45:04.347+0000: 7142: info : libvirt version: 0.9.8
2013-07-25 07:45:04.347+0000: 7142: warning : xenHypervisorMakeCapabilities:2751 : Failed to get host power management capabilities
- Domain-0 weight=256 cap=0 vcpus=32
- rubbos-hvm weight=256 cap=287 vcpus=3 mac=aa:00:00:00:00:11
- rubis-hvm weight=256 cap=250 vcpus=3 mac=aa:00:00:00:00:10
New scheduling parameters:  weight=256 cap=250 vcpus=3
Currently running VMs
2013-07-25 07:45:15.236+0000: 7190: info : libvirt version: 0.9.8
2013-07-25 07:45:15.236+0000: 7190: warning : xenHypervisorMakeCapabilities:2751 : Failed to get host power management capabilities
- Domain-0 weight=256 cap=0 vcpus=32
- rubbos-hvm weight=256 cap=287 vcpus=3 mac=aa:00:00:00:00:11
- rubis-hvm weight=256 cap=250 vcpus=3 mac=aa:00:00:00:00:10
New scheduling parameters:  weight=256 cap=200 vcpus=2
Currently running VMs
2013-07-25 07:45:26.154+0000: 7239: info : libvirt version: 0.9.8
2013-07-25 07:45:26.154+0000: 7239: warning : xenHypervisorMakeCapabilities:2751 : Failed to get host power management capabilities
- Domain-0 weight=256 cap=0 vcpus=32
- rubbos-hvm weight=256 cap=287 vcpus=3 mac=aa:00:00:00:00:11
- rubis-hvm weight=256 cap=200 vcpus=2 mac=aa:00:00:00:00:10
New scheduling parameters:  weight=256 cap=250 vcpus=3
Currently running VMs
2013-07-25 07:45:37.128+0000: 7287: info : libvirt version: 0.9.8
2013-07-25 07:45:37.128+0000: 7287: warning : xenHypervisorMakeCapabilities:2751 : Failed to get host power management capabilities
- Domain-0 weight=256 cap=0 vcpus=32
- rubbos-hvm weight=256 cap=287 vcpus=3 mac=aa:00:00:00:00:11
- rubis-hvm weight=256 cap=250 vcpus=3 mac=aa:00:00:00:00:10
New scheduling parameters:  weight=256 cap=200 vcpus=2
Currently running VMs
2013-07-25 07:45:48.086+0000: 7335: info : libvirt version: 0.9.8
2013-07-25 07:45:48.086+0000: 7335: warning : xenHypervisorMakeCapabilities:2751 : Failed to get host power management capabilities
- Domain-0 weight=256 cap=0 vcpus=32
- rubbos-hvm weight=256 cap=287 vcpus=3 mac=aa:00:00:00:00:11
- rubis-hvm weight=256 cap=200 vcpus=2 mac=aa:00:00:00:00:10
New scheduling parameters:  weight=256 cap=150 vcpus=2
Currently running VMs
2013-07-25 07:45:58.997+0000: 7383: info : libvirt version: 0.9.8
2013-07-25 07:45:58.997+0000: 7383: warning : xenHypervisorMakeCapabilities:2751 : Failed to get host power management capabilities
- Domain-0 weight=256 cap=0 vcpus=32
- rubbos-hvm weight=256 cap=287 vcpus=3 mac=aa:00:00:00:00:11
- rubis-hvm weight=256 cap=150 vcpus=2 mac=aa:00:00:00:00:10
New scheduling parameters:  weight=256 cap=150 vcpus=2
Currently running VMs
2013-07-25 07:46:09.966+0000: 7431: info : libvirt version: 0.9.8
2013-07-25 07:46:09.966+0000: 7431: warning : xenHypervisorMakeCapabilities:2751 : Failed to get host power management capabilities
- Domain-0 weight=256 cap=0 vcpus=32
- rubbos-hvm weight=256 cap=287 vcpus=3 mac=aa:00:00:00:00:11
- rubis-hvm weight=256 cap=150 vcpus=2 mac=aa:00:00:00:00:10
New scheduling parameters:  weight=256 cap=250 vcpus=3
Currently running VMs
2013-07-25 07:46:20.860+0000: 7491: info : libvirt version: 0.9.8
2013-07-25 07:46:20.860+0000: 7491: warning : xenHypervisorMakeCapabilities:2751 : Failed to get host power management capabilities
- Domain-0 weight=256 cap=0 vcpus=32
- rubbos-hvm weight=256 cap=287 vcpus=3 mac=aa:00:00:00:00:11
- rubis-hvm weight=256 cap=250 vcpus=3 mac=aa:00:00:00:00:10
New scheduling parameters:  weight=256 cap=200 vcpus=2
Currently running VMs
2013-07-25 07:46:31.804+0000: 7541: info : libvirt version: 0.9.8
2013-07-25 07:46:31.804+0000: 7541: warning : xenHypervisorMakeCapabilities:2751 : Failed to get host power management capabilities
- Domain-0 weight=256 cap=0 vcpus=32
- rubbos-hvm weight=256 cap=287 vcpus=3 mac=aa:00:00:00:00:11
- rubis-hvm weight=256 cap=200 vcpus=2 mac=aa:00:00:00:00:10
New scheduling parameters:  weight=256 cap=800 vcpus=8
