Currently running VMs
2013-06-17 08:14:32.221+0000: 12073: info : libvirt version: 0.9.8
2013-06-17 08:14:32.221+0000: 12073: warning : xenHypervisorMakeCapabilities:2751 : Failed to get host power management capabilities
- Domain-0 weight=256 cap=0 vcpus=32
- rubbos-hvm weight=256 cap=0 vcpus=4 mac=aa:00:00:00:00:11
- rubis-hvm weight=256 cap=400 vcpus=4 mac=aa:00:00:00:00:10
New scheduling parameters:  weight=256 cap=400 vcpus=4
Currently running VMs
2013-06-17 08:16:13.122+0000: 12126: info : libvirt version: 0.9.8
2013-06-17 08:16:13.122+0000: 12126: warning : xenHypervisorMakeCapabilities:2751 : Failed to get host power management capabilities
- Domain-0 weight=256 cap=0 vcpus=32
- rubbos-hvm weight=256 cap=0 vcpus=4 mac=aa:00:00:00:00:11
- rubis-hvm weight=256 cap=400 vcpus=4 mac=aa:00:00:00:00:10
New scheduling parameters:  weight=256 cap=200 vcpus=2
Currently running VMs
2013-06-17 08:17:54.030+0000: 12177: info : libvirt version: 0.9.8
2013-06-17 08:17:54.030+0000: 12177: warning : xenHypervisorMakeCapabilities:2751 : Failed to get host power management capabilities
- Domain-0 weight=256 cap=0 vcpus=32
- rubbos-hvm weight=256 cap=0 vcpus=4 mac=aa:00:00:00:00:11
- rubis-hvm weight=256 cap=200 vcpus=2 mac=aa:00:00:00:00:10
New scheduling parameters:  weight=256 cap=50 vcpus=1
Currently running VMs
2013-06-17 08:19:34.930+0000: 12231: info : libvirt version: 0.9.8
2013-06-17 08:19:34.930+0000: 12231: warning : xenHypervisorMakeCapabilities:2751 : Failed to get host power management capabilities
- Domain-0 weight=256 cap=0 vcpus=32
- rubbos-hvm weight=256 cap=0 vcpus=4 mac=aa:00:00:00:00:11
- rubis-hvm weight=256 cap=50 vcpus=1 mac=aa:00:00:00:00:10
New scheduling parameters:  weight=256 cap=300 vcpus=3
Currently running VMs
2013-06-17 08:21:15.864+0000: 12279: info : libvirt version: 0.9.8
2013-06-17 08:21:15.864+0000: 12279: warning : xenHypervisorMakeCapabilities:2751 : Failed to get host power management capabilities
- Domain-0 weight=256 cap=0 vcpus=32
- rubbos-hvm weight=256 cap=0 vcpus=4 mac=aa:00:00:00:00:11
- rubis-hvm weight=256 cap=300 vcpus=3 mac=aa:00:00:00:00:10
New scheduling parameters:  weight=256 cap=100 vcpus=1
Currently running VMs
2013-06-17 08:22:56.786+0000: 12327: info : libvirt version: 0.9.8
2013-06-17 08:22:56.786+0000: 12327: warning : xenHypervisorMakeCapabilities:2751 : Failed to get host power management capabilities
- Domain-0 weight=256 cap=0 vcpus=32
- rubbos-hvm weight=256 cap=0 vcpus=4 mac=aa:00:00:00:00:11
- rubis-hvm weight=256 cap=100 vcpus=1 mac=aa:00:00:00:00:10
New scheduling parameters:  weight=256 cap=200 vcpus=2
Currently running VMs
2013-06-17 08:24:37.690+0000: 12375: info : libvirt version: 0.9.8
2013-06-17 08:24:37.690+0000: 12375: warning : xenHypervisorMakeCapabilities:2751 : Failed to get host power management capabilities
- Domain-0 weight=256 cap=0 vcpus=32
- rubbos-hvm weight=256 cap=0 vcpus=4 mac=aa:00:00:00:00:11
- rubis-hvm weight=256 cap=200 vcpus=2 mac=aa:00:00:00:00:10
New scheduling parameters:  weight=256 cap=50 vcpus=1
Currently running VMs
2013-06-17 08:26:18.621+0000: 12426: info : libvirt version: 0.9.8
2013-06-17 08:26:18.621+0000: 12426: warning : xenHypervisorMakeCapabilities:2751 : Failed to get host power management capabilities
- Domain-0 weight=256 cap=0 vcpus=32
- rubbos-hvm weight=256 cap=0 vcpus=4 mac=aa:00:00:00:00:11
- rubis-hvm weight=256 cap=50 vcpus=1 mac=aa:00:00:00:00:10
New scheduling parameters:  weight=256 cap=400 vcpus=4
