Currently running VMs
2013-08-01 09:29:30.244+0000: 2749: info : libvirt version: 0.9.8
2013-08-01 09:29:30.244+0000: 2749: warning : xenHypervisorMakeCapabilities:2751 : Failed to get host power management capabilities
- Domain-0 weight=256 cap=0 vcpus=32
- rubbos-hvm weight=256 cap=287 vcpus=3 mac=aa:00:00:00:00:11
- rubis-hvm weight=256 cap=800 vcpus=8 mac=aa:00:00:00:00:10
New scheduling parameters:  weight=256 cap=800 vcpus=8
Currently running VMs
2013-08-01 09:29:41.263+0000: 2802: info : libvirt version: 0.9.8
2013-08-01 09:29:41.263+0000: 2802: warning : xenHypervisorMakeCapabilities:2751 : Failed to get host power management capabilities
- Domain-0 weight=256 cap=0 vcpus=32
- rubbos-hvm weight=256 cap=287 vcpus=3 mac=aa:00:00:00:00:11
- rubis-hvm weight=256 cap=800 vcpus=8 mac=aa:00:00:00:00:10
New scheduling parameters:  weight=256 cap=250 vcpus=3
Currently running VMs
2013-08-01 09:31:22.227+0000: 3046: info : libvirt version: 0.9.8
2013-08-01 09:31:22.227+0000: 3046: warning : xenHypervisorMakeCapabilities:2751 : Failed to get host power management capabilities
- Domain-0 weight=256 cap=0 vcpus=31
- rubbos-hvm weight=256 cap=287 vcpus=3 mac=aa:00:00:00:00:11
- rubis-hvm weight=256 cap=250 vcpus=3 mac=aa:00:00:00:00:10
New scheduling parameters:  weight=256 cap=75 vcpus=1
Currently running VMs
2013-08-01 09:33:03.117+0000: 3094: info : libvirt version: 0.9.8
2013-08-01 09:33:03.117+0000: 3094: warning : xenHypervisorMakeCapabilities:2751 : Failed to get host power management capabilities
- Domain-0 weight=256 cap=0 vcpus=32
- rubbos-hvm weight=256 cap=287 vcpus=3 mac=aa:00:00:00:00:11
- rubis-hvm weight=256 cap=75 vcpus=1 mac=aa:00:00:00:00:10
New scheduling parameters:  weight=256 cap=125 vcpus=2
Currently running VMs
2013-08-01 09:34:44.075+0000: 3144: info : libvirt version: 0.9.8
2013-08-01 09:34:44.075+0000: 3144: warning : xenHypervisorMakeCapabilities:2751 : Failed to get host power management capabilities
- Domain-0 weight=256 cap=0 vcpus=32
- rubbos-hvm weight=256 cap=287 vcpus=3 mac=aa:00:00:00:00:11
- rubis-hvm weight=256 cap=125 vcpus=2 mac=aa:00:00:00:00:10
New scheduling parameters:  weight=256 cap=85 vcpus=1
Currently running VMs
2013-08-01 09:36:24.980+0000: 3197: info : libvirt version: 0.9.8
2013-08-01 09:36:24.980+0000: 3197: warning : xenHypervisorMakeCapabilities:2751 : Failed to get host power management capabilities
- Domain-0 weight=256 cap=0 vcpus=32
- rubbos-hvm weight=256 cap=287 vcpus=3 mac=aa:00:00:00:00:11
- rubis-hvm weight=256 cap=85 vcpus=2 mac=aa:00:00:00:00:10
New scheduling parameters:  weight=256 cap=650 vcpus=7
Currently running VMs
2013-08-01 09:38:05.911+0000: 3245: info : libvirt version: 0.9.8
2013-08-01 09:38:05.911+0000: 3245: warning : xenHypervisorMakeCapabilities:2751 : Failed to get host power management capabilities
- Domain-0 weight=256 cap=0 vcpus=32
- rubbos-hvm weight=256 cap=287 vcpus=3 mac=aa:00:00:00:00:11
- rubis-hvm weight=256 cap=650 vcpus=2 mac=aa:00:00:00:00:10
New scheduling parameters:  weight=256 cap=575 vcpus=6
Currently running VMs
2013-08-01 09:39:46.896+0000: 3294: info : libvirt version: 0.9.8
2013-08-01 09:39:46.896+0000: 3294: warning : xenHypervisorMakeCapabilities:2751 : Failed to get host power management capabilities
- Domain-0 weight=256 cap=0 vcpus=32
- rubbos-hvm weight=256 cap=287 vcpus=3 mac=aa:00:00:00:00:11
- rubis-hvm weight=256 cap=575 vcpus=2 mac=aa:00:00:00:00:10
New scheduling parameters:  weight=256 cap=275 vcpus=3
Currently running VMs
2013-08-01 09:41:27.832+0000: 3400: info : libvirt version: 0.9.8
2013-08-01 09:41:27.832+0000: 3400: warning : xenHypervisorMakeCapabilities:2751 : Failed to get host power management capabilities
- Domain-0 weight=256 cap=0 vcpus=32
- rubbos-hvm weight=256 cap=287 vcpus=3 mac=aa:00:00:00:00:11
- rubis-hvm weight=256 cap=275 vcpus=2 mac=aa:00:00:00:00:10
New scheduling parameters:  weight=256 cap=750 vcpus=8
Currently running VMs
2013-08-01 09:43:08.826+0000: 3547: info : libvirt version: 0.9.8
2013-08-01 09:43:08.826+0000: 3547: warning : xenHypervisorMakeCapabilities:2751 : Failed to get host power management capabilities
- Domain-0 weight=256 cap=0 vcpus=32
- rubbos-hvm weight=256 cap=287 vcpus=3 mac=aa:00:00:00:00:11
- rubis-hvm weight=256 cap=750 vcpus=2 mac=aa:00:00:00:00:10
New scheduling parameters:  weight=256 cap=75 vcpus=1
Currently running VMs
2013-08-01 09:44:49.772+0000: 3595: info : libvirt version: 0.9.8
2013-08-01 09:44:49.772+0000: 3595: warning : xenHypervisorMakeCapabilities:2751 : Failed to get host power management capabilities
- Domain-0 weight=256 cap=0 vcpus=32
- rubbos-hvm weight=256 cap=287 vcpus=3 mac=aa:00:00:00:00:11
- rubis-hvm weight=256 cap=75 vcpus=2 mac=aa:00:00:00:00:10
New scheduling parameters:  weight=256 cap=375 vcpus=4
Currently running VMs
2013-08-01 09:46:30.731+0000: 3646: info : libvirt version: 0.9.8
2013-08-01 09:46:30.731+0000: 3646: warning : xenHypervisorMakeCapabilities:2751 : Failed to get host power management capabilities
- Domain-0 weight=256 cap=0 vcpus=32
- rubbos-hvm weight=256 cap=287 vcpus=3 mac=aa:00:00:00:00:11
- rubis-hvm weight=256 cap=375 vcpus=2 mac=aa:00:00:00:00:10
New scheduling parameters:  weight=256 cap=800 vcpus=8
