Currently running VMs
2013-07-25 07:46:34.900+0000: 7606: info : libvirt version: 0.9.8
2013-07-25 07:46:34.900+0000: 7606: warning : xenHypervisorMakeCapabilities:2751 : Failed to get host power management capabilities
- Domain-0 weight=256 cap=0 vcpus=32
- rubbos-hvm weight=256 cap=287 vcpus=3 mac=aa:00:00:00:00:11
- rubis-hvm weight=256 cap=800 vcpus=8 mac=aa:00:00:00:00:10
New scheduling parameters:  weight=256 cap=800 vcpus=8
Currently running VMs
2013-07-25 07:46:45.880+0000: 7657: info : libvirt version: 0.9.8
2013-07-25 07:46:45.880+0000: 7657: warning : xenHypervisorMakeCapabilities:2751 : Failed to get host power management capabilities
- Domain-0 weight=256 cap=0 vcpus=32
- rubbos-hvm weight=256 cap=287 vcpus=3 mac=aa:00:00:00:00:11
- rubis-hvm weight=256 cap=800 vcpus=8 mac=aa:00:00:00:00:10
New scheduling parameters:  weight=256 cap=400 vcpus=4
Currently running VMs
2013-07-25 07:46:56.823+0000: 7805: info : libvirt version: 0.9.8
2013-07-25 07:46:56.823+0000: 7805: warning : xenHypervisorMakeCapabilities:2751 : Failed to get host power management capabilities
- Domain-0 weight=256 cap=0 vcpus=32
- rubbos-hvm weight=256 cap=287 vcpus=3 mac=aa:00:00:00:00:11
- rubis-hvm weight=256 cap=400 vcpus=4 mac=aa:00:00:00:00:10
New scheduling parameters:  weight=256 cap=450 vcpus=5
Currently running VMs
2013-07-25 07:47:07.755+0000: 7853: info : libvirt version: 0.9.8
2013-07-25 07:47:07.755+0000: 7853: warning : xenHypervisorMakeCapabilities:2751 : Failed to get host power management capabilities
- Domain-0 weight=256 cap=0 vcpus=32
- rubbos-hvm weight=256 cap=287 vcpus=3 mac=aa:00:00:00:00:11
- rubis-hvm weight=256 cap=450 vcpus=5 mac=aa:00:00:00:00:10
New scheduling parameters:  weight=256 cap=450 vcpus=5
Currently running VMs
2013-07-25 07:47:18.619+0000: 7902: info : libvirt version: 0.9.8
2013-07-25 07:47:18.619+0000: 7902: warning : xenHypervisorMakeCapabilities:2751 : Failed to get host power management capabilities
- Domain-0 weight=256 cap=0 vcpus=32
- rubbos-hvm weight=256 cap=287 vcpus=3 mac=aa:00:00:00:00:11
- rubis-hvm weight=256 cap=450 vcpus=5 mac=aa:00:00:00:00:10
New scheduling parameters:  weight=256 cap=400 vcpus=4
Currently running VMs
2013-07-25 07:47:29.571+0000: 7950: info : libvirt version: 0.9.8
2013-07-25 07:47:29.571+0000: 7950: warning : xenHypervisorMakeCapabilities:2751 : Failed to get host power management capabilities
- Domain-0 weight=256 cap=0 vcpus=32
- rubbos-hvm weight=256 cap=287 vcpus=3 mac=aa:00:00:00:00:11
- rubis-hvm weight=256 cap=400 vcpus=4 mac=aa:00:00:00:00:10
New scheduling parameters:  weight=256 cap=450 vcpus=5
Currently running VMs
2013-07-25 07:47:40.531+0000: 7999: info : libvirt version: 0.9.8
2013-07-25 07:47:40.531+0000: 7999: warning : xenHypervisorMakeCapabilities:2751 : Failed to get host power management capabilities
- Domain-0 weight=256 cap=0 vcpus=32
- rubbos-hvm weight=256 cap=287 vcpus=3 mac=aa:00:00:00:00:11
- rubis-hvm weight=256 cap=450 vcpus=5 mac=aa:00:00:00:00:10
New scheduling parameters:  weight=256 cap=400 vcpus=4
Currently running VMs
2013-07-25 07:47:51.555+0000: 8047: info : libvirt version: 0.9.8
2013-07-25 07:47:51.555+0000: 8047: warning : xenHypervisorMakeCapabilities:2751 : Failed to get host power management capabilities
- Domain-0 weight=256 cap=0 vcpus=32
- rubbos-hvm weight=256 cap=287 vcpus=3 mac=aa:00:00:00:00:11
- rubis-hvm weight=256 cap=400 vcpus=4 mac=aa:00:00:00:00:10
New scheduling parameters:  weight=256 cap=350 vcpus=4
Currently running VMs
2013-07-25 07:48:02.501+0000: 8096: info : libvirt version: 0.9.8
2013-07-25 07:48:02.501+0000: 8096: warning : xenHypervisorMakeCapabilities:2751 : Failed to get host power management capabilities
- Domain-0 weight=256 cap=0 vcpus=32
- rubbos-hvm weight=256 cap=287 vcpus=3 mac=aa:00:00:00:00:11
- rubis-hvm weight=256 cap=350 vcpus=4 mac=aa:00:00:00:00:10
New scheduling parameters:  weight=256 cap=350 vcpus=4
Currently running VMs
2013-07-25 07:48:13.440+0000: 8144: info : libvirt version: 0.9.8
2013-07-25 07:48:13.440+0000: 8144: warning : xenHypervisorMakeCapabilities:2751 : Failed to get host power management capabilities
- Domain-0 weight=256 cap=0 vcpus=32
- rubbos-hvm weight=256 cap=287 vcpus=3 mac=aa:00:00:00:00:11
- rubis-hvm weight=256 cap=350 vcpus=4 mac=aa:00:00:00:00:10
New scheduling parameters:  weight=256 cap=450 vcpus=5
Currently running VMs
2013-07-25 07:48:24.387+0000: 8193: info : libvirt version: 0.9.8
2013-07-25 07:48:24.387+0000: 8193: warning : xenHypervisorMakeCapabilities:2751 : Failed to get host power management capabilities
- Domain-0 weight=256 cap=0 vcpus=32
- rubbos-hvm weight=256 cap=287 vcpus=3 mac=aa:00:00:00:00:11
- rubis-hvm weight=256 cap=450 vcpus=5 mac=aa:00:00:00:00:10
New scheduling parameters:  weight=256 cap=400 vcpus=4
Currently running VMs
2013-07-25 07:48:35.371+0000: 8241: info : libvirt version: 0.9.8
2013-07-25 07:48:35.371+0000: 8241: warning : xenHypervisorMakeCapabilities:2751 : Failed to get host power management capabilities
- Domain-0 weight=256 cap=0 vcpus=32
- rubbos-hvm weight=256 cap=287 vcpus=3 mac=aa:00:00:00:00:11
- rubis-hvm weight=256 cap=400 vcpus=4 mac=aa:00:00:00:00:10
New scheduling parameters:  weight=256 cap=800 vcpus=8
