Currently running VMs
2013-07-25 08:48:21.201+0000: 28556: info : libvirt version: 0.9.8
2013-07-25 08:48:21.201+0000: 28556: warning : xenHypervisorMakeCapabilities:2751 : Failed to get host power management capabilities
- Domain-0 weight=256 cap=0 vcpus=32
- rubbos-hvm weight=256 cap=287 vcpus=3 mac=aa:00:00:00:00:11
- rubis-hvm weight=256 cap=800 vcpus=8 mac=aa:00:00:00:00:10
New scheduling parameters:  weight=256 cap=800 vcpus=8
Currently running VMs
2013-07-25 08:48:32.171+0000: 28607: info : libvirt version: 0.9.8
2013-07-25 08:48:32.171+0000: 28607: warning : xenHypervisorMakeCapabilities:2751 : Failed to get host power management capabilities
- Domain-0 weight=256 cap=0 vcpus=32
- rubbos-hvm weight=256 cap=287 vcpus=3 mac=aa:00:00:00:00:11
- rubis-hvm weight=256 cap=800 vcpus=8 mac=aa:00:00:00:00:10
New scheduling parameters:  weight=256 cap=400 vcpus=4
Currently running VMs
2013-07-25 08:48:43.133+0000: 28755: info : libvirt version: 0.9.8
2013-07-25 08:48:43.133+0000: 28755: warning : xenHypervisorMakeCapabilities:2751 : Failed to get host power management capabilities
- Domain-0 weight=256 cap=0 vcpus=32
- rubbos-hvm weight=256 cap=287 vcpus=3 mac=aa:00:00:00:00:11
- rubis-hvm weight=256 cap=400 vcpus=4 mac=aa:00:00:00:00:10
New scheduling parameters:  weight=256 cap=450 vcpus=5
Currently running VMs
2013-07-25 08:48:54.099+0000: 28803: info : libvirt version: 0.9.8
2013-07-25 08:48:54.099+0000: 28803: warning : xenHypervisorMakeCapabilities:2751 : Failed to get host power management capabilities
- Domain-0 weight=256 cap=0 vcpus=32
- rubbos-hvm weight=256 cap=287 vcpus=3 mac=aa:00:00:00:00:11
- rubis-hvm weight=256 cap=450 vcpus=5 mac=aa:00:00:00:00:10
New scheduling parameters:  weight=256 cap=450 vcpus=5
Currently running VMs
2013-07-25 08:49:05.039+0000: 28851: info : libvirt version: 0.9.8
2013-07-25 08:49:05.039+0000: 28851: warning : xenHypervisorMakeCapabilities:2751 : Failed to get host power management capabilities
- Domain-0 weight=256 cap=0 vcpus=32
- rubbos-hvm weight=256 cap=287 vcpus=3 mac=aa:00:00:00:00:11
- rubis-hvm weight=256 cap=450 vcpus=5 mac=aa:00:00:00:00:10
New scheduling parameters:  weight=256 cap=400 vcpus=4
Currently running VMs
2013-07-25 08:49:15.976+0000: 28899: info : libvirt version: 0.9.8
2013-07-25 08:49:15.976+0000: 28899: warning : xenHypervisorMakeCapabilities:2751 : Failed to get host power management capabilities
- Domain-0 weight=256 cap=0 vcpus=32
- rubbos-hvm weight=256 cap=287 vcpus=3 mac=aa:00:00:00:00:11
- rubis-hvm weight=256 cap=400 vcpus=4 mac=aa:00:00:00:00:10
New scheduling parameters:  weight=256 cap=450 vcpus=5
Currently running VMs
2013-07-25 08:49:26.882+0000: 28947: info : libvirt version: 0.9.8
2013-07-25 08:49:26.882+0000: 28947: warning : xenHypervisorMakeCapabilities:2751 : Failed to get host power management capabilities
- Domain-0 weight=256 cap=0 vcpus=32
- rubbos-hvm weight=256 cap=287 vcpus=3 mac=aa:00:00:00:00:11
- rubis-hvm weight=256 cap=450 vcpus=5 mac=aa:00:00:00:00:10
New scheduling parameters:  weight=256 cap=400 vcpus=4
Currently running VMs
2013-07-25 08:49:37.846+0000: 28995: info : libvirt version: 0.9.8
2013-07-25 08:49:37.846+0000: 28995: warning : xenHypervisorMakeCapabilities:2751 : Failed to get host power management capabilities
- Domain-0 weight=256 cap=0 vcpus=32
- rubbos-hvm weight=256 cap=287 vcpus=3 mac=aa:00:00:00:00:11
- rubis-hvm weight=256 cap=400 vcpus=4 mac=aa:00:00:00:00:10
New scheduling parameters:  weight=256 cap=350 vcpus=4
Currently running VMs
2013-07-25 08:49:48.771+0000: 29043: info : libvirt version: 0.9.8
2013-07-25 08:49:48.771+0000: 29043: warning : xenHypervisorMakeCapabilities:2751 : Failed to get host power management capabilities
- Domain-0 weight=256 cap=0 vcpus=32
- rubbos-hvm weight=256 cap=287 vcpus=3 mac=aa:00:00:00:00:11
- rubis-hvm weight=256 cap=350 vcpus=4 mac=aa:00:00:00:00:10
New scheduling parameters:  weight=256 cap=350 vcpus=4
Currently running VMs
2013-07-25 08:49:59.728+0000: 29091: info : libvirt version: 0.9.8
2013-07-25 08:49:59.728+0000: 29091: warning : xenHypervisorMakeCapabilities:2751 : Failed to get host power management capabilities
- Domain-0 weight=256 cap=0 vcpus=32
- rubbos-hvm weight=256 cap=287 vcpus=3 mac=aa:00:00:00:00:11
- rubis-hvm weight=256 cap=350 vcpus=4 mac=aa:00:00:00:00:10
New scheduling parameters:  weight=256 cap=450 vcpus=5
Currently running VMs
2013-07-25 08:50:10.644+0000: 29139: info : libvirt version: 0.9.8
2013-07-25 08:50:10.644+0000: 29139: warning : xenHypervisorMakeCapabilities:2751 : Failed to get host power management capabilities
- Domain-0 weight=256 cap=0 vcpus=32
- rubbos-hvm weight=256 cap=287 vcpus=3 mac=aa:00:00:00:00:11
- rubis-hvm weight=256 cap=450 vcpus=5 mac=aa:00:00:00:00:10
New scheduling parameters:  weight=256 cap=400 vcpus=4
Currently running VMs
2013-07-25 08:50:21.548+0000: 29187: info : libvirt version: 0.9.8
2013-07-25 08:50:21.548+0000: 29187: warning : xenHypervisorMakeCapabilities:2751 : Failed to get host power management capabilities
- Domain-0 weight=256 cap=0 vcpus=32
- rubbos-hvm weight=256 cap=287 vcpus=3 mac=aa:00:00:00:00:11
- rubis-hvm weight=256 cap=400 vcpus=4 mac=aa:00:00:00:00:10
New scheduling parameters:  weight=256 cap=800 vcpus=8
