Currently running VMs
2013-07-25 13:20:56.615+0000: 7153: info : libvirt version: 0.9.8
2013-07-25 13:20:56.615+0000: 7153: warning : xenHypervisorMakeCapabilities:2751 : Failed to get host power management capabilities
- Domain-0 weight=256 cap=0 vcpus=32
- rubbos-hvm weight=256 cap=287 vcpus=3 mac=aa:00:00:00:00:11
- rubis-hvm weight=256 cap=800 vcpus=8 mac=aa:00:00:00:00:10
New scheduling parameters:  weight=256 cap=800 vcpus=8
Currently running VMs
2013-07-25 13:21:07.532+0000: 7204: info : libvirt version: 0.9.8
2013-07-25 13:21:07.532+0000: 7204: warning : xenHypervisorMakeCapabilities:2751 : Failed to get host power management capabilities
- Domain-0 weight=256 cap=0 vcpus=32
- rubbos-hvm weight=256 cap=287 vcpus=3 mac=aa:00:00:00:00:11
- rubis-hvm weight=256 cap=800 vcpus=8 mac=aa:00:00:00:00:10
New scheduling parameters:  weight=256 cap=200 vcpus=2
Currently running VMs
2013-07-25 13:22:48.500+0000: 7353: info : libvirt version: 0.9.8
2013-07-25 13:22:48.500+0000: 7353: warning : xenHypervisorMakeCapabilities:2751 : Failed to get host power management capabilities
- Domain-0 weight=256 cap=0 vcpus=32
- rubbos-hvm weight=256 cap=287 vcpus=3 mac=aa:00:00:00:00:11
- rubis-hvm weight=256 cap=200 vcpus=2 mac=aa:00:00:00:00:10
New scheduling parameters:  weight=256 cap=800 vcpus=8
