Currently running VMs
2013-07-25 22:06:29.227+0000: 28704: info : libvirt version: 0.9.8
2013-07-25 22:06:29.227+0000: 28704: warning : xenHypervisorMakeCapabilities:2751 : Failed to get host power management capabilities
- Domain-0 weight=256 cap=0 vcpus=32
- rubbos-hvm weight=256 cap=287 vcpus=3 mac=aa:00:00:00:00:11
- rubis-hvm weight=256 cap=800 vcpus=8 mac=aa:00:00:00:00:10
New scheduling parameters:  weight=256 cap=800 vcpus=8
Currently running VMs
2013-07-25 22:06:40.179+0000: 28755: info : libvirt version: 0.9.8
2013-07-25 22:06:40.179+0000: 28755: warning : xenHypervisorMakeCapabilities:2751 : Failed to get host power management capabilities
- Domain-0 weight=256 cap=0 vcpus=32
- rubbos-hvm weight=256 cap=287 vcpus=3 mac=aa:00:00:00:00:11
- rubis-hvm weight=256 cap=800 vcpus=8 mac=aa:00:00:00:00:10
New scheduling parameters:  weight=256 cap=675 vcpus=7
Currently running VMs
2013-07-25 22:08:21.129+0000: 28903: info : libvirt version: 0.9.8
2013-07-25 22:08:21.129+0000: 28903: warning : xenHypervisorMakeCapabilities:2751 : Failed to get host power management capabilities
- Domain-0 weight=256 cap=0 vcpus=32
- rubbos-hvm weight=256 cap=287 vcpus=3 mac=aa:00:00:00:00:11
- rubis-hvm weight=256 cap=675 vcpus=7 mac=aa:00:00:00:00:10
New scheduling parameters:  weight=256 cap=475 vcpus=5
Currently running VMs
2013-07-25 22:10:02.063+0000: 28951: info : libvirt version: 0.9.8
2013-07-25 22:10:02.063+0000: 28951: warning : xenHypervisorMakeCapabilities:2751 : Failed to get host power management capabilities
- Domain-0 weight=256 cap=0 vcpus=32
- rubbos-hvm weight=256 cap=287 vcpus=3 mac=aa:00:00:00:00:11
- rubis-hvm weight=256 cap=475 vcpus=5 mac=aa:00:00:00:00:10
New scheduling parameters:  weight=256 cap=450 vcpus=5
Currently running VMs
2013-07-25 22:11:43.051+0000: 28999: info : libvirt version: 0.9.8
2013-07-25 22:11:43.051+0000: 28999: warning : xenHypervisorMakeCapabilities:2751 : Failed to get host power management capabilities
- Domain-0 weight=256 cap=0 vcpus=32
- rubbos-hvm weight=256 cap=287 vcpus=3 mac=aa:00:00:00:00:11
- rubis-hvm weight=256 cap=450 vcpus=5 mac=aa:00:00:00:00:10
New scheduling parameters:  weight=256 cap=775 vcpus=8
Currently running VMs
2013-07-25 22:13:23.929+0000: 29047: info : libvirt version: 0.9.8
2013-07-25 22:13:23.929+0000: 29047: warning : xenHypervisorMakeCapabilities:2751 : Failed to get host power management capabilities
- Domain-0 weight=256 cap=0 vcpus=32
- rubbos-hvm weight=256 cap=287 vcpus=3 mac=aa:00:00:00:00:11
- rubis-hvm weight=256 cap=775 vcpus=8 mac=aa:00:00:00:00:10
New scheduling parameters:  weight=256 cap=750 vcpus=8
Currently running VMs
2013-07-25 22:15:04.904+0000: 29098: info : libvirt version: 0.9.8
2013-07-25 22:15:04.904+0000: 29098: warning : xenHypervisorMakeCapabilities:2751 : Failed to get host power management capabilities
- Domain-0 weight=256 cap=0 vcpus=32
- rubbos-hvm weight=256 cap=287 vcpus=3 mac=aa:00:00:00:00:11
- rubis-hvm weight=256 cap=750 vcpus=8 mac=aa:00:00:00:00:10
New scheduling parameters:  weight=256 cap=600 vcpus=6
Currently running VMs
2013-07-25 22:16:45.843+0000: 29146: info : libvirt version: 0.9.8
2013-07-25 22:16:45.843+0000: 29146: warning : xenHypervisorMakeCapabilities:2751 : Failed to get host power management capabilities
- Domain-0 weight=256 cap=0 vcpus=32
- rubbos-hvm weight=256 cap=287 vcpus=3 mac=aa:00:00:00:00:11
- rubis-hvm weight=256 cap=600 vcpus=6 mac=aa:00:00:00:00:10
New scheduling parameters:  weight=256 cap=500 vcpus=5
Currently running VMs
2013-07-25 22:18:26.764+0000: 29197: info : libvirt version: 0.9.8
2013-07-25 22:18:26.764+0000: 29197: warning : xenHypervisorMakeCapabilities:2751 : Failed to get host power management capabilities
- Domain-0 weight=256 cap=0 vcpus=32
- rubbos-hvm weight=256 cap=287 vcpus=3 mac=aa:00:00:00:00:11
- rubis-hvm weight=256 cap=500 vcpus=5 mac=aa:00:00:00:00:10
New scheduling parameters:  weight=256 cap=325 vcpus=4
Currently running VMs
2013-07-25 22:20:07.694+0000: 29245: info : libvirt version: 0.9.8
2013-07-25 22:20:07.694+0000: 29245: warning : xenHypervisorMakeCapabilities:2751 : Failed to get host power management capabilities
- Domain-0 weight=256 cap=0 vcpus=32
- rubbos-hvm weight=256 cap=287 vcpus=3 mac=aa:00:00:00:00:11
- rubis-hvm weight=256 cap=325 vcpus=4 mac=aa:00:00:00:00:10
New scheduling parameters:  weight=256 cap=475 vcpus=5
Currently running VMs
2013-07-25 22:21:48.623+0000: 29293: info : libvirt version: 0.9.8
2013-07-25 22:21:48.623+0000: 29293: warning : xenHypervisorMakeCapabilities:2751 : Failed to get host power management capabilities
- Domain-0 weight=256 cap=0 vcpus=32
- rubbos-hvm weight=256 cap=287 vcpus=3 mac=aa:00:00:00:00:11
- rubis-hvm weight=256 cap=475 vcpus=5 mac=aa:00:00:00:00:10
New scheduling parameters:  weight=256 cap=100 vcpus=1
Currently running VMs
2013-07-25 22:23:29.595+0000: 29341: info : libvirt version: 0.9.8
2013-07-25 22:23:29.595+0000: 29341: warning : xenHypervisorMakeCapabilities:2751 : Failed to get host power management capabilities
- Domain-0 weight=256 cap=0 vcpus=32
- rubbos-hvm weight=256 cap=287 vcpus=3 mac=aa:00:00:00:00:11
- rubis-hvm weight=256 cap=100 vcpus=1 mac=aa:00:00:00:00:10
New scheduling parameters:  weight=256 cap=800 vcpus=8
