Currently running VMs
2013-08-01 07:07:33.681+0000: 29183: info : libvirt version: 0.9.8
2013-08-01 07:07:33.681+0000: 29183: warning : xenHypervisorMakeCapabilities:2751 : Failed to get host power management capabilities
- Domain-0 weight=256 cap=0 vcpus=32
- rubbos-hvm weight=256 cap=287 vcpus=3 mac=aa:00:00:00:00:11
- rubis-hvm weight=256 cap=800 vcpus=8 mac=aa:00:00:00:00:10
New scheduling parameters:  weight=256 cap=800 vcpus=8
Currently running VMs
2013-08-01 07:07:44.706+0000: 29234: info : libvirt version: 0.9.8
2013-08-01 07:07:44.706+0000: 29234: warning : xenHypervisorMakeCapabilities:2751 : Failed to get host power management capabilities
- Domain-0 weight=256 cap=0 vcpus=32
- rubbos-hvm weight=256 cap=287 vcpus=3 mac=aa:00:00:00:00:11
- rubis-hvm weight=256 cap=800 vcpus=8 mac=aa:00:00:00:00:10
New scheduling parameters:  weight=256 cap=675 vcpus=7
Currently running VMs
2013-08-01 07:09:25.635+0000: 29382: info : libvirt version: 0.9.8
2013-08-01 07:09:25.635+0000: 29382: warning : xenHypervisorMakeCapabilities:2751 : Failed to get host power management capabilities
- Domain-0 weight=256 cap=0 vcpus=32
- rubbos-hvm weight=256 cap=287 vcpus=3 mac=aa:00:00:00:00:11
- rubis-hvm weight=256 cap=675 vcpus=7 mac=aa:00:00:00:00:10
New scheduling parameters:  weight=256 cap=475 vcpus=5
Currently running VMs
2013-08-01 07:11:06.525+0000: 29432: info : libvirt version: 0.9.8
2013-08-01 07:11:06.525+0000: 29432: warning : xenHypervisorMakeCapabilities:2751 : Failed to get host power management capabilities
- Domain-0 weight=256 cap=0 vcpus=32
- rubbos-hvm weight=256 cap=287 vcpus=3 mac=aa:00:00:00:00:11
- rubis-hvm weight=256 cap=475 vcpus=5 mac=aa:00:00:00:00:10
New scheduling parameters:  weight=256 cap=450 vcpus=5
Currently running VMs
2013-08-01 07:12:47.472+0000: 29480: info : libvirt version: 0.9.8
2013-08-01 07:12:47.472+0000: 29480: warning : xenHypervisorMakeCapabilities:2751 : Failed to get host power management capabilities
- Domain-0 weight=256 cap=0 vcpus=32
- rubbos-hvm weight=256 cap=287 vcpus=3 mac=aa:00:00:00:00:11
- rubis-hvm weight=256 cap=450 vcpus=5 mac=aa:00:00:00:00:10
New scheduling parameters:  weight=256 cap=775 vcpus=8
Currently running VMs
2013-08-01 07:14:28.413+0000: 29528: info : libvirt version: 0.9.8
2013-08-01 07:14:28.413+0000: 29528: warning : xenHypervisorMakeCapabilities:2751 : Failed to get host power management capabilities
- Domain-0 weight=256 cap=0 vcpus=32
- rubbos-hvm weight=256 cap=287 vcpus=3 mac=aa:00:00:00:00:11
- rubis-hvm weight=256 cap=775 vcpus=8 mac=aa:00:00:00:00:10
New scheduling parameters:  weight=256 cap=750 vcpus=8
Currently running VMs
2013-08-01 07:16:09.303+0000: 29579: info : libvirt version: 0.9.8
2013-08-01 07:16:09.303+0000: 29579: warning : xenHypervisorMakeCapabilities:2751 : Failed to get host power management capabilities
- Domain-0 weight=256 cap=0 vcpus=32
- rubbos-hvm weight=256 cap=287 vcpus=3 mac=aa:00:00:00:00:11
- rubis-hvm weight=256 cap=750 vcpus=8 mac=aa:00:00:00:00:10
New scheduling parameters:  weight=256 cap=600 vcpus=6
Currently running VMs
2013-08-01 07:17:50.267+0000: 29630: info : libvirt version: 0.9.8
2013-08-01 07:17:50.267+0000: 29630: warning : xenHypervisorMakeCapabilities:2751 : Failed to get host power management capabilities
- Domain-0 weight=256 cap=0 vcpus=32
- rubbos-hvm weight=256 cap=287 vcpus=3 mac=aa:00:00:00:00:11
- rubis-hvm weight=256 cap=600 vcpus=6 mac=aa:00:00:00:00:10
New scheduling parameters:  weight=256 cap=500 vcpus=5
Currently running VMs
2013-08-01 07:19:31.210+0000: 29678: info : libvirt version: 0.9.8
2013-08-01 07:19:31.210+0000: 29678: warning : xenHypervisorMakeCapabilities:2751 : Failed to get host power management capabilities
- Domain-0 weight=256 cap=0 vcpus=32
- rubbos-hvm weight=256 cap=287 vcpus=3 mac=aa:00:00:00:00:11
- rubis-hvm weight=256 cap=500 vcpus=5 mac=aa:00:00:00:00:10
New scheduling parameters:  weight=256 cap=325 vcpus=4
Currently running VMs
2013-08-01 07:21:12.188+0000: 29726: info : libvirt version: 0.9.8
2013-08-01 07:21:12.188+0000: 29726: warning : xenHypervisorMakeCapabilities:2751 : Failed to get host power management capabilities
- Domain-0 weight=256 cap=0 vcpus=32
- rubbos-hvm weight=256 cap=287 vcpus=3 mac=aa:00:00:00:00:11
- rubis-hvm weight=256 cap=325 vcpus=4 mac=aa:00:00:00:00:10
New scheduling parameters:  weight=256 cap=475 vcpus=5
Currently running VMs
2013-08-01 07:22:53.144+0000: 29774: info : libvirt version: 0.9.8
2013-08-01 07:22:53.144+0000: 29774: warning : xenHypervisorMakeCapabilities:2751 : Failed to get host power management capabilities
- Domain-0 weight=256 cap=0 vcpus=32
- rubbos-hvm weight=256 cap=287 vcpus=3 mac=aa:00:00:00:00:11
- rubis-hvm weight=256 cap=475 vcpus=5 mac=aa:00:00:00:00:10
New scheduling parameters:  weight=256 cap=100 vcpus=1
Currently running VMs
2013-08-01 07:24:34.074+0000: 29822: info : libvirt version: 0.9.8
2013-08-01 07:24:34.074+0000: 29822: warning : xenHypervisorMakeCapabilities:2751 : Failed to get host power management capabilities
- Domain-0 weight=256 cap=0 vcpus=32
- rubbos-hvm weight=256 cap=287 vcpus=3 mac=aa:00:00:00:00:11
- rubis-hvm weight=256 cap=100 vcpus=1 mac=aa:00:00:00:00:10
New scheduling parameters:  weight=256 cap=800 vcpus=8
