[1371490183.904651] latency=nan:nan:nan:nan:nan:(-nan)ms throughput=0rps rr=-nan% cr=-nan% errors=0 total=0
[1371490184.908677] latency=nan:nan:nan:nan:nan:(-nan)ms throughput=0rps rr=-nan% cr=-nan% errors=0 total=0
[1371490185.912645] latency=nan:nan:nan:nan:nan:(-nan)ms throughput=0rps rr=-nan% cr=-nan% errors=0 total=0
[1371490186.916670] latency=nan:nan:nan:nan:nan:(-nan)ms throughput=0rps rr=-nan% cr=-nan% errors=0 total=0
[1371490187.920621] latency=nan:nan:nan:nan:nan:(-nan)ms throughput=0rps rr=-nan% cr=-nan% errors=0 total=0
[1371490188.924643] latency=nan:nan:nan:nan:nan:(-nan)ms throughput=0rps rr=-nan% cr=-nan% errors=0 total=0
[1371490189.928653] latency=nan:nan:nan:nan:nan:(-nan)ms throughput=0rps rr=-nan% cr=-nan% errors=0 total=0
[1371490190.932637] latency=nan:nan:nan:nan:nan:(-nan)ms throughput=0rps rr=-nan% cr=-nan% errors=0 total=0
[1371490191.936643] latency=nan:nan:nan:nan:nan:(-nan)ms throughput=0rps rr=-nan% cr=-nan% errors=0 total=0
[1371490192.940674] latency=nan:nan:nan:nan:nan:(-nan)ms throughput=0rps rr=-nan% cr=-nan% errors=0 total=0
[1371490193.944655] latency=nan:nan:nan:nan:nan:(-nan)ms throughput=0rps rr=-nan% cr=-nan% errors=0 total=0
[1371490193.944888] cannot parse key-value 'start'
[1371490193.945025] set thinktime=3.000000
[1371490193.945088] set concurrency=100
[1371490194.996690] latency=5:7:80:184:377:(111)ms throughput=32rps rr=70.59% cr=0.00% errors=0 total=34
[1371490196.000656] latency=4:5:6:78:186:(43)ms throughput=31rps rr=35.48% cr=0.00% errors=0 total=65
[1371490197.004678] latency=4:6:36:149:298:(76)ms throughput=35rps rr=62.86% cr=0.00% errors=0 total=100
[1371490198.008647] latency=4:9:64:255:364:(128)ms throughput=23rps rr=65.22% cr=0.00% errors=0 total=123
[1371490199.012667] latency=3:10:256:466:670:(277)ms throughput=31rps rr=83.87% cr=0.00% errors=0 total=154
[1371490200.016653] latency=4:39:300:425:602:(275)ms throughput=26rps rr=84.62% cr=0.00% errors=0 total=180
[1371490201.020658] latency=4:284:527:755:1250:(530)ms throughput=28rps rr=82.14% cr=0.00% errors=0 total=208
[1371490202.024644] latency=4:7:222:363:1105:(253)ms throughput=43rps rr=79.07% cr=0.00% errors=0 total=251
[1371490203.028663] latency=3:8:90:248:311:(127)ms throughput=32rps rr=71.88% cr=0.00% errors=0 total=283
[1371490204.032645] latency=3:13:89:185:299:(104)ms throughput=32rps rr=71.88% cr=0.00% errors=0 total=315
[1371490205.036681] latency=4:9:89:170:292:(104)ms throughput=28rps rr=67.86% cr=0.00% errors=0 total=343
[1371490206.040680] latency=4:5:7:117:198:(58)ms throughput=32rps rr=43.75% cr=0.00% errors=0 total=375
[1371490207.044664] latency=3:5:18:111:260:(62)ms throughput=32rps rr=46.88% cr=0.00% errors=0 total=407
[1371490208.048642] latency=3:6:9:223:436:(106)ms throughput=38rps rr=50.00% cr=0.00% errors=0 total=445
[1371490209.052661] latency=5:5:6:118:218:(61)ms throughput=25rps rr=52.00% cr=0.00% errors=0 total=470
[1371490210.056643] latency=4:6:91:192:373:(115)ms throughput=36rps rr=66.67% cr=0.00% errors=0 total=506
[1371490211.060675] latency=4:5:17:141:415:(100)ms throughput=29rps rr=51.72% cr=0.00% errors=0 total=535
[1371490212.064647] latency=4:5:74:242:651:(162)ms throughput=35rps rr=57.14% cr=0.00% errors=0 total=570
[1371490213.068662] latency=4:8:166:238:485:(157)ms throughput=33rps rr=69.70% cr=0.00% errors=0 total=603
[1371490214.072646] latency=3:6:69:159:521:(110)ms throughput=47rps rr=55.32% cr=0.00% errors=0 total=650
[1371490215.076659] latency=5:73:158:317:446:(200)ms throughput=33rps rr=84.85% cr=0.00% errors=0 total=683
[1371490216.080643] latency=4:6:26:153:277:(83)ms throughput=34rps rr=76.47% cr=0.00% errors=0 total=717
[1371490217.084665] latency=4:7:105:192:321:(105)ms throughput=33rps rr=66.67% cr=0.00% errors=0 total=750
[1371490218.088645] latency=4:15:140:309:486:(186)ms throughput=27rps rr=77.78% cr=0.00% errors=0 total=777
[1371490219.092656] latency=5:37:134:184:298:(128)ms throughput=26rps rr=92.31% cr=0.00% errors=0 total=803
[1371490220.096644] latency=4:137:206:352:564:(240)ms throughput=26rps rr=96.15% cr=0.00% errors=0 total=829
[1371490221.100676] latency=4:190:513:651:1004:(432)ms throughput=22rps rr=100.00% cr=0.00% errors=0 total=851
[1371490222.104645] latency=4:242:608:937:1332:(573)ms throughput=28rps rr=92.86% cr=0.00% errors=0 total=879
[1371490223.108660] latency=4:73:550:1188:1497:(622)ms throughput=37rps rr=86.49% cr=0.00% errors=0 total=916
[1371490224.112647] latency=4:157:450:840:1506:(524)ms throughput=40rps rr=85.00% cr=0.00% errors=0 total=956
[1371490225.116665] latency=4:7:249:439:1436:(315)ms throughput=39rps rr=64.10% cr=0.00% errors=0 total=995
[1371490226.120649] latency=3:5:6:144:273:(70)ms throughput=32rps rr=37.50% cr=0.00% errors=0 total=1027
[1371490227.124670] latency=5:5:5:33:189:(31)ms throughput=30rps rr=33.33% cr=0.00% errors=0 total=1057
[1371490228.128645] latency=5:5:6:48:174:(40)ms throughput=25rps rr=40.00% cr=0.00% errors=0 total=1082
[1371490229.132654] latency=5:5:8:22:177:(32)ms throughput=23rps rr=30.43% cr=0.00% errors=0 total=1105
[1371490230.136648] latency=5:5:5:7:173:(23)ms throughput=34rps rr=20.59% cr=0.00% errors=0 total=1139
[1371490231.140654] latency=5:5:6:67:206:(44)ms throughput=29rps rr=34.48% cr=0.00% errors=0 total=1168
[1371490232.144665] latency=4:5:5:8:188:(31)ms throughput=31rps rr=22.58% cr=0.00% errors=0 total=1199
[1371490233.148654] latency=5:5:6:62:192:(45)ms throughput=28rps rr=32.14% cr=0.00% errors=0 total=1227
[1371490234.152640] latency=4:5:6:31:247:(41)ms throughput=37rps rr=29.73% cr=0.00% errors=0 total=1264
[1371490235.156656] latency=4:6:92:163:247:(93)ms throughput=27rps rr=62.96% cr=0.00% errors=0 total=1291
[1371490236.160631] latency=4:5:56:153:256:(81)ms throughput=26rps rr=61.54% cr=0.00% errors=0 total=1317
[1371490237.164668] latency=4:6:16:141:276:(75)ms throughput=27rps rr=55.56% cr=0.00% errors=0 total=1344
[1371490238.168644] latency=4:29:266:417:631:(250)ms throughput=37rps rr=78.38% cr=0.00% errors=0 total=1381
[1371490239.172665] latency=5:83:154:224:314:(149)ms throughput=32rps rr=81.25% cr=0.00% errors=0 total=1413
[1371490240.176643] latency=4:110:192:279:450:(192)ms throughput=29rps rr=89.66% cr=0.00% errors=0 total=1442
[1371490241.180664] latency=4:67:140:211:355:(145)ms throughput=30rps rr=86.67% cr=0.00% errors=0 total=1472
[1371490242.184643] latency=4:14:142:187:333:(124)ms throughput=27rps rr=77.78% cr=0.00% errors=0 total=1499
[1371490243.188674] latency=4:20:108:215:282:(123)ms throughput=32rps rr=75.00% cr=0.00% errors=0 total=1531
[1371490244.192646] latency=4:59:155:281:515:(189)ms throughput=29rps rr=86.21% cr=0.00% errors=0 total=1560
[1371490245.196667] latency=4:42:77:142:245:(96)ms throughput=25rps rr=100.00% cr=0.00% errors=0 total=1585
[1371490246.200641] latency=97:253:434:589:1020:(457)ms throughput=18rps rr=100.00% cr=0.00% errors=0 total=1603
[1371490247.204691] latency=5:614:1008:1468:1676:(939)ms throughput=20rps rr=100.00% cr=0.00% errors=0 total=1623
[1371490248.208634] latency=4:79:681:1534:2390:(841)ms throughput=32rps rr=78.12% cr=0.00% errors=0 total=1655
[1371490249.212631] latency=4:11:564:1223:2092:(713)ms throughput=45rps rr=68.89% cr=0.00% errors=0 total=1700
[1371490250.216632] latency=4:5:6:297:967:(204)ms throughput=28rps rr=42.86% cr=0.00% errors=0 total=1728
[1371490251.220646] latency=4:5:6:52:132:(31)ms throughput=32rps rr=31.25% cr=0.00% errors=0 total=1760
[1371490252.224638] latency=5:5:5:6:149:(17)ms throughput=31rps rr=16.13% cr=0.00% errors=0 total=1791
[1371490253.228639] latency=5:5:5:7:124:(16)ms throughput=31rps rr=16.13% cr=0.00% errors=0 total=1822
[1371490254.232606] latency=5:5:6:8:194:(27)ms throughput=29rps rr=17.24% cr=0.00% errors=0 total=1851
[1371490255.236641] latency=4:5:6:8:182:(31)ms throughput=28rps rr=17.86% cr=0.00% errors=0 total=1879
[1371490256.240647] latency=5:5:5:6:188:(14)ms throughput=33rps rr=6.06% cr=0.00% errors=0 total=1912
[1371490257.244613] latency=5:5:6:8:153:(25)ms throughput=27rps rr=18.52% cr=0.00% errors=0 total=1939
[1371490258.248626] latency=4:5:5:7:186:(25)ms throughput=41rps rr=12.20% cr=0.00% errors=0 total=1980
[1371490259.252639] latency=5:5:6:8:236:(38)ms throughput=25rps rr=24.00% cr=0.00% errors=0 total=2005
[1371490260.256686] latency=4:5:5:16:237:(35)ms throughput=46rps rr=21.74% cr=0.00% errors=0 total=2051
[1371490261.260618] latency=4:5:6:111:249:(56)ms throughput=37rps rr=37.84% cr=0.00% errors=0 total=2088
[1371490262.264647] latency=5:5:5:35:219:(40)ms throughput=32rps rr=25.00% cr=0.00% errors=0 total=2120
[1371490263.268624] latency=5:5:5:22:167:(25)ms throughput=31rps rr=29.03% cr=0.00% errors=0 total=2151
[1371490264.272625] latency=4:5:8:99:247:(57)ms throughput=39rps rr=46.15% cr=0.00% errors=0 total=2190
[1371490265.276642] latency=4:5:6:68:209:(44)ms throughput=37rps rr=37.84% cr=0.00% errors=0 total=2227
[1371490266.280629] latency=4:5:25:138:452:(90)ms throughput=37rps rr=51.35% cr=0.00% errors=0 total=2264
[1371490267.284603] latency=4:5:36:130:286:(76)ms throughput=32rps rr=53.12% cr=0.00% errors=0 total=2296
[1371490268.288626] latency=4:6:50:149:398:(94)ms throughput=34rps rr=73.53% cr=0.00% errors=0 total=2330
[1371490269.292625] latency=4:7:77:215:378:(118)ms throughput=33rps rr=69.70% cr=0.00% errors=0 total=2363
[1371490270.296618] latency=4:111:263:399:717:(275)ms throughput=36rps rr=86.11% cr=0.00% errors=0 total=2399
[1371490271.300644] latency=4:6:89:193:284:(106)ms throughput=33rps rr=78.79% cr=0.00% errors=0 total=2432
[1371490272.304627] latency=4:15:97:193:304:(120)ms throughput=25rps rr=80.00% cr=0.00% errors=0 total=2457
[1371490273.308644] latency=4:28:132:256:490:(168)ms throughput=26rps rr=88.46% cr=0.00% errors=0 total=2483
[1371490274.312655] latency=4:12:115:169:257:(106)ms throughput=25rps rr=68.00% cr=0.00% errors=0 total=2508
[1371490275.316633] latency=22:166:294:482:610:(306)ms throughput=24rps rr=100.00% cr=0.00% errors=0 total=2532
[1371490276.321173] latency=5:345:576:703:1122:(534)ms throughput=30rps rr=96.67% cr=0.00% errors=0 total=2562
[1371490277.324634] latency=5:328:497:692:1045:(508)ms throughput=23rps rr=86.96% cr=0.00% errors=0 total=2585
[1371490278.328645] latency=7:92:392:543:999:(384)ms throughput=31rps rr=87.10% cr=0.00% errors=0 total=2616
[1371490279.332625] latency=4:47:204:395:542:(232)ms throughput=29rps rr=86.21% cr=0.00% errors=0 total=2645
[1371490280.336619] latency=4:8:89:168:252:(100)ms throughput=27rps rr=77.78% cr=0.00% errors=0 total=2672
[1371490281.340639] latency=4:5:57:214:347:(111)ms throughput=27rps rr=62.96% cr=0.00% errors=0 total=2699
[1371490282.344619] latency=4:6:75:129:278:(88)ms throughput=25rps rr=68.00% cr=0.00% errors=0 total=2724
[1371490283.348622] latency=4:6:135:280:465:(165)ms throughput=37rps rr=62.16% cr=0.00% errors=0 total=2761
[1371490284.352626] latency=5:8:65:167:220:(88)ms throughput=24rps rr=62.50% cr=0.00% errors=0 total=2785
[1371490285.356631] latency=4:8:229:304:540:(192)ms throughput=33rps rr=69.70% cr=0.00% errors=0 total=2818
[1371490286.360617] latency=4:17:145:246:604:(171)ms throughput=33rps rr=75.76% cr=0.00% errors=0 total=2851
[1371490287.364624] latency=4:5:155:259:568:(155)ms throughput=33rps rr=69.70% cr=0.00% errors=0 total=2884
[1371490288.368643] latency=4:47:234:392:752:(251)ms throughput=32rps rr=81.25% cr=0.00% errors=0 total=2916
[1371490289.372642] latency=4:69:268:479:718:(288)ms throughput=33rps rr=81.82% cr=0.00% errors=0 total=2949
[1371490290.376618] latency=4:83:220:426:714:(273)ms throughput=38rps rr=84.21% cr=0.00% errors=0 total=2987
[1371490291.380649] latency=5:86:198:283:434:(192)ms throughput=19rps rr=89.47% cr=0.00% errors=0 total=3006
[1371490292.384644] latency=4:73:268:546:719:(306)ms throughput=32rps rr=84.38% cr=0.00% errors=0 total=3038
[1371490293.388651] latency=4:37:225:630:852:(322)ms throughput=25rps rr=88.00% cr=0.00% errors=0 total=3063
[1371490294.392790] latency=12:194:687:904:1121:(593)ms throughput=25rps rr=96.00% cr=0.00% errors=0 total=3088
[1371490295.396790] latency=4:44:536:806:1098:(473)ms throughput=17rps rr=82.35% cr=0.00% errors=0 total=3105
[1371490296.400652] latency=4:35:519:1379:1948:(700)ms throughput=21rps rr=57.14% cr=0.00% errors=0 total=3126
[1371490297.404851] latency=4:25:71:1388:2832:(679)ms throughput=21rps rr=38.10% cr=0.00% errors=0 total=3147
[1371490298.408636] latency=3:21:106:1575:3723:(946)ms throughput=28rps rr=50.00% cr=0.00% errors=0 total=3175
[1371490299.412619] latency=4:6:365:2799:4424:(1258)ms throughput=38rps rr=50.00% cr=0.00% errors=0 total=3213
[1371490300.416640] latency=4:5:8:889:3995:(664)ms throughput=47rps rr=34.04% cr=0.00% errors=0 total=3260
[1371490301.420625] latency=5:5:5:7:173:(10)ms throughput=38rps rr=2.63% cr=0.00% errors=0 total=3298
[1371490302.424642] latency=4:5:5:7:179:(15)ms throughput=36rps rr=5.56% cr=0.00% errors=0 total=3334
[1371490303.428634] latency=5:5:5:6:8:(6)ms throughput=41rps rr=2.44% cr=0.00% errors=0 total=3375
[1371490304.432625] latency=4:5:5:7:90:(9)ms throughput=30rps rr=3.33% cr=0.00% errors=0 total=3405
[1371490305.436631] latency=4:5:5:6:9:(5)ms throughput=41rps rr=0.00% cr=0.00% errors=0 total=3446
[1371490306.440606] latency=4:5:5:6:168:(10)ms throughput=33rps rr=3.03% cr=0.00% errors=0 total=3479
[1371490307.444603] latency=4:5:5:6:56:(7)ms throughput=30rps rr=3.33% cr=0.00% errors=0 total=3509
[1371490308.448630] latency=5:5:5:6:9:(6)ms throughput=32rps rr=0.00% cr=0.00% errors=0 total=3541
[1371490309.452641] latency=4:5:5:5:9:(5)ms throughput=34rps rr=0.00% cr=0.00% errors=0 total=3575
[1371490310.456602] latency=5:5:5:7:144:(10)ms throughput=32rps rr=3.12% cr=0.00% errors=0 total=3607
[1371490311.460647] latency=3:5:6:7:177:(16)ms throughput=40rps rr=7.50% cr=0.00% errors=0 total=3647
[1371490312.464608] latency=5:5:6:8:193:(21)ms throughput=25rps rr=12.00% cr=0.00% errors=0 total=3672
[1371490313.468620] latency=3:5:5:7:202:(17)ms throughput=45rps rr=11.11% cr=0.00% errors=0 total=3717
[1371490314.472626] latency=4:5:5:6:193:(11)ms throughput=33rps rr=3.03% cr=0.00% errors=0 total=3750
[1371490315.476636] latency=4:5:6:8:181:(18)ms throughput=36rps rr=13.89% cr=0.00% errors=0 total=3786
[1371490316.480621] latency=3:5:5:6:180:(14)ms throughput=39rps rr=5.13% cr=0.00% errors=0 total=3825
[1371490317.484617] latency=4:5:5:8:121:(14)ms throughput=29rps rr=13.79% cr=0.00% errors=0 total=3854
[1371490318.488641] latency=3:5:6:8:213:(35)ms throughput=45rps rr=20.00% cr=0.00% errors=0 total=3899
[1371490319.492620] latency=4:5:5:6:194:(16)ms throughput=35rps rr=8.57% cr=0.00% errors=0 total=3934
[1371490320.504663] latency=4:5:5:7:212:(28)ms throughput=30rps rr=26.67% cr=0.00% errors=0 total=3964
[1371490321.508703] latency=4:5:6:56:255:(44)ms throughput=35rps rr=34.29% cr=0.00% errors=0 total=3999
[1371490322.512661] latency=4:5:6:126:331:(62)ms throughput=30rps rr=33.33% cr=0.00% errors=0 total=4029
[1371490323.516686] latency=4:5:6:53:323:(47)ms throughput=32rps rr=25.00% cr=0.00% errors=0 total=4061
[1371490324.520657] latency=4:5:8:29:185:(33)ms throughput=27rps rr=33.33% cr=0.00% errors=0 total=4088
[1371490325.524704] latency=3:5:8:102:411:(63)ms throughput=38rps rr=31.58% cr=0.00% errors=0 total=4126
[1371490326.528667] latency=4:5:107:468:891:(254)ms throughput=30rps rr=60.00% cr=0.00% errors=0 total=4156
[1371490327.532659] latency=3:5:11:341:785:(157)ms throughput=42rps rr=42.86% cr=0.00% errors=0 total=4198
[1371490328.536697] latency=3:4:8:330:672:(151)ms throughput=26rps rr=42.31% cr=0.00% errors=0 total=4224
[1371490329.540672] latency=3:4:24:472:1226:(288)ms throughput=43rps rr=51.16% cr=0.00% errors=0 total=4267
[1371490330.544689] latency=4:4:10:220:485:(111)ms throughput=30rps rr=46.67% cr=0.00% errors=0 total=4297
[1371490331.548693] latency=4:6:9:65:423:(64)ms throughput=34rps rr=32.35% cr=0.00% errors=0 total=4331
[1371490332.552712] latency=4:5:6:24:310:(40)ms throughput=36rps rr=27.78% cr=0.00% errors=0 total=4367
[1371490333.556664] latency=4:5:5:24:221:(32)ms throughput=29rps rr=31.03% cr=0.00% errors=0 total=4396
[1371490334.560682] latency=4:5:5:49:200:(44)ms throughput=29rps rr=37.93% cr=0.00% errors=0 total=4425
[1371490335.564664] latency=3:5:8:24:222:(29)ms throughput=32rps rr=31.25% cr=0.00% errors=0 total=4457
[1371490336.568684] latency=4:5:5:7:230:(25)ms throughput=38rps rr=15.79% cr=0.00% errors=0 total=4495
[1371490337.572677] latency=3:4:5:9:193:(29)ms throughput=34rps rr=14.71% cr=0.00% errors=0 total=4529
[1371490338.576713] latency=4:5:6:43:293:(43)ms throughput=35rps rr=28.57% cr=0.00% errors=0 total=4564
[1371490339.580680] latency=4:5:6:13:148:(29)ms throughput=26rps rr=23.08% cr=0.00% errors=0 total=4590
[1371490340.584682] latency=4:5:11:204:431:(100)ms throughput=28rps rr=46.43% cr=0.00% errors=0 total=4618
[1371490341.588674] latency=3:5:36:192:498:(112)ms throughput=31rps rr=51.61% cr=0.00% errors=0 total=4649
[1371490342.592692] latency=3:5:6:71:201:(40)ms throughput=33rps rr=33.33% cr=0.00% errors=0 total=4682
[1371490343.596661] latency=3:4:5:122:359:(75)ms throughput=27rps rr=40.74% cr=0.00% errors=0 total=4709
[1371490344.600667] latency=3:5:7:130:365:(68)ms throughput=28rps rr=32.14% cr=0.00% errors=0 total=4737
[1371490345.604678] latency=3:13:59:753:1339:(377)ms throughput=27rps rr=44.44% cr=0.00% errors=0 total=4764
[1371490346.608688] latency=3:9:338:1081:1683:(527)ms throughput=29rps rr=68.97% cr=0.00% errors=0 total=4793
[1371490347.612670] latency=3:6:158:961:1727:(453)ms throughput=28rps rr=57.14% cr=0.00% errors=0 total=4821
[1371490348.616687] latency=4:5:10:648:1607:(346)ms throughput=32rps rr=40.62% cr=0.00% errors=0 total=4853
[1371490349.620686] latency=3:5:7:11:462:(64)ms throughput=41rps rr=24.39% cr=0.00% errors=0 total=4894
[1371490350.624691] latency=3:5:5:8:218:(35)ms throughput=32rps rr=25.00% cr=0.00% errors=0 total=4926
[1371490351.628665] latency=3:5:5:10:260:(30)ms throughput=23rps rr=17.39% cr=0.00% errors=0 total=4949
[1371490352.632713] latency=4:5:5:6:189:(22)ms throughput=30rps rr=13.33% cr=0.00% errors=0 total=4979
[1371490353.636676] latency=4:5:5:6:95:(11)ms throughput=24rps rr=8.33% cr=0.00% errors=0 total=5003
[1371490354.640683] latency=4:5:5:6:138:(9)ms throughput=38rps rr=2.63% cr=0.00% errors=0 total=5041
[1371490355.644664] latency=4:5:6:7:189:(20)ms throughput=28rps rr=10.71% cr=0.00% errors=0 total=5069
[1371490356.648680] latency=3:5:5:7:314:(32)ms throughput=44rps rr=13.64% cr=0.00% errors=0 total=5113
[1371490357.652676] latency=3:5:6:14:337:(41)ms throughput=37rps rr=18.92% cr=0.00% errors=0 total=5150
[1371490358.656717] latency=4:5:5:8:180:(15)ms throughput=39rps rr=10.26% cr=0.00% errors=0 total=5189
[1371490359.660667] latency=3:5:6:11:213:(24)ms throughput=46rps rr=15.22% cr=0.00% errors=0 total=5235
[1371490360.664700] latency=4:5:5:7:206:(20)ms throughput=30rps rr=13.33% cr=0.00% errors=0 total=5265
[1371490361.668688] latency=4:5:6:12:158:(19)ms throughput=28rps rr=17.86% cr=0.00% errors=0 total=5293
[1371490362.672688] latency=3:5:6:155:386:(85)ms throughput=32rps rr=43.75% cr=0.00% errors=0 total=5325
[1371490363.676691] latency=3:5:5:9:192:(29)ms throughput=26rps rr=23.08% cr=0.00% errors=0 total=5351
[1371490364.680685] latency=4:5:8:12:248:(34)ms throughput=31rps rr=19.35% cr=0.00% errors=0 total=5382
[1371490365.684668] latency=4:5:7:164:420:(87)ms throughput=35rps rr=42.86% cr=0.00% errors=0 total=5417
[1371490366.688683] latency=4:5:5:13:296:(45)ms throughput=24rps rr=29.17% cr=0.00% errors=0 total=5441
[1371490367.692711] latency=4:5:6:23:261:(44)ms throughput=32rps rr=28.12% cr=0.00% errors=0 total=5473
[1371490368.696697] latency=3:4:5:88:368:(63)ms throughput=35rps rr=40.00% cr=0.00% errors=0 total=5508
[1371490369.700663] latency=3:4:5:60:250:(54)ms throughput=28rps rr=28.57% cr=0.00% errors=0 total=5536
[1371490370.704686] latency=4:5:65:141:354:(86)ms throughput=33rps rr=57.58% cr=0.00% errors=0 total=5569
[1371490371.708675] latency=4:5:10:169:546:(110)ms throughput=35rps rr=31.43% cr=0.00% errors=0 total=5604
[1371490372.712712] latency=3:5:27:159:557:(109)ms throughput=30rps rr=50.00% cr=0.00% errors=0 total=5634
[1371490373.716669] latency=3:5:34:89:238:(67)ms throughput=21rps rr=57.14% cr=0.00% errors=0 total=5655
[1371490374.720697] latency=4:5:36:168:448:(90)ms throughput=35rps rr=57.14% cr=0.00% errors=0 total=5690
[1371490375.724661] latency=4:5:8:64:283:(53)ms throughput=25rps rr=36.00% cr=0.00% errors=0 total=5715
[1371490376.728694] latency=3:7:74:273:393:(127)ms throughput=28rps rr=64.29% cr=0.00% errors=0 total=5743
[1371490377.732673] latency=4:7:114:447:582:(189)ms throughput=17rps rr=58.82% cr=0.00% errors=0 total=5760
[1371490378.736687] latency=4:4:117:612:1360:(348)ms throughput=23rps rr=56.52% cr=0.00% errors=0 total=5783
[1371490379.740658] latency=4:18:218:1181:1497:(525)ms throughput=30rps rr=63.33% cr=0.00% errors=0 total=5813
[1371490380.744689] latency=4:4:17:373:1218:(259)ms throughput=29rps rr=41.38% cr=0.00% errors=0 total=5842
[1371490381.748664] latency=3:5:16:968:1540:(364)ms throughput=36rps rr=36.11% cr=0.00% errors=0 total=5878
[1371490382.752713] latency=3:5:11:456:1655:(293)ms throughput=38rps rr=39.47% cr=0.00% errors=0 total=5916
[1371490383.756651] latency=3:5:7:114:228:(55)ms throughput=32rps rr=37.50% cr=0.00% errors=0 total=5948
[1371490384.760703] latency=3:5:6:8:263:(32)ms throughput=32rps rr=15.62% cr=0.00% errors=0 total=5980
[1371490385.764656] latency=5:5:5:6:151:(17)ms throughput=32rps rr=12.50% cr=0.00% errors=0 total=6012
[1371490386.768711] latency=4:5:5:7:189:(18)ms throughput=41rps rr=17.07% cr=0.00% errors=0 total=6053
[1371490387.772662] latency=4:5:5:6:237:(22)ms throughput=34rps rr=8.82% cr=0.00% errors=0 total=6087
[1371490388.776690] latency=4:5:5:6:99:(11)ms throughput=45rps rr=6.67% cr=0.00% errors=0 total=6132
[1371490389.780708] latency=4:5:5:8:257:(29)ms throughput=36rps rr=16.67% cr=0.00% errors=0 total=6168
[1371490390.784713] latency=4:5:5:8:182:(18)ms throughput=34rps rr=11.76% cr=0.00% errors=0 total=6202
[1371490391.788676] latency=4:5:6:100:314:(62)ms throughput=24rps rr=29.17% cr=0.00% errors=0 total=6226
[1371490392.792693] latency=3:5:6:8:290:(33)ms throughput=37rps rr=18.92% cr=0.00% errors=0 total=6263
[1371490393.796672] latency=3:5:5:7:305:(17)ms throughput=31rps rr=6.45% cr=0.00% errors=0 total=6294
[1371490394.800702] latency=3:5:5:23:331:(60)ms throughput=44rps rr=25.00% cr=0.00% errors=0 total=6338
[1371490395.804691] latency=4:5:5:14:224:(26)ms throughput=20rps rr=20.00% cr=0.00% errors=0 total=6358
[1371490396.808646] latency=4:19:67:101:1246:(116)ms throughput=31rps rr=3.23% cr=0.00% errors=0 total=6389
[1371490397.812666] latency=4:15:73:117:2024:(202)ms throughput=15rps rr=13.33% cr=0.00% errors=0 total=6404
[1371490398.816632] latency=5:28:64:188:877:(134)ms throughput=20rps rr=10.00% cr=0.00% errors=0 total=6424
[1371490399.820629] latency=3:7:31:66:213:(45)ms throughput=31rps rr=0.00% cr=0.00% errors=0 total=6455
[1371490400.824670] latency=3:9:52:63:1931:(185)ms throughput=15rps rr=6.67% cr=0.00% errors=0 total=6470
[1371490401.828658] latency=9:40:92:286:450:(173)ms throughput=17rps rr=0.00% cr=0.00% errors=0 total=6487
[1371490402.832633] latency=4:22:64:181:6901:(892)ms throughput=19rps rr=15.79% cr=0.00% errors=0 total=6506
[1371490403.836657] latency=19:166:248:598:7049:(700)ms throughput=18rps rr=5.56% cr=0.00% errors=0 total=6524
[1371490404.840662] latency=3:91:229:364:1258:(260)ms throughput=35rps rr=0.00% cr=0.00% errors=0 total=6559
[1371490405.844624] latency=4:171:240:436:9643:(1014)ms throughput=33rps rr=9.09% cr=0.00% errors=0 total=6592
[1371490406.848665] latency=7:18:75:148:8820:(757)ms throughput=13rps rr=7.69% cr=0.00% errors=0 total=6605
[1371490407.852620] latency=3:25:62:194:11280:(2211)ms throughput=24rps rr=20.83% cr=0.00% errors=0 total=6629
[1371490408.856670] latency=4:48:135:1423:11980:(1924)ms throughput=16rps rr=18.75% cr=0.00% errors=0 total=6645
[1371490409.860664] latency=4:22:106:193:11217:(458)ms throughput=32rps rr=3.12% cr=0.00% errors=0 total=6677
[1371490410.864662] latency=4:58:126:212:14012:(1870)ms throughput=30rps rr=16.67% cr=0.00% errors=0 total=6707
[1371490411.868623] latency=3:7:43:125:14151:(2064)ms throughput=31rps rr=16.13% cr=0.00% errors=0 total=6738
[1371490412.872665] latency=3:21:79:401:15173:(3314)ms throughput=33rps rr=24.24% cr=0.00% errors=0 total=6771
[1371490413.876658] latency=3:5:6:12:12941:(594)ms throughput=38rps rr=5.26% cr=0.00% errors=0 total=6809
[1371490414.880662] latency=5:5:5:7:14:(6)ms throughput=35rps rr=0.00% cr=0.00% errors=0 total=6844
[1371490415.884654] latency=4:5:6:10:23:(8)ms throughput=40rps rr=0.00% cr=0.00% errors=0 total=6884
[1371490416.888638] latency=5:5:5:8:16:(7)ms throughput=36rps rr=0.00% cr=0.00% errors=0 total=6920
[1371490417.892656] latency=5:5:5:6:12:(6)ms throughput=27rps rr=0.00% cr=0.00% errors=0 total=6947
[1371490418.896664] latency=5:5:5:7:15:(6)ms throughput=36rps rr=0.00% cr=0.00% errors=0 total=6983
[1371490419.900627] latency=4:5:6:7:23:(8)ms throughput=40rps rr=0.00% cr=0.00% errors=0 total=7023
[1371490420.904669] latency=4:5:6:7:14:(6)ms throughput=35rps rr=0.00% cr=0.00% errors=0 total=7058
[1371490421.908655] latency=3:5:5:6:15:(6)ms throughput=31rps rr=0.00% cr=0.00% errors=0 total=7089
[1371490422.912631] latency=5:5:5:6:10:(6)ms throughput=26rps rr=0.00% cr=0.00% errors=0 total=7115
[1371490423.916638] latency=5:5:5:9:17:(7)ms throughput=34rps rr=0.00% cr=0.00% errors=0 total=7149
[1371490424.920660] latency=5:5:5:6:8:(5)ms throughput=28rps rr=0.00% cr=0.00% errors=0 total=7177
[1371490425.924655] latency=5:5:6:7:16:(6)ms throughput=39rps rr=0.00% cr=0.00% errors=0 total=7216
[1371490426.928629] latency=4:5:6:11:241:(29)ms throughput=33rps rr=6.06% cr=0.00% errors=0 total=7249
[1371490427.932622] latency=5:5:10:24:705:(49)ms throughput=31rps rr=6.45% cr=0.00% errors=0 total=7280
[1371490428.936680] latency=5:5:7:9:17:(8)ms throughput=37rps rr=0.00% cr=0.00% errors=0 total=7317
[1371490429.940662] latency=3:5:7:15:254:(20)ms throughput=30rps rr=10.00% cr=0.00% errors=0 total=7347
[1371490430.944630] latency=4:9:25:62:474:(64)ms throughput=34rps rr=8.82% cr=0.00% errors=0 total=7381
[1371490431.948654] latency=3:6:29:54:195:(42)ms throughput=25rps rr=4.00% cr=0.00% errors=0 total=7406
[1371490432.952671] latency=4:7:37:76:1768:(179)ms throughput=29rps rr=10.34% cr=0.00% errors=0 total=7435
[1371490433.956665] latency=3:9:38:75:2275:(249)ms throughput=38rps rr=13.16% cr=0.00% errors=0 total=7473
[1371490434.960658] latency=4:5:6:17:399:(32)ms throughput=37rps rr=2.70% cr=0.00% errors=0 total=7510
[1371490435.964622] latency=4:5:5:6:12:(6)ms throughput=37rps rr=0.00% cr=0.00% errors=0 total=7547
[1371490436.968677] latency=4:5:5:22:358:(35)ms throughput=26rps rr=3.85% cr=0.00% errors=0 total=7573
[1371490437.972670] latency=4:5:5:6:14:(6)ms throughput=36rps rr=0.00% cr=0.00% errors=0 total=7609
[1371490438.976649] latency=5:5:6:9:17:(7)ms throughput=31rps rr=0.00% cr=0.00% errors=0 total=7640
[1371490439.980647] latency=4:5:6:10:23:(8)ms throughput=38rps rr=0.00% cr=0.00% errors=0 total=7678
[1371490440.984640] latency=4:5:6:8:13:(7)ms throughput=34rps rr=0.00% cr=0.00% errors=0 total=7712
[1371490441.988657] latency=4:5:5:6:13:(6)ms throughput=30rps rr=0.00% cr=0.00% errors=0 total=7742
[1371490442.992630] latency=4:5:6:8:18:(7)ms throughput=36rps rr=0.00% cr=0.00% errors=0 total=7778
[1371490443.996629] latency=4:5:11:59:95:(31)ms throughput=23rps rr=8.70% cr=0.00% errors=0 total=7801
[1371490445.000634] latency=3:7:40:54:713:(127)ms throughput=11rps rr=18.18% cr=0.00% errors=0 total=7812
[1371490446.004656] latency=19:88:170:325:1994:(333)ms throughput=23rps rr=13.04% cr=0.00% errors=0 total=7835
[1371490447.008676] latency=4:25:65:202:2395:(330)ms throughput=23rps rr=17.39% cr=0.00% errors=0 total=7858
[1371490448.012626] latency=5:28:90:183:3537:(492)ms throughput=16rps rr=12.50% cr=0.00% errors=0 total=7874
[1371490449.016651] latency=3:24:62:217:2548:(190)ms throughput=32rps rr=3.12% cr=0.00% errors=0 total=7906
[1371490450.020624] latency=4:91:186:323:6482:(731)ms throughput=36rps rr=11.11% cr=0.00% errors=0 total=7942
[1371490451.024660] latency=3:8:56:134:6768:(739)ms throughput=32rps rr=12.50% cr=0.00% errors=0 total=7974
[1371490452.028627] latency=4:23:61:107:6718:(594)ms throughput=35rps rr=8.57% cr=0.00% errors=0 total=8009
[1371490453.032726] latency=4:5:16:56:8193:(725)ms throughput=34rps rr=14.71% cr=0.00% errors=0 total=8043
[1371490454.036686] latency=3:5:5:6:20:(6)ms throughput=38rps rr=0.00% cr=0.00% errors=0 total=8081
[1371490455.040670] latency=4:5:5:6:13:(6)ms throughput=26rps rr=0.00% cr=0.00% errors=0 total=8107
[1371490456.044646] latency=5:5:6:8:18:(7)ms throughput=43rps rr=0.00% cr=0.00% errors=0 total=8150
[1371490457.048682] latency=3:5:5:8:19:(6)ms throughput=38rps rr=0.00% cr=0.00% errors=0 total=8188
[1371490458.052685] latency=5:5:5:6:10:(6)ms throughput=32rps rr=0.00% cr=0.00% errors=0 total=8220
[1371490459.056673] latency=3:5:6:7:76:(9)ms throughput=31rps rr=3.23% cr=0.00% errors=0 total=8251
[1371490460.060660] latency=5:5:5:7:20:(7)ms throughput=37rps rr=0.00% cr=0.00% errors=0 total=8288
[1371490461.064652] latency=5:5:5:6:13:(6)ms throughput=28rps rr=0.00% cr=0.00% errors=0 total=8316
[1371490462.068695] latency=5:5:7:9:48:(8)ms throughput=40rps rr=2.50% cr=0.00% errors=0 total=8356
[1371490463.072668] latency=5:5:6:9:40:(8)ms throughput=39rps rr=0.00% cr=0.00% errors=0 total=8395
[1371490464.076669] latency=5:5:6:8:11:(6)ms throughput=38rps rr=0.00% cr=0.00% errors=0 total=8433
[1371490465.080634] latency=5:5:5:7:11:(6)ms throughput=25rps rr=0.00% cr=0.00% errors=0 total=8458
[1371490466.084688] latency=5:5:8:16:77:(13)ms throughput=35rps rr=0.00% cr=0.00% errors=0 total=8493
[1371490467.088670] latency=3:5:9:14:186:(19)ms throughput=35rps rr=2.86% cr=0.00% errors=0 total=8528
[1371490468.092664] latency=3:4:10:30:495:(44)ms throughput=22rps rr=9.09% cr=0.00% errors=0 total=8550
[1371490469.096677] latency=5:5:5:8:734:(28)ms throughput=34rps rr=2.94% cr=0.00% errors=0 total=8584
[1371490470.100694] latency=3:5:6:29:307:(27)ms throughput=27rps rr=14.81% cr=0.00% errors=0 total=8611
[1371490471.104672] latency=3:6:9:22:246:(29)ms throughput=30rps rr=10.00% cr=0.00% errors=0 total=8641
[1371490472.108690] latency=3:5:12:48:694:(73)ms throughput=32rps rr=12.50% cr=0.00% errors=0 total=8673
[1371490473.112648] latency=5:6:22:61:206:(41)ms throughput=26rps rr=3.85% cr=0.00% errors=0 total=8699
[1371490474.116666] latency=3:13:41:100:1219:(131)ms throughput=36rps rr=8.33% cr=0.00% errors=0 total=8735
[1371490475.120697] latency=3:4:41:70:1646:(157)ms throughput=31rps rr=9.68% cr=0.00% errors=0 total=8766
[1371490476.124675] latency=4:5:8:63:1681:(125)ms throughput=38rps rr=10.53% cr=0.00% errors=0 total=8804
[1371490477.128647] latency=4:5:6:9:23:(8)ms throughput=33rps rr=3.03% cr=0.00% errors=0 total=8837
[1371490478.132688] latency=3:5:6:7:17:(7)ms throughput=37rps rr=0.00% cr=0.00% errors=0 total=8874
[1371490479.136695] latency=4:5:6:8:19:(7)ms throughput=37rps rr=0.00% cr=0.00% errors=0 total=8911
[1371490480.140620] latency=5:5:5:7:13:(6)ms throughput=28rps rr=0.00% cr=0.00% errors=0 total=8939
[1371490481.144674] latency=4:6:9:29:93:(24)ms throughput=36rps rr=2.78% cr=0.00% errors=0 total=8975
[1371490482.148672] latency=4:5:7:48:887:(69)ms throughput=39rps rr=7.69% cr=0.00% errors=0 total=9014
[1371490483.152686] latency=5:5:5:7:16:(7)ms throughput=29rps rr=0.00% cr=0.00% errors=0 total=9043
[1371490484.156669] latency=3:5:8:32:445:(32)ms throughput=41rps rr=2.44% cr=0.00% errors=0 total=9084
[1371490485.160663] latency=4:5:7:29:486:(35)ms throughput=36rps rr=2.78% cr=0.00% errors=0 total=9120
[1371490486.164666] latency=4:5:5:7:23:(7)ms throughput=32rps rr=0.00% cr=0.00% errors=0 total=9152
[1371490487.168685] latency=3:5:9:43:573:(38)ms throughput=49rps rr=4.08% cr=0.00% errors=0 total=9201
[1371490488.172670] latency=5:5:5:7:13:(6)ms throughput=33rps rr=0.00% cr=0.00% errors=0 total=9234
[1371490489.176670] latency=3:5:6:8:25:(8)ms throughput=37rps rr=0.00% cr=0.00% errors=0 total=9271
[1371490490.180635] latency=4:5:7:15:313:(25)ms throughput=32rps rr=3.12% cr=0.00% errors=0 total=9303
[1371490491.184697] latency=3:5:45:81:943:(95)ms throughput=34rps rr=8.82% cr=0.00% errors=0 total=9337
[1371490492.188677] latency=3:5:5:8:20:(7)ms throughput=32rps rr=0.00% cr=0.00% errors=0 total=9369
[1371490493.192669] latency=3:5:8:23:201:(24)ms throughput=30rps rr=6.67% cr=0.00% errors=0 total=9399
[1371490494.196643] latency=3:5:36:61:542:(50)ms throughput=28rps rr=7.14% cr=0.00% errors=0 total=9427
[1371490495.200651] latency=3:5:7:19:696:(57)ms throughput=36rps rr=11.11% cr=0.00% errors=0 total=9463
[1371490496.204673] latency=4:5:5:8:190:(14)ms throughput=24rps rr=4.17% cr=0.00% errors=0 total=9487
[1371490497.208737] latency=4:5:5:8:62:(11)ms throughput=31rps rr=6.45% cr=0.00% errors=0 total=9518
[1371490498.212715] latency=5:5:5:6:177:(17)ms throughput=32rps rr=9.38% cr=0.00% errors=0 total=9550
[1371490499.216739] latency=5:5:6:6:188:(17)ms throughput=26rps rr=7.69% cr=0.00% errors=0 total=9576
[1371490500.220687] latency=5:5:5:7:38:(7)ms throughput=37rps rr=5.41% cr=0.00% errors=0 total=9613
[1371490501.224664] latency=5:5:5:6:133:(11)ms throughput=51rps rr=5.88% cr=0.00% errors=0 total=9664
[1371490502.228672] latency=4:5:5:7:161:(15)ms throughput=32rps rr=9.38% cr=0.00% errors=0 total=9696
[1371490503.232672] latency=5:5:5:7:111:(11)ms throughput=32rps rr=9.38% cr=0.00% errors=0 total=9728
[1371490504.236634] latency=5:5:5:6:66:(8)ms throughput=32rps rr=3.12% cr=0.00% errors=0 total=9760
[1371490505.240686] latency=5:5:5:7:176:(15)ms throughput=41rps rr=9.76% cr=0.00% errors=0 total=9801
[1371490506.244629] latency=5:5:6:9:130:(16)ms throughput=28rps rr=14.29% cr=0.00% errors=0 total=9829
[1371490507.248656] latency=4:5:5:8:103:(17)ms throughput=31rps rr=16.13% cr=0.00% errors=0 total=9860
[1371490508.252655] latency=4:5:6:8:354:(47)ms throughput=36rps rr=19.44% cr=0.00% errors=0 total=9896
[1371490509.256657] latency=3:5:5:7:224:(36)ms throughput=32rps rr=21.88% cr=0.00% errors=0 total=9928
[1371490510.260636] latency=4:5:6:30:228:(36)ms throughput=28rps rr=28.57% cr=0.00% errors=0 total=9956
[1371490511.264653] latency=4:5:6:70:246:(48)ms throughput=39rps rr=33.33% cr=0.00% errors=0 total=9995
[1371490512.268664] latency=4:5:5:44:226:(40)ms throughput=27rps rr=33.33% cr=0.00% errors=0 total=10022
[1371490513.272654] latency=5:5:5:6:135:(16)ms throughput=28rps rr=14.29% cr=0.00% errors=0 total=10050
[1371490514.276635] latency=4:5:8:85:305:(60)ms throughput=26rps rr=42.31% cr=0.00% errors=0 total=10076
[1371490515.280656] latency=4:6:21:293:673:(170)ms throughput=43rps rr=51.16% cr=0.00% errors=0 total=10119
[1371490516.284633] latency=4:6:72:208:294:(107)ms throughput=34rps rr=55.88% cr=0.00% errors=0 total=10153
[1371490517.288658] latency=4:5:14:132:305:(76)ms throughput=34rps rr=52.94% cr=0.00% errors=0 total=10187
[1371490518.292634] latency=3:5:14:155:308:(69)ms throughput=30rps rr=56.67% cr=0.00% errors=0 total=10217
[1371490519.296654] latency=3:4:43:671:1162:(329)ms throughput=31rps rr=51.61% cr=0.00% errors=0 total=10248
[1371490520.300633] latency=4:5:82:207:985:(167)ms throughput=30rps rr=66.67% cr=0.00% errors=0 total=10278
[1371490521.304656] latency=3:5:8:88:223:(50)ms throughput=30rps rr=43.33% cr=0.00% errors=0 total=10308
[1371490522.308636] latency=3:4:8:116:410:(81)ms throughput=37rps rr=37.84% cr=0.00% errors=0 total=10345
[1371490523.312654] latency=4:5:7:145:236:(63)ms throughput=33rps rr=45.45% cr=0.00% errors=0 total=10378
[1371490524.316663] latency=4:5:6:8:178:(25)ms throughput=30rps rr=23.33% cr=0.00% errors=0 total=10408
[1371490525.320657] latency=4:5:6:30:196:(29)ms throughput=31rps rr=32.26% cr=0.00% errors=0 total=10439
[1371490526.324639] latency=4:5:7:72:256:(54)ms throughput=28rps rr=39.29% cr=0.00% errors=0 total=10467
[1371490527.328657] latency=4:5:8:302:718:(166)ms throughput=42rps rr=42.86% cr=0.00% errors=0 total=10509
[1371490528.332635] latency=4:5:8:64:216:(37)ms throughput=23rps rr=34.78% cr=0.00% errors=0 total=10532
[1371490529.336657] latency=4:6:100:264:664:(171)ms throughput=36rps rr=55.56% cr=0.00% errors=0 total=10568
[1371490530.340635] latency=4:5:8:127:230:(69)ms throughput=29rps rr=51.72% cr=0.00% errors=0 total=10597
[1371490531.344654] latency=4:7:119:242:357:(129)ms throughput=28rps rr=60.71% cr=0.00% errors=0 total=10625
[1371490532.348632] latency=3:5:6:43:194:(39)ms throughput=25rps rr=44.00% cr=0.00% errors=0 total=10650
[1371490533.352671] latency=3:5:11:31:826:(110)ms throughput=26rps rr=26.92% cr=0.00% errors=0 total=10676
[1371490534.356635] latency=4:8:274:1037:1406:(471)ms throughput=24rps rr=54.17% cr=0.00% errors=0 total=10700
[1371490535.360657] latency=4:11:239:1238:1876:(570)ms throughput=54rps rr=57.41% cr=0.00% errors=0 total=10754
[1371490536.364642] latency=5:5:6:8:623:(46)ms throughput=31rps rr=22.58% cr=0.00% errors=0 total=10785
[1371490537.368686] latency=5:5:6:8:197:(32)ms throughput=31rps rr=16.13% cr=0.00% errors=0 total=10816
[1371490538.372634] latency=4:5:6:8:194:(22)ms throughput=36rps rr=13.89% cr=0.00% errors=0 total=10852
[1371490539.376653] latency=4:5:5:8:214:(25)ms throughput=42rps rr=19.05% cr=0.00% errors=0 total=10894
[1371490540.380626] latency=5:5:5:6:154:(15)ms throughput=32rps rr=9.38% cr=0.00% errors=0 total=10926
[1371490541.384652] latency=5:5:6:8:200:(26)ms throughput=36rps rr=13.89% cr=0.00% errors=0 total=10962
[1371490542.388635] latency=3:5:5:7:197:(16)ms throughput=40rps rr=7.50% cr=0.00% errors=0 total=11002
[1371490543.392652] latency=4:5:6:8:215:(34)ms throughput=40rps rr=20.00% cr=0.00% errors=0 total=11042
[1371490544.396635] latency=4:5:5:9:210:(25)ms throughput=34rps rr=20.59% cr=0.00% errors=0 total=11076
[1371490545.400685] latency=3:5:6:115:398:(73)ms throughput=38rps rr=34.21% cr=0.00% errors=0 total=11114
[1371490546.404631] latency=5:5:5:6:163:(21)ms throughput=32rps rr=21.88% cr=0.00% errors=0 total=11146
[1371490547.408667] latency=4:5:5:8:150:(21)ms throughput=32rps rr=15.62% cr=0.00% errors=0 total=11178
[1371490548.412632] latency=4:5:5:7:56:(9)ms throughput=32rps rr=15.62% cr=0.00% errors=0 total=11210
[1371490549.416636] latency=4:5:5:8:220:(33)ms throughput=42rps rr=26.19% cr=0.00% errors=0 total=11252
[1371490550.420636] latency=4:5:6:56:174:(34)ms throughput=28rps rr=32.14% cr=0.00% errors=0 total=11280
[1371490551.424646] latency=3:5:6:18:184:(35)ms throughput=31rps rr=35.48% cr=0.00% errors=0 total=11311
[1371490552.428635] latency=4:5:10:88:281:(57)ms throughput=38rps rr=44.74% cr=0.00% errors=0 total=11349
[1371490553.432660] latency=5:5:8:141:251:(68)ms throughput=35rps rr=40.00% cr=0.00% errors=0 total=11384
[1371490554.436633] latency=4:5:35:289:492:(141)ms throughput=33rps rr=57.58% cr=0.00% errors=0 total=11417
[1371490555.440655] latency=4:5:9:163:338:(75)ms throughput=38rps rr=50.00% cr=0.00% errors=0 total=11455
[1371490556.444632] latency=3:5:6:107:242:(60)ms throughput=39rps rr=48.72% cr=0.00% errors=0 total=11494
[1371490557.448659] latency=3:5:36:165:352:(91)ms throughput=35rps rr=65.71% cr=0.00% errors=0 total=11529
[1371490558.452639] latency=4:5:93:531:847:(267)ms throughput=22rps rr=54.55% cr=0.00% errors=0 total=11551
[1371490559.456656] latency=4:8:125:233:882:(190)ms throughput=30rps rr=66.67% cr=0.00% errors=0 total=11581
[1371490560.460640] latency=3:5:8:116:183:(57)ms throughput=26rps rr=42.31% cr=0.00% errors=0 total=11607
[1371490561.464824] latency=4:10:220:468:1085:(305)ms throughput=29rps rr=55.17% cr=0.00% errors=0 total=11636
[1371490562.468801] latency=4:7:347:1057:1414:(526)ms throughput=35rps rr=62.86% cr=0.00% errors=0 total=11671
[1371490563.472663] latency=4:8:225:526:1585:(381)ms throughput=39rps rr=64.10% cr=0.00% errors=0 total=11710
[1371490564.476637] latency=4:5:7:164:350:(77)ms throughput=39rps rr=46.15% cr=0.00% errors=0 total=11749
[1371490565.480654] latency=3:5:6:85:195:(44)ms throughput=30rps rr=30.00% cr=0.00% errors=0 total=11779
[1371490566.484660] latency=3:5:5:7:224:(34)ms throughput=39rps rr=17.95% cr=0.00% errors=0 total=11818
[1371490567.488650] latency=4:5:5:9:204:(32)ms throughput=37rps rr=24.32% cr=0.00% errors=0 total=11855
[1371490568.492632] latency=5:5:5:8:209:(31)ms throughput=29rps rr=17.24% cr=0.00% errors=0 total=11884
[1371490569.496694] latency=5:5:5:6:165:(14)ms throughput=29rps rr=6.90% cr=0.00% errors=0 total=11913
[1371490570.500632] latency=4:5:6:9:218:(30)ms throughput=33rps rr=21.21% cr=0.00% errors=0 total=11946
[1371490571.504665] latency=4:5:5:8:114:(16)ms throughput=29rps rr=17.24% cr=0.00% errors=0 total=11975
[1371490572.508578] latency=4:5:7:9:225:(37)ms throughput=37rps rr=21.62% cr=0.00% errors=0 total=12012
[1371490573.512665] latency=4:5:7:80:227:(46)ms throughput=32rps rr=31.25% cr=0.00% errors=0 total=12044
[1371490574.516646] latency=3:4:7:116:312:(75)ms throughput=33rps rr=39.39% cr=0.00% errors=0 total=12077
[1371490575.520655] latency=3:4:6:135:486:(86)ms throughput=40rps rr=37.50% cr=0.00% errors=0 total=12117
[1371490576.524634] latency=4:5:18:134:279:(73)ms throughput=30rps rr=53.33% cr=0.00% errors=0 total=12147
[1371490577.528655] latency=4:5:9:122:292:(73)ms throughput=36rps rr=41.67% cr=0.00% errors=0 total=12183
[1371490578.532670] latency=4:5:22:139:352:(84)ms throughput=29rps rr=62.07% cr=0.00% errors=0 total=12212
[1371490579.536649] latency=5:5:7:60:201:(45)ms throughput=25rps rr=36.00% cr=0.00% errors=0 total=12237
[1371490580.540673] latency=5:5:32:87:219:(59)ms throughput=30rps rr=60.00% cr=0.00% errors=0 total=12267
[1371490581.544660] latency=4:5:7:236:575:(124)ms throughput=24rps rr=45.83% cr=0.00% errors=0 total=12291
[1371490582.548641] latency=3:11:147:573:816:(281)ms throughput=30rps rr=60.00% cr=0.00% errors=0 total=12321
[1371490583.552658] latency=4:25:435:682:1084:(398)ms throughput=33rps rr=75.76% cr=0.00% errors=0 total=12354
[1371490584.556644] latency=4:4:64:349:632:(179)ms throughput=33rps rr=60.61% cr=0.00% errors=0 total=12387
[1371490585.560657] latency=4:6:165:393:526:(211)ms throughput=29rps rr=68.97% cr=0.00% errors=0 total=12416
[1371490586.564636] latency=4:6:38:184:419:(98)ms throughput=34rps rr=58.82% cr=0.00% errors=0 total=12450
[1371490587.568636] latency=4:5:30:232:502:(122)ms throughput=32rps rr=53.12% cr=0.00% errors=0 total=12482
[1371490588.572636] latency=4:6:106:278:501:(151)ms throughput=35rps rr=57.14% cr=0.00% errors=0 total=12517
[1371490589.576664] latency=3:5:16:249:705:(165)ms throughput=39rps rr=53.85% cr=0.00% errors=0 total=12556
[1371490590.580635] latency=4:6:9:118:256:(66)ms throughput=29rps rr=41.38% cr=0.00% errors=0 total=12585
[1371490591.584680] latency=3:6:59:246:573:(140)ms throughput=36rps rr=55.56% cr=0.00% errors=0 total=12621
[1371490592.588669] latency=3:4:6:179:480:(99)ms throughput=37rps rr=43.24% cr=0.00% errors=0 total=12658
[1371490593.592657] latency=4:5:20:181:388:(94)ms throughput=30rps rr=50.00% cr=0.00% errors=0 total=12688
[1371490594.596642] latency=3:6:47:246:515:(142)ms throughput=33rps rr=66.67% cr=0.00% errors=0 total=12721
[1371490595.608650] latency=3:6:42:170:464:(99)ms throughput=42rps rr=58.14% cr=0.00% errors=0 total=12764
[1371490596.612645] latency=4:5:21:73:269:(61)ms throughput=33rps rr=60.61% cr=0.00% errors=0 total=12797
[1371490597.616678] latency=4:4:38:261:361:(119)ms throughput=21rps rr=57.14% cr=0.00% errors=0 total=12818
[1371490598.620646] latency=4:4:45:307:950:(256)ms throughput=9rps rr=55.56% cr=0.00% errors=0 total=12827
[1371490599.624667] latency=4:4:29:380:2172:(457)ms throughput=11rps rr=36.36% cr=0.00% errors=0 total=12838
[1371490600.628641] latency=3:4:4:6:2342:(241)ms throughput=10rps rr=20.00% cr=0.00% errors=0 total=12848
[1371490601.632662] latency=4:4:1904:2619:4145:(1560)ms throughput=15rps rr=66.67% cr=0.00% errors=0 total=12863
[1371490602.636637] latency=4:5:108:1997:5219:(1239)ms throughput=24rps rr=37.50% cr=0.00% errors=0 total=12887
[1371490603.640629] latency=3:5:80:146:5851:(969)ms throughput=29rps rr=20.69% cr=0.00% errors=0 total=12916
[1371490604.644636] latency=4:7:134:4277:6560:(1705)ms throughput=29rps rr=41.38% cr=0.00% errors=0 total=12945
[1371490605.648664] latency=3:5:47:5757:7919:(2500)ms throughput=30rps rr=43.33% cr=0.00% errors=0 total=12975
[1371490606.652640] latency=4:5:13:4574:8258:(1980)ms throughput=39rps rr=33.33% cr=0.00% errors=0 total=13014
[1371490607.656656] latency=3:5:5:12:6652:(610)ms throughput=36rps rr=13.89% cr=0.00% errors=0 total=13050
[1371490608.660677] latency=3:5:5:10:230:(13)ms throughput=34rps rr=2.94% cr=0.00% errors=0 total=13084
[1371490609.664649] latency=5:5:6:8:17:(7)ms throughput=35rps rr=0.00% cr=0.00% errors=0 total=13119
[1371490610.668679] latency=4:5:5:8:19:(7)ms throughput=36rps rr=0.00% cr=0.00% errors=0 total=13155
[1371490611.672696] latency=5:5:6:8:12:(7)ms throughput=30rps rr=0.00% cr=0.00% errors=0 total=13185
[1371490612.676636] latency=5:5:7:10:20:(8)ms throughput=35rps rr=0.00% cr=0.00% errors=0 total=13220
[1371490613.680699] latency=5:5:6:7:11:(6)ms throughput=37rps rr=0.00% cr=0.00% errors=0 total=13257
[1371490614.684676] latency=5:5:6:7:22:(7)ms throughput=41rps rr=0.00% cr=0.00% errors=0 total=13298
[1371490615.688693] latency=5:5:5:7:10:(6)ms throughput=39rps rr=0.00% cr=0.00% errors=0 total=13337
[1371490616.692637] latency=5:5:5:7:18:(7)ms throughput=30rps rr=3.33% cr=0.00% errors=0 total=13367
[1371490617.696668] latency=3:4:5:8:369:(38)ms throughput=38rps rr=21.05% cr=0.00% errors=0 total=13405
[1371490618.700633] latency=3:4:5:8:620:(76)ms throughput=29rps rr=13.79% cr=0.00% errors=0 total=13434
[1371490619.704631] latency=3:4:7:19:978:(62)ms throughput=31rps rr=9.68% cr=0.00% errors=0 total=13465
[1371490620.708676] latency=4:5:6:395:1605:(312)ms throughput=33rps rr=30.30% cr=0.00% errors=0 total=13498
[1371490621.712699] latency=3:4:5:7:256:(23)ms throughput=39rps rr=15.38% cr=0.00% errors=0 total=13537
[1371490622.716636] latency=3:5:5:6:221:(16)ms throughput=30rps rr=6.67% cr=0.00% errors=0 total=13567
[1371490623.720665] latency=4:5:6:9:408:(36)ms throughput=39rps rr=15.38% cr=0.00% errors=0 total=13606
[1371490624.724636] latency=3:4:5:5:119:(13)ms throughput=26rps rr=7.69% cr=0.00% errors=0 total=13632
[1371490625.728659] latency=3:4:5:8:733:(68)ms throughput=42rps rr=9.52% cr=0.00% errors=0 total=13674
[1371490626.732690] latency=3:5:6:9:170:(16)ms throughput=34rps rr=11.76% cr=0.00% errors=0 total=13708
[1371490627.736659] latency=3:5:5:6:64:(8)ms throughput=26rps rr=3.85% cr=0.00% errors=0 total=13734
[1371490628.740675] latency=3:4:7:11:283:(33)ms throughput=33rps rr=12.12% cr=0.00% errors=0 total=13767
[1371490629.744693] latency=3:5:6:8:40:(7)ms throughput=40rps rr=2.50% cr=0.00% errors=0 total=13807
[1371490630.748627] latency=3:5:5:9:57:(8)ms throughput=38rps rr=2.63% cr=0.00% errors=0 total=13845
[1371490631.752656] latency=3:4:5:13:703:(113)ms throughput=34rps rr=17.65% cr=0.00% errors=0 total=13879
[1371490632.756682] latency=5:5:6:9:185:(20)ms throughput=24rps rr=16.67% cr=0.00% errors=0 total=13903
[1371490633.760698] latency=3:4:6:8:394:(34)ms throughput=30rps rr=10.00% cr=0.00% errors=0 total=13933
[1371490634.764682] latency=3:5:6:8:31:(7)ms throughput=44rps rr=2.27% cr=0.00% errors=0 total=13977
[1371490635.768641] latency=3:4:6:8:200:(19)ms throughput=24rps rr=8.33% cr=0.00% errors=0 total=14001
[1371490636.772640] latency=3:4:5:7:479:(42)ms throughput=42rps rr=14.29% cr=0.00% errors=0 total=14043
[1371490637.776664] latency=3:4:5:6:306:(27)ms throughput=35rps rr=11.43% cr=0.00% errors=0 total=14078
[1371490638.780641] latency=3:5:5:7:257:(22)ms throughput=33rps rr=15.15% cr=0.00% errors=0 total=14111
[1371490639.784658] latency=3:4:5:7:235:(17)ms throughput=41rps rr=7.32% cr=0.00% errors=0 total=14152
[1371490640.788637] latency=4:4:5:6:178:(17)ms throughput=29rps rr=6.90% cr=0.00% errors=0 total=14181
[1371490641.792658] latency=3:4:6:8:211:(29)ms throughput=20rps rr=15.00% cr=0.00% errors=0 total=14201
[1371490642.796645] latency=3:4:5:10:693:(116)ms throughput=32rps rr=21.88% cr=0.00% errors=0 total=14233
[1371490643.812675] latency=3:4:5:6:250:(28)ms throughput=31rps rr=19.35% cr=0.00% errors=0 total=14264
[1371490644.816898] latency=3:4:5:7:186:(17)ms throughput=29rps rr=6.90% cr=0.00% errors=0 total=14293
[1371490645.820654] latency=4:5:5:9:171:(18)ms throughput=30rps rr=10.00% cr=0.00% errors=0 total=14323
[1371490646.824635] latency=3:4:5:8:255:(20)ms throughput=34rps rr=14.71% cr=0.00% errors=0 total=14357
[1371490647.828628] latency=3:4:5:16:367:(58)ms throughput=42rps rr=19.05% cr=0.00% errors=0 total=14399
[1371490648.832635] latency=3:4:5:8:400:(32)ms throughput=36rps rr=8.33% cr=0.00% errors=0 total=14435
[1371490649.836579] latency=3:5:6:8:188:(13)ms throughput=36rps rr=8.33% cr=0.00% errors=0 total=14471
[1371490650.840859] latency=3:4:5:12:971:(139)ms throughput=37rps rr=18.92% cr=0.00% errors=0 total=14508
[1371490651.844630] latency=3:4:4:6:369:(54)ms throughput=34rps rr=20.59% cr=0.00% errors=0 total=14542
[1371490652.848629] latency=3:4:5:10:371:(44)ms throughput=33rps rr=15.15% cr=0.00% errors=0 total=14575
[1371490653.852661] latency=3:4:5:70:568:(86)ms throughput=35rps rr=28.57% cr=0.00% errors=0 total=14610
[1371490654.856632] latency=3:4:5:34:195:(36)ms throughput=26rps rr=26.92% cr=0.00% errors=0 total=14636
[1371490655.860652] latency=3:5:5:9:238:(23)ms throughput=29rps rr=13.79% cr=0.00% errors=0 total=14665
[1371490656.864622] latency=3:4:5:6:187:(25)ms throughput=27rps rr=14.81% cr=0.00% errors=0 total=14692
[1371490657.868630] latency=4:5:5:7:47:(8)ms throughput=28rps rr=7.14% cr=0.00% errors=0 total=14720
[1371490658.872631] latency=4:4:4:13:744:(89)ms throughput=32rps rr=18.75% cr=0.00% errors=0 total=14752
[1371490659.876625] latency=3:4:5:15:1057:(90)ms throughput=34rps rr=11.76% cr=0.00% errors=0 total=14786
[1371490660.880630] latency=3:4:5:286:1431:(257)ms throughput=35rps rr=25.71% cr=0.00% errors=0 total=14821
[1371490661.884639] latency=3:4:5:9:780:(59)ms throughput=45rps rr=20.00% cr=0.00% errors=0 total=14866
[1371490662.888614] latency=3:4:5:13:841:(96)ms throughput=29rps rr=17.24% cr=0.00% errors=0 total=14895
[1371490663.892654] latency=3:4:5:14:1046:(91)ms throughput=38rps rr=21.05% cr=0.00% errors=0 total=14933
[1371490664.896618] latency=4:5:5:9:172:(12)ms throughput=36rps rr=5.56% cr=0.00% errors=0 total=14969
[1371490665.900644] latency=4:5:5:6:251:(17)ms throughput=28rps rr=7.14% cr=0.00% errors=0 total=14997
[1371490666.904654] latency=4:5:5:7:21:(7)ms throughput=32rps rr=3.12% cr=0.00% errors=0 total=15029
[1371490667.908640] latency=4:5:5:7:104:(10)ms throughput=41rps rr=4.88% cr=0.00% errors=0 total=15070
[1371490668.912647] latency=4:5:5:10:165:(16)ms throughput=31rps rr=6.45% cr=0.00% errors=0 total=15101
[1371490669.916623] latency=3:4:5:6:220:(15)ms throughput=35rps rr=5.71% cr=0.00% errors=0 total=15136
[1371490670.920643] latency=3:5:6:8:215:(13)ms throughput=50rps rr=8.00% cr=0.00% errors=0 total=15186
[1371490671.924623] latency=3:4:5:9:185:(23)ms throughput=34rps rr=14.71% cr=0.00% errors=0 total=15220
[1371490672.928639] latency=3:5:5:7:154:(15)ms throughput=35rps rr=11.43% cr=0.00% errors=0 total=15255
[1371490673.932613] latency=3:4:5:8:214:(32)ms throughput=31rps rr=19.35% cr=0.00% errors=0 total=15286
[1371490674.936622] latency=3:5:6:12:378:(42)ms throughput=30rps rr=20.00% cr=0.00% errors=0 total=15316
[1371490675.940625] latency=3:4:7:15:433:(37)ms throughput=33rps rr=18.18% cr=0.00% errors=0 total=15349
[1371490676.944627] latency=3:4:8:21:1447:(171)ms throughput=39rps rr=20.51% cr=0.00% errors=0 total=15388
[1371490677.948622] latency=3:4:12:25:1025:(123)ms throughput=25rps rr=20.00% cr=0.00% errors=0 total=15413
[1371490678.952619] latency=3:4:5:31:2250:(379)ms throughput=35rps rr=22.86% cr=0.00% errors=0 total=15448
[1371490679.956627] latency=3:4:5:12:1778:(232)ms throughput=34rps rr=20.59% cr=0.00% errors=0 total=15482
[1371490680.960644] latency=3:4:5:7:342:(25)ms throughput=30rps rr=13.33% cr=0.00% errors=0 total=15512
[1371490681.964650] latency=3:4:5:6:354:(39)ms throughput=35rps rr=11.43% cr=0.00% errors=0 total=15547
[1371490682.968637] latency=3:5:6:10:22:(8)ms throughput=27rps rr=0.00% cr=0.00% errors=0 total=15574
[1371490683.972650] latency=4:5:5:6:216:(13)ms throughput=30rps rr=6.67% cr=0.00% errors=0 total=15604
[1371490684.976620] latency=3:5:6:9:144:(11)ms throughput=39rps rr=2.56% cr=0.00% errors=0 total=15643
[1371490685.980652] latency=5:5:5:7:10:(6)ms throughput=21rps rr=0.00% cr=0.00% errors=0 total=15664
[1371490686.984643] latency=5:5:5:7:14:(7)ms throughput=33rps rr=0.00% cr=0.00% errors=0 total=15697
[1371490687.988622] latency=3:5:5:7:48:(8)ms throughput=34rps rr=2.94% cr=0.00% errors=0 total=15731
[1371490688.992646] latency=5:5:6:13:27:(9)ms throughput=34rps rr=0.00% cr=0.00% errors=0 total=15765
[1371490689.996638] latency=4:5:5:8:67:(9)ms throughput=39rps rr=7.69% cr=0.00% errors=0 total=15804
[1371490691.000623] latency=3:4:5:10:313:(31)ms throughput=44rps rr=13.64% cr=0.00% errors=0 total=15848
[1371490692.004626] latency=3:4:6:18:271:(39)ms throughput=32rps rr=21.88% cr=0.00% errors=0 total=15880
[1371490693.008642] latency=3:4:5:10:258:(25)ms throughput=41rps rr=12.20% cr=0.00% errors=0 total=15921
[1371490694.012633] latency=3:4:5:14:546:(57)ms throughput=32rps rr=21.88% cr=0.00% errors=0 total=15953
[1371490695.016622] latency=3:4:5:7:272:(40)ms throughput=33rps rr=18.18% cr=0.00% errors=0 total=15986
[1371490696.020655] latency=3:4:5:8:432:(32)ms throughput=39rps rr=12.82% cr=0.00% errors=0 total=16025
[1371490697.024635] latency=3:5:5:8:371:(30)ms throughput=32rps rr=12.50% cr=0.00% errors=0 total=16057
[1371490698.032626] latency=3:4:6:55:1042:(134)ms throughput=43rps rr=27.91% cr=0.00% errors=0 total=16100
[1371490699.036611] latency=3:5:5:7:181:(24)ms throughput=28rps rr=14.29% cr=0.00% errors=0 total=16128
[1371490700.040643] latency=4:5:6:8:194:(22)ms throughput=34rps rr=14.71% cr=0.00% errors=0 total=16162
[1371490701.044646] latency=5:5:5:7:169:(14)ms throughput=29rps rr=10.34% cr=0.00% errors=0 total=16191
[1371490702.048653] latency=4:5:5:7:127:(14)ms throughput=34rps rr=8.82% cr=0.00% errors=0 total=16225
[1371490703.052618] latency=4:5:5:6:161:(25)ms throughput=23rps rr=21.74% cr=0.00% errors=0 total=16248
[1371490704.056653] latency=4:5:5:9:167:(22)ms throughput=38rps rr=21.05% cr=0.00% errors=0 total=16286
[1371490705.060614] latency=4:5:5:7:211:(17)ms throughput=36rps rr=13.89% cr=0.00% errors=0 total=16322
[1371490706.064640] latency=3:5:6:9:266:(36)ms throughput=36rps rr=22.22% cr=0.00% errors=0 total=16358
[1371490707.068619] latency=4:5:6:11:245:(36)ms throughput=33rps rr=18.18% cr=0.00% errors=0 total=16391
[1371490708.072607] latency=4:5:6:56:292:(49)ms throughput=35rps rr=28.57% cr=0.00% errors=0 total=16426
[1371490709.076622] latency=3:5:9:43:670:(132)ms throughput=29rps rr=27.59% cr=0.00% errors=0 total=16455
[1371490710.080621] latency=3:5:9:385:967:(231)ms throughput=41rps rr=46.34% cr=0.00% errors=0 total=16496
[1371490711.084658] latency=4:5:7:92:151:(40)ms throughput=22rps rr=36.36% cr=0.00% errors=0 total=16518
[1371490712.088647] latency=3:5:6:27:243:(42)ms throughput=32rps rr=25.00% cr=0.00% errors=0 total=16550
[1371490713.092604] latency=4:6:8:211:505:(101)ms throughput=25rps rr=32.00% cr=0.00% errors=0 total=16575
[1371490714.096610] latency=4:7:16:412:1012:(227)ms throughput=36rps rr=41.67% cr=0.00% errors=0 total=16611
[1371490715.100637] latency=3:5:8:580:1486:(334)ms throughput=31rps rr=41.94% cr=0.00% errors=0 total=16642
[1371490716.104622] latency=4:5:7:11:244:(39)ms throughput=33rps rr=21.21% cr=0.00% errors=0 total=16675
[1371490717.108595] latency=4:5:7:68:236:(43)ms throughput=31rps rr=29.03% cr=0.00% errors=0 total=16706
[1371490718.112605] latency=3:4:5:7:279:(47)ms throughput=39rps rr=20.51% cr=0.00% errors=0 total=16745
[1371490719.116627] latency=4:5:5:8:178:(24)ms throughput=33rps rr=18.18% cr=0.00% errors=0 total=16778
[1371490720.120623] latency=4:5:5:7:206:(17)ms throughput=34rps rr=8.82% cr=0.00% errors=0 total=16812
[1371490721.124641] latency=4:5:6:10:228:(36)ms throughput=31rps rr=19.35% cr=0.00% errors=0 total=16843
[1371490722.128645] latency=4:5:5:9:174:(21)ms throughput=42rps rr=19.05% cr=0.00% errors=0 total=16885
[1371490723.132623] latency=3:4:5:8:203:(30)ms throughput=29rps rr=20.69% cr=0.00% errors=0 total=16914
[1371490724.136612] latency=3:5:6:35:260:(48)ms throughput=31rps rr=29.03% cr=0.00% errors=0 total=16945
[1371490725.140609] latency=3:4:7:75:451:(72)ms throughput=37rps rr=27.03% cr=0.00% errors=0 total=16982
[1371490726.144693] latency=4:5:6:37:194:(39)ms throughput=31rps rr=35.48% cr=0.00% errors=0 total=17013
[1371490727.148641] latency=4:5:5:10:180:(34)ms throughput=32rps rr=28.12% cr=0.00% errors=0 total=17045
[1371490728.152737] latency=4:5:5:9:102:(17)ms throughput=21rps rr=28.57% cr=0.00% errors=0 total=17066
[1371490729.156640] latency=3:5:6:12:328:(40)ms throughput=40rps rr=20.00% cr=0.00% errors=0 total=17106
[1371490730.160614] latency=3:5:6:109:291:(51)ms throughput=33rps rr=30.30% cr=0.00% errors=0 total=17139
[1371490731.164611] latency=4:5:6:60:183:(43)ms throughput=23rps rr=43.48% cr=0.00% errors=0 total=17162
[1371490732.168646] latency=3:6:61:233:443:(131)ms throughput=31rps rr=54.84% cr=0.00% errors=0 total=17193
[1371490733.172604] latency=4:5:15:72:185:(50)ms throughput=33rps rr=45.45% cr=0.00% errors=0 total=17226
[1371490734.176638] latency=3:4:6:19:206:(39)ms throughput=30rps rr=33.33% cr=0.00% errors=0 total=17256
[1371490735.180628] latency=4:5:49:475:862:(237)ms throughput=26rps rr=50.00% cr=0.00% errors=0 total=17282
[1371490736.184622] latency=4:5:7:161:611:(112)ms throughput=26rps rr=30.77% cr=0.00% errors=0 total=17308
[1371490737.188614] latency=4:7:14:307:450:(125)ms throughput=25rps rr=40.00% cr=0.00% errors=0 total=17333
[1371490738.192621] latency=3:10:65:594:1261:(305)ms throughput=30rps rr=56.67% cr=0.00% errors=0 total=17363
[1371490739.196633] latency=4:8:47:846:1726:(400)ms throughput=27rps rr=48.15% cr=0.00% errors=0 total=17390
[1371490740.200624] latency=3:10:136:914:2100:(584)ms throughput=29rps rr=48.28% cr=0.00% errors=0 total=17419
[1371490741.204631] latency=3:8:77:1752:2267:(749)ms throughput=36rps rr=47.22% cr=0.00% errors=0 total=17455
[1371490742.208645] latency=4:5:5:9:1537:(201)ms throughput=28rps rr=21.43% cr=0.00% errors=0 total=17483
[1371490743.212621] latency=3:5:6:8:185:(23)ms throughput=33rps rr=15.15% cr=0.00% errors=0 total=17516
[1371490744.216613] latency=3:5:6:15:198:(27)ms throughput=47rps rr=19.15% cr=0.00% errors=0 total=17563
[1371490745.220635] latency=5:5:6:8:188:(18)ms throughput=34rps rr=8.82% cr=0.00% errors=0 total=17597
[1371490746.224659] latency=4:5:5:7:192:(12)ms throughput=28rps rr=3.57% cr=0.00% errors=0 total=17625
[1371490747.228657] latency=4:5:5:6:243:(24)ms throughput=35rps rr=14.29% cr=0.00% errors=0 total=17660
[1371490748.232858] latency=5:5:5:6:9:(6)ms throughput=32rps rr=3.12% cr=0.00% errors=0 total=17692
[1371490749.236639] latency=3:5:5:7:232:(14)ms throughput=43rps rr=4.65% cr=0.00% errors=0 total=17735
[1371490750.240639] latency=5:5:6:7:152:(14)ms throughput=40rps rr=10.00% cr=0.00% errors=0 total=17775
[1371490751.244625] latency=4:5:5:8:188:(17)ms throughput=32rps rr=9.38% cr=0.00% errors=0 total=17807
[1371490752.248665] latency=3:5:5:8:121:(14)ms throughput=44rps rr=13.64% cr=0.00% errors=0 total=17851
[1371490753.252631] latency=3:5:6:9:159:(23)ms throughput=47rps rr=14.89% cr=0.00% errors=0 total=17898
[1371490754.256646] latency=4:5:5:6:134:(9)ms throughput=37rps rr=10.81% cr=0.00% errors=0 total=17935
[1371490755.260659] latency=3:5:6:15:239:(31)ms throughput=42rps rr=16.67% cr=0.00% errors=0 total=17977
[1371490756.264612] latency=4:5:6:8:168:(18)ms throughput=27rps rr=11.11% cr=0.00% errors=0 total=18004
[1371490757.268599] latency=4:5:5:7:178:(21)ms throughput=38rps rr=18.42% cr=0.00% errors=0 total=18042
[1371490758.272601] latency=3:5:6:20:235:(35)ms throughput=40rps rr=25.00% cr=0.00% errors=0 total=18082
[1371490759.276602] latency=5:5:6:8:119:(20)ms throughput=27rps rr=18.52% cr=0.00% errors=0 total=18109
[1371490760.280635] latency=3:4:6:37:254:(51)ms throughput=31rps rr=25.81% cr=0.00% errors=0 total=18140
[1371490761.284601] latency=3:4:7:108:162:(48)ms throughput=23rps rr=56.52% cr=0.00% errors=0 total=18163
[1371490762.288600] latency=3:5:7:34:244:(38)ms throughput=31rps rr=38.71% cr=0.00% errors=0 total=18194
[1371490763.292618] latency=3:4:8:197:421:(96)ms throughput=31rps rr=41.94% cr=0.00% errors=0 total=18225
[1371490764.296623] latency=3:5:7:121:259:(59)ms throughput=31rps rr=41.94% cr=0.00% errors=0 total=18256
[1371490765.312607] latency=3:4:12:156:651:(128)ms throughput=27rps rr=44.44% cr=0.00% errors=0 total=18283
[1371490766.316628] latency=3:6:13:546:1021:(260)ms throughput=30rps rr=46.67% cr=0.00% errors=0 total=18313
[1371490767.320614] latency=4:12:35:722:1053:(318)ms throughput=22rps rr=45.45% cr=0.00% errors=0 total=18335
[1371490768.324599] latency=4:10:39:1346:1985:(540)ms throughput=36rps rr=44.44% cr=0.00% errors=0 total=18371
[1371490769.328606] latency=4:5:57:1123:2344:(569)ms throughput=39rps rr=56.41% cr=0.00% errors=0 total=18410
[1371490770.332602] latency=3:5:7:70:440:(68)ms throughput=36rps rr=27.78% cr=0.00% errors=0 total=18446
[1371490771.336648] latency=4:5:5:8:144:(19)ms throughput=33rps rr=12.12% cr=0.00% errors=0 total=18479
[1371490772.340772] latency=4:5:6:8:146:(18)ms throughput=29rps rr=10.34% cr=0.00% errors=0 total=18508
[1371490773.344641] latency=4:5:6:8:189:(15)ms throughput=41rps rr=12.20% cr=0.00% errors=0 total=18549
[1371490774.348731] latency=5:5:5:7:20:(6)ms throughput=36rps rr=5.56% cr=0.00% errors=0 total=18585
[1371490775.352639] latency=5:5:5:6:193:(12)ms throughput=30rps rr=6.67% cr=0.00% errors=0 total=18615
[1371490776.356647] latency=5:5:5:6:182:(11)ms throughput=31rps rr=3.23% cr=0.00% errors=0 total=18646
[1371490777.360642] latency=3:5:5:6:203:(11)ms throughput=37rps rr=5.41% cr=0.00% errors=0 total=18683
[1371490778.364649] latency=4:5:5:8:179:(25)ms throughput=32rps rr=18.75% cr=0.00% errors=0 total=18715
[1371490779.368622] latency=4:5:6:9:205:(23)ms throughput=32rps rr=18.75% cr=0.00% errors=0 total=18747
[1371490780.372657] latency=4:5:5:10:156:(22)ms throughput=42rps rr=19.05% cr=0.00% errors=0 total=18789
[1371490781.376640] latency=4:5:6:8:201:(22)ms throughput=33rps rr=18.18% cr=0.00% errors=0 total=18822
[1371490782.380623] latency=4:5:6:11:190:(29)ms throughput=28rps rr=25.00% cr=0.00% errors=0 total=18850
[1371490783.384613] latency=3:7:14:115:445:(91)ms throughput=29rps rr=37.93% cr=0.00% errors=0 total=18879
[1371490784.388640] latency=4:5:6:24:214:(34)ms throughput=30rps rr=26.67% cr=0.00% errors=0 total=18909
[1371490785.392626] latency=4:5:7:14:207:(30)ms throughput=30rps rr=23.33% cr=0.00% errors=0 total=18939
[1371490786.396598] latency=4:5:6:44:343:(50)ms throughput=27rps rr=29.63% cr=0.00% errors=0 total=18966
[1371490787.400653] latency=4:5:6:8:205:(26)ms throughput=33rps rr=24.24% cr=0.00% errors=0 total=18999
[1371490788.404669] latency=4:5:10:107:349:(71)ms throughput=36rps rr=47.22% cr=0.00% errors=0 total=19035
[1371490789.408598] latency=3:5:8:249:414:(103)ms throughput=34rps rr=35.29% cr=0.00% errors=0 total=19069
[1371490790.412619] latency=3:5:9:223:725:(145)ms throughput=38rps rr=42.11% cr=0.00% errors=0 total=19107
[1371490791.416612] latency=5:6:12:176:378:(91)ms throughput=22rps rr=45.45% cr=0.00% errors=0 total=19129
[1371490792.420608] latency=4:6:29:154:802:(137)ms throughput=27rps rr=48.15% cr=0.00% errors=0 total=19156
[1371490793.424622] latency=4:5:12:557:1159:(272)ms throughput=32rps rr=37.50% cr=0.00% errors=0 total=19188
[1371490794.428635] latency=3:4:8:214:768:(134)ms throughput=39rps rr=38.46% cr=0.00% errors=0 total=19227
[1371490795.432649] latency=3:11:28:312:727:(169)ms throughput=36rps rr=52.78% cr=0.00% errors=0 total=19263
[1371490796.436673] latency=4:5:6:9:179:(26)ms throughput=23rps rr=21.74% cr=0.00% errors=0 total=19286
[1371490797.440620] latency=3:4:8:182:412:(98)ms throughput=31rps rr=38.71% cr=0.00% errors=0 total=19317
[1371490798.444619] latency=3:5:13:372:819:(179)ms throughput=37rps rr=29.73% cr=0.00% errors=0 total=19354
[1371490799.448614] latency=4:5:8:173:544:(92)ms throughput=31rps rr=22.58% cr=0.00% errors=0 total=19385
[1371490800.452613] latency=6:19:59:131:1140:(156)ms throughput=29rps rr=3.45% cr=0.00% errors=0 total=19414
[1371490801.456643] latency=4:20:70:254:629:(158)ms throughput=20rps rr=10.00% cr=0.00% errors=0 total=19434
[1371490802.460616] latency=6:7:118:394:965:(249)ms throughput=14rps rr=7.14% cr=0.00% errors=0 total=19448
[1371490803.464632] latency=6:27:57:109:2394:(241)ms throughput=19rps rr=10.53% cr=0.00% errors=0 total=19467
[1371490804.468635] latency=5:32:148:313:2407:(415)ms throughput=20rps rr=15.00% cr=0.00% errors=0 total=19487
[1371490805.472653] latency=5:7:24:60:171:(41)ms throughput=18rps rr=0.00% cr=0.00% errors=0 total=19505
[1371490806.476609] latency=8:14:33:68:5582:(262)ms throughput=25rps rr=4.00% cr=0.00% errors=0 total=19530
[1371490807.480616] latency=4:24:78:227:4325:(413)ms throughput=23rps rr=8.70% cr=0.00% errors=0 total=19553
[1371490808.484628] latency=8:67:101:209:7806:(995)ms throughput=27rps rr=14.81% cr=0.00% errors=0 total=19580
[1371490809.488629] latency=6:29:77:191:7980:(705)ms throughput=26rps rr=7.69% cr=0.00% errors=0 total=19606
[1371490810.508628] latency=23:44:99:193:9636:(1115)ms throughput=19rps rr=15.79% cr=0.00% errors=0 total=19625
[1371490811.512635] latency=4:30:94:246:11987:(1805)ms throughput=27rps rr=18.52% cr=0.00% errors=0 total=19652
[1371490812.516655] latency=7:25:110:239:10948:(1197)ms throughput=40rps rr=12.50% cr=0.00% errors=0 total=19692
[1371490813.520685] latency=4:9:46:111:13125:(1637)ms throughput=34rps rr=14.71% cr=0.00% errors=0 total=19726
[1371490814.524627] latency=5:6:10:69:14004:(2384)ms throughput=33rps rr=21.21% cr=0.00% errors=0 total=19759
[1371490815.528679] latency=5:5:5:7:12:(6)ms throughput=28rps rr=0.00% cr=0.00% errors=0 total=19787
[1371490816.532617] latency=3:5:5:9:17:(7)ms throughput=23rps rr=0.00% cr=0.00% errors=0 total=19810
[1371490817.536851] latency=4:5:5:6:17:(6)ms throughput=30rps rr=0.00% cr=0.00% errors=0 total=19840
[1371490818.540792] latency=3:5:7:9:24:(8)ms throughput=47rps rr=0.00% cr=0.00% errors=0 total=19887
[1371490819.544626] latency=4:5:5:7:13:(6)ms throughput=44rps rr=0.00% cr=0.00% errors=0 total=19931
[1371490820.548621] latency=5:5:5:6:13:(6)ms throughput=29rps rr=0.00% cr=0.00% errors=0 total=19960
[1371490821.552647] latency=5:5:5:7:13:(6)ms throughput=33rps rr=0.00% cr=0.00% errors=0 total=19993
[1371490822.556620] latency=5:5:5:7:12:(6)ms throughput=32rps rr=0.00% cr=0.00% errors=0 total=20025
[1371490823.560661] latency=3:5:6:13:436:(30)ms throughput=32rps rr=3.12% cr=0.00% errors=0 total=20057
[1371490824.564672] latency=5:5:5:8:13:(7)ms throughput=30rps rr=0.00% cr=0.00% errors=0 total=20087
[1371490825.568625] latency=5:5:6:7:15:(6)ms throughput=31rps rr=0.00% cr=0.00% errors=0 total=20118
[1371490826.572630] latency=5:5:5:7:10:(6)ms throughput=29rps rr=0.00% cr=0.00% errors=0 total=20147
[1371490827.576663] latency=3:5:5:9:174:(13)ms throughput=35rps rr=2.86% cr=0.00% errors=0 total=20182
[1371490828.580635] latency=4:5:6:13:212:(23)ms throughput=26rps rr=3.85% cr=0.00% errors=0 total=20208
[1371490829.584624] latency=4:5:6:7:14:(6)ms throughput=34rps rr=0.00% cr=0.00% errors=0 total=20242
[1371490830.588632] latency=5:5:5:7:14:(6)ms throughput=37rps rr=0.00% cr=0.00% errors=0 total=20279
[1371490831.592647] latency=4:5:7:19:274:(22)ms throughput=31rps rr=3.23% cr=0.00% errors=0 total=20310
[1371490832.596636] latency=5:5:6:8:12:(7)ms throughput=37rps rr=0.00% cr=0.00% errors=0 total=20347
[1371490833.600666] latency=3:5:6:7:17:(7)ms throughput=31rps rr=0.00% cr=0.00% errors=0 total=20378
[1371490834.604580] latency=5:5:6:7:15:(7)ms throughput=28rps rr=3.57% cr=0.00% errors=0 total=20406
[1371490835.608659] latency=5:5:5:6:64:(8)ms throughput=27rps rr=3.70% cr=0.00% errors=0 total=20433
[1371490836.612671] latency=3:5:5:7:54:(8)ms throughput=25rps rr=4.00% cr=0.00% errors=0 total=20458
[1371490837.616669] latency=3:5:10:13:456:(33)ms throughput=33rps rr=6.06% cr=0.00% errors=0 total=20491
[1371490838.620634] latency=3:8:19:62:744:(83)ms throughput=30rps rr=13.33% cr=0.00% errors=0 total=20521
[1371490839.624636] latency=4:5:5:6:63:(10)ms throughput=24rps rr=8.33% cr=0.00% errors=0 total=20545
[1371490840.628638] latency=6:10:29:53:802:(61)ms throughput=28rps rr=3.57% cr=0.00% errors=0 total=20573
[1371490841.632662] latency=5:10:26:61:1343:(124)ms throughput=28rps rr=7.14% cr=0.00% errors=0 total=20601
[1371490842.636668] latency=3:8:29:76:2848:(222)ms throughput=29rps rr=6.90% cr=0.00% errors=0 total=20630
[1371490843.640625] latency=4:9:19:57:361:(43)ms throughput=34rps rr=0.00% cr=0.00% errors=0 total=20664
[1371490844.668657] latency=7:11:32:64:3526:(326)ms throughput=27rps rr=10.71% cr=0.00% errors=0 total=20692
[1371490845.672639] latency=4:10:28:78:2444:(208)ms throughput=26rps rr=7.69% cr=0.00% errors=0 total=20718
[1371490846.676670] latency=5:7:42:108:4351:(668)ms throughput=31rps rr=16.13% cr=0.00% errors=0 total=20749
[1371490847.680657] latency=4:5:5:7:14:(6)ms throughput=35rps rr=0.00% cr=0.00% errors=0 total=20784
[1371490848.684638] latency=4:5:6:8:13:(7)ms throughput=36rps rr=0.00% cr=0.00% errors=0 total=20820
[1371490849.688620] latency=5:5:5:8:25:(8)ms throughput=36rps rr=0.00% cr=0.00% errors=0 total=20856
[1371490850.692678] latency=4:5:6:8:14:(7)ms throughput=30rps rr=0.00% cr=0.00% errors=0 total=20886
[1371490851.696628] latency=5:5:6:7:12:(7)ms throughput=31rps rr=0.00% cr=0.00% errors=0 total=20917
[1371490852.700671] latency=3:5:5:7:14:(6)ms throughput=37rps rr=0.00% cr=0.00% errors=0 total=20954
[1371490853.704661] latency=5:5:6:9:23:(8)ms throughput=35rps rr=0.00% cr=0.00% errors=0 total=20989
[1371490854.708655] latency=5:5:5:7:70:(8)ms throughput=30rps rr=3.33% cr=0.00% errors=0 total=21019
[1371490855.712672] latency=3:5:9:22:423:(36)ms throughput=30rps rr=3.33% cr=0.00% errors=0 total=21049
[1371490856.716635] latency=3:9:55:70:758:(90)ms throughput=25rps rr=12.00% cr=0.00% errors=0 total=21074
[1371490857.720636] latency=3:8:17:54:253:(35)ms throughput=29rps rr=3.45% cr=0.00% errors=0 total=21103
[1371490858.724672] latency=3:14:50:191:2342:(208)ms throughput=38rps rr=13.16% cr=0.00% errors=0 total=21141
[1371490859.728632] latency=5:11:67:175:2735:(274)ms throughput=18rps rr=16.67% cr=0.00% errors=0 total=21159
[1371490860.732634] latency=5:28:84:141:3841:(298)ms throughput=35rps rr=8.57% cr=0.00% errors=0 total=21194
[1371490861.736660] latency=4:18:47:108:4960:(441)ms throughput=28rps rr=17.86% cr=0.00% errors=0 total=21222
[1371490862.740634] latency=4:6:12:74:1724:(112)ms throughput=34rps rr=8.82% cr=0.00% errors=0 total=21256
[1371490863.744583] latency=3:5:6:6:10:(6)ms throughput=32rps rr=0.00% cr=0.00% errors=0 total=21288
[1371490864.748665] latency=5:6:10:23:414:(37)ms throughput=23rps rr=4.35% cr=0.00% errors=0 total=21311
[1371490865.752632] latency=4:5:5:7:14:(6)ms throughput=35rps rr=0.00% cr=0.00% errors=0 total=21346
[1371490866.756643] latency=4:5:5:6:18:(6)ms throughput=38rps rr=0.00% cr=0.00% errors=0 total=21384
[1371490867.760632] latency=5:5:5:7:20:(7)ms throughput=37rps rr=0.00% cr=0.00% errors=0 total=21421
[1371490868.764669] latency=5:5:5:9:16:(7)ms throughput=29rps rr=0.00% cr=0.00% errors=0 total=21450
[1371490869.768666] latency=4:5:5:6:15:(6)ms throughput=32rps rr=0.00% cr=0.00% errors=0 total=21482
[1371490870.772667] latency=3:5:5:7:14:(6)ms throughput=34rps rr=0.00% cr=0.00% errors=0 total=21516
[1371490871.776669] latency=5:5:6:8:274:(18)ms throughput=26rps rr=7.69% cr=0.00% errors=0 total=21542
[1371490872.780670] latency=3:6:14:50:261:(35)ms throughput=34rps rr=5.88% cr=0.00% errors=0 total=21576
[1371490873.784662] latency=4:5:7:12:508:(37)ms throughput=26rps rr=7.69% cr=0.00% errors=0 total=21602
[1371490874.788617] latency=3:7:9:13:505:(42)ms throughput=36rps rr=8.33% cr=0.00% errors=0 total=21638
[1371490875.792669] latency=3:5:6:7:94:(8)ms throughput=36rps rr=5.56% cr=0.00% errors=0 total=21674
[1371490876.796661] latency=3:5:5:7:59:(8)ms throughput=26rps rr=0.00% cr=0.00% errors=0 total=21700
[1371490877.800646] latency=4:5:6:11:71:(15)ms throughput=32rps rr=0.00% cr=0.00% errors=0 total=21732
[1371490878.804615] latency=4:7:12:49:454:(40)ms throughput=32rps rr=0.00% cr=0.00% errors=0 total=21764
[1371490879.808665] latency=5:18:58:113:1834:(270)ms throughput=33rps rr=21.21% cr=0.00% errors=0 total=21797
[1371490880.812625] latency=3:5:6:10:270:(29)ms throughput=30rps rr=3.33% cr=0.00% errors=0 total=21827
[1371490881.816673] latency=3:5:10:48:413:(36)ms throughput=26rps rr=7.69% cr=0.00% errors=0 total=21853
[1371490882.820652] latency=3:5:7:9:69:(11)ms throughput=37rps rr=2.70% cr=0.00% errors=0 total=21890
[1371490883.824667] latency=4:5:5:6:20:(6)ms throughput=30rps rr=0.00% cr=0.00% errors=0 total=21920
[1371490884.828637] latency=4:5:6:8:37:(8)ms throughput=32rps rr=0.00% cr=0.00% errors=0 total=21952
[1371490885.832674] latency=5:5:6:7:346:(23)ms throughput=36rps rr=2.78% cr=0.00% errors=0 total=21988
[1371490886.836616] latency=3:5:5:6:45:(7)ms throughput=42rps rr=2.38% cr=0.00% errors=0 total=22030
[1371490887.840671] latency=3:5:7:11:315:(21)ms throughput=34rps rr=2.94% cr=0.00% errors=0 total=22064
[1371490888.844628] latency=5:5:7:13:431:(31)ms throughput=31rps rr=3.23% cr=0.00% errors=0 total=22095
[1371490889.848639] latency=4:5:8:16:304:(26)ms throughput=29rps rr=3.45% cr=0.00% errors=0 total=22124
[1371490890.852610] latency=4:5:6:11:447:(29)ms throughput=28rps rr=3.57% cr=0.00% errors=0 total=22152
[1371490891.856664] latency=4:5:8:10:420:(24)ms throughput=33rps rr=3.03% cr=0.00% errors=0 total=22185
[1371490892.860668] latency=5:5:6:9:108:(13)ms throughput=35rps rr=0.00% cr=0.00% errors=0 total=22220
[1371490893.864646] latency=3:6:9:11:420:(29)ms throughput=33rps rr=6.06% cr=0.00% errors=0 total=22253
[1371490894.880612] latency=3:6:10:45:103:(25)ms throughput=28rps rr=3.57% cr=0.00% errors=0 total=22281
[1371490895.884652] latency=3:5:11:63:485:(55)ms throughput=31rps rr=9.68% cr=0.00% errors=0 total=22312
[1371490896.888637] latency=5:5:6:12:319:(27)ms throughput=25rps rr=4.00% cr=0.00% errors=0 total=22337
[1371490897.892663] latency=5:5:5:6:10:(6)ms throughput=25rps rr=0.00% cr=0.00% errors=0 total=22362
[1371490898.896615] latency=5:12:45:75:441:(60)ms throughput=28rps rr=7.14% cr=0.00% errors=0 total=22390
[1371490899.900646] latency=4:20:52:87:584:(117)ms throughput=28rps rr=14.29% cr=0.00% errors=0 total=22418
[1371490900.904680] latency=5:5:6:8:326:(25)ms throughput=34rps rr=8.82% cr=0.00% errors=0 total=22452
[1371490901.908656] latency=5:5:5:7:194:(17)ms throughput=22rps rr=9.09% cr=0.00% errors=0 total=22474
[1371490902.912662] latency=5:5:6:7:35:(7)ms throughput=27rps rr=3.70% cr=0.00% errors=0 total=22501
[1371490903.916623] latency=4:5:6:8:88:(12)ms throughput=31rps rr=9.68% cr=0.00% errors=0 total=22532
[1371490904.920674] latency=4:5:5:7:156:(15)ms throughput=40rps rr=7.50% cr=0.00% errors=0 total=22572
[1371490905.924631] latency=5:5:5:7:231:(23)ms throughput=40rps rr=10.00% cr=0.00% errors=0 total=22612
[1371490906.928663] latency=5:5:5:8:161:(16)ms throughput=45rps rr=8.89% cr=0.00% errors=0 total=22657
[1371490907.932617] latency=5:5:5:5:134:(10)ms throughput=31rps rr=3.23% cr=0.00% errors=0 total=22688
[1371490908.936721] latency=4:5:6:7:232:(24)ms throughput=34rps rr=14.71% cr=0.00% errors=0 total=22722
[1371490909.940622] latency=5:5:5:6:77:(10)ms throughput=30rps rr=6.67% cr=0.00% errors=0 total=22752
[1371490910.944663] latency=5:5:5:7:187:(16)ms throughput=38rps rr=7.89% cr=0.00% errors=0 total=22790
[1371490911.948644] latency=5:5:6:9:142:(17)ms throughput=18rps rr=22.22% cr=0.00% errors=0 total=22808
[1371490912.952629] latency=5:5:6:8:192:(21)ms throughput=28rps rr=17.86% cr=0.00% errors=0 total=22836
[1371490913.956650] latency=4:5:6:21:216:(33)ms throughput=37rps rr=21.62% cr=0.00% errors=0 total=22873
[1371490914.960636] latency=4:5:8:97:217:(52)ms throughput=39rps rr=35.90% cr=0.00% errors=0 total=22912
[1371490915.964651] latency=4:5:6:8:192:(26)ms throughput=35rps rr=25.71% cr=0.00% errors=0 total=22947
[1371490916.968647] latency=5:5:6:38:244:(43)ms throughput=35rps rr=28.57% cr=0.00% errors=0 total=22982
[1371490917.972646] latency=4:5:14:114:261:(62)ms throughput=34rps rr=47.06% cr=0.00% errors=0 total=23016
[1371490918.976638] latency=4:5:96:152:267:(93)ms throughput=25rps rr=56.00% cr=0.00% errors=0 total=23041
[1371490919.980643] latency=4:5:69:199:394:(114)ms throughput=33rps rr=57.58% cr=0.00% errors=0 total=23074
[1371490920.984702] latency=4:5:9:147:415:(91)ms throughput=32rps rr=50.00% cr=0.00% errors=0 total=23106
[1371490921.988640] latency=4:5:105:247:388:(132)ms throughput=39rps rr=66.67% cr=0.00% errors=0 total=23145
[1371490922.992619] latency=3:5:44:206:392:(111)ms throughput=35rps rr=68.57% cr=0.00% errors=0 total=23180
[1371490923.996640] latency=4:85:122:196:250:(129)ms throughput=31rps rr=83.87% cr=0.00% errors=0 total=23211
[1371490925.000637] latency=4:13:207:504:798:(284)ms throughput=30rps rr=73.33% cr=0.00% errors=0 total=23241
[1371490926.004658] latency=4:12:596:848:1155:(502)ms throughput=27rps rr=92.59% cr=0.00% errors=0 total=23268
[1371490927.008628] latency=4:62:273:490:1016:(358)ms throughput=31rps rr=87.10% cr=0.00% errors=0 total=23299
[1371490928.012642] latency=4:33:96:213:381:(126)ms throughput=36rps rr=88.89% cr=0.00% errors=0 total=23335
[1371490929.016636] latency=4:6:185:266:396:(161)ms throughput=30rps rr=70.00% cr=0.00% errors=0 total=23365
[1371490930.020665] latency=4:5:23:197:483:(108)ms throughput=35rps rr=54.29% cr=0.00% errors=0 total=23400
[1371490931.024617] latency=4:5:7:94:263:(61)ms throughput=27rps rr=40.74% cr=0.00% errors=0 total=23427
[1371490932.028636] latency=3:5:13:180:575:(114)ms throughput=35rps rr=51.43% cr=0.00% errors=0 total=23462
[1371490933.032641] latency=3:6:37:167:512:(119)ms throughput=33rps rr=57.58% cr=0.00% errors=0 total=23495
[1371490934.036645] latency=4:5:87:164:322:(94)ms throughput=36rps rr=63.89% cr=0.00% errors=0 total=23531
[1371490935.040642] latency=4:5:52:183:351:(110)ms throughput=33rps rr=63.64% cr=0.00% errors=0 total=23564
[1371490936.044637] latency=4:13:80:200:302:(112)ms throughput=29rps rr=72.41% cr=0.00% errors=0 total=23593
[1371490937.048642] latency=4:5:53:210:408:(118)ms throughput=33rps rr=63.64% cr=0.00% errors=0 total=23626
[1371490938.052628] latency=5:6:74:160:261:(92)ms throughput=28rps rr=67.86% cr=0.00% errors=0 total=23654
[1371490939.056625] latency=5:7:45:124:255:(70)ms throughput=25rps rr=64.00% cr=0.00% errors=0 total=23679
[1371490940.060635] latency=4:6:68:173:287:(98)ms throughput=26rps rr=80.77% cr=0.00% errors=0 total=23705
[1371490941.064648] latency=5:80:150:270:420:(173)ms throughput=28rps rr=92.86% cr=0.00% errors=0 total=23733
[1371490942.068638] latency=4:72:338:559:833:(334)ms throughput=35rps rr=88.57% cr=0.00% errors=0 total=23768
[1371490943.072645] latency=4:61:182:366:470:(211)ms throughput=24rps rr=91.67% cr=0.00% errors=0 total=23792
[1371490944.076637] latency=4:53:182:266:412:(185)ms throughput=21rps rr=95.24% cr=0.00% errors=0 total=23813
[1371490945.080642] latency=4:113:516:764:1133:(522)ms throughput=19rps rr=94.74% cr=0.00% errors=0 total=23832
[1371490946.088638] latency=4:518:915:1389:1653:(912)ms throughput=25rps rr=84.00% cr=0.00% errors=0 total=23857
[1371490947.092622] latency=4:30:691:1605:1851:(811)ms throughput=32rps rr=78.12% cr=0.00% errors=0 total=23889
[1371490948.096637] latency=4:16:370:990:1895:(581)ms throughput=43rps rr=67.44% cr=0.00% errors=0 total=23932
[1371490949.100643] latency=4:5:36:288:1482:(269)ms throughput=33rps rr=48.48% cr=0.00% errors=0 total=23965
[1371490950.104639] latency=4:5:5:9:157:(28)ms throughput=33rps rr=30.30% cr=0.00% errors=0 total=23998
[1371490951.108629] latency=5:5:6:8:211:(35)ms throughput=30rps rr=23.33% cr=0.00% errors=0 total=24028
[1371490952.112647] latency=4:5:6:8:201:(32)ms throughput=36rps rr=22.22% cr=0.00% errors=0 total=24064
[1371490953.116669] latency=5:5:6:8:191:(15)ms throughput=30rps rr=10.00% cr=0.00% errors=0 total=24094
[1371490954.120655] latency=5:5:6:8:164:(21)ms throughput=24rps rr=16.67% cr=0.00% errors=0 total=24118
[1371490955.124644] latency=5:5:5:6:9:(6)ms throughput=29rps rr=6.90% cr=0.00% errors=0 total=24147
[1371490956.128672] latency=5:5:6:8:160:(17)ms throughput=25rps rr=12.00% cr=0.00% errors=0 total=24172
[1371490957.132666] latency=4:5:5:8:178:(18)ms throughput=32rps rr=12.50% cr=0.00% errors=0 total=24204
[1371490958.136633] latency=5:5:7:9:194:(38)ms throughput=22rps rr=22.73% cr=0.00% errors=0 total=24226
[1371490959.140619] latency=4:5:6:70:183:(45)ms throughput=27rps rr=29.63% cr=0.00% errors=0 total=24253
[1371490960.144639] latency=4:5:6:100:258:(58)ms throughput=32rps rr=34.38% cr=0.00% errors=0 total=24285
[1371490961.148641] latency=4:5:7:85:298:(52)ms throughput=34rps rr=35.29% cr=0.00% errors=0 total=24319
[1371490962.152665] latency=4:5:6:96:245:(51)ms throughput=44rps rr=45.45% cr=0.00% errors=0 total=24363
[1371490963.156622] latency=3:5:17:150:253:(73)ms throughput=28rps rr=53.57% cr=0.00% errors=0 total=24391
[1371490964.160636] latency=4:5:81:206:362:(112)ms throughput=32rps rr=68.75% cr=0.00% errors=0 total=24423
[1371490965.164643] latency=4:6:71:188:413:(111)ms throughput=40rps rr=67.50% cr=0.00% errors=0 total=24463
[1371490966.168645] latency=5:35:113:186:321:(116)ms throughput=27rps rr=70.37% cr=0.00% errors=0 total=24490
[1371490967.172634] latency=4:6:91:203:265:(109)ms throughput=32rps rr=71.88% cr=0.00% errors=0 total=24522
[1371490968.176645] latency=4:6:165:254:523:(162)ms throughput=33rps rr=66.67% cr=0.00% errors=0 total=24555
[1371490969.180643] latency=3:18:87:282:540:(164)ms throughput=37rps rr=75.68% cr=0.00% errors=0 total=24592
[1371490970.184631] latency=4:27:147:392:709:(237)ms throughput=39rps rr=76.92% cr=0.00% errors=0 total=24631
[1371490971.188635] latency=6:88:172:242:331:(167)ms throughput=21rps rr=95.24% cr=0.00% errors=0 total=24652
[1371490972.192639] latency=4:156:470:576:1059:(444)ms throughput=25rps rr=84.00% cr=0.00% errors=0 total=24677
[1371490973.196669] latency=4:105:422:834:1005:(460)ms throughput=30rps rr=83.33% cr=0.00% errors=0 total=24707
[1371490974.200640] latency=4:44:160:657:906:(283)ms throughput=32rps rr=90.62% cr=0.00% errors=0 total=24739
[1371490975.204635] latency=4:8:78:201:262:(107)ms throughput=30rps rr=70.00% cr=0.00% errors=0 total=24769
[1371490976.208632] latency=4:72:142:208:311:(137)ms throughput=27rps rr=81.48% cr=0.00% errors=0 total=24796
[1371490977.212658] latency=5:9:111:159:266:(103)ms throughput=19rps rr=73.68% cr=0.00% errors=0 total=24815
[1371490978.216640] latency=4:28:153:241:598:(158)ms throughput=36rps rr=77.78% cr=0.00% errors=0 total=24851
[1371490979.220643] latency=4:7:158:366:635:(209)ms throughput=35rps rr=68.57% cr=0.00% errors=0 total=24886
[1371490980.224662] latency=4:7:84:202:372:(119)ms throughput=36rps rr=66.67% cr=0.00% errors=0 total=24922
[1371490981.228653] latency=4:35:103:200:274:(107)ms throughput=30rps rr=76.67% cr=0.00% errors=0 total=24952
[1371490982.232646] latency=4:10:78:159:332:(100)ms throughput=32rps rr=78.12% cr=0.00% errors=0 total=24984
[1371490983.236648] latency=4:24:133:201:363:(136)ms throughput=21rps rr=80.95% cr=0.00% errors=0 total=25005
[1371490984.240638] latency=4:12:114:252:422:(144)ms throughput=32rps rr=84.38% cr=0.00% errors=0 total=25037
[1371490985.244657] latency=4:256:498:696:903:(449)ms throughput=21rps rr=90.48% cr=0.00% errors=0 total=25058
[1371490986.248661] latency=4:420:625:1100:1586:(728)ms throughput=20rps rr=95.00% cr=0.00% errors=0 total=25078
[1371490987.252643] latency=4:349:980:1469:2056:(939)ms throughput=41rps rr=87.80% cr=0.00% errors=0 total=25119
[1371490988.256638] latency=4:6:241:587:1598:(366)ms throughput=40rps rr=62.50% cr=0.00% errors=0 total=25159
[1371490989.260654] latency=4:5:6:76:262:(60)ms throughput=33rps rr=42.42% cr=0.00% errors=0 total=25192
[1371490990.264632] latency=4:5:5:44:213:(36)ms throughput=27rps rr=25.93% cr=0.00% errors=0 total=25219
[1371490991.268633] latency=5:5:5:7:165:(23)ms throughput=24rps rr=20.83% cr=0.00% errors=0 total=25243
[1371490992.272637] latency=5:5:5:8:169:(14)ms throughput=30rps rr=10.00% cr=0.00% errors=0 total=25273
[1371490993.276651] latency=5:5:6:8:175:(22)ms throughput=28rps rr=17.86% cr=0.00% errors=0 total=25301
[1371490994.280636] latency=5:5:5:8:178:(21)ms throughput=29rps rr=13.79% cr=0.00% errors=0 total=25330
[1371490995.284655] latency=4:5:5:7:170:(33)ms throughput=31rps rr=22.58% cr=0.00% errors=0 total=25361
[1371490996.288630] latency=5:5:5:7:21:(6)ms throughput=30rps rr=3.33% cr=0.00% errors=0 total=25391
[1371490997.292686] latency=5:5:5:8:206:(30)ms throughput=27rps rr=18.52% cr=0.00% errors=0 total=25418
[1371490998.296643] latency=4:5:22:171:462:(102)ms throughput=39rps rr=43.59% cr=0.00% errors=0 total=25457
[1371490999.300675] latency=4:5:20:73:283:(59)ms throughput=31rps rr=54.84% cr=0.00% errors=0 total=25488
