2013-06-23 21:07:40.824+0000: 5263: info : libvirt version: 0.9.8
2013-06-23 21:07:40.824+0000: 5263: warning : xenHypervisorMakeCapabilities:2751 : Failed to get host power management capabilities
[1372021666.067563] vm=rubbos-hvm new
[1372021666.067617] vm=rubis-hvm new
[1372021666.067644] vm=rubbos-hvm perf=0.000000 vp=0.500000 cap=200.000000
[1372021666.248131] vm=rubis-hvm perf=0.000000 vp=0.500000 cap=200.000000
[1372021671.649444] vm=rubbos-hvm perf=0.000000 vp=0.500000 cap=200.000000
[1372021671.811981] vm=rubis-hvm perf=0.000000 vp=0.500000 cap=200.000000
[1372021677.195389] vm=rubbos-hvm perf=1.000000 vp=0.500000 cap=200.000000
[1372021677.355374] vm=rubis-hvm perf=1.000000 vp=0.500000 cap=200.000000
[1372021682.762682] vm=rubbos-hvm perf=1.000000 vp=0.500000 cap=200.000000
[1372021682.928536] vm=rubis-hvm perf=1.000000 vp=0.500000 cap=200.000000
[1372021688.312480] vm=rubbos-hvm perf=1.000000 vp=0.500000 cap=200.000000
[1372021688.483854] vm=rubis-hvm perf=1.000000 vp=0.500000 cap=200.000000
[1372021693.873272] vm=rubbos-hvm perf=1.000000 vp=0.500000 cap=200.000000
[1372021694.027525] vm=rubis-hvm perf=1.000000 vp=0.500000 cap=200.000000
[1372021699.404907] vm=rubbos-hvm perf=1.000000 vp=0.500000 cap=200.000000
[1372021699.584440] vm=rubis-hvm perf=1.000000 vp=0.500000 cap=200.000000
[1372021704.986806] vm=rubbos-hvm perf=1.000000 vp=0.500000 cap=200.000000
[1372021705.167362] vm=rubis-hvm perf=1.000000 vp=0.500000 cap=200.000000
[1372021710.529680] vm=rubbos-hvm perf=1.000000 vp=0.500000 cap=200.000000
[1372021710.705085] vm=rubis-hvm perf=1.000000 vp=0.500000 cap=200.000000
[1372021716.117642] vm=rubbos-hvm perf=1.000000 vp=0.500000 cap=200.000000
[1372021716.286282] vm=rubis-hvm perf=1.000000 vp=0.500000 cap=200.000000
[1372021721.668156] vm=rubbos-hvm perf=1.000000 vp=0.500000 cap=200.000000
[1372021721.815296] vm=rubis-hvm perf=1.000000 vp=0.500000 cap=200.000000
[1372021727.218284] vm=rubbos-hvm perf=1.000000 vp=0.500000 cap=200.000000
[1372021727.385622] vm=rubis-hvm perf=1.000000 vp=0.500000 cap=200.000000
[1372021732.791102] vm=rubbos-hvm perf=1.000000 vp=0.500000 cap=200.000000
[1372021733.001627] vm=rubis-hvm perf=1.000000 vp=0.500000 cap=200.000000
[1372021738.362379] vm=rubbos-hvm perf=1.000000 vp=0.500000 cap=200.000000
[1372021738.522281] vm=rubis-hvm perf=1.000000 vp=0.500000 cap=200.000000
[1372021743.899563] vm=rubbos-hvm perf=1.000000 vp=0.500000 cap=200.000000
[1372021744.065818] vm=rubis-hvm perf=1.000000 vp=0.500000 cap=200.000000
[1372021749.466391] vm=rubbos-hvm perf=1.000000 vp=0.500000 cap=200.000000
[1372021749.619253] vm=rubis-hvm perf=1.000000 vp=0.500000 cap=200.000000
[1372021755.030611] vm=rubbos-hvm perf=1.000000 vp=0.500000 cap=200.000000
[1372021755.185499] vm=rubis-hvm perf=1.000000 vp=0.500000 cap=200.000000
[1372021760.588420] vm=rubbos-hvm perf=1.000000 vp=0.500000 cap=200.000000
[1372021760.765501] vm=rubis-hvm perf=1.000000 vp=0.500000 cap=200.000000
[1372021766.166859] vm=rubbos-hvm perf=1.000000 vp=0.500000 cap=200.000000
[1372021766.337542] vm=rubis-hvm perf=1.000000 vp=0.500000 cap=200.000000
[1372021771.736076] vm=rubbos-hvm perf=1.000000 vp=0.500000 cap=200.000000
[1372021771.891327] vm=rubis-hvm perf=1.000000 vp=0.500000 cap=200.000000
[1372021777.281259] vm=rubbos-hvm perf=1.000000 vp=0.500000 cap=200.000000
[1372021777.438173] vm=rubis-hvm perf=1.000000 vp=0.500000 cap=200.000000
[1372021782.819986] vm=rubbos-hvm perf=1.000000 vp=0.500000 cap=200.000000
[1372021782.989578] vm=rubis-hvm perf=1.000000 vp=0.500000 cap=200.000000
[1372021788.380447] vm=rubbos-hvm perf=1.000000 vp=0.500000 cap=200.000000
[1372021788.538280] vm=rubis-hvm perf=1.000000 vp=0.500000 cap=200.000000
[1372021793.921510] vm=rubbos-hvm perf=1.000000 vp=0.500000 cap=200.000000
[1372021794.090373] vm=rubis-hvm perf=1.000000 vp=0.500000 cap=200.000000
[1372021799.450801] vm=rubbos-hvm perf=1.000000 vp=0.500000 cap=200.000000
[1372021799.613820] vm=rubis-hvm perf=1.000000 vp=0.500000 cap=200.000000
[1372021804.984142] vm=rubbos-hvm perf=1.000000 vp=0.500000 cap=200.000000
[1372021805.151055] vm=rubis-hvm perf=1.000000 vp=0.500000 cap=200.000000
[1372021810.547789] vm=rubbos-hvm perf=1.000000 vp=0.500000 cap=200.000000
[1372021810.702690] vm=rubis-hvm perf=1.000000 vp=0.500000 cap=200.000000
[1372021816.116271] vm=rubbos-hvm perf=1.000000 vp=0.500000 cap=200.000000
[1372021816.296379] vm=rubis-hvm perf=1.000000 vp=0.500000 cap=200.000000
[1372021821.675251] vm=rubbos-hvm perf=1.000000 vp=0.500000 cap=200.000000
[1372021821.848051] vm=rubis-hvm perf=1.000000 vp=0.500000 cap=200.000000
[1372021827.222164] vm=rubbos-hvm perf=1.000000 vp=0.500000 cap=200.000000
[1372021827.384551] vm=rubis-hvm perf=1.000000 vp=0.500000 cap=200.000000
[1372021832.775792] vm=rubbos-hvm perf=1.000000 vp=0.500000 cap=200.000000
[1372021832.951891] vm=rubis-hvm perf=1.000000 vp=0.500000 cap=200.000000
[1372021838.338459] vm=rubbos-hvm perf=1.000000 vp=0.500000 cap=200.000000
[1372021838.505351] vm=rubis-hvm perf=1.000000 vp=0.500000 cap=200.000000
[1372021843.890384] vm=rubbos-hvm perf=1.000000 vp=0.500000 cap=200.000000
[1372021844.059704] vm=rubis-hvm perf=1.000000 vp=0.500000 cap=200.000000
[1372021849.438345] vm=rubbos-hvm perf=1.000000 vp=0.500000 cap=200.000000
[1372021849.620914] vm=rubis-hvm perf=1.000000 vp=0.500000 cap=200.000000
[1372021855.020597] vm=rubbos-hvm perf=1.000000 vp=0.500000 cap=200.000000
[1372021855.188142] vm=rubis-hvm perf=1.000000 vp=0.500000 cap=200.000000
[1372021860.547704] vm=rubbos-hvm perf=1.000000 vp=0.500000 cap=200.000000
[1372021860.686905] vm=rubis-hvm perf=1.000000 vp=0.500000 cap=200.000000
[1372021866.085019] vm=rubbos-hvm perf=1.000000 vp=0.500000 cap=200.000000
[1372021866.246545] vm=rubis-hvm perf=1.000000 vp=0.500000 cap=200.000000
[1372021871.649773] vm=rubbos-hvm perf=1.000000 vp=0.500000 cap=200.000000
[1372021871.810934] vm=rubis-hvm perf=1.000000 vp=0.500000 cap=200.000000
[1372021877.173158] vm=rubbos-hvm perf=1.000000 vp=0.479438 cap=191.775266
[1372021877.338542] vm=rubis-hvm perf=-0.429579 vp=0.520562 cap=208.224734
[1372021882.749977] vm=rubbos-hvm perf=1.000000 vp=0.479438 cap=191.775266
[1372021882.917703] vm=rubis-hvm perf=0.235790 vp=0.520562 cap=208.224734
[1372021888.290548] vm=rubbos-hvm perf=1.000000 vp=0.479438 cap=191.775266
[1372021888.438954] vm=rubis-hvm perf=0.008924 vp=0.520562 cap=208.224734
[1372021893.826271] vm=rubbos-hvm perf=1.000000 vp=0.479438 cap=191.775266
[1372021893.986922] vm=rubis-hvm perf=1.000000 vp=0.520562 cap=208.224734
[1372021899.396359] vm=rubbos-hvm perf=1.000000 vp=0.479438 cap=191.775266
[1372021899.570210] vm=rubis-hvm perf=1.000000 vp=0.520562 cap=208.224734
[1372021904.955893] vm=rubbos-hvm perf=1.000000 vp=0.479438 cap=191.775266
[1372021905.102415] vm=rubis-hvm perf=0.305524 vp=0.520562 cap=208.224734
[1372021910.487633] vm=rubbos-hvm perf=1.000000 vp=0.461320 cap=184.528012
[1372021910.641756] vm=rubis-hvm perf=-0.279523 vp=0.538680 cap=215.471988
[1372021916.028817] vm=rubbos-hvm perf=1.000000 vp=0.441262 cap=176.504735
[1372021916.204907] vm=rubis-hvm perf=-0.474567 vp=0.558738 cap=223.495265
[1372021921.578840] vm=rubbos-hvm perf=1.000000 vp=0.441262 cap=176.504735
[1372021921.743489] vm=rubis-hvm perf=1.000000 vp=0.558738 cap=223.495265
[1372021927.180002] vm=rubbos-hvm perf=1.000000 vp=0.441262 cap=176.504735
[1372021927.347303] vm=rubis-hvm perf=0.322830 vp=0.558738 cap=223.495265
[1372021932.751453] vm=rubbos-hvm perf=1.000000 vp=0.441262 cap=176.504735
[1372021932.919816] vm=rubis-hvm perf=0.276049 vp=0.558738 cap=223.495265
[1372021938.309029] vm=rubbos-hvm perf=1.000000 vp=0.441262 cap=176.504735
[1372021938.459921] vm=rubis-hvm perf=0.297647 vp=0.558738 cap=223.495265
[1372021943.867788] vm=rubbos-hvm perf=1.000000 vp=0.441262 cap=176.504735
[1372021944.019193] vm=rubis-hvm perf=1.000000 vp=0.558738 cap=223.495265
[1372021949.451885] vm=rubbos-hvm perf=1.000000 vp=0.441262 cap=176.504735
[1372021949.608912] vm=rubis-hvm perf=0.546848 vp=0.558738 cap=223.495265
[1372021955.008231] vm=rubbos-hvm perf=1.000000 vp=0.441262 cap=176.504735
[1372021955.169807] vm=rubis-hvm perf=1.000000 vp=0.558738 cap=223.495265
[1372021960.562997] vm=rubbos-hvm perf=1.000000 vp=0.441262 cap=176.504735
[1372021960.715494] vm=rubis-hvm perf=0.958446 vp=0.558738 cap=223.495265
[1372021966.105798] vm=rubbos-hvm perf=1.000000 vp=0.424867 cap=169.946709
[1372021966.259982] vm=rubis-hvm perf=-0.191286 vp=0.575133 cap=230.053291
[1372021971.653045] vm=rubbos-hvm perf=1.000000 vp=0.409573 cap=163.829211
[1372021971.807527] vm=rubis-hvm perf=-0.111121 vp=0.590427 cap=236.170789
[1372021977.181301] vm=rubbos-hvm perf=1.000000 vp=0.409573 cap=163.829211
[1372021977.345933] vm=rubis-hvm perf=1.000000 vp=0.590427 cap=236.170789
[1372021982.755163] vm=rubbos-hvm perf=1.000000 vp=0.409573 cap=163.829211
[1372021982.928659] vm=rubis-hvm perf=0.139486 vp=0.590427 cap=236.170789
[1372021988.310810] vm=rubbos-hvm perf=1.000000 vp=0.409573 cap=163.829211
[1372021988.475192] vm=rubis-hvm perf=0.979798 vp=0.590427 cap=236.170789
[1372021993.897195] vm=rubbos-hvm perf=1.000000 vp=0.409573 cap=163.829211
[1372021994.070313] vm=rubis-hvm perf=0.467121 vp=0.590427 cap=236.170789
[1372021999.462378] vm=rubbos-hvm perf=1.000000 vp=0.409573 cap=163.829211
[1372021999.627084] vm=rubis-hvm perf=0.099145 vp=0.590427 cap=236.170789
[1372022004.980096] vm=rubbos-hvm perf=1.000000 vp=0.409573 cap=163.829211
[1372022005.159389] vm=rubis-hvm perf=0.277914 vp=0.590427 cap=236.170789
[1372022010.549802] vm=rubbos-hvm perf=1.000000 vp=0.409573 cap=163.829211
[1372022010.716087] vm=rubis-hvm perf=1.000000 vp=0.590427 cap=236.170789
[1372022016.104544] vm=rubbos-hvm perf=1.000000 vp=0.409573 cap=163.829211
[1372022016.289615] vm=rubis-hvm perf=0.136594 vp=0.590427 cap=236.170789
[1372022021.696821] vm=rubbos-hvm perf=1.000000 vp=0.389978 cap=155.991173
[1372022021.871906] vm=rubis-hvm perf=-0.603110 vp=0.610022 cap=244.008827
[1372022027.281906] vm=rubbos-hvm perf=1.000000 vp=0.389978 cap=155.991173
[1372022027.464754] vm=rubis-hvm perf=1.000000 vp=0.610022 cap=244.008827
[1372022032.864515] vm=rubbos-hvm perf=1.000000 vp=0.389978 cap=155.991173
[1372022033.029326] vm=rubis-hvm perf=1.000000 vp=0.610022 cap=244.008827
[1372022038.437682] vm=rubbos-hvm perf=1.000000 vp=0.389978 cap=155.991173
[1372022038.601422] vm=rubis-hvm perf=0.946492 vp=0.610022 cap=244.008827
[1372022044.004011] vm=rubbos-hvm perf=1.000000 vp=0.389978 cap=155.991173
[1372022044.169342] vm=rubis-hvm perf=1.000000 vp=0.610022 cap=244.008827
[1372022049.542193] vm=rubbos-hvm perf=1.000000 vp=0.389978 cap=155.991173
[1372022049.706524] vm=rubis-hvm perf=1.000000 vp=0.610022 cap=244.008827
[1372022055.118235] vm=rubbos-hvm perf=1.000000 vp=0.389978 cap=155.991173
[1372022055.278528] vm=rubis-hvm perf=1.000000 vp=0.610022 cap=244.008827
[1372022060.673434] vm=rubbos-hvm perf=1.000000 vp=0.389978 cap=155.991173
[1372022060.856212] vm=rubis-hvm perf=0.685326 vp=0.610022 cap=244.008827
[1372022066.224189] vm=rubbos-hvm perf=1.000000 vp=0.389978 cap=155.991173
[1372022066.381159] vm=rubis-hvm perf=0.201373 vp=0.610022 cap=244.008827
[1372022071.765891] vm=rubbos-hvm perf=1.000000 vp=0.389978 cap=155.991173
[1372022071.924037] vm=rubis-hvm perf=0.392554 vp=0.610022 cap=244.008827
[1372022077.339725] vm=rubbos-hvm perf=-0.327440 vp=0.398401 cap=159.360371
[1372022077.494248] vm=rubis-hvm perf=-0.152220 vp=0.601599 cap=240.639629
[1372022082.906398] vm=rubbos-hvm perf=-0.412503 vp=0.412171 cap=164.868236
[1372022083.079915] vm=rubis-hvm perf=-0.046855 vp=0.587829 cap=235.131764
[1372022088.499282] vm=rubbos-hvm perf=-0.268854 vp=0.431617 cap=172.646600
[1372022088.667982] vm=rubis-hvm perf=1.000000 vp=0.568383 cap=227.353400
[1372022094.087469] vm=rubbos-hvm perf=-0.316503 vp=0.447220 cap=178.887975
[1372022094.255727] vm=rubis-hvm perf=0.673187 vp=0.552780 cap=221.112025
[1372022099.659073] vm=rubbos-hvm perf=-0.157219 vp=0.454810 cap=181.923919
[1372022099.841535] vm=rubis-hvm perf=0.324488 vp=0.545190 cap=218.076081
[1372022105.225198] vm=rubbos-hvm perf=0.003792 vp=0.454810 cap=181.923919
[1372022105.397350] vm=rubis-hvm perf=0.650045 vp=0.545190 cap=218.076081
[1372022110.781101] vm=rubbos-hvm perf=0.011374 vp=0.454810 cap=181.923919
[1372022110.951078] vm=rubis-hvm perf=0.516498 vp=0.545190 cap=218.076081
[1372022116.360870] vm=rubbos-hvm perf=-0.353125 vp=0.451329 cap=180.531646
[1372022116.516983] vm=rubis-hvm perf=-0.550849 vp=0.548671 cap=219.468354
[1372022121.928735] vm=rubbos-hvm perf=-0.468105 vp=0.465402 cap=186.160869
[1372022122.108017] vm=rubis-hvm perf=-0.049375 vp=0.534598 cap=213.839131
[1372022127.519158] vm=rubbos-hvm perf=0.542086 vp=0.465402 cap=186.160869
[1372022127.705960] vm=rubis-hvm perf=0.362509 vp=0.534598 cap=213.839131
[1372022133.129172] vm=rubbos-hvm perf=0.069530 vp=0.465402 cap=186.160869
[1372022133.295097] vm=rubis-hvm perf=0.533663 vp=0.534598 cap=213.839131
[1372022138.709622] vm=rubbos-hvm perf=0.473657 vp=0.465402 cap=186.160869
[1372022138.891974] vm=rubis-hvm perf=1.000000 vp=0.534598 cap=213.839131
[1372022144.276478] vm=rubbos-hvm perf=0.196753 vp=0.465402 cap=186.160869
[1372022144.464682] vm=rubis-hvm perf=1.000000 vp=0.534598 cap=213.839131
[1372022149.877455] vm=rubbos-hvm perf=0.857287 vp=0.465402 cap=186.160869
[1372022150.061084] vm=rubis-hvm perf=1.000000 vp=0.534598 cap=213.839131
[1372022155.433593] vm=rubbos-hvm perf=0.525233 vp=0.465402 cap=186.160869
[1372022155.574361] vm=rubis-hvm perf=0.276950 vp=0.534598 cap=213.839131
[1372022160.986716] vm=rubbos-hvm perf=-0.028370 vp=0.469831 cap=187.932367
[1372022161.137176] vm=rubis-hvm perf=0.266561 vp=0.530169 cap=212.067633
[1372022166.509757] vm=rubbos-hvm perf=0.959902 vp=0.469831 cap=187.932367
[1372022166.685126] vm=rubis-hvm perf=0.025757 vp=0.530169 cap=212.067633
[1372022172.074812] vm=rubbos-hvm perf=0.198027 vp=0.469831 cap=187.932367
[1372022172.250758] vm=rubis-hvm perf=0.517066 vp=0.530169 cap=212.067633
[1372022177.651713] vm=rubbos-hvm perf=0.696589 vp=0.454011 cap=181.604389
[1372022177.812293] vm=rubis-hvm perf=-0.450029 vp=0.545989 cap=218.395611
[1372022183.193911] vm=rubbos-hvm perf=0.386997 vp=0.454011 cap=181.604389
[1372022183.377913] vm=rubis-hvm perf=0.542336 vp=0.545989 cap=218.395611
[1372022188.802143] vm=rubbos-hvm perf=0.247187 vp=0.454011 cap=181.604389
[1372022188.964353] vm=rubis-hvm perf=0.816851 vp=0.545989 cap=218.395611
[1372022194.355723] vm=rubbos-hvm perf=0.059911 vp=0.454011 cap=181.604389
[1372022194.532519] vm=rubis-hvm perf=0.741833 vp=0.545989 cap=218.395611
[1372022199.932399] vm=rubbos-hvm perf=0.281125 vp=0.454011 cap=181.604389
[1372022200.072486] vm=rubis-hvm perf=1.000000 vp=0.545989 cap=218.395611
[1372022205.448881] vm=rubbos-hvm perf=0.096118 vp=0.450278 cap=180.111053
[1372022205.617021] vm=rubis-hvm perf=-0.188777 vp=0.549722 cap=219.888947
[1372022211.046000] vm=rubbos-hvm perf=0.045297 vp=0.450278 cap=180.111053
[1372022211.210223] vm=rubis-hvm perf=1.000000 vp=0.549722 cap=219.888947
[1372022216.625517] vm=rubbos-hvm perf=0.166205 vp=0.446091 cap=178.436462
[1372022216.799582] vm=rubis-hvm perf=-0.144459 vp=0.553909 cap=221.563538
[1372022222.178619] vm=rubbos-hvm perf=-0.620021 vp=0.471144 cap=188.457558
[1372022222.366578] vm=rubis-hvm perf=1.000000 vp=0.528856 cap=211.542442
[1372022227.752392] vm=rubbos-hvm perf=-0.027330 vp=0.463344 cap=185.337604
[1372022227.931400] vm=rubis-hvm perf=-0.306598 vp=0.536656 cap=214.662396
[1372022233.352138] vm=rubbos-hvm perf=1.000000 vp=0.463344 cap=185.337604
[1372022233.509124] vm=rubis-hvm perf=0.608467 vp=0.536656 cap=214.662396
[1372022238.932248] vm=rubbos-hvm perf=0.087091 vp=0.463344 cap=185.337604
[1372022239.106463] vm=rubis-hvm perf=0.898261 vp=0.536656 cap=214.662396
[1372022244.485462] vm=rubbos-hvm perf=0.659018 vp=0.463344 cap=185.337604
[1372022244.652987] vm=rubis-hvm perf=0.771050 vp=0.536656 cap=214.662396
[1372022250.056365] vm=rubbos-hvm perf=0.204352 vp=0.457788 cap=183.115297
[1372022250.226953] vm=rubis-hvm perf=-0.199855 vp=0.542212 cap=216.884703
[1372022255.650125] vm=rubbos-hvm perf=0.757846 vp=0.457788 cap=183.115297
[1372022255.815826] vm=rubis-hvm perf=1.000000 vp=0.542212 cap=216.884703
[1372022261.211810] vm=rubbos-hvm perf=0.228626 vp=0.457788 cap=183.115297
[1372022261.353535] vm=rubis-hvm perf=0.836754 vp=0.542212 cap=216.884703
[1372022266.743364] vm=rubbos-hvm perf=0.308982 vp=0.457788 cap=183.115297
[1372022266.917357] vm=rubis-hvm perf=0.135159 vp=0.542212 cap=216.884703
[1372022272.312255] vm=rubbos-hvm perf=0.415841 vp=0.446483 cap=178.593124
[1372022272.484831] vm=rubis-hvm perf=-0.429335 vp=0.553517 cap=221.406876
[1372022277.899243] vm=rubbos-hvm perf=-0.775227 vp=0.461022 cap=184.408605
[1372022278.064736] vm=rubis-hvm perf=-0.418358 vp=0.538978 cap=215.591395
[1372022283.499763] vm=rubbos-hvm perf=-0.816981 vp=0.488675 cap=195.469884
[1372022283.696134] vm=rubis-hvm perf=1.000000 vp=0.511325 cap=204.530116
[1372022289.098872] vm=rubbos-hvm perf=-0.300486 vp=0.507650 cap=203.059810
[1372022289.242900] vm=rubis-hvm perf=1.000000 vp=0.492350 cap=196.940190
[1372022294.639567] vm=rubbos-hvm perf=-0.314526 vp=0.526472 cap=210.588971
[1372022294.787829] vm=rubis-hvm perf=1.000000 vp=0.473528 cap=189.411029
[1372022300.208776] vm=rubbos-hvm perf=0.366953 vp=0.526472 cap=210.588971
[1372022300.370614] vm=rubis-hvm perf=1.000000 vp=0.473528 cap=189.411029
[1372022305.754294] vm=rubbos-hvm perf=0.040081 vp=0.519410 cap=207.763841
[1372022305.904094] vm=rubis-hvm perf=-0.394419 vp=0.480590 cap=192.236159
[1372022311.291348] vm=rubbos-hvm perf=0.710145 vp=0.519410 cap=207.763841
[1372022311.439327] vm=rubis-hvm perf=0.228279 vp=0.480590 cap=192.236159
[1372022316.799685] vm=rubbos-hvm perf=0.246510 vp=0.519410 cap=207.763841
[1372022316.951320] vm=rubis-hvm perf=0.478881 vp=0.480590 cap=192.236159
[1372022322.350444] vm=rubbos-hvm perf=0.242060 vp=0.519410 cap=207.763841
[1372022322.516896] vm=rubis-hvm perf=1.000000 vp=0.480590 cap=192.236159
[1372022327.921861] vm=rubbos-hvm perf=0.567664 vp=0.510873 cap=204.349385
[1372022328.072310] vm=rubis-hvm perf=-0.010912 vp=0.489127 cap=195.650615
[1372022333.460146] vm=rubbos-hvm perf=0.136129 vp=0.510873 cap=204.349385
[1372022333.629569] vm=rubis-hvm perf=0.068202 vp=0.489127 cap=195.650615
[1372022339.007025] vm=rubbos-hvm perf=-0.046713 vp=0.526051 cap=210.420353
[1372022339.181261] vm=rubis-hvm perf=1.000000 vp=0.473949 cap=189.579647
[1372022344.589497] vm=rubbos-hvm perf=0.177094 vp=0.526051 cap=210.420353
[1372022344.764854] vm=rubis-hvm perf=1.000000 vp=0.473949 cap=189.579647
[1372022350.187686] vm=rubbos-hvm perf=0.354092 vp=0.517622 cap=207.048768
[1372022350.368349] vm=rubis-hvm perf=-0.196898 vp=0.482378 cap=192.951232
[1372022355.771913] vm=rubbos-hvm perf=0.303268 vp=0.517622 cap=207.048768
[1372022355.936867] vm=rubis-hvm perf=0.879978 vp=0.482378 cap=192.951232
[1372022361.329850] vm=rubbos-hvm perf=1.000000 vp=0.517622 cap=207.048768
[1372022361.517246] vm=rubis-hvm perf=0.001031 vp=0.482378 cap=192.951232
[1372022366.911121] vm=rubbos-hvm perf=0.367933 vp=0.517622 cap=207.048768
[1372022367.095640] vm=rubis-hvm perf=0.903773 vp=0.482378 cap=192.951232
[1372022372.505317] vm=rubbos-hvm perf=0.597511 vp=0.506405 cap=202.561947
[1372022372.673865] vm=rubis-hvm perf=-0.156382 vp=0.493595 cap=197.438053
[1372022378.105093] vm=rubbos-hvm perf=-0.139108 vp=0.507581 cap=203.032573
[1372022378.261419] vm=rubis-hvm perf=-0.096867 vp=0.492419 cap=196.967427
[1372022383.672822] vm=rubbos-hvm perf=-0.067041 vp=0.511799 cap=204.719750
[1372022383.822796] vm=rubis-hvm perf=0.218653 vp=0.488201 cap=195.280250
[1372022389.186161] vm=rubbos-hvm perf=-0.038035 vp=0.521062 cap=208.424907
[1372022389.361338] vm=rubis-hvm perf=0.593539 vp=0.478938 cap=191.575093
[1372022394.760043] vm=rubbos-hvm perf=-0.095226 vp=0.536811 cap=214.724312
[1372022394.931643] vm=rubis-hvm perf=1.000000 vp=0.463189 cap=185.275688
[1372022400.352553] vm=rubbos-hvm perf=0.181095 vp=0.533243 cap=213.297288
[1372022400.520700] vm=rubis-hvm perf=-0.051459 vp=0.466757 cap=186.702712
[1372022405.919505] vm=rubbos-hvm perf=-0.173056 vp=0.524189 cap=209.675793
[1372022406.079352] vm=rubis-hvm perf=-0.434456 vp=0.475811 cap=190.324207
[1372022411.466466] vm=rubbos-hvm perf=0.175735 vp=0.517990 cap=207.195937
[1372022411.647487] vm=rubis-hvm perf=-0.221029 vp=0.482010 cap=192.804063
[1372022417.019968] vm=rubbos-hvm perf=0.495328 vp=0.517990 cap=207.195937
[1372022417.202302] vm=rubis-hvm perf=0.297712 vp=0.482010 cap=192.804063
[1372022422.613647] vm=rubbos-hvm perf=0.259519 vp=0.517990 cap=207.195937
[1372022422.789019] vm=rubis-hvm perf=1.000000 vp=0.482010 cap=192.804063
[1372022428.158961] vm=rubbos-hvm perf=0.294669 vp=0.517990 cap=207.195937
[1372022428.315971] vm=rubis-hvm perf=1.000000 vp=0.482010 cap=192.804063
[1372022433.696001] vm=rubbos-hvm perf=0.290409 vp=0.517990 cap=207.195937
[1372022433.883633] vm=rubis-hvm perf=1.000000 vp=0.482010 cap=192.804063
[1372022439.268815] vm=rubbos-hvm perf=0.355271 vp=0.504089 cap=201.635709
[1372022439.433060] vm=rubis-hvm perf=-0.556670 vp=0.495911 cap=198.364291
[1372022444.820934] vm=rubbos-hvm perf=-0.294558 vp=0.497913 cap=199.165289
[1372022444.987269] vm=rubis-hvm perf=-0.493977 vp=0.502087 cap=200.834711
[1372022450.391429] vm=rubbos-hvm perf=-0.074984 vp=0.493337 cap=197.334728
[1372022450.545607] vm=rubis-hvm perf=-0.228799 vp=0.506663 cap=202.665272
[1372022455.931780] vm=rubbos-hvm perf=-0.239770 vp=0.511362 cap=204.544905
[1372022456.126196] vm=rubis-hvm perf=1.000000 vp=0.488638 cap=195.455095
[1372022461.561937] vm=rubbos-hvm perf=0.493760 vp=0.511362 cap=204.544905
[1372022461.742821] vm=rubis-hvm perf=1.000000 vp=0.488638 cap=195.455095
[1372022467.166140] vm=rubbos-hvm perf=0.099945 vp=0.511362 cap=204.544905
[1372022467.314074] vm=rubis-hvm perf=1.000000 vp=0.488638 cap=195.455095
[1372022472.691657] vm=rubbos-hvm perf=0.219917 vp=0.511362 cap=204.544905
[1372022472.866414] vm=rubis-hvm perf=0.197493 vp=0.488638 cap=195.455095
[1372022478.285345] vm=rubbos-hvm perf=0.155103 vp=0.511362 cap=204.544905
[1372022478.443246] vm=rubis-hvm perf=1.000000 vp=0.488638 cap=195.455095
[1372022483.829720] vm=rubbos-hvm perf=0.818030 vp=0.511362 cap=204.544905
[1372022483.986593] vm=rubis-hvm perf=1.000000 vp=0.488638 cap=195.455095
[1372022489.379618] vm=rubbos-hvm perf=0.227771 vp=0.511362 cap=204.544905
[1372022489.548090] vm=rubis-hvm perf=1.000000 vp=0.488638 cap=195.455095
[1372022494.939591] vm=rubbos-hvm perf=-0.056921 vp=0.526675 cap=210.669840
[1372022495.107376] vm=rubis-hvm perf=1.000000 vp=0.473325 cap=189.330160
[1372022500.499711] vm=rubbos-hvm perf=0.274899 vp=0.526675 cap=210.669840
[1372022500.647287] vm=rubis-hvm perf=1.000000 vp=0.473325 cap=189.330160
[1372022506.054836] vm=rubbos-hvm perf=0.557021 vp=0.526675 cap=210.669840
[1372022506.196770] vm=rubis-hvm perf=1.000000 vp=0.473325 cap=189.330160
[1372022511.604876] vm=rubbos-hvm perf=1.000000 vp=0.526675 cap=210.669840
[1372022511.775965] vm=rubis-hvm perf=1.000000 vp=0.473325 cap=189.330160
[1372022517.188379] vm=rubbos-hvm perf=1.000000 vp=0.526675 cap=210.669840
[1372022517.365139] vm=rubis-hvm perf=1.000000 vp=0.473325 cap=189.330160
[1372022522.751033] vm=rubbos-hvm perf=1.000000 vp=0.526675 cap=210.669840
[1372022522.904212] vm=rubis-hvm perf=1.000000 vp=0.473325 cap=189.330160
[1372022528.291576] vm=rubbos-hvm perf=0.639845 vp=0.526675 cap=210.669840
[1372022528.451612] vm=rubis-hvm perf=1.000000 vp=0.473325 cap=189.330160
[1372022533.846773] vm=rubbos-hvm perf=0.610276 vp=0.526675 cap=210.669840
[1372022534.008974] vm=rubis-hvm perf=1.000000 vp=0.473325 cap=189.330160
[1372022539.412676] vm=rubbos-hvm perf=0.923019 vp=0.526675 cap=210.669840
[1372022539.595049] vm=rubis-hvm perf=1.000000 vp=0.473325 cap=189.330160
[1372022544.975028] vm=rubbos-hvm perf=1.000000 vp=0.526675 cap=210.669840
[1372022545.140655] vm=rubis-hvm perf=1.000000 vp=0.473325 cap=189.330160
[1372022550.532740] vm=rubbos-hvm perf=-0.039513 vp=0.541672 cap=216.668913
[1372022550.695643] vm=rubis-hvm perf=1.000000 vp=0.458328 cap=183.331087
[1372022556.101714] vm=rubbos-hvm perf=0.148657 vp=0.541672 cap=216.668913
[1372022556.274854] vm=rubis-hvm perf=1.000000 vp=0.458328 cap=183.331087
[1372022561.698686] vm=rubbos-hvm perf=0.157381 vp=0.541672 cap=216.668913
[1372022561.863959] vm=rubis-hvm perf=1.000000 vp=0.458328 cap=183.331087
[1372022567.271476] vm=rubbos-hvm perf=0.139313 vp=0.541672 cap=216.668913
[1372022567.434906] vm=rubis-hvm perf=1.000000 vp=0.458328 cap=183.331087
[1372022572.775028] vm=rubbos-hvm perf=0.115718 vp=0.541672 cap=216.668913
[1372022572.928675] vm=rubis-hvm perf=1.000000 vp=0.458328 cap=183.331087
[1372022578.343865] vm=rubbos-hvm perf=-0.245514 vp=0.558983 cap=223.593213
[1372022578.492168] vm=rubis-hvm perf=1.000000 vp=0.441017 cap=176.406787
[1372022583.884754] vm=rubbos-hvm perf=0.326277 vp=0.558983 cap=223.593213
[1372022584.052024] vm=rubis-hvm perf=1.000000 vp=0.441017 cap=176.406787
[1372022589.445257] vm=rubbos-hvm perf=0.657760 vp=0.558983 cap=223.593213
[1372022589.625546] vm=rubis-hvm perf=1.000000 vp=0.441017 cap=176.406787
[1372022595.027589] vm=rubbos-hvm perf=0.105483 vp=0.558983 cap=223.593213
[1372022595.177498] vm=rubis-hvm perf=1.000000 vp=0.441017 cap=176.406787
[1372022600.566465] vm=rubbos-hvm perf=0.271343 vp=0.558983 cap=223.593213
[1372022600.712380] vm=rubis-hvm perf=1.000000 vp=0.441017 cap=176.406787
[1372022606.092116] vm=rubbos-hvm perf=0.124055 vp=0.558983 cap=223.593213
[1372022606.273638] vm=rubis-hvm perf=1.000000 vp=0.441017 cap=176.406787
[1372022611.667804] vm=rubbos-hvm perf=1.000000 vp=0.558983 cap=223.593213
[1372022611.823351] vm=rubis-hvm perf=1.000000 vp=0.441017 cap=176.406787
[1372022617.214714] vm=rubbos-hvm perf=0.375123 vp=0.558983 cap=223.593213
[1372022617.353224] vm=rubis-hvm perf=1.000000 vp=0.441017 cap=176.406787
[1372022622.769243] vm=rubbos-hvm perf=0.645117 vp=0.558983 cap=223.593213
[1372022622.935414] vm=rubis-hvm perf=1.000000 vp=0.441017 cap=176.406787
[1372022628.340529] vm=rubbos-hvm perf=0.586858 vp=0.558983 cap=223.593213
[1372022628.495230] vm=rubis-hvm perf=1.000000 vp=0.441017 cap=176.406787
[1372022633.870569] vm=rubbos-hvm perf=-0.040598 vp=0.573737 cap=229.494946
[1372022634.011142] vm=rubis-hvm perf=1.000000 vp=0.426263 cap=170.505054
[1372022639.386986] vm=rubbos-hvm perf=0.141931 vp=0.573737 cap=229.494946
[1372022639.540715] vm=rubis-hvm perf=1.000000 vp=0.426263 cap=170.505054
[1372022644.923549] vm=rubbos-hvm perf=-0.019752 vp=0.588124 cap=235.249583
[1372022645.100991] vm=rubis-hvm perf=1.000000 vp=0.411876 cap=164.750417
[1372022650.518281] vm=rubbos-hvm perf=0.642280 vp=0.588124 cap=235.249583
[1372022650.701448] vm=rubis-hvm perf=1.000000 vp=0.411876 cap=164.750417
[1372022656.097939] vm=rubbos-hvm perf=0.118411 vp=0.588124 cap=235.249583
[1372022656.266835] vm=rubis-hvm perf=1.000000 vp=0.411876 cap=164.750417
[1372022661.673081] vm=rubbos-hvm perf=0.676165 vp=0.588124 cap=235.249583
[1372022661.847921] vm=rubis-hvm perf=1.000000 vp=0.411876 cap=164.750417
[1372022667.275532] vm=rubbos-hvm perf=-0.024255 vp=0.602393 cap=240.957129
[1372022667.449387] vm=rubis-hvm perf=1.000000 vp=0.397607 cap=159.042871
