[1371802595.360698] latency=nan:nan:nan:nan:nan:(-nan)ms throughput=0rps rr=-nan% cr=-nan% errors=0 total=0
[1371802596.364690] latency=nan:nan:nan:nan:nan:(-nan)ms throughput=0rps rr=-nan% cr=-nan% errors=0 total=0
[1371802597.368664] latency=nan:nan:nan:nan:nan:(-nan)ms throughput=0rps rr=-nan% cr=-nan% errors=0 total=0
[1371802598.372623] latency=nan:nan:nan:nan:nan:(-nan)ms throughput=0rps rr=-nan% cr=-nan% errors=0 total=0
[1371802599.376654] latency=nan:nan:nan:nan:nan:(-nan)ms throughput=0rps rr=-nan% cr=-nan% errors=0 total=0
[1371802600.380670] latency=nan:nan:nan:nan:nan:(-nan)ms throughput=0rps rr=-nan% cr=-nan% errors=0 total=0
[1371802601.384659] latency=nan:nan:nan:nan:nan:(-nan)ms throughput=0rps rr=-nan% cr=-nan% errors=0 total=0
[1371802602.388646] latency=nan:nan:nan:nan:nan:(-nan)ms throughput=0rps rr=-nan% cr=-nan% errors=0 total=0
[1371802603.392664] latency=nan:nan:nan:nan:nan:(-nan)ms throughput=0rps rr=-nan% cr=-nan% errors=0 total=0
[1371802604.396658] latency=nan:nan:nan:nan:nan:(-nan)ms throughput=0rps rr=-nan% cr=-nan% errors=0 total=0
[1371802604.396902] set thinktime=0.100000
[1371802605.400636] latency=nan:nan:nan:nan:nan:(-nan)ms throughput=0rps rr=-nan% cr=-nan% errors=0 total=0
[1371802605.400780] set concurrency=1
[1371802606.404693] latency=3:4:8:13:15:(9)ms throughput=7rps rr=42.86% cr=42.86% errors=0 total=7
[1371802607.408677] latency=10:12:13:13:16:(13)ms throughput=9rps rr=100.00% cr=100.00% errors=0 total=16
[1371802608.412677] latency=11:13:14:14:16:(14)ms throughput=8rps rr=100.00% cr=100.00% errors=0 total=24
[1371802609.416713] latency=9:12:15:15:17:(14)ms throughput=9rps rr=100.00% cr=100.00% errors=0 total=33
[1371802610.420699] latency=9:10:13:16:18:(13)ms throughput=11rps rr=100.00% cr=100.00% errors=0 total=44
[1371802611.424684] latency=12:13:14:15:17:(14)ms throughput=12rps rr=100.00% cr=100.00% errors=0 total=56
[1371802612.428728] latency=12:14:16:17:17:(16)ms throughput=9rps rr=100.00% cr=100.00% errors=0 total=65
[1371802613.432726] latency=10:12:16:18:20:(15)ms throughput=12rps rr=100.00% cr=100.00% errors=0 total=77
[1371802614.436684] latency=9:10:12:12:15:(12)ms throughput=7rps rr=100.00% cr=100.00% errors=0 total=84
[1371802615.440662] latency=12:12:14:15:18:(14)ms throughput=8rps rr=100.00% cr=100.00% errors=0 total=92
[1371802616.444669] latency=10:11:12:13:15:(12)ms throughput=8rps rr=100.00% cr=100.00% errors=0 total=100
[1371802617.448707] latency=11:11:13:15:16:(14)ms throughput=3rps rr=100.00% cr=100.00% errors=0 total=103
[1371802618.452716] latency=9:13:15:17:18:(15)ms throughput=8rps rr=100.00% cr=100.00% errors=0 total=111
[1371802619.456748] latency=10:11:14:16:18:(14)ms throughput=9rps rr=100.00% cr=100.00% errors=0 total=120
[1371802620.460680] latency=10:14:15:16:19:(15)ms throughput=8rps rr=100.00% cr=100.00% errors=0 total=128
[1371802621.464698] latency=10:12:15:17:17:(14)ms throughput=4rps rr=100.00% cr=100.00% errors=0 total=132
[1371802622.468736] latency=10:12:13:13:18:(13)ms throughput=12rps rr=100.00% cr=100.00% errors=0 total=144
[1371802623.472673] latency=10:12:15:18:19:(15)ms throughput=6rps rr=100.00% cr=100.00% errors=0 total=150
[1371802624.476683] latency=12:13:15:17:19:(15)ms throughput=8rps rr=100.00% cr=100.00% errors=0 total=158
[1371802625.480711] latency=12:13:14:17:19:(15)ms throughput=4rps rr=100.00% cr=100.00% errors=0 total=162
[1371802626.484740] latency=10:13:15:16:16:(14)ms throughput=6rps rr=100.00% cr=100.00% errors=0 total=168
[1371802627.488666] latency=11:12:13:15:18:(14)ms throughput=8rps rr=100.00% cr=100.00% errors=0 total=176
[1371802628.492732] latency=12:13:15:17:18:(15)ms throughput=11rps rr=100.00% cr=100.00% errors=0 total=187
[1371802629.496665] latency=11:12:13:14:17:(14)ms throughput=9rps rr=100.00% cr=100.00% errors=0 total=196
[1371802630.500728] latency=7:11:15:16:17:(14)ms throughput=10rps rr=100.00% cr=100.00% errors=0 total=206
[1371802631.504739] latency=12:13:15:19:21:(16)ms throughput=4rps rr=100.00% cr=100.00% errors=0 total=210
[1371802632.512745] latency=9:10:13:15:17:(13)ms throughput=8rps rr=100.00% cr=100.00% errors=0 total=218
[1371802633.516713] latency=10:11:13:16:17:(14)ms throughput=12rps rr=100.00% cr=100.00% errors=0 total=230
[1371802634.520751] latency=13:13:15:17:18:(15)ms throughput=4rps rr=100.00% cr=100.00% errors=0 total=234
[1371802635.524670] latency=9:11:14:17:19:(14)ms throughput=11rps rr=100.00% cr=100.00% errors=0 total=245
[1371802636.528681] latency=12:13:13:16:21:(15)ms throughput=5rps rr=100.00% cr=100.00% errors=0 total=250
[1371802637.532652] latency=11:13:14:17:18:(14)ms throughput=10rps rr=100.00% cr=100.00% errors=0 total=260
[1371802638.536667] latency=12:12:14:15:17:(14)ms throughput=6rps rr=100.00% cr=100.00% errors=0 total=266
[1371802639.540686] latency=11:12:13:14:15:(13)ms throughput=7rps rr=100.00% cr=100.00% errors=0 total=273
[1371802640.544736] latency=12:12:14:15:19:(14)ms throughput=12rps rr=100.00% cr=100.00% errors=0 total=285
[1371802641.548733] latency=11:13:14:16:17:(14)ms throughput=11rps rr=100.00% cr=100.00% errors=0 total=296
[1371802642.552720] latency=10:12:14:17:19:(14)ms throughput=13rps rr=100.00% cr=100.00% errors=0 total=309
[1371802643.556747] latency=14:14:14:16:17:(15)ms throughput=5rps rr=100.00% cr=100.00% errors=0 total=314
[1371802644.560707] latency=12:13:15:16:18:(15)ms throughput=6rps rr=100.00% cr=100.00% errors=0 total=320
[1371802645.564708] latency=10:11:12:15:18:(13)ms throughput=8rps rr=100.00% cr=100.00% errors=0 total=328
[1371802646.568708] latency=9:10:13:14:15:(12)ms throughput=15rps rr=100.00% cr=100.00% errors=0 total=343
[1371802647.572702] latency=12:12:16:17:18:(15)ms throughput=11rps rr=100.00% cr=100.00% errors=0 total=354
[1371802648.576736] latency=12:12:13:13:13:(13)ms throughput=3rps rr=100.00% cr=100.00% errors=0 total=357
[1371802649.580674] latency=10:12:13:17:18:(14)ms throughput=8rps rr=100.00% cr=100.00% errors=0 total=365
[1371802650.584716] latency=10:10:13:16:17:(13)ms throughput=11rps rr=100.00% cr=100.00% errors=0 total=376
[1371802651.588659] latency=11:12:13:15:18:(14)ms throughput=10rps rr=100.00% cr=100.00% errors=0 total=386
[1371802652.592679] latency=11:12:15:17:20:(15)ms throughput=11rps rr=100.00% cr=100.00% errors=0 total=397
[1371802653.596646] latency=11:12:13:14:20:(14)ms throughput=10rps rr=100.00% cr=100.00% errors=0 total=407
[1371802654.600675] latency=11:12:14:15:18:(14)ms throughput=14rps rr=100.00% cr=100.00% errors=0 total=421
[1371802655.604695] latency=14:14:14:16:16:(15)ms throughput=5rps rr=100.00% cr=100.00% errors=0 total=426
[1371802656.608670] latency=11:11:13:15:16:(14)ms throughput=3rps rr=100.00% cr=100.00% errors=0 total=429
[1371802657.612692] latency=9:13:15:16:17:(14)ms throughput=16rps rr=100.00% cr=100.00% errors=0 total=445
[1371802658.616737] latency=9:12:14:16:18:(14)ms throughput=12rps rr=100.00% cr=100.00% errors=0 total=457
[1371802659.620710] latency=10:11:15:17:19:(14)ms throughput=11rps rr=100.00% cr=100.00% errors=0 total=468
[1371802660.624680] latency=12:13:13:13:15:(13)ms throughput=9rps rr=100.00% cr=100.00% errors=0 total=477
[1371802661.628665] latency=10:12:14:17:21:(15)ms throughput=7rps rr=100.00% cr=100.00% errors=0 total=484
[1371802662.632678] latency=12:15:15:17:19:(16)ms throughput=7rps rr=100.00% cr=100.00% errors=0 total=491
[1371802663.636647] latency=12:13:14:15:16:(14)ms throughput=6rps rr=100.00% cr=100.00% errors=0 total=497
[1371802664.640714] latency=9:11:12:14:18:(13)ms throughput=9rps rr=100.00% cr=100.00% errors=0 total=506
[1371802665.644614] latency=7:13:14:15:18:(13)ms throughput=10rps rr=100.00% cr=100.00% errors=0 total=516
[1371802666.648650] latency=9:12:14:15:17:(14)ms throughput=12rps rr=100.00% cr=100.00% errors=0 total=528
[1371802667.652641] latency=10:12:15:17:67:(19)ms throughput=12rps rr=100.00% cr=100.00% errors=0 total=540
[1371802668.656630] latency=10:12:16:16:17:(15)ms throughput=7rps rr=100.00% cr=100.00% errors=0 total=547
[1371802669.660625] latency=11:12:14:16:21:(15)ms throughput=9rps rr=100.00% cr=100.00% errors=0 total=556
[1371802670.664611] latency=11:12:13:15:17:(14)ms throughput=13rps rr=100.00% cr=100.00% errors=0 total=569
[1371802671.668657] latency=8:10:11:13:18:(12)ms throughput=11rps rr=100.00% cr=100.00% errors=0 total=580
[1371802672.672696] latency=9:10:13:15:19:(14)ms throughput=15rps rr=100.00% cr=100.00% errors=0 total=595
[1371802673.676702] latency=13:13:14:16:17:(14)ms throughput=8rps rr=100.00% cr=100.00% errors=0 total=603
[1371802674.680636] latency=10:12:13:16:18:(14)ms throughput=11rps rr=100.00% cr=100.00% errors=0 total=614
[1371802675.684692] latency=9:10:14:15:16:(13)ms throughput=11rps rr=100.00% cr=100.00% errors=0 total=625
[1371802676.688675] latency=11:12:14:15:19:(14)ms throughput=7rps rr=100.00% cr=100.00% errors=0 total=632
[1371802677.692712] latency=6:11:13:16:19:(14)ms throughput=9rps rr=100.00% cr=100.00% errors=0 total=641
[1371802678.696634] latency=11:12:13:16:17:(14)ms throughput=8rps rr=100.00% cr=100.00% errors=0 total=649
[1371802679.700670] latency=11:12:13:15:18:(14)ms throughput=11rps rr=100.00% cr=100.00% errors=0 total=660
[1371802680.704678] latency=9:12:13:15:16:(13)ms throughput=13rps rr=100.00% cr=100.00% errors=0 total=673
[1371802681.708699] latency=8:11:12:15:19:(13)ms throughput=11rps rr=100.00% cr=100.00% errors=0 total=684
[1371802682.712817] latency=13:14:15:16:18:(15)ms throughput=9rps rr=100.00% cr=100.00% errors=0 total=693
[1371802683.716833] latency=11:11:13:15:15:(13)ms throughput=5rps rr=100.00% cr=100.00% errors=0 total=698
[1371802684.720661] latency=10:12:14:16:16:(14)ms throughput=10rps rr=100.00% cr=100.00% errors=0 total=708
[1371802685.724669] latency=9:11:14:17:17:(14)ms throughput=9rps rr=100.00% cr=100.00% errors=0 total=717
[1371802686.728646] latency=9:10:12:15:19:(13)ms throughput=12rps rr=100.00% cr=100.00% errors=0 total=729
[1371802687.732710] latency=10:12:13:15:18:(14)ms throughput=9rps rr=100.00% cr=100.00% errors=0 total=738
[1371802688.736671] latency=9:10:13:16:19:(14)ms throughput=11rps rr=100.00% cr=100.00% errors=0 total=749
[1371802689.740657] latency=12:12:16:17:19:(15)ms throughput=5rps rr=100.00% cr=100.00% errors=0 total=754
[1371802690.744640] latency=11:12:13:13:16:(13)ms throughput=7rps rr=100.00% cr=100.00% errors=0 total=761
[1371802691.748695] latency=9:13:16:17:19:(15)ms throughput=9rps rr=100.00% cr=100.00% errors=0 total=770
[1371802692.752672] latency=9:13:14:15:17:(14)ms throughput=10rps rr=100.00% cr=100.00% errors=0 total=780
[1371802693.756677] latency=10:11:13:15:17:(13)ms throughput=7rps rr=100.00% cr=100.00% errors=0 total=787
[1371802694.760666] latency=11:11:13:15:18:(14)ms throughput=7rps rr=100.00% cr=100.00% errors=0 total=794
[1371802695.764660] latency=10:12:13:15:16:(13)ms throughput=8rps rr=100.00% cr=100.00% errors=0 total=802
[1371802696.768640] latency=11:11:12:14:17:(13)ms throughput=3rps rr=100.00% cr=100.00% errors=0 total=805
[1371802697.772691] latency=12:12:15:17:17:(14)ms throughput=6rps rr=100.00% cr=100.00% errors=0 total=811
[1371802698.776642] latency=13:14:15:50:83:(32)ms throughput=4rps rr=100.00% cr=100.00% errors=0 total=815
[1371802699.780701] latency=12:13:15:16:17:(15)ms throughput=5rps rr=100.00% cr=100.00% errors=0 total=820
[1371802700.784685] latency=7:11:12:15:19:(13)ms throughput=9rps rr=100.00% cr=100.00% errors=0 total=829
[1371802701.788682] latency=10:10:15:15:17:(13)ms throughput=7rps rr=100.00% cr=100.00% errors=0 total=836
[1371802702.792634] latency=10:13:16:16:17:(15)ms throughput=10rps rr=100.00% cr=100.00% errors=0 total=846
[1371802703.796697] latency=10:12:13:16:19:(14)ms throughput=12rps rr=100.00% cr=100.00% errors=0 total=858
[1371802704.800636] latency=12:13:15:16:17:(15)ms throughput=9rps rr=100.00% cr=100.00% errors=0 total=867
[1371802705.804705] latency=10:11:12:15:17:(13)ms throughput=7rps rr=100.00% cr=100.00% errors=0 total=874
[1371802706.808646] latency=11:12:14:16:17:(14)ms throughput=7rps rr=100.00% cr=100.00% errors=0 total=881
[1371802707.812699] latency=7:13:14:15:18:(13)ms throughput=15rps rr=100.00% cr=100.00% errors=0 total=896
[1371802708.816656] latency=9:12:14:15:17:(14)ms throughput=9rps rr=100.00% cr=100.00% errors=0 total=905
[1371802709.820658] latency=12:13:15:16:16:(14)ms throughput=8rps rr=100.00% cr=100.00% errors=0 total=913
[1371802710.824650] latency=10:10:14:15:17:(14)ms throughput=7rps rr=100.00% cr=100.00% errors=0 total=920
[1371802711.828706] latency=11:11:13:15:18:(13)ms throughput=14rps rr=100.00% cr=100.00% errors=0 total=934
[1371802712.832680] latency=12:12:16:17:18:(15)ms throughput=8rps rr=100.00% cr=100.00% errors=0 total=942
[1371802713.836658] latency=10:12:13:16:17:(14)ms throughput=8rps rr=100.00% cr=100.00% errors=0 total=950
[1371802714.840678] latency=10:11:12:13:16:(12)ms throughput=8rps rr=100.00% cr=100.00% errors=0 total=958
[1371802715.844664] latency=10:13:14:15:16:(14)ms throughput=10rps rr=100.00% cr=100.00% errors=0 total=968
[1371802716.848692] latency=9:11:12:16:18:(13)ms throughput=10rps rr=100.00% cr=100.00% errors=0 total=978
[1371802717.852709] latency=12:14:16:17:18:(15)ms throughput=10rps rr=100.00% cr=100.00% errors=0 total=988
[1371802718.856684] latency=10:13:14:15:17:(14)ms throughput=11rps rr=100.00% cr=100.00% errors=0 total=999
[1371802719.860675] latency=11:13:15:16:17:(14)ms throughput=6rps rr=100.00% cr=100.00% errors=0 total=1005
[1371802720.864649] latency=9:13:14:16:17:(14)ms throughput=6rps rr=100.00% cr=100.00% errors=0 total=1011
[1371802721.868698] latency=8:12:13:16:18:(13)ms throughput=12rps rr=100.00% cr=100.00% errors=0 total=1023
[1371802722.872694] latency=10:14:15:16:17:(15)ms throughput=7rps rr=100.00% cr=100.00% errors=0 total=1030
[1371802723.876670] latency=13:14:14:16:16:(14)ms throughput=5rps rr=100.00% cr=100.00% errors=0 total=1035
[1371802724.880702] latency=10:12:13:17:20:(14)ms throughput=10rps rr=100.00% cr=100.00% errors=0 total=1045
[1371802725.884694] latency=10:13:13:15:16:(13)ms throughput=10rps rr=100.00% cr=100.00% errors=0 total=1055
[1371802726.888665] latency=11:12:13:13:14:(13)ms throughput=7rps rr=100.00% cr=100.00% errors=0 total=1062
[1371802727.892668] latency=11:12:14:15:18:(14)ms throughput=11rps rr=100.00% cr=100.00% errors=0 total=1073
[1371802728.896639] latency=10:13:14:15:18:(14)ms throughput=11rps rr=100.00% cr=100.00% errors=0 total=1084
[1371802729.900689] latency=9:13:15:17:18:(15)ms throughput=11rps rr=100.00% cr=100.00% errors=0 total=1095
[1371802730.904681] latency=10:12:14:18:18:(14)ms throughput=10rps rr=100.00% cr=100.00% errors=0 total=1105
[1371802731.908638] latency=10:11:13:18:18:(14)ms throughput=8rps rr=100.00% cr=100.00% errors=0 total=1113
[1371802732.912668] latency=12:12:14:16:19:(14)ms throughput=8rps rr=100.00% cr=100.00% errors=0 total=1121
[1371802733.916684] latency=10:12:13:15:16:(13)ms throughput=10rps rr=100.00% cr=100.00% errors=0 total=1131
[1371802734.920629] latency=12:14:15:16:17:(15)ms throughput=8rps rr=100.00% cr=100.00% errors=0 total=1139
[1371802735.924662] latency=9:10:11:14:15:(12)ms throughput=8rps rr=100.00% cr=100.00% errors=0 total=1147
[1371802736.928630] latency=11:12:13:14:15:(13)ms throughput=4rps rr=100.00% cr=100.00% errors=0 total=1151
[1371802737.932644] latency=11:12:12:15:17:(13)ms throughput=12rps rr=100.00% cr=100.00% errors=0 total=1163
[1371802738.936680] latency=7:11:12:14:16:(12)ms throughput=7rps rr=100.00% cr=100.00% errors=0 total=1170
[1371802739.940634] latency=11:12:13:16:16:(14)ms throughput=7rps rr=100.00% cr=100.00% errors=0 total=1177
[1371802740.944665] latency=10:10:14:16:17:(13)ms throughput=7rps rr=100.00% cr=100.00% errors=0 total=1184
[1371802741.948625] latency=12:13:15:17:17:(15)ms throughput=4rps rr=100.00% cr=100.00% errors=0 total=1188
[1371802742.952617] latency=12:12:15:16:17:(14)ms throughput=6rps rr=100.00% cr=100.00% errors=0 total=1194
[1371802743.956671] latency=11:12:14:16:18:(14)ms throughput=11rps rr=100.00% cr=100.00% errors=0 total=1205
[1371802744.960669] latency=10:12:15:16:17:(14)ms throughput=8rps rr=100.00% cr=100.00% errors=0 total=1213
[1371802745.964666] latency=11:13:15:16:16:(14)ms throughput=6rps rr=100.00% cr=100.00% errors=0 total=1219
[1371802746.968638] latency=10:12:15:17:18:(14)ms throughput=8rps rr=100.00% cr=100.00% errors=0 total=1227
[1371802747.972634] latency=11:13:14:16:18:(15)ms throughput=11rps rr=100.00% cr=100.00% errors=0 total=1238
[1371802748.976666] latency=11:12:14:14:16:(13)ms throughput=9rps rr=100.00% cr=100.00% errors=0 total=1247
[1371802749.980674] latency=12:13:13:15:18:(14)ms throughput=9rps rr=100.00% cr=100.00% errors=0 total=1256
[1371802750.984646] latency=14:14:17:24:40:(20)ms throughput=8rps rr=100.00% cr=100.00% errors=0 total=1264
[1371802751.988625] latency=8:13:16:19:24:(16)ms throughput=13rps rr=100.00% cr=100.00% errors=0 total=1277
[1371802752.992623] latency=11:11:16:17:19:(15)ms throughput=7rps rr=100.00% cr=100.00% errors=0 total=1284
[1371802753.996616] latency=13:13:14:15:16:(14)ms throughput=3rps rr=100.00% cr=100.00% errors=0 total=1287
[1371802755.000666] latency=12:13:15:17:20:(15)ms throughput=9rps rr=100.00% cr=100.00% errors=0 total=1296
[1371802756.004690] latency=11:12:16:18:19:(15)ms throughput=7rps rr=100.00% cr=100.00% errors=0 total=1303
[1371802757.008673] latency=9:12:13:14:18:(13)ms throughput=6rps rr=100.00% cr=100.00% errors=0 total=1309
[1371802758.012655] latency=9:11:14:15:18:(13)ms throughput=12rps rr=100.00% cr=100.00% errors=0 total=1321
[1371802759.016665] latency=8:11:14:16:19:(14)ms throughput=12rps rr=100.00% cr=100.00% errors=0 total=1333
[1371802760.020683] latency=12:12:15:16:18:(15)ms throughput=5rps rr=100.00% cr=100.00% errors=0 total=1338
[1371802761.024641] latency=11:12:13:15:18:(14)ms throughput=11rps rr=100.00% cr=100.00% errors=0 total=1349
[1371802762.028687] latency=9:13:15:17:18:(15)ms throughput=16rps rr=100.00% cr=100.00% errors=0 total=1365
[1371802763.032641] latency=10:11:13:14:15:(13)ms throughput=6rps rr=100.00% cr=100.00% errors=0 total=1371
[1371802764.036634] latency=11:11:13:13:16:(13)ms throughput=5rps rr=100.00% cr=100.00% errors=0 total=1376
[1371802765.040632] latency=10:11:15:16:18:(14)ms throughput=8rps rr=100.00% cr=100.00% errors=0 total=1384
[1371802766.044660] latency=11:11:14:16:17:(14)ms throughput=5rps rr=100.00% cr=100.00% errors=0 total=1389
[1371802767.048694] latency=11:14:15:16:18:(15)ms throughput=8rps rr=100.00% cr=100.00% errors=0 total=1397
[1371802768.052649] latency=10:10:14:16:17:(13)ms throughput=9rps rr=100.00% cr=100.00% errors=0 total=1406
[1371802769.056633] latency=11:11:13:14:15:(13)ms throughput=7rps rr=100.00% cr=100.00% errors=0 total=1413
[1371802770.060658] latency=10:13:14:16:18:(14)ms throughput=9rps rr=100.00% cr=100.00% errors=0 total=1422
[1371802771.064669] latency=10:11:12:13:18:(13)ms throughput=9rps rr=100.00% cr=100.00% errors=0 total=1431
[1371802772.068616] latency=11:11:15:18:21:(15)ms throughput=3rps rr=100.00% cr=100.00% errors=0 total=1434
[1371802773.072672] latency=10:12:14:14:16:(14)ms throughput=9rps rr=100.00% cr=100.00% errors=0 total=1443
[1371802774.076687] latency=10:12:13:15:18:(14)ms throughput=11rps rr=100.00% cr=100.00% errors=0 total=1454
[1371802775.080667] latency=7:11:13:15:19:(13)ms throughput=12rps rr=100.00% cr=100.00% errors=0 total=1466
[1371802776.084646] latency=11:14:16:18:19:(16)ms throughput=9rps rr=100.00% cr=100.00% errors=0 total=1475
[1371802777.088655] latency=9:12:15:17:19:(14)ms throughput=12rps rr=100.00% cr=100.00% errors=0 total=1487
[1371802778.092692] latency=8:11:14:16:18:(14)ms throughput=12rps rr=100.00% cr=100.00% errors=0 total=1499
[1371802779.096672] latency=11:13:14:16:18:(14)ms throughput=12rps rr=100.00% cr=100.00% errors=0 total=1511
[1371802780.100671] latency=10:14:16:16:20:(15)ms throughput=9rps rr=100.00% cr=100.00% errors=0 total=1520
[1371802781.104645] latency=10:12:15:16:16:(14)ms throughput=6rps rr=100.00% cr=100.00% errors=0 total=1526
[1371802782.108649] latency=8:11:14:16:17:(13)ms throughput=14rps rr=100.00% cr=100.00% errors=0 total=1540
[1371802783.112680] latency=10:13:14:15:19:(14)ms throughput=11rps rr=100.00% cr=100.00% errors=0 total=1551
[1371802784.116687] latency=12:14:16:16:18:(16)ms throughput=9rps rr=100.00% cr=100.00% errors=0 total=1560
[1371802785.120641] latency=10:12:14:16:19:(14)ms throughput=17rps rr=100.00% cr=100.00% errors=0 total=1577
[1371802786.124649] latency=8:12:14:16:20:(14)ms throughput=14rps rr=100.00% cr=100.00% errors=0 total=1591
[1371802787.128623] latency=11:13:15:17:19:(15)ms throughput=10rps rr=100.00% cr=100.00% errors=0 total=1601
[1371802788.132650] latency=10:13:15:18:19:(15)ms throughput=7rps rr=100.00% cr=100.00% errors=0 total=1608
[1371802789.136663] latency=12:12:13:16:17:(14)ms throughput=4rps rr=100.00% cr=100.00% errors=0 total=1612
[1371802790.140683] latency=12:12:14:16:19:(15)ms throughput=5rps rr=100.00% cr=100.00% errors=0 total=1617
[1371802791.144644] latency=11:11:12:14:18:(13)ms throughput=5rps rr=100.00% cr=100.00% errors=0 total=1622
[1371802792.148636] latency=11:12:13:14:18:(13)ms throughput=12rps rr=100.00% cr=100.00% errors=0 total=1634
[1371802793.152696] latency=11:12:16:18:19:(15)ms throughput=11rps rr=100.00% cr=100.00% errors=0 total=1645
[1371802794.156665] latency=9:13:14:17:21:(15)ms throughput=12rps rr=100.00% cr=100.00% errors=0 total=1657
[1371802795.160638] latency=12:13:15:16:19:(15)ms throughput=8rps rr=100.00% cr=100.00% errors=0 total=1665
[1371802796.164658] latency=13:14:15:16:17:(15)ms throughput=8rps rr=100.00% cr=100.00% errors=0 total=1673
[1371802797.168700] latency=10:12:13:16:19:(14)ms throughput=11rps rr=100.00% cr=100.00% errors=0 total=1684
[1371802798.172633] latency=9:13:14:17:18:(14)ms throughput=11rps rr=100.00% cr=100.00% errors=0 total=1695
[1371802799.176647] latency=11:13:14:15:19:(14)ms throughput=12rps rr=100.00% cr=100.00% errors=0 total=1707
[1371802800.180643] latency=11:12:15:16:20:(15)ms throughput=11rps rr=100.00% cr=100.00% errors=0 total=1718
[1371802801.184699] latency=11:11:14:16:18:(14)ms throughput=11rps rr=100.00% cr=100.00% errors=0 total=1729
[1371802802.188677] latency=12:12:15:16:18:(15)ms throughput=10rps rr=100.00% cr=100.00% errors=0 total=1739
[1371802803.192694] latency=12:13:15:17:20:(15)ms throughput=11rps rr=100.00% cr=100.00% errors=0 total=1750
[1371802804.196681] latency=9:11:12:15:16:(13)ms throughput=10rps rr=100.00% cr=100.00% errors=0 total=1760
[1371802805.200708] latency=10:12:14:15:20:(14)ms throughput=11rps rr=100.00% cr=100.00% errors=0 total=1771
[1371802806.204642] latency=15:15:17:18:19:(17)ms throughput=5rps rr=100.00% cr=100.00% errors=0 total=1776
[1371802807.208694] latency=11:13:14:17:17:(14)ms throughput=6rps rr=100.00% cr=100.00% errors=0 total=1782
[1371802808.212622] latency=9:12:14:15:20:(14)ms throughput=9rps rr=100.00% cr=100.00% errors=0 total=1791
[1371802809.216628] latency=10:11:14:17:18:(14)ms throughput=9rps rr=100.00% cr=100.00% errors=0 total=1800
[1371802810.220652] latency=12:15:16:17:19:(16)ms throughput=6rps rr=100.00% cr=100.00% errors=0 total=1806
[1371802811.224659] latency=9:12:13:14:15:(13)ms throughput=7rps rr=100.00% cr=100.00% errors=0 total=1813
[1371802812.228656] latency=11:12:14:15:17:(14)ms throughput=9rps rr=100.00% cr=100.00% errors=0 total=1822
[1371802813.232656] latency=12:13:15:19:63:(23)ms throughput=6rps rr=100.00% cr=100.00% errors=0 total=1828
[1371802814.236661] latency=12:12:13:14:16:(13)ms throughput=8rps rr=100.00% cr=100.00% errors=0 total=1836
[1371802815.240655] latency=8:12:14:15:18:(14)ms throughput=16rps rr=100.00% cr=100.00% errors=0 total=1852
[1371802816.244653] latency=11:13:14:16:17:(14)ms throughput=5rps rr=100.00% cr=100.00% errors=0 total=1857
[1371802817.248695] latency=13:14:17:18:20:(16)ms throughput=7rps rr=100.00% cr=100.00% errors=0 total=1864
[1371802818.252667] latency=11:12:13:16:18:(14)ms throughput=10rps rr=100.00% cr=100.00% errors=0 total=1874
[1371802819.256662] latency=10:11:14:19:19:(15)ms throughput=9rps rr=100.00% cr=100.00% errors=0 total=1883
[1371802820.260702] latency=10:12:14:16:18:(14)ms throughput=10rps rr=100.00% cr=100.00% errors=0 total=1893
[1371802821.264664] latency=14:14:15:18:19:(16)ms throughput=5rps rr=100.00% cr=100.00% errors=0 total=1898
[1371802822.268677] latency=11:12:14:14:16:(13)ms throughput=7rps rr=100.00% cr=100.00% errors=0 total=1905
[1371802823.272687] latency=9:11:14:15:18:(13)ms throughput=13rps rr=100.00% cr=100.00% errors=0 total=1918
[1371802824.276677] latency=10:11:13:14:17:(13)ms throughput=10rps rr=100.00% cr=100.00% errors=0 total=1928
[1371802825.284699] latency=10:11:12:15:18:(13)ms throughput=13rps rr=100.00% cr=100.00% errors=0 total=1941
[1371802826.288684] latency=10:13:15:15:17:(14)ms throughput=10rps rr=100.00% cr=100.00% errors=0 total=1951
[1371802827.292684] latency=10:11:13:14:18:(13)ms throughput=9rps rr=100.00% cr=100.00% errors=0 total=1960
[1371802828.296704] latency=11:11:16:17:20:(15)ms throughput=8rps rr=100.00% cr=100.00% errors=0 total=1968
[1371802829.300717] latency=12:14:15:17:20:(16)ms throughput=7rps rr=100.00% cr=100.00% errors=0 total=1975
[1371802830.304677] latency=10:11:13:14:17:(13)ms throughput=13rps rr=100.00% cr=100.00% errors=0 total=1988
[1371802831.308676] latency=10:12:13:17:18:(14)ms throughput=7rps rr=100.00% cr=100.00% errors=0 total=1995
[1371802832.312692] latency=8:11:13:15:18:(13)ms throughput=12rps rr=100.00% cr=100.00% errors=0 total=2007
[1371802833.316655] latency=11:12:13:16:19:(14)ms throughput=12rps rr=100.00% cr=100.00% errors=0 total=2019
[1371802834.320664] latency=11:11:15:16:19:(15)ms throughput=6rps rr=100.00% cr=100.00% errors=0 total=2025
[1371802835.324681] latency=10:12:14:14:17:(13)ms throughput=12rps rr=100.00% cr=100.00% errors=0 total=2037
[1371802836.328677] latency=10:12:13:14:17:(14)ms throughput=7rps rr=100.00% cr=100.00% errors=0 total=2044
[1371802837.332679] latency=10:10:13:13:14:(12)ms throughput=7rps rr=100.00% cr=100.00% errors=0 total=2051
[1371802838.336689] latency=9:12:13:15:18:(13)ms throughput=14rps rr=100.00% cr=100.00% errors=0 total=2065
[1371802839.340684] latency=9:11:13:15:17:(13)ms throughput=11rps rr=100.00% cr=100.00% errors=0 total=2076
[1371802840.344668] latency=12:12:13:13:18:(14)ms throughput=6rps rr=100.00% cr=100.00% errors=0 total=2082
[1371802841.348656] latency=9:10:12:15:16:(13)ms throughput=9rps rr=100.00% cr=100.00% errors=0 total=2091
[1371802842.352698] latency=10:11:12:15:17:(13)ms throughput=8rps rr=100.00% cr=100.00% errors=0 total=2099
[1371802843.356670] latency=11:12:14:14:17:(13)ms throughput=9rps rr=100.00% cr=100.00% errors=0 total=2108
[1371802844.360656] latency=7:12:14:15:19:(14)ms throughput=11rps rr=100.00% cr=100.00% errors=0 total=2119
[1371802845.364685] latency=11:12:14:15:16:(14)ms throughput=7rps rr=100.00% cr=100.00% errors=0 total=2126
[1371802846.368687] latency=11:13:15:16:17:(14)ms throughput=8rps rr=100.00% cr=100.00% errors=0 total=2134
[1371802847.372631] latency=11:11:15:16:19:(14)ms throughput=6rps rr=100.00% cr=100.00% errors=0 total=2140
[1371802848.376652] latency=10:11:12:14:17:(12)ms throughput=13rps rr=100.00% cr=100.00% errors=0 total=2153
[1371802849.380687] latency=17:17:18:18:18:(18)ms throughput=2rps rr=100.00% cr=100.00% errors=0 total=2155
[1371802850.384643] latency=11:13:15:17:19:(15)ms throughput=7rps rr=100.00% cr=100.00% errors=0 total=2162
[1371802851.388637] latency=11:14:15:17:20:(15)ms throughput=15rps rr=100.00% cr=100.00% errors=0 total=2177
[1371802852.392650] latency=10:14:16:18:19:(15)ms throughput=8rps rr=100.00% cr=100.00% errors=0 total=2185
[1371802853.396673] latency=10:12:15:16:17:(14)ms throughput=8rps rr=100.00% cr=100.00% errors=0 total=2193
[1371802854.400686] latency=11:12:13:15:18:(14)ms throughput=11rps rr=100.00% cr=100.00% errors=0 total=2204
[1371802855.404683] latency=11:12:13:16:20:(14)ms throughput=11rps rr=100.00% cr=100.00% errors=0 total=2215
[1371802856.408695] latency=10:10:11:15:19:(13)ms throughput=3rps rr=100.00% cr=100.00% errors=0 total=2218
[1371802857.412646] latency=10:10:14:17:17:(14)ms throughput=10rps rr=100.00% cr=100.00% errors=0 total=2228
[1371802858.416653] latency=9:12:14:15:19:(14)ms throughput=8rps rr=100.00% cr=100.00% errors=0 total=2236
[1371802859.420639] latency=10:12:14:15:15:(13)ms throughput=6rps rr=100.00% cr=100.00% errors=0 total=2242
[1371802860.424674] latency=10:11:14:15:18:(14)ms throughput=13rps rr=100.00% cr=100.00% errors=0 total=2255
[1371802861.428661] latency=11:13:15:16:17:(14)ms throughput=9rps rr=100.00% cr=100.00% errors=0 total=2264
[1371802862.432668] latency=8:11:14:14:18:(13)ms throughput=9rps rr=100.00% cr=100.00% errors=0 total=2273
[1371802863.436658] latency=9:12:13:17:17:(14)ms throughput=7rps rr=100.00% cr=100.00% errors=0 total=2280
[1371802864.440712] latency=12:13:16:16:20:(16)ms throughput=7rps rr=100.00% cr=100.00% errors=0 total=2287
[1371802865.444657] latency=11:12:14:16:18:(14)ms throughput=10rps rr=100.00% cr=100.00% errors=0 total=2297
[1371802866.448666] latency=12:13:14:15:19:(14)ms throughput=8rps rr=100.00% cr=100.00% errors=0 total=2305
[1371802867.452661] latency=10:12:14:16:18:(14)ms throughput=9rps rr=100.00% cr=100.00% errors=0 total=2314
[1371802868.456664] latency=9:12:14:16:21:(14)ms throughput=8rps rr=100.00% cr=100.00% errors=0 total=2322
[1371802869.460657] latency=9:11:15:17:20:(14)ms throughput=14rps rr=100.00% cr=100.00% errors=0 total=2336
[1371802870.464656] latency=11:13:15:16:17:(15)ms throughput=10rps rr=100.00% cr=100.00% errors=0 total=2346
[1371802871.468661] latency=14:14:18:19:21:(17)ms throughput=5rps rr=100.00% cr=100.00% errors=0 total=2351
[1371802872.472644] latency=13:14:15:17:17:(15)ms throughput=5rps rr=100.00% cr=100.00% errors=0 total=2356
[1371802873.476644] latency=13:14:15:16:17:(15)ms throughput=8rps rr=100.00% cr=100.00% errors=0 total=2364
[1371802874.480636] latency=12:13:15:16:18:(15)ms throughput=8rps rr=100.00% cr=100.00% errors=0 total=2372
[1371802875.484641] latency=10:13:15:17:19:(15)ms throughput=10rps rr=100.00% cr=100.00% errors=0 total=2382
[1371802876.488633] latency=8:13:15:19:20:(15)ms throughput=12rps rr=100.00% cr=100.00% errors=0 total=2394
[1371802877.492657] latency=10:12:14:16:18:(14)ms throughput=11rps rr=100.00% cr=100.00% errors=0 total=2405
[1371802878.496678] latency=7:10:13:14:17:(13)ms throughput=9rps rr=100.00% cr=100.00% errors=0 total=2414
[1371802879.500695] latency=9:11:12:15:17:(13)ms throughput=7rps rr=100.00% cr=100.00% errors=0 total=2421
[1371802880.504706] latency=11:11:13:18:20:(15)ms throughput=11rps rr=100.00% cr=100.00% errors=0 total=2432
[1371802881.508699] latency=11:12:13:15:19:(13)ms throughput=10rps rr=100.00% cr=100.00% errors=0 total=2442
[1371802882.512658] latency=15:16:16:19:19:(17)ms throughput=6rps rr=100.00% cr=100.00% errors=0 total=2448
[1371802883.516659] latency=11:12:14:15:17:(13)ms throughput=17rps rr=100.00% cr=100.00% errors=0 total=2465
[1371802884.520669] latency=9:12:15:16:18:(14)ms throughput=10rps rr=100.00% cr=100.00% errors=0 total=2475
[1371802885.524649] latency=11:11:14:16:17:(14)ms throughput=7rps rr=100.00% cr=100.00% errors=0 total=2482
[1371802886.528697] latency=13:14:15:17:18:(15)ms throughput=9rps rr=100.00% cr=100.00% errors=0 total=2491
[1371802887.532691] latency=10:13:14:18:19:(15)ms throughput=10rps rr=100.00% cr=100.00% errors=0 total=2501
[1371802888.536699] latency=10:10:11:13:14:(11)ms throughput=11rps rr=100.00% cr=100.00% errors=0 total=2512
[1371802889.540740] latency=11:12:14:15:19:(14)ms throughput=9rps rr=100.00% cr=100.00% errors=0 total=2521
[1371802890.544713] latency=12:12:14:16:18:(14)ms throughput=7rps rr=100.00% cr=100.00% errors=0 total=2528
[1371802891.548672] latency=12:12:14:17:18:(14)ms throughput=9rps rr=100.00% cr=100.00% errors=0 total=2537
[1371802892.552676] latency=9:10:13:15:19:(13)ms throughput=9rps rr=100.00% cr=100.00% errors=0 total=2546
[1371802893.556686] latency=10:11:13:15:19:(13)ms throughput=13rps rr=100.00% cr=100.00% errors=0 total=2559
[1371802894.560690] latency=11:13:15:16:19:(15)ms throughput=8rps rr=100.00% cr=100.00% errors=0 total=2567
[1371802895.564695] latency=11:16:16:17:17:(16)ms throughput=7rps rr=100.00% cr=100.00% errors=0 total=2574
[1371802896.568694] latency=10:12:15:16:17:(14)ms throughput=8rps rr=100.00% cr=100.00% errors=0 total=2582
[1371802897.572687] latency=11:13:13:14:14:(13)ms throughput=6rps rr=100.00% cr=100.00% errors=0 total=2588
[1371802898.576685] latency=11:13:15:17:18:(15)ms throughput=6rps rr=100.00% cr=100.00% errors=0 total=2594
[1371802899.580699] latency=11:13:15:16:18:(15)ms throughput=8rps rr=100.00% cr=100.00% errors=0 total=2602
[1371802900.584693] latency=11:12:14:15:19:(14)ms throughput=7rps rr=100.00% cr=100.00% errors=0 total=2609
[1371802901.588707] latency=11:13:14:15:16:(14)ms throughput=9rps rr=100.00% cr=100.00% errors=0 total=2618
[1371802902.592743] latency=9:12:14:15:17:(13)ms throughput=12rps rr=100.00% cr=100.00% errors=0 total=2630
[1371802903.596679] latency=10:12:14:16:19:(14)ms throughput=8rps rr=100.00% cr=100.00% errors=0 total=2638
[1371802904.600638] latency=10:11:15:16:18:(14)ms throughput=10rps rr=100.00% cr=100.00% errors=0 total=2648
[1371802905.604685] latency=7:11:11:14:17:(12)ms throughput=9rps rr=100.00% cr=100.00% errors=0 total=2657
[1371802906.608672] latency=10:11:13:15:17:(13)ms throughput=8rps rr=100.00% cr=100.00% errors=0 total=2665
[1371802907.612687] latency=10:11:12:13:16:(12)ms throughput=6rps rr=100.00% cr=100.00% errors=0 total=2671
[1371802908.616713] latency=8:11:13:16:18:(14)ms throughput=9rps rr=100.00% cr=100.00% errors=0 total=2680
[1371802909.620707] latency=13:14:17:17:18:(16)ms throughput=7rps rr=100.00% cr=100.00% errors=0 total=2687
[1371802910.624641] latency=10:12:14:15:19:(14)ms throughput=11rps rr=100.00% cr=100.00% errors=0 total=2698
[1371802911.628678] latency=10:13:15:17:17:(14)ms throughput=12rps rr=100.00% cr=100.00% errors=0 total=2710
[1371802912.632677] latency=9:12:14:16:18:(14)ms throughput=9rps rr=100.00% cr=100.00% errors=0 total=2719
[1371802913.636688] latency=10:12:14:17:20:(15)ms throughput=10rps rr=100.00% cr=100.00% errors=0 total=2729
[1371802914.640698] latency=9:11:13:15:16:(13)ms throughput=10rps rr=100.00% cr=100.00% errors=0 total=2739
[1371802915.644662] latency=8:11:13:15:16:(13)ms throughput=9rps rr=100.00% cr=100.00% errors=0 total=2748
[1371802916.648651] latency=11:12:14:15:18:(14)ms throughput=7rps rr=100.00% cr=100.00% errors=0 total=2755
[1371802917.652633] latency=13:14:16:16:18:(16)ms throughput=9rps rr=100.00% cr=100.00% errors=0 total=2764
[1371802918.668672] latency=9:12:13:15:17:(13)ms throughput=10rps rr=100.00% cr=100.00% errors=0 total=2774
[1371802919.672635] latency=9:10:14:16:18:(13)ms throughput=9rps rr=100.00% cr=100.00% errors=0 total=2783
[1371802920.676633] latency=9:10:12:16:17:(13)ms throughput=10rps rr=100.00% cr=100.00% errors=0 total=2793
[1371802921.680678] latency=11:12:15:18:20:(15)ms throughput=10rps rr=100.00% cr=100.00% errors=0 total=2803
[1371802922.684634] latency=11:12:13:14:17:(13)ms throughput=7rps rr=100.00% cr=100.00% errors=0 total=2810
[1371802923.688655] latency=9:12:13:15:17:(13)ms throughput=8rps rr=100.00% cr=100.00% errors=0 total=2818
[1371802924.692642] latency=10:12:13:16:19:(14)ms throughput=19rps rr=100.00% cr=100.00% errors=0 total=2837
[1371802925.696633] latency=11:14:15:16:19:(15)ms throughput=12rps rr=100.00% cr=100.00% errors=0 total=2849
[1371802926.700654] latency=10:12:13:14:16:(13)ms throughput=7rps rr=100.00% cr=100.00% errors=0 total=2856
[1371802927.704675] latency=12:12:14:18:20:(15)ms throughput=4rps rr=100.00% cr=100.00% errors=0 total=2860
[1371802928.708653] latency=10:10:11:12:13:(11)ms throughput=9rps rr=100.00% cr=100.00% errors=0 total=2869
[1371802929.712637] latency=10:11:14:16:17:(13)ms throughput=6rps rr=100.00% cr=100.00% errors=0 total=2875
[1371802930.716647] latency=10:11:13:14:19:(13)ms throughput=8rps rr=100.00% cr=100.00% errors=0 total=2883
[1371802931.736653] latency=10:14:15:17:18:(15)ms throughput=8rps rr=100.00% cr=100.00% errors=0 total=2891
[1371802932.740691] latency=12:12:13:18:19:(15)ms throughput=8rps rr=100.00% cr=100.00% errors=0 total=2899
[1371802933.744653] latency=12:12:15:17:18:(15)ms throughput=6rps rr=100.00% cr=100.00% errors=0 total=2905
[1371802934.748648] latency=11:13:14:16:18:(14)ms throughput=10rps rr=100.00% cr=100.00% errors=0 total=2915
[1371802935.752640] latency=9:11:13:15:15:(13)ms throughput=10rps rr=100.00% cr=100.00% errors=0 total=2925
[1371802936.756656] latency=11:12:14:17:19:(15)ms throughput=8rps rr=100.00% cr=100.00% errors=0 total=2933
[1371802937.760689] latency=12:14:15:16:17:(15)ms throughput=8rps rr=100.00% cr=100.00% errors=0 total=2941
[1371802938.764676] latency=11:12:14:16:18:(14)ms throughput=10rps rr=100.00% cr=100.00% errors=0 total=2951
[1371802939.768655] latency=10:13:14:16:19:(14)ms throughput=11rps rr=100.00% cr=100.00% errors=0 total=2962
[1371802940.772675] latency=13:14:16:16:17:(15)ms throughput=7rps rr=100.00% cr=100.00% errors=0 total=2969
[1371802941.776676] latency=11:12:14:17:18:(14)ms throughput=10rps rr=100.00% cr=100.00% errors=0 total=2979
[1371802942.780650] latency=11:12:14:16:17:(14)ms throughput=7rps rr=100.00% cr=100.00% errors=0 total=2986
[1371802943.784841] latency=11:11:13:16:18:(14)ms throughput=7rps rr=100.00% cr=100.00% errors=0 total=2993
[1371802944.788656] latency=10:11:15:17:17:(14)ms throughput=11rps rr=100.00% cr=100.00% errors=0 total=3004
[1371802945.792682] latency=7:13:15:17:19:(15)ms throughput=9rps rr=100.00% cr=100.00% errors=0 total=3013
[1371802946.796688] latency=11:13:15:16:17:(15)ms throughput=7rps rr=100.00% cr=100.00% errors=0 total=3020
[1371802947.800661] latency=12:13:16:17:19:(16)ms throughput=7rps rr=100.00% cr=100.00% errors=0 total=3027
[1371802948.804686] latency=9:13:15:17:19:(15)ms throughput=8rps rr=100.00% cr=100.00% errors=0 total=3035
[1371802949.808683] latency=10:13:14:18:21:(15)ms throughput=11rps rr=100.00% cr=100.00% errors=0 total=3046
[1371802950.812689] latency=9:11:12:14:17:(13)ms throughput=9rps rr=100.00% cr=100.00% errors=0 total=3055
[1371802951.816685] latency=11:12:15:17:19:(15)ms throughput=7rps rr=100.00% cr=100.00% errors=0 total=3062
[1371802952.820677] latency=9:14:14:15:18:(14)ms throughput=14rps rr=100.00% cr=100.00% errors=0 total=3076
[1371802953.824696] latency=10:11:15:16:17:(14)ms throughput=11rps rr=100.00% cr=100.00% errors=0 total=3087
[1371802954.828701] latency=9:13:14:15:18:(14)ms throughput=11rps rr=100.00% cr=100.00% errors=0 total=3098
[1371802955.832694] latency=10:11:13:14:20:(13)ms throughput=9rps rr=100.00% cr=100.00% errors=0 total=3107
[1371802956.836690] latency=8:11:14:16:19:(14)ms throughput=12rps rr=100.00% cr=100.00% errors=0 total=3119
[1371802957.840685] latency=10:12:15:15:16:(14)ms throughput=10rps rr=100.00% cr=100.00% errors=0 total=3129
[1371802958.844701] latency=10:12:14:17:17:(15)ms throughput=13rps rr=100.00% cr=100.00% errors=0 total=3142
[1371802959.848676] latency=9:12:13:14:18:(13)ms throughput=11rps rr=100.00% cr=100.00% errors=0 total=3153
[1371802960.852677] latency=10:12:15:17:20:(15)ms throughput=11rps rr=100.00% cr=100.00% errors=0 total=3164
[1371802961.856693] latency=12:12:14:16:17:(14)ms throughput=7rps rr=100.00% cr=100.00% errors=0 total=3171
[1371802962.860691] latency=11:12:15:18:19:(15)ms throughput=5rps rr=100.00% cr=100.00% errors=0 total=3176
[1371802963.864668] latency=11:12:15:17:19:(15)ms throughput=13rps rr=100.00% cr=100.00% errors=0 total=3189
[1371802964.868681] latency=9:12:15:17:17:(14)ms throughput=8rps rr=100.00% cr=100.00% errors=0 total=3197
[1371802965.872672] latency=9:13:15:17:18:(15)ms throughput=11rps rr=100.00% cr=100.00% errors=0 total=3208
[1371802966.876692] latency=13:14:14:15:17:(15)ms throughput=7rps rr=100.00% cr=100.00% errors=0 total=3215
[1371802967.880688] latency=13:14:16:17:19:(16)ms throughput=11rps rr=100.00% cr=100.00% errors=0 total=3226
[1371802968.884667] latency=12:13:15:16:17:(15)ms throughput=10rps rr=100.00% cr=100.00% errors=0 total=3236
[1371802969.888677] latency=10:12:13:15:17:(13)ms throughput=8rps rr=100.00% cr=100.00% errors=0 total=3244
[1371802970.892685] latency=11:12:13:15:20:(14)ms throughput=8rps rr=100.00% cr=100.00% errors=0 total=3252
[1371802971.896681] latency=11:12:12:16:18:(14)ms throughput=9rps rr=100.00% cr=100.00% errors=0 total=3261
[1371802972.900676] latency=11:11:14:16:16:(14)ms throughput=10rps rr=100.00% cr=100.00% errors=0 total=3271
[1371802973.904677] latency=10:11:14:16:19:(15)ms throughput=7rps rr=100.00% cr=100.00% errors=0 total=3278
[1371802974.908696] latency=10:11:12:13:16:(12)ms throughput=6rps rr=100.00% cr=100.00% errors=0 total=3284
[1371802975.912718] latency=11:12:14:15:16:(14)ms throughput=9rps rr=100.00% cr=100.00% errors=0 total=3293
[1371802976.916661] latency=13:13:14:16:18:(15)ms throughput=4rps rr=100.00% cr=100.00% errors=0 total=3297
[1371802977.920684] latency=10:11:15:16:19:(14)ms throughput=11rps rr=100.00% cr=100.00% errors=0 total=3308
[1371802978.924678] latency=9:10:12:13:16:(12)ms throughput=6rps rr=100.00% cr=100.00% errors=0 total=3314
[1371802979.928674] latency=12:12:13:13:14:(13)ms throughput=5rps rr=100.00% cr=100.00% errors=0 total=3319
[1371802980.932667] latency=12:13:15:16:19:(15)ms throughput=5rps rr=100.00% cr=100.00% errors=0 total=3324
[1371802981.936685] latency=9:12:13:15:16:(13)ms throughput=7rps rr=100.00% cr=100.00% errors=0 total=3331
[1371802982.940677] latency=10:12:15:16:18:(14)ms throughput=10rps rr=100.00% cr=100.00% errors=0 total=3341
[1371802983.944684] latency=10:12:14:15:17:(14)ms throughput=10rps rr=100.00% cr=100.00% errors=0 total=3351
[1371802984.948661] latency=10:12:15:16:20:(14)ms throughput=10rps rr=100.00% cr=100.00% errors=0 total=3361
[1371802985.952674] latency=10:12:15:16:18:(14)ms throughput=14rps rr=100.00% cr=100.00% errors=0 total=3375
[1371802986.956685] latency=11:13:16:16:17:(15)ms throughput=9rps rr=100.00% cr=100.00% errors=0 total=3384
[1371802987.960683] latency=7:12:14:15:17:(13)ms throughput=13rps rr=100.00% cr=100.00% errors=0 total=3397
[1371802988.964652] latency=13:16:19:32:44:(24)ms throughput=4rps rr=100.00% cr=100.00% errors=0 total=3401
[1371802989.968710] latency=9:13:16:18:19:(15)ms throughput=10rps rr=100.00% cr=100.00% errors=0 total=3411
[1371802990.972675] latency=9:14:16:16:17:(15)ms throughput=8rps rr=100.00% cr=100.00% errors=0 total=3419
[1371802991.976676] latency=11:12:15:15:16:(14)ms throughput=7rps rr=100.00% cr=100.00% errors=0 total=3426
[1371802992.980694] latency=10:12:13:16:19:(14)ms throughput=12rps rr=100.00% cr=100.00% errors=0 total=3438
[1371802993.984705] latency=8:10:12:16:20:(13)ms throughput=14rps rr=100.00% cr=100.00% errors=0 total=3452
[1371802994.988673] latency=11:12:13:14:18:(13)ms throughput=8rps rr=100.00% cr=100.00% errors=0 total=3460
[1371802995.992686] latency=11:13:14:14:17:(14)ms throughput=13rps rr=100.00% cr=100.00% errors=0 total=3473
[1371802996.996678] latency=10:12:13:14:17:(13)ms throughput=10rps rr=100.00% cr=100.00% errors=0 total=3483
[1371802998.000688] latency=11:12:14:16:18:(14)ms throughput=14rps rr=100.00% cr=100.00% errors=0 total=3497
[1371802999.004686] latency=9:13:13:14:18:(13)ms throughput=10rps rr=100.00% cr=100.00% errors=0 total=3507
[1371803000.008640] latency=10:12:15:17:20:(15)ms throughput=11rps rr=100.00% cr=100.00% errors=0 total=3518
[1371803001.012630] latency=13:14:16:18:19:(16)ms throughput=4rps rr=100.00% cr=100.00% errors=0 total=3522
[1371803002.016670] latency=14:15:16:17:20:(16)ms throughput=5rps rr=100.00% cr=100.00% errors=0 total=3527
[1371803003.020669] latency=7:11:12:14:15:(12)ms throughput=12rps rr=100.00% cr=100.00% errors=0 total=3539
[1371803004.024697] latency=9:11:14:17:18:(14)ms throughput=10rps rr=100.00% cr=100.00% errors=0 total=3549
[1371803005.028661] latency=9:12:15:16:18:(14)ms throughput=12rps rr=100.00% cr=100.00% errors=0 total=3561
[1371803005.028852] set concurrency=50
[1371803006.056725] latency=16:113:169:246:459:(184)ms throughput=141rps rr=100.00% cr=100.00% errors=0 total=3706
[1371803007.060697] latency=8:137:208:251:824:(205)ms throughput=175rps rr=97.73% cr=97.16% errors=0 total=3882
[1371803008.064661] latency=6:99:172:232:579:(181)ms throughput=171rps rr=93.60% cr=87.21% errors=0 total=4054
[1371803009.068666] latency=8:97:165:222:796:(178)ms throughput=167rps rr=92.86% cr=86.90% errors=0 total=4222
[1371803010.072634] latency=5:114:200:309:702:(232)ms throughput=138rps rr=91.37% cr=74.82% errors=0 total=4361
[1371803011.076641] latency=6:99:164:263:721:(194)ms throughput=182rps rr=93.44% cr=81.42% errors=0 total=4544
[1371803012.080659] latency=5:80:145:214:574:(155)ms throughput=203rps rr=82.35% cr=63.24% errors=0 total=4748
[1371803013.084667] latency=4:57:109:176:778:(129)ms throughput=193rps rr=77.32% cr=61.86% errors=0 total=4942
[1371803014.088649] latency=4:64:118:202:792:(138)ms throughput=212rps rr=78.40% cr=60.09% errors=0 total=5155
[1371803015.092642] latency=4:51:110:195:726:(133)ms throughput=241rps rr=75.21% cr=53.31% errors=0 total=5397
[1371803016.096669] latency=4:42:98:168:814:(120)ms throughput=206rps rr=68.60% cr=48.31% errors=0 total=5604
[1371803017.100645] latency=4:33:105:194:580:(122)ms throughput=245rps rr=67.89% cr=48.78% errors=0 total=5850
[1371803018.104642] latency=4:28:73:155:773:(99)ms throughput=250rps rr=61.75% cr=42.63% errors=0 total=6101
[1371803019.108642] latency=4:35:83:169:421:(114)ms throughput=228rps rr=69.87% cr=45.85% errors=0 total=6330
[1371803020.112643] latency=4:28:83:161:422:(105)ms throughput=253rps rr=62.20% cr=39.37% errors=0 total=6584
[1371803021.116648] latency=3:27:79:170:666:(129)ms throughput=204rps rr=63.90% cr=38.05% errors=0 total=6789
[1371803022.120647] latency=4:33:93:174:477:(114)ms throughput=245rps rr=62.20% cr=39.84% errors=0 total=7035
[1371803023.124670] latency=4:12:63:131:1177:(92)ms throughput=276rps rr=59.57% cr=36.46% errors=0 total=7312
[1371803024.128640] latency=3:11:44:97:747:(69)ms throughput=269rps rr=50.74% cr=28.89% errors=0 total=7582
[1371803025.132648] latency=4:25:64:137:419:(91)ms throughput=281rps rr=57.45% cr=29.79% errors=0 total=7864
[1371803026.136645] latency=3:8:37:83:1258:(63)ms throughput=300rps rr=45.18% cr=21.26% errors=0 total=8165
[1371803027.140653] latency=3:7:25:76:611:(53)ms throughput=330rps rr=45.32% cr=18.43% errors=0 total=8496
[1371803028.144676] latency=3:7:29:82:319:(52)ms throughput=329rps rr=41.82% cr=18.79% errors=0 total=8826
[1371803029.148647] latency=3:8:37:94:696:(66)ms throughput=319rps rr=43.44% cr=21.25% errors=0 total=9146
[1371803030.152648] latency=2:5:11:39:395:(31)ms throughput=386rps rr=36.60% cr=16.24% errors=0 total=9534
[1371803031.156653] latency=2:6:27:75:313:(50)ms throughput=306rps rr=35.18% cr=13.03% errors=0 total=9841
[1371803032.160670] latency=3:6:26:94:560:(61)ms throughput=346rps rr=38.62% cr=14.99% errors=0 total=10188
[1371803033.164651] latency=2:5:10:36:359:(31)ms throughput=389rps rr=33.76% cr=10.49% errors=0 total=10579
[1371803034.168678] latency=2:5:18:54:395:(38)ms throughput=353rps rr=35.88% cr=12.71% errors=0 total=10933
[1371803035.172645] latency=3:5:17:44:387:(33)ms throughput=360rps rr=35.46% cr=12.74% errors=0 total=11294
[1371803036.176649] latency=2:4:9:31:254:(27)ms throughput=394rps rr=34.85% cr=13.13% errors=0 total=11690
[1371803037.180657] latency=2:5:9:31:232:(26)ms throughput=385rps rr=32.30% cr=9.82% errors=0 total=12077
[1371803038.204675] latency=3:6:23:68:323:(45)ms throughput=364rps rr=36.46% cr=11.26% errors=0 total=12450
[1371803039.208649] latency=2:5:14:47:278:(33)ms throughput=364rps rr=33.42% cr=13.97% errors=0 total=12815
[1371803040.212647] latency=2:5:8:31:310:(28)ms throughput=405rps rr=31.94% cr=12.29% errors=0 total=13222
[1371803041.216653] latency=2:6:15:40:232:(31)ms throughput=397rps rr=32.83% cr=11.28% errors=0 total=13621
[1371803042.220678] latency=2:5:14:49:423:(43)ms throughput=339rps rr=33.24% cr=10.88% errors=0 total=13961
[1371803043.224669] latency=2:5:14:41:254:(34)ms throughput=387rps rr=35.99% cr=11.83% errors=0 total=14350
[1371803044.248676] latency=2:5:17:50:256:(38)ms throughput=362rps rr=36.39% cr=12.94% errors=0 total=14721
[1371803045.252674] latency=2:4:10:32:210:(28)ms throughput=381rps rr=35.51% cr=12.53% errors=0 total=15104
[1371803046.256657] latency=3:5:12:44:262:(34)ms throughput=383rps rr=35.06% cr=12.73% errors=0 total=15489
[1371803047.260665] latency=2:5:10:39:324:(31)ms throughput=374rps rr=33.51% cr=15.16% errors=0 total=15865
[1371803048.264652] latency=2:5:11:40:233:(29)ms throughput=376rps rr=37.40% cr=13.26% errors=0 total=16242
[1371803049.268683] latency=2:5:13:40:243:(33)ms throughput=377rps rr=36.94% cr=10.29% errors=0 total=16621
[1371803050.280720] latency=2:5:10:39:371:(33)ms throughput=373rps rr=37.14% cr=14.85% errors=0 total=16998
[1371803051.284719] latency=2:5:19:49:247:(37)ms throughput=343rps rr=38.08% cr=13.66% errors=0 total=17342
[1371803052.288721] latency=2:4:9:33:284:(29)ms throughput=376rps rr=29.89% cr=11.64% errors=0 total=17720
[1371803053.292724] latency=2:5:25:91:417:(60)ms throughput=312rps rr=31.63% cr=11.18% errors=0 total=18033
[1371803054.296717] latency=2:5:15:42:266:(34)ms throughput=389rps rr=34.02% cr=12.02% errors=0 total=18424
[1371803055.300712] latency=3:7:26:65:228:(44)ms throughput=346rps rr=41.21% cr=14.70% errors=0 total=18771
[1371803056.304711] latency=3:6:23:59:339:(42)ms throughput=345rps rr=40.17% cr=12.72% errors=0 total=19117
[1371803057.308719] latency=2:5:15:50:228:(33)ms throughput=348rps rr=38.40% cr=14.33% errors=0 total=19466
[1371803058.312717] latency=2:5:15:47:397:(39)ms throughput=362rps rr=36.09% cr=12.12% errors=0 total=19829
[1371803059.316713] latency=2:5:17:59:668:(44)ms throughput=362rps rr=39.67% cr=12.67% errors=0 total=20192
[1371803060.320721] latency=2:5:12:40:344:(33)ms throughput=374rps rr=32.71% cr=9.84% errors=0 total=20568
[1371803061.324722] latency=3:6:18:59:473:(40)ms throughput=346rps rr=36.89% cr=16.71% errors=0 total=20915
[1371803062.328668] latency=2:6:15:49:290:(36)ms throughput=376rps rr=36.60% cr=15.92% errors=0 total=21292
[1371803063.332666] latency=2:6:23:68:457:(52)ms throughput=289rps rr=37.93% cr=15.52% errors=0 total=21582
[1371803064.336721] latency=3:5:17:53:647:(44)ms throughput=395rps rr=36.02% cr=13.60% errors=0 total=21979
[1371803065.340751] latency=2:5:17:50:270:(34)ms throughput=355rps rr=37.36% cr=12.64% errors=0 total=22335
[1371803066.344679] latency=2:5:17:52:264:(38)ms throughput=381rps rr=34.29% cr=11.78% errors=0 total=22717
[1371803067.348701] latency=2:6:17:46:255:(34)ms throughput=371rps rr=36.83% cr=13.44% errors=0 total=23089
[1371803068.352715] latency=2:5:12:37:270:(29)ms throughput=360rps rr=33.52% cr=14.40% errors=0 total=23450
[1371803069.356717] latency=2:5:15:44:259:(35)ms throughput=359rps rr=40.28% cr=14.72% errors=0 total=23810
[1371803070.360709] latency=2:6:19:54:311:(39)ms throughput=367rps rr=34.51% cr=11.41% errors=0 total=24178
[1371803071.364668] latency=2:5:12:42:220:(32)ms throughput=382rps rr=33.85% cr=13.02% errors=0 total=24562
[1371803072.368656] latency=2:5:22:61:333:(43)ms throughput=357rps rr=38.27% cr=12.85% errors=0 total=24920
[1371803073.372658] latency=2:5:16:48:253:(33)ms throughput=357rps rr=37.43% cr=15.36% errors=0 total=25278
[1371803074.376702] latency=3:6:25:117:606:(73)ms throughput=300rps rr=37.54% cr=16.94% errors=0 total=25579
[1371803075.380648] latency=3:5:16:64:365:(41)ms throughput=358rps rr=37.05% cr=15.04% errors=0 total=25938
[1371803076.384650] latency=2:6:19:61:402:(45)ms throughput=347rps rr=40.52% cr=16.09% errors=0 total=26286
[1371803077.388664] latency=2:5:11:37:323:(33)ms throughput=370rps rr=40.16% cr=12.67% errors=0 total=26657
[1371803078.392666] latency=2:5:9:32:275:(25)ms throughput=380rps rr=31.94% cr=13.61% errors=0 total=27039
[1371803079.396666] latency=2:5:14:42:277:(30)ms throughput=370rps rr=34.77% cr=14.02% errors=0 total=27410
[1371803080.400652] latency=3:6:26:67:387:(46)ms throughput=348rps rr=37.54% cr=13.18% errors=0 total=27759
[1371803081.404664] latency=2:6:22:65:346:(48)ms throughput=345rps rr=36.71% cr=13.01% errors=0 total=28105
[1371803082.408668] latency=2:6:15:47:256:(35)ms throughput=363rps rr=38.46% cr=13.74% errors=0 total=28469
[1371803083.412669] latency=2:7:26:71:382:(47)ms throughput=359rps rr=36.11% cr=12.22% errors=0 total=28829
[1371803084.416698] latency=3:6:24:60:299:(44)ms throughput=294rps rr=43.05% cr=17.97% errors=0 total=29124
[1371803085.420702] latency=2:5:21:71:402:(53)ms throughput=367rps rr=32.88% cr=11.68% errors=0 total=29492
[1371803086.424692] latency=3:6:19:44:465:(35)ms throughput=351rps rr=37.50% cr=13.35% errors=0 total=29844
[1371803087.428715] latency=3:6:20:65:537:(45)ms throughput=373rps rr=40.27% cr=13.33% errors=0 total=30219
[1371803088.432672] latency=3:6:20:48:687:(38)ms throughput=364rps rr=36.44% cr=16.71% errors=0 total=30584
[1371803089.436684] latency=3:6:23:68:359:(46)ms throughput=367rps rr=39.13% cr=13.32% errors=0 total=30952
[1371803090.440675] latency=2:6:26:69:335:(49)ms throughput=332rps rr=44.14% cr=19.52% errors=0 total=31285
[1371803091.444666] latency=3:6:22:58:441:(43)ms throughput=337rps rr=38.46% cr=13.31% errors=0 total=31623
[1371803092.448682] latency=2:5:11:42:446:(36)ms throughput=379rps rr=34.65% cr=13.12% errors=0 total=32004
[1371803093.452710] latency=2:6:23:70:283:(44)ms throughput=361rps rr=41.16% cr=16.57% errors=0 total=32366
[1371803094.456668] latency=2:5:16:48:324:(34)ms throughput=334rps rr=37.91% cr=15.22% errors=0 total=32701
[1371803095.460672] latency=2:5:24:76:487:(51)ms throughput=329rps rr=36.36% cr=15.76% errors=0 total=33031
[1371803096.464648] latency=2:5:14:42:307:(37)ms throughput=372rps rr=34.85% cr=12.06% errors=0 total=33404
[1371803097.468651] latency=2:6:26:66:660:(50)ms throughput=356rps rr=41.46% cr=16.81% errors=0 total=33761
[1371803098.472639] latency=2:6:17:54:303:(42)ms throughput=352rps rr=37.68% cr=12.18% errors=0 total=34114
[1371803099.476686] latency=2:5:18:53:291:(40)ms throughput=341rps rr=37.13% cr=11.11% errors=0 total=34456
[1371803100.480661] latency=2:5:13:41:346:(32)ms throughput=397rps rr=35.34% cr=10.03% errors=0 total=34855
[1371803101.484690] latency=2:4:9:30:318:(25)ms throughput=393rps rr=35.70% cr=17.47% errors=0 total=35250
[1371803102.488687] latency=2:5:9:32:245:(27)ms throughput=348rps rr=34.67% cr=10.60% errors=0 total=35599
[1371803103.492665] latency=2:6:21:59:363:(42)ms throughput=395rps rr=37.28% cr=12.59% errors=0 total=35996
[1371803104.496705] latency=2:5:12:43:318:(34)ms throughput=385rps rr=32.56% cr=10.59% errors=0 total=36383
[1371803105.500655] latency=2:5:9:25:263:(22)ms throughput=372rps rr=33.51% cr=12.60% errors=0 total=36756
[1371803106.504686] latency=2:5:15:64:448:(46)ms throughput=349rps rr=35.14% cr=14.29% errors=0 total=37106
[1371803107.508660] latency=3:6:23:63:353:(43)ms throughput=372rps rr=38.34% cr=12.60% errors=0 total=37479
[1371803108.512647] latency=2:6:17:47:220:(33)ms throughput=369rps rr=36.49% cr=10.81% errors=0 total=37849
[1371803109.516682] latency=2:6:18:55:375:(38)ms throughput=372rps rr=36.46% cr=12.33% errors=0 total=38222
[1371803110.520702] latency=3:6:21:63:341:(44)ms throughput=356rps rr=35.57% cr=13.45% errors=0 total=38579
[1371803111.524696] latency=3:8:33:88:441:(64)ms throughput=278rps rr=38.35% cr=14.70% errors=0 total=38858
[1371803112.528616] latency=3:9:46:108:599:(71)ms throughput=288rps rr=37.37% cr=13.84% errors=0 total=39147
[1371803113.532600] latency=3:8:32:78:833:(59)ms throughput=321rps rr=35.09% cr=11.49% errors=0 total=39469
[1371803114.536605] latency=3:7:21:63:407:(47)ms throughput=327rps rr=32.62% cr=9.45% errors=0 total=39797
[1371803115.540615] latency=3:8:45:97:586:(65)ms throughput=305rps rr=34.64% cr=10.78% errors=0 total=40103
[1371803116.544619] latency=3:9:44:92:788:(65)ms throughput=286rps rr=32.75% cr=13.59% errors=0 total=40390
[1371803117.548749] latency=4:7:38:112:477:(77)ms throughput=285rps rr=37.76% cr=13.99% errors=0 total=40676
[1371803118.552664] latency=4:8:31:64:529:(49)ms throughput=327rps rr=32.01% cr=8.54% errors=0 total=41004
[1371803119.556656] latency=4:9:45:107:532:(73)ms throughput=283rps rr=40.14% cr=9.51% errors=0 total=41288
[1371803120.560641] latency=4:8:37:101:1215:(71)ms throughput=321rps rr=32.61% cr=11.80% errors=0 total=41610
[1371803121.564662] latency=3:7:27:82:381:(57)ms throughput=317rps rr=33.65% cr=10.69% errors=0 total=41928
[1371803122.568648] latency=4:7:20:68:501:(50)ms throughput=318rps rr=32.29% cr=12.23% errors=0 total=42247
[1371803123.572629] latency=3:7:18:64:415:(46)ms throughput=335rps rr=25.89% cr=8.63% errors=0 total=42583
[1371803124.576644] latency=3:7:22:61:534:(46)ms throughput=329rps rr=29.70% cr=10.30% errors=0 total=42913
[1371803125.580653] latency=4:7:25:70:430:(49)ms throughput=339rps rr=30.29% cr=8.53% errors=0 total=43253
[1371803126.584658] latency=3:7:26:76:387:(48)ms throughput=340rps rr=28.74% cr=7.62% errors=0 total=43594
[1371803127.588668] latency=4:8:40:114:517:(75)ms throughput=259rps rr=31.15% cr=6.54% errors=0 total=43854
[1371803128.592658] latency=4:7:27:85:452:(56)ms throughput=317rps rr=30.50% cr=8.49% errors=0 total=44172
[1371803129.596655] latency=4:7:24:86:1100:(60)ms throughput=326rps rr=27.83% cr=10.70% errors=0 total=44499
[1371803130.600645] latency=3:7:20:69:621:(53)ms throughput=351rps rr=26.70% cr=6.82% errors=0 total=44851
[1371803131.652645] latency=3:6:19:60:455:(44)ms throughput=343rps rr=24.65% cr=7.76% errors=0 total=45212
[1371803132.656634] latency=3:6:12:41:278:(33)ms throughput=393rps rr=22.03% cr=5.32% errors=0 total=45607
[1371803133.660642] latency=3:6:12:42:304:(34)ms throughput=342rps rr=26.53% cr=5.25% errors=0 total=45950
[1371803134.664635] latency=3:6:11:39:360:(33)ms throughput=376rps rr=21.96% cr=5.03% errors=0 total=46328
[1371803135.668673] latency=3:6:10:39:280:(29)ms throughput=402rps rr=20.79% cr=6.19% errors=0 total=46732
[1371803136.672633] latency=3:5:9:41:176:(28)ms throughput=380rps rr=20.68% cr=3.14% errors=0 total=47114
[1371803137.676677] latency=2:5:9:28:256:(24)ms throughput=375rps rr=20.42% cr=4.24% errors=0 total=47491
[1371803138.680642] latency=3:6:14:70:505:(56)ms throughput=308rps rr=22.65% cr=5.50% errors=0 total=47800
[1371803139.684658] latency=3:6:14:57:301:(43)ms throughput=380rps rr=23.04% cr=4.71% errors=0 total=48182
[1371803140.688641] latency=2:6:10:36:305:(30)ms throughput=378rps rr=22.63% cr=4.47% errors=0 total=48562
[1371803141.692634] latency=3:7:17:47:388:(36)ms throughput=372rps rr=24.93% cr=6.17% errors=0 total=48935
[1371803142.696644] latency=2:5:8:23:244:(21)ms throughput=394rps rr=20.71% cr=5.81% errors=0 total=49331
[1371803143.700703] latency=3:7:19:52:329:(38)ms throughput=371rps rr=23.32% cr=4.83% errors=0 total=49704
[1371803144.704633] latency=2:6:14:55:294:(39)ms throughput=382rps rr=21.15% cr=4.44% errors=0 total=50087
[1371803145.708620] latency=3:5:10:39:291:(34)ms throughput=365rps rr=21.86% cr=4.92% errors=0 total=50453
[1371803146.712631] latency=3:5:9:28:278:(25)ms throughput=400rps rr=18.91% cr=4.48% errors=0 total=50855
[1371803147.716653] latency=3:6:11:47:429:(36)ms throughput=367rps rr=23.37% cr=5.16% errors=0 total=51223
[1371803148.720615] latency=3:6:21:71:399:(50)ms throughput=330rps rr=22.96% cr=3.32% errors=0 total=51554
[1371803149.724597] latency=3:5:9:39:378:(29)ms throughput=364rps rr=22.47% cr=4.38% errors=0 total=51919
[1371803150.728626] latency=3:6:12:50:276:(36)ms throughput=358rps rr=25.63% cr=6.13% errors=0 total=52278
[1371803151.732611] latency=2:6:14:45:233:(34)ms throughput=355rps rr=24.72% cr=5.34% errors=0 total=52634
[1371803152.736599] latency=3:6:14:52:340:(40)ms throughput=372rps rr=22.79% cr=4.56% errors=0 total=53007
[1371803153.740603] latency=2:5:9:34:256:(26)ms throughput=372rps rr=22.25% cr=5.90% errors=0 total=53380
[1371803154.748639] latency=2:7:19:61:310:(41)ms throughput=360rps rr=25.07% cr=4.68% errors=0 total=53743
[1371803155.752637] latency=3:7:13:46:426:(34)ms throughput=345rps rr=23.12% cr=5.49% errors=0 total=54089
[1371803156.756604] latency=2:5:12:48:356:(41)ms throughput=376rps rr=27.59% cr=8.75% errors=0 total=54466
[1371803157.760637] latency=2:6:11:46:354:(37)ms throughput=334rps rr=25.97% cr=5.67% errors=0 total=54801
[1371803158.764608] latency=3:5:9:36:296:(35)ms throughput=380rps rr=23.30% cr=3.40% errors=0 total=55183
[1371803159.768606] latency=4:8:37:122:560:(77)ms throughput=284rps rr=26.67% cr=7.72% errors=0 total=55468
[1371803160.772618] latency=3:7:15:50:385:(45)ms throughput=352rps rr=23.51% cr=7.37% errors=0 total=55821
[1371803161.776611] latency=3:6:11:39:439:(32)ms throughput=389rps rr=23.53% cr=3.84% errors=0 total=56212
[1371803162.780598] latency=3:6:17:61:440:(47)ms throughput=340rps rr=30.50% cr=6.74% errors=0 total=56553
[1371803163.784601] latency=3:7:12:65:425:(46)ms throughput=357rps rr=23.18% cr=3.63% errors=0 total=56911
[1371803164.788636] latency=3:6:10:32:263:(27)ms throughput=393rps rr=21.27% cr=5.32% errors=0 total=57306
[1371803165.792615] latency=3:5:8:25:202:(24)ms throughput=372rps rr=22.79% cr=6.17% errors=0 total=57679
[1371803166.796717] latency=2:4:6:13:76:(11)ms throughput=425rps rr=21.31% cr=4.68% errors=0 total=58106
[1371803167.800610] latency=2:4:5:10:103:(10)ms throughput=454rps rr=22.59% cr=5.70% errors=0 total=58562
[1371803168.804613] latency=2:3:5:12:121:(10)ms throughput=434rps rr=22.48% cr=5.50% errors=0 total=58998
[1371803169.808687] latency=2:4:6:16:152:(16)ms throughput=405rps rr=20.15% cr=4.91% errors=0 total=59405
[1371803170.812601] latency=2:4:5:11:150:(11)ms throughput=463rps rr=21.94% cr=5.16% errors=0 total=59870
[1371803171.816745] latency=2:4:5:12:132:(12)ms throughput=465rps rr=25.48% cr=5.35% errors=0 total=60337
[1371803172.820650] latency=2:4:6:20:180:(17)ms throughput=418rps rr=21.90% cr=5.24% errors=0 total=60757
[1371803173.824639] latency=2:4:7:25:277:(22)ms throughput=438rps rr=25.91% cr=7.05% errors=0 total=61197
[1371803174.828658] latency=2:4:6:15:139:(12)ms throughput=460rps rr=25.11% cr=7.14% errors=0 total=61659
[1371803175.832642] latency=2:4:6:16:157:(15)ms throughput=436rps rr=22.83% cr=6.39% errors=0 total=62097
[1371803176.836625] latency=2:4:7:19:224:(16)ms throughput=423rps rr=28.00% cr=7.53% errors=0 total=62522
[1371803177.840618] latency=2:4:6:15:126:(11)ms throughput=420rps rr=27.25% cr=5.21% errors=0 total=62944
[1371803178.844647] latency=2:4:7:21:201:(16)ms throughput=422rps rr=31.13% cr=8.73% errors=0 total=63368
[1371803179.848795] latency=2:4:6:16:221:(16)ms throughput=413rps rr=26.75% cr=9.16% errors=0 total=63783
[1371803180.852710] latency=2:5:10:41:296:(38)ms throughput=371rps rr=25.00% cr=6.45% errors=0 total=64155
[1371803181.856807] latency=2:4:6:21:161:(17)ms throughput=429rps rr=29.93% cr=9.28% errors=0 total=64586
[1371803182.860665] latency=2:4:7:20:180:(19)ms throughput=402rps rr=27.97% cr=6.19% errors=0 total=64990
[1371803183.864644] latency=2:4:7:21:286:(18)ms throughput=406rps rr=29.17% cr=8.82% errors=0 total=65398
[1371803184.868661] latency=2:4:10:32:232:(25)ms throughput=410rps rr=29.37% cr=7.77% errors=0 total=65810
[1371803185.872623] latency=2:5:15:42:385:(33)ms throughput=392rps rr=36.55% cr=13.71% errors=0 total=66204
[1371803186.876635] latency=2:4:8:22:206:(22)ms throughput=425rps rr=27.87% cr=7.73% errors=0 total=66631
[1371803187.880646] latency=2:4:8:27:197:(25)ms throughput=403rps rr=30.37% cr=8.15% errors=0 total=67036
[1371803188.884678] latency=2:4:7:21:238:(20)ms throughput=418rps rr=30.00% cr=9.76% errors=0 total=67456
[1371803189.888710] latency=2:4:8:24:199:(22)ms throughput=398rps rr=28.50% cr=6.25% errors=0 total=67856
[1371803190.892692] latency=2:5:9:33:182:(24)ms throughput=357rps rr=27.93% cr=10.34% errors=0 total=68214
[1371803191.916690] latency=2:5:11:38:416:(41)ms throughput=385rps rr=31.73% cr=10.66% errors=0 total=68608
[1371803192.920666] latency=2:4:7:22:207:(19)ms throughput=423rps rr=26.12% cr=5.88% errors=0 total=69033
[1371803193.924690] latency=2:5:12:38:247:(30)ms throughput=386rps rr=28.35% cr=9.02% errors=0 total=69421
[1371803194.948697] latency=2:5:11:36:317:(34)ms throughput=405rps rr=31.57% cr=6.99% errors=0 total=69836
[1371803195.952602] latency=2:4:8:23:192:(19)ms throughput=403rps rr=25.93% cr=9.38% errors=0 total=70241
[1371803196.956605] latency=2:5:8:27:178:(22)ms throughput=403rps rr=30.62% cr=11.60% errors=0 total=70646
[1371803197.960747] latency=3:6:21:68:315:(45)ms throughput=369rps rr=33.42% cr=9.43% errors=0 total=71017
[1371803198.964602] latency=2:4:8:22:204:(21)ms throughput=420rps rr=26.54% cr=7.11% errors=0 total=71439
[1371803199.968668] latency=2:5:8:25:234:(21)ms throughput=407rps rr=28.61% cr=7.09% errors=0 total=71848
[1371803200.972602] latency=2:5:13:38:358:(32)ms throughput=366rps rr=35.97% cr=11.17% errors=0 total=72215
[1371803201.976600] latency=2:5:18:74:395:(55)ms throughput=308rps rr=29.13% cr=10.03% errors=0 total=72524
[1371803202.980608] latency=2:5:12:36:270:(28)ms throughput=371rps rr=33.33% cr=10.22% errors=0 total=72896
[1371803203.984666] latency=2:6:17:61:369:(44)ms throughput=385rps rr=33.59% cr=8.79% errors=0 total=73283
[1371803204.988652] latency=3:6:15:57:393:(38)ms throughput=378rps rr=32.37% cr=8.95% errors=0 total=73663
[1371803205.992644] latency=2:4:8:27:152:(22)ms throughput=410rps rr=28.40% cr=7.52% errors=0 total=74075
[1371803206.996638] latency=2:5:8:29:243:(24)ms throughput=369rps rr=30.54% cr=8.92% errors=0 total=74445
[1371803208.000668] latency=2:5:10:33:215:(26)ms throughput=417rps rr=28.16% cr=8.35% errors=0 total=74864
[1371803209.004644] latency=2:5:14:41:261:(30)ms throughput=401rps rr=33.75% cr=11.66% errors=0 total=75267
[1371803210.008662] latency=2:5:12:41:257:(30)ms throughput=389rps rr=28.39% cr=11.00% errors=0 total=75658
[1371803211.012656] latency=2:5:14:51:351:(37)ms throughput=394rps rr=32.83% cr=9.85% errors=0 total=76054
[1371803212.016674] latency=3:5:10:35:197:(26)ms throughput=347rps rr=30.75% cr=10.34% errors=0 total=76402
[1371803213.020644] latency=2:5:15:60:410:(54)ms throughput=360rps rr=33.80% cr=11.36% errors=0 total=76763
[1371803214.024661] latency=2:4:9:35:285:(29)ms throughput=390rps rr=27.81% cr=6.89% errors=0 total=77155
[1371803215.028638] latency=2:4:6:15:113:(12)ms throughput=401rps rr=29.03% cr=10.17% errors=0 total=77558
[1371803216.032705] latency=2:5:18:50:315:(36)ms throughput=372rps rr=30.75% cr=9.36% errors=0 total=77932
[1371803217.036649] latency=2:5:11:37:347:(32)ms throughput=410rps rr=32.77% cr=9.71% errors=0 total=78344
[1371803218.040665] latency=2:5:10:37:277:(28)ms throughput=363rps rr=33.79% cr=11.54% errors=0 total=78708
[1371803219.044645] latency=2:4:9:29:310:(28)ms throughput=407rps rr=32.27% cr=10.27% errors=0 total=79117
[1371803220.048658] latency=3:6:22:53:323:(39)ms throughput=357rps rr=35.20% cr=14.80% errors=0 total=79475
[1371803221.052642] latency=2:5:9:30:486:(29)ms throughput=410rps rr=33.74% cr=8.98% errors=0 total=79887
[1371803222.056652] latency=2:5:11:29:251:(25)ms throughput=387rps rr=30.33% cr=11.57% errors=0 total=80276
[1371803223.060657] latency=2:5:18:61:357:(48)ms throughput=300rps rr=30.56% cr=9.97% errors=0 total=80577
[1371803224.064669] latency=2:6:22:71:379:(48)ms throughput=375rps rr=37.40% cr=14.59% errors=0 total=80954
[1371803225.068667] latency=2:4:7:20:294:(17)ms throughput=416rps rr=30.86% cr=8.37% errors=0 total=81372
[1371803226.072658] latency=2:5:14:34:261:(31)ms throughput=399rps rr=31.17% cr=10.22% errors=0 total=81773
[1371803227.076688] latency=2:4:10:28:306:(25)ms throughput=390rps rr=34.95% cr=14.03% errors=0 total=82165
[1371803228.080640] latency=2:4:9:33:169:(26)ms throughput=388rps rr=31.54% cr=10.77% errors=0 total=82555
[1371803229.084644] latency=2:5:19:48:262:(36)ms throughput=364rps rr=34.25% cr=12.60% errors=0 total=82920
[1371803230.088654] latency=2:5:10:36:531:(31)ms throughput=419rps rr=31.83% cr=11.16% errors=0 total=83341
[1371803231.092638] latency=2:4:7:24:335:(21)ms throughput=410rps rr=30.34% cr=10.44% errors=0 total=83753
[1371803232.096638] latency=2:5:11:36:237:(28)ms throughput=393rps rr=30.38% cr=12.15% errors=0 total=84148
[1371803233.100656] latency=3:6:18:47:254:(38)ms throughput=382rps rr=36.20% cr=13.28% errors=0 total=84532
[1371803234.104669] latency=2:6:29:98:594:(73)ms throughput=288rps rr=39.10% cr=13.15% errors=0 total=84821
[1371803235.108653] latency=2:5:12:37:223:(28)ms throughput=376rps rr=34.22% cr=10.61% errors=0 total=85198
[1371803236.112655] latency=2:4:9:40:183:(28)ms throughput=414rps rr=32.69% cr=12.26% errors=0 total=85614
[1371803237.116649] latency=2:5:10:35:249:(27)ms throughput=402rps rr=32.43% cr=8.91% errors=0 total=86018
[1371803238.120657] latency=2:4:6:17:220:(15)ms throughput=415rps rr=28.78% cr=9.35% errors=0 total=86435
[1371803239.124656] latency=2:5:13:48:234:(34)ms throughput=385rps rr=32.04% cr=9.04% errors=0 total=86822
[1371803240.128681] latency=2:4:7:21:204:(19)ms throughput=413rps rr=34.46% cr=10.84% errors=0 total=87237
[1371803241.132643] latency=2:4:6:17:183:(14)ms throughput=419rps rr=30.17% cr=10.93% errors=0 total=87658
[1371803242.136646] latency=2:4:7:22:245:(18)ms throughput=424rps rr=30.99% cr=10.09% errors=0 total=88084
[1371803243.140644] latency=2:4:7:17:124:(13)ms throughput=421rps rr=29.08% cr=9.46% errors=0 total=88507
[1371803244.144644] latency=2:6:19:48:225:(35)ms throughput=359rps rr=36.39% cr=10.56% errors=0 total=88867
[1371803245.148651] latency=2:4:9:32:279:(32)ms throughput=399rps rr=32.17% cr=9.98% errors=0 total=89268
[1371803246.152640] latency=2:4:8:27:247:(22)ms throughput=397rps rr=33.33% cr=11.28% errors=0 total=89667
[1371803247.156645] latency=2:4:7:21:199:(16)ms throughput=413rps rr=34.46% cr=10.60% errors=0 total=90082
[1371803248.160676] latency=2:5:10:28:220:(26)ms throughput=389rps rr=37.85% cr=12.02% errors=0 total=90473
[1371803249.164631] latency=2:5:15:47:339:(34)ms throughput=379rps rr=37.63% cr=12.89% errors=0 total=90853
[1371803250.168628] latency=2:5:11:31:320:(24)ms throughput=406rps rr=35.05% cr=13.97% errors=0 total=91261
[1371803251.172624] latency=2:5:14:39:324:(33)ms throughput=373rps rr=37.17% cr=13.10% errors=0 total=91635
[1371803252.176629] latency=2:4:7:23:170:(18)ms throughput=396rps rr=33.42% cr=11.06% errors=0 total=92033
[1371803253.180634] latency=2:5:12:36:219:(29)ms throughput=401rps rr=36.48% cr=11.41% errors=0 total=92436
[1371803254.184634] latency=2:5:14:41:283:(33)ms throughput=366rps rr=38.15% cr=15.53% errors=0 total=92803
[1371803255.188673] latency=2:6:22:80:410:(53)ms throughput=321rps rr=33.23% cr=8.70% errors=0 total=93125
[1371803256.192638] latency=2:5:12:33:549:(32)ms throughput=387rps rr=38.05% cr=10.03% errors=0 total=93514
[1371803257.196636] latency=2:5:12:42:433:(31)ms throughput=388rps rr=34.36% cr=13.33% errors=0 total=93904
[1371803258.200637] latency=2:4:7:26:217:(22)ms throughput=427rps rr=35.66% cr=11.19% errors=0 total=94333
[1371803259.204642] latency=2:4:8:29:228:(24)ms throughput=430rps rr=30.09% cr=9.95% errors=0 total=94765
[1371803260.208648] latency=2:6:15:35:178:(29)ms throughput=364rps rr=34.25% cr=13.70% errors=0 total=95130
[1371803261.212630] latency=2:4:9:29:332:(28)ms throughput=410rps rr=33.25% cr=10.92% errors=0 total=95542
[1371803262.216633] latency=2:4:8:28:142:(21)ms throughput=405rps rr=33.91% cr=11.06% errors=0 total=95949
[1371803263.220629] latency=2:5:12:42:672:(35)ms throughput=392rps rr=39.09% cr=14.47% errors=0 total=96343
[1371803264.224632] latency=2:4:7:21:173:(17)ms throughput=413rps rr=34.70% cr=12.29% errors=0 total=96758
[1371803265.228632] latency=2:4:9:28:269:(22)ms throughput=402rps rr=33.66% cr=14.11% errors=0 total=97162
[1371803266.232639] latency=2:6:21:60:341:(46)ms throughput=343rps rr=34.88% cr=14.83% errors=0 total=97506
[1371803267.236638] latency=2:4:7:25:205:(18)ms throughput=423rps rr=32.94% cr=11.06% errors=0 total=97931
[1371803268.240637] latency=2:4:7:23:170:(19)ms throughput=427rps rr=33.10% cr=11.66% errors=0 total=98360
[1371803269.244638] latency=2:3:5:13:74:(11)ms throughput=434rps rr=25.92% cr=8.26% errors=0 total=98796
[1371803270.248642] latency=2:5:9:34:263:(24)ms throughput=432rps rr=35.25% cr=10.37% errors=0 total=99230
[1371803271.252667] latency=2:4:8:26:223:(22)ms throughput=420rps rr=33.18% cr=10.43% errors=0 total=99652
[1371803272.256662] latency=2:5:8:24:263:(20)ms throughput=438rps rr=29.32% cr=9.09% errors=0 total=100092
[1371803273.260665] latency=2:4:7:16:176:(15)ms throughput=434rps rr=27.06% cr=9.40% errors=0 total=100528
[1371803274.264655] latency=2:4:7:23:191:(18)ms throughput=428rps rr=31.86% cr=10.70% errors=0 total=100958
[1371803275.268660] latency=2:5:8:25:262:(21)ms throughput=431rps rr=32.33% cr=11.09% errors=0 total=101391
[1371803276.272656] latency=2:4:8:30:202:(24)ms throughput=372rps rr=29.76% cr=8.04% errors=0 total=101764
[1371803277.276651] latency=3:5:18:47:341:(40)ms throughput=417rps rr=38.19% cr=12.65% errors=0 total=102183
[1371803278.280615] latency=2:4:7:21:163:(15)ms throughput=388rps rr=32.82% cr=7.95% errors=0 total=102573
[1371803279.284616] latency=2:4:8:28:218:(23)ms throughput=415rps rr=35.97% cr=9.11% errors=0 total=102990
[1371803280.288603] latency=2:4:8:21:124:(17)ms throughput=418rps rr=36.43% cr=9.29% errors=0 total=103410
[1371803281.292614] latency=2:4:6:18:287:(17)ms throughput=397rps rr=31.33% cr=13.53% errors=0 total=103809
[1371803282.296601] latency=2:4:7:26:195:(21)ms throughput=418rps rr=33.33% cr=11.19% errors=0 total=104229
[1371803283.300609] latency=2:5:10:31:213:(24)ms throughput=409rps rr=38.20% cr=14.36% errors=0 total=104640
[1371803284.304616] latency=2:5:8:27:253:(24)ms throughput=412rps rr=36.23% cr=14.49% errors=0 total=105054
[1371803285.308602] latency=2:5:15:42:272:(32)ms throughput=399rps rr=37.16% cr=14.21% errors=0 total=105455
[1371803286.312559] latency=2:4:8:27:247:(20)ms throughput=418rps rr=34.52% cr=13.81% errors=0 total=105875
[1371803287.316614] latency=2:5:11:42:508:(41)ms throughput=344rps rr=34.49% cr=10.72% errors=0 total=106220
[1371803288.320662] latency=2:5:14:34:225:(25)ms throughput=394rps rr=39.90% cr=15.91% errors=0 total=106616
[1371803289.324633] latency=2:5:11:36:289:(27)ms throughput=418rps rr=35.95% cr=12.86% errors=0 total=107036
[1371803290.328638] latency=2:4:9:23:245:(20)ms throughput=404rps rr=37.19% cr=13.30% errors=0 total=107442
[1371803291.332629] latency=2:4:6:19:177:(16)ms throughput=428rps rr=31.63% cr=11.16% errors=0 total=107872
[1371803292.336634] latency=2:4:7:21:254:(20)ms throughput=414rps rr=32.45% cr=10.10% errors=0 total=108288
[1371803293.340635] latency=2:5:13:35:260:(27)ms throughput=386rps rr=38.66% cr=13.14% errors=0 total=108676
[1371803294.344648] latency=2:5:10:35:261:(27)ms throughput=388rps rr=37.18% cr=13.08% errors=0 total=109066
[1371803295.348632] latency=2:5:13:40:249:(31)ms throughput=411rps rr=40.68% cr=17.19% errors=0 total=109479
[1371803296.352630] latency=2:5:17:39:223:(30)ms throughput=382rps rr=40.89% cr=13.28% errors=0 total=109863
[1371803297.356638] latency=3:6:24:61:359:(55)ms throughput=293rps rr=38.78% cr=19.05% errors=0 total=110157
[1371803298.360635] latency=3:6:24:73:473:(62)ms throughput=359rps rr=43.06% cr=14.72% errors=0 total=110517
[1371803299.364654] latency=2:5:9:26:205:(21)ms throughput=414rps rr=35.34% cr=11.78% errors=0 total=110933
[1371803300.368651] latency=2:4:10:31:177:(23)ms throughput=386rps rr=40.72% cr=17.53% errors=0 total=111321
[1371803301.372646] latency=2:4:8:29:246:(25)ms throughput=414rps rr=36.78% cr=16.11% errors=0 total=111737
[1371803302.376635] latency=2:5:9:26:261:(20)ms throughput=412rps rr=35.27% cr=13.77% errors=0 total=112151
[1371803303.380641] latency=2:4:9:22:189:(17)ms throughput=400rps rr=37.31% cr=13.18% errors=0 total=112553
[1371803304.384645] latency=2:5:10:31:241:(26)ms throughput=395rps rr=40.30% cr=15.87% errors=0 total=112950
[1371803305.388624] latency=2:4:8:34:314:(26)ms throughput=388rps rr=38.97% cr=14.87% errors=0 total=113340
[1371803306.392633] latency=2:5:9:25:122:(18)ms throughput=389rps rr=38.62% cr=16.62% errors=0 total=113731
[1371803307.396635] latency=2:5:11:38:209:(31)ms throughput=401rps rr=38.71% cr=15.63% errors=0 total=114134
[1371803308.400652] latency=2:5:23:66:276:(45)ms throughput=306rps rr=38.76% cr=17.26% errors=0 total=114441
[1371803309.404647] latency=2:5:13:36:375:(32)ms throughput=398rps rr=42.75% cr=20.00% errors=0 total=114841
[1371803310.408687] latency=2:5:10:32:241:(25)ms throughput=387rps rr=39.85% cr=15.17% errors=0 total=115230
[1371803311.412650] latency=2:5:20:44:391:(35)ms throughput=385rps rr=42.89% cr=19.38% errors=0 total=115617
[1371803312.416645] latency=2:5:15:41:249:(31)ms throughput=384rps rr=42.49% cr=15.80% errors=0 total=116003
[1371803313.428645] latency=2:5:15:45:323:(37)ms throughput=384rps rr=40.10% cr=15.68% errors=0 total=116392
[1371803314.432644] latency=3:5:11:37:271:(30)ms throughput=385rps rr=40.31% cr=17.05% errors=0 total=116779
[1371803315.436649] latency=3:6:24:50:314:(42)ms throughput=355rps rr=48.88% cr=21.07% errors=0 total=117135
[1371803316.440664] latency=2:6:20:50:315:(41)ms throughput=388rps rr=43.33% cr=18.46% errors=0 total=117525
[1371803317.452644] latency=2:6:26:64:374:(48)ms throughput=351rps rr=45.63% cr=22.25% errors=0 total=117880
[1371803318.456652] latency=2:5:13:34:230:(25)ms throughput=374rps rr=42.55% cr=16.76% errors=0 total=118256
[1371803319.460642] latency=2:6:25:65:364:(51)ms throughput=332rps rr=42.04% cr=18.02% errors=0 total=118589
[1371803320.464656] latency=2:6:21:46:326:(38)ms throughput=373rps rr=42.51% cr=17.91% errors=0 total=118963
[1371803321.468650] latency=2:6:17:45:261:(36)ms throughput=377rps rr=46.44% cr=21.90% errors=0 total=119342
[1371803322.472642] latency=3:6:25:68:324:(44)ms throughput=357rps rr=44.41% cr=15.92% errors=0 total=119700
[1371803323.476651] latency=2:6:20:45:225:(33)ms throughput=375rps rr=45.09% cr=21.22% errors=0 total=120077
[1371803324.480637] latency=3:6:20:48:337:(38)ms throughput=372rps rr=43.16% cr=20.91% errors=0 total=120450
[1371803325.484659] latency=2:5:13:37:263:(29)ms throughput=385rps rr=41.34% cr=14.73% errors=0 total=120837
[1371803326.488651] latency=2:5:16:44:296:(34)ms throughput=370rps rr=41.78% cr=14.56% errors=0 total=121208
[1371803327.492667] latency=2:5:12:36:281:(29)ms throughput=393rps rr=40.51% cr=19.49% errors=0 total=121603
[1371803328.496649] latency=3:6:17:44:370:(35)ms throughput=381rps rr=43.60% cr=23.24% errors=0 total=121986
[1371803329.500647] latency=2:6:20:67:579:(51)ms throughput=308rps rr=41.75% cr=18.77% errors=0 total=122295
[1371803330.504665] latency=3:7:28:61:550:(47)ms throughput=362rps rr=46.83% cr=21.76% errors=0 total=122658
[1371803331.508631] latency=2:5:13:37:261:(27)ms throughput=385rps rr=43.15% cr=18.86% errors=0 total=123045
[1371803332.512636] latency=2:5:14:41:277:(33)ms throughput=375rps rr=42.44% cr=18.30% errors=0 total=123422
[1371803333.516649] latency=3:6:23:50:311:(40)ms throughput=374rps rr=45.60% cr=19.20% errors=0 total=123797
[1371803334.520646] latency=3:6:26:63:302:(45)ms throughput=363rps rr=42.31% cr=19.51% errors=0 total=124161
[1371803335.524646] latency=2:5:12:31:189:(23)ms throughput=393rps rr=40.25% cr=17.97% errors=0 total=124556
[1371803336.528646] latency=3:5:15:40:326:(30)ms throughput=363rps rr=47.25% cr=19.78% errors=0 total=124920
[1371803337.532630] latency=2:5:13:41:304:(31)ms throughput=386rps rr=43.81% cr=20.10% errors=0 total=125308
[1371803338.536656] latency=3:5:18:42:211:(31)ms throughput=368rps rr=45.80% cr=20.33% errors=0 total=125677
[1371803339.540649] latency=3:6:19:47:345:(40)ms throughput=375rps rr=46.01% cr=22.61% errors=0 total=126053
[1371803340.544651] latency=3:6:30:90:540:(75)ms throughput=297rps rr=40.94% cr=19.80% errors=0 total=126351
[1371803341.548682] latency=2:5:16:41:246:(30)ms throughput=387rps rr=44.22% cr=17.74% errors=0 total=126740
[1371803342.552643] latency=2:5:11:33:190:(25)ms throughput=371rps rr=43.01% cr=19.35% errors=0 total=127112
[1371803343.556641] latency=2:6:16:54:293:(39)ms throughput=361rps rr=43.09% cr=20.17% errors=0 total=127474
[1371803344.560656] latency=2:6:20:60:246:(41)ms throughput=362rps rr=46.01% cr=20.94% errors=0 total=127837
[1371803345.564644] latency=2:7:28:71:300:(43)ms throughput=343rps rr=46.22% cr=17.44% errors=0 total=128181
[1371803346.568646] latency=2:6:23:60:164:(38)ms throughput=349rps rr=42.86% cr=21.14% errors=0 total=128531
[1371803347.572641] latency=2:6:23:58:192:(36)ms throughput=364rps rr=41.92% cr=18.36% errors=0 total=128896
[1371803348.576654] latency=2:5:15:51:141:(31)ms throughput=340rps rr=41.64% cr=12.61% errors=0 total=129237
[1371803349.580661] latency=2:6:20:70:208:(41)ms throughput=354rps rr=41.41% cr=20.85% errors=0 total=129592
[1371803350.584639] latency=2:7:24:62:168:(37)ms throughput=306rps rr=41.37% cr=20.52% errors=0 total=129899
[1371803351.588639] latency=2:20:57:118:565:(81)ms throughput=301rps rr=49.67% cr=18.54% errors=0 total=130201
[1371803352.592641] latency=2:6:20:65:297:(39)ms throughput=364rps rr=43.01% cr=16.99% errors=0 total=130566
[1371803353.596610] latency=3:11:41:77:243:(51)ms throughput=314rps rr=45.08% cr=20.95% errors=0 total=130881
[1371803354.600636] latency=2:7:28:67:299:(46)ms throughput=360rps rr=42.94% cr=21.33% errors=0 total=131242
[1371803355.604642] latency=2:8:29:66:172:(41)ms throughput=352rps rr=48.16% cr=22.38% errors=0 total=131595
[1371803356.608647] latency=2:7:24:69:310:(41)ms throughput=323rps rr=45.06% cr=18.52% errors=0 total=131919
[1371803357.612645] latency=2:6:20:66:307:(41)ms throughput=373rps rr=44.92% cr=18.45% errors=0 total=132293
[1371803358.616631] latency=2:8:24:70:202:(42)ms throughput=331rps rr=47.89% cr=24.10% errors=0 total=132625
[1371803359.620669] latency=2:12:51:97:216:(60)ms throughput=322rps rr=47.06% cr=27.24% errors=0 total=132948
[1371803360.624713] latency=2:8:35:76:153:(45)ms throughput=348rps rr=41.55% cr=20.34% errors=0 total=133297
[1371803361.628663] latency=2:10:40:90:275:(59)ms throughput=324rps rr=43.38% cr=18.77% errors=0 total=133622
[1371803362.632702] latency=2:10:31:70:206:(45)ms throughput=340rps rr=46.63% cr=23.75% errors=0 total=133963
[1371803363.636669] latency=2:6:22:65:301:(38)ms throughput=350rps rr=43.87% cr=20.23% errors=0 total=134314
[1371803364.640640] latency=3:11:39:82:194:(50)ms throughput=308rps rr=54.05% cr=24.60% errors=0 total=134623
[1371803365.644644] latency=3:14:52:99:318:(63)ms throughput=292rps rr=54.95% cr=22.87% errors=0 total=134916
[1371803366.648635] latency=3:18:48:88:298:(58)ms throughput=343rps rr=47.67% cr=21.51% errors=0 total=135260
[1371803367.652647] latency=2:8:32:67:494:(45)ms throughput=329rps rr=49.70% cr=22.73% errors=0 total=135590
[1371803368.656639] latency=2:8:37:89:251:(54)ms throughput=310rps rr=45.98% cr=22.83% errors=0 total=135901
[1371803369.660649] latency=2:11:40:95:334:(59)ms throughput=341rps rr=52.05% cr=25.44% errors=0 total=136243
[1371803370.664632] latency=2:16:56:91:328:(64)ms throughput=294rps rr=52.54% cr=27.12% errors=0 total=136538
[1371803371.668641] latency=3:7:34:86:229:(50)ms throughput=320rps rr=48.29% cr=25.55% errors=0 total=136859
[1371803372.672682] latency=2:12:47:111:386:(72)ms throughput=309rps rr=49.35% cr=25.16% errors=0 total=137169
[1371803373.676646] latency=3:13:38:79:265:(51)ms throughput=330rps rr=46.83% cr=25.68% errors=0 total=137500
[1371803374.680640] latency=2:10:32:74:298:(49)ms throughput=325rps rr=46.93% cr=24.23% errors=0 total=137826
[1371803375.684640] latency=2:12:47:85:380:(57)ms throughput=330rps rr=49.24% cr=22.96% errors=0 total=138157
[1371803376.688680] latency=2:14:49:96:325:(61)ms throughput=320rps rr=51.09% cr=27.41% errors=0 total=138478
[1371803377.692648] latency=3:17:51:92:317:(63)ms throughput=296rps rr=52.53% cr=29.29% errors=0 total=138775
[1371803378.696648] latency=2:10:36:83:305:(55)ms throughput=336rps rr=48.07% cr=25.82% errors=0 total=139112
[1371803379.700640] latency=2:8:24:65:316:(40)ms throughput=324rps rr=48.00% cr=23.69% errors=0 total=139437
[1371803380.704649] latency=2:9:41:94:354:(60)ms throughput=304rps rr=49.84% cr=25.57% errors=0 total=139742
[1371803381.708644] latency=2:9:36:88:362:(55)ms throughput=355rps rr=47.47% cr=23.88% errors=0 total=140098
[1371803382.712660] latency=2:8:36:76:346:(50)ms throughput=323rps rr=48.15% cr=24.69% errors=0 total=140422
[1371803383.716740] latency=2:15:54:117:553:(77)ms throughput=277rps rr=49.28% cr=27.34% errors=0 total=140700
[1371803384.720720] latency=3:12:44:84:337:(57)ms throughput=319rps rr=48.75% cr=24.06% errors=0 total=141020
[1371803385.724696] latency=2:11:45:88:207:(56)ms throughput=297rps rr=54.36% cr=29.19% errors=0 total=141318
[1371803386.728687] latency=3:17:43:88:380:(63)ms throughput=324rps rr=48.62% cr=24.62% errors=0 total=141643
[1371803387.732687] latency=2:12:37:75:264:(49)ms throughput=347rps rr=48.85% cr=24.43% errors=0 total=141991
[1371803388.736660] latency=3:22:50:93:414:(65)ms throughput=293rps rr=50.00% cr=28.91% errors=0 total=142285
[1371803389.740651] latency=3:12:48:118:510:(73)ms throughput=290rps rr=50.17% cr=24.74% errors=0 total=142576
[1371803390.744640] latency=3:17:55:123:460:(80)ms throughput=294rps rr=51.53% cr=28.81% errors=0 total=142871
[1371803391.748637] latency=2:10:41:91:327:(57)ms throughput=301rps rr=43.38% cr=20.20% errors=0 total=143173
[1371803392.752626] latency=3:15:52:97:388:(65)ms throughput=308rps rr=46.60% cr=23.95% errors=0 total=143482
[1371803393.756639] latency=3:25:59:101:361:(73)ms throughput=294rps rr=51.19% cr=24.07% errors=0 total=143777
[1371803394.760647] latency=2:16:52:133:492:(83)ms throughput=287rps rr=47.92% cr=23.96% errors=0 total=144065
[1371803395.764629] latency=2:8:34:78:360:(50)ms throughput=315rps rr=52.53% cr=28.16% errors=0 total=144381
[1371803396.768639] latency=2:12:45:86:371:(57)ms throughput=334rps rr=50.45% cr=25.67% errors=0 total=144716
[1371803397.772628] latency=2:7:29:82:270:(47)ms throughput=333rps rr=48.50% cr=28.14% errors=0 total=145050
[1371803398.776632] latency=2:10:40:87:247:(54)ms throughput=338rps rr=51.92% cr=23.60% errors=0 total=145389
[1371803399.780691] latency=3:11:44:89:352:(60)ms throughput=309rps rr=51.94% cr=29.03% errors=0 total=145699
[1371803400.784658] latency=3:16:55:124:395:(81)ms throughput=273rps rr=52.55% cr=26.64% errors=0 total=145973
[1371803401.788663] latency=2:12:54:100:565:(70)ms throughput=298rps rr=53.51% cr=26.09% errors=0 total=146272
[1371803402.792632] latency=3:21:66:114:349:(73)ms throughput=292rps rr=50.51% cr=23.55% errors=0 total=146565
[1371803403.796634] latency=2:11:52:89:384:(59)ms throughput=299rps rr=50.33% cr=23.67% errors=0 total=146865
