2013-06-21 08:16:34.370+0000: 28668: info : libvirt version: 0.9.8
2013-06-21 08:16:34.370+0000: 28668: warning : xenHypervisorMakeCapabilities:2751 : Failed to get host power management capabilities
[1371802599.608775] vm=rubbos-hvm new
[1371802599.608827] vm=rubis-hvm new
[1371802599.608854] vm=rubbos-hvm perf=0.000000 vp=0.500000 cap=200.000000
[1371802599.770508] vm=rubis-hvm perf=0.000000 vp=0.500000 cap=200.000000
[1371802605.165608] vm=rubbos-hvm perf=0.000000 vp=0.500000 cap=200.000000
[1371802605.304438] vm=rubis-hvm perf=0.000000 vp=0.500000 cap=200.000000
[1371802610.703054] vm=rubbos-hvm perf=1.000000 vp=0.500000 cap=200.000000
[1371802610.866201] vm=rubis-hvm perf=1.000000 vp=0.500000 cap=200.000000
[1371802616.206100] vm=rubbos-hvm perf=1.000000 vp=0.500000 cap=200.000000
[1371802616.376624] vm=rubis-hvm perf=1.000000 vp=0.500000 cap=200.000000
[1371802621.740759] vm=rubbos-hvm perf=1.000000 vp=0.500000 cap=200.000000
[1371802621.909794] vm=rubis-hvm perf=1.000000 vp=0.500000 cap=200.000000
[1371802627.316910] vm=rubbos-hvm perf=1.000000 vp=0.500000 cap=200.000000
[1371802627.475811] vm=rubis-hvm perf=1.000000 vp=0.500000 cap=200.000000
[1371802632.878922] vm=rubbos-hvm perf=1.000000 vp=0.500000 cap=200.000000
[1371802633.058242] vm=rubis-hvm perf=1.000000 vp=0.500000 cap=200.000000
[1371802638.435771] vm=rubbos-hvm perf=1.000000 vp=0.500000 cap=200.000000
[1371802638.605924] vm=rubis-hvm perf=1.000000 vp=0.500000 cap=200.000000
[1371802643.998592] vm=rubbos-hvm perf=1.000000 vp=0.500000 cap=200.000000
[1371802644.167987] vm=rubis-hvm perf=1.000000 vp=0.500000 cap=200.000000
[1371802649.523239] vm=rubbos-hvm perf=1.000000 vp=0.500000 cap=200.000000
[1371802649.683302] vm=rubis-hvm perf=1.000000 vp=0.500000 cap=200.000000
[1371802655.066827] vm=rubbos-hvm perf=1.000000 vp=0.500000 cap=200.000000
[1371802655.240761] vm=rubis-hvm perf=1.000000 vp=0.500000 cap=200.000000
[1371802660.602733] vm=rubbos-hvm perf=1.000000 vp=0.500000 cap=200.000000
[1371802660.759640] vm=rubis-hvm perf=1.000000 vp=0.500000 cap=200.000000
[1371802666.149032] vm=rubbos-hvm perf=1.000000 vp=0.500000 cap=200.000000
[1371802666.309951] vm=rubis-hvm perf=1.000000 vp=0.500000 cap=200.000000
[1371802671.695621] vm=rubbos-hvm perf=1.000000 vp=0.500000 cap=200.000000
[1371802671.860712] vm=rubis-hvm perf=1.000000 vp=0.500000 cap=200.000000
[1371802677.231739] vm=rubbos-hvm perf=1.000000 vp=0.500000 cap=200.000000
[1371802677.397779] vm=rubis-hvm perf=1.000000 vp=0.500000 cap=200.000000
[1371802682.799968] vm=rubbos-hvm perf=1.000000 vp=0.500000 cap=200.000000
[1371802682.967573] vm=rubis-hvm perf=1.000000 vp=0.500000 cap=200.000000
[1371802688.372035] vm=rubbos-hvm perf=1.000000 vp=0.500000 cap=200.000000
[1371802688.555342] vm=rubis-hvm perf=1.000000 vp=0.500000 cap=200.000000
[1371802693.947130] vm=rubbos-hvm perf=1.000000 vp=0.500000 cap=200.000000
[1371802694.080715] vm=rubis-hvm perf=1.000000 vp=0.500000 cap=200.000000
[1371802699.452658] vm=rubbos-hvm perf=1.000000 vp=0.500000 cap=200.000000
[1371802699.614475] vm=rubis-hvm perf=1.000000 vp=0.500000 cap=200.000000
[1371802704.960641] vm=rubbos-hvm perf=1.000000 vp=0.500000 cap=200.000000
[1371802705.120421] vm=rubis-hvm perf=1.000000 vp=0.500000 cap=200.000000
[1371802710.514790] vm=rubbos-hvm perf=1.000000 vp=0.500000 cap=200.000000
[1371802710.676917] vm=rubis-hvm perf=1.000000 vp=0.500000 cap=200.000000
[1371802716.037376] vm=rubbos-hvm perf=1.000000 vp=0.500000 cap=200.000000
[1371802716.186560] vm=rubis-hvm perf=1.000000 vp=0.500000 cap=200.000000
[1371802721.558648] vm=rubbos-hvm perf=1.000000 vp=0.500000 cap=200.000000
[1371802721.727938] vm=rubis-hvm perf=1.000000 vp=0.500000 cap=200.000000
[1371802727.107300] vm=rubbos-hvm perf=1.000000 vp=0.500000 cap=200.000000
[1371802727.284217] vm=rubis-hvm perf=1.000000 vp=0.500000 cap=200.000000
[1371802732.654165] vm=rubbos-hvm perf=1.000000 vp=0.500000 cap=200.000000
[1371802732.807070] vm=rubis-hvm perf=1.000000 vp=0.500000 cap=200.000000
[1371802738.184830] vm=rubbos-hvm perf=1.000000 vp=0.500000 cap=200.000000
[1371802738.348230] vm=rubis-hvm perf=1.000000 vp=0.500000 cap=200.000000
[1371802743.737256] vm=rubbos-hvm perf=1.000000 vp=0.500000 cap=200.000000
[1371802743.902435] vm=rubis-hvm perf=1.000000 vp=0.500000 cap=200.000000
[1371802749.261158] vm=rubbos-hvm perf=1.000000 vp=0.500000 cap=200.000000
[1371802749.416315] vm=rubis-hvm perf=1.000000 vp=0.500000 cap=200.000000
[1371802754.802982] vm=rubbos-hvm perf=1.000000 vp=0.500000 cap=200.000000
[1371802754.955486] vm=rubis-hvm perf=1.000000 vp=0.500000 cap=200.000000
[1371802760.374696] vm=rubbos-hvm perf=1.000000 vp=0.500000 cap=200.000000
[1371802760.529021] vm=rubis-hvm perf=1.000000 vp=0.500000 cap=200.000000
[1371802765.914198] vm=rubbos-hvm perf=1.000000 vp=0.500000 cap=200.000000
[1371802766.069871] vm=rubis-hvm perf=1.000000 vp=0.500000 cap=200.000000
[1371802771.429765] vm=rubbos-hvm perf=1.000000 vp=0.500000 cap=200.000000
[1371802771.585428] vm=rubis-hvm perf=1.000000 vp=0.500000 cap=200.000000
[1371802776.965559] vm=rubbos-hvm perf=1.000000 vp=0.500000 cap=200.000000
[1371802777.129278] vm=rubis-hvm perf=1.000000 vp=0.500000 cap=200.000000
[1371802782.529113] vm=rubbos-hvm perf=1.000000 vp=0.500000 cap=200.000000
[1371802782.706736] vm=rubis-hvm perf=1.000000 vp=0.500000 cap=200.000000
[1371802788.102597] vm=rubbos-hvm perf=1.000000 vp=0.500000 cap=200.000000
[1371802788.265683] vm=rubis-hvm perf=1.000000 vp=0.500000 cap=200.000000
[1371802793.637553] vm=rubbos-hvm perf=1.000000 vp=0.500000 cap=200.000000
[1371802793.805501] vm=rubis-hvm perf=1.000000 vp=0.500000 cap=200.000000
[1371802799.177249] vm=rubbos-hvm perf=1.000000 vp=0.500000 cap=200.000000
[1371802799.332996] vm=rubis-hvm perf=1.000000 vp=0.500000 cap=200.000000
[1371802804.709498] vm=rubbos-hvm perf=1.000000 vp=0.500000 cap=200.000000
[1371802804.875222] vm=rubis-hvm perf=1.000000 vp=0.500000 cap=200.000000
[1371802810.241392] vm=rubbos-hvm perf=1.000000 vp=0.500000 cap=200.000000
[1371802810.400113] vm=rubis-hvm perf=0.030677 vp=0.500000 cap=200.000000
[1371802815.793684] vm=rubbos-hvm perf=1.000000 vp=0.492025 cap=196.809856
[1371802815.937258] vm=rubis-hvm perf=-0.080618 vp=0.507975 cap=203.190144
[1371802821.345054] vm=rubbos-hvm perf=1.000000 vp=0.480977 cap=192.390762
[1371802821.502688] vm=rubis-hvm perf=-0.523694 vp=0.519023 cap=207.609238
[1371802826.892637] vm=rubbos-hvm perf=1.000000 vp=0.480977 cap=192.390762
[1371802827.052340] vm=rubis-hvm perf=0.177991 vp=0.519023 cap=207.609238
[1371802832.450571] vm=rubbos-hvm perf=1.000000 vp=0.480977 cap=192.390762
[1371802832.620713] vm=rubis-hvm perf=1.000000 vp=0.519023 cap=207.609238
[1371802838.004885] vm=rubbos-hvm perf=1.000000 vp=0.480977 cap=192.390762
[1371802838.162583] vm=rubis-hvm perf=1.000000 vp=0.519023 cap=207.609238
[1371802843.538660] vm=rubbos-hvm perf=1.000000 vp=0.480977 cap=192.390762
[1371802843.706994] vm=rubis-hvm perf=0.462285 vp=0.519023 cap=207.609238
[1371802849.087159] vm=rubbos-hvm perf=1.000000 vp=0.480977 cap=192.390762
[1371802849.241144] vm=rubis-hvm perf=0.837786 vp=0.519023 cap=207.609238
[1371802854.648145] vm=rubbos-hvm perf=1.000000 vp=0.480977 cap=192.390762
[1371802854.827776] vm=rubis-hvm perf=1.000000 vp=0.519023 cap=207.609238
[1371802860.202532] vm=rubbos-hvm perf=1.000000 vp=0.480977 cap=192.390762
[1371802860.374920] vm=rubis-hvm perf=0.299147 vp=0.519023 cap=207.609238
[1371802865.764686] vm=rubbos-hvm perf=1.000000 vp=0.480977 cap=192.390762
[1371802865.932773] vm=rubis-hvm perf=0.939563 vp=0.519023 cap=207.609238
[1371802871.324818] vm=rubbos-hvm perf=1.000000 vp=0.480977 cap=192.390762
[1371802871.486396] vm=rubis-hvm perf=1.000000 vp=0.519023 cap=207.609238
[1371802876.870457] vm=rubbos-hvm perf=1.000000 vp=0.480977 cap=192.390762
[1371802877.022884] vm=rubis-hvm perf=0.861182 vp=0.519023 cap=207.609238
[1371802882.438232] vm=rubbos-hvm perf=1.000000 vp=0.470798 cap=188.319314
[1371802882.588040] vm=rubis-hvm perf=-0.419232 vp=0.529202 cap=211.680686
[1371802887.955580] vm=rubbos-hvm perf=1.000000 vp=0.459241 cap=183.696211
[1371802888.132015] vm=rubis-hvm perf=-0.657823 vp=0.540759 cap=216.303789
[1371802893.494268] vm=rubbos-hvm perf=1.000000 vp=0.449447 cap=179.778847
[1371802893.649520] vm=rubis-hvm perf=-0.404082 vp=0.550553 cap=220.221153
[1371802899.066923] vm=rubbos-hvm perf=1.000000 vp=0.449447 cap=179.778847
[1371802899.219342] vm=rubis-hvm perf=1.000000 vp=0.550553 cap=220.221153
[1371802904.602194] vm=rubbos-hvm perf=1.000000 vp=0.449447 cap=179.778847
[1371802904.793332] vm=rubis-hvm perf=1.000000 vp=0.550553 cap=220.221153
[1371802910.164874] vm=rubbos-hvm perf=1.000000 vp=0.449447 cap=179.778847
[1371802910.336808] vm=rubis-hvm perf=0.729846 vp=0.550553 cap=220.221153
[1371802915.759628] vm=rubbos-hvm perf=1.000000 vp=0.449447 cap=179.778847
[1371802915.922057] vm=rubis-hvm perf=0.953167 vp=0.550553 cap=220.221153
[1371802921.313084] vm=rubbos-hvm perf=1.000000 vp=0.449447 cap=179.778847
[1371802921.462239] vm=rubis-hvm perf=1.000000 vp=0.550553 cap=220.221153
[1371802926.868310] vm=rubbos-hvm perf=1.000000 vp=0.440657 cap=176.262885
[1371802927.062549] vm=rubis-hvm perf=-0.254437 vp=0.559343 cap=223.737115
[1371802932.446895] vm=rubbos-hvm perf=1.000000 vp=0.440657 cap=176.262885
[1371802932.578423] vm=rubis-hvm perf=1.000000 vp=0.559343 cap=223.737115
[1371802937.997998] vm=rubbos-hvm perf=1.000000 vp=0.440657 cap=176.262885
[1371802938.154982] vm=rubis-hvm perf=1.000000 vp=0.559343 cap=223.737115
[1371802943.535331] vm=rubbos-hvm perf=1.000000 vp=0.432140 cap=172.856080
[1371802943.670321] vm=rubis-hvm perf=-0.221535 vp=0.567860 cap=227.143920
[1371802949.051986] vm=rubbos-hvm perf=1.000000 vp=0.432140 cap=172.856080
[1371802949.213561] vm=rubis-hvm perf=0.663733 vp=0.567860 cap=227.143920
[1371802954.604238] vm=rubbos-hvm perf=1.000000 vp=0.432140 cap=172.856080
[1371802954.752899] vm=rubis-hvm perf=0.172476 vp=0.567860 cap=227.143920
[1371802960.146504] vm=rubbos-hvm perf=1.000000 vp=0.432140 cap=172.856080
[1371802960.303160] vm=rubis-hvm perf=0.638855 vp=0.567860 cap=227.143920
[1371802965.698739] vm=rubbos-hvm perf=1.000000 vp=0.432140 cap=172.856080
[1371802965.863724] vm=rubis-hvm perf=0.458728 vp=0.567860 cap=227.143920
[1371802971.249748] vm=rubbos-hvm perf=1.000000 vp=0.432140 cap=172.856080
[1371802971.398885] vm=rubis-hvm perf=1.000000 vp=0.567860 cap=227.143920
[1371802976.791034] vm=rubbos-hvm perf=1.000000 vp=0.423864 cap=169.545791
[1371802976.954883] vm=rubis-hvm perf=-0.191964 vp=0.576136 cap=230.454209
[1371802982.327508] vm=rubbos-hvm perf=1.000000 vp=0.423864 cap=169.545791
[1371802982.485735] vm=rubis-hvm perf=1.000000 vp=0.576136 cap=230.454209
[1371802987.876178] vm=rubbos-hvm perf=1.000000 vp=0.423864 cap=169.545791
[1371802988.043806] vm=rubis-hvm perf=1.000000 vp=0.576136 cap=230.454209
[1371802993.443284] vm=rubbos-hvm perf=1.000000 vp=0.423864 cap=169.545791
[1371802993.592220] vm=rubis-hvm perf=0.775521 vp=0.576136 cap=230.454209
[1371802998.970527] vm=rubbos-hvm perf=1.000000 vp=0.423864 cap=169.545791
[1371802999.127996] vm=rubis-hvm perf=1.000000 vp=0.576136 cap=230.454209
[1371803004.543161] vm=rubbos-hvm perf=1.000000 vp=0.416119 cap=166.447598
[1371803004.703082] vm=rubis-hvm perf=-0.104559 vp=0.583881 cap=233.552402
[1371803010.109509] vm=rubbos-hvm perf=-0.365911 vp=0.421351 cap=168.540251
[1371803010.273349] vm=rubis-hvm perf=-0.094350 vp=0.578649 cap=231.459749
[1371803015.686853] vm=rubbos-hvm perf=-0.366131 vp=0.424205 cap=169.682175
[1371803015.863108] vm=rubis-hvm perf=-0.276970 vp=0.575795 cap=230.317825
[1371803021.277071] vm=rubbos-hvm perf=-0.103893 vp=0.432447 cap=172.978703
[1371803021.455246] vm=rubis-hvm perf=1.000000 vp=0.567553 cap=227.021297
[1371803026.854255] vm=rubbos-hvm perf=-0.600744 vp=0.444409 cap=177.763621
[1371803027.014765] vm=rubis-hvm perf=0.871177 vp=0.555591 cap=222.236379
[1371803032.432715] vm=rubbos-hvm perf=-0.279003 vp=0.449900 cap=179.960063
[1371803032.601541] vm=rubis-hvm perf=0.399907 vp=0.550100 cap=220.039937
[1371803037.965351] vm=rubbos-hvm perf=0.400313 vp=0.449900 cap=179.960063
[1371803038.123371] vm=rubis-hvm perf=0.802728 vp=0.550100 cap=220.039937
[1371803043.501413] vm=rubbos-hvm perf=0.195860 vp=0.449900 cap=179.960063
[1371803043.678904] vm=rubis-hvm perf=0.430787 vp=0.550100 cap=220.039937
[1371803049.078439] vm=rubbos-hvm perf=0.556183 vp=0.443391 cap=177.356207
[1371803049.244216] vm=rubis-hvm perf=-0.407707 vp=0.556609 cap=222.643793
[1371803054.627746] vm=rubbos-hvm perf=0.205066 vp=0.441837 cap=176.734945
[1371803054.804747] vm=rubis-hvm perf=-0.006839 vp=0.558163 cap=223.265055
[1371803060.230071] vm=rubbos-hvm perf=0.293393 vp=0.441837 cap=176.734945
[1371803060.393351] vm=rubis-hvm perf=1.000000 vp=0.558163 cap=223.265055
[1371803065.802541] vm=rubbos-hvm perf=-0.020902 vp=0.446008 cap=178.403157
[1371803065.965310] vm=rubis-hvm perf=0.541537 vp=0.553992 cap=221.596843
[1371803071.371351] vm=rubbos-hvm perf=0.866702 vp=0.446008 cap=178.403157
[1371803071.538422] vm=rubis-hvm perf=0.152484 vp=0.553992 cap=221.596843
[1371803076.934824] vm=rubbos-hvm perf=-0.044268 vp=0.442700 cap=177.080024
[1371803077.089626] vm=rubis-hvm perf=-0.302203 vp=0.557300 cap=222.919976
[1371803082.472204] vm=rubbos-hvm perf=0.473214 vp=0.442700 cap=177.080024
[1371803082.647822] vm=rubis-hvm perf=0.593222 vp=0.557300 cap=222.919976
[1371803088.038496] vm=rubbos-hvm perf=0.081839 vp=0.442700 cap=177.080024
[1371803088.203495] vm=rubis-hvm perf=0.870848 vp=0.557300 cap=222.919976
[1371803093.588970] vm=rubbos-hvm perf=0.125662 vp=0.442700 cap=177.080024
[1371803093.749722] vm=rubis-hvm perf=0.221232 vp=0.557300 cap=222.919976
[1371803099.177098] vm=rubbos-hvm perf=-0.240327 vp=0.448126 cap=179.250447
[1371803099.333214] vm=rubis-hvm perf=0.437771 vp=0.551874 cap=220.749553
[1371803104.728619] vm=rubbos-hvm perf=0.383279 vp=0.448126 cap=179.250447
[1371803104.876231] vm=rubis-hvm perf=0.926995 vp=0.551874 cap=220.749553
[1371803110.271139] vm=rubbos-hvm perf=0.179351 vp=0.448126 cap=179.250447
[1371803110.434960] vm=rubis-hvm perf=1.000000 vp=0.551874 cap=220.749553
[1371803115.811912] vm=rubbos-hvm perf=-0.135932 vp=0.449927 cap=179.970994
[1371803115.988082] vm=rubis-hvm perf=0.076189 vp=0.550073 cap=220.029006
[1371803121.363312] vm=rubbos-hvm perf=-0.228151 vp=0.452173 cap=180.869186
[1371803121.538774] vm=rubis-hvm perf=-0.112574 vp=0.547827 cap=219.130814
[1371803126.932341] vm=rubbos-hvm perf=0.169610 vp=0.452173 cap=180.869186
[1371803127.073678] vm=rubis-hvm perf=0.079755 vp=0.547827 cap=219.130814
[1371803132.485662] vm=rubbos-hvm perf=-0.544306 vp=0.458138 cap=183.255221
[1371803132.657842] vm=rubis-hvm perf=-0.219716 vp=0.541862 cap=216.744779
[1371803138.046241] vm=rubbos-hvm perf=0.418479 vp=0.452746 cap=181.098317
[1371803138.206991] vm=rubis-hvm perf=-0.371605 vp=0.547254 cap=218.901683
[1371803143.612589] vm=rubbos-hvm perf=0.058221 vp=0.452746 cap=181.098317
[1371803143.786350] vm=rubis-hvm perf=1.000000 vp=0.547254 cap=218.901683
[1371803149.174663] vm=rubbos-hvm perf=0.259379 vp=0.452746 cap=181.098317
[1371803149.320524] vm=rubis-hvm perf=1.000000 vp=0.547254 cap=218.901683
[1371803154.733188] vm=rubbos-hvm perf=0.490690 vp=0.452746 cap=181.098317
[1371803154.925441] vm=rubis-hvm perf=1.000000 vp=0.547254 cap=218.901683
[1371803160.323791] vm=rubbos-hvm perf=-0.055474 vp=0.458651 cap=183.460223
[1371803160.475430] vm=rubis-hvm perf=0.736008 vp=0.541349 cap=216.539777
[1371803165.848840] vm=rubbos-hvm perf=0.144476 vp=0.458651 cap=183.460223
[1371803166.021476] vm=rubis-hvm perf=1.000000 vp=0.541349 cap=216.539777
[1371803171.413586] vm=rubbos-hvm perf=1.000000 vp=0.458651 cap=183.460223
[1371803171.593403] vm=rubis-hvm perf=0.209292 vp=0.541349 cap=216.539777
[1371803177.026917] vm=rubbos-hvm perf=0.841879 vp=0.458651 cap=183.460223
[1371803177.192490] vm=rubis-hvm perf=0.515634 vp=0.541349 cap=216.539777
[1371803182.602664] vm=rubbos-hvm perf=0.698399 vp=0.458651 cap=183.460223
[1371803182.761700] vm=rubis-hvm perf=0.781861 vp=0.541349 cap=216.539777
[1371803188.166995] vm=rubbos-hvm perf=0.303176 vp=0.454262 cap=181.704977
[1371803188.358024] vm=rubis-hvm perf=-0.344208 vp=0.545738 cap=218.295023
[1371803193.758900] vm=rubbos-hvm perf=0.210692 vp=0.450161 cap=180.064455
[1371803193.915487] vm=rubis-hvm perf=-0.415419 vp=0.549839 cap=219.935545
[1371803199.292977] vm=rubbos-hvm perf=0.618935 vp=0.450161 cap=180.064455
[1371803199.447939] vm=rubis-hvm perf=0.120205 vp=0.549839 cap=219.935545
[1371803204.825557] vm=rubbos-hvm perf=0.273220 vp=0.450161 cap=180.064455
[1371803204.988271] vm=rubis-hvm perf=1.000000 vp=0.549839 cap=219.935545
[1371803210.351380] vm=rubbos-hvm perf=1.000000 vp=0.450161 cap=180.064455
[1371803210.499284] vm=rubis-hvm perf=1.000000 vp=0.549839 cap=219.935545
[1371803215.912731] vm=rubbos-hvm perf=0.229301 vp=0.450161 cap=180.064455
[1371803216.061028] vm=rubis-hvm perf=1.000000 vp=0.549839 cap=219.935545
[1371803221.456027] vm=rubbos-hvm perf=0.174017 vp=0.450161 cap=180.064455
[1371803221.613982] vm=rubis-hvm perf=1.000000 vp=0.549839 cap=219.935545
[1371803227.006629] vm=rubbos-hvm perf=0.325902 vp=0.450161 cap=180.064455
[1371803227.180230] vm=rubis-hvm perf=1.000000 vp=0.549839 cap=219.935545
[1371803232.597209] vm=rubbos-hvm perf=-0.019814 vp=0.457663 cap=183.065026
[1371803232.748948] vm=rubis-hvm perf=1.000000 vp=0.542337 cap=216.934974
[1371803238.141327] vm=rubbos-hvm perf=-0.141451 vp=0.466220 cap=186.487903
[1371803238.303931] vm=rubis-hvm perf=1.000000 vp=0.533780 cap=213.512097
[1371803243.724816] vm=rubbos-hvm perf=1.000000 vp=0.466220 cap=186.487903
[1371803243.899282] vm=rubis-hvm perf=1.000000 vp=0.533780 cap=213.512097
[1371803249.307842] vm=rubbos-hvm perf=0.813027 vp=0.466220 cap=186.487903
[1371803249.486856] vm=rubis-hvm perf=1.000000 vp=0.533780 cap=213.512097
[1371803254.864535] vm=rubbos-hvm perf=0.582744 vp=0.466220 cap=186.487903
[1371803255.010573] vm=rubis-hvm perf=1.000000 vp=0.533780 cap=213.512097
[1371803260.416726] vm=rubbos-hvm perf=-0.057461 vp=0.474060 cap=189.623924
[1371803260.585003] vm=rubis-hvm perf=1.000000 vp=0.525940 cap=210.376076
[1371803265.980519] vm=rubbos-hvm perf=-0.253268 vp=0.483470 cap=193.387963
[1371803266.154323] vm=rubis-hvm perf=1.000000 vp=0.516530 cap=206.612037
[1371803271.561433] vm=rubbos-hvm perf=1.000000 vp=0.483470 cap=193.387963
[1371803271.691829] vm=rubis-hvm perf=1.000000 vp=0.516530 cap=206.612037
[1371803277.092416] vm=rubbos-hvm perf=1.000000 vp=0.483470 cap=193.387963
[1371803277.260877] vm=rubis-hvm perf=1.000000 vp=0.516530 cap=206.612037
[1371803282.660743] vm=rubbos-hvm perf=0.818579 vp=0.483470 cap=193.387963
[1371803282.813250] vm=rubis-hvm perf=1.000000 vp=0.516530 cap=206.612037
[1371803288.205423] vm=rubbos-hvm perf=-0.012823 vp=0.490954 cap=196.381723
[1371803288.374586] vm=rubis-hvm perf=1.000000 vp=0.509046 cap=203.618277
[1371803293.740977] vm=rubbos-hvm perf=1.000000 vp=0.490954 cap=196.381723
[1371803293.909876] vm=rubis-hvm perf=1.000000 vp=0.509046 cap=203.618277
[1371803299.313761] vm=rubbos-hvm perf=0.077914 vp=0.490954 cap=196.381723
[1371803299.496544] vm=rubis-hvm perf=1.000000 vp=0.509046 cap=203.618277
[1371803304.913296] vm=rubbos-hvm perf=1.000000 vp=0.490954 cap=196.381723
[1371803305.065724] vm=rubis-hvm perf=1.000000 vp=0.509046 cap=203.618277
[1371803310.455643] vm=rubbos-hvm perf=0.597797 vp=0.490954 cap=196.381723
[1371803310.632895] vm=rubis-hvm perf=1.000000 vp=0.509046 cap=203.618277
[1371803316.003448] vm=rubbos-hvm perf=0.288447 vp=0.490954 cap=196.381723
[1371803316.175901] vm=rubis-hvm perf=1.000000 vp=0.509046 cap=203.618277
[1371803321.583145] vm=rubbos-hvm perf=0.348840 vp=0.490954 cap=196.381723
[1371803321.756649] vm=rubis-hvm perf=1.000000 vp=0.509046 cap=203.618277
[1371803327.126568] vm=rubbos-hvm perf=0.489864 vp=0.490954 cap=196.381723
[1371803327.270355] vm=rubis-hvm perf=1.000000 vp=0.509046 cap=203.618277
[1371803332.664419] vm=rubbos-hvm perf=-0.134072 vp=0.499353 cap=199.741281
[1371803332.821769] vm=rubis-hvm perf=1.000000 vp=0.500647 cap=200.258719
[1371803338.207952] vm=rubbos-hvm perf=0.609001 vp=0.499353 cap=199.741281
[1371803338.377357] vm=rubis-hvm perf=1.000000 vp=0.500647 cap=200.258719
[1371803343.794354] vm=rubbos-hvm perf=-0.071659 vp=0.507265 cap=202.905993
[1371803343.951964] vm=rubis-hvm perf=1.000000 vp=0.492735 cap=197.094007
[1371803349.382558] vm=rubbos-hvm perf=1.000000 vp=0.507265 cap=202.905993
[1371803349.538898] vm=rubis-hvm perf=1.000000 vp=0.492735 cap=197.094007
[1371803354.927613] vm=rubbos-hvm perf=0.119768 vp=0.507265 cap=202.905993
[1371803355.085895] vm=rubis-hvm perf=1.000000 vp=0.492735 cap=197.094007
[1371803360.497938] vm=rubbos-hvm perf=0.692867 vp=0.507265 cap=202.905993
[1371803360.673983] vm=rubis-hvm perf=1.000000 vp=0.492735 cap=197.094007
[1371803366.038467] vm=rubbos-hvm perf=0.674413 vp=0.507265 cap=202.905993
[1371803366.213009] vm=rubis-hvm perf=1.000000 vp=0.492735 cap=197.094007
[1371803371.612432] vm=rubbos-hvm perf=0.114628 vp=0.507265 cap=202.905993
[1371803371.762810] vm=rubis-hvm perf=1.000000 vp=0.492735 cap=197.094007
[1371803377.153392] vm=rubbos-hvm perf=0.323508 vp=0.507265 cap=202.905993
[1371803377.329995] vm=rubis-hvm perf=1.000000 vp=0.492735 cap=197.094007
[1371803382.718637] vm=rubbos-hvm perf=0.394611 vp=0.507265 cap=202.905993
[1371803382.887091] vm=rubis-hvm perf=1.000000 vp=0.492735 cap=197.094007
[1371803388.258771] vm=rubbos-hvm perf=-0.064891 vp=0.515109 cap=206.043657
[1371803388.428087] vm=rubis-hvm perf=1.000000 vp=0.484891 cap=193.956343
[1371803393.812703] vm=rubbos-hvm perf=0.018515 vp=0.515109 cap=206.043657
[1371803393.983777] vm=rubis-hvm perf=1.000000 vp=0.484891 cap=193.956343
[1371803399.373540] vm=rubbos-hvm perf=0.160507 vp=0.515109 cap=206.043657
[1371803399.549318] vm=rubis-hvm perf=0.000000 vp=0.484891 cap=193.956343
