Currently running VMs
2013-07-25 23:48:52.895+0000: 486: info : libvirt version: 0.9.8
2013-07-25 23:48:52.895+0000: 486: warning : xenHypervisorMakeCapabilities:2751 : Failed to get host power management capabilities
- Domain-0 weight=256 cap=0 vcpus=32
- rubbos-hvm weight=256 cap=287 vcpus=3 mac=aa:00:00:00:00:11
- rubis-hvm weight=256 cap=800 vcpus=8 mac=aa:00:00:00:00:10
New scheduling parameters:  weight=256 cap=800 vcpus=8
Currently running VMs
2013-07-25 23:49:03.858+0000: 541: info : libvirt version: 0.9.8
2013-07-25 23:49:03.858+0000: 541: warning : xenHypervisorMakeCapabilities:2751 : Failed to get host power management capabilities
- Domain-0 weight=256 cap=0 vcpus=32
- rubbos-hvm weight=256 cap=287 vcpus=3 mac=aa:00:00:00:00:11
- rubis-hvm weight=256 cap=800 vcpus=8 mac=aa:00:00:00:00:10
New scheduling parameters:  weight=256 cap=50 vcpus=1
Currently running VMs
2013-07-25 23:50:44.794+0000: 689: info : libvirt version: 0.9.8
2013-07-25 23:50:44.794+0000: 689: warning : xenHypervisorMakeCapabilities:2751 : Failed to get host power management capabilities
- Domain-0 weight=256 cap=0 vcpus=32
- rubbos-hvm weight=256 cap=287 vcpus=3 mac=aa:00:00:00:00:11
- rubis-hvm weight=256 cap=50 vcpus=1 mac=aa:00:00:00:00:10
New scheduling parameters:  weight=256 cap=800 vcpus=8
Currently running VMs
2013-07-25 23:52:25.720+0000: 737: info : libvirt version: 0.9.8
2013-07-25 23:52:25.720+0000: 737: warning : xenHypervisorMakeCapabilities:2751 : Failed to get host power management capabilities
- Domain-0 weight=256 cap=0 vcpus=32
- rubbos-hvm weight=256 cap=287 vcpus=3 mac=aa:00:00:00:00:11
- rubis-hvm weight=256 cap=800 vcpus=8 mac=aa:00:00:00:00:10
New scheduling parameters:  weight=256 cap=50 vcpus=1
Currently running VMs
2013-07-25 23:54:06.651+0000: 785: info : libvirt version: 0.9.8
2013-07-25 23:54:06.651+0000: 785: warning : xenHypervisorMakeCapabilities:2751 : Failed to get host power management capabilities
- Domain-0 weight=256 cap=0 vcpus=32
- rubbos-hvm weight=256 cap=287 vcpus=3 mac=aa:00:00:00:00:11
- rubis-hvm weight=256 cap=50 vcpus=1 mac=aa:00:00:00:00:10
New scheduling parameters:  weight=256 cap=800 vcpus=8
Currently running VMs
2013-07-25 23:55:47.651+0000: 840: info : libvirt version: 0.9.8
2013-07-25 23:55:47.651+0000: 840: warning : xenHypervisorMakeCapabilities:2751 : Failed to get host power management capabilities
- Domain-0 weight=256 cap=0 vcpus=32
- rubbos-hvm weight=256 cap=287 vcpus=3 mac=aa:00:00:00:00:11
- rubis-hvm weight=256 cap=800 vcpus=8 mac=aa:00:00:00:00:10
New scheduling parameters:  weight=256 cap=50 vcpus=1
Currently running VMs
2013-07-25 23:57:28.585+0000: 891: info : libvirt version: 0.9.8
2013-07-25 23:57:28.585+0000: 891: warning : xenHypervisorMakeCapabilities:2751 : Failed to get host power management capabilities
- Domain-0 weight=256 cap=0 vcpus=32
- rubbos-hvm weight=256 cap=287 vcpus=3 mac=aa:00:00:00:00:11
- rubis-hvm weight=256 cap=50 vcpus=1 mac=aa:00:00:00:00:10
New scheduling parameters:  weight=256 cap=800 vcpus=8
Currently running VMs
2013-07-25 23:59:09.587+0000: 944: info : libvirt version: 0.9.8
2013-07-25 23:59:09.587+0000: 944: warning : xenHypervisorMakeCapabilities:2751 : Failed to get host power management capabilities
- Domain-0 weight=256 cap=0 vcpus=32
- rubbos-hvm weight=256 cap=287 vcpus=3 mac=aa:00:00:00:00:11
- rubis-hvm weight=256 cap=800 vcpus=8 mac=aa:00:00:00:00:10
New scheduling parameters:  weight=256 cap=50 vcpus=1
Currently running VMs
2013-07-26 00:00:50.531+0000: 992: info : libvirt version: 0.9.8
2013-07-26 00:00:50.531+0000: 992: warning : xenHypervisorMakeCapabilities:2751 : Failed to get host power management capabilities
- Domain-0 weight=256 cap=0 vcpus=32
- rubbos-hvm weight=256 cap=287 vcpus=3 mac=aa:00:00:00:00:11
- rubis-hvm weight=256 cap=50 vcpus=1 mac=aa:00:00:00:00:10
New scheduling parameters:  weight=256 cap=800 vcpus=8
Currently running VMs
2013-07-26 00:02:31.502+0000: 1044: info : libvirt version: 0.9.8
2013-07-26 00:02:31.502+0000: 1044: warning : xenHypervisorMakeCapabilities:2751 : Failed to get host power management capabilities
- Domain-0 weight=256 cap=0 vcpus=32
- rubbos-hvm weight=256 cap=287 vcpus=3 mac=aa:00:00:00:00:11
- rubis-hvm weight=256 cap=800 vcpus=8 mac=aa:00:00:00:00:10
New scheduling parameters:  weight=256 cap=50 vcpus=1
Currently running VMs
2013-07-26 00:04:12.485+0000: 1095: info : libvirt version: 0.9.8
2013-07-26 00:04:12.485+0000: 1095: warning : xenHypervisorMakeCapabilities:2751 : Failed to get host power management capabilities
- Domain-0 weight=256 cap=0 vcpus=32
- rubbos-hvm weight=256 cap=287 vcpus=3 mac=aa:00:00:00:00:11
- rubis-hvm weight=256 cap=50 vcpus=1 mac=aa:00:00:00:00:10
New scheduling parameters:  weight=256 cap=800 vcpus=8
Currently running VMs
2013-07-26 00:05:53.442+0000: 1146: info : libvirt version: 0.9.8
2013-07-26 00:05:53.442+0000: 1146: warning : xenHypervisorMakeCapabilities:2751 : Failed to get host power management capabilities
- Domain-0 weight=256 cap=0 vcpus=32
- rubbos-hvm weight=256 cap=287 vcpus=3 mac=aa:00:00:00:00:11
- rubis-hvm weight=256 cap=800 vcpus=8 mac=aa:00:00:00:00:10
New scheduling parameters:  weight=256 cap=800 vcpus=8
