Currently running VMs
2013-07-25 09:31:36.460+0000: 10870: info : libvirt version: 0.9.8
2013-07-25 09:31:36.460+0000: 10870: warning : xenHypervisorMakeCapabilities:2751 : Failed to get host power management capabilities
- Domain-0 weight=256 cap=0 vcpus=32
- rubbos-hvm weight=256 cap=287 vcpus=3 mac=aa:00:00:00:00:11
- rubis-hvm weight=256 cap=800 vcpus=8 mac=aa:00:00:00:00:10
New scheduling parameters:  weight=256 cap=800 vcpus=8
Currently running VMs
2013-07-25 09:31:47.423+0000: 10921: info : libvirt version: 0.9.8
2013-07-25 09:31:47.423+0000: 10921: warning : xenHypervisorMakeCapabilities:2751 : Failed to get host power management capabilities
- Domain-0 weight=256 cap=0 vcpus=32
- rubbos-hvm weight=256 cap=287 vcpus=3 mac=aa:00:00:00:00:11
- rubis-hvm weight=256 cap=800 vcpus=8 mac=aa:00:00:00:00:10
New scheduling parameters:  weight=256 cap=600 vcpus=6
Currently running VMs
2013-07-25 09:31:58.345+0000: 11069: info : libvirt version: 0.9.8
2013-07-25 09:31:58.345+0000: 11069: warning : xenHypervisorMakeCapabilities:2751 : Failed to get host power management capabilities
- Domain-0 weight=256 cap=0 vcpus=32
- rubbos-hvm weight=256 cap=287 vcpus=3 mac=aa:00:00:00:00:11
- rubis-hvm weight=256 cap=600 vcpus=6 mac=aa:00:00:00:00:10
New scheduling parameters:  weight=256 cap=650 vcpus=7
Currently running VMs
2013-07-25 09:32:09.298+0000: 11117: info : libvirt version: 0.9.8
2013-07-25 09:32:09.298+0000: 11117: warning : xenHypervisorMakeCapabilities:2751 : Failed to get host power management capabilities
- Domain-0 weight=256 cap=0 vcpus=32
- rubbos-hvm weight=256 cap=287 vcpus=3 mac=aa:00:00:00:00:11
- rubis-hvm weight=256 cap=650 vcpus=7 mac=aa:00:00:00:00:10
New scheduling parameters:  weight=256 cap=650 vcpus=7
Currently running VMs
2013-07-25 09:32:20.245+0000: 11165: info : libvirt version: 0.9.8
2013-07-25 09:32:20.245+0000: 11165: warning : xenHypervisorMakeCapabilities:2751 : Failed to get host power management capabilities
- Domain-0 weight=256 cap=0 vcpus=32
- rubbos-hvm weight=256 cap=287 vcpus=3 mac=aa:00:00:00:00:11
- rubis-hvm weight=256 cap=650 vcpus=7 mac=aa:00:00:00:00:10
New scheduling parameters:  weight=256 cap=600 vcpus=6
Currently running VMs
2013-07-25 09:32:31.179+0000: 11213: info : libvirt version: 0.9.8
2013-07-25 09:32:31.179+0000: 11213: warning : xenHypervisorMakeCapabilities:2751 : Failed to get host power management capabilities
- Domain-0 weight=256 cap=0 vcpus=32
- rubbos-hvm weight=256 cap=287 vcpus=3 mac=aa:00:00:00:00:11
- rubis-hvm weight=256 cap=600 vcpus=6 mac=aa:00:00:00:00:10
New scheduling parameters:  weight=256 cap=650 vcpus=7
Currently running VMs
2013-07-25 09:32:42.081+0000: 11261: info : libvirt version: 0.9.8
2013-07-25 09:32:42.081+0000: 11261: warning : xenHypervisorMakeCapabilities:2751 : Failed to get host power management capabilities
- Domain-0 weight=256 cap=0 vcpus=32
- rubbos-hvm weight=256 cap=287 vcpus=3 mac=aa:00:00:00:00:11
- rubis-hvm weight=256 cap=650 vcpus=7 mac=aa:00:00:00:00:10
New scheduling parameters:  weight=256 cap=600 vcpus=6
Currently running VMs
2013-07-25 09:32:53.016+0000: 11309: info : libvirt version: 0.9.8
2013-07-25 09:32:53.016+0000: 11309: warning : xenHypervisorMakeCapabilities:2751 : Failed to get host power management capabilities
- Domain-0 weight=256 cap=0 vcpus=32
- rubbos-hvm weight=256 cap=287 vcpus=3 mac=aa:00:00:00:00:11
- rubis-hvm weight=256 cap=600 vcpus=6 mac=aa:00:00:00:00:10
New scheduling parameters:  weight=256 cap=550 vcpus=6
Currently running VMs
2013-07-25 09:33:03.911+0000: 11357: info : libvirt version: 0.9.8
2013-07-25 09:33:03.911+0000: 11357: warning : xenHypervisorMakeCapabilities:2751 : Failed to get host power management capabilities
- Domain-0 weight=256 cap=0 vcpus=32
- rubbos-hvm weight=256 cap=287 vcpus=3 mac=aa:00:00:00:00:11
- rubis-hvm weight=256 cap=550 vcpus=6 mac=aa:00:00:00:00:10
New scheduling parameters:  weight=256 cap=550 vcpus=6
Currently running VMs
2013-07-25 09:33:14.855+0000: 11405: info : libvirt version: 0.9.8
2013-07-25 09:33:14.855+0000: 11405: warning : xenHypervisorMakeCapabilities:2751 : Failed to get host power management capabilities
- Domain-0 weight=256 cap=0 vcpus=32
- rubbos-hvm weight=256 cap=287 vcpus=3 mac=aa:00:00:00:00:11
- rubis-hvm weight=256 cap=550 vcpus=6 mac=aa:00:00:00:00:10
New scheduling parameters:  weight=256 cap=650 vcpus=7
Currently running VMs
2013-07-25 09:33:25.783+0000: 11454: info : libvirt version: 0.9.8
2013-07-25 09:33:25.783+0000: 11454: warning : xenHypervisorMakeCapabilities:2751 : Failed to get host power management capabilities
- Domain-0 weight=256 cap=0 vcpus=32
- rubbos-hvm weight=256 cap=287 vcpus=3 mac=aa:00:00:00:00:11
- rubis-hvm weight=256 cap=650 vcpus=7 mac=aa:00:00:00:00:10
New scheduling parameters:  weight=256 cap=600 vcpus=6
Currently running VMs
2013-07-25 09:33:36.741+0000: 11502: info : libvirt version: 0.9.8
2013-07-25 09:33:36.741+0000: 11502: warning : xenHypervisorMakeCapabilities:2751 : Failed to get host power management capabilities
- Domain-0 weight=256 cap=0 vcpus=32
- rubbos-hvm weight=256 cap=287 vcpus=3 mac=aa:00:00:00:00:11
- rubis-hvm weight=256 cap=600 vcpus=6 mac=aa:00:00:00:00:10
New scheduling parameters:  weight=256 cap=800 vcpus=8
