[1374736492.712681] latency=nan:nan:nan:nan:nan:(-nan)ms throughput=0rps rr=-nan% cr=-nan% errors=0 total=0
[1374736493.716677] latency=nan:nan:nan:nan:nan:(-nan)ms throughput=0rps rr=-nan% cr=-nan% errors=0 total=0
[1374736494.720646] latency=nan:nan:nan:nan:nan:(-nan)ms throughput=0rps rr=-nan% cr=-nan% errors=0 total=0
[1374736495.724651] latency=nan:nan:nan:nan:nan:(-nan)ms throughput=0rps rr=-nan% cr=-nan% errors=0 total=0
[1374736496.728639] latency=nan:nan:nan:nan:nan:(-nan)ms throughput=0rps rr=-nan% cr=-nan% errors=0 total=0
[1374736497.732656] latency=nan:nan:nan:nan:nan:(-nan)ms throughput=0rps rr=-nan% cr=-nan% errors=0 total=0
[1374736498.736631] latency=nan:nan:nan:nan:nan:(-nan)ms throughput=0rps rr=-nan% cr=-nan% errors=0 total=0
[1374736499.740650] latency=nan:nan:nan:nan:nan:(-nan)ms throughput=0rps rr=-nan% cr=-nan% errors=0 total=0
[1374736500.744636] latency=nan:nan:nan:nan:nan:(-nan)ms throughput=0rps rr=-nan% cr=-nan% errors=0 total=0
[1374736501.748662] latency=nan:nan:nan:nan:nan:(-nan)ms throughput=0rps rr=-nan% cr=-nan% errors=0 total=0
[1374736502.752689] latency=nan:nan:nan:nan:nan:(-nan)ms throughput=0rps rr=-nan% cr=-nan% errors=0 total=0
[1374736502.777356] set thinktime=3.000000
[1374736502.777432] set concurrency=100
[1374736503.824674] latency=5:6:6:6:118:(10)ms throughput=25rps rr=3.70% cr=0.00% errors=0 total=27
[1374736504.828658] latency=22:251:432:549:1086:(440)ms throughput=15rps rr=93.33% cr=0.00% errors=0 total=42
[1374736505.832634] latency=3:7:137:697:1211:(374)ms throughput=12rps rr=50.00% cr=0.00% errors=0 total=54
[1374736506.836657] latency=3:57:197:1034:2831:(644)ms throughput=13rps rr=53.85% cr=0.00% errors=0 total=67
[1374736507.840630] latency=3:76:897:1959:3304:(1116)ms throughput=24rps rr=54.17% cr=0.00% errors=0 total=91
[1374736508.844646] latency=4:39:243:1703:4356:(993)ms throughput=28rps rr=32.14% cr=0.00% errors=0 total=119
[1374736509.848630] latency=3:8:107:3840:4787:(1815)ms throughput=44rps rr=47.73% cr=0.00% errors=0 total=163
[1374736510.852676] latency=3:5:6:45:3861:(705)ms throughput=57rps rr=24.56% cr=0.00% errors=0 total=220
[1374736511.856658] latency=4:5:5:6:7:(5)ms throughput=22rps rr=0.00% cr=0.00% errors=0 total=242
[1374736512.860693] latency=4:5:5:6:7:(5)ms throughput=25rps rr=0.00% cr=0.00% errors=0 total=267
[1374736513.864706] latency=4:5:5:6:40:(8)ms throughput=35rps rr=0.00% cr=0.00% errors=0 total=302
[1374736514.868728] latency=4:5:5:6:7:(5)ms throughput=28rps rr=0.00% cr=0.00% errors=0 total=330
[1374736515.872719] latency=4:5:5:5:6:(5)ms throughput=36rps rr=0.00% cr=0.00% errors=0 total=366
[1374736516.876701] latency=4:5:5:6:32:(6)ms throughput=42rps rr=0.00% cr=0.00% errors=0 total=408
[1374736517.880672] latency=4:5:5:6:7:(5)ms throughput=26rps rr=0.00% cr=0.00% errors=0 total=434
[1374736518.884623] latency=4:5:5:6:7:(5)ms throughput=29rps rr=0.00% cr=0.00% errors=0 total=463
[1374736519.888667] latency=4:5:5:5:7:(5)ms throughput=27rps rr=0.00% cr=0.00% errors=0 total=490
[1374736520.892637] latency=4:5:5:6:153:(10)ms throughput=31rps rr=3.23% cr=0.00% errors=0 total=521
[1374736521.896631] latency=4:5:6:6:118:(9)ms throughput=29rps rr=3.45% cr=0.00% errors=0 total=550
[1374736522.900621] latency=4:5:5:6:183:(13)ms throughput=34rps rr=8.82% cr=0.00% errors=0 total=584
[1374736523.904633] latency=4:5:5:6:91:(9)ms throughput=34rps rr=2.94% cr=0.00% errors=0 total=618
[1374736524.908654] latency=4:5:5:6:141:(16)ms throughput=34rps rr=8.82% cr=0.00% errors=0 total=652
[1374736525.912647] latency=4:5:5:6:92:(10)ms throughput=20rps rr=5.00% cr=0.00% errors=0 total=672
[1374736526.916643] latency=4:5:5:6:94:(14)ms throughput=28rps rr=14.29% cr=0.00% errors=0 total=700
[1374736527.920654] latency=3:5:6:10:327:(38)ms throughput=43rps rr=20.93% cr=0.00% errors=0 total=743
[1374736528.924664] latency=4:6:14:292:656:(170)ms throughput=31rps rr=41.94% cr=0.00% errors=0 total=774
[1374736529.928636] latency=3:5:40:293:711:(159)ms throughput=44rps rr=47.73% cr=0.00% errors=0 total=818
[1374736530.932643] latency=4:6:11:201:466:(121)ms throughput=33rps rr=45.45% cr=0.00% errors=0 total=851
[1374736531.936627] latency=3:5:34:172:514:(106)ms throughput=30rps rr=46.67% cr=0.00% errors=0 total=881
[1374736532.940671] latency=4:5:12:165:714:(137)ms throughput=29rps rr=48.28% cr=0.00% errors=0 total=910
[1374736533.944639] latency=4:9:61:275:717:(157)ms throughput=28rps rr=46.43% cr=0.00% errors=0 total=938
[1374736534.948646] latency=3:5:40:293:849:(188)ms throughput=45rps rr=44.44% cr=0.00% errors=0 total=983
[1374736535.952666] latency=4:5:6:53:217:(46)ms throughput=25rps rr=40.00% cr=0.00% errors=0 total=1008
[1374736536.956666] latency=3:5:6:121:332:(68)ms throughput=23rps rr=47.83% cr=0.00% errors=0 total=1031
[1374736537.960632] latency=3:4:6:91:499:(71)ms throughput=26rps rr=38.46% cr=0.00% errors=0 total=1057
[1374736538.964643] latency=3:6:19:202:1210:(218)ms throughput=29rps rr=34.48% cr=0.00% errors=0 total=1086
[1374736539.968624] latency=3:6:38:157:1536:(239)ms throughput=31rps rr=29.03% cr=0.00% errors=0 total=1117
[1374736540.972678] latency=3:5:261:1250:2221:(631)ms throughput=48rps rr=54.17% cr=0.00% errors=0 total=1165
[1374736541.976706] latency=4:5:5:6:207:(17)ms throughput=35rps rr=8.57% cr=0.00% errors=0 total=1200
[1374736542.980641] latency=4:5:5:6:157:(12)ms throughput=32rps rr=9.38% cr=0.00% errors=0 total=1232
[1374736543.012582] latency=5:5:5:5:5:(5)ms throughput=31rps rr=0.00% cr=0.00% errors=0 total=1233
Got signal 2, cleaning up ...
[1374736543.024604] latency=nan:nan:nan:nan:nan:(-nan)ms throughput=0rps rr=-nan% cr=-nan% errors=0 total=1233
