2013-06-24 08:03:53.043+0000: 12022: info : libvirt version: 0.9.8
2013-06-24 08:03:53.043+0000: 12022: warning : xenHypervisorMakeCapabilities:2751 : Failed to get host power management capabilities
[1372061038.289518] vm=rubbos-hvm new
[1372061038.289561] vm=rubis-hvm new
[1372061038.289587] vm=rubbos-hvm perf=0.000000 vp=0.500000 cap=200.000000
[1372061038.452909] vm=rubis-hvm perf=0.000000 vp=0.500000 cap=200.000000
[1372061043.858131] vm=rubbos-hvm perf=0.000000 vp=0.500000 cap=200.000000
[1372061044.024541] vm=rubis-hvm perf=0.000000 vp=0.500000 cap=200.000000
[1372061049.440737] vm=rubbos-hvm perf=1.000000 vp=0.500000 cap=200.000000
[1372061049.592070] vm=rubis-hvm perf=1.000000 vp=0.500000 cap=200.000000
[1372061054.994871] vm=rubbos-hvm perf=1.000000 vp=0.500000 cap=200.000000
[1372061055.162218] vm=rubis-hvm perf=1.000000 vp=0.500000 cap=200.000000
[1372061060.538657] vm=rubbos-hvm perf=1.000000 vp=0.500000 cap=200.000000
[1372061060.704489] vm=rubis-hvm perf=1.000000 vp=0.500000 cap=200.000000
[1372061066.059939] vm=rubbos-hvm perf=1.000000 vp=0.500000 cap=200.000000
[1372061066.246231] vm=rubis-hvm perf=1.000000 vp=0.500000 cap=200.000000
[1372061071.670330] vm=rubbos-hvm perf=1.000000 vp=0.500000 cap=200.000000
[1372061071.808458] vm=rubis-hvm perf=1.000000 vp=0.500000 cap=200.000000
[1372061077.187027] vm=rubbos-hvm perf=1.000000 vp=0.500000 cap=200.000000
[1372061077.364813] vm=rubis-hvm perf=1.000000 vp=0.500000 cap=200.000000
[1372061082.755690] vm=rubbos-hvm perf=1.000000 vp=0.500000 cap=200.000000
[1372061082.929277] vm=rubis-hvm perf=1.000000 vp=0.500000 cap=200.000000
[1372061088.326175] vm=rubbos-hvm perf=1.000000 vp=0.500000 cap=200.000000
[1372061088.487964] vm=rubis-hvm perf=1.000000 vp=0.500000 cap=200.000000
[1372061093.847063] vm=rubbos-hvm perf=1.000000 vp=0.500000 cap=200.000000
[1372061094.017950] vm=rubis-hvm perf=1.000000 vp=0.500000 cap=200.000000
[1372061099.410573] vm=rubbos-hvm perf=1.000000 vp=0.500000 cap=200.000000
[1372061099.558654] vm=rubis-hvm perf=1.000000 vp=0.500000 cap=200.000000
[1372061104.918973] vm=rubbos-hvm perf=1.000000 vp=0.500000 cap=200.000000
[1372061105.094221] vm=rubis-hvm perf=1.000000 vp=0.500000 cap=200.000000
[1372061110.478072] vm=rubbos-hvm perf=1.000000 vp=0.500000 cap=200.000000
[1372061110.647070] vm=rubis-hvm perf=1.000000 vp=0.500000 cap=200.000000
[1372061116.076421] vm=rubbos-hvm perf=1.000000 vp=0.500000 cap=200.000000
[1372061116.224026] vm=rubis-hvm perf=1.000000 vp=0.500000 cap=200.000000
[1372061121.611537] vm=rubbos-hvm perf=1.000000 vp=0.500000 cap=200.000000
[1372061121.784516] vm=rubis-hvm perf=1.000000 vp=0.500000 cap=200.000000
[1372061127.193254] vm=rubbos-hvm perf=1.000000 vp=0.500000 cap=200.000000
[1372061127.353714] vm=rubis-hvm perf=1.000000 vp=0.500000 cap=200.000000
[1372061132.747088] vm=rubbos-hvm perf=1.000000 vp=0.500000 cap=200.000000
[1372061132.918236] vm=rubis-hvm perf=1.000000 vp=0.500000 cap=200.000000
[1372061138.307945] vm=rubbos-hvm perf=1.000000 vp=0.500000 cap=200.000000
[1372061138.444587] vm=rubis-hvm perf=1.000000 vp=0.500000 cap=200.000000
[1372061143.857092] vm=rubbos-hvm perf=1.000000 vp=0.500000 cap=200.000000
[1372061144.045301] vm=rubis-hvm perf=1.000000 vp=0.500000 cap=200.000000
[1372061149.445549] vm=rubbos-hvm perf=1.000000 vp=0.500000 cap=200.000000
[1372061149.624306] vm=rubis-hvm perf=1.000000 vp=0.500000 cap=200.000000
[1372061155.008740] vm=rubbos-hvm perf=1.000000 vp=0.500000 cap=200.000000
[1372061155.170450] vm=rubis-hvm perf=1.000000 vp=0.500000 cap=200.000000
[1372061160.555437] vm=rubbos-hvm perf=1.000000 vp=0.500000 cap=200.000000
[1372061160.722327] vm=rubis-hvm perf=1.000000 vp=0.500000 cap=200.000000
[1372061166.115053] vm=rubbos-hvm perf=1.000000 vp=0.500000 cap=200.000000
[1372061166.277273] vm=rubis-hvm perf=1.000000 vp=0.500000 cap=200.000000
[1372061171.672729] vm=rubbos-hvm perf=1.000000 vp=0.500000 cap=200.000000
[1372061171.837324] vm=rubis-hvm perf=1.000000 vp=0.500000 cap=200.000000
[1372061177.223264] vm=rubbos-hvm perf=1.000000 vp=0.500000 cap=200.000000
[1372061177.381786] vm=rubis-hvm perf=1.000000 vp=0.500000 cap=200.000000
[1372061182.771204] vm=rubbos-hvm perf=1.000000 vp=0.500000 cap=200.000000
[1372061182.923348] vm=rubis-hvm perf=1.000000 vp=0.500000 cap=200.000000
[1372061188.317061] vm=rubbos-hvm perf=1.000000 vp=0.500000 cap=200.000000
[1372061188.468056] vm=rubis-hvm perf=1.000000 vp=0.500000 cap=200.000000
[1372061193.863701] vm=rubbos-hvm perf=1.000000 vp=0.500000 cap=200.000000
[1372061194.022948] vm=rubis-hvm perf=1.000000 vp=0.500000 cap=200.000000
[1372061199.390277] vm=rubbos-hvm perf=1.000000 vp=0.500000 cap=200.000000
[1372061199.585272] vm=rubis-hvm perf=1.000000 vp=0.500000 cap=200.000000
[1372061204.978539] vm=rubbos-hvm perf=1.000000 vp=0.500000 cap=200.000000
[1372061205.147756] vm=rubis-hvm perf=1.000000 vp=0.500000 cap=200.000000
[1372061210.522770] vm=rubbos-hvm perf=1.000000 vp=0.500000 cap=200.000000
[1372061210.675026] vm=rubis-hvm perf=1.000000 vp=0.500000 cap=200.000000
[1372061216.071883] vm=rubbos-hvm perf=1.000000 vp=0.500000 cap=200.000000
[1372061216.243454] vm=rubis-hvm perf=1.000000 vp=0.500000 cap=200.000000
[1372061221.618903] vm=rubbos-hvm perf=1.000000 vp=0.500000 cap=200.000000
[1372061221.785708] vm=rubis-hvm perf=1.000000 vp=0.500000 cap=200.000000
[1372061227.184038] vm=rubbos-hvm perf=1.000000 vp=0.500000 cap=200.000000
[1372061227.350835] vm=rubis-hvm perf=1.000000 vp=0.500000 cap=200.000000
[1372061232.728989] vm=rubbos-hvm perf=1.000000 vp=0.500000 cap=200.000000
[1372061232.915478] vm=rubis-hvm perf=1.000000 vp=0.500000 cap=200.000000
[1372061238.307402] vm=rubbos-hvm perf=1.000000 vp=0.500000 cap=200.000000
[1372061238.471395] vm=rubis-hvm perf=1.000000 vp=0.500000 cap=200.000000
[1372061243.844170] vm=rubbos-hvm perf=1.000000 vp=0.500000 cap=200.000000
[1372061244.023318] vm=rubis-hvm perf=1.000000 vp=0.500000 cap=200.000000
[1372061249.410860] vm=rubbos-hvm perf=1.000000 vp=0.474657 cap=189.862930
[1372061249.568822] vm=rubis-hvm perf=-0.067830 vp=0.525343 cap=210.137070
[1372061254.986730] vm=rubbos-hvm perf=1.000000 vp=0.441661 cap=176.664381
[1372061255.140550] vm=rubis-hvm perf=-0.467189 vp=0.558339 cap=223.335619
[1372061260.551570] vm=rubbos-hvm perf=1.000000 vp=0.416539 cap=166.615607
[1372061260.704416] vm=rubis-hvm perf=-0.101372 vp=0.583461 cap=233.384393
[1372061266.116017] vm=rubbos-hvm perf=1.000000 vp=0.416539 cap=166.615607
[1372061266.282716] vm=rubis-hvm perf=0.203504 vp=0.583461 cap=233.384393
[1372061271.641046] vm=rubbos-hvm perf=1.000000 vp=0.416539 cap=166.615607
[1372061271.786086] vm=rubis-hvm perf=1.000000 vp=0.583461 cap=233.384393
[1372061277.171370] vm=rubbos-hvm perf=1.000000 vp=0.416539 cap=166.615607
[1372061277.358502] vm=rubis-hvm perf=1.000000 vp=0.583461 cap=233.384393
[1372061282.743189] vm=rubbos-hvm perf=1.000000 vp=0.416539 cap=166.615607
[1372061282.896793] vm=rubis-hvm perf=0.330265 vp=0.583461 cap=233.384393
[1372061288.299421] vm=rubbos-hvm perf=1.000000 vp=0.416539 cap=166.615607
[1372061288.485717] vm=rubis-hvm perf=0.059551 vp=0.583461 cap=233.384393
[1372061293.893523] vm=rubbos-hvm perf=1.000000 vp=0.392717 cap=157.086875
[1372061294.044115] vm=rubis-hvm perf=-0.055526 vp=0.607283 cap=242.913125
[1372061299.437942] vm=rubbos-hvm perf=1.000000 vp=0.363938 cap=145.575206
[1372061299.587159] vm=rubis-hvm perf=-0.467228 vp=0.636062 cap=254.424794
[1372061304.991864] vm=rubbos-hvm perf=1.000000 vp=0.363938 cap=145.575206
[1372061305.173735] vm=rubis-hvm perf=1.000000 vp=0.636062 cap=254.424794
[1372061310.631521] vm=rubbos-hvm perf=1.000000 vp=0.363938 cap=145.575206
[1372061310.808240] vm=rubis-hvm perf=0.231297 vp=0.636062 cap=254.424794
[1372061316.221828] vm=rubbos-hvm perf=1.000000 vp=0.363938 cap=145.575206
[1372061316.391250] vm=rubis-hvm perf=1.000000 vp=0.636062 cap=254.424794
[1372061321.774415] vm=rubbos-hvm perf=1.000000 vp=0.363938 cap=145.575206
[1372061321.933001] vm=rubis-hvm perf=0.597832 vp=0.636062 cap=254.424794
[1372061327.320990] vm=rubbos-hvm perf=1.000000 vp=0.363938 cap=145.575206
[1372061327.478191] vm=rubis-hvm perf=0.760160 vp=0.636062 cap=254.424794
[1372061332.874743] vm=rubbos-hvm perf=1.000000 vp=0.363938 cap=145.575206
[1372061333.045046] vm=rubis-hvm perf=0.876848 vp=0.636062 cap=254.424794
[1372061338.443051] vm=rubbos-hvm perf=1.000000 vp=0.340286 cap=136.114333
[1372061338.598108] vm=rubis-hvm perf=-0.162132 vp=0.659714 cap=263.885667
[1372061343.998147] vm=rubbos-hvm perf=1.000000 vp=0.340286 cap=136.114333
[1372061344.169640] vm=rubis-hvm perf=0.853775 vp=0.659714 cap=263.885667
[1372061349.553746] vm=rubbos-hvm perf=1.000000 vp=0.318043 cap=127.217290
[1372061349.704638] vm=rubis-hvm perf=-0.116502 vp=0.681957 cap=272.782710
[1372061355.136618] vm=rubbos-hvm perf=1.000000 vp=0.318043 cap=127.217290
[1372061355.308017] vm=rubis-hvm perf=0.347623 vp=0.681957 cap=272.782710
[1372061360.698716] vm=rubbos-hvm perf=1.000000 vp=0.318043 cap=127.217290
[1372061360.872760] vm=rubis-hvm perf=0.374419 vp=0.681957 cap=272.782710
[1372061366.299567] vm=rubbos-hvm perf=1.000000 vp=0.318043 cap=127.217290
[1372061366.444510] vm=rubis-hvm perf=1.000000 vp=0.681957 cap=272.782710
[1372061371.827133] vm=rubbos-hvm perf=1.000000 vp=0.318043 cap=127.217290
[1372061371.993881] vm=rubis-hvm perf=0.924408 vp=0.681957 cap=272.782710
[1372061377.370338] vm=rubbos-hvm perf=1.000000 vp=0.318043 cap=127.217290
[1372061377.531302] vm=rubis-hvm perf=0.926359 vp=0.681957 cap=272.782710
[1372061382.937339] vm=rubbos-hvm perf=1.000000 vp=0.318043 cap=127.217290
[1372061383.103340] vm=rubis-hvm perf=1.000000 vp=0.681957 cap=272.782710
[1372061388.513360] vm=rubbos-hvm perf=1.000000 vp=0.318043 cap=127.217290
[1372061388.684769] vm=rubis-hvm perf=0.118913 vp=0.681957 cap=272.782710
[1372061394.079318] vm=rubbos-hvm perf=1.000000 vp=0.318043 cap=127.217290
[1372061394.249105] vm=rubis-hvm perf=0.800536 vp=0.681957 cap=272.782710
[1372061399.614411] vm=rubbos-hvm perf=1.000000 vp=0.318043 cap=127.217290
[1372061399.786921] vm=rubis-hvm perf=0.402348 vp=0.681957 cap=272.782710
[1372061405.164363] vm=rubbos-hvm perf=1.000000 vp=0.318043 cap=127.217290
[1372061405.329476] vm=rubis-hvm perf=0.022128 vp=0.681957 cap=272.782710
[1372061410.680345] vm=rubbos-hvm perf=1.000000 vp=0.294430 cap=117.772091
[1372061410.838333] vm=rubis-hvm perf=-0.377410 vp=0.705570 cap=282.227909
[1372061416.218823] vm=rubbos-hvm perf=1.000000 vp=0.294430 cap=117.772091
[1372061416.379520] vm=rubis-hvm perf=1.000000 vp=0.705570 cap=282.227909
[1372061421.758674] vm=rubbos-hvm perf=1.000000 vp=0.294430 cap=117.772091
[1372061421.915099] vm=rubis-hvm perf=1.000000 vp=0.705570 cap=282.227909
[1372061427.315177] vm=rubbos-hvm perf=1.000000 vp=0.294430 cap=117.772091
[1372061427.450596] vm=rubis-hvm perf=1.000000 vp=0.705570 cap=282.227909
[1372061432.838681] vm=rubbos-hvm perf=1.000000 vp=0.294430 cap=117.772091
[1372061432.978891] vm=rubis-hvm perf=0.649229 vp=0.705570 cap=282.227909
[1372061438.370768] vm=rubbos-hvm perf=1.000000 vp=0.274977 cap=109.990957
[1372061438.533288] vm=rubis-hvm perf=-0.006332 vp=0.725023 cap=290.009043
[1372061443.933075] vm=rubbos-hvm perf=1.000000 vp=0.274977 cap=109.990957
[1372061444.098010] vm=rubis-hvm perf=1.000000 vp=0.725023 cap=290.009043
[1372061449.491637] vm=rubbos-hvm perf=-0.598879 vp=0.322841 cap=129.136553
[1372061449.660921] vm=rubis-hvm perf=0.991480 vp=0.677159 cap=270.863447
[1372061455.054987] vm=rubbos-hvm perf=-0.603154 vp=0.368986 cap=147.594291
[1372061455.201221] vm=rubis-hvm perf=1.000000 vp=0.631014 cap=252.405709
[1372061460.571261] vm=rubbos-hvm perf=-0.253201 vp=0.400676 cap=160.270219
[1372061460.744811] vm=rubis-hvm perf=1.000000 vp=0.599324 cap=239.729781
[1372061466.144763] vm=rubbos-hvm perf=0.347179 vp=0.400676 cap=160.270219
[1372061466.297188] vm=rubis-hvm perf=1.000000 vp=0.599324 cap=239.729781
[1372061471.688769] vm=rubbos-hvm perf=0.029152 vp=0.395575 cap=158.230144
[1372061471.837456] vm=rubis-hvm perf=-0.278179 vp=0.604425 cap=241.769856
[1372061477.221058] vm=rubbos-hvm perf=0.054744 vp=0.395575 cap=158.230144
[1372061477.388928] vm=rubis-hvm perf=0.278184 vp=0.604425 cap=241.769856
[1372061482.781601] vm=rubbos-hvm perf=-0.028506 vp=0.410154 cap=164.061477
[1372061482.935618] vm=rubis-hvm perf=0.581242 vp=0.589846 cap=235.938523
[1372061488.358417] vm=rubbos-hvm perf=-0.211238 vp=0.440095 cap=176.037890
[1372061488.525089] vm=rubis-hvm perf=1.000000 vp=0.559905 cap=223.962110
[1372061493.925696] vm=rubbos-hvm perf=0.098691 vp=0.440095 cap=176.037890
[1372061494.095011] vm=rubis-hvm perf=0.071621 vp=0.559905 cap=223.962110
[1372061499.496184] vm=rubbos-hvm perf=0.239351 vp=0.431262 cap=172.504614
[1372061499.658405] vm=rubis-hvm perf=-0.160893 vp=0.568738 cap=227.495386
[1372061505.057301] vm=rubbos-hvm perf=-0.124854 vp=0.458461 cap=183.384573
[1372061505.202925] vm=rubis-hvm perf=1.000000 vp=0.541539 cap=216.615427
[1372061510.607960] vm=rubbos-hvm perf=0.744848 vp=0.458461 cap=183.384573
[1372061510.774742] vm=rubis-hvm perf=0.221110 vp=0.541539 cap=216.615427
[1372061516.158409] vm=rubbos-hvm perf=0.827986 vp=0.458461 cap=183.384573
[1372061516.316486] vm=rubis-hvm perf=0.064516 vp=0.541539 cap=216.615427
[1372061521.705260] vm=rubbos-hvm perf=0.454495 vp=0.445406 cap=178.162402
[1372061521.855153] vm=rubis-hvm perf=-0.102487 vp=0.554594 cap=221.837598
[1372061527.259927] vm=rubbos-hvm perf=0.435915 vp=0.430996 cap=172.398438
[1372061527.417716] vm=rubis-hvm perf=-0.207864 vp=0.569004 cap=227.601562
[1372061532.810767] vm=rubbos-hvm perf=0.501578 vp=0.430996 cap=172.398438
[1372061532.994081] vm=rubis-hvm perf=0.581505 vp=0.569004 cap=227.601562
[1372061538.409818] vm=rubbos-hvm perf=0.275936 vp=0.430996 cap=172.398438
[1372061538.570324] vm=rubis-hvm perf=1.000000 vp=0.569004 cap=227.601562
[1372061543.965142] vm=rubbos-hvm perf=-0.420815 vp=0.466748 cap=186.699020
[1372061544.143369] vm=rubis-hvm perf=1.000000 vp=0.533252 cap=213.300980
[1372061549.528436] vm=rubbos-hvm perf=0.123166 vp=0.466748 cap=186.699020
[1372061549.707131] vm=rubis-hvm perf=0.875567 vp=0.533252 cap=213.300980
[1372061555.092311] vm=rubbos-hvm perf=0.408442 vp=0.451476 cap=180.590561
[1372061555.275641] vm=rubis-hvm perf=-0.258054 vp=0.548524 cap=219.409439
[1372061560.677545] vm=rubbos-hvm perf=0.888809 vp=0.451476 cap=180.590561
[1372061560.855336] vm=rubis-hvm perf=0.952134 vp=0.548524 cap=219.409439
[1372061566.250527] vm=rubbos-hvm perf=0.079174 vp=0.446825 cap=178.730108
[1372061566.421015] vm=rubis-hvm perf=-0.134368 vp=0.553175 cap=221.269892
[1372061571.838679] vm=rubbos-hvm perf=0.883778 vp=0.420610 cap=168.243933
[1372061572.001798] vm=rubis-hvm perf=-0.300762 vp=0.579390 cap=231.756067
[1372061577.390722] vm=rubbos-hvm perf=-0.190724 vp=0.441517 cap=176.606798
[1372061577.554232] vm=rubis-hvm perf=0.627310 vp=0.558483 cap=223.393202
[1372061582.956943] vm=rubbos-hvm perf=0.414692 vp=0.441517 cap=176.606798
[1372061583.138569] vm=rubis-hvm perf=1.000000 vp=0.558483 cap=223.393202
[1372061588.521590] vm=rubbos-hvm perf=0.280200 vp=0.433423 cap=173.369354
[1372061588.693979] vm=rubis-hvm perf=-0.068513 vp=0.566577 cap=226.630646
[1372061594.117960] vm=rubbos-hvm perf=0.831288 vp=0.433423 cap=173.369354
[1372061594.289247] vm=rubis-hvm perf=0.594157 vp=0.566577 cap=226.630646
[1372061599.703778] vm=rubbos-hvm perf=0.408657 vp=0.418154 cap=167.261535
[1372061599.858856] vm=rubis-hvm perf=-0.308314 vp=0.581846 cap=232.738465
[1372061605.270759] vm=rubbos-hvm perf=0.399036 vp=0.418154 cap=167.261535
[1372061605.424858] vm=rubis-hvm perf=0.284376 vp=0.581846 cap=232.738465
[1372061610.846528] vm=rubbos-hvm perf=-0.112187 vp=0.425329 cap=170.131716
[1372061611.007009] vm=rubis-hvm perf=0.142498 vp=0.574671 cap=229.868284
[1372061616.408064] vm=rubbos-hvm perf=0.232252 vp=0.417229 cap=166.891709
[1372061616.575472] vm=rubis-hvm perf=-0.142641 vp=0.582771 cap=233.108291
[1372061621.976075] vm=rubbos-hvm perf=0.371091 vp=0.417229 cap=166.891709
[1372061622.142283] vm=rubis-hvm perf=0.250164 vp=0.582771 cap=233.108291
[1372061627.540543] vm=rubbos-hvm perf=0.354874 vp=0.417229 cap=166.891709
[1372061627.717141] vm=rubis-hvm perf=0.465925 vp=0.582771 cap=233.108291
[1372061633.124001] vm=rubbos-hvm perf=0.002957 vp=0.417229 cap=166.891709
[1372061633.320087] vm=rubis-hvm perf=0.460686 vp=0.582771 cap=233.108291
[1372061638.733104] vm=rubbos-hvm perf=0.298121 vp=0.417229 cap=166.891709
[1372061638.892074] vm=rubis-hvm perf=0.788980 vp=0.582771 cap=233.108291
[1372061644.302955] vm=rubbos-hvm perf=0.169172 vp=0.417229 cap=166.891709
[1372061644.476639] vm=rubis-hvm perf=1.000000 vp=0.582771 cap=233.108291
[1372061649.871723] vm=rubbos-hvm perf=-0.831826 vp=0.454020 cap=181.608055
[1372061650.029950] vm=rubis-hvm perf=0.453195 vp=0.545980 cap=218.391945
[1372061655.427056] vm=rubbos-hvm perf=-0.560621 vp=0.476027 cap=190.410750
[1372061655.577729] vm=rubis-hvm perf=0.250891 vp=0.523973 cap=209.589250
[1372061660.962527] vm=rubbos-hvm perf=-0.729712 vp=0.510288 cap=204.115048
[1372061661.150165] vm=rubis-hvm perf=0.666475 vp=0.489712 cap=195.884952
[1372061666.527468] vm=rubbos-hvm perf=-0.556228 vp=0.530189 cap=212.075571
[1372061666.704000] vm=rubis-hvm perf=-0.143798 vp=0.469811 cap=187.924429
[1372061672.116406] vm=rubbos-hvm perf=0.035211 vp=0.518808 cap=207.523389
[1372061672.280740] vm=rubis-hvm perf=-0.382533 vp=0.481192 cap=192.476611
[1372061677.669341] vm=rubbos-hvm perf=-0.593225 vp=0.545264 cap=218.105717
[1372061677.839344] vm=rubis-hvm perf=0.571173 vp=0.454736 cap=181.894283
[1372061683.241269] vm=rubbos-hvm perf=0.221162 vp=0.545264 cap=218.105717
[1372061683.406529] vm=rubis-hvm perf=0.637184 vp=0.454736 cap=181.894283
[1372061688.830661] vm=rubbos-hvm perf=0.506355 vp=0.545264 cap=218.105717
[1372061688.984983] vm=rubis-hvm perf=0.363232 vp=0.454736 cap=181.894283
[1372061694.411740] vm=rubbos-hvm perf=0.256439 vp=0.537493 cap=214.997153
[1372061694.581430] vm=rubis-hvm perf=-0.051304 vp=0.462507 cap=185.002847
[1372061700.016857] vm=rubbos-hvm perf=0.243772 vp=0.537493 cap=214.997153
[1372061700.194390] vm=rubis-hvm perf=1.000000 vp=0.462507 cap=185.002847
[1372061705.595832] vm=rubbos-hvm perf=-0.228285 vp=0.557759 cap=223.103772
[1372061705.773799] vm=rubis-hvm perf=0.656169 vp=0.442241 cap=176.896228
[1372061711.169816] vm=rubbos-hvm perf=1.000000 vp=0.519191 cap=207.676491
[1372061711.336332] vm=rubis-hvm perf=-0.538962 vp=0.480809 cap=192.323509
[1372061716.723360] vm=rubbos-hvm perf=0.417925 vp=0.519191 cap=207.676491
[1372061716.892307] vm=rubis-hvm perf=1.000000 vp=0.480809 cap=192.323509
[1372061722.271268] vm=rubbos-hvm perf=1.000000 vp=0.519191 cap=207.676491
[1372061722.446047] vm=rubis-hvm perf=1.000000 vp=0.480809 cap=192.323509
[1372061727.830263] vm=rubbos-hvm perf=0.036445 vp=0.519191 cap=207.676491
[1372061727.973587] vm=rubis-hvm perf=1.000000 vp=0.480809 cap=192.323509
[1372061733.331975] vm=rubbos-hvm perf=0.246690 vp=0.519191 cap=207.676491
[1372061733.497202] vm=rubis-hvm perf=0.154892 vp=0.480809 cap=192.323509
[1372061738.901702] vm=rubbos-hvm perf=0.156920 vp=0.519191 cap=207.676491
[1372061739.056175] vm=rubis-hvm perf=0.718668 vp=0.480809 cap=192.323509
[1372061744.432104] vm=rubbos-hvm perf=1.000000 vp=0.519191 cap=207.676491
[1372061744.600634] vm=rubis-hvm perf=0.381945 vp=0.480809 cap=192.323509
[1372061749.987066] vm=rubbos-hvm perf=0.231988 vp=0.502953 cap=201.181116
[1372061750.174183] vm=rubis-hvm perf=-0.407018 vp=0.497047 cap=198.818884
[1372061755.594389] vm=rubbos-hvm perf=0.330729 vp=0.502953 cap=201.181116
[1372061755.764375] vm=rubis-hvm perf=1.000000 vp=0.497047 cap=198.818884
[1372061761.161888] vm=rubbos-hvm perf=-0.001737 vp=0.526794 cap=210.717475
[1372061761.318696] vm=rubis-hvm perf=1.000000 vp=0.473206 cap=189.282525
[1372061766.723353] vm=rubbos-hvm perf=-0.449866 vp=0.559385 cap=223.753921
[1372061766.924273] vm=rubis-hvm perf=1.000000 vp=0.440615 cap=176.246079
[1372061772.337359] vm=rubbos-hvm perf=0.355352 vp=0.536752 cap=214.700621
[1372061772.518157] vm=rubis-hvm perf=-0.473909 vp=0.463248 cap=185.299379
[1372061777.935964] vm=rubbos-hvm perf=0.848996 vp=0.536752 cap=214.700621
[1372061778.088871] vm=rubis-hvm perf=0.412575 vp=0.463248 cap=185.299379
[1372061783.476246] vm=rubbos-hvm perf=1.000000 vp=0.536752 cap=214.700621
[1372061783.631193] vm=rubis-hvm perf=0.752575 vp=0.463248 cap=185.299379
[1372061789.032134] vm=rubbos-hvm perf=0.494688 vp=0.536752 cap=214.700621
[1372061789.199062] vm=rubis-hvm perf=0.755085 vp=0.463248 cap=185.299379
[1372061794.620859] vm=rubbos-hvm perf=0.257713 vp=0.536752 cap=214.700621
[1372061794.784985] vm=rubis-hvm perf=0.251242 vp=0.463248 cap=185.299379
[1372061800.164862] vm=rubbos-hvm perf=0.728052 vp=0.536752 cap=214.700621
[1372061800.343376] vm=rubis-hvm perf=1.000000 vp=0.463248 cap=185.299379
[1372061805.729240] vm=rubbos-hvm perf=1.000000 vp=0.498918 cap=199.567350
[1372061805.901489] vm=rubis-hvm perf=-0.549706 vp=0.501082 cap=200.432650
[1372061811.279174] vm=rubbos-hvm perf=0.052764 vp=0.484612 cap=193.844779
[1372061811.442390] vm=rubis-hvm perf=-0.538715 vp=0.515388 cap=206.155221
[1372061816.813177] vm=rubbos-hvm perf=-0.111250 vp=0.511107 cap=204.442971
[1372061816.981687] vm=rubis-hvm perf=1.000000 vp=0.488893 cap=195.557029
[1372061822.366926] vm=rubbos-hvm perf=-0.018497 vp=0.528786 cap=211.514443
[1372061822.527513] vm=rubis-hvm perf=0.716346 vp=0.471214 cap=188.485557
[1372061827.882037] vm=rubbos-hvm perf=0.188270 vp=0.528786 cap=211.514443
[1372061828.071580] vm=rubis-hvm perf=0.989721 vp=0.471214 cap=188.485557
[1372061833.486609] vm=rubbos-hvm perf=0.198823 vp=0.528786 cap=211.514443
[1372061833.648337] vm=rubis-hvm perf=0.183559 vp=0.471214 cap=188.485557
[1372061839.045239] vm=rubbos-hvm perf=0.099073 vp=0.528786 cap=211.514443
[1372061839.201308] vm=rubis-hvm perf=0.388673 vp=0.471214 cap=188.485557
[1372061844.557560] vm=rubbos-hvm perf=0.060034 vp=0.521204 cap=208.481584
[1372061844.706019] vm=rubis-hvm perf=-0.221611 vp=0.478796 cap=191.518416
[1372061850.093283] vm=rubbos-hvm perf=-0.310744 vp=0.551268 cap=220.507358
[1372061850.253139] vm=rubis-hvm perf=1.000000 vp=0.448732 cap=179.492642
[1372061855.669570] vm=rubbos-hvm perf=0.071823 vp=0.551268 cap=220.507358
[1372061855.829770] vm=rubis-hvm perf=1.000000 vp=0.448732 cap=179.492642
[1372061861.238758] vm=rubbos-hvm perf=0.402285 vp=0.551268 cap=220.507358
[1372061861.411674] vm=rubis-hvm perf=1.000000 vp=0.448732 cap=179.492642
[1372061866.807591] vm=rubbos-hvm perf=0.280751 vp=0.551268 cap=220.507358
[1372061866.975544] vm=rubis-hvm perf=1.000000 vp=0.448732 cap=179.492642
[1372061872.384416] vm=rubbos-hvm perf=0.467187 vp=0.551268 cap=220.507358
[1372061872.534976] vm=rubis-hvm perf=1.000000 vp=0.448732 cap=179.492642
[1372061877.918311] vm=rubbos-hvm perf=0.802588 vp=0.551268 cap=220.507358
[1372061878.072071] vm=rubis-hvm perf=1.000000 vp=0.448732 cap=179.492642
[1372061883.452192] vm=rubbos-hvm perf=0.824685 vp=0.551268 cap=220.507358
[1372061883.606513] vm=rubis-hvm perf=1.000000 vp=0.448732 cap=179.492642
[1372061888.993076] vm=rubbos-hvm perf=-0.033723 vp=0.575322 cap=230.128877
[1372061889.153547] vm=rubis-hvm perf=1.000000 vp=0.424678 cap=169.871123
[1372061894.566279] vm=rubbos-hvm perf=0.265707 vp=0.575322 cap=230.128877
[1372061894.732042] vm=rubis-hvm perf=1.000000 vp=0.424678 cap=169.871123
[1372061900.137743] vm=rubbos-hvm perf=0.176645 vp=0.575322 cap=230.128877
[1372061900.298855] vm=rubis-hvm perf=1.000000 vp=0.424678 cap=169.871123
[1372061905.700356] vm=rubbos-hvm perf=1.000000 vp=0.575322 cap=230.128877
[1372061905.851220] vm=rubis-hvm perf=1.000000 vp=0.424678 cap=169.871123
[1372061911.259902] vm=rubbos-hvm perf=-0.171748 vp=0.601176 cap=240.470531
[1372061911.416291] vm=rubis-hvm perf=1.000000 vp=0.398824 cap=159.529469
[1372061916.813829] vm=rubbos-hvm perf=0.613736 vp=0.601176 cap=240.470531
[1372061916.976701] vm=rubis-hvm perf=1.000000 vp=0.398824 cap=159.529469
[1372061922.358155] vm=rubbos-hvm perf=0.648370 vp=0.601176 cap=240.470531
[1372061922.520381] vm=rubis-hvm perf=1.000000 vp=0.398824 cap=159.529469
[1372061927.932973] vm=rubbos-hvm perf=0.659382 vp=0.601176 cap=240.470531
[1372061928.089223] vm=rubis-hvm perf=1.000000 vp=0.398824 cap=159.529469
[1372061933.510754] vm=rubbos-hvm perf=-0.094905 vp=0.625131 cap=250.052570
[1372061933.671328] vm=rubis-hvm perf=1.000000 vp=0.374869 cap=149.947430
[1372061939.049006] vm=rubbos-hvm perf=0.437901 vp=0.625131 cap=250.052570
[1372061939.202233] vm=rubis-hvm perf=1.000000 vp=0.374869 cap=149.947430
[1372061944.623903] vm=rubbos-hvm perf=0.096850 vp=0.625131 cap=250.052570
[1372061944.795357] vm=rubis-hvm perf=1.000000 vp=0.374869 cap=149.947430
[1372061950.218663] vm=rubbos-hvm perf=-0.061415 vp=0.647950 cap=259.179884
[1372061950.395665] vm=rubis-hvm perf=1.000000 vp=0.352050 cap=140.820116
[1372061955.798588] vm=rubbos-hvm perf=0.291589 vp=0.647950 cap=259.179884
[1372061955.965173] vm=rubis-hvm perf=1.000000 vp=0.352050 cap=140.820116
[1372061961.324857] vm=rubbos-hvm perf=0.260942 vp=0.647950 cap=259.179884
[1372061961.478181] vm=rubis-hvm perf=1.000000 vp=0.352050 cap=140.820116
[1372061966.861267] vm=rubbos-hvm perf=0.424505 vp=0.647950 cap=259.179884
[1372061967.029789] vm=rubis-hvm perf=1.000000 vp=0.352050 cap=140.820116
[1372061972.416868] vm=rubbos-hvm perf=0.113202 vp=0.647950 cap=259.179884
[1372061972.564071] vm=rubis-hvm perf=1.000000 vp=0.352050 cap=140.820116
[1372061977.981039] vm=rubbos-hvm perf=1.000000 vp=0.647950 cap=259.179884
[1372061978.141811] vm=rubis-hvm perf=1.000000 vp=0.352050 cap=140.820116
[1372061983.525048] vm=rubbos-hvm perf=1.000000 vp=0.647950 cap=259.179884
[1372061983.692127] vm=rubis-hvm perf=1.000000 vp=0.352050 cap=140.820116
[1372061989.088700] vm=rubbos-hvm perf=1.000000 vp=0.647950 cap=259.179884
[1372061989.261103] vm=rubis-hvm perf=1.000000 vp=0.352050 cap=140.820116
[1372061994.624013] vm=rubbos-hvm perf=-0.065144 vp=0.670083 cap=268.033316
[1372061994.771405] vm=rubis-hvm perf=1.000000 vp=0.329917 cap=131.966684
[1372062000.168891] vm=rubbos-hvm perf=0.784561 vp=0.670083 cap=268.033316
[1372062000.301624] vm=rubis-hvm perf=1.000000 vp=0.329917 cap=131.966684
[1372062005.686456] vm=rubbos-hvm perf=0.138112 vp=0.670083 cap=268.033316
[1372062005.845621] vm=rubis-hvm perf=1.000000 vp=0.329917 cap=131.966684
[1372062011.235427] vm=rubbos-hvm perf=0.346014 vp=0.670083 cap=268.033316
[1372062011.405157] vm=rubis-hvm perf=1.000000 vp=0.329917 cap=131.966684
[1372062016.779391] vm=rubbos-hvm perf=0.344332 vp=0.670083 cap=268.033316
[1372062016.931294] vm=rubis-hvm perf=1.000000 vp=0.329917 cap=131.966684
[1372062022.316852] vm=rubbos-hvm perf=0.475436 vp=0.670083 cap=268.033316
[1372062022.495020] vm=rubis-hvm perf=1.000000 vp=0.329917 cap=131.966684
[1372062027.895725] vm=rubbos-hvm perf=-0.160564 vp=0.692330 cap=276.931834
[1372062028.070316] vm=rubis-hvm perf=1.000000 vp=0.307670 cap=123.068166
[1372062033.443516] vm=rubbos-hvm perf=0.435730 vp=0.692330 cap=276.931834
[1372062033.595604] vm=rubis-hvm perf=1.000000 vp=0.307670 cap=123.068166
[1372062038.976305] vm=rubbos-hvm perf=0.135641 vp=0.692330 cap=276.931834
[1372062039.151665] vm=rubis-hvm perf=0.465141 vp=0.307670 cap=123.068166
