Currently running VMs
2013-08-01 05:39:56.598+0000: 27467: info : libvirt version: 0.9.8
2013-08-01 05:39:56.598+0000: 27467: warning : xenHypervisorMakeCapabilities:2751 : Failed to get host power management capabilities
- Domain-0 weight=256 cap=0 vcpus=32
- rubbos-hvm weight=256 cap=287 vcpus=3 mac=aa:00:00:00:00:11
- rubis-hvm weight=256 cap=800 vcpus=8 mac=aa:00:00:00:00:10
New scheduling parameters:  weight=256 cap=800 vcpus=8
Currently running VMs
2013-08-01 05:40:07.557+0000: 27518: info : libvirt version: 0.9.8
2013-08-01 05:40:07.557+0000: 27518: warning : xenHypervisorMakeCapabilities:2751 : Failed to get host power management capabilities
- Domain-0 weight=256 cap=0 vcpus=32
- rubbos-hvm weight=256 cap=287 vcpus=3 mac=aa:00:00:00:00:11
- rubis-hvm weight=256 cap=800 vcpus=8 mac=aa:00:00:00:00:10
New scheduling parameters:  weight=256 cap=250 vcpus=3
Currently running VMs
2013-08-01 05:41:48.524+0000: 27666: info : libvirt version: 0.9.8
2013-08-01 05:41:48.524+0000: 27666: warning : xenHypervisorMakeCapabilities:2751 : Failed to get host power management capabilities
- Domain-0 weight=256 cap=0 vcpus=32
- rubbos-hvm weight=256 cap=287 vcpus=3 mac=aa:00:00:00:00:11
- rubis-hvm weight=256 cap=250 vcpus=3 mac=aa:00:00:00:00:10
New scheduling parameters:  weight=256 cap=75 vcpus=1
Currently running VMs
2013-08-01 05:43:29.437+0000: 27714: info : libvirt version: 0.9.8
2013-08-01 05:43:29.437+0000: 27714: warning : xenHypervisorMakeCapabilities:2751 : Failed to get host power management capabilities
- Domain-0 weight=256 cap=0 vcpus=32
- rubbos-hvm weight=256 cap=287 vcpus=3 mac=aa:00:00:00:00:11
- rubis-hvm weight=256 cap=75 vcpus=1 mac=aa:00:00:00:00:10
New scheduling parameters:  weight=256 cap=125 vcpus=2
Currently running VMs
2013-08-01 05:45:10.353+0000: 27765: info : libvirt version: 0.9.8
2013-08-01 05:45:10.353+0000: 27765: warning : xenHypervisorMakeCapabilities:2751 : Failed to get host power management capabilities
- Domain-0 weight=256 cap=0 vcpus=32
- rubbos-hvm weight=256 cap=287 vcpus=3 mac=aa:00:00:00:00:11
- rubis-hvm weight=256 cap=125 vcpus=2 mac=aa:00:00:00:00:10
New scheduling parameters:  weight=256 cap=85 vcpus=1
Currently running VMs
2013-08-01 05:46:51.316+0000: 27813: info : libvirt version: 0.9.8
2013-08-01 05:46:51.316+0000: 27813: warning : xenHypervisorMakeCapabilities:2751 : Failed to get host power management capabilities
- Domain-0 weight=256 cap=0 vcpus=32
- rubbos-hvm weight=256 cap=287 vcpus=3 mac=aa:00:00:00:00:11
- rubis-hvm weight=256 cap=85 vcpus=2 mac=aa:00:00:00:00:10
New scheduling parameters:  weight=256 cap=650 vcpus=7
Currently running VMs
2013-08-01 05:48:32.228+0000: 27861: info : libvirt version: 0.9.8
2013-08-01 05:48:32.228+0000: 27861: warning : xenHypervisorMakeCapabilities:2751 : Failed to get host power management capabilities
- Domain-0 weight=256 cap=0 vcpus=32
- rubbos-hvm weight=256 cap=287 vcpus=3 mac=aa:00:00:00:00:11
- rubis-hvm weight=256 cap=650 vcpus=2 mac=aa:00:00:00:00:10
New scheduling parameters:  weight=256 cap=575 vcpus=6
Currently running VMs
2013-08-01 05:50:13.150+0000: 27909: info : libvirt version: 0.9.8
2013-08-01 05:50:13.150+0000: 27909: warning : xenHypervisorMakeCapabilities:2751 : Failed to get host power management capabilities
- Domain-0 weight=256 cap=0 vcpus=32
- rubbos-hvm weight=256 cap=287 vcpus=3 mac=aa:00:00:00:00:11
- rubis-hvm weight=256 cap=575 vcpus=2 mac=aa:00:00:00:00:10
New scheduling parameters:  weight=256 cap=275 vcpus=3
Currently running VMs
2013-08-01 05:51:54.127+0000: 27957: info : libvirt version: 0.9.8
2013-08-01 05:51:54.127+0000: 27957: warning : xenHypervisorMakeCapabilities:2751 : Failed to get host power management capabilities
- Domain-0 weight=256 cap=0 vcpus=32
- rubbos-hvm weight=256 cap=287 vcpus=3 mac=aa:00:00:00:00:11
- rubis-hvm weight=256 cap=275 vcpus=2 mac=aa:00:00:00:00:10
New scheduling parameters:  weight=256 cap=750 vcpus=8
Currently running VMs
2013-08-01 05:53:35.089+0000: 28005: info : libvirt version: 0.9.8
2013-08-01 05:53:35.089+0000: 28005: warning : xenHypervisorMakeCapabilities:2751 : Failed to get host power management capabilities
- Domain-0 weight=256 cap=0 vcpus=32
- rubbos-hvm weight=256 cap=287 vcpus=3 mac=aa:00:00:00:00:11
- rubis-hvm weight=256 cap=750 vcpus=2 mac=aa:00:00:00:00:10
New scheduling parameters:  weight=256 cap=75 vcpus=1
Currently running VMs
2013-08-01 05:55:16.218+0000: 28056: info : libvirt version: 0.9.8
2013-08-01 05:55:16.218+0000: 28056: warning : xenHypervisorMakeCapabilities:2751 : Failed to get host power management capabilities
- Domain-0 weight=256 cap=0 vcpus=32
- rubbos-hvm weight=256 cap=287 vcpus=3 mac=aa:00:00:00:00:11
- rubis-hvm weight=256 cap=75 vcpus=2 mac=aa:00:00:00:00:10
New scheduling parameters:  weight=256 cap=375 vcpus=4
Currently running VMs
2013-08-01 05:56:57.196+0000: 28104: info : libvirt version: 0.9.8
2013-08-01 05:56:57.196+0000: 28104: warning : xenHypervisorMakeCapabilities:2751 : Failed to get host power management capabilities
- Domain-0 weight=256 cap=0 vcpus=32
- rubbos-hvm weight=256 cap=287 vcpus=3 mac=aa:00:00:00:00:11
- rubis-hvm weight=256 cap=375 vcpus=2 mac=aa:00:00:00:00:10
New scheduling parameters:  weight=256 cap=800 vcpus=8
