Currently running VMs
2013-07-25 09:06:54.271+0000: 2453: info : libvirt version: 0.9.8
2013-07-25 09:06:54.271+0000: 2453: warning : xenHypervisorMakeCapabilities:2751 : Failed to get host power management capabilities
- Domain-0 weight=256 cap=0 vcpus=32
- rubbos-hvm weight=256 cap=287 vcpus=3 mac=aa:00:00:00:00:11
- rubis-hvm weight=256 cap=800 vcpus=8 mac=aa:00:00:00:00:10
New scheduling parameters:  weight=256 cap=800 vcpus=8
Currently running VMs
2013-07-25 09:07:05.221+0000: 2504: info : libvirt version: 0.9.8
2013-07-25 09:07:05.221+0000: 2504: warning : xenHypervisorMakeCapabilities:2751 : Failed to get host power management capabilities
- Domain-0 weight=256 cap=0 vcpus=32
- rubbos-hvm weight=256 cap=287 vcpus=3 mac=aa:00:00:00:00:11
- rubis-hvm weight=256 cap=800 vcpus=8 mac=aa:00:00:00:00:10
New scheduling parameters:  weight=256 cap=200 vcpus=2
Currently running VMs
2013-07-25 09:07:16.189+0000: 2652: info : libvirt version: 0.9.8
2013-07-25 09:07:16.189+0000: 2652: warning : xenHypervisorMakeCapabilities:2751 : Failed to get host power management capabilities
- Domain-0 weight=256 cap=0 vcpus=32
- rubbos-hvm weight=256 cap=287 vcpus=3 mac=aa:00:00:00:00:11
- rubis-hvm weight=256 cap=200 vcpus=2 mac=aa:00:00:00:00:10
New scheduling parameters:  weight=256 cap=250 vcpus=3
Currently running VMs
2013-07-25 09:07:27.110+0000: 2700: info : libvirt version: 0.9.8
2013-07-25 09:07:27.110+0000: 2700: warning : xenHypervisorMakeCapabilities:2751 : Failed to get host power management capabilities
- Domain-0 weight=256 cap=0 vcpus=32
- rubbos-hvm weight=256 cap=287 vcpus=3 mac=aa:00:00:00:00:11
- rubis-hvm weight=256 cap=250 vcpus=3 mac=aa:00:00:00:00:10
New scheduling parameters:  weight=256 cap=250 vcpus=3
Currently running VMs
2013-07-25 09:07:38.026+0000: 2748: info : libvirt version: 0.9.8
2013-07-25 09:07:38.026+0000: 2748: warning : xenHypervisorMakeCapabilities:2751 : Failed to get host power management capabilities
- Domain-0 weight=256 cap=0 vcpus=32
- rubbos-hvm weight=256 cap=287 vcpus=3 mac=aa:00:00:00:00:11
- rubis-hvm weight=256 cap=250 vcpus=3 mac=aa:00:00:00:00:10
New scheduling parameters:  weight=256 cap=200 vcpus=2
Currently running VMs
2013-07-25 09:07:48.929+0000: 2800: info : libvirt version: 0.9.8
2013-07-25 09:07:48.929+0000: 2800: warning : xenHypervisorMakeCapabilities:2751 : Failed to get host power management capabilities
- Domain-0 weight=256 cap=0 vcpus=32
- rubbos-hvm weight=256 cap=287 vcpus=3 mac=aa:00:00:00:00:11
- rubis-hvm weight=256 cap=200 vcpus=2 mac=aa:00:00:00:00:10
New scheduling parameters:  weight=256 cap=250 vcpus=3
Currently running VMs
2013-07-25 09:07:59.845+0000: 2857: info : libvirt version: 0.9.8
2013-07-25 09:07:59.845+0000: 2857: warning : xenHypervisorMakeCapabilities:2751 : Failed to get host power management capabilities
- Domain-0 weight=256 cap=0 vcpus=32
- rubbos-hvm weight=256 cap=287 vcpus=3 mac=aa:00:00:00:00:11
- rubis-hvm weight=256 cap=250 vcpus=3 mac=aa:00:00:00:00:10
New scheduling parameters:  weight=256 cap=200 vcpus=2
Currently running VMs
2013-07-25 09:08:10.801+0000: 2905: info : libvirt version: 0.9.8
2013-07-25 09:08:10.801+0000: 2905: warning : xenHypervisorMakeCapabilities:2751 : Failed to get host power management capabilities
- Domain-0 weight=256 cap=0 vcpus=32
- rubbos-hvm weight=256 cap=287 vcpus=3 mac=aa:00:00:00:00:11
- rubis-hvm weight=256 cap=200 vcpus=2 mac=aa:00:00:00:00:10
New scheduling parameters:  weight=256 cap=150 vcpus=2
Currently running VMs
2013-07-25 09:08:21.747+0000: 2953: info : libvirt version: 0.9.8
2013-07-25 09:08:21.747+0000: 2953: warning : xenHypervisorMakeCapabilities:2751 : Failed to get host power management capabilities
- Domain-0 weight=256 cap=0 vcpus=32
- rubbos-hvm weight=256 cap=287 vcpus=3 mac=aa:00:00:00:00:11
- rubis-hvm weight=256 cap=150 vcpus=2 mac=aa:00:00:00:00:10
New scheduling parameters:  weight=256 cap=150 vcpus=2
Currently running VMs
2013-07-25 09:08:32.671+0000: 3001: info : libvirt version: 0.9.8
2013-07-25 09:08:32.671+0000: 3001: warning : xenHypervisorMakeCapabilities:2751 : Failed to get host power management capabilities
- Domain-0 weight=256 cap=0 vcpus=32
- rubbos-hvm weight=256 cap=287 vcpus=3 mac=aa:00:00:00:00:11
- rubis-hvm weight=256 cap=150 vcpus=2 mac=aa:00:00:00:00:10
New scheduling parameters:  weight=256 cap=250 vcpus=3
Currently running VMs
2013-07-25 09:08:43.630+0000: 3049: info : libvirt version: 0.9.8
2013-07-25 09:08:43.630+0000: 3049: warning : xenHypervisorMakeCapabilities:2751 : Failed to get host power management capabilities
- Domain-0 weight=256 cap=0 vcpus=32
- rubbos-hvm weight=256 cap=287 vcpus=3 mac=aa:00:00:00:00:11
- rubis-hvm weight=256 cap=250 vcpus=3 mac=aa:00:00:00:00:10
New scheduling parameters:  weight=256 cap=200 vcpus=2
Currently running VMs
2013-07-25 09:08:54.606+0000: 3097: info : libvirt version: 0.9.8
2013-07-25 09:08:54.606+0000: 3097: warning : xenHypervisorMakeCapabilities:2751 : Failed to get host power management capabilities
- Domain-0 weight=256 cap=0 vcpus=32
- rubbos-hvm weight=256 cap=287 vcpus=3 mac=aa:00:00:00:00:11
- rubis-hvm weight=256 cap=200 vcpus=2 mac=aa:00:00:00:00:10
New scheduling parameters:  weight=256 cap=800 vcpus=8
