Currently running VMs
2013-07-25 09:29:33.017+0000: 10170: info : libvirt version: 0.9.8
2013-07-25 09:29:33.017+0000: 10170: warning : xenHypervisorMakeCapabilities:2751 : Failed to get host power management capabilities
- Domain-0 weight=256 cap=0 vcpus=32
- rubbos-hvm weight=256 cap=287 vcpus=3 mac=aa:00:00:00:00:11
- rubis-hvm weight=256 cap=800 vcpus=8 mac=aa:00:00:00:00:10
New scheduling parameters:  weight=256 cap=800 vcpus=8
Currently running VMs
2013-07-25 09:29:43.976+0000: 10221: info : libvirt version: 0.9.8
2013-07-25 09:29:43.976+0000: 10221: warning : xenHypervisorMakeCapabilities:2751 : Failed to get host power management capabilities
- Domain-0 weight=256 cap=0 vcpus=32
- rubbos-hvm weight=256 cap=287 vcpus=3 mac=aa:00:00:00:00:11
- rubis-hvm weight=256 cap=800 vcpus=8 mac=aa:00:00:00:00:10
New scheduling parameters:  weight=256 cap=400 vcpus=4
Currently running VMs
2013-07-25 09:29:54.945+0000: 10369: info : libvirt version: 0.9.8
2013-07-25 09:29:54.945+0000: 10369: warning : xenHypervisorMakeCapabilities:2751 : Failed to get host power management capabilities
- Domain-0 weight=256 cap=0 vcpus=32
- rubbos-hvm weight=256 cap=287 vcpus=3 mac=aa:00:00:00:00:11
- rubis-hvm weight=256 cap=400 vcpus=4 mac=aa:00:00:00:00:10
New scheduling parameters:  weight=256 cap=450 vcpus=5
Currently running VMs
2013-07-25 09:30:05.838+0000: 10417: info : libvirt version: 0.9.8
2013-07-25 09:30:05.838+0000: 10417: warning : xenHypervisorMakeCapabilities:2751 : Failed to get host power management capabilities
- Domain-0 weight=256 cap=0 vcpus=32
- rubbos-hvm weight=256 cap=287 vcpus=3 mac=aa:00:00:00:00:11
- rubis-hvm weight=256 cap=450 vcpus=5 mac=aa:00:00:00:00:10
New scheduling parameters:  weight=256 cap=450 vcpus=5
Currently running VMs
2013-07-25 09:30:16.781+0000: 10465: info : libvirt version: 0.9.8
2013-07-25 09:30:16.781+0000: 10465: warning : xenHypervisorMakeCapabilities:2751 : Failed to get host power management capabilities
- Domain-0 weight=256 cap=0 vcpus=32
- rubbos-hvm weight=256 cap=287 vcpus=3 mac=aa:00:00:00:00:11
- rubis-hvm weight=256 cap=450 vcpus=5 mac=aa:00:00:00:00:10
New scheduling parameters:  weight=256 cap=400 vcpus=4
Currently running VMs
2013-07-25 09:30:27.723+0000: 10513: info : libvirt version: 0.9.8
2013-07-25 09:30:27.723+0000: 10513: warning : xenHypervisorMakeCapabilities:2751 : Failed to get host power management capabilities
- Domain-0 weight=256 cap=0 vcpus=32
- rubbos-hvm weight=256 cap=287 vcpus=3 mac=aa:00:00:00:00:11
- rubis-hvm weight=256 cap=400 vcpus=4 mac=aa:00:00:00:00:10
New scheduling parameters:  weight=256 cap=450 vcpus=5
Currently running VMs
2013-07-25 09:30:38.662+0000: 10561: info : libvirt version: 0.9.8
2013-07-25 09:30:38.662+0000: 10561: warning : xenHypervisorMakeCapabilities:2751 : Failed to get host power management capabilities
- Domain-0 weight=256 cap=0 vcpus=32
- rubbos-hvm weight=256 cap=287 vcpus=3 mac=aa:00:00:00:00:11
- rubis-hvm weight=256 cap=450 vcpus=5 mac=aa:00:00:00:00:10
New scheduling parameters:  weight=256 cap=400 vcpus=4
Currently running VMs
2013-07-25 09:30:49.641+0000: 10609: info : libvirt version: 0.9.8
2013-07-25 09:30:49.641+0000: 10609: warning : xenHypervisorMakeCapabilities:2751 : Failed to get host power management capabilities
- Domain-0 weight=256 cap=0 vcpus=32
- rubbos-hvm weight=256 cap=287 vcpus=3 mac=aa:00:00:00:00:11
- rubis-hvm weight=256 cap=400 vcpus=4 mac=aa:00:00:00:00:10
New scheduling parameters:  weight=256 cap=350 vcpus=4
Currently running VMs
2013-07-25 09:31:00.517+0000: 10657: info : libvirt version: 0.9.8
2013-07-25 09:31:00.517+0000: 10657: warning : xenHypervisorMakeCapabilities:2751 : Failed to get host power management capabilities
- Domain-0 weight=256 cap=0 vcpus=32
- rubbos-hvm weight=256 cap=287 vcpus=3 mac=aa:00:00:00:00:11
- rubis-hvm weight=256 cap=350 vcpus=4 mac=aa:00:00:00:00:10
New scheduling parameters:  weight=256 cap=350 vcpus=4
Currently running VMs
2013-07-25 09:31:11.478+0000: 10705: info : libvirt version: 0.9.8
2013-07-25 09:31:11.478+0000: 10705: warning : xenHypervisorMakeCapabilities:2751 : Failed to get host power management capabilities
- Domain-0 weight=256 cap=0 vcpus=32
- rubbos-hvm weight=256 cap=287 vcpus=3 mac=aa:00:00:00:00:11
- rubis-hvm weight=256 cap=350 vcpus=4 mac=aa:00:00:00:00:10
New scheduling parameters:  weight=256 cap=450 vcpus=5
Currently running VMs
2013-07-25 09:31:22.441+0000: 10753: info : libvirt version: 0.9.8
2013-07-25 09:31:22.441+0000: 10753: warning : xenHypervisorMakeCapabilities:2751 : Failed to get host power management capabilities
- Domain-0 weight=256 cap=0 vcpus=32
- rubbos-hvm weight=256 cap=287 vcpus=3 mac=aa:00:00:00:00:11
- rubis-hvm weight=256 cap=450 vcpus=5 mac=aa:00:00:00:00:10
New scheduling parameters:  weight=256 cap=400 vcpus=4
Currently running VMs
2013-07-25 09:31:33.383+0000: 10802: info : libvirt version: 0.9.8
2013-07-25 09:31:33.383+0000: 10802: warning : xenHypervisorMakeCapabilities:2751 : Failed to get host power management capabilities
- Domain-0 weight=256 cap=0 vcpus=32
- rubbos-hvm weight=256 cap=287 vcpus=3 mac=aa:00:00:00:00:11
- rubis-hvm weight=256 cap=400 vcpus=4 mac=aa:00:00:00:00:10
New scheduling parameters:  weight=256 cap=800 vcpus=8
