Currently running VMs
2013-08-01 11:30:36.052+0000: 5935: info : libvirt version: 0.9.8
2013-08-01 11:30:36.052+0000: 5935: warning : xenHypervisorMakeCapabilities:2751 : Failed to get host power management capabilities
- Domain-0 weight=256 cap=0 vcpus=32
- rubbos-hvm weight=256 cap=287 vcpus=3 mac=aa:00:00:00:00:11
- rubis-hvm weight=256 cap=800 vcpus=1 mac=aa:00:00:00:00:10
New scheduling parameters:  weight=256 cap=800 vcpus=8
Currently running VMs
2013-08-01 11:30:46.967+0000: 5986: info : libvirt version: 0.9.8
2013-08-01 11:30:46.967+0000: 5986: warning : xenHypervisorMakeCapabilities:2751 : Failed to get host power management capabilities
- Domain-0 weight=256 cap=0 vcpus=32
- rubbos-hvm weight=256 cap=287 vcpus=3 mac=aa:00:00:00:00:11
- rubis-hvm weight=256 cap=800 vcpus=1 mac=aa:00:00:00:00:10
New scheduling parameters:  weight=256 cap=200 vcpus=2
Currently running VMs
2013-08-01 11:32:27.959+0000: 6135: info : libvirt version: 0.9.8
2013-08-01 11:32:27.959+0000: 6135: warning : xenHypervisorMakeCapabilities:2751 : Failed to get host power management capabilities
- Domain-0 weight=256 cap=0 vcpus=32
- rubbos-hvm weight=256 cap=287 vcpus=3 mac=aa:00:00:00:00:11
- rubis-hvm weight=256 cap=200 vcpus=1 mac=aa:00:00:00:00:10
New scheduling parameters:  weight=256 cap=250 vcpus=3
Currently running VMs
2013-08-01 11:34:08.908+0000: 6183: info : libvirt version: 0.9.8
2013-08-01 11:34:08.908+0000: 6183: warning : xenHypervisorMakeCapabilities:2751 : Failed to get host power management capabilities
- Domain-0 weight=256 cap=0 vcpus=32
- rubbos-hvm weight=256 cap=287 vcpus=3 mac=aa:00:00:00:00:11
- rubis-hvm weight=256 cap=250 vcpus=2 mac=aa:00:00:00:00:10
New scheduling parameters:  weight=256 cap=250 vcpus=3
Currently running VMs
2013-08-01 11:35:49.902+0000: 6234: info : libvirt version: 0.9.8
2013-08-01 11:35:49.902+0000: 6234: warning : xenHypervisorMakeCapabilities:2751 : Failed to get host power management capabilities
- Domain-0 weight=256 cap=0 vcpus=32
- rubbos-hvm weight=256 cap=287 vcpus=3 mac=aa:00:00:00:00:11
- rubis-hvm weight=256 cap=250 vcpus=2 mac=aa:00:00:00:00:10
New scheduling parameters:  weight=256 cap=200 vcpus=2
Currently running VMs
2013-08-01 11:37:30.832+0000: 6282: info : libvirt version: 0.9.8
2013-08-01 11:37:30.832+0000: 6282: warning : xenHypervisorMakeCapabilities:2751 : Failed to get host power management capabilities
- Domain-0 weight=256 cap=0 vcpus=32
- rubbos-hvm weight=256 cap=287 vcpus=3 mac=aa:00:00:00:00:11
- rubis-hvm weight=256 cap=200 vcpus=1 mac=aa:00:00:00:00:10
New scheduling parameters:  weight=256 cap=250 vcpus=3
Currently running VMs
2013-08-01 11:39:11.791+0000: 6330: info : libvirt version: 0.9.8
2013-08-01 11:39:11.791+0000: 6330: warning : xenHypervisorMakeCapabilities:2751 : Failed to get host power management capabilities
- Domain-0 weight=256 cap=0 vcpus=32
- rubbos-hvm weight=256 cap=287 vcpus=3 mac=aa:00:00:00:00:11
- rubis-hvm weight=256 cap=250 vcpus=1 mac=aa:00:00:00:00:10
New scheduling parameters:  weight=256 cap=200 vcpus=2
Currently running VMs
2013-08-01 11:40:52.754+0000: 6378: info : libvirt version: 0.9.8
2013-08-01 11:40:52.754+0000: 6378: warning : xenHypervisorMakeCapabilities:2751 : Failed to get host power management capabilities
- Domain-0 weight=256 cap=0 vcpus=32
- rubbos-hvm weight=256 cap=287 vcpus=3 mac=aa:00:00:00:00:11
- rubis-hvm weight=256 cap=200 vcpus=1 mac=aa:00:00:00:00:10
New scheduling parameters:  weight=256 cap=150 vcpus=2
Currently running VMs
2013-08-01 11:42:33.639+0000: 6426: info : libvirt version: 0.9.8
2013-08-01 11:42:33.639+0000: 6426: warning : xenHypervisorMakeCapabilities:2751 : Failed to get host power management capabilities
- Domain-0 weight=256 cap=0 vcpus=32
- rubbos-hvm weight=256 cap=287 vcpus=3 mac=aa:00:00:00:00:11
- rubis-hvm weight=256 cap=150 vcpus=1 mac=aa:00:00:00:00:10
New scheduling parameters:  weight=256 cap=150 vcpus=2
Currently running VMs
2013-08-01 11:44:14.524+0000: 6474: info : libvirt version: 0.9.8
2013-08-01 11:44:14.524+0000: 6474: warning : xenHypervisorMakeCapabilities:2751 : Failed to get host power management capabilities
- Domain-0 weight=256 cap=0 vcpus=32
- rubbos-hvm weight=256 cap=287 vcpus=3 mac=aa:00:00:00:00:11
- rubis-hvm weight=256 cap=150 vcpus=1 mac=aa:00:00:00:00:10
New scheduling parameters:  weight=256 cap=250 vcpus=3
Currently running VMs
2013-08-01 11:45:55.462+0000: 6525: info : libvirt version: 0.9.8
2013-08-01 11:45:55.462+0000: 6525: warning : xenHypervisorMakeCapabilities:2751 : Failed to get host power management capabilities
- Domain-0 weight=256 cap=0 vcpus=32
- rubbos-hvm weight=256 cap=287 vcpus=3 mac=aa:00:00:00:00:11
- rubis-hvm weight=256 cap=250 vcpus=1 mac=aa:00:00:00:00:10
New scheduling parameters:  weight=256 cap=200 vcpus=2
Currently running VMs
2013-08-01 11:47:36.414+0000: 6573: info : libvirt version: 0.9.8
2013-08-01 11:47:36.414+0000: 6573: warning : xenHypervisorMakeCapabilities:2751 : Failed to get host power management capabilities
- Domain-0 weight=256 cap=0 vcpus=32
- rubbos-hvm weight=256 cap=287 vcpus=3 mac=aa:00:00:00:00:11
- rubis-hvm weight=256 cap=200 vcpus=1 mac=aa:00:00:00:00:10
New scheduling parameters:  weight=256 cap=800 vcpus=8
