2013-06-24 09:28:34.017+0000: 25972: info : libvirt version: 0.9.8
2013-06-24 09:28:34.017+0000: 25972: warning : xenHypervisorMakeCapabilities:2751 : Failed to get host power management capabilities
[1372066119.257408] vm=rubbos-hvm new
[1372066119.257459] vm=rubis-hvm new
[1372066119.257486] vm=rubbos-hvm perf=0.000000 vp=0.500000 cap=200.000000
[1372066119.418491] vm=rubis-hvm perf=0.000000 vp=0.500000 cap=200.000000
[1372066124.808819] vm=rubbos-hvm perf=0.000000 vp=0.500000 cap=200.000000
[1372066124.969219] vm=rubis-hvm perf=0.000000 vp=0.500000 cap=200.000000
[1372066130.359912] vm=rubbos-hvm perf=0.000000 vp=0.500000 cap=200.000000
[1372066130.497669] vm=rubis-hvm perf=0.000000 vp=0.500000 cap=200.000000
[1372066135.843036] vm=rubbos-hvm perf=0.000000 vp=0.500000 cap=200.000000
[1372066135.995354] vm=rubis-hvm perf=0.000000 vp=0.500000 cap=200.000000
[1372066141.366171] vm=rubbos-hvm perf=0.000000 vp=0.500000 cap=200.000000
[1372066141.510585] vm=rubis-hvm perf=0.000000 vp=0.500000 cap=200.000000
[1372066146.935385] vm=rubbos-hvm perf=0.000000 vp=0.500000 cap=200.000000
[1372066147.096121] vm=rubis-hvm perf=0.000000 vp=0.500000 cap=200.000000
[1372066152.475049] vm=rubbos-hvm perf=0.000000 vp=0.500000 cap=200.000000
[1372066152.634577] vm=rubis-hvm perf=0.000000 vp=0.500000 cap=200.000000
[1372066158.032497] vm=rubbos-hvm perf=0.000000 vp=0.500000 cap=200.000000
[1372066158.186427] vm=rubis-hvm perf=0.000000 vp=0.500000 cap=200.000000
[1372066163.536321] vm=rubbos-hvm perf=0.000000 vp=0.500000 cap=200.000000
[1372066163.695456] vm=rubis-hvm perf=0.000000 vp=0.500000 cap=200.000000
[1372066169.043262] vm=rubbos-hvm perf=0.000000 vp=0.500000 cap=200.000000
[1372066169.204171] vm=rubis-hvm perf=0.000000 vp=0.500000 cap=200.000000
[1372066174.583459] vm=rubbos-hvm perf=0.000000 vp=0.500000 cap=200.000000
[1372066174.748860] vm=rubis-hvm perf=0.000000 vp=0.500000 cap=200.000000
[1372066180.139338] vm=rubbos-hvm perf=0.000000 vp=0.500000 cap=200.000000
[1372066180.288361] vm=rubis-hvm perf=0.000000 vp=0.500000 cap=200.000000
[1372066185.686936] vm=rubbos-hvm perf=0.000000 vp=0.500000 cap=200.000000
[1372066185.869821] vm=rubis-hvm perf=0.000000 vp=0.500000 cap=200.000000
[1372066191.249711] vm=rubbos-hvm perf=0.000000 vp=0.500000 cap=200.000000
[1372066191.411432] vm=rubis-hvm perf=0.000000 vp=0.500000 cap=200.000000
[1372066196.775953] vm=rubbos-hvm perf=0.000000 vp=0.500000 cap=200.000000
[1372066196.923837] vm=rubis-hvm perf=0.000000 vp=0.500000 cap=200.000000
[1372066202.345805] vm=rubbos-hvm perf=0.000000 vp=0.500000 cap=200.000000
[1372066202.493487] vm=rubis-hvm perf=0.000000 vp=0.500000 cap=200.000000
[1372066207.877618] vm=rubbos-hvm perf=0.000000 vp=0.500000 cap=200.000000
[1372066208.057921] vm=rubis-hvm perf=0.000000 vp=0.500000 cap=200.000000
[1372066213.457046] vm=rubbos-hvm perf=0.000000 vp=0.500000 cap=200.000000
[1372066213.615575] vm=rubis-hvm perf=0.000000 vp=0.500000 cap=200.000000
[1372066219.021318] vm=rubbos-hvm perf=0.000000 vp=0.500000 cap=200.000000
[1372066219.167381] vm=rubis-hvm perf=0.000000 vp=0.500000 cap=200.000000
[1372066224.547438] vm=rubbos-hvm perf=0.000000 vp=0.500000 cap=200.000000
[1372066224.709349] vm=rubis-hvm perf=0.000000 vp=0.500000 cap=200.000000
[1372066230.080181] vm=rubbos-hvm perf=0.000000 vp=0.500000 cap=200.000000
[1372066230.230052] vm=rubis-hvm perf=0.000000 vp=0.500000 cap=200.000000
[1372066235.607617] vm=rubbos-hvm perf=0.000000 vp=0.500000 cap=200.000000
[1372066235.761293] vm=rubis-hvm perf=0.000000 vp=0.500000 cap=200.000000
[1372066241.138433] vm=rubbos-hvm perf=0.000000 vp=0.500000 cap=200.000000
[1372066241.275005] vm=rubis-hvm perf=0.000000 vp=0.500000 cap=200.000000
[1372066246.646441] vm=rubbos-hvm perf=0.000000 vp=0.500000 cap=200.000000
[1372066246.816374] vm=rubis-hvm perf=0.000000 vp=0.500000 cap=200.000000
[1372066252.221370] vm=rubbos-hvm perf=0.000000 vp=0.500000 cap=200.000000
[1372066252.378058] vm=rubis-hvm perf=0.000000 vp=0.500000 cap=200.000000
[1372066257.762938] vm=rubbos-hvm perf=0.000000 vp=0.500000 cap=200.000000
[1372066257.917989] vm=rubis-hvm perf=0.000000 vp=0.500000 cap=200.000000
[1372066263.297527] vm=rubbos-hvm perf=0.000000 vp=0.500000 cap=200.000000
[1372066263.470612] vm=rubis-hvm perf=0.000000 vp=0.500000 cap=200.000000
[1372066268.838097] vm=rubbos-hvm perf=0.000000 vp=0.500000 cap=200.000000
[1372066268.986668] vm=rubis-hvm perf=0.000000 vp=0.500000 cap=200.000000
[1372066274.388428] vm=rubbos-hvm perf=0.000000 vp=0.500000 cap=200.000000
[1372066274.556668] vm=rubis-hvm perf=0.000000 vp=0.500000 cap=200.000000
[1372066279.950083] vm=rubbos-hvm perf=0.000000 vp=0.500000 cap=200.000000
[1372066280.125312] vm=rubis-hvm perf=0.000000 vp=0.500000 cap=200.000000
[1372066285.511183] vm=rubbos-hvm perf=0.000000 vp=0.500000 cap=200.000000
[1372066285.684521] vm=rubis-hvm perf=0.000000 vp=0.500000 cap=200.000000
[1372066291.096078] vm=rubbos-hvm perf=0.000000 vp=0.500000 cap=200.000000
[1372066291.255207] vm=rubis-hvm perf=0.000000 vp=0.500000 cap=200.000000
[1372066296.624721] vm=rubbos-hvm perf=0.000000 vp=0.500000 cap=200.000000
[1372066296.775562] vm=rubis-hvm perf=0.000000 vp=0.500000 cap=200.000000
[1372066302.159306] vm=rubbos-hvm perf=0.000000 vp=0.500000 cap=200.000000
[1372066302.324275] vm=rubis-hvm perf=0.000000 vp=0.500000 cap=200.000000
[1372066307.683081] vm=rubbos-hvm perf=0.000000 vp=0.500000 cap=200.000000
[1372066307.852656] vm=rubis-hvm perf=0.000000 vp=0.500000 cap=200.000000
[1372066313.215337] vm=rubbos-hvm perf=0.000000 vp=0.500000 cap=200.000000
[1372066313.355376] vm=rubis-hvm perf=0.000000 vp=0.500000 cap=200.000000
[1372066318.738020] vm=rubbos-hvm perf=0.000000 vp=0.500000 cap=200.000000
[1372066318.893398] vm=rubis-hvm perf=0.000000 vp=0.500000 cap=200.000000
[1372066324.287500] vm=rubbos-hvm perf=0.000000 vp=0.500000 cap=200.000000
[1372066324.450087] vm=rubis-hvm perf=0.000000 vp=0.500000 cap=200.000000
[1372066329.813041] vm=rubbos-hvm perf=0.000000 vp=0.500000 cap=200.000000
[1372066329.975505] vm=rubis-hvm perf=0.000000 vp=0.500000 cap=200.000000
[1372066335.386169] vm=rubbos-hvm perf=0.000000 vp=0.500000 cap=200.000000
[1372066335.525656] vm=rubis-hvm perf=0.000000 vp=0.500000 cap=200.000000
[1372066340.924884] vm=rubbos-hvm perf=0.000000 vp=0.500000 cap=200.000000
[1372066341.088359] vm=rubis-hvm perf=0.000000 vp=0.500000 cap=200.000000
[1372066346.479980] vm=rubbos-hvm perf=0.000000 vp=0.500000 cap=200.000000
[1372066346.655141] vm=rubis-hvm perf=0.000000 vp=0.500000 cap=200.000000
[1372066352.030845] vm=rubbos-hvm perf=0.000000 vp=0.500000 cap=200.000000
[1372066352.205323] vm=rubis-hvm perf=0.000000 vp=0.500000 cap=200.000000
[1372066357.570017] vm=rubbos-hvm perf=0.000000 vp=0.500000 cap=200.000000
[1372066357.737160] vm=rubis-hvm perf=0.000000 vp=0.500000 cap=200.000000
