Currently running VMs
2013-07-25 10:18:59.471+0000: 26977: info : libvirt version: 0.9.8
2013-07-25 10:18:59.471+0000: 26977: warning : xenHypervisorMakeCapabilities:2751 : Failed to get host power management capabilities
- Domain-0 weight=256 cap=0 vcpus=32
- rubbos-hvm weight=256 cap=287 vcpus=3 mac=aa:00:00:00:00:11
- rubis-hvm weight=256 cap=800 vcpus=8 mac=aa:00:00:00:00:10
New scheduling parameters:  weight=256 cap=800 vcpus=8
Currently running VMs
2013-07-25 10:19:10.425+0000: 27028: info : libvirt version: 0.9.8
2013-07-25 10:19:10.425+0000: 27028: warning : xenHypervisorMakeCapabilities:2751 : Failed to get host power management capabilities
- Domain-0 weight=256 cap=0 vcpus=32
- rubbos-hvm weight=256 cap=287 vcpus=3 mac=aa:00:00:00:00:11
- rubis-hvm weight=256 cap=800 vcpus=8 mac=aa:00:00:00:00:10
New scheduling parameters:  weight=256 cap=400 vcpus=4
Currently running VMs
2013-07-25 10:19:21.401+0000: 27176: info : libvirt version: 0.9.8
2013-07-25 10:19:21.401+0000: 27176: warning : xenHypervisorMakeCapabilities:2751 : Failed to get host power management capabilities
- Domain-0 weight=256 cap=0 vcpus=32
- rubbos-hvm weight=256 cap=287 vcpus=3 mac=aa:00:00:00:00:11
- rubis-hvm weight=256 cap=400 vcpus=4 mac=aa:00:00:00:00:10
New scheduling parameters:  weight=256 cap=800 vcpus=8
Currently running VMs
2013-07-25 10:19:32.321+0000: 27224: info : libvirt version: 0.9.8
2013-07-25 10:19:32.321+0000: 27224: warning : xenHypervisorMakeCapabilities:2751 : Failed to get host power management capabilities
- Domain-0 weight=256 cap=0 vcpus=32
- rubbos-hvm weight=256 cap=287 vcpus=3 mac=aa:00:00:00:00:11
- rubis-hvm weight=256 cap=800 vcpus=8 mac=aa:00:00:00:00:10
New scheduling parameters:  weight=256 cap=50 vcpus=1
Currently running VMs
2013-07-25 10:19:43.223+0000: 27272: info : libvirt version: 0.9.8
2013-07-25 10:19:43.223+0000: 27272: warning : xenHypervisorMakeCapabilities:2751 : Failed to get host power management capabilities
- Domain-0 weight=256 cap=0 vcpus=32
- rubbos-hvm weight=256 cap=287 vcpus=3 mac=aa:00:00:00:00:11
- rubis-hvm weight=256 cap=50 vcpus=1 mac=aa:00:00:00:00:10
New scheduling parameters:  weight=256 cap=400 vcpus=4
Currently running VMs
2013-07-25 10:19:54.189+0000: 27320: info : libvirt version: 0.9.8
2013-07-25 10:19:54.189+0000: 27320: warning : xenHypervisorMakeCapabilities:2751 : Failed to get host power management capabilities
- Domain-0 weight=256 cap=0 vcpus=32
- rubbos-hvm weight=256 cap=287 vcpus=3 mac=aa:00:00:00:00:11
- rubis-hvm weight=256 cap=400 vcpus=4 mac=aa:00:00:00:00:10
New scheduling parameters:  weight=256 cap=200 vcpus=2
Currently running VMs
2013-07-25 10:20:05.083+0000: 27368: info : libvirt version: 0.9.8
2013-07-25 10:20:05.083+0000: 27368: warning : xenHypervisorMakeCapabilities:2751 : Failed to get host power management capabilities
- Domain-0 weight=256 cap=0 vcpus=32
- rubbos-hvm weight=256 cap=287 vcpus=3 mac=aa:00:00:00:00:11
- rubis-hvm weight=256 cap=200 vcpus=2 mac=aa:00:00:00:00:10
New scheduling parameters:  weight=256 cap=600 vcpus=6
Currently running VMs
2013-07-25 10:20:16.049+0000: 27416: info : libvirt version: 0.9.8
2013-07-25 10:20:16.049+0000: 27416: warning : xenHypervisorMakeCapabilities:2751 : Failed to get host power management capabilities
- Domain-0 weight=256 cap=0 vcpus=32
- rubbos-hvm weight=256 cap=287 vcpus=3 mac=aa:00:00:00:00:11
- rubis-hvm weight=256 cap=600 vcpus=6 mac=aa:00:00:00:00:10
New scheduling parameters:  weight=256 cap=200 vcpus=2
Currently running VMs
2013-07-25 10:20:26.985+0000: 27464: info : libvirt version: 0.9.8
2013-07-25 10:20:26.985+0000: 27464: warning : xenHypervisorMakeCapabilities:2751 : Failed to get host power management capabilities
- Domain-0 weight=256 cap=0 vcpus=32
- rubbos-hvm weight=256 cap=287 vcpus=3 mac=aa:00:00:00:00:11
- rubis-hvm weight=256 cap=200 vcpus=2 mac=aa:00:00:00:00:10
New scheduling parameters:  weight=256 cap=400 vcpus=4
Currently running VMs
2013-07-25 10:20:37.869+0000: 27512: info : libvirt version: 0.9.8
2013-07-25 10:20:37.869+0000: 27512: warning : xenHypervisorMakeCapabilities:2751 : Failed to get host power management capabilities
- Domain-0 weight=256 cap=0 vcpus=32
- rubbos-hvm weight=256 cap=287 vcpus=3 mac=aa:00:00:00:00:11
- rubis-hvm weight=256 cap=400 vcpus=4 mac=aa:00:00:00:00:10
New scheduling parameters:  weight=256 cap=800 vcpus=8
Currently running VMs
2013-07-25 10:20:48.824+0000: 27560: info : libvirt version: 0.9.8
2013-07-25 10:20:48.824+0000: 27560: warning : xenHypervisorMakeCapabilities:2751 : Failed to get host power management capabilities
- Domain-0 weight=256 cap=0 vcpus=32
- rubbos-hvm weight=256 cap=287 vcpus=3 mac=aa:00:00:00:00:11
- rubis-hvm weight=256 cap=800 vcpus=8 mac=aa:00:00:00:00:10
New scheduling parameters:  weight=256 cap=400 vcpus=4
Currently running VMs
2013-07-25 10:20:59.762+0000: 27608: info : libvirt version: 0.9.8
2013-07-25 10:20:59.762+0000: 27608: warning : xenHypervisorMakeCapabilities:2751 : Failed to get host power management capabilities
- Domain-0 weight=256 cap=0 vcpus=32
- rubbos-hvm weight=256 cap=287 vcpus=3 mac=aa:00:00:00:00:11
- rubis-hvm weight=256 cap=400 vcpus=4 mac=aa:00:00:00:00:10
New scheduling parameters:  weight=256 cap=800 vcpus=8
