1369404246
Currently running VMs
- Domain-0 weight=256 cap=0
- olio-hvm weight=256 cap=0 mac=aa:00:00:00:00:12
- rubbos-hvm weight=256 cap=400 mac=aa:00:00:00:00:11
- rubis-hvm weight=256 cap=400 mac=aa:00:00:00:00:10
New scheduling parameters:  weight=256 cap=400
1369404306
Currently running VMs
- Domain-0 weight=256 cap=0
- olio-hvm weight=256 cap=0 mac=aa:00:00:00:00:12
- rubbos-hvm weight=256 cap=400 mac=aa:00:00:00:00:11
- rubis-hvm weight=256 cap=400 mac=aa:00:00:00:00:10
New scheduling parameters:  weight=256 cap=200
1369404367
Currently running VMs
- Domain-0 weight=256 cap=0
- olio-hvm weight=256 cap=0 mac=aa:00:00:00:00:12
- rubbos-hvm weight=256 cap=400 mac=aa:00:00:00:00:11
- rubis-hvm weight=256 cap=200 mac=aa:00:00:00:00:10
New scheduling parameters:  weight=256 cap=100
1369404427
Currently running VMs
- Domain-0 weight=256 cap=0
- olio-hvm weight=256 cap=0 mac=aa:00:00:00:00:12
- rubbos-hvm weight=256 cap=400 mac=aa:00:00:00:00:11
- rubis-hvm weight=256 cap=100 mac=aa:00:00:00:00:10
New scheduling parameters:  weight=256 cap=50
1369404488
Currently running VMs
- Domain-0 weight=256 cap=0
- olio-hvm weight=256 cap=0 mac=aa:00:00:00:00:12
- rubbos-hvm weight=256 cap=400 mac=aa:00:00:00:00:11
- rubis-hvm weight=256 cap=50 mac=aa:00:00:00:00:10
New scheduling parameters:  weight=256 cap=100
1369404549
Currently running VMs
- Domain-0 weight=256 cap=0
- olio-hvm weight=256 cap=0 mac=aa:00:00:00:00:12
- rubbos-hvm weight=256 cap=400 mac=aa:00:00:00:00:11
- rubis-hvm weight=256 cap=100 mac=aa:00:00:00:00:10
New scheduling parameters:  weight=256 cap=200
1369404609
Currently running VMs
- Domain-0 weight=256 cap=0
- olio-hvm weight=256 cap=0 mac=aa:00:00:00:00:12
- rubbos-hvm weight=256 cap=400 mac=aa:00:00:00:00:11
- rubis-hvm weight=256 cap=200 mac=aa:00:00:00:00:10
New scheduling parameters:  weight=256 cap=400
