1369406240
Currently running VMs
- Domain-0 weight=256 cap=0
- olio-hvm weight=256 cap=0 mac=aa:00:00:00:00:12
- rubbos-hvm weight=256 cap=400 mac=aa:00:00:00:00:11
- rubis-hvm weight=256 cap=400 mac=aa:00:00:00:00:10
New scheduling parameters:  weight=256 cap=400
1369406300
Currently running VMs
- Domain-0 weight=256 cap=0
- olio-hvm weight=256 cap=0 mac=aa:00:00:00:00:12
- rubbos-hvm weight=256 cap=400 mac=aa:00:00:00:00:11
- rubis-hvm weight=256 cap=400 mac=aa:00:00:00:00:10
New scheduling parameters:  weight=256 cap=200
1369406361
Currently running VMs
- Domain-0 weight=256 cap=0
- olio-hvm weight=256 cap=0 mac=aa:00:00:00:00:12
- rubbos-hvm weight=256 cap=400 mac=aa:00:00:00:00:11
- rubis-hvm weight=256 cap=200 mac=aa:00:00:00:00:10
New scheduling parameters:  weight=256 cap=100
1369406421
Currently running VMs
- Domain-0 weight=256 cap=0
- olio-hvm weight=256 cap=0 mac=aa:00:00:00:00:12
- rubbos-hvm weight=256 cap=400 mac=aa:00:00:00:00:11
- rubis-hvm weight=256 cap=100 mac=aa:00:00:00:00:10
New scheduling parameters:  weight=256 cap=50
1369406482
Currently running VMs
- Domain-0 weight=256 cap=0
- olio-hvm weight=256 cap=0 mac=aa:00:00:00:00:12
- rubbos-hvm weight=256 cap=400 mac=aa:00:00:00:00:11
- rubis-hvm weight=256 cap=50 mac=aa:00:00:00:00:10
New scheduling parameters:  weight=256 cap=100
1369406543
Currently running VMs
- Domain-0 weight=256 cap=0
- olio-hvm weight=256 cap=0 mac=aa:00:00:00:00:12
- rubbos-hvm weight=256 cap=400 mac=aa:00:00:00:00:11
- rubis-hvm weight=256 cap=100 mac=aa:00:00:00:00:10
New scheduling parameters:  weight=256 cap=200
1369406603
Currently running VMs
- Domain-0 weight=256 cap=0
- olio-hvm weight=256 cap=0 mac=aa:00:00:00:00:12
- rubbos-hvm weight=256 cap=400 mac=aa:00:00:00:00:11
- rubis-hvm weight=256 cap=200 mac=aa:00:00:00:00:10
New scheduling parameters:  weight=256 cap=400
