1369408009
Currently running VMs
- Domain-0 weight=256 cap=0
- olio-hvm weight=256 cap=0 mac=aa:00:00:00:00:12
- rubbos-hvm weight=256 cap=400 mac=aa:00:00:00:00:11
- rubis-hvm weight=256 cap=200 mac=aa:00:00:00:00:10
New scheduling parameters:  weight=256 cap=400
1369408069
Currently running VMs
- Domain-0 weight=256 cap=0
- olio-hvm weight=256 cap=0 mac=aa:00:00:00:00:12
- rubbos-hvm weight=256 cap=400 mac=aa:00:00:00:00:11
- rubis-hvm weight=256 cap=400 mac=aa:00:00:00:00:10
New scheduling parameters:  weight=256 cap=200
1369408130
Currently running VMs
- Domain-0 weight=256 cap=0
- olio-hvm weight=256 cap=0 mac=aa:00:00:00:00:12
- rubbos-hvm weight=256 cap=400 mac=aa:00:00:00:00:11
- rubis-hvm weight=256 cap=200 mac=aa:00:00:00:00:10
New scheduling parameters:  weight=256 cap=100
1369408190
Currently running VMs
- Domain-0 weight=256 cap=0
- olio-hvm weight=256 cap=0 mac=aa:00:00:00:00:12
- rubbos-hvm weight=256 cap=400 mac=aa:00:00:00:00:11
- rubis-hvm weight=256 cap=100 mac=aa:00:00:00:00:10
New scheduling parameters:  weight=256 cap=50
1369408251
Currently running VMs
- Domain-0 weight=256 cap=0
- olio-hvm weight=256 cap=0 mac=aa:00:00:00:00:12
- rubbos-hvm weight=256 cap=400 mac=aa:00:00:00:00:11
- rubis-hvm weight=256 cap=50 mac=aa:00:00:00:00:10
New scheduling parameters:  weight=256 cap=100
1369408311
Currently running VMs
- Domain-0 weight=256 cap=0
- olio-hvm weight=256 cap=0 mac=aa:00:00:00:00:12
- rubbos-hvm weight=256 cap=400 mac=aa:00:00:00:00:11
- rubis-hvm weight=256 cap=100 mac=aa:00:00:00:00:10
New scheduling parameters:  weight=256 cap=200
1369408372
Currently running VMs
- Domain-0 weight=256 cap=0
- olio-hvm weight=256 cap=0 mac=aa:00:00:00:00:12
- rubbos-hvm weight=256 cap=400 mac=aa:00:00:00:00:11
- rubis-hvm weight=256 cap=200 mac=aa:00:00:00:00:10
New scheduling parameters:  weight=256 cap=400
