Currently running VMs
2013-07-24 10:29:10.733+0000: 9175: info : libvirt version: 0.9.8
2013-07-24 10:29:10.733+0000: 9175: warning : xenHypervisorMakeCapabilities:2751 : Failed to get host power management capabilities
- Domain-0 weight=256 cap=0 vcpus=32
- rubbos-hvm weight=256 cap=287 vcpus=3 mac=aa:00:00:00:00:11
- rubis-hvm weight=256 cap=800 vcpus=8 mac=aa:00:00:00:00:10
New scheduling parameters:  weight=256 cap=800 vcpus=8
Currently running VMs
2013-07-24 10:29:21.689+0000: 9226: info : libvirt version: 0.9.8
2013-07-24 10:29:21.689+0000: 9226: warning : xenHypervisorMakeCapabilities:2751 : Failed to get host power management capabilities
- Domain-0 weight=256 cap=0 vcpus=32
- rubbos-hvm weight=256 cap=287 vcpus=3 mac=aa:00:00:00:00:11
- rubis-hvm weight=256 cap=800 vcpus=8 mac=aa:00:00:00:00:10
New scheduling parameters:  weight=256 cap=325 vcpus=4
Currently running VMs
2013-07-24 10:29:32.645+0000: 9374: info : libvirt version: 0.9.8
2013-07-24 10:29:32.645+0000: 9374: warning : xenHypervisorMakeCapabilities:2751 : Failed to get host power management capabilities
- Domain-0 weight=256 cap=0 vcpus=32
- rubbos-hvm weight=256 cap=287 vcpus=3 mac=aa:00:00:00:00:11
- rubis-hvm weight=256 cap=325 vcpus=4 mac=aa:00:00:00:00:10
New scheduling parameters:  weight=256 cap=625 vcpus=7
Currently running VMs
2013-07-24 10:29:43.547+0000: 9422: info : libvirt version: 0.9.8
2013-07-24 10:29:43.547+0000: 9422: warning : xenHypervisorMakeCapabilities:2751 : Failed to get host power management capabilities
- Domain-0 weight=256 cap=0 vcpus=32
- rubbos-hvm weight=256 cap=287 vcpus=3 mac=aa:00:00:00:00:11
- rubis-hvm weight=256 cap=625 vcpus=7 mac=aa:00:00:00:00:10
New scheduling parameters:  weight=256 cap=650 vcpus=7
Currently running VMs
2013-07-24 10:29:54.459+0000: 9470: info : libvirt version: 0.9.8
2013-07-24 10:29:54.459+0000: 9470: warning : xenHypervisorMakeCapabilities:2751 : Failed to get host power management capabilities
- Domain-0 weight=256 cap=0 vcpus=32
- rubbos-hvm weight=256 cap=287 vcpus=3 mac=aa:00:00:00:00:11
- rubis-hvm weight=256 cap=650 vcpus=6 mac=aa:00:00:00:00:10
New scheduling parameters:  weight=256 cap=200 vcpus=2
Currently running VMs
2013-07-24 10:30:05.381+0000: 9518: info : libvirt version: 0.9.8
2013-07-24 10:30:05.381+0000: 9518: warning : xenHypervisorMakeCapabilities:2751 : Failed to get host power management capabilities
- Domain-0 weight=256 cap=0 vcpus=32
- rubbos-hvm weight=256 cap=287 vcpus=3 mac=aa:00:00:00:00:11
- rubis-hvm weight=256 cap=200 vcpus=2 mac=aa:00:00:00:00:10
New scheduling parameters:  weight=256 cap=425 vcpus=5
Currently running VMs
2013-07-24 10:30:16.277+0000: 9566: info : libvirt version: 0.9.8
2013-07-24 10:30:16.277+0000: 9566: warning : xenHypervisorMakeCapabilities:2751 : Failed to get host power management capabilities
- Domain-0 weight=256 cap=0 vcpus=32
- rubbos-hvm weight=256 cap=287 vcpus=3 mac=aa:00:00:00:00:11
- rubis-hvm weight=256 cap=425 vcpus=5 mac=aa:00:00:00:00:10
New scheduling parameters:  weight=256 cap=385 vcpus=4
Currently running VMs
2013-07-24 10:30:27.237+0000: 9614: info : libvirt version: 0.9.8
2013-07-24 10:30:27.237+0000: 9614: warning : xenHypervisorMakeCapabilities:2751 : Failed to get host power management capabilities
- Domain-0 weight=256 cap=0 vcpus=32
- rubbos-hvm weight=256 cap=287 vcpus=3 mac=aa:00:00:00:00:11
- rubis-hvm weight=256 cap=385 vcpus=4 mac=aa:00:00:00:00:10
New scheduling parameters:  weight=256 cap=525 vcpus=6
Currently running VMs
2013-07-24 10:30:38.134+0000: 9662: info : libvirt version: 0.9.8
2013-07-24 10:30:38.134+0000: 9662: warning : xenHypervisorMakeCapabilities:2751 : Failed to get host power management capabilities
- Domain-0 weight=256 cap=0 vcpus=32
- rubbos-hvm weight=256 cap=287 vcpus=3 mac=aa:00:00:00:00:11
- rubis-hvm weight=256 cap=525 vcpus=6 mac=aa:00:00:00:00:10
New scheduling parameters:  weight=256 cap=575 vcpus=6
Currently running VMs
2013-07-24 10:30:49.131+0000: 9710: info : libvirt version: 0.9.8
2013-07-24 10:30:49.131+0000: 9710: warning : xenHypervisorMakeCapabilities:2751 : Failed to get host power management capabilities
- Domain-0 weight=256 cap=0 vcpus=32
- rubbos-hvm weight=256 cap=287 vcpus=3 mac=aa:00:00:00:00:11
- rubis-hvm weight=256 cap=575 vcpus=6 mac=aa:00:00:00:00:10
New scheduling parameters:  weight=256 cap=600 vcpus=6
Currently running VMs
2013-07-24 10:31:00.073+0000: 9759: info : libvirt version: 0.9.8
2013-07-24 10:31:00.073+0000: 9759: warning : xenHypervisorMakeCapabilities:2751 : Failed to get host power management capabilities
- Domain-0 weight=256 cap=0 vcpus=32
- rubbos-hvm weight=256 cap=287 vcpus=3 mac=aa:00:00:00:00:11
- rubis-hvm weight=256 cap=600 vcpus=6 mac=aa:00:00:00:00:10
New scheduling parameters:  weight=256 cap=250 vcpus=3
Currently running VMs
2013-07-24 10:31:10.994+0000: 9807: info : libvirt version: 0.9.8
2013-07-24 10:31:10.994+0000: 9807: warning : xenHypervisorMakeCapabilities:2751 : Failed to get host power management capabilities
- Domain-0 weight=256 cap=0 vcpus=32
- rubbos-hvm weight=256 cap=287 vcpus=3 mac=aa:00:00:00:00:11
- rubis-hvm weight=256 cap=250 vcpus=3 mac=aa:00:00:00:00:10
New scheduling parameters:  weight=256 cap=800 vcpus=8
