[1371495724.116663] latency=nan:nan:nan:nan:nan:(-nan)ms throughput=0rps rr=-nan% cr=-nan% errors=0 total=0
[1371495725.120687] latency=nan:nan:nan:nan:nan:(-nan)ms throughput=0rps rr=-nan% cr=-nan% errors=0 total=0
[1371495726.124619] latency=nan:nan:nan:nan:nan:(-nan)ms throughput=0rps rr=-nan% cr=-nan% errors=0 total=0
[1371495727.128677] latency=nan:nan:nan:nan:nan:(-nan)ms throughput=0rps rr=-nan% cr=-nan% errors=0 total=0
[1371495728.132659] latency=nan:nan:nan:nan:nan:(-nan)ms throughput=0rps rr=-nan% cr=-nan% errors=0 total=0
[1371495729.136672] latency=nan:nan:nan:nan:nan:(-nan)ms throughput=0rps rr=-nan% cr=-nan% errors=0 total=0
[1371495730.140658] latency=nan:nan:nan:nan:nan:(-nan)ms throughput=0rps rr=-nan% cr=-nan% errors=0 total=0
[1371495731.144680] latency=nan:nan:nan:nan:nan:(-nan)ms throughput=0rps rr=-nan% cr=-nan% errors=0 total=0
[1371495732.148661] latency=nan:nan:nan:nan:nan:(-nan)ms throughput=0rps rr=-nan% cr=-nan% errors=0 total=0
[1371495733.152682] latency=nan:nan:nan:nan:nan:(-nan)ms throughput=0rps rr=-nan% cr=-nan% errors=0 total=0
[1371495734.156687] latency=nan:nan:nan:nan:nan:(-nan)ms throughput=0rps rr=-nan% cr=-nan% errors=0 total=0
[1371495734.156968] set thinktime=3.000000
[1371495734.157053] set concurrency=100
[1371495735.204669] latency=5:9:81:178:386:(112)ms throughput=29rps rr=76.67% cr=0.00% errors=0 total=30
[1371495736.208676] latency=4:6:7:122:281:(68)ms throughput=34rps rr=35.29% cr=0.00% errors=0 total=64
[1371495737.212674] latency=5:6:8:92:189:(49)ms throughput=28rps rr=46.43% cr=0.00% errors=0 total=92
[1371495738.216645] latency=4:6:8:110:223:(55)ms throughput=35rps rr=45.71% cr=0.00% errors=0 total=127
[1371495739.220662] latency=5:5:8:137:265:(75)ms throughput=30rps rr=50.00% cr=0.00% errors=0 total=157
[1371495740.224636] latency=4:5:25:169:300:(87)ms throughput=30rps rr=60.00% cr=0.00% errors=0 total=187
[1371495741.228668] latency=4:5:9:131:219:(73)ms throughput=29rps rr=48.28% cr=0.00% errors=0 total=216
[1371495742.232640] latency=5:5:7:124:260:(64)ms throughput=32rps rr=40.62% cr=0.00% errors=0 total=248
[1371495743.236661] latency=4:5:47:234:547:(148)ms throughput=39rps rr=53.85% cr=0.00% errors=0 total=287
[1371495744.240634] latency=5:5:6:14:236:(44)ms throughput=27rps rr=25.93% cr=0.00% errors=0 total=314
[1371495745.244664] latency=3:5:95:144:222:(83)ms throughput=27rps rr=66.67% cr=0.00% errors=0 total=341
[1371495746.248634] latency=5:6:8:120:252:(65)ms throughput=26rps rr=46.15% cr=0.00% errors=0 total=367
[1371495747.252670] latency=4:5:8:107:217:(56)ms throughput=36rps rr=44.44% cr=0.00% errors=0 total=403
[1371495748.256645] latency=4:6:35:184:239:(86)ms throughput=32rps rr=59.38% cr=0.00% errors=0 total=435
[1371495749.260667] latency=3:5:9:185:313:(84)ms throughput=36rps rr=41.67% cr=0.00% errors=0 total=471
[1371495750.264636] latency=3:5:21:111:230:(63)ms throughput=33rps rr=57.58% cr=0.00% errors=0 total=504
[1371495751.268655] latency=3:5:6:65:250:(39)ms throughput=45rps rr=33.33% cr=0.00% errors=0 total=549
[1371495752.272671] latency=5:8:27:128:204:(64)ms throughput=26rps rr=61.54% cr=0.00% errors=0 total=575
[1371495753.276689] latency=5:5:7:62:212:(47)ms throughput=29rps rr=37.93% cr=0.00% errors=0 total=604
[1371495754.280646] latency=5:5:7:87:228:(62)ms throughput=27rps rr=44.44% cr=0.00% errors=0 total=631
[1371495755.284661] latency=3:6:49:113:244:(67)ms throughput=26rps rr=61.54% cr=0.00% errors=0 total=657
[1371495756.288639] latency=4:5:8:143:233:(67)ms throughput=33rps rr=48.48% cr=0.00% errors=0 total=690
[1371495757.292676] latency=4:7:37:105:214:(66)ms throughput=29rps rr=58.62% cr=0.00% errors=0 total=719
[1371495758.296641] latency=4:5:10:139:252:(67)ms throughput=38rps rr=44.74% cr=0.00% errors=0 total=757
[1371495759.300658] latency=3:5:24:197:301:(91)ms throughput=38rps rr=55.26% cr=0.00% errors=0 total=795
[1371495760.304642] latency=4:5:9:136:328:(79)ms throughput=31rps rr=41.94% cr=0.00% errors=0 total=826
[1371495761.308667] latency=4:6:13:163:374:(87)ms throughput=44rps rr=52.27% cr=0.00% errors=0 total=870
[1371495762.312635] latency=4:5:6:55:251:(53)ms throughput=37rps rr=35.14% cr=0.00% errors=0 total=907
[1371495763.316664] latency=4:5:6:97:214:(62)ms throughput=27rps rr=48.15% cr=0.00% errors=0 total=934
[1371495764.320670] latency=4:5:6:97:162:(45)ms throughput=23rps rr=39.13% cr=0.00% errors=0 total=957
[1371495765.324664] latency=5:6:43:114:186:(64)ms throughput=22rps rr=59.09% cr=0.00% errors=0 total=979
[1371495766.328660] latency=4:5:8:157:248:(70)ms throughput=34rps rr=50.00% cr=0.00% errors=0 total=1013
[1371495767.332663] latency=3:5:8:141:318:(78)ms throughput=35rps rr=51.43% cr=0.00% errors=0 total=1048
[1371495768.336683] latency=5:7:43:168:250:(90)ms throughput=31rps rr=58.06% cr=0.00% errors=0 total=1079
[1371495769.340624] latency=3:6:13:188:308:(93)ms throughput=37rps rr=45.95% cr=0.00% errors=0 total=1116
[1371495770.344651] latency=4:5:7:158:339:(76)ms throughput=36rps rr=50.00% cr=0.00% errors=0 total=1152
[1371495771.348628] latency=3:5:85:156:226:(85)ms throughput=26rps rr=61.54% cr=0.00% errors=0 total=1178
[1371495772.352701] latency=4:5:6:80:206:(46)ms throughput=34rps rr=44.12% cr=0.00% errors=0 total=1212
[1371495773.356671] latency=4:5:8:51:195:(34)ms throughput=24rps rr=33.33% cr=0.00% errors=0 total=1236
[1371495774.360642] latency=4:5:21:147:228:(73)ms throughput=33rps rr=57.58% cr=0.00% errors=0 total=1269
[1371495775.364651] latency=5:6:87:130:228:(79)ms throughput=23rps rr=60.87% cr=0.00% errors=0 total=1292
[1371495776.368638] latency=4:5:9:135:239:(70)ms throughput=33rps rr=48.48% cr=0.00% errors=0 total=1325
[1371495777.372690] latency=4:5:46:194:298:(99)ms throughput=35rps rr=57.14% cr=0.00% errors=0 total=1360
[1371495778.376651] latency=4:5:7:68:235:(46)ms throughput=32rps rr=34.38% cr=0.00% errors=0 total=1392
[1371495779.380647] latency=4:6:179:240:352:(147)ms throughput=31rps rr=70.97% cr=0.00% errors=0 total=1423
[1371495780.384638] latency=4:5:7:93:226:(57)ms throughput=38rps rr=42.11% cr=0.00% errors=0 total=1461
[1371495781.388651] latency=4:6:20:182:499:(104)ms throughput=41rps rr=48.78% cr=0.00% errors=0 total=1502
[1371495782.392640] latency=3:5:6:90:259:(51)ms throughput=27rps rr=40.74% cr=0.00% errors=0 total=1529
[1371495783.396660] latency=3:5:39:332:601:(160)ms throughput=44rps rr=56.82% cr=0.00% errors=0 total=1573
[1371495784.400646] latency=4:5:55:156:235:(86)ms throughput=28rps rr=50.00% cr=0.00% errors=0 total=1601
[1371495785.404655] latency=5:5:15:141:293:(82)ms throughput=31rps rr=45.16% cr=0.00% errors=0 total=1632
[1371495786.408644] latency=3:6:76:248:501:(134)ms throughput=37rps rr=64.86% cr=0.00% errors=0 total=1669
[1371495787.412684] latency=5:5:26:140:250:(72)ms throughput=29rps rr=51.72% cr=0.00% errors=0 total=1698
[1371495788.416644] latency=3:8:45:194:381:(112)ms throughput=40rps rr=62.50% cr=0.00% errors=0 total=1738
[1371495789.420655] latency=5:5:8:194:289:(88)ms throughput=30rps rr=40.00% cr=0.00% errors=0 total=1768
[1371495790.424682] latency=4:5:21:164:323:(87)ms throughput=40rps rr=50.00% cr=0.00% errors=0 total=1808
[1371495791.428647] latency=4:5:6:65:238:(48)ms throughput=34rps rr=44.12% cr=0.00% errors=0 total=1842
[1371495792.432640] latency=4:5:7:96:245:(49)ms throughput=36rps rr=44.44% cr=0.00% errors=0 total=1878
[1371495793.436651] latency=3:5:8:139:259:(70)ms throughput=37rps rr=45.95% cr=0.00% errors=0 total=1915
[1371495794.440645] latency=4:5:65:183:437:(111)ms throughput=32rps rr=59.38% cr=0.00% errors=0 total=1947
[1371495795.444646] latency=4:5:7:170:254:(79)ms throughput=28rps rr=50.00% cr=0.00% errors=0 total=1975
[1371495796.448643] latency=4:5:6:97:221:(53)ms throughput=28rps rr=46.43% cr=0.00% errors=0 total=2003
[1371495797.452660] latency=4:5:38:120:221:(69)ms throughput=33rps rr=54.55% cr=0.00% errors=0 total=2036
[1371495798.456649] latency=4:5:7:148:246:(67)ms throughput=32rps rr=46.88% cr=0.00% errors=0 total=2068
[1371495799.460687] latency=4:6:26:141:230:(73)ms throughput=29rps rr=51.72% cr=0.00% errors=0 total=2097
[1371495800.464644] latency=4:5:7:90:208:(50)ms throughput=34rps rr=35.29% cr=0.00% errors=0 total=2131
[1371495801.468655] latency=4:5:5:7:184:(22)ms throughput=35rps rr=25.71% cr=0.00% errors=0 total=2166
[1371495802.472642] latency=5:5:55:148:290:(86)ms throughput=27rps rr=55.56% cr=0.00% errors=0 total=2193
[1371495803.476641] latency=3:5:8:99:209:(52)ms throughput=35rps rr=40.00% cr=0.00% errors=0 total=2228
[1371495804.480642] latency=3:6:64:194:298:(103)ms throughput=34rps rr=64.71% cr=0.00% errors=0 total=2262
[1371495805.484657] latency=4:7:89:216:325:(115)ms throughput=32rps rr=59.38% cr=0.00% errors=0 total=2294
[1371495806.488690] latency=4:5:26:154:295:(74)ms throughput=45rps rr=53.33% cr=0.00% errors=0 total=2339
[1371495807.492650] latency=5:5:11:100:235:(61)ms throughput=30rps rr=46.67% cr=0.00% errors=0 total=2369
[1371495808.496631] latency=4:5:7:121:245:(56)ms throughput=38rps rr=42.11% cr=0.00% errors=0 total=2407
[1371495809.500653] latency=4:5:30:154:245:(75)ms throughput=24rps rr=54.17% cr=0.00% errors=0 total=2431
[1371495810.504632] latency=4:5:6:106:211:(47)ms throughput=34rps rr=44.12% cr=0.00% errors=0 total=2465
[1371495811.508645] latency=4:6:57:135:227:(73)ms throughput=24rps rr=58.33% cr=0.00% errors=0 total=2489
[1371495812.512635] latency=4:6:39:143:319:(84)ms throughput=33rps rr=54.55% cr=0.00% errors=0 total=2522
[1371495813.516658] latency=4:5:6:90:240:(54)ms throughput=36rps rr=36.11% cr=0.00% errors=0 total=2558
[1371495814.520636] latency=3:8:78:190:330:(112)ms throughput=38rps rr=63.16% cr=0.00% errors=0 total=2596
[1371495815.524650] latency=3:5:21:272:469:(123)ms throughput=40rps rr=45.00% cr=0.00% errors=0 total=2636
[1371495816.528626] latency=4:5:6:55:236:(46)ms throughput=31rps rr=35.48% cr=0.00% errors=0 total=2667
[1371495817.532693] latency=4:6:62:188:397:(114)ms throughput=34rps rr=67.65% cr=0.00% errors=0 total=2701
[1371495818.536666] latency=4:5:8:124:234:(71)ms throughput=31rps rr=51.61% cr=0.00% errors=0 total=2732
[1371495819.540636] latency=4:5:11:93:260:(62)ms throughput=31rps rr=45.16% cr=0.00% errors=0 total=2763
[1371495820.544627] latency=4:5:9:139:231:(70)ms throughput=34rps rr=47.06% cr=0.00% errors=0 total=2797
[1371495821.548657] latency=4:5:8:139:277:(74)ms throughput=33rps rr=45.45% cr=0.00% errors=0 total=2830
[1371495822.552627] latency=4:5:6:100:231:(62)ms throughput=31rps rr=48.39% cr=0.00% errors=0 total=2861
[1371495823.556690] latency=3:8:50:108:265:(73)ms throughput=34rps rr=67.65% cr=0.00% errors=0 total=2895
[1371495824.560630] latency=4:5:6:109:192:(49)ms throughput=29rps rr=37.93% cr=0.00% errors=0 total=2924
[1371495825.564655] latency=5:5:8:96:225:(55)ms throughput=24rps rr=45.83% cr=0.00% errors=0 total=2948
[1371495826.568634] latency=5:5:6:81:227:(49)ms throughput=30rps rr=33.33% cr=0.00% errors=0 total=2978
[1371495827.572660] latency=5:5:19:140:238:(66)ms throughput=29rps rr=51.72% cr=0.00% errors=0 total=3007
[1371495828.576632] latency=4:5:6:108:248:(54)ms throughput=35rps rr=42.86% cr=0.00% errors=0 total=3042
[1371495829.580652] latency=4:5:37:135:282:(73)ms throughput=33rps rr=63.64% cr=0.00% errors=0 total=3075
[1371495830.584636] latency=3:5:72:172:329:(97)ms throughput=36rps rr=61.11% cr=0.00% errors=0 total=3111
[1371495831.588652] latency=5:5:47:179:272:(93)ms throughput=27rps rr=55.56% cr=0.00% errors=0 total=3138
[1371495832.592581] latency=3:6:36:124:228:(71)ms throughput=29rps rr=62.07% cr=0.00% errors=0 total=3167
[1371495833.596656] latency=4:5:6:144:230:(72)ms throughput=31rps rr=45.16% cr=0.00% errors=0 total=3198
[1371495834.600693] latency=4:5:9:118:228:(65)ms throughput=39rps rr=48.72% cr=0.00% errors=0 total=3237
[1371495835.604677] latency=4:5:8:47:232:(52)ms throughput=34rps rr=38.24% cr=0.00% errors=0 total=3271
[1371495836.608629] latency=3:4:94:225:484:(129)ms throughput=27rps rr=55.56% cr=0.00% errors=0 total=3298
[1371495837.612649] latency=3:5:10:224:580:(134)ms throughput=39rps rr=43.59% cr=0.00% errors=0 total=3337
[1371495838.616624] latency=3:4:8:162:213:(67)ms throughput=24rps rr=45.83% cr=0.00% errors=0 total=3361
[1371495839.620650] latency=4:5:8:66:348:(57)ms throughput=28rps rr=28.57% cr=0.00% errors=0 total=3389
[1371495840.624626] latency=3:4:8:380:573:(163)ms throughput=26rps rr=34.62% cr=0.00% errors=0 total=3415
[1371495841.628650] latency=4:6:46:631:1282:(267)ms throughput=26rps rr=34.62% cr=0.00% errors=0 total=3441
[1371495842.632620] latency=4:24:482:1430:1956:(687)ms throughput=31rps rr=61.29% cr=0.00% errors=0 total=3472
[1371495843.636651] latency=4:10:499:1014:1851:(593)ms throughput=30rps rr=66.67% cr=0.00% errors=0 total=3502
[1371495844.640626] latency=3:6:106:202:1045:(178)ms throughput=32rps rr=59.38% cr=0.00% errors=0 total=3534
[1371495845.644649] latency=3:4:6:65:182:(41)ms throughput=31rps rr=45.16% cr=0.00% errors=0 total=3565
[1371495846.648631] latency=4:5:11:450:1218:(248)ms throughput=30rps rr=40.00% cr=0.00% errors=0 total=3595
[1371495847.652636] latency=4:6:123:584:1067:(285)ms throughput=33rps rr=54.55% cr=0.00% errors=0 total=3628
[1371495848.656666] latency=4:4:13:305:543:(132)ms throughput=33rps rr=45.45% cr=0.00% errors=0 total=3661
[1371495849.660649] latency=3:4:48:133:272:(72)ms throughput=26rps rr=53.85% cr=0.00% errors=0 total=3687
[1371495850.664620] latency=4:5:13:206:606:(122)ms throughput=38rps rr=44.74% cr=0.00% errors=0 total=3725
[1371495851.668639] latency=3:5:9:138:501:(100)ms throughput=33rps rr=39.39% cr=0.00% errors=0 total=3758
[1371495852.672625] latency=4:5:7:187:405:(95)ms throughput=27rps rr=40.74% cr=0.00% errors=0 total=3785
[1371495853.676649] latency=3:4:7:319:881:(219)ms throughput=26rps rr=42.31% cr=0.00% errors=0 total=3811
[1371495854.680664] latency=4:5:14:167:708:(124)ms throughput=36rps rr=41.67% cr=0.00% errors=0 total=3847
[1371495855.684641] latency=4:6:12:29:679:(71)ms throughput=31rps rr=32.26% cr=0.00% errors=0 total=3878
[1371495856.688624] latency=3:16:96:534:1492:(371)ms throughput=27rps rr=51.85% cr=0.00% errors=0 total=3905
[1371495857.692649] latency=4:12:181:1113:2236:(535)ms throughput=25rps rr=56.00% cr=0.00% errors=0 total=3930
[1371495858.696634] latency=3:6:112:1641:2373:(742)ms throughput=27rps rr=55.56% cr=0.00% errors=0 total=3957
[1371495859.700649] latency=4:7:43:783:1679:(376)ms throughput=40rps rr=45.00% cr=0.00% errors=0 total=3997
[1371495860.704626] latency=3:7:36:790:1881:(436)ms throughput=29rps rr=44.83% cr=0.00% errors=0 total=4026
[1371495861.708654] latency=4:7:260:1014:1891:(575)ms throughput=30rps rr=70.00% cr=0.00% errors=0 total=4056
[1371495862.712633] latency=4:6:209:693:1220:(380)ms throughput=22rps rr=59.09% cr=0.00% errors=0 total=4078
[1371495863.716638] latency=4:5:113:530:1163:(278)ms throughput=39rps rr=56.41% cr=0.00% errors=0 total=4117
[1371495864.720632] latency=3:4:6:118:362:(71)ms throughput=31rps rr=51.61% cr=0.00% errors=0 total=4148
[1371495865.724645] latency=3:6:11:37:709:(109)ms throughput=34rps rr=29.41% cr=0.00% errors=0 total=4182
[1371495866.728633] latency=3:6:26:827:1306:(352)ms throughput=31rps rr=48.39% cr=0.00% errors=0 total=4213
[1371495867.732641] latency=4:8:17:225:1274:(172)ms throughput=35rps rr=42.86% cr=0.00% errors=0 total=4248
[1371495868.736626] latency=4:8:180:1533:2157:(715)ms throughput=26rps rr=50.00% cr=0.00% errors=0 total=4274
[1371495869.740651] latency=4:17:128:789:1923:(423)ms throughput=27rps rr=59.26% cr=0.00% errors=0 total=4301
[1371495870.744626] latency=4:27:132:921:2578:(609)ms throughput=23rps rr=52.17% cr=0.00% errors=0 total=4324
[1371495871.748640] latency=4:5:10:2110:3117:(930)ms throughput=24rps rr=37.50% cr=0.00% errors=0 total=4348
[1371495872.752629] latency=4:22:851:1982:2974:(1057)ms throughput=33rps rr=60.61% cr=0.00% errors=0 total=4381
[1371495873.756646] latency=4:10:831:1614:2373:(918)ms throughput=21rps rr=71.43% cr=0.00% errors=0 total=4402
[1371495874.760625] latency=3:4:8:626:1000:(268)ms throughput=26rps rr=38.46% cr=0.00% errors=0 total=4428
[1371495875.764651] latency=3:8:22:408:1482:(278)ms throughput=38rps rr=44.74% cr=0.00% errors=0 total=4466
[1371495876.768632] latency=4:5:62:520:1432:(316)ms throughput=39rps rr=56.41% cr=0.00% errors=0 total=4505
[1371495877.772663] latency=4:7:13:341:778:(162)ms throughput=30rps rr=36.67% cr=0.00% errors=0 total=4535
[1371495878.776634] latency=3:7:176:757:1062:(354)ms throughput=27rps rr=55.56% cr=0.00% errors=0 total=4562
[1371495879.780651] latency=3:4:13:32:839:(123)ms throughput=31rps rr=25.81% cr=0.00% errors=0 total=4593
[1371495880.784639] latency=4:9:190:848:1374:(467)ms throughput=30rps rr=56.67% cr=0.00% errors=0 total=4623
[1371495881.788651] latency=3:4:10:460:1187:(245)ms throughput=39rps rr=43.59% cr=0.00% errors=0 total=4662
[1371495882.792632] latency=4:6:15:69:425:(66)ms throughput=27rps rr=48.15% cr=0.00% errors=0 total=4689
[1371495883.796648] latency=4:6:235:475:764:(267)ms throughput=24rps rr=54.17% cr=0.00% errors=0 total=4713
[1371495884.800625] latency=4:5:14:107:656:(80)ms throughput=31rps rr=45.16% cr=0.00% errors=0 total=4744
[1371495885.804660] latency=4:5:22:210:483:(110)ms throughput=28rps rr=50.00% cr=0.00% errors=0 total=4772
[1371495886.808626] latency=4:5:6:18:525:(61)ms throughput=26rps rr=26.92% cr=0.00% errors=0 total=4798
[1371495887.812647] latency=4:6:115:451:688:(211)ms throughput=32rps rr=59.38% cr=0.00% errors=0 total=4830
[1371495888.816625] latency=4:5:6:99:332:(71)ms throughput=27rps rr=44.44% cr=0.00% errors=0 total=4857
[1371495889.820656] latency=4:5:13:188:507:(100)ms throughput=24rps rr=41.67% cr=0.00% errors=0 total=4881
[1371495890.824633] latency=3:5:10:300:594:(161)ms throughput=29rps rr=48.28% cr=0.00% errors=0 total=4910
[1371495891.828650] latency=3:5:8:182:408:(89)ms throughput=39rps rr=41.03% cr=0.00% errors=0 total=4949
[1371495892.832629] latency=3:4:7:166:648:(108)ms throughput=25rps rr=36.00% cr=0.00% errors=0 total=4974
[1371495893.836652] latency=4:4:30:858:1530:(432)ms throughput=27rps rr=44.44% cr=0.00% errors=0 total=5001
[1371495894.840630] latency=4:20:343:1289:2147:(710)ms throughput=25rps rr=64.00% cr=0.00% errors=0 total=5026
[1371495895.844657] latency=4:5:141:418:1784:(361)ms throughput=35rps rr=62.86% cr=0.00% errors=0 total=5061
[1371495896.848630] latency=4:5:17:191:377:(98)ms throughput=24rps rr=50.00% cr=0.00% errors=0 total=5085
[1371495897.852648] latency=4:5:6:147:422:(74)ms throughput=24rps rr=29.17% cr=0.00% errors=0 total=5109
[1371495898.856635] latency=4:5:18:368:686:(189)ms throughput=25rps rr=48.00% cr=0.00% errors=0 total=5134
[1371495899.860641] latency=4:7:132:206:281:(121)ms throughput=16rps rr=62.50% cr=0.00% errors=0 total=5150
[1371495900.864646] latency=4:6:14:164:686:(110)ms throughput=26rps rr=50.00% cr=0.00% errors=0 total=5176
[1371495901.868660] latency=4:18:43:770:1383:(382)ms throughput=20rps rr=40.00% cr=0.00% errors=0 total=5196
[1371495902.872628] latency=4:5:25:936:1694:(455)ms throughput=24rps rr=41.67% cr=0.00% errors=0 total=5220
[1371495903.876641] latency=4:7:820:1560:2512:(894)ms throughput=31rps rr=58.06% cr=0.00% errors=0 total=5251
[1371495904.880631] latency=3:18:317:2100:2652:(962)ms throughput=16rps rr=50.00% cr=0.00% errors=0 total=5267
[1371495905.884653] latency=4:30:125:1525:2517:(692)ms throughput=18rps rr=44.44% cr=0.00% errors=0 total=5285
[1371495906.888627] latency=3:28:930:2379:3134:(1239)ms throughput=30rps rr=63.33% cr=0.00% errors=0 total=5315
[1371495907.892652] latency=4:6:64:1105:3466:(752)ms throughput=33rps rr=45.45% cr=0.00% errors=0 total=5348
[1371495908.896632] latency=4:19:131:1154:3174:(720)ms throughput=32rps rr=50.00% cr=0.00% errors=0 total=5380
[1371495909.900648] latency=4:6:41:1199:2903:(591)ms throughput=22rps rr=31.82% cr=0.00% errors=0 total=5402
[1371495910.904646] latency=4:40:82:2115:3200:(817)ms throughput=28rps rr=42.86% cr=0.00% errors=0 total=5430
[1371495911.908646] latency=4:4:534:2279:3574:(1134)ms throughput=23rps rr=52.17% cr=0.00% errors=0 total=5453
[1371495912.912645] latency=4:28:115:2551:3720:(1040)ms throughput=37rps rr=45.95% cr=0.00% errors=0 total=5490
[1371495913.916648] latency=4:7:536:2585:3834:(1303)ms throughput=21rps rr=61.90% cr=0.00% errors=0 total=5511
[1371495914.920636] latency=4:9:137:1890:3868:(1002)ms throughput=37rps rr=54.05% cr=0.00% errors=0 total=5548
[1371495915.924657] latency=4:5:37:81:1734:(261)ms throughput=19rps rr=31.58% cr=0.00% errors=0 total=5567
[1371495916.928629] latency=4:7:131:1577:2990:(819)ms throughput=35rps rr=48.57% cr=0.00% errors=0 total=5602
[1371495917.932651] latency=4:4:51:1235:3901:(647)ms throughput=25rps rr=32.00% cr=0.00% errors=0 total=5627
[1371495918.936627] latency=4:6:69:2288:3753:(1062)ms throughput=29rps rr=41.38% cr=0.00% errors=0 total=5656
[1371495919.940649] latency=3:8:231:1894:4432:(1126)ms throughput=30rps rr=53.33% cr=0.00% errors=0 total=5686
[1371495920.944634] latency=4:23:152:2528:4426:(1252)ms throughput=37rps rr=54.05% cr=0.00% errors=0 total=5723
[1371495921.948660] latency=4:26:120:1742:4476:(976)ms throughput=26rps rr=46.15% cr=0.00% errors=0 total=5749
[1371495922.952635] latency=4:8:25:1223:4471:(705)ms throughput=27rps rr=33.33% cr=0.00% errors=0 total=5776
[1371495923.956873] latency=4:20:75:2705:3590:(1049)ms throughput=18rps rr=44.44% cr=0.00% errors=0 total=5794
[1371495924.960807] latency=4:68:2054:3066:4891:(1747)ms throughput=31rps rr=74.19% cr=0.00% errors=0 total=5825
[1371495925.964667] latency=4:23:789:2480:4301:(1361)ms throughput=31rps rr=58.06% cr=0.00% errors=0 total=5856
[1371495926.968640] latency=4:12:53:1100:3464:(675)ms throughput=34rps rr=55.88% cr=0.00% errors=0 total=5890
[1371495927.972660] latency=4:15:76:697:2198:(544)ms throughput=28rps rr=53.57% cr=0.00% errors=0 total=5918
[1371495928.976656] latency=4:25:427:1072:2204:(582)ms throughput=30rps rr=63.33% cr=0.00% errors=0 total=5948
[1371495929.980653] latency=3:4:41:891:2494:(547)ms throughput=29rps rr=41.38% cr=0.00% errors=0 total=5977
[1371495930.984642] latency=4:5:21:1038:2430:(463)ms throughput=26rps rr=34.62% cr=0.00% errors=0 total=6003
[1371495931.988674] latency=4:4:20:1578:2688:(669)ms throughput=30rps rr=40.00% cr=0.00% errors=0 total=6033
[1371495932.992657] latency=4:8:126:1540:2928:(753)ms throughput=33rps rr=45.45% cr=0.00% errors=0 total=6066
[1371495933.996652] latency=4:6:88:2310:2930:(1118)ms throughput=15rps rr=53.33% cr=0.00% errors=0 total=6081
[1371495935.000694] latency=3:18:610:1403:3849:(963)ms throughput=24rps rr=58.33% cr=0.00% errors=0 total=6105
[1371495936.004681] latency=4:22:1575:2953:4117:(1548)ms throughput=25rps rr=64.00% cr=0.00% errors=0 total=6130
[1371495937.008652] latency=4:172:333:474:3885:(749)ms throughput=19rps rr=31.58% cr=0.00% errors=0 total=6149
[1371495938.012652] latency=4:14:151:427:3405:(559)ms throughput=13rps rr=23.08% cr=0.00% errors=0 total=6162
[1371495939.016636] latency=5:59:141:389:3581:(817)ms throughput=14rps rr=28.57% cr=0.00% errors=0 total=6176
[1371495940.020689] latency=12:107:254:449:477:(259)ms throughput=6rps rr=16.67% cr=0.00% errors=0 total=6182
[1371495941.024678] latency=5:40:91:2826:3478:(1175)ms throughput=8rps rr=37.50% cr=0.00% errors=0 total=6190
[1371495942.028676] latency=3:5:143:435:6625:(896)ms throughput=20rps rr=30.00% cr=0.00% errors=0 total=6210
[1371495943.032641] latency=4:36:168:7114:9283:(2991)ms throughput=8rps rr=37.50% cr=0.00% errors=0 total=6218
[1371495944.036687] latency=34:234:349:960:10001:(1640)ms throughput=8rps rr=0.00% cr=0.00% errors=1 total=6226
[1371495945.040679] latency=280:329:9284:10002:10002:(6530)ms throughput=6rps rr=16.67% cr=0.00% errors=3 total=6232
[1371495946.044688] latency=400:10001:10001:10002:10002:(9041)ms throughput=10rps rr=0.00% cr=0.00% errors=9 total=6242
[1371495947.048602] latency=3:49:1311:10001:10002:(4821)ms throughput=15rps rr=0.00% cr=0.00% errors=7 total=6257
[1371495948.052682] latency=319:770:2855:10002:10002:(5234)ms throughput=15rps rr=6.67% cr=0.00% errors=7 total=6272
[1371495949.056647] latency=373:753:1168:10002:10002:(4502)ms throughput=10rps rr=0.00% cr=0.00% errors=4 total=6282
[1371495950.060659] latency=4:567:5275:10001:10002:(5236)ms throughput=16rps rr=6.25% cr=0.00% errors=7 total=6298
[1371495951.064629] latency=4:957:10001:10001:10001:(6099)ms throughput=12rps rr=0.00% cr=0.00% errors=7 total=6310
[1371495952.068646] latency=488:1308:1894:10001:10002:(4976)ms throughput=19rps rr=10.53% cr=0.00% errors=7 total=6329
[1371495953.072639] latency=4:361:10001:10002:10002:(5694)ms throughput=13rps rr=7.69% cr=0.00% errors=7 total=6342
[1371495954.076649] latency=306:1914:10000:10001:10002:(6924)ms throughput=13rps rr=7.69% cr=0.00% errors=8 total=6355
[1371495955.080633] latency=404:1173:2627:10001:10002:(4995)ms throughput=5rps rr=20.00% cr=0.00% errors=2 total=6360
[1371495956.084685] latency=522:847:10000:10001:10002:(6102)ms throughput=7rps rr=0.00% cr=0.00% errors=4 total=6367
[1371495957.088674] latency=1717:3648:5913:8124:10002:(5886)ms throughput=4rps rr=50.00% cr=0.00% errors=1 total=6371
[1371495958.092651] latency=28:219:7704:10002:10002:(5634)ms throughput=16rps rr=6.25% cr=0.00% errors=8 total=6387
[1371495959.096634] latency=4:917:2121:10001:10002:(5001)ms throughput=11rps rr=18.18% cr=0.00% errors=4 total=6398
[1371495960.100646] latency=3:64:10000:10002:10002:(5748)ms throughput=7rps rr=0.00% cr=0.00% errors=4 total=6405
[1371495961.104637] latency=4:285:10001:10002:10002:(6363)ms throughput=16rps rr=0.00% cr=0.00% errors=10 total=6421
[1371495962.108646] latency=5:1303:3399:10001:10002:(4929)ms throughput=22rps rr=4.55% cr=0.00% errors=8 total=6443
[1371495963.112631] latency=5:1606:10001:10002:10002:(6653)ms throughput=8rps rr=0.00% cr=0.00% errors=5 total=6451
[1371495964.116685] latency=5:4075:10000:10001:10002:(7270)ms throughput=8rps rr=12.50% cr=0.00% errors=5 total=6459
[1371495965.120638] latency=4:243:1552:10001:10002:(4517)ms throughput=12rps rr=0.00% cr=0.00% errors=5 total=6471
[1371495966.124658] latency=1171:4805:10001:10002:10002:(7460)ms throughput=9rps rr=0.00% cr=0.00% errors=5 total=6480
[1371495967.128633] latency=8:328:1829:10000:10002:(3735)ms throughput=21rps rr=4.76% cr=0.00% errors=6 total=6501
[1371495968.132686] latency=36:70:2615:10001:10002:(4245)ms throughput=10rps rr=0.00% cr=0.00% errors=3 total=6511
[1371495969.136678] latency=34:402:3598:10001:10002:(4755)ms throughput=8rps rr=0.00% cr=0.00% errors=3 total=6519
[1371495970.140652] latency=74:182:8742:10001:10002:(6290)ms throughput=6rps rr=0.00% cr=0.00% errors=3 total=6525
[1371495971.144682] latency=56:1566:9685:10002:10002:(6273)ms throughput=12rps rr=0.00% cr=0.00% errors=6 total=6537
[1371495972.148646] latency=9:2187:6209:10002:10002:(6174)ms throughput=19rps rr=5.26% cr=0.00% errors=8 total=6556
[1371495973.152635] latency=7235:10000:10001:10001:10002:(9484)ms throughput=10rps rr=10.00% cr=0.00% errors=8 total=6566
[1371495974.156691] latency=1827:3410:10001:10002:10002:(7036)ms throughput=7rps rr=0.00% cr=0.00% errors=4 total=6573
[1371495975.160673] latency=57:1601:7282:10002:10002:(5933)ms throughput=12rps rr=0.00% cr=0.00% errors=6 total=6585
[1371495976.164622] latency=6:10000:10002:10002:10002:(8045)ms throughput=10rps rr=0.00% cr=0.00% errors=8 total=6595
[1371495977.168636] latency=13:115:2173:10001:10002:(4348)ms throughput=14rps rr=7.14% cr=0.00% errors=5 total=6609
[1371495978.172688] latency=6:6321:10002:10002:10002:(8073)ms throughput=9rps rr=0.00% cr=0.00% errors=7 total=6618
[1371495979.176633] latency=1189:1884:5173:8093:10002:(5374)ms throughput=19rps rr=0.00% cr=0.00% errors=4 total=6637
[1371495980.180642] latency=1583:4972:10000:10002:10002:(7760)ms throughput=6rps rr=0.00% cr=0.00% errors=4 total=6643
[1371495981.184638] latency=1645:2093:10001:10002:10002:(7678)ms throughput=7rps rr=0.00% cr=0.00% errors=5 total=6650
[1371495982.188683] latency=5535:7767:10000:10002:10002:(9108)ms throughput=5rps rr=0.00% cr=0.00% errors=4 total=6655
[1371495983.192682] latency=9:2377:4058:8058:10002:(4865)ms throughput=26rps rr=3.85% cr=0.00% errors=6 total=6681
[1371495984.196646] latency=226:498:1932:10001:10001:(4586)ms throughput=5rps rr=0.00% cr=0.00% errors=2 total=6686
[1371495985.200640] latency=464:5105:10000:10002:10002:(7430)ms throughput=16rps rr=0.00% cr=0.00% errors=9 total=6702
[1371495986.204686] latency=395:2807:10001:10002:10002:(6613)ms throughput=9rps rr=0.00% cr=0.00% errors=5 total=6711
[1371495987.208633] latency=1274:2043:10001:10002:10002:(7263)ms throughput=9rps rr=0.00% cr=0.00% errors=6 total=6720
[1371495988.212690] latency=14:1218:2537:10002:10002:(4179)ms throughput=10rps rr=0.00% cr=0.00% errors=3 total=6730
[1371495989.216649] latency=44:63:2534:10001:10002:(4719)ms throughput=9rps rr=0.00% cr=0.00% errors=3 total=6739
[1371495990.220664] latency=9:2568:4462:10001:10002:(5579)ms throughput=14rps rr=0.00% cr=0.00% errors=6 total=6753
[1371495991.224681] latency=56:2301:10001:10002:10002:(6833)ms throughput=8rps rr=0.00% cr=0.00% errors=5 total=6761
[1371495992.228694] latency=646:2119:5718:7684:10002:(5442)ms throughput=22rps rr=4.55% cr=0.00% errors=4 total=6783
[1371495993.232647] latency=1079:1624:3563:10001:10001:(5182)ms throughput=8rps rr=0.00% cr=0.00% errors=3 total=6791
[1371495994.236695] latency=5:256:1256:10002:10002:(4368)ms throughput=20rps rr=5.00% cr=0.00% errors=8 total=6811
[1371495995.240676] latency=773:10001:10001:10002:10002:(8463)ms throughput=6rps rr=0.00% cr=0.00% errors=5 total=6817
[1371495996.244656] latency=230:5120:10001:10002:10002:(7831)ms throughput=9rps rr=0.00% cr=0.00% errors=7 total=6826
[1371495997.248646] latency=6:6:5004:10002:10002:(5004)ms throughput=2rps rr=0.00% cr=0.00% errors=1 total=6828
[1371495998.252696] latency=376:2099:2749:6245:10002:(4347)ms throughput=19rps rr=5.26% cr=0.00% errors=4 total=6847
[1371495999.256642] latency=188:188:206:224:224:(206)ms throughput=2rps rr=0.00% cr=0.00% errors=0 total=6849
[1371496000.260656] latency=990:2215:5842:10002:10002:(5967)ms throughput=10rps rr=20.00% cr=0.00% errors=4 total=6859
[1371496001.264683] latency=7:3059:10001:10002:10002:(7725)ms throughput=15rps rr=6.67% cr=0.00% errors=11 total=6874
[1371496002.268656] latency=1324:6383:10001:10002:10002:(8128)ms throughput=13rps rr=0.00% cr=0.00% errors=8 total=6887
[1371496003.272640] latency=2715:3357:10001:10001:10002:(7771)ms throughput=14rps rr=14.29% cr=0.00% errors=9 total=6901
[1371496004.276657] latency=5:1722:7191:10000:10002:(5975)ms throughput=10rps rr=30.00% cr=0.00% errors=4 total=6911
[1371496005.280643] latency=1920:10001:10001:10002:10002:(9193)ms throughput=10rps rr=0.00% cr=0.00% errors=9 total=6921
[1371496006.284659] latency=4:1542:3237:10001:10002:(4859)ms throughput=9rps rr=0.00% cr=0.00% errors=3 total=6930
[1371496007.288639] latency=5:167:10000:10002:10002:(6293)ms throughput=8rps rr=0.00% cr=0.00% errors=5 total=6938
[1371496008.292678] latency=5:123:7749:10002:10002:(5938)ms throughput=6rps rr=0.00% cr=0.00% errors=3 total=6944
[1371496009.296648] latency=10:2844:10001:10002:10002:(6963)ms throughput=8rps rr=0.00% cr=0.00% errors=5 total=6952
[1371496010.300694] latency=14:8811:10001:10001:10002:(8455)ms throughput=8rps rr=0.00% cr=0.00% errors=6 total=6960
[1371496011.304694] latency=6:7441:10002:10002:10002:(7911)ms throughput=12rps rr=16.67% cr=0.00% errors=8 total=6972
[1371496012.308693] latency=176:299:1600:10002:10002:(4341)ms throughput=14rps rr=0.00% cr=0.00% errors=5 total=6986
[1371496013.312657] latency=603:2917:5160:9083:10002:(5667)ms throughput=18rps rr=5.56% cr=0.00% errors=3 total=7004
[1371496014.316665] latency=1113:2456:6355:10001:10002:(5816)ms throughput=23rps rr=4.35% cr=0.00% errors=7 total=7027
[1371496015.320653] latency=1754:2188:10001:10001:10002:(7349)ms throughput=9rps rr=0.00% cr=0.00% errors=6 total=7036
[1371496016.324655] latency=5:14:2289:2976:10002:(3193)ms throughput=9rps rr=0.00% cr=0.00% errors=1 total=7045
[1371496017.328656] latency=1330:5809:10001:10002:10002:(7869)ms throughput=8rps rr=12.50% cr=0.00% errors=6 total=7053
[1371496018.332693] latency=1533:2019:10002:10002:10002:(7260)ms throughput=6rps rr=0.00% cr=0.00% errors=4 total=7059
[1371496019.336652] latency=9999:10000:10001:10001:10002:(10001)ms throughput=7rps rr=0.00% cr=0.00% errors=7 total=7066
[1371496020.340648] latency=4:4:10002:10002:10002:(6669)ms throughput=3rps rr=0.00% cr=0.00% errors=2 total=7069
[1371496021.344698] latency=1109:1140:6215:10001:10002:(5780)ms throughput=6rps rr=0.00% cr=0.00% errors=3 total=7075
[1371496022.348687] latency=737:1998:4647:6927:10002:(4782)ms throughput=21rps rr=4.76% cr=0.00% errors=4 total=7096
[1371496023.352645] latency=61:3083:10001:10001:10002:(7029)ms throughput=8rps rr=0.00% cr=0.00% errors=5 total=7104
[1371496024.356655] latency=9999:10001:10002:10002:10002:(10001)ms throughput=9rps rr=0.00% cr=0.00% errors=9 total=7113
[1371496025.360625] latency=6:2279:6296:10001:10002:(5927)ms throughput=20rps rr=0.00% cr=0.00% errors=7 total=7133
[1371496026.364783] latency=1559:10000:10001:10002:10002:(8887)ms throughput=12rps rr=0.00% cr=0.00% errors=10 total=7145
[1371496027.368654] latency=3492:5643:10001:10002:10002:(8166)ms throughput=11rps rr=9.09% cr=0.00% errors=7 total=7156
[1371496028.372654] latency=3600:6800:10001:10002:10002:(8401)ms throughput=4rps rr=0.00% cr=0.00% errors=3 total=7160
[1371496029.376630] latency=10002:10002:10002:10002:10002:(10002)ms throughput=4rps rr=0.00% cr=0.00% errors=4 total=7164
[1371496030.380627] latency=10000:10000:10001:10002:10002:(10001)ms throughput=3rps rr=0.00% cr=0.00% errors=3 total=7167
[1371496031.384630] latency=28:1762:5125:9038:10002:(5480)ms throughput=9rps rr=0.00% cr=0.00% errors=2 total=7176
[1371496032.388643] latency=726:3397:4944:5824:10002:(5220)ms throughput=21rps rr=0.00% cr=0.00% errors=3 total=7197
[1371496033.392666] latency=6426:8214:10001:10002:10002:(9108)ms throughput=4rps rr=0.00% cr=0.00% errors=3 total=7201
[1371496034.396646] latency=238:597:10000:10001:10002:(7123)ms throughput=10rps rr=0.00% cr=0.00% errors=7 total=7211
[1371496035.400675] latency=2104:10000:10001:10002:10002:(8972)ms throughput=12rps rr=0.00% cr=0.00% errors=10 total=7223
[1371496036.404634] latency=24:10001:10002:10002:10002:(9170)ms throughput=12rps rr=0.00% cr=0.00% errors=11 total=7235
[1371496037.408617] latency=253:3198:5481:9335:10002:(6024)ms throughput=19rps rr=10.53% cr=0.00% errors=4 total=7254
[1371496038.412605] latency=108:361:1528:3902:10001:(2394)ms throughput=26rps rr=3.85% cr=0.00% errors=1 total=7280
[1371496039.416630] latency=5:111:212:10001:10002:(3146)ms throughput=10rps rr=0.00% cr=0.00% errors=3 total=7290
[1371496040.420827] latency=13:217:346:826:10002:(1972)ms throughput=12rps rr=8.33% cr=0.00% errors=2 total=7302
[1371496041.424666] latency=7:430:2531:10001:10002:(4611)ms throughput=10rps rr=10.00% cr=0.00% errors=4 total=7312
[1371496042.428589] latency=4:5:503:1086:10001:(2160)ms throughput=11rps rr=0.00% cr=0.00% errors=2 total=7323
[1371496043.432629] latency=8:311:10001:10001:10002:(5674)ms throughput=11rps rr=0.00% cr=0.00% errors=6 total=7334
[1371496044.436630] latency=127:231:854:3596:10001:(2705)ms throughput=7rps rr=14.29% cr=0.00% errors=1 total=7341
[1371496045.440624] latency=4:560:10001:10002:10002:(6816)ms throughput=18rps rr=5.56% cr=0.00% errors=12 total=7359
[1371496046.444792] latency=364:364:5182:10001:10001:(5182)ms throughput=2rps rr=0.00% cr=0.00% errors=1 total=7361
[1371496047.448609] latency=5:443:3986:10001:10002:(5123)ms throughput=21rps rr=19.05% cr=0.00% errors=8 total=7382
[1371496048.452619] latency=5:346:1036:10001:10002:(4882)ms throughput=15rps rr=6.67% cr=0.00% errors=7 total=7397
[1371496049.456622] latency=369:459:5290:10001:10002:(5231)ms throughput=10rps rr=0.00% cr=0.00% errors=5 total=7407
[1371496050.460621] latency=4:951:10001:10001:10002:(6618)ms throughput=22rps rr=0.00% cr=0.00% errors=14 total=7429
[1371496051.464626] latency=8:274:471:1431:10002:(2247)ms throughput=20rps rr=10.00% cr=0.00% errors=3 total=7449
[1371496052.468640] latency=4:437:557:5313:10001:(2827)ms throughput=8rps rr=0.00% cr=0.00% errors=2 total=7457
[1371496053.472635] latency=375:666:10001:10001:10002:(6447)ms throughput=11rps rr=9.09% cr=0.00% errors=6 total=7468
[1371496054.476624] latency=7:479:10001:10002:10002:(6371)ms throughput=8rps rr=0.00% cr=0.00% errors=5 total=7476
[1371496055.480600] latency=202:954:1669:10001:10002:(4524)ms throughput=10rps rr=20.00% cr=0.00% errors=3 total=7486
[1371496056.484633] latency=41:761:10000:10001:10002:(6731)ms throughput=9rps rr=22.22% cr=0.00% errors=5 total=7495
[1371496057.488635] latency=4:220:587:10001:10002:(4061)ms throughput=13rps rr=0.00% cr=0.00% errors=5 total=7508
[1371496058.492674] latency=104:291:10001:10002:10002:(6069)ms throughput=13rps rr=7.69% cr=0.00% errors=7 total=7521
[1371496059.496623] latency=66:745:10000:10002:10002:(7215)ms throughput=11rps rr=18.18% cr=0.00% errors=6 total=7532
[1371496060.500625] latency=4:189:2925:10001:10002:(4479)ms throughput=13rps rr=30.77% cr=0.00% errors=4 total=7545
[1371496061.504614] latency=51:575:10001:10001:10002:(6356)ms throughput=16rps rr=6.25% cr=0.00% errors=9 total=7561
[1371496062.508625] latency=4:9:236:514:10002:(2330)ms throughput=9rps rr=11.11% cr=0.00% errors=1 total=7570
[1371496063.512625] latency=39:959:10001:10002:10002:(5980)ms throughput=14rps rr=0.00% cr=0.00% errors=8 total=7584
[1371496064.516822] latency=33:348:1071:10001:10002:(4433)ms throughput=17rps rr=5.88% cr=0.00% errors=6 total=7601
[1371496065.520620] latency=5:253:10001:10002:10002:(6366)ms throughput=15rps rr=6.67% cr=0.00% errors=9 total=7616
[1371496066.524628] latency=274:974:8976:10001:10002:(6529)ms throughput=16rps rr=18.75% cr=0.00% errors=8 total=7632
[1371496067.528614] latency=5:56:283:8487:10002:(2920)ms throughput=14rps rr=21.43% cr=0.00% errors=3 total=7646
[1371496068.532629] latency=8:426:2748:10001:10002:(4788)ms throughput=12rps rr=8.33% cr=0.00% errors=5 total=7658
[1371496069.536640] latency=12:152:387:5463:10002:(2653)ms throughput=18rps rr=16.67% cr=0.00% errors=3 total=7676
[1371496070.540643] latency=5:345:2578:10001:10002:(4847)ms throughput=16rps rr=6.25% cr=0.00% errors=7 total=7692
[1371496071.544634] latency=6:452:620:7690:10002:(2981)ms throughput=18rps rr=16.67% cr=0.00% errors=4 total=7710
[1371496072.548640] latency=4:263:1273:10002:10002:(4364)ms throughput=18rps rr=5.56% cr=0.00% errors=7 total=7728
[1371496073.552621] latency=16:388:810:5896:10002:(3026)ms throughput=8rps rr=25.00% cr=0.00% errors=2 total=7736
[1371496074.556638] latency=30:252:849:10001:10002:(4416)ms throughput=12rps rr=0.00% cr=0.00% errors=5 total=7748
[1371496075.560616] latency=40:402:7304:10001:10002:(5502)ms throughput=14rps rr=14.29% cr=0.00% errors=6 total=7762
[1371496076.564632] latency=339:386:8186:10001:10002:(5735)ms throughput=12rps rr=8.33% cr=0.00% errors=6 total=7774
[1371496077.568656] latency=6:298:494:4935:10002:(2870)ms throughput=15rps rr=6.67% cr=0.00% errors=3 total=7789
[1371496078.572616] latency=9:149:343:10002:10002:(3890)ms throughput=16rps rr=0.00% cr=0.00% errors=6 total=7805
[1371496079.576666] latency=5:340:436:2853:10002:(2622)ms throughput=14rps rr=14.29% cr=0.00% errors=3 total=7819
[1371496080.580616] latency=5:580:8860:10001:10002:(6044)ms throughput=13rps rr=23.08% cr=0.00% errors=6 total=7832
[1371496081.584634] latency=6:243:422:9226:10002:(3913)ms throughput=15rps rr=20.00% cr=0.00% errors=4 total=7847
[1371496082.588639] latency=44:184:10001:10002:10002:(5864)ms throughput=11rps rr=9.09% cr=0.00% errors=6 total=7858
[1371496083.592642] latency=22:217:529:10001:10002:(4515)ms throughput=13rps rr=7.69% cr=0.00% errors=5 total=7871
[1371496084.596630] latency=145:516:7267:10001:10002:(6392)ms throughput=11rps rr=27.27% cr=0.00% errors=5 total=7882
[1371496085.600639] latency=56:360:3076:10001:10002:(4927)ms throughput=16rps rr=18.75% cr=0.00% errors=7 total=7898
[1371496086.604628] latency=4:8:625:9953:10002:(3694)ms throughput=15rps rr=20.00% cr=0.00% errors=4 total=7913
[1371496087.608648] latency=4:7:1730:9173:10002:(4034)ms throughput=14rps rr=28.57% cr=0.00% errors=3 total=7927
[1371496088.612617] latency=4:108:642:7810:10001:(3370)ms throughput=17rps rr=35.29% cr=0.00% errors=2 total=7944
[1371496089.616632] latency=4:435:4123:10001:10002:(5183)ms throughput=16rps rr=31.25% cr=0.00% errors=7 total=7960
[1371496090.620623] latency=7:96:389:9254:10002:(3280)ms throughput=32rps rr=25.00% cr=0.00% errors=7 total=7992
[1371496091.624623] latency=4:151:475:10001:10002:(3555)ms throughput=20rps rr=15.00% cr=0.00% errors=6 total=8012
[1371496092.628648] latency=4:19:147:1884:10002:(1771)ms throughput=20rps rr=25.00% cr=0.00% errors=2 total=8032
[1371496093.632620] latency=4:87:213:298:10002:(2229)ms throughput=23rps rr=13.04% cr=0.00% errors=3 total=8055
[1371496094.636629] latency=5:10:2931:7567:10002:(3856)ms throughput=18rps rr=50.00% cr=0.00% errors=2 total=8073
[1371496095.640623] latency=4:8:131:3088:10001:(2289)ms throughput=22rps rr=31.82% cr=0.00% errors=2 total=8095
[1371496096.644632] latency=5:139:1915:5305:10002:(2760)ms throughput=26rps rr=57.69% cr=0.00% errors=1 total=8121
[1371496097.648622] latency=4:42:1550:4406:9536:(2518)ms throughput=34rps rr=61.76% cr=0.00% errors=0 total=8155
[1371496098.652643] latency=4:48:1582:4091:9760:(2308)ms throughput=32rps rr=68.75% cr=0.00% errors=0 total=8187
[1371496099.656643] latency=4:11:398:1918:4064:(1079)ms throughput=32rps rr=53.12% cr=0.00% errors=0 total=8219
[1371496100.668617] latency=4:10:441:1074:2825:(616)ms throughput=45rps rr=63.04% cr=0.00% errors=0 total=8265
[1371496101.672627] latency=4:6:17:122:341:(82)ms throughput=38rps rr=50.00% cr=0.00% errors=0 total=8303
[1371496102.676627] latency=4:5:8:65:202:(49)ms throughput=37rps rr=51.35% cr=0.00% errors=0 total=8340
[1371496103.680625] latency=4:5:9:102:222:(58)ms throughput=32rps rr=50.00% cr=0.00% errors=0 total=8372
[1371496104.684849] latency=3:5:7:98:233:(52)ms throughput=38rps rr=36.84% cr=0.00% errors=0 total=8410
[1371496105.688625] latency=3:5:6:80:251:(50)ms throughput=26rps rr=46.15% cr=0.00% errors=0 total=8436
[1371496106.692630] latency=3:5:11:129:308:(72)ms throughput=37rps rr=51.35% cr=0.00% errors=0 total=8473
[1371496107.696630] latency=3:4:6:123:263:(59)ms throughput=39rps rr=38.46% cr=0.00% errors=0 total=8512
[1371496108.700615] latency=4:5:8:129:255:(62)ms throughput=20rps rr=35.00% cr=0.00% errors=0 total=8532
[1371496109.704628] latency=4:6:194:619:873:(310)ms throughput=38rps rr=63.16% cr=0.00% errors=0 total=8570
[1371496110.708617] latency=4:9:99:479:718:(229)ms throughput=32rps rr=65.62% cr=0.00% errors=0 total=8602
[1371496111.712617] latency=3:5:35:260:614:(152)ms throughput=36rps rr=52.78% cr=0.00% errors=0 total=8638
[1371496112.716739] latency=4:16:235:649:846:(295)ms throughput=28rps rr=67.86% cr=0.00% errors=0 total=8666
[1371496113.720634] latency=4:5:8:176:483:(98)ms throughput=35rps rr=42.86% cr=0.00% errors=0 total=8701
[1371496114.724620] latency=3:5:6:194:551:(111)ms throughput=37rps rr=51.35% cr=0.00% errors=0 total=8738
[1371496115.728611] latency=3:5:9:146:341:(81)ms throughput=29rps rr=41.38% cr=0.00% errors=0 total=8767
[1371496116.732625] latency=4:5:45:124:213:(71)ms throughput=33rps rr=57.58% cr=0.00% errors=0 total=8800
[1371496117.736626] latency=4:5:7:45:172:(35)ms throughput=24rps rr=37.50% cr=0.00% errors=0 total=8824
[1371496118.740661] latency=3:6:85:282:761:(172)ms throughput=44rps rr=59.09% cr=0.00% errors=0 total=8868
[1371496119.744617] latency=4:6:14:183:312:(84)ms throughput=29rps rr=44.83% cr=0.00% errors=0 total=8897
[1371496120.748617] latency=3:5:41:195:440:(113)ms throughput=30rps rr=53.33% cr=0.00% errors=0 total=8927
[1371496121.752840] latency=3:5:7:172:414:(88)ms throughput=39rps rr=43.59% cr=0.00% errors=0 total=8966
[1371496122.756630] latency=3:5:35:171:352:(92)ms throughput=27rps rr=51.85% cr=0.00% errors=0 total=8993
[1371496123.760630] latency=4:5:6:128:235:(61)ms throughput=28rps rr=35.71% cr=0.00% errors=0 total=9021
[1371496124.764641] latency=4:5:7:120:242:(58)ms throughput=39rps rr=38.46% cr=0.00% errors=0 total=9060
[1371496125.768618] latency=4:5:21:153:271:(71)ms throughput=25rps rr=52.00% cr=0.00% errors=0 total=9085
[1371496126.772624] latency=3:5:8:173:343:(92)ms throughput=32rps rr=50.00% cr=0.00% errors=0 total=9117
[1371496127.776632] latency=4:5:9:91:303:(57)ms throughput=38rps rr=44.74% cr=0.00% errors=0 total=9155
[1371496128.780620] latency=3:5:12:209:328:(102)ms throughput=33rps rr=54.55% cr=0.00% errors=0 total=9188
[1371496129.784623] latency=4:6:30:117:289:(74)ms throughput=30rps rr=60.00% cr=0.00% errors=0 total=9218
[1371496130.788619] latency=3:5:93:365:595:(181)ms throughput=35rps rr=62.86% cr=0.00% errors=0 total=9253
[1371496131.792612] latency=3:4:5:91:303:(59)ms throughput=37rps rr=35.14% cr=0.00% errors=0 total=9290
[1371496132.796634] latency=4:6:153:292:751:(189)ms throughput=38rps rr=65.79% cr=0.00% errors=0 total=9328
[1371496133.800645] latency=4:5:18:180:373:(84)ms throughput=30rps rr=53.33% cr=0.00% errors=0 total=9358
[1371496134.804662] latency=4:5:6:117:324:(71)ms throughput=31rps rr=41.94% cr=0.00% errors=0 total=9389
[1371496135.808630] latency=3:5:9:104:346:(73)ms throughput=32rps rr=46.88% cr=0.00% errors=0 total=9421
[1371496136.812711] latency=4:6:9:171:358:(97)ms throughput=20rps rr=45.00% cr=0.00% errors=0 total=9441
[1371496137.816622] latency=4:6:14:130:262:(68)ms throughput=28rps rr=39.29% cr=0.00% errors=0 total=9469
[1371496138.820640] latency=3:4:9:76:813:(157)ms throughput=17rps rr=29.41% cr=0.00% errors=0 total=9486
[1371496139.824634] latency=3:5:16:52:1761:(214)ms throughput=26rps rr=23.08% cr=0.00% errors=0 total=9512
[1371496140.828635] latency=3:4:7:128:1933:(372)ms throughput=17rps rr=35.29% cr=0.00% errors=0 total=9529
[1371496141.832633] latency=4:8:63:153:3057:(444)ms throughput=16rps rr=31.25% cr=0.00% errors=0 total=9545
[1371496142.836653] latency=4:63:1647:2689:4152:(1566)ms throughput=12rps rr=58.33% cr=0.00% errors=0 total=9557
[1371496143.840634] latency=4:89:2418:3249:4274:(2045)ms throughput=7rps rr=71.43% cr=0.00% errors=0 total=9564
[1371496144.844637] latency=4:9:65:4090:5658:(1588)ms throughput=18rps rr=38.89% cr=0.00% errors=0 total=9582
[1371496145.848624] latency=4:6:53:1881:5994:(1230)ms throughput=20rps rr=35.00% cr=0.00% errors=0 total=9602
[1371496146.852625] latency=4:6:187:3478:5157:(1580)ms throughput=16rps rr=37.50% cr=0.00% errors=0 total=9618
[1371496147.856636] latency=4:18:749:2800:8916:(2162)ms throughput=12rps rr=50.00% cr=0.00% errors=0 total=9630
[1371496148.860643] latency=4:6:195:6280:9235:(3146)ms throughput=7rps rr=42.86% cr=0.00% errors=0 total=9637
[1371496149.864693] latency=4:10:366:5797:10001:(2893)ms throughput=14rps rr=35.71% cr=0.00% errors=1 total=9651
[1371496150.868634] latency=4:160:2569:10001:10002:(4494)ms throughput=14rps rr=28.57% cr=0.00% errors=4 total=9665
[1371496151.872613] latency=3:36:289:5061:10002:(2671)ms throughput=19rps rr=36.84% cr=0.00% errors=2 total=9684
[1371496152.876631] latency=3:5:131:7960:10002:(2963)ms throughput=18rps rr=16.67% cr=0.00% errors=4 total=9702
[1371496153.880629] latency=4:9:2006:10001:10002:(4175)ms throughput=14rps rr=21.43% cr=0.00% errors=4 total=9716
[1371496154.884615] latency=4:103:487:7206:10001:(3446)ms throughput=14rps rr=42.86% cr=0.00% errors=2 total=9730
[1371496155.888638] latency=150:617:4556:8486:10002:(4770)ms throughput=14rps rr=71.43% cr=0.00% errors=1 total=9744
[1371496156.892628] latency=3:126:1016:8657:10002:(3756)ms throughput=27rps rr=33.33% cr=0.00% errors=6 total=9771
[1371496157.896635] latency=4:4:450:8523:10002:(3263)ms throughput=10rps rr=20.00% cr=0.00% errors=2 total=9781
[1371496158.900627] latency=4:5:44:6620:10002:(3162)ms throughput=11rps rr=27.27% cr=0.00% errors=2 total=9792
[1371496159.904620] latency=3:4:10:322:10001:(1082)ms throughput=10rps rr=0.00% cr=0.00% errors=1 total=9802
[1371496160.908683] latency=4:167:2670:10000:10002:(4360)ms throughput=21rps rr=33.33% cr=0.00% errors=7 total=9823
[1371496161.912634] latency=4:123:5708:10001:10002:(4786)ms throughput=13rps rr=38.46% cr=0.00% errors=4 total=9836
[1371496162.916635] latency=4:22:483:8951:10002:(3564)ms throughput=14rps rr=28.57% cr=0.00% errors=2 total=9850
[1371496163.920620] latency=4:78:3362:9010:10002:(4580)ms throughput=15rps rr=66.67% cr=0.00% errors=2 total=9865
[1371496164.924626] latency=3:5:201:5665:10002:(2870)ms throughput=15rps rr=13.33% cr=0.00% errors=4 total=9880
[1371496165.928622] latency=4:70:1080:9540:10002:(3903)ms throughput=16rps rr=43.75% cr=0.00% errors=2 total=9896
[1371496166.932616] latency=4:18:178:9097:10002:(3275)ms throughput=25rps rr=20.00% cr=0.00% errors=6 total=9921
[1371496167.936634] latency=4:51:1493:3420:10002:(2747)ms throughput=19rps rr=42.11% cr=0.00% errors=3 total=9940
[1371496168.940629] latency=4:59:507:4771:10002:(2889)ms throughput=13rps rr=15.38% cr=0.00% errors=3 total=9953
[1371496169.944662] latency=6:282:4949:9641:10002:(4909)ms throughput=9rps rr=33.33% cr=0.00% errors=2 total=9962
[1371496170.948629] latency=4:5:357:6229:10001:(2966)ms throughput=13rps rr=38.46% cr=0.00% errors=1 total=9975
[1371496171.952634] latency=4:4:659:10001:10002:(3841)ms throughput=11rps rr=18.18% cr=0.00% errors=4 total=9986
[1371496172.956624] latency=4:629:5452:10001:10002:(5484)ms throughput=16rps rr=25.00% cr=0.00% errors=7 total=10002
[1371496173.960634] latency=6:366:2325:10001:10002:(4151)ms throughput=13rps rr=30.77% cr=0.00% errors=4 total=10015
[1371496174.964611] latency=4:393:931:10001:10002:(3954)ms throughput=18rps rr=16.67% cr=0.00% errors=5 total=10033
[1371496175.968640] latency=3:5:480:5449:9743:(2932)ms throughput=13rps rr=38.46% cr=0.00% errors=0 total=10046
[1371496176.972623] latency=6:187:8182:10001:10002:(5216)ms throughput=13rps rr=23.08% cr=0.00% errors=4 total=10059
[1371496177.976628] latency=5:350:1290:7506:10002:(3777)ms throughput=15rps rr=33.33% cr=0.00% errors=3 total=10074
[1371496178.980625] latency=3:8:100:1346:9700:(1536)ms throughput=16rps rr=25.00% cr=0.00% errors=0 total=10090
[1371496179.984625] latency=8:286:6992:10000:10002:(5285)ms throughput=13rps rr=30.77% cr=0.00% errors=4 total=10103
[1371496180.988640] latency=4:191:1083:9465:10002:(4032)ms throughput=23rps rr=34.78% cr=0.00% errors=6 total=10126
[1371496181.992635] latency=4:108:856:8683:10001:(3860)ms throughput=13rps rr=23.08% cr=0.00% errors=3 total=10139
[1371496182.996635] latency=4:17:239:7445:10001:(3226)ms throughput=11rps rr=27.27% cr=0.00% errors=1 total=10150
[1371496184.000626] latency=16:269:5835:8956:10002:(4869)ms throughput=12rps rr=41.67% cr=0.00% errors=2 total=10162
[1371496185.004618] latency=3:22:6122:9392:10002:(5331)ms throughput=19rps rr=36.84% cr=0.00% errors=5 total=10181
[1371496186.008641] latency=4:137:283:3523:10000:(2259)ms throughput=12rps rr=25.00% cr=0.00% errors=1 total=10193
[1371496187.012635] latency=4:295:574:10001:10002:(3855)ms throughput=11rps rr=0.00% cr=0.00% errors=4 total=10204
[1371496188.016628] latency=5:201:6292:9297:10002:(4929)ms throughput=15rps rr=40.00% cr=0.00% errors=3 total=10219
[1371496189.020633] latency=3:5:444:8791:10002:(3395)ms throughput=16rps rr=18.75% cr=0.00% errors=3 total=10235
[1371496190.024616] latency=4:9:254:3947:10002:(2630)ms throughput=17rps rr=23.53% cr=0.00% errors=3 total=10252
[1371496191.029195] latency=4:71:5964:9465:10002:(5064)ms throughput=19rps rr=36.84% cr=0.00% errors=5 total=10271
[1371496192.032628] latency=4:5:83:292:10002:(1229)ms throughput=14rps rr=7.14% cr=0.00% errors=1 total=10285
[1371496193.036634] latency=4:4:224:10001:10002:(4645)ms throughput=13rps rr=0.00% cr=0.00% errors=6 total=10298
[1371496194.040632] latency=4:5:222:5328:10002:(2815)ms throughput=13rps rr=7.69% cr=0.00% errors=3 total=10311
[1371496195.044616] latency=6:291:1111:10001:10002:(4049)ms throughput=16rps rr=18.75% cr=0.00% errors=5 total=10327
[1371496196.048624] latency=7:52:888:7917:10002:(3567)ms throughput=12rps rr=25.00% cr=0.00% errors=3 total=10339
[1371496197.052625] latency=575:3507:8450:10001:10001:(7055)ms throughput=7rps rr=42.86% cr=0.00% errors=3 total=10346
[1371496198.056626] latency=8:304:3221:10000:10002:(4715)ms throughput=13rps rr=23.08% cr=0.00% errors=4 total=10359
[1371496199.060619] latency=4:15:154:10001:10002:(3257)ms throughput=13rps rr=7.69% cr=0.00% errors=4 total=10372
[1371496200.064686] latency=5:250:2635:8296:10002:(4281)ms throughput=9rps rr=55.56% cr=0.00% errors=1 total=10381
[1371496201.068652] latency=5:2242:8194:10002:10002:(6487)ms throughput=13rps rr=38.46% cr=0.00% errors=5 total=10394
[1371496202.072696] latency=3:7:498:6223:10002:(3078)ms throughput=17rps rr=35.29% cr=0.00% errors=1 total=10411
[1371496203.076640] latency=4:5:743:10001:10002:(4392)ms throughput=21rps rr=14.29% cr=0.00% errors=7 total=10432
[1371496204.080663] latency=4:10:103:203:10002:(1151)ms throughput=13rps rr=7.69% cr=0.00% errors=1 total=10445
[1371496205.084637] latency=4:100:7535:10001:10002:(5560)ms throughput=14rps rr=28.57% cr=0.00% errors=5 total=10459
[1371496206.088661] latency=4:32:1884:10001:10002:(4775)ms throughput=11rps rr=9.09% cr=0.00% errors=5 total=10470
[1371496207.092638] latency=4:12:2413:10001:10002:(4139)ms throughput=12rps rr=25.00% cr=0.00% errors=4 total=10482
[1371496208.096661] latency=4:27:586:10001:10002:(3555)ms throughput=22rps rr=13.64% cr=0.00% errors=6 total=10504
[1371496209.100685] latency=4:11:268:5343:10002:(3184)ms throughput=21rps rr=33.33% cr=0.00% errors=4 total=10525
[1371496210.104659] latency=169:356:666:8549:10002:(3441)ms throughput=12rps rr=25.00% cr=0.00% errors=2 total=10537
[1371496211.108660] latency=4:27:1380:10000:10001:(4605)ms throughput=13rps rr=23.08% cr=0.00% errors=4 total=10550
[1371496212.112663] latency=4:12:848:8772:10001:(4354)ms throughput=15rps rr=33.33% cr=0.00% errors=3 total=10565
[1371496213.116668] latency=4:1408:5762:10001:10002:(5252)ms throughput=14rps rr=28.57% cr=0.00% errors=5 total=10579
[1371496214.120657] latency=4:5:10001:10002:10002:(6669)ms throughput=6rps rr=0.00% cr=0.00% errors=4 total=10585
[1371496215.124657] latency=4:4:541:10001:10002:(4112)ms throughput=10rps rr=0.00% cr=0.00% errors=4 total=10595
[1371496216.128659] latency=3:10:1157:9434:10002:(4394)ms throughput=19rps rr=31.58% cr=0.00% errors=4 total=10614
[1371496217.132668] latency=7:393:1301:10001:10002:(3674)ms throughput=13rps rr=7.69% cr=0.00% errors=4 total=10627
[1371496218.136666] latency=4:5:4870:10001:10002:(5614)ms throughput=7rps rr=28.57% cr=0.00% errors=3 total=10634
[1371496219.140659] latency=4:5:1514:10001:10002:(3991)ms throughput=20rps rr=25.00% cr=0.00% errors=6 total=10654
[1371496220.144669] latency=4:54:1341:10001:10002:(4181)ms throughput=13rps rr=23.08% cr=0.00% errors=5 total=10667
[1371496221.148675] latency=5:246:5341:10001:10002:(5068)ms throughput=9rps rr=33.33% cr=0.00% errors=3 total=10676
[1371496222.152657] latency=4:300:2703:10000:10002:(4629)ms throughput=17rps rr=17.65% cr=0.00% errors=6 total=10693
[1371496223.156659] latency=4:107:444:10002:10002:(4224)ms throughput=19rps rr=5.26% cr=0.00% errors=7 total=10712
[1371496224.160646] latency=4:697:9162:10001:10002:(6538)ms throughput=15rps rr=26.67% cr=0.00% errors=6 total=10727
[1371496225.164661] latency=4:8:410:10001:10002:(3260)ms throughput=14rps rr=14.29% cr=0.00% errors=4 total=10741
[1371496226.168662] latency=326:875:2551:10001:10002:(4944)ms throughput=12rps rr=8.33% cr=0.00% errors=5 total=10753
[1371496227.172660] latency=4:245:1386:10001:10002:(4170)ms throughput=16rps rr=6.25% cr=0.00% errors=6 total=10769
[1371496228.176667] latency=5:104:775:10001:10002:(3593)ms throughput=9rps rr=11.11% cr=0.00% errors=3 total=10778
[1371496229.180667] latency=5:3995:9258:10002:10002:(7064)ms throughput=8rps rr=25.00% cr=0.00% errors=4 total=10786
[1371496230.184660] latency=4:164:1066:10001:10002:(4413)ms throughput=18rps rr=11.11% cr=0.00% errors=6 total=10804
[1371496231.188657] latency=343:409:6145:9607:10002:(5099)ms throughput=11rps rr=27.27% cr=0.00% errors=3 total=10815
[1371496232.192665] latency=4:5:776:7865:10002:(3491)ms throughput=11rps rr=27.27% cr=0.00% errors=2 total=10826
[1371496233.196665] latency=215:458:5010:10001:10002:(4838)ms throughput=13rps rr=30.77% cr=0.00% errors=4 total=10839
[1371496234.200654] latency=5:106:1650:10002:10002:(4907)ms throughput=13rps rr=7.69% cr=0.00% errors=6 total=10852
[1371496235.204653] latency=4:5:633:10001:10002:(4334)ms throughput=11rps rr=9.09% cr=0.00% errors=4 total=10863
[1371496236.208681] latency=289:2236:10001:10002:10002:(6587)ms throughput=12rps rr=16.67% cr=0.00% errors=7 total=10875
[1371496237.212670] latency=3:86:574:10000:10002:(3911)ms throughput=14rps rr=14.29% cr=0.00% errors=4 total=10889
