[1371494220.448690] latency=nan:nan:nan:nan:nan:(-nan)ms throughput=0rps rr=-nan% cr=-nan% errors=0 total=0
[1371494221.452679] latency=nan:nan:nan:nan:nan:(-nan)ms throughput=0rps rr=-nan% cr=-nan% errors=0 total=0
[1371494222.456665] latency=nan:nan:nan:nan:nan:(-nan)ms throughput=0rps rr=-nan% cr=-nan% errors=0 total=0
[1371494223.460662] latency=nan:nan:nan:nan:nan:(-nan)ms throughput=0rps rr=-nan% cr=-nan% errors=0 total=0
[1371494224.464660] latency=nan:nan:nan:nan:nan:(-nan)ms throughput=0rps rr=-nan% cr=-nan% errors=0 total=0
[1371494225.468664] latency=nan:nan:nan:nan:nan:(-nan)ms throughput=0rps rr=-nan% cr=-nan% errors=0 total=0
[1371494226.472648] latency=nan:nan:nan:nan:nan:(-nan)ms throughput=0rps rr=-nan% cr=-nan% errors=0 total=0
[1371494227.476646] latency=nan:nan:nan:nan:nan:(-nan)ms throughput=0rps rr=-nan% cr=-nan% errors=0 total=0
[1371494228.480651] latency=nan:nan:nan:nan:nan:(-nan)ms throughput=0rps rr=-nan% cr=-nan% errors=0 total=0
[1371494229.484655] latency=nan:nan:nan:nan:nan:(-nan)ms throughput=0rps rr=-nan% cr=-nan% errors=0 total=0
[1371494230.488824] latency=nan:nan:nan:nan:nan:(-nan)ms throughput=0rps rr=-nan% cr=-nan% errors=0 total=0
[1371494230.489096] set thinktime=3.000000
[1371494230.489161] set concurrency=100
[1371494231.536664] latency=4:6:7:75:268:(54)ms throughput=29rps rr=33.33% cr=0.00% errors=0 total=30
[1371494232.540647] latency=5:6:70:124:286:(74)ms throughput=33rps rr=57.58% cr=0.00% errors=0 total=63
[1371494233.544660] latency=4:10:80:163:296:(96)ms throughput=38rps rr=73.68% cr=0.00% errors=0 total=101
[1371494234.548646] latency=4:23:138:219:336:(129)ms throughput=30rps rr=73.33% cr=0.00% errors=0 total=131
[1371494235.552651] latency=4:16:175:277:466:(176)ms throughput=28rps rr=82.14% cr=0.00% errors=0 total=159
[1371494236.556645] latency=4:32:210:374:625:(225)ms throughput=36rps rr=86.11% cr=0.00% errors=0 total=195
[1371494237.560660] latency=5:46:129:179:485:(126)ms throughput=27rps rr=85.19% cr=0.00% errors=0 total=222
[1371494238.564650] latency=5:64:166:283:390:(178)ms throughput=26rps rr=100.00% cr=0.00% errors=0 total=248
[1371494239.568652] latency=58:151:293:388:710:(301)ms throughput=28rps rr=100.00% cr=0.00% errors=0 total=276
[1371494240.572650] latency=24:161:303:531:1047:(368)ms throughput=22rps rr=100.00% cr=0.00% errors=0 total=298
[1371494241.576665] latency=4:391:770:1263:1588:(825)ms throughput=32rps rr=96.88% cr=0.00% errors=0 total=330
[1371494242.580630] latency=5:113:263:745:1385:(424)ms throughput=35rps rr=88.57% cr=0.00% errors=0 total=365
[1371494243.584638] latency=4:5:23:114:316:(72)ms throughput=28rps rr=46.43% cr=0.00% errors=0 total=393
[1371494244.588644] latency=4:5:8:129:393:(79)ms throughput=40rps rr=47.50% cr=0.00% errors=0 total=433
[1371494245.592642] latency=5:5:6:105:213:(57)ms throughput=23rps rr=43.48% cr=0.00% errors=0 total=456
[1371494246.596643] latency=4:5:6:69:194:(47)ms throughput=25rps rr=40.00% cr=0.00% errors=0 total=481
[1371494247.600636] latency=4:5:7:44:197:(40)ms throughput=31rps rr=32.26% cr=0.00% errors=0 total=512
[1371494248.604676] latency=4:5:6:15:178:(40)ms throughput=31rps rr=25.81% cr=0.00% errors=0 total=543
[1371494249.608643] latency=5:5:7:94:219:(52)ms throughput=31rps rr=32.26% cr=0.00% errors=0 total=574
[1371494250.612680] latency=4:5:11:328:553:(161)ms throughput=35rps rr=48.57% cr=0.00% errors=0 total=609
[1371494251.616672] latency=4:5:6:53:238:(40)ms throughput=31rps rr=29.03% cr=0.00% errors=0 total=640
[1371494252.620648] latency=4:5:6:26:228:(45)ms throughput=31rps rr=35.48% cr=0.00% errors=0 total=671
[1371494253.624643] latency=4:5:23:113:233:(69)ms throughput=31rps rr=54.84% cr=0.00% errors=0 total=702
[1371494254.628683] latency=4:6:8:115:238:(61)ms throughput=33rps rr=48.48% cr=0.00% errors=0 total=735
[1371494255.632638] latency=4:5:10:124:291:(65)ms throughput=31rps rr=41.94% cr=0.00% errors=0 total=766
[1371494256.636657] latency=4:5:32:194:463:(108)ms throughput=39rps rr=58.97% cr=0.00% errors=0 total=805
[1371494257.640646] latency=4:5:38:165:238:(83)ms throughput=43rps rr=53.49% cr=0.00% errors=0 total=848
[1371494258.644655] latency=4:5:25:135:229:(69)ms throughput=31rps rr=58.06% cr=0.00% errors=0 total=879
[1371494259.648633] latency=5:5:8:100:214:(59)ms throughput=20rps rr=40.00% cr=0.00% errors=0 total=899
[1371494260.652638] latency=4:5:39:131:234:(71)ms throughput=29rps rr=58.62% cr=0.00% errors=0 total=928
[1371494261.656647] latency=4:5:82:231:327:(114)ms throughput=27rps rr=62.96% cr=0.00% errors=0 total=955
[1371494262.660645] latency=4:12:80:170:329:(101)ms throughput=24rps rr=75.00% cr=0.00% errors=0 total=979
[1371494263.664643] latency=4:56:190:484:660:(265)ms throughput=35rps rr=85.71% cr=0.00% errors=0 total=1014
[1371494264.668657] latency=4:81:202:351:528:(224)ms throughput=24rps rr=87.50% cr=0.00% errors=0 total=1038
[1371494265.672646] latency=4:102:542:831:1158:(523)ms throughput=30rps rr=86.67% cr=0.00% errors=0 total=1068
[1371494266.676654] latency=4:61:463:1008:1342:(532)ms throughput=29rps rr=79.31% cr=0.00% errors=0 total=1097
[1371494267.680642] latency=4:45:220:373:1100:(303)ms throughput=39rps rr=79.49% cr=0.00% errors=0 total=1136
[1371494268.684651] latency=4:5:64:275:490:(157)ms throughput=40rps rr=62.50% cr=0.00% errors=0 total=1176
[1371494269.688648] latency=4:8:157:315:586:(183)ms throughput=44rps rr=68.18% cr=0.00% errors=0 total=1220
[1371494270.692683] latency=4:5:6:120:343:(76)ms throughput=31rps rr=48.39% cr=0.00% errors=0 total=1251
[1371494271.696634] latency=3:5:7:82:279:(51)ms throughput=37rps rr=43.24% cr=0.00% errors=0 total=1288
[1371494272.700648] latency=4:5:7:10:198:(39)ms throughput=35rps rr=22.86% cr=0.00% errors=0 total=1323
[1371494273.704643] latency=4:6:11:199:252:(94)ms throughput=33rps rr=48.48% cr=0.00% errors=0 total=1356
[1371494274.708658] latency=4:5:6:114:244:(58)ms throughput=31rps rr=41.94% cr=0.00% errors=0 total=1387
[1371494275.712633] latency=4:5:32:104:195:(56)ms throughput=22rps rr=54.55% cr=0.00% errors=0 total=1409
[1371494276.716649] latency=4:5:63:148:250:(81)ms throughput=32rps rr=65.62% cr=0.00% errors=0 total=1441
[1371494277.720641] latency=4:10:83:144:325:(95)ms throughput=27rps rr=62.96% cr=0.00% errors=0 total=1468
[1371494278.724648] latency=4:6:80:152:263:(96)ms throughput=31rps rr=77.42% cr=0.00% errors=0 total=1499
[1371494279.728642] latency=4:13:94:210:453:(138)ms throughput=36rps rr=75.00% cr=0.00% errors=0 total=1535
[1371494280.732658] latency=5:46:119:215:571:(164)ms throughput=29rps rr=86.21% cr=0.00% errors=0 total=1564
[1371494281.736652] latency=4:47:152:217:334:(140)ms throughput=29rps rr=89.66% cr=0.00% errors=0 total=1593
[1371494282.740652] latency=4:45:145:249:414:(163)ms throughput=37rps rr=81.08% cr=0.00% errors=0 total=1630
[1371494283.744640] latency=3:43:166:281:483:(178)ms throughput=26rps rr=88.46% cr=0.00% errors=0 total=1656
[1371494284.748647] latency=4:291:510:767:1106:(501)ms throughput=26rps rr=96.15% cr=0.00% errors=0 total=1682
[1371494285.752645] latency=4:313:420:742:1195:(508)ms throughput=31rps rr=90.32% cr=0.00% errors=0 total=1713
[1371494286.756657] latency=4:78:190:271:1014:(252)ms throughput=33rps rr=87.88% cr=0.00% errors=0 total=1746
[1371494287.776642] latency=4:6:71:260:512:(143)ms throughput=38rps rr=69.23% cr=0.00% errors=0 total=1785
[1371494288.780658] latency=3:8:207:353:699:(236)ms throughput=33rps rr=63.64% cr=0.00% errors=0 total=1818
[1371494289.784640] latency=4:16:205:294:579:(191)ms throughput=31rps rr=74.19% cr=0.00% errors=0 total=1849
[1371494290.788626] latency=4:27:333:472:722:(309)ms throughput=35rps rr=74.29% cr=0.00% errors=0 total=1884
[1371494291.792636] latency=5:7:17:82:237:(58)ms throughput=27rps rr=48.15% cr=0.00% errors=0 total=1911
[1371494292.796651] latency=5:5:16:171:262:(84)ms throughput=24rps rr=50.00% cr=0.00% errors=0 total=1935
[1371494293.800649] latency=4:5:67:220:404:(116)ms throughput=39rps rr=53.85% cr=0.00% errors=0 total=1974
[1371494294.804663] latency=4:10:132:182:366:(125)ms throughput=27rps rr=77.78% cr=0.00% errors=0 total=2001
[1371494295.808640] latency=3:5:66:197:374:(102)ms throughput=32rps rr=62.50% cr=0.00% errors=0 total=2033
[1371494296.812670] latency=4:5:53:163:303:(95)ms throughput=35rps rr=65.71% cr=0.00% errors=0 total=2068
[1371494297.816648] latency=4:5:36:160:221:(74)ms throughput=30rps rr=60.00% cr=0.00% errors=0 total=2098
[1371494298.820659] latency=4:94:165:363:585:(226)ms throughput=28rps rr=82.14% cr=0.00% errors=0 total=2126
[1371494299.824642] latency=4:173:360:470:836:(351)ms throughput=28rps rr=92.86% cr=0.00% errors=0 total=2154
[1371494300.828654] latency=3:15:71:174:352:(107)ms throughput=40rps rr=75.00% cr=0.00% errors=0 total=2194
[1371494301.832636] latency=4:5:80:167:254:(92)ms throughput=39rps rr=71.79% cr=0.00% errors=0 total=2233
[1371494302.836662] latency=4:24:128:212:356:(134)ms throughput=22rps rr=81.82% cr=0.00% errors=0 total=2255
[1371494303.840634] latency=4:89:214:373:485:(234)ms throughput=29rps rr=100.00% cr=0.00% errors=0 total=2284
[1371494304.844655] latency=5:36:115:183:295:(122)ms throughput=31rps rr=87.10% cr=0.00% errors=0 total=2315
[1371494305.848653] latency=4:76:184:258:475:(177)ms throughput=29rps rr=93.10% cr=0.00% errors=0 total=2344
[1371494306.852638] latency=3:82:150:253:407:(176)ms throughput=26rps rr=100.00% cr=0.00% errors=0 total=2370
[1371494307.856643] latency=5:191:455:747:909:(464)ms throughput=29rps rr=100.00% cr=0.00% errors=0 total=2399
[1371494308.860656] latency=4:57:219:277:576:(200)ms throughput=38rps rr=97.37% cr=0.00% errors=0 total=2437
[1371494309.864647] latency=4:218:472:619:1072:(449)ms throughput=27rps rr=100.00% cr=0.00% errors=0 total=2464
[1371494310.868663] latency=4:67:462:649:1069:(437)ms throughput=32rps rr=100.00% cr=0.00% errors=0 total=2496
[1371494311.872638] latency=6:224:405:841:1128:(513)ms throughput=32rps rr=90.62% cr=0.00% errors=0 total=2528
[1371494312.876652] latency=4:134:596:829:970:(513)ms throughput=26rps rr=80.77% cr=0.00% errors=0 total=2554
[1371494313.880649] latency=4:113:392:725:1234:(449)ms throughput=28rps rr=75.00% cr=0.00% errors=0 total=2582
[1371494314.884675] latency=4:31:291:732:1362:(414)ms throughput=36rps rr=69.44% cr=0.00% errors=0 total=2618
[1371494315.888643] latency=4:34:164:435:1155:(286)ms throughput=33rps rr=81.82% cr=0.00% errors=0 total=2651
[1371494316.892635] latency=3:5:15:166:270:(69)ms throughput=29rps rr=44.83% cr=0.00% errors=0 total=2680
[1371494317.896646] latency=4:5:9:116:463:(105)ms throughput=37rps rr=51.35% cr=0.00% errors=0 total=2717
[1371494318.900654] latency=5:5:6:111:194:(60)ms throughput=28rps rr=46.43% cr=0.00% errors=0 total=2745
[1371494319.904646] latency=4:5:6:91:262:(59)ms throughput=41rps rr=34.15% cr=0.00% errors=0 total=2786
[1371494320.908651] latency=4:5:6:42:224:(43)ms throughput=27rps rr=33.33% cr=0.00% errors=0 total=2813
[1371494321.912634] latency=4:5:6:69:250:(45)ms throughput=43rps rr=34.88% cr=0.00% errors=0 total=2856
[1371494322.916664] latency=4:5:5:82:219:(42)ms throughput=40rps rr=37.50% cr=0.00% errors=0 total=2896
[1371494323.920638] latency=4:5:39:118:198:(59)ms throughput=32rps rr=53.12% cr=0.00% errors=0 total=2928
[1371494324.924655] latency=4:7:113:168:286:(103)ms throughput=27rps rr=66.67% cr=0.00% errors=0 total=2955
[1371494325.928632] latency=5:7:57:150:179:(78)ms throughput=16rps rr=56.25% cr=0.00% errors=0 total=2971
[1371494326.932636] latency=4:14:129:173:248:(107)ms throughput=24rps rr=79.17% cr=0.00% errors=0 total=2995
[1371494327.936636] latency=4:5:60:157:268:(89)ms throughput=26rps rr=65.38% cr=0.00% errors=0 total=3021
[1371494328.940689] latency=4:39:108:172:234:(107)ms throughput=22rps rr=95.45% cr=0.00% errors=0 total=3043
[1371494329.944648] latency=5:91:214:353:483:(218)ms throughput=20rps rr=95.00% cr=0.00% errors=0 total=3063
[1371494330.948662] latency=4:56:172:458:815:(259)ms throughput=28rps rr=100.00% cr=0.00% errors=0 total=3091
[1371494330.948828] set concurrency=400
[1371494332.052657] latency=5:62:310:509:1053:(335)ms throughput=24rps rr=100.00% cr=0.00% errors=0 total=3118
[1371494333.056712] latency=5:62:222:1027:1872:(572)ms throughput=16rps rr=81.25% cr=0.00% errors=0 total=3134
[1371494334.060675] latency=4:205:1012:1825:3285:(1162)ms throughput=21rps rr=71.43% cr=0.00% errors=0 total=3155
[1371494335.064639] latency=5:18:233:814:3197:(686)ms throughput=31rps rr=22.58% cr=0.00% errors=0 total=3186
[1371494336.068662] latency=4:143:353:2452:4832:(1177)ms throughput=41rps rr=29.27% cr=0.00% errors=0 total=3227
[1371494337.072639] latency=4:101:309:858:5468:(954)ms throughput=46rps rr=23.91% cr=0.00% errors=0 total=3273
[1371494338.076654] latency=4:75:212:487:6002:(868)ms throughput=53rps rr=13.21% cr=0.00% errors=0 total=3326
[1371494339.080609] latency=4:29:234:414:7356:(1435)ms throughput=59rps rr=22.03% cr=0.00% errors=0 total=3385
[1371494340.084663] latency=4:11:231:580:8886:(1654)ms throughput=74rps rr=22.97% cr=0.00% errors=0 total=3459
[1371494341.088648] latency=4:84:233:469:10002:(2003)ms throughput=77rps rr=11.69% cr=0.00% errors=7 total=3536
[1371494342.092669] latency=4:145:457:10002:10002:(4632)ms throughput=147rps rr=4.73% cr=0.00% errors=62 total=3684
[1371494343.096646] latency=4:128:299:10001:10002:(3890)ms throughput=159rps rr=6.25% cr=0.00% errors=52 total=3844
[1371494344.100650] latency=4:65:229:8329:10002:(2788)ms throughput=128rps rr=6.20% cr=0.00% errors=28 total=3973
[1371494345.104645] latency=3:20:153:364:10002:(1697)ms throughput=120rps rr=3.33% cr=0.00% errors=16 total=4093
[1371494346.108663] latency=3:9:87:214:10002:(842)ms throughput=145rps rr=0.68% cr=0.00% errors=10 total=4239
[1371494347.112664] latency=3:10:114:218:10001:(480)ms throughput=140rps rr=0.71% cr=0.00% errors=4 total=4380
[1371494348.116661] latency=3:6:45:111:10002:(405)ms throughput=136rps rr=0.73% cr=0.00% errors=4 total=4517
[1371494349.120654] latency=3:5:9:58:9731:(108)ms throughput=137rps rr=0.72% cr=0.00% errors=0 total=4655
[1371494350.124661] latency=4:5:5:6:10:(6)ms throughput=147rps rr=0.00% cr=0.00% errors=0 total=4803
[1371494351.128682] latency=4:5:5:6:10:(6)ms throughput=130rps rr=0.00% cr=0.00% errors=0 total=4934
[1371494352.132667] latency=4:5:5:6:9:(6)ms throughput=121rps rr=0.00% cr=0.00% errors=0 total=5055
[1371494353.136669] latency=4:5:5:6:10:(6)ms throughput=139rps rr=0.00% cr=0.00% errors=0 total=5195
[1371494354.140649] latency=4:5:5:6:9:(6)ms throughput=138rps rr=0.00% cr=0.00% errors=0 total=5334
[1371494355.144690] latency=4:5:5:6:9:(6)ms throughput=140rps rr=0.00% cr=0.00% errors=0 total=5475
[1371494356.148646] latency=4:5:5:6:10:(6)ms throughput=128rps rr=0.00% cr=0.00% errors=0 total=5604
[1371494357.152658] latency=4:5:5:7:127:(7)ms throughput=135rps rr=0.74% cr=0.00% errors=0 total=5740
[1371494358.156650] latency=4:5:5:6:9:(6)ms throughput=140rps rr=0.00% cr=0.00% errors=0 total=5881
[1371494359.160647] latency=4:5:5:6:9:(6)ms throughput=140rps rr=0.00% cr=0.00% errors=0 total=6022
[1371494360.164653] latency=4:5:5:6:9:(6)ms throughput=110rps rr=0.00% cr=0.00% errors=0 total=6132
[1371494361.168662] latency=4:5:5:6:9:(5)ms throughput=128rps rr=0.78% cr=0.00% errors=0 total=6261
[1371494362.172649] latency=4:5:5:6:118:(7)ms throughput=121rps rr=0.83% cr=0.00% errors=0 total=6382
[1371494363.176646] latency=4:5:5:6:69:(6)ms throughput=140rps rr=0.71% cr=0.00% errors=0 total=6523
[1371494364.180661] latency=4:5:5:6:167:(9)ms throughput=122rps rr=2.46% cr=0.00% errors=0 total=6645
[1371494365.184660] latency=4:5:5:6:194:(11)ms throughput=117rps rr=4.27% cr=0.00% errors=0 total=6762
[1371494366.188649] latency=4:5:5:6:123:(7)ms throughput=149rps rr=0.67% cr=0.00% errors=0 total=6912
[1371494367.192651] latency=4:5:5:6:200:(10)ms throughput=151rps rr=2.63% cr=0.00% errors=0 total=7064
[1371494368.196654] latency=4:5:5:7:157:(9)ms throughput=124rps rr=4.03% cr=0.00% errors=0 total=7188
[1371494369.200665] latency=4:5:5:6:84:(7)ms throughput=143rps rr=1.39% cr=0.00% errors=0 total=7332
[1371494370.204653] latency=4:5:5:6:229:(14)ms throughput=134rps rr=7.41% cr=0.00% errors=0 total=7467
[1371494371.208678] latency=4:5:5:7:192:(11)ms throughput=144rps rr=4.14% cr=0.00% errors=0 total=7612
[1371494372.212656] latency=4:5:5:6:214:(12)ms throughput=131rps rr=3.79% cr=0.00% errors=0 total=7744
[1371494373.216663] latency=3:5:5:8:166:(14)ms throughput=121rps rr=9.09% cr=0.00% errors=0 total=7865
[1371494374.220649] latency=3:5:6:13:335:(30)ms throughput=138rps rr=12.95% cr=0.00% errors=0 total=8004
[1371494375.224661] latency=3:5:6:8:225:(18)ms throughput=132rps rr=11.28% cr=0.00% errors=0 total=8137
[1371494376.228664] latency=3:5:5:7:217:(12)ms throughput=144rps rr=5.52% cr=0.00% errors=0 total=8282
[1371494377.232655] latency=3:5:6:7:226:(16)ms throughput=122rps rr=9.84% cr=0.00% errors=0 total=8404
[1371494378.236651] latency=3:5:5:7:256:(18)ms throughput=146rps rr=8.16% cr=0.00% errors=0 total=8551
[1371494379.240652] latency=4:5:5:6:222:(15)ms throughput=115rps rr=8.70% cr=0.00% errors=0 total=8666
[1371494380.244649] latency=3:5:6:8:296:(22)ms throughput=128rps rr=12.40% cr=0.00% errors=0 total=8795
[1371494381.248666] latency=3:4:6:11:526:(42)ms throughput=129rps rr=18.46% cr=0.00% errors=0 total=8925
[1371494382.252661] latency=3:4:6:10:636:(38)ms throughput=137rps rr=18.84% cr=0.00% errors=0 total=9063
[1371494383.256650] latency=3:4:5:8:274:(22)ms throughput=133rps rr=12.69% cr=0.00% errors=0 total=9197
[1371494384.260662] latency=3:4:9:23:764:(52)ms throughput=103rps rr=12.62% cr=0.00% errors=0 total=9300
[1371494385.264662] latency=3:4:10:37:1351:(138)ms throughput=137rps rr=18.12% cr=0.00% errors=0 total=9438
[1371494386.268658] latency=3:4:6:20:1080:(95)ms throughput=123rps rr=21.14% cr=0.00% errors=0 total=9561
[1371494387.272683] latency=3:5:5:7:305:(26)ms throughput=124rps rr=15.20% cr=0.00% errors=0 total=9686
[1371494388.276650] latency=3:5:6:9:388:(26)ms throughput=125rps rr=12.80% cr=0.00% errors=0 total=9811
[1371494389.280661] latency=3:5:5:8:292:(26)ms throughput=138rps rr=13.67% cr=0.00% errors=0 total=9950
[1371494390.284658] latency=3:5:5:7:232:(17)ms throughput=143rps rr=9.72% cr=0.00% errors=0 total=10094
[1371494391.288651] latency=4:5:5:7:175:(10)ms throughput=137rps rr=5.07% cr=0.00% errors=0 total=10232
[1371494392.292668] latency=3:5:6:7:233:(18)ms throughput=142rps rr=9.79% cr=0.00% errors=0 total=10375
[1371494393.296630] latency=4:5:5:6:141:(9)ms throughput=118rps rr=4.24% cr=0.00% errors=0 total=10493
[1371494394.300656] latency=3:5:6:8:221:(16)ms throughput=141rps rr=9.15% cr=0.00% errors=0 total=10635
[1371494395.304665] latency=3:5:6:9:320:(24)ms throughput=142rps rr=9.79% cr=0.00% errors=0 total=10778
[1371494396.308670] latency=3:4:5:8:420:(27)ms throughput=140rps rr=15.60% cr=0.00% errors=0 total=10919
[1371494397.312673] latency=3:4:5:9:280:(26)ms throughput=139rps rr=13.57% cr=0.00% errors=0 total=11059
[1371494398.316651] latency=3:4:8:14:507:(37)ms throughput=139rps rr=12.86% cr=0.00% errors=0 total=11199
[1371494399.320665] latency=3:4:9:53:1292:(120)ms throughput=129rps rr=18.46% cr=0.00% errors=0 total=11329
[1371494400.324687] latency=3:5:15:49:1606:(153)ms throughput=133rps rr=18.66% cr=0.00% errors=0 total=11463
[1371494401.328606] latency=3:5:9:31:1573:(156)ms throughput=136rps rr=14.60% cr=0.00% errors=0 total=11600
[1371494402.332624] latency=3:5:10:34:1700:(144)ms throughput=176rps rr=16.95% cr=0.00% errors=0 total=11777
[1371494403.336633] latency=4:5:5:7:345:(15)ms throughput=128rps rr=4.65% cr=0.00% errors=0 total=11906
[1371494404.340628] latency=3:5:6:8:265:(26)ms throughput=132rps rr=12.03% cr=0.00% errors=0 total=12039
[1371494405.345486] latency=3:5:5:7:175:(12)ms throughput=133rps rr=5.97% cr=0.00% errors=0 total=12173
[1371494406.348606] latency=5:5:5:6:103:(7)ms throughput=123rps rr=1.63% cr=0.00% errors=0 total=12296
[1371494407.352655] latency=4:5:5:6:90:(7)ms throughput=122rps rr=2.46% cr=0.00% errors=0 total=12418
[1371494408.368681] latency=4:5:5:6:189:(9)ms throughput=132rps rr=2.24% cr=0.00% errors=0 total=12552
[1371494409.372654] latency=4:5:5:7:182:(9)ms throughput=141rps rr=2.82% cr=0.00% errors=0 total=12694
[1371494410.376648] latency=4:5:5:6:167:(10)ms throughput=146rps rr=5.44% cr=0.00% errors=0 total=12841
[1371494411.380628] latency=4:5:5:6:119:(8)ms throughput=128rps rr=3.88% cr=0.00% errors=0 total=12970
[1371494412.384628] latency=4:5:5:7:187:(11)ms throughput=134rps rr=4.44% cr=0.00% errors=0 total=13105
[1371494413.388612] latency=4:5:5:7:190:(12)ms throughput=124rps rr=4.84% cr=0.00% errors=0 total=13229
[1371494414.392615] latency=3:5:5:7:248:(16)ms throughput=151rps rr=8.55% cr=0.00% errors=0 total=13381
[1371494415.396603] latency=3:5:6:9:398:(27)ms throughput=129rps rr=11.54% cr=0.00% errors=0 total=13511
[1371494416.400675] latency=3:5:5:10:266:(26)ms throughput=131rps rr=18.94% cr=0.00% errors=0 total=13643
[1371494417.404906] latency=3:5:5:7:248:(16)ms throughput=126rps rr=9.45% cr=0.00% errors=0 total=13770
[1371494418.408666] latency=3:5:5:7:293:(22)ms throughput=135rps rr=14.71% cr=0.00% errors=0 total=13906
[1371494419.412653] latency=3:5:6:8:232:(19)ms throughput=127rps rr=9.38% cr=0.00% errors=0 total=14034
[1371494420.416615] latency=3:4:5:8:301:(24)ms throughput=151rps rr=14.47% cr=0.00% errors=0 total=14186
[1371494421.420629] latency=3:4:6:17:278:(30)ms throughput=126rps rr=20.47% cr=0.00% errors=0 total=14313
[1371494422.424631] latency=3:5:6:8:303:(23)ms throughput=120rps rr=13.33% cr=0.00% errors=0 total=14433
[1371494423.428616] latency=3:4:6:20:508:(59)ms throughput=124rps rr=22.58% cr=0.00% errors=0 total=14557
[1371494424.432622] latency=3:5:14:46:977:(79)ms throughput=118rps rr=18.64% cr=0.00% errors=0 total=14675
[1371494425.436615] latency=3:5:12:38:1495:(146)ms throughput=125rps rr=20.80% cr=0.00% errors=0 total=14800
[1371494426.440623] latency=3:6:14:55:1851:(191)ms throughput=122rps rr=18.03% cr=0.00% errors=0 total=14922
[1371494427.444616] latency=3:6:30:86:2263:(247)ms throughput=104rps rr=16.35% cr=0.00% errors=0 total=15026
[1371494428.448633] latency=3:5:17:58:2725:(304)ms throughput=134rps rr=18.52% cr=0.00% errors=0 total=15161
[1371494429.452622] latency=3:5:5:10:2242:(140)ms throughput=131rps rr=18.94% cr=0.00% errors=0 total=15293
[1371494430.456620] latency=4:5:5:6:189:(13)ms throughput=111rps rr=5.41% cr=0.00% errors=0 total=15404
[1371494430.456839] set concurrency=200
[1371494431.492657] latency=4:5:5:6:34:(6)ms throughput=69rps rr=2.82% cr=0.00% errors=0 total=15475
[1371494432.496652] latency=4:5:5:6:105:(8)ms throughput=63rps rr=3.17% cr=0.00% errors=0 total=15538
[1371494433.500677] latency=4:5:5:6:186:(10)ms throughput=69rps rr=4.35% cr=0.00% errors=0 total=15607
[1371494434.504650] latency=5:5:5:6:58:(7)ms throughput=49rps rr=2.04% cr=0.00% errors=0 total=15656
[1371494435.508622] latency=4:5:5:6:168:(12)ms throughput=74rps rr=5.41% cr=0.00% errors=0 total=15730
[1371494436.512650] latency=5:5:5:6:9:(6)ms throughput=70rps rr=0.00% cr=0.00% errors=0 total=15800
[1371494437.516677] latency=5:5:5:7:201:(14)ms throughput=62rps rr=4.84% cr=0.00% errors=0 total=15862
[1371494438.520654] latency=4:5:5:6:134:(8)ms throughput=63rps rr=1.59% cr=0.00% errors=0 total=15925
[1371494439.524661] latency=4:5:5:7:206:(11)ms throughput=72rps rr=4.17% cr=0.00% errors=0 total=15997
[1371494440.528659] latency=4:5:5:6:168:(9)ms throughput=57rps rr=1.75% cr=0.00% errors=0 total=16054
[1371494441.532649] latency=5:5:5:6:164:(10)ms throughput=60rps rr=5.00% cr=0.00% errors=0 total=16114
[1371494442.536661] latency=4:5:5:6:166:(11)ms throughput=68rps rr=4.41% cr=0.00% errors=0 total=16182
[1371494443.540665] latency=4:5:5:7:158:(15)ms throughput=56rps rr=7.14% cr=0.00% errors=0 total=16238
[1371494444.544829] latency=5:5:5:6:60:(6)ms throughput=65rps rr=3.08% cr=0.00% errors=0 total=16303
[1371494445.548638] latency=3:5:5:7:246:(24)ms throughput=73rps rr=13.70% cr=0.00% errors=0 total=16376
[1371494446.552775] latency=4:5:6:8:229:(27)ms throughput=64rps rr=17.19% cr=0.00% errors=0 total=16440
[1371494447.556631] latency=4:5:5:8:217:(19)ms throughput=96rps rr=10.42% cr=0.00% errors=0 total=16536
[1371494448.560679] latency=4:5:6:8:239:(27)ms throughput=81rps rr=16.05% cr=0.00% errors=0 total=16617
[1371494449.564646] latency=5:5:5:7:204:(17)ms throughput=62rps rr=9.68% cr=0.00% errors=0 total=16679
[1371494450.568653] latency=3:5:5:18:216:(35)ms throughput=61rps rr=26.23% cr=0.00% errors=0 total=16740
[1371494451.572628] latency=3:5:6:25:344:(61)ms throughput=84rps rr=27.38% cr=0.00% errors=0 total=16824
[1371494452.576643] latency=3:4:5:71:396:(57)ms throughput=68rps rr=27.94% cr=0.00% errors=0 total=16892
[1371494453.580645] latency=4:5:6:47:251:(37)ms throughput=64rps rr=28.12% cr=0.00% errors=0 total=16956
[1371494454.584656] latency=3:5:7:64:396:(55)ms throughput=75rps rr=32.00% cr=0.00% errors=0 total=17031
[1371494455.588633] latency=4:5:7:22:264:(39)ms throughput=70rps rr=28.57% cr=0.00% errors=0 total=17101
[1371494456.592642] latency=3:5:7:53:410:(48)ms throughput=63rps rr=31.75% cr=0.00% errors=0 total=17164
[1371494457.596641] latency=3:4:12:48:1097:(149)ms throughput=48rps rr=25.00% cr=0.00% errors=0 total=17212
[1371494458.600638] latency=3:13:44:405:1846:(346)ms throughput=66rps rr=34.85% cr=0.00% errors=0 total=17278
[1371494459.604635] latency=3:5:26:438:1905:(349)ms throughput=87rps rr=44.83% cr=0.00% errors=0 total=17365
[1371494460.608648] latency=4:5:6:28:232:(39)ms throughput=56rps rr=25.00% cr=0.00% errors=0 total=17421
[1371494461.612640] latency=3:5:5:8:283:(31)ms throughput=68rps rr=19.12% cr=0.00% errors=0 total=17489
[1371494462.616684] latency=4:5:5:6:200:(22)ms throughput=67rps rr=16.42% cr=0.00% errors=0 total=17556
[1371494463.620625] latency=4:5:5:6:108:(10)ms throughput=67rps rr=7.46% cr=0.00% errors=0 total=17623
[1371494464.624639] latency=4:5:5:6:178:(13)ms throughput=64rps rr=7.81% cr=0.00% errors=0 total=17687
[1371494465.628671] latency=4:5:5:6:167:(19)ms throughput=53rps rr=9.43% cr=0.00% errors=0 total=17740
[1371494466.632640] latency=4:5:5:6:190:(11)ms throughput=70rps rr=4.29% cr=0.00% errors=0 total=17810
[1371494467.636629] latency=5:5:5:6:234:(21)ms throughput=62rps rr=11.29% cr=0.00% errors=0 total=17872
[1371494468.640645] latency=4:5:6:9:196:(28)ms throughput=65rps rr=21.54% cr=0.00% errors=0 total=17937
[1371494469.644641] latency=4:5:6:9:217:(23)ms throughput=63rps rr=19.05% cr=0.00% errors=0 total=18000
[1371494470.648651] latency=3:5:5:7:258:(27)ms throughput=75rps rr=18.67% cr=0.00% errors=0 total=18075
[1371494471.652626] latency=3:5:5:43:293:(48)ms throughput=74rps rr=28.38% cr=0.00% errors=0 total=18149
[1371494472.656668] latency=4:5:6:80:276:(53)ms throughput=61rps rr=32.79% cr=0.00% errors=0 total=18210
[1371494473.660678] latency=4:5:5:9:272:(36)ms throughput=66rps rr=25.76% cr=0.00% errors=0 total=18276
[1371494474.664644] latency=4:5:5:10:219:(25)ms throughput=59rps rr=20.34% cr=0.00% errors=0 total=18335
[1371494475.668642] latency=3:5:10:89:280:(56)ms throughput=69rps rr=37.68% cr=0.00% errors=0 total=18404
[1371494476.672649] latency=3:4:6:104:410:(75)ms throughput=78rps rr=35.90% cr=0.00% errors=0 total=18482
[1371494477.676642] latency=3:5:7:46:461:(68)ms throughput=49rps rr=34.69% cr=0.00% errors=0 total=18531
[1371494478.680655] latency=3:5:6:75:566:(68)ms throughput=51rps rr=37.25% cr=0.00% errors=0 total=18582
[1371494479.684655] latency=4:5:17:107:468:(84)ms throughput=47rps rr=38.30% cr=0.00% errors=0 total=18629
[1371494480.688664] latency=3:4:38:294:687:(158)ms throughput=57rps rr=52.63% cr=0.00% errors=0 total=18686
[1371494481.692646] latency=4:5:18:243:548:(125)ms throughput=55rps rr=45.45% cr=0.00% errors=0 total=18741
[1371494482.696652] latency=4:5:11:198:451:(98)ms throughput=56rps rr=42.86% cr=0.00% errors=0 total=18797
[1371494483.700646] latency=4:10:71:654:1341:(338)ms throughput=40rps rr=47.50% cr=0.00% errors=0 total=18837
[1371494484.704646] latency=3:5:26:452:1770:(317)ms throughput=54rps rr=40.74% cr=0.00% errors=0 total=18891
[1371494485.708646] latency=4:6:59:1218:2436:(536)ms throughput=81rps rr=41.98% cr=0.00% errors=0 total=18972
[1371494486.712648] latency=3:5:15:382:2235:(246)ms throughput=69rps rr=40.58% cr=0.00% errors=0 total=19041
[1371494487.716641] latency=4:5:5:8:207:(21)ms throughput=68rps rr=14.71% cr=0.00% errors=0 total=19109
[1371494488.720650] latency=4:5:5:7:193:(18)ms throughput=74rps rr=10.81% cr=0.00% errors=0 total=19183
[1371494489.724634] latency=4:5:5:7:238:(18)ms throughput=70rps rr=8.57% cr=0.00% errors=0 total=19253
[1371494490.728634] latency=4:5:5:6:194:(11)ms throughput=69rps rr=4.35% cr=0.00% errors=0 total=19322
[1371494491.732661] latency=4:5:5:6:190:(12)ms throughput=67rps rr=5.97% cr=0.00% errors=0 total=19389
[1371494492.736674] latency=3:5:5:6:185:(10)ms throughput=64rps rr=3.12% cr=0.00% errors=0 total=19453
[1371494493.740671] latency=5:5:5:6:99:(7)ms throughput=51rps rr=3.92% cr=0.00% errors=0 total=19504
[1371494494.744685] latency=4:5:5:8:174:(15)ms throughput=73rps rr=8.22% cr=0.00% errors=0 total=19577
[1371494495.748664] latency=4:5:5:6:157:(13)ms throughput=63rps rr=6.35% cr=0.00% errors=0 total=19640
[1371494496.752648] latency=5:5:5:7:212:(23)ms throughput=53rps rr=16.98% cr=0.00% errors=0 total=19693
[1371494497.756638] latency=4:5:5:7:226:(18)ms throughput=63rps rr=9.52% cr=0.00% errors=0 total=19756
[1371494498.760651] latency=4:5:5:7:214:(22)ms throughput=68rps rr=13.24% cr=0.00% errors=0 total=19824
[1371494499.764635] latency=4:5:6:8:212:(22)ms throughput=59rps rr=18.64% cr=0.00% errors=0 total=19883
[1371494500.768677] latency=4:5:5:8:216:(26)ms throughput=68rps rr=17.65% cr=0.00% errors=0 total=19951
[1371494501.772609] latency=3:5:6:18:255:(45)ms throughput=61rps rr=26.23% cr=0.00% errors=0 total=20012
[1371494502.776612] latency=3:5:6:98:360:(68)ms throughput=63rps rr=28.57% cr=0.00% errors=0 total=20075
[1371494503.780617] latency=3:5:5:21:230:(37)ms throughput=61rps rr=26.23% cr=0.00% errors=0 total=20136
[1371494504.784623] latency=3:5:7:45:420:(56)ms throughput=83rps rr=27.71% cr=0.00% errors=0 total=20219
[1371494505.788622] latency=3:5:6:72:448:(53)ms throughput=55rps rr=29.09% cr=0.00% errors=0 total=20274
[1371494506.792611] latency=3:4:6:142:423:(78)ms throughput=72rps rr=37.50% cr=0.00% errors=0 total=20346
[1371494507.796613] latency=3:5:8:66:402:(51)ms throughput=69rps rr=31.88% cr=0.00% errors=0 total=20415
[1371494508.800636] latency=3:4:7:216:653:(104)ms throughput=80rps rr=38.75% cr=0.00% errors=0 total=20495
[1371494509.804620] latency=3:4:7:188:548:(102)ms throughput=65rps rr=46.15% cr=0.00% errors=0 total=20560
[1371494510.808623] latency=3:5:6:19:251:(40)ms throughput=53rps rr=32.08% cr=0.00% errors=0 total=20613
[1371494511.812655] latency=3:4:8:240:840:(140)ms throughput=67rps rr=37.31% cr=0.00% errors=0 total=20680
[1371494512.816621] latency=3:5:10:346:1100:(214)ms throughput=64rps rr=39.06% cr=0.00% errors=0 total=20744
[1371494513.820627] latency=3:6:19:286:949:(177)ms throughput=55rps rr=34.55% cr=0.00% errors=0 total=20799
[1371494514.824611] latency=4:5:13:543:1303:(258)ms throughput=73rps rr=39.73% cr=0.00% errors=0 total=20872
[1371494515.828622] latency=3:4:7:225:853:(125)ms throughput=66rps rr=37.88% cr=0.00% errors=0 total=20938
[1371494516.832620] latency=4:4:5:12:366:(50)ms throughput=68rps rr=25.00% cr=0.00% errors=0 total=21006
[1371494517.836609] latency=3:4:5:7:373:(44)ms throughput=71rps rr=21.13% cr=0.00% errors=0 total=21077
[1371494518.840610] latency=3:5:5:13:306:(50)ms throughput=68rps rr=23.53% cr=0.00% errors=0 total=21145
[1371494519.844597] latency=4:5:6:9:294:(43)ms throughput=77rps rr=23.38% cr=0.00% errors=0 total=21222
[1371494520.848608] latency=4:5:6:20:240:(39)ms throughput=66rps rr=24.24% cr=0.00% errors=0 total=21288
[1371494521.852645] latency=4:5:5:8:212:(29)ms throughput=66rps rr=22.73% cr=0.00% errors=0 total=21354
[1371494522.856624] latency=4:5:5:7:169:(16)ms throughput=63rps rr=15.87% cr=0.00% errors=0 total=21417
[1371494523.860714] latency=4:5:5:64:365:(55)ms throughput=80rps rr=32.50% cr=0.00% errors=0 total=21497
[1371494524.864627] latency=3:4:6:129:282:(59)ms throughput=56rps rr=32.14% cr=0.00% errors=0 total=21553
[1371494525.868609] latency=4:5:6:161:404:(83)ms throughput=58rps rr=36.21% cr=0.00% errors=0 total=21611
[1371494526.872617] latency=3:5:6:86:324:(54)ms throughput=74rps rr=29.73% cr=0.00% errors=0 total=21685
[1371494527.876611] latency=3:5:6:87:383:(55)ms throughput=58rps rr=32.76% cr=0.00% errors=0 total=21743
[1371494528.880629] latency=3:4:6:109:376:(72)ms throughput=63rps rr=39.68% cr=0.00% errors=0 total=21806
[1371494529.884616] latency=3:4:14:222:714:(128)ms throughput=59rps rr=38.98% cr=0.00% errors=0 total=21865
[1371494530.888625] latency=3:5:15:335:972:(203)ms throughput=69rps rr=44.93% cr=0.00% errors=0 total=21934
[1371494530.888810] set concurrency=800
[1371494532.016706] latency=3:8:41:113:1079:(93)ms throughput=145rps rr=9.76% cr=0.00% errors=0 total=22098
[1371494533.020708] latency=3:9:59:188:2197:(180)ms throughput=137rps rr=8.70% cr=0.00% errors=0 total=22236
[1371494534.024675] latency=4:67:162:288:2420:(286)ms throughput=168rps rr=7.69% cr=0.00% errors=0 total=22405
[1371494535.028672] latency=4:11:203:371:3652:(346)ms throughput=155rps rr=6.41% cr=0.00% errors=0 total=22561
[1371494536.032650] latency=4:87:277:478:4490:(453)ms throughput=170rps rr=5.26% cr=0.00% errors=0 total=22732
[1371494537.036674] latency=3:16:170:328:5491:(389)ms throughput=147rps rr=6.08% cr=0.00% errors=0 total=22880
[1371494538.040661] latency=3:25:239:395:6191:(525)ms throughput=162rps rr=7.36% cr=0.00% errors=0 total=23043
[1371494539.044687] latency=4:49:194:380:6067:(386)ms throughput=179rps rr=3.33% cr=0.00% errors=0 total=23223
[1371494540.048657] latency=4:62:236:450:8562:(545)ms throughput=150rps rr=4.64% cr=0.00% errors=0 total=23374
[1371494541.052663] latency=4:50:241:440:10002:(1049)ms throughput=182rps rr=3.83% cr=0.00% errors=11 total=23557
[1371494542.056648] latency=3:70:283:8345:10002:(2804)ms throughput=241rps rr=3.72% cr=0.00% errors=57 total=23799
[1371494543.060672] latency=4:70:236:688:10002:(2489)ms throughput=251rps rr=1.98% cr=0.00% errors=55 total=24051
[1371494544.064660] latency=3:15:288:662:10002:(2057)ms throughput=249rps rr=0.40% cr=0.00% errors=46 total=24301
[1371494545.068688] latency=3:151:296:492:10002:(1013)ms throughput=256rps rr=1.17% cr=0.00% errors=17 total=24558
[1371494546.072670] latency=3:82:199:373:10002:(843)ms throughput=243rps rr=1.23% cr=0.00% errors=13 total=24802
[1371494547.076630] latency=3:30:203:424:10002:(754)ms throughput=263rps rr=0.00% cr=0.00% errors=14 total=25066
[1371494548.080631] latency=4:27:164:337:10002:(360)ms throughput=284rps rr=0.00% cr=0.00% errors=4 total=25351
[1371494549.084641] latency=3:9:98:249:10002:(352)ms throughput=240rps rr=0.00% cr=0.00% errors=5 total=25592
[1371494550.088680] latency=3:10:96:286:10002:(283)ms throughput=244rps rr=0.00% cr=0.00% errors=3 total=25837
[1371494551.092649] latency=3:12:133:283:10001:(247)ms throughput=236rps rr=0.00% cr=0.00% errors=2 total=26074
[1371494552.096674] latency=3:12:102:213:861:(134)ms throughput=251rps rr=0.00% cr=0.00% errors=0 total=26326
[1371494553.100668] latency=3:17:119:219:727:(154)ms throughput=299rps rr=0.00% cr=0.00% errors=0 total=26626
[1371494554.104644] latency=3:8:39:155:744:(99)ms throughput=252rps rr=0.00% cr=0.00% errors=0 total=26879
[1371494555.108667] latency=3:5:6:12:167:(16)ms throughput=267rps rr=0.00% cr=0.00% errors=0 total=27147
[1371494556.112667] latency=3:5:6:7:16:(6)ms throughput=269rps rr=0.00% cr=0.00% errors=0 total=27417
[1371494557.116669] latency=4:5:5:6:10:(6)ms throughput=283rps rr=0.00% cr=0.00% errors=0 total=27701
[1371494558.120674] latency=4:5:5:7:12:(6)ms throughput=231rps rr=0.00% cr=0.00% errors=0 total=27933
[1371494559.124602] latency=3:5:5:7:13:(6)ms throughput=272rps rr=0.00% cr=0.00% errors=0 total=28206
[1371494560.128625] latency=3:5:5:7:14:(6)ms throughput=261rps rr=0.00% cr=0.00% errors=0 total=28468
[1371494561.132600] latency=4:5:6:7:18:(6)ms throughput=290rps rr=0.00% cr=0.00% errors=0 total=28759
[1371494562.136817] latency=4:5:5:6:14:(6)ms throughput=263rps rr=0.00% cr=0.00% errors=0 total=29023
[1371494563.140639] latency=4:5:5:7:13:(6)ms throughput=251rps rr=0.00% cr=0.00% errors=0 total=29275
[1371494564.144617] latency=4:5:5:6:12:(6)ms throughput=262rps rr=0.00% cr=0.00% errors=0 total=29538
[1371494565.148615] latency=5:5:5:7:12:(6)ms throughput=274rps rr=0.00% cr=0.00% errors=0 total=29813
[1371494566.152647] latency=3:5:5:6:12:(6)ms throughput=260rps rr=0.00% cr=0.00% errors=0 total=30074
[1371494567.156649] latency=3:5:5:6:13:(6)ms throughput=247rps rr=0.00% cr=0.00% errors=0 total=30322
[1371494568.160753] latency=4:5:5:6:10:(6)ms throughput=272rps rr=0.00% cr=0.00% errors=0 total=30595
[1371494569.164611] latency=3:5:5:7:106:(7)ms throughput=273rps rr=2.19% cr=0.00% errors=0 total=30869
[1371494570.168808] latency=3:5:5:6:201:(8)ms throughput=235rps rr=2.54% cr=0.00% errors=0 total=31105
[1371494571.172627] latency=3:5:5:8:242:(10)ms throughput=271rps rr=2.57% cr=0.00% errors=0 total=31377
[1371494572.176601] latency=3:5:5:7:205:(8)ms throughput=261rps rr=1.53% cr=0.00% errors=0 total=31639
[1371494573.180623] latency=4:5:5:7:101:(7)ms throughput=265rps rr=0.75% cr=0.00% errors=0 total=31905
[1371494574.185130] latency=4:5:6:7:158:(8)ms throughput=273rps rr=1.46% cr=0.00% errors=0 total=32179
[1371494575.188597] latency=3:5:5:7:202:(8)ms throughput=288rps rr=2.08% cr=0.00% errors=0 total=32468
[1371494576.192656] latency=3:5:6:7:187:(8)ms throughput=279rps rr=1.43% cr=0.00% errors=0 total=32748
[1371494577.196632] latency=3:5:6:9:337:(16)ms throughput=290rps rr=5.15% cr=0.00% errors=0 total=33039
[1371494578.200603] latency=2:4:6:8:282:(14)ms throughput=275rps rr=3.62% cr=0.00% errors=0 total=33315
[1371494579.204616] latency=3:5:5:7:461:(17)ms throughput=245rps rr=5.69% cr=0.00% errors=0 total=33561
[1371494580.208648] latency=3:5:5:8:234:(12)ms throughput=251rps rr=4.37% cr=0.00% errors=0 total=33813
[1371494581.212811] latency=3:5:5:7:170:(10)ms throughput=276rps rr=3.61% cr=0.00% errors=0 total=34090
[1371494582.216768] latency=3:4:5:8:293:(14)ms throughput=285rps rr=5.59% cr=0.00% errors=0 total=34376
[1371494583.220675] latency=3:5:7:13:594:(21)ms throughput=267rps rr=4.10% cr=0.00% errors=0 total=34644
[1371494584.224677] latency=3:5:7:13:959:(40)ms throughput=288rps rr=7.27% cr=0.00% errors=0 total=34933
[1371494585.228667] latency=3:5:6:8:391:(17)ms throughput=280rps rr=6.05% cr=0.00% errors=0 total=35214
[1371494586.232668] latency=3:5:6:8:278:(15)ms throughput=255rps rr=5.47% cr=0.00% errors=0 total=35470
[1371494587.236674] latency=3:5:7:16:358:(19)ms throughput=258rps rr=4.25% cr=0.00% errors=0 total=35729
[1371494588.240686] latency=3:4:6:15:880:(59)ms throughput=247rps rr=10.48% cr=0.00% errors=0 total=35977
[1371494589.244664] latency=3:5:6:11:333:(17)ms throughput=284rps rr=5.96% cr=0.00% errors=0 total=36262
[1371494590.248687] latency=3:5:5:7:232:(10)ms throughput=269rps rr=4.07% cr=0.00% errors=0 total=36532
[1371494591.252687] latency=3:5:6:9:542:(23)ms throughput=253rps rr=5.12% cr=0.00% errors=0 total=36786
[1371494592.256662] latency=3:4:5:8:357:(16)ms throughput=268rps rr=6.69% cr=0.00% errors=0 total=37055
[1371494593.260679] latency=3:4:6:9:433:(22)ms throughput=234rps rr=7.23% cr=0.00% errors=0 total=37290
[1371494594.264686] latency=3:4:7:14:765:(33)ms throughput=266rps rr=6.74% cr=0.00% errors=0 total=37557
[1371494595.268688] latency=3:5:9:18:841:(42)ms throughput=250rps rr=6.77% cr=0.00% errors=0 total=37808
[1371494596.272677] latency=3:4:6:11:794:(30)ms throughput=287rps rr=6.25% cr=0.00% errors=0 total=38096
[1371494597.276676] latency=3:4:6:8:565:(26)ms throughput=258rps rr=6.95% cr=0.00% errors=0 total=38355
[1371494598.280680] latency=3:5:5:8:164:(10)ms throughput=266rps rr=3.75% cr=0.00% errors=0 total=38622
[1371494599.284687] latency=3:5:6:8:231:(11)ms throughput=279rps rr=2.86% cr=0.00% errors=0 total=38902
[1371494600.288687] latency=3:4:6:13:883:(44)ms throughput=254rps rr=7.06% cr=0.00% errors=0 total=39157
[1371494601.292682] latency=3:4:6:9:515:(22)ms throughput=266rps rr=7.49% cr=0.00% errors=0 total=39424
[1371494602.296676] latency=3:5:5:9:271:(13)ms throughput=256rps rr=4.67% cr=0.00% errors=0 total=39681
[1371494603.300672] latency=3:5:7:11:415:(21)ms throughput=274rps rr=5.82% cr=0.00% errors=0 total=39956
[1371494604.304714] latency=3:5:8:14:553:(28)ms throughput=297rps rr=5.37% cr=0.00% errors=0 total=40254
[1371494605.308695] latency=3:5:6:9:326:(16)ms throughput=280rps rr=6.05% cr=0.00% errors=0 total=40535
[1371494606.312694] latency=3:5:6:8:296:(14)ms throughput=232rps rr=5.58% cr=0.00% errors=0 total=40768
[1371494607.316686] latency=3:4:6:8:276:(15)ms throughput=265rps rr=6.02% cr=0.00% errors=0 total=41034
[1371494608.320697] latency=3:5:5:8:230:(13)ms throughput=249rps rr=5.60% cr=0.00% errors=0 total=41284
[1371494609.324692] latency=3:4:6:11:502:(20)ms throughput=248rps rr=5.22% cr=0.00% errors=0 total=41533
[1371494610.328704] latency=3:5:10:24:1154:(67)ms throughput=258rps rr=9.27% cr=0.00% errors=0 total=41792
[1371494611.332684] latency=3:4:7:13:1082:(41)ms throughput=269rps rr=8.89% cr=0.00% errors=0 total=42062
[1371494612.336697] latency=3:5:6:9:302:(17)ms throughput=259rps rr=6.15% cr=0.00% errors=0 total=42322
[1371494613.340667] latency=3:5:6:11:482:(28)ms throughput=233rps rr=6.41% cr=0.00% errors=0 total=42556
[1371494614.344698] latency=3:5:6:8:270:(14)ms throughput=298rps rr=5.35% cr=0.00% errors=0 total=42855
[1371494615.348664] latency=3:5:6:8:339:(13)ms throughput=256rps rr=3.89% cr=0.00% errors=0 total=43112
[1371494616.352693] latency=3:5:5:8:276:(12)ms throughput=261rps rr=4.96% cr=0.00% errors=0 total=43374
[1371494617.356687] latency=3:5:6:8:309:(13)ms throughput=286rps rr=3.83% cr=0.00% errors=0 total=43661
[1371494618.360677] latency=3:5:6:8:368:(17)ms throughput=251rps rr=5.16% cr=0.00% errors=0 total=43913
[1371494619.364673] latency=3:5:6:8:373:(13)ms throughput=267rps rr=4.85% cr=0.00% errors=0 total=44181
[1371494620.368704] latency=3:5:6:10:343:(15)ms throughput=247rps rr=6.05% cr=0.00% errors=0 total=44429
[1371494621.372690] latency=3:4:7:13:731:(34)ms throughput=240rps rr=8.71% cr=0.00% errors=0 total=44670
[1371494622.376694] latency=3:4:7:15:841:(36)ms throughput=227rps rr=6.14% cr=0.00% errors=0 total=44898
[1371494623.380683] latency=3:6:12:43:1486:(73)ms throughput=234rps rr=5.53% cr=0.00% errors=0 total=45133
[1371494624.384696] latency=3:5:13:47:2054:(119)ms throughput=228rps rr=8.30% cr=0.00% errors=0 total=45362
[1371494625.388682] latency=3:6:18:57:2333:(128)ms throughput=245rps rr=6.50% cr=0.00% errors=0 total=45608
[1371494626.392697] latency=3:6:11:31:2369:(129)ms throughput=291rps rr=7.88% cr=0.00% errors=0 total=45900
[1371494627.396685] latency=3:5:6:7:2456:(58)ms throughput=269rps rr=4.81% cr=0.00% errors=0 total=46170
[1371494628.400707] latency=3:5:5:7:197:(8)ms throughput=262rps rr=2.28% cr=0.00% errors=0 total=46433
[1371494629.404839] latency=3:5:6:7:150:(7)ms throughput=291rps rr=1.03% cr=0.00% errors=0 total=46725
[1371494630.408780] latency=3:5:5:7:205:(8)ms throughput=279rps rr=1.43% cr=0.00% errors=0 total=47005
[1371494631.412605] latency=4:5:5:7:12:(6)ms throughput=245rps rr=0.00% cr=0.00% errors=0 total=47251
[1371494631.412896] set concurrency=50
[1371494632.516723] latency=5:5:5:6:8:(5)ms throughput=34rps rr=0.00% cr=0.00% errors=0 total=47289
[1371494633.520651] latency=4:5:5:5:6:(5)ms throughput=18rps rr=0.00% cr=0.00% errors=0 total=47307
[1371494634.524637] latency=4:5:5:5:96:(9)ms throughput=27rps rr=3.70% cr=0.00% errors=0 total=47334
[1371494635.528614] latency=4:5:5:6:9:(6)ms throughput=20rps rr=0.00% cr=0.00% errors=0 total=47354
[1371494636.532619] latency=5:5:5:6:9:(6)ms throughput=15rps rr=0.00% cr=0.00% errors=0 total=47369
[1371494637.536646] latency=5:5:5:6:8:(5)ms throughput=10rps rr=0.00% cr=0.00% errors=0 total=47379
[1371494638.540607] latency=5:5:5:6:8:(6)ms throughput=11rps rr=0.00% cr=0.00% errors=0 total=47390
[1371494639.544619] latency=5:8:99:128:203:(84)ms throughput=16rps rr=62.50% cr=0.00% errors=0 total=47406
[1371494640.548619] latency=5:5:5:59:188:(37)ms throughput=12rps rr=33.33% cr=0.00% errors=0 total=47418
[1371494641.552614] latency=5:5:6:7:182:(22)ms throughput=23rps rr=17.39% cr=0.00% errors=0 total=47441
[1371494642.556619] latency=5:5:7:84:126:(41)ms throughput=9rps rr=44.44% cr=0.00% errors=0 total=47450
[1371494643.560640] latency=5:6:41:149:186:(79)ms throughput=13rps rr=53.85% cr=0.00% errors=0 total=47463
[1371494644.564638] latency=6:8:61:141:202:(80)ms throughput=11rps rr=63.64% cr=0.00% errors=0 total=47474
[1371494645.568642] latency=5:5:133:170:237:(117)ms throughput=15rps rr=80.00% cr=0.00% errors=0 total=47489
[1371494646.572643] latency=6:90:119:172:219:(125)ms throughput=12rps rr=100.00% cr=0.00% errors=0 total=47501
[1371494647.576648] latency=24:46:87:213:287:(131)ms throughput=15rps rr=100.00% cr=0.00% errors=0 total=47516
[1371494648.580626] latency=5:46:154:199:236:(129)ms throughput=12rps rr=100.00% cr=0.00% errors=0 total=47528
[1371494649.584628] latency=39:72:161:219:263:(152)ms throughput=14rps rr=100.00% cr=0.00% errors=0 total=47542
[1371494650.588634] latency=23:42:115:173:263:(121)ms throughput=21rps rr=100.00% cr=0.00% errors=0 total=47563
[1371494651.592620] latency=5:83:104:209:234:(129)ms throughput=17rps rr=100.00% cr=0.00% errors=0 total=47580
[1371494652.596615] latency=24:46:110:170:220:(112)ms throughput=14rps rr=100.00% cr=0.00% errors=0 total=47594
[1371494653.600819] latency=5:78:202:234:316:(178)ms throughput=15rps rr=100.00% cr=0.00% errors=0 total=47609
[1371494654.604781] latency=5:51:86:140:194:(90)ms throughput=14rps rr=100.00% cr=0.00% errors=0 total=47623
[1371494655.608627] latency=4:123:179:249:290:(171)ms throughput=12rps rr=100.00% cr=0.00% errors=0 total=47635
[1371494656.612622] latency=5:56:191:266:387:(179)ms throughput=18rps rr=100.00% cr=0.00% errors=0 total=47653
[1371494657.616614] latency=37:60:105:152:169:(106)ms throughput=13rps rr=100.00% cr=0.00% errors=0 total=47666
[1371494658.620615] latency=5:49:160:185:247:(135)ms throughput=17rps rr=100.00% cr=0.00% errors=0 total=47683
[1371494659.624616] latency=7:57:125:206:238:(132)ms throughput=22rps rr=100.00% cr=0.00% errors=0 total=47705
[1371494660.628625] latency=79:91:195:240:254:(171)ms throughput=13rps rr=100.00% cr=0.00% errors=0 total=47718
[1371494661.632624] latency=5:53:70:176:256:(99)ms throughput=18rps rr=100.00% cr=0.00% errors=0 total=47736
[1371494662.636642] latency=6:60:103:176:244:(116)ms throughput=13rps rr=100.00% cr=0.00% errors=0 total=47749
[1371494663.640625] latency=5:54:83:118:216:(95)ms throughput=16rps rr=100.00% cr=0.00% errors=0 total=47765
[1371494664.644626] latency=21:73:142:191:251:(133)ms throughput=12rps rr=100.00% cr=0.00% errors=0 total=47777
[1371494665.648619] latency=41:80:127:146:183:(120)ms throughput=15rps rr=100.00% cr=0.00% errors=0 total=47792
[1371494666.652604] latency=5:91:118:183:231:(129)ms throughput=20rps rr=100.00% cr=0.00% errors=0 total=47812
[1371494667.656653] latency=39:86:114:186:238:(130)ms throughput=14rps rr=100.00% cr=0.00% errors=0 total=47826
[1371494668.660627] latency=18:100:173:341:436:(215)ms throughput=22rps rr=100.00% cr=0.00% errors=0 total=47848
[1371494669.664601] latency=5:67:85:144:260:(110)ms throughput=15rps rr=100.00% cr=0.00% errors=0 total=47863
[1371494670.668623] latency=4:80:175:261:405:(180)ms throughput=27rps rr=100.00% cr=0.00% errors=0 total=47890
[1371494671.672614] latency=5:66:122:171:246:(119)ms throughput=19rps rr=100.00% cr=0.00% errors=0 total=47909
[1371494672.676622] latency=23:60:102:158:236:(110)ms throughput=11rps rr=100.00% cr=0.00% errors=0 total=47920
[1371494673.680621] latency=10:47:144:189:361:(147)ms throughput=19rps rr=100.00% cr=0.00% errors=0 total=47939
[1371494674.684623] latency=24:104:133:291:308:(175)ms throughput=14rps rr=100.00% cr=0.00% errors=0 total=47953
[1371494675.688620] latency=5:42:77:137:204:(95)ms throughput=19rps rr=100.00% cr=0.00% errors=0 total=47972
[1371494676.692619] latency=5:61:93:205:243:(117)ms throughput=16rps rr=100.00% cr=0.00% errors=0 total=47988
[1371494677.696610] latency=6:52:123:178:223:(112)ms throughput=18rps rr=100.00% cr=0.00% errors=0 total=48006
[1371494678.716618] latency=4:58:113:180:255:(122)ms throughput=19rps rr=100.00% cr=0.00% errors=0 total=48025
[1371494679.720610] latency=5:152:208:243:304:(193)ms throughput=13rps rr=100.00% cr=0.00% errors=0 total=48038
[1371494680.724610] latency=23:91:105:208:267:(140)ms throughput=16rps rr=100.00% cr=0.00% errors=0 total=48054
[1371494681.728625] latency=22:27:118:207:234:(122)ms throughput=9rps rr=100.00% cr=0.00% errors=0 total=48063
[1371494682.732620] latency=5:105:125:154:201:(120)ms throughput=15rps rr=100.00% cr=0.00% errors=0 total=48078
[1371494683.736605] latency=5:90:147:174:237:(130)ms throughput=16rps rr=100.00% cr=0.00% errors=0 total=48094
[1371494684.740611] latency=6:88:150:212:260:(149)ms throughput=23rps rr=100.00% cr=0.00% errors=0 total=48117
[1371494685.744610] latency=4:55:84:149:195:(99)ms throughput=17rps rr=100.00% cr=0.00% errors=0 total=48134
[1371494686.748624] latency=6:62:158:181:254:(132)ms throughput=15rps rr=100.00% cr=0.00% errors=0 total=48149
[1371494687.752624] latency=4:67:108:170:265:(117)ms throughput=25rps rr=100.00% cr=0.00% errors=0 total=48174
[1371494688.756618] latency=77:113:145:185:249:(152)ms throughput=11rps rr=100.00% cr=0.00% errors=0 total=48185
[1371494689.760598] latency=6:86:157:181:200:(131)ms throughput=13rps rr=100.00% cr=0.00% errors=0 total=48198
[1371494690.764612] latency=87:146:162:195:217:(164)ms throughput=8rps rr=100.00% cr=0.00% errors=0 total=48206
[1371494691.768601] latency=4:81:131:164:240:(124)ms throughput=19rps rr=100.00% cr=0.00% errors=0 total=48225
[1371494692.772605] latency=38:66:205:235:283:(172)ms throughput=13rps rr=100.00% cr=0.00% errors=0 total=48238
[1371494693.776621] latency=23:53:115:175:255:(119)ms throughput=21rps rr=100.00% cr=0.00% errors=0 total=48259
[1371494694.780619] latency=25:60:125:180:243:(125)ms throughput=18rps rr=100.00% cr=0.00% errors=0 total=48277
[1371494695.784619] latency=32:42:124:158:218:(112)ms throughput=11rps rr=100.00% cr=0.00% errors=0 total=48288
[1371494696.788624] latency=5:133:279:459:566:(300)ms throughput=22rps rr=100.00% cr=0.00% errors=0 total=48310
[1371494697.792609] latency=52:127:160:193:249:(158)ms throughput=16rps rr=100.00% cr=0.00% errors=0 total=48326
[1371494698.796614] latency=39:92:162:202:258:(149)ms throughput=21rps rr=100.00% cr=0.00% errors=0 total=48347
[1371494699.808620] latency=5:51:119:151:228:(109)ms throughput=18rps rr=100.00% cr=0.00% errors=0 total=48365
[1371494700.812620] latency=6:42:84:115:232:(93)ms throughput=17rps rr=100.00% cr=0.00% errors=0 total=48382
[1371494701.816629] latency=5:24:78:137:207:(91)ms throughput=14rps rr=100.00% cr=0.00% errors=0 total=48396
[1371494702.820609] latency=5:59:143:184:251:(127)ms throughput=20rps rr=100.00% cr=0.00% errors=0 total=48416
[1371494703.824620] latency=5:58:116:157:228:(109)ms throughput=15rps rr=100.00% cr=0.00% errors=0 total=48431
[1371494704.828623] latency=5:34:110:152:210:(97)ms throughput=15rps rr=100.00% cr=0.00% errors=0 total=48446
[1371494705.832608] latency=4:35:77:155:172:(96)ms throughput=15rps rr=100.00% cr=0.00% errors=0 total=48461
[1371494706.836611] latency=24:71:122:173:192:(119)ms throughput=8rps rr=100.00% cr=0.00% errors=0 total=48469
[1371494707.840609] latency=41:133:228:349:561:(256)ms throughput=28rps rr=100.00% cr=0.00% errors=0 total=48497
[1371494708.844612] latency=34:87:170:268:290:(173)ms throughput=16rps rr=100.00% cr=0.00% errors=0 total=48513
[1371494709.848612] latency=23:110:192:408:558:(255)ms throughput=23rps rr=100.00% cr=0.00% errors=0 total=48536
[1371494710.852623] latency=31:56:99:183:213:(112)ms throughput=12rps rr=100.00% cr=0.00% errors=0 total=48548
[1371494711.856624] latency=24:103:122:182:228:(134)ms throughput=14rps rr=100.00% cr=0.00% errors=0 total=48562
[1371494712.860608] latency=36:108:138:193:238:(142)ms throughput=13rps rr=100.00% cr=0.00% errors=0 total=48575
[1371494713.864614] latency=32:118:243:348:438:(234)ms throughput=20rps rr=100.00% cr=0.00% errors=0 total=48595
[1371494714.868608] latency=21:51:106:160:201:(108)ms throughput=11rps rr=100.00% cr=0.00% errors=0 total=48606
[1371494715.872798] latency=5:82:148:190:275:(135)ms throughput=18rps rr=100.00% cr=0.00% errors=0 total=48624
[1371494716.876613] latency=27:71:142:203:226:(140)ms throughput=15rps rr=100.00% cr=0.00% errors=0 total=48639
[1371494717.880619] latency=24:104:197:211:234:(163)ms throughput=13rps rr=100.00% cr=0.00% errors=0 total=48652
[1371494718.884644] latency=5:46:93:134:196:(95)ms throughput=15rps rr=100.00% cr=0.00% errors=0 total=48667
[1371494719.888624] latency=20:71:104:150:201:(111)ms throughput=16rps rr=100.00% cr=0.00% errors=0 total=48683
[1371494720.892614] latency=5:44:89:195:242:(116)ms throughput=17rps rr=100.00% cr=0.00% errors=0 total=48700
[1371494721.896620] latency=5:50:93:161:215:(104)ms throughput=12rps rr=100.00% cr=0.00% errors=0 total=48712
[1371494722.900614] latency=5:75:125:221:256:(141)ms throughput=16rps rr=100.00% cr=0.00% errors=0 total=48728
[1371494723.904613] latency=36:74:122:154:195:(122)ms throughput=13rps rr=100.00% cr=0.00% errors=0 total=48741
[1371494724.908631] latency=5:65:124:277:373:(172)ms throughput=15rps rr=100.00% cr=0.00% errors=0 total=48756
[1371494725.912640] latency=59:100:158:229:343:(175)ms throughput=19rps rr=100.00% cr=0.00% errors=0 total=48775
[1371494726.916624] latency=6:62:98:183:216:(110)ms throughput=14rps rr=100.00% cr=0.00% errors=0 total=48789
[1371494727.920605] latency=5:79:130:173:190:(118)ms throughput=14rps rr=100.00% cr=0.00% errors=0 total=48803
[1371494728.924607] latency=5:71:137:200:231:(135)ms throughput=20rps rr=100.00% cr=0.00% errors=0 total=48823
[1371494729.928612] latency=6:71:132:207:278:(143)ms throughput=22rps rr=100.00% cr=0.00% errors=0 total=48845
