Currently running VMs
2013-07-26 03:30:47.420+0000: 9782: info : libvirt version: 0.9.8
2013-07-26 03:30:47.420+0000: 9782: warning : xenHypervisorMakeCapabilities:2751 : Failed to get host power management capabilities
- Domain-0 weight=256 cap=0 vcpus=32
- rubbos-hvm weight=256 cap=287 vcpus=3 mac=aa:00:00:00:00:11
- rubis-hvm weight=256 cap=800 vcpus=8 mac=aa:00:00:00:00:10
New scheduling parameters:  weight=256 cap=800 vcpus=8
Currently running VMs
2013-07-26 03:30:58.391+0000: 9833: info : libvirt version: 0.9.8
2013-07-26 03:30:58.391+0000: 9833: warning : xenHypervisorMakeCapabilities:2751 : Failed to get host power management capabilities
- Domain-0 weight=256 cap=0 vcpus=32
- rubbos-hvm weight=256 cap=287 vcpus=3 mac=aa:00:00:00:00:11
- rubis-hvm weight=256 cap=800 vcpus=8 mac=aa:00:00:00:00:10
New scheduling parameters:  weight=256 cap=325 vcpus=4
Currently running VMs
2013-07-26 03:32:39.360+0000: 9982: info : libvirt version: 0.9.8
2013-07-26 03:32:39.360+0000: 9982: warning : xenHypervisorMakeCapabilities:2751 : Failed to get host power management capabilities
- Domain-0 weight=256 cap=0 vcpus=32
- rubbos-hvm weight=256 cap=287 vcpus=3 mac=aa:00:00:00:00:11
- rubis-hvm weight=256 cap=325 vcpus=3 mac=aa:00:00:00:00:10
New scheduling parameters:  weight=256 cap=625 vcpus=7
Currently running VMs
2013-07-26 03:34:20.308+0000: 10030: info : libvirt version: 0.9.8
2013-07-26 03:34:20.308+0000: 10030: warning : xenHypervisorMakeCapabilities:2751 : Failed to get host power management capabilities
- Domain-0 weight=256 cap=0 vcpus=32
- rubbos-hvm weight=256 cap=287 vcpus=3 mac=aa:00:00:00:00:11
- rubis-hvm weight=256 cap=625 vcpus=7 mac=aa:00:00:00:00:10
New scheduling parameters:  weight=256 cap=650 vcpus=7
Currently running VMs
2013-07-26 03:36:01.232+0000: 10081: info : libvirt version: 0.9.8
2013-07-26 03:36:01.232+0000: 10081: warning : xenHypervisorMakeCapabilities:2751 : Failed to get host power management capabilities
- Domain-0 weight=256 cap=0 vcpus=32
- rubbos-hvm weight=256 cap=287 vcpus=3 mac=aa:00:00:00:00:11
- rubis-hvm weight=256 cap=650 vcpus=7 mac=aa:00:00:00:00:10
New scheduling parameters:  weight=256 cap=200 vcpus=2
Currently running VMs
2013-07-26 03:37:42.157+0000: 10129: info : libvirt version: 0.9.8
2013-07-26 03:37:42.157+0000: 10129: warning : xenHypervisorMakeCapabilities:2751 : Failed to get host power management capabilities
- Domain-0 weight=256 cap=0 vcpus=32
- rubbos-hvm weight=256 cap=287 vcpus=3 mac=aa:00:00:00:00:11
- rubis-hvm weight=256 cap=200 vcpus=2 mac=aa:00:00:00:00:10
New scheduling parameters:  weight=256 cap=425 vcpus=5
Currently running VMs
2013-07-26 03:39:23.066+0000: 10179: info : libvirt version: 0.9.8
2013-07-26 03:39:23.066+0000: 10179: warning : xenHypervisorMakeCapabilities:2751 : Failed to get host power management capabilities
- Domain-0 weight=256 cap=0 vcpus=32
- rubbos-hvm weight=256 cap=287 vcpus=3 mac=aa:00:00:00:00:11
- rubis-hvm weight=256 cap=425 vcpus=5 mac=aa:00:00:00:00:10
New scheduling parameters:  weight=256 cap=385 vcpus=4
Currently running VMs
2013-07-26 03:41:04.100+0000: 10227: info : libvirt version: 0.9.8
2013-07-26 03:41:04.100+0000: 10227: warning : xenHypervisorMakeCapabilities:2751 : Failed to get host power management capabilities
- Domain-0 weight=256 cap=0 vcpus=32
- rubbos-hvm weight=256 cap=287 vcpus=3 mac=aa:00:00:00:00:11
- rubis-hvm weight=256 cap=385 vcpus=4 mac=aa:00:00:00:00:10
New scheduling parameters:  weight=256 cap=525 vcpus=6
Currently running VMs
2013-07-26 03:42:45.052+0000: 10275: info : libvirt version: 0.9.8
2013-07-26 03:42:45.052+0000: 10275: warning : xenHypervisorMakeCapabilities:2751 : Failed to get host power management capabilities
- Domain-0 weight=256 cap=0 vcpus=32
- rubbos-hvm weight=256 cap=287 vcpus=3 mac=aa:00:00:00:00:11
- rubis-hvm weight=256 cap=525 vcpus=6 mac=aa:00:00:00:00:10
New scheduling parameters:  weight=256 cap=575 vcpus=6
Currently running VMs
2013-07-26 03:44:26.068+0000: 10323: info : libvirt version: 0.9.8
2013-07-26 03:44:26.068+0000: 10323: warning : xenHypervisorMakeCapabilities:2751 : Failed to get host power management capabilities
- Domain-0 weight=256 cap=0 vcpus=32
- rubbos-hvm weight=256 cap=287 vcpus=3 mac=aa:00:00:00:00:11
- rubis-hvm weight=256 cap=575 vcpus=6 mac=aa:00:00:00:00:10
New scheduling parameters:  weight=256 cap=600 vcpus=6
Currently running VMs
2013-07-26 03:46:07.011+0000: 10374: info : libvirt version: 0.9.8
2013-07-26 03:46:07.011+0000: 10374: warning : xenHypervisorMakeCapabilities:2751 : Failed to get host power management capabilities
- Domain-0 weight=256 cap=0 vcpus=32
- rubbos-hvm weight=256 cap=287 vcpus=3 mac=aa:00:00:00:00:11
- rubis-hvm weight=256 cap=600 vcpus=6 mac=aa:00:00:00:00:10
New scheduling parameters:  weight=256 cap=250 vcpus=3
Currently running VMs
2013-07-26 03:47:47.919+0000: 10422: info : libvirt version: 0.9.8
2013-07-26 03:47:47.919+0000: 10422: warning : xenHypervisorMakeCapabilities:2751 : Failed to get host power management capabilities
- Domain-0 weight=256 cap=0 vcpus=32
- rubbos-hvm weight=256 cap=287 vcpus=3 mac=aa:00:00:00:00:11
- rubis-hvm weight=256 cap=250 vcpus=3 mac=aa:00:00:00:00:10
New scheduling parameters:  weight=256 cap=800 vcpus=8
