2013-06-24 11:12:07.135+0000: 4216: info : libvirt version: 0.9.8
2013-06-24 11:12:07.135+0000: 4216: warning : xenHypervisorMakeCapabilities:2751 : Failed to get host power management capabilities
[1372072332.383347] vm=rubbos-hvm new
[1372072332.383407] vm=rubis-hvm new
[1372072332.383435] vm=rubbos-hvm perf=0.000000 vp=0.500000 cap=200.000000
[1372072332.552228] vm=rubis-hvm perf=0.000000 vp=0.500000 cap=200.000000
[1372072337.918361] vm=rubbos-hvm perf=0.000000 vp=0.500000 cap=200.000000
[1372072338.093274] vm=rubis-hvm perf=0.000000 vp=0.500000 cap=200.000000
[1372072343.486680] vm=rubbos-hvm perf=0.959754 vp=0.500000 cap=200.000000
[1372072343.622496] vm=rubis-hvm perf=0.515107 vp=0.500000 cap=200.000000
[1372072348.992934] vm=rubbos-hvm perf=0.949578 vp=0.500000 cap=200.000000
[1372072349.153025] vm=rubis-hvm perf=0.677106 vp=0.500000 cap=200.000000
[1372072354.561265] vm=rubbos-hvm perf=0.964600 vp=0.500000 cap=200.000000
[1372072354.710777] vm=rubis-hvm perf=0.071176 vp=0.500000 cap=200.000000
[1372072360.115127] vm=rubbos-hvm perf=0.956104 vp=0.445207 cap=178.082945
[1372072360.265175] vm=rubis-hvm perf=-0.274618 vp=0.554793 cap=221.917055
[1372072365.721571] vm=rubbos-hvm perf=0.961986 vp=0.445207 cap=178.082945
[1372072365.892194] vm=rubis-hvm perf=0.430776 vp=0.554793 cap=221.917055
[1372072371.286100] vm=rubbos-hvm perf=0.644102 vp=0.445207 cap=178.082945
[1372072371.455635] vm=rubis-hvm perf=0.620531 vp=0.554793 cap=221.917055
[1372072376.840611] vm=rubbos-hvm perf=0.961472 vp=0.445207 cap=178.082945
[1372072377.003764] vm=rubis-hvm perf=0.494065 vp=0.554793 cap=221.917055
[1372072382.383866] vm=rubbos-hvm perf=0.960960 vp=0.445207 cap=178.082945
[1372072382.537652] vm=rubis-hvm perf=0.016399 vp=0.554793 cap=221.917055
[1372072387.930003] vm=rubbos-hvm perf=0.929296 vp=0.445207 cap=178.082945
[1372072388.101217] vm=rubis-hvm perf=0.419490 vp=0.554793 cap=221.917055
[1372072393.474504] vm=rubbos-hvm perf=0.947252 vp=0.445207 cap=178.082945
[1372072393.616395] vm=rubis-hvm perf=0.475147 vp=0.554793 cap=221.917055
[1372072398.980417] vm=rubbos-hvm perf=0.962940 vp=0.445207 cap=178.082945
[1372072399.155111] vm=rubis-hvm perf=0.267116 vp=0.554793 cap=221.917055
[1372072404.536346] vm=rubbos-hvm perf=0.851648 vp=0.445207 cap=178.082945
[1372072404.720875] vm=rubis-hvm perf=0.545585 vp=0.554793 cap=221.917055
[1372072410.113514] vm=rubbos-hvm perf=0.962536 vp=0.385736 cap=154.294452
[1372072410.272869] vm=rubis-hvm perf=-0.532048 vp=0.614264 cap=245.705548
[1372072415.669353] vm=rubbos-hvm perf=0.963820 vp=0.329074 cap=131.629652
[1372072415.839864] vm=rubis-hvm perf=-0.697085 vp=0.670926 cap=268.370348
[1372072421.231930] vm=rubbos-hvm perf=0.953148 vp=0.329074 cap=131.629652
[1372072421.401028] vm=rubis-hvm perf=0.657617 vp=0.670926 cap=268.370348
[1372072426.793787] vm=rubbos-hvm perf=0.963080 vp=0.329074 cap=131.629652
[1372072426.966930] vm=rubis-hvm perf=0.697071 vp=0.670926 cap=268.370348
[1372072432.339302] vm=rubbos-hvm perf=0.957488 vp=0.329074 cap=131.629652
[1372072432.503441] vm=rubis-hvm perf=0.705541 vp=0.670926 cap=268.370348
[1372072437.909256] vm=rubbos-hvm perf=0.965712 vp=0.286975 cap=114.790077
[1372072438.043258] vm=rubis-hvm perf=-0.260042 vp=0.713025 cap=285.209923
[1372072443.434000] vm=rubbos-hvm perf=0.842150 vp=0.286975 cap=114.790077
[1372072443.600775] vm=rubis-hvm perf=0.327545 vp=0.713025 cap=285.209923
[1372072448.995016] vm=rubbos-hvm perf=0.955568 vp=0.286975 cap=114.790077
[1372072449.141145] vm=rubis-hvm perf=0.509219 vp=0.713025 cap=285.209923
[1372072454.544788] vm=rubbos-hvm perf=0.953300 vp=0.286975 cap=114.790077
[1372072454.701174] vm=rubis-hvm perf=0.391574 vp=0.713025 cap=285.209923
[1372072460.102143] vm=rubbos-hvm perf=0.956712 vp=0.286975 cap=114.790077
[1372072460.261997] vm=rubis-hvm perf=0.642752 vp=0.713025 cap=285.209923
[1372072465.705400] vm=rubbos-hvm perf=0.959842 vp=0.286975 cap=114.790077
[1372072465.849621] vm=rubis-hvm perf=0.647706 vp=0.713025 cap=285.209923
[1372072471.231657] vm=rubbos-hvm perf=0.955744 vp=0.250375 cap=100.150007
[1372072471.386734] vm=rubis-hvm perf=-0.172273 vp=0.749625 cap=299.849993
[1372072476.785459] vm=rubbos-hvm perf=0.917300 vp=0.250375 cap=100.150007
[1372072476.948827] vm=rubis-hvm perf=0.585180 vp=0.749625 cap=299.849993
[1372072482.334344] vm=rubbos-hvm perf=0.926502 vp=0.250375 cap=100.150007
[1372072482.500092] vm=rubis-hvm perf=0.344144 vp=0.749625 cap=299.849993
[1372072487.898246] vm=rubbos-hvm perf=0.901958 vp=0.250375 cap=100.150007
[1372072488.063957] vm=rubis-hvm perf=0.288065 vp=0.749625 cap=299.849993
[1372072493.446912] vm=rubbos-hvm perf=0.927478 vp=0.250375 cap=100.150007
[1372072493.613255] vm=rubis-hvm perf=0.482400 vp=0.749625 cap=299.849993
[1372072499.001795] vm=rubbos-hvm perf=0.944206 vp=0.250375 cap=100.150007
[1372072499.167309] vm=rubis-hvm perf=0.321311 vp=0.749625 cap=299.849993
[1372072504.555823] vm=rubbos-hvm perf=0.933234 vp=0.250375 cap=100.150007
[1372072504.705146] vm=rubis-hvm perf=0.584230 vp=0.749625 cap=299.849993
[1372072510.079874] vm=rubbos-hvm perf=0.938098 vp=0.250375 cap=100.150007
[1372072510.244793] vm=rubis-hvm perf=0.714026 vp=0.749625 cap=299.849993
[1372072515.614944] vm=rubbos-hvm perf=0.909182 vp=0.250375 cap=100.150007
[1372072515.759604] vm=rubis-hvm perf=0.512507 vp=0.749625 cap=299.849993
[1372072521.143722] vm=rubbos-hvm perf=0.937836 vp=0.250375 cap=100.150007
[1372072521.295249] vm=rubis-hvm perf=0.704846 vp=0.749625 cap=299.849993
[1372072526.692010] vm=rubbos-hvm perf=0.924296 vp=0.250375 cap=100.150007
[1372072526.866388] vm=rubis-hvm perf=0.409974 vp=0.749625 cap=299.849993
[1372072532.242635] vm=rubbos-hvm perf=0.920596 vp=0.250375 cap=100.150007
[1372072532.403324] vm=rubis-hvm perf=0.677776 vp=0.749625 cap=299.849993
[1372072537.782762] vm=rubbos-hvm perf=0.920232 vp=0.250375 cap=100.150007
[1372072537.938863] vm=rubis-hvm perf=0.365311 vp=0.749625 cap=299.849993
[1372072543.338861] vm=rubbos-hvm perf=-1.000000 vp=0.364818 cap=145.927377
[1372072543.501810] vm=rubis-hvm perf=0.604081 vp=0.635182 cap=254.072623
[1372072548.887217] vm=rubbos-hvm perf=-0.947540 vp=0.452164 cap=180.865562
[1372072549.042769] vm=rubis-hvm perf=0.535407 vp=0.547836 cap=219.134438
[1372072554.436214] vm=rubbos-hvm perf=0.708764 vp=0.404014 cap=161.605586
[1372072554.616729] vm=rubis-hvm perf=-0.459143 vp=0.595986 cap=238.394414
[1372072559.993240] vm=rubbos-hvm perf=-0.020388 vp=0.338095 cap=135.237859
[1372072560.136780] vm=rubis-hvm perf=-0.845880 vp=0.661905 cap=264.762141
[1372072565.532312] vm=rubbos-hvm perf=-0.027684 vp=0.357415 cap=142.966001
[1372072565.700180] vm=rubis-hvm perf=0.390450 vp=0.642585 cap=257.033999
[1372072571.110511] vm=rubbos-hvm perf=0.033064 vp=0.357415 cap=142.966001
[1372072571.281122] vm=rubis-hvm perf=0.565210 vp=0.642585 cap=257.033999
[1372072576.691246] vm=rubbos-hvm perf=0.132426 vp=0.357415 cap=142.966001
[1372072576.849407] vm=rubis-hvm perf=0.647215 vp=0.642585 cap=257.033999
[1372072582.248345] vm=rubbos-hvm perf=-0.507680 vp=0.401912 cap=160.764942
[1372072582.406874] vm=rubis-hvm perf=-0.290253 vp=0.598088 cap=239.235058
[1372072587.809642] vm=rubbos-hvm perf=0.519322 vp=0.376819 cap=150.727626
[1372072587.971100] vm=rubis-hvm perf=-0.055639 vp=0.623181 cap=249.272374
[1372072593.367621] vm=rubbos-hvm perf=-0.063514 vp=0.409510 cap=163.804069
[1372072593.537197] vm=rubis-hvm perf=0.629567 vp=0.590490 cap=236.195931
[1372072598.949906] vm=rubbos-hvm perf=-0.014682 vp=0.390065 cap=156.025945
[1372072599.113256] vm=rubis-hvm perf=-0.258592 vp=0.609935 cap=243.974055
[1372072604.510960] vm=rubbos-hvm perf=0.628310 vp=0.390065 cap=156.025945
[1372072604.673040] vm=rubis-hvm perf=0.620283 vp=0.609935 cap=243.974055
[1372072610.047904] vm=rubbos-hvm perf=0.516664 vp=0.390065 cap=156.025945
[1372072610.207819] vm=rubis-hvm perf=0.207669 vp=0.609935 cap=243.974055
[1372072615.631974] vm=rubbos-hvm perf=0.642502 vp=0.353092 cap=141.236739
[1372072615.798649] vm=rubis-hvm perf=-0.337575 vp=0.646908 cap=258.763261
[1372072621.189261] vm=rubbos-hvm perf=0.135026 vp=0.353092 cap=141.236739
[1372072621.341711] vm=rubis-hvm perf=0.731278 vp=0.646908 cap=258.763261
[1372072626.742711] vm=rubbos-hvm perf=0.149958 vp=0.353092 cap=141.236739
[1372072626.906899] vm=rubis-hvm perf=0.603509 vp=0.646908 cap=258.763261
[1372072632.308842] vm=rubbos-hvm perf=-0.009828 vp=0.367005 cap=146.801959
[1372072632.462433] vm=rubis-hvm perf=0.293240 vp=0.632995 cap=253.198041
[1372072637.865248] vm=rubbos-hvm perf=0.503842 vp=0.367005 cap=146.801959
[1372072638.036360] vm=rubis-hvm perf=0.655166 vp=0.632995 cap=253.198041
[1372072643.420024] vm=rubbos-hvm perf=-0.195132 vp=0.395951 cap=158.380220
[1372072643.585022] vm=rubis-hvm perf=0.316288 vp=0.604049 cap=241.619780
[1372072648.986953] vm=rubbos-hvm perf=0.846556 vp=0.395951 cap=158.380220
[1372072649.174041] vm=rubis-hvm perf=0.272986 vp=0.604049 cap=241.619780
[1372072654.597086] vm=rubbos-hvm perf=0.280546 vp=0.395951 cap=158.380220
[1372072654.772992] vm=rubis-hvm perf=0.404342 vp=0.604049 cap=241.619780
[1372072660.191217] vm=rubbos-hvm perf=0.475744 vp=0.395951 cap=158.380220
[1372072660.373323] vm=rubis-hvm perf=0.520360 vp=0.604049 cap=241.619780
[1372072665.773703] vm=rubbos-hvm perf=0.217146 vp=0.395951 cap=158.380220
[1372072665.945526] vm=rubis-hvm perf=0.264183 vp=0.604049 cap=241.619780
[1372072671.352040] vm=rubbos-hvm perf=0.471452 vp=0.395951 cap=158.380220
[1372072671.500912] vm=rubis-hvm perf=0.290654 vp=0.604049 cap=241.619780
[1372072676.891085] vm=rubbos-hvm perf=-0.274278 vp=0.400919 cap=160.367739
[1372072677.052722] vm=rubis-hvm perf=-0.355684 vp=0.599081 cap=239.632261
[1372072682.460811] vm=rubbos-hvm perf=-0.000766 vp=0.425516 cap=170.206409
[1372072682.616365] vm=rubis-hvm perf=0.532819 vp=0.574484 cap=229.793591
[1372072687.992496] vm=rubbos-hvm perf=0.119776 vp=0.400489 cap=160.195523
[1372072688.150578] vm=rubis-hvm perf=-0.572596 vp=0.599511 cap=239.804477
[1372072693.553694] vm=rubbos-hvm perf=0.569842 vp=0.400489 cap=160.195523
[1372072693.740811] vm=rubis-hvm perf=0.626171 vp=0.599511 cap=239.804477
[1372072699.128833] vm=rubbos-hvm perf=-0.914098 vp=0.467499 cap=186.999573
[1372072699.296703] vm=rubis-hvm perf=0.202727 vp=0.532501 cap=213.000427
[1372072704.680509] vm=rubbos-hvm perf=0.717102 vp=0.467499 cap=186.999573
[1372072704.849655] vm=rubis-hvm perf=0.471489 vp=0.532501 cap=213.000427
[1372072710.194524] vm=rubbos-hvm perf=0.365512 vp=0.467499 cap=186.999573
[1372072710.371490] vm=rubis-hvm perf=0.367228 vp=0.532501 cap=213.000427
[1372072715.759248] vm=rubbos-hvm perf=0.573834 vp=0.430107 cap=172.042998
[1372072715.920618] vm=rubis-hvm perf=-0.276168 vp=0.569893 cap=227.957002
[1372072721.327882] vm=rubbos-hvm perf=0.139604 vp=0.430107 cap=172.042998
[1372072721.501285] vm=rubis-hvm perf=0.325874 vp=0.569893 cap=227.957002
[1372072726.904732] vm=rubbos-hvm perf=-0.332980 vp=0.454768 cap=181.907204
[1372072727.068114] vm=rubis-hvm perf=0.084593 vp=0.545232 cap=218.092796
[1372072732.440702] vm=rubbos-hvm perf=0.103880 vp=0.444699 cap=177.879796
[1372072732.620419] vm=rubis-hvm perf=-0.124387 vp=0.555301 cap=222.120204
[1372072738.028430] vm=rubbos-hvm perf=-0.035884 vp=0.445967 cap=178.386600
[1372072738.198326] vm=rubis-hvm perf=-0.030563 vp=0.554033 cap=221.613400
[1372072743.594555] vm=rubbos-hvm perf=-1.000000 vp=0.506521 cap=202.608573
[1372072743.753398] vm=rubis-hvm perf=0.133459 vp=0.493479 cap=197.391427
[1372072749.149780] vm=rubbos-hvm perf=-1.000000 vp=0.559181 cap=223.672265
[1372072749.303830] vm=rubis-hvm perf=0.204946 vp=0.440819 cap=176.327735
[1372072754.719232] vm=rubbos-hvm perf=-0.109768 vp=0.574933 cap=229.973129
[1372072754.879497] vm=rubis-hvm perf=0.244827 vp=0.425067 cap=170.026871
[1372072760.293840] vm=rubbos-hvm perf=0.127494 vp=0.574933 cap=229.973129
[1372072760.470559] vm=rubis-hvm perf=0.459873 vp=0.425067 cap=170.026871
[1372072765.842135] vm=rubbos-hvm perf=0.739172 vp=0.518493 cap=207.397280
[1372072766.003586] vm=rubis-hvm perf=-0.400165 vp=0.481507 cap=192.602720
[1372072771.395296] vm=rubbos-hvm perf=-0.012910 vp=0.528481 cap=211.392567
[1372072771.549329] vm=rubis-hvm perf=0.192286 vp=0.471519 cap=188.607433
[1372072776.925406] vm=rubbos-hvm perf=0.383376 vp=0.528481 cap=211.392567
[1372072777.097727] vm=rubis-hvm perf=0.396726 vp=0.471519 cap=188.607433
[1372072782.515490] vm=rubbos-hvm perf=0.215018 vp=0.528481 cap=211.392567
[1372072782.657570] vm=rubis-hvm perf=0.376570 vp=0.471519 cap=188.607433
[1372072788.045848] vm=rubbos-hvm perf=0.491476 vp=0.528481 cap=211.392567
[1372072788.242268] vm=rubis-hvm perf=0.574798 vp=0.471519 cap=188.607433
[1372072793.639931] vm=rubbos-hvm perf=-0.353440 vp=0.557739 cap=223.095408
[1372072793.792843] vm=rubis-hvm perf=0.310538 vp=0.442261 cap=176.904592
[1372072799.180762] vm=rubbos-hvm perf=0.540804 vp=0.487096 cap=194.838391
[1372072799.337824] vm=rubis-hvm perf=-0.871310 vp=0.512904 cap=205.161609
[1372072804.778901] vm=rubbos-hvm perf=-0.854644 vp=0.549720 cap=219.888141
[1372072804.948009] vm=rubis-hvm perf=0.527707 vp=0.450280 cap=180.111859
[1372072810.364682] vm=rubbos-hvm perf=0.647520 vp=0.549720 cap=219.888141
[1372072810.542298] vm=rubis-hvm perf=0.233903 vp=0.450280 cap=180.111859
[1372072815.946434] vm=rubbos-hvm perf=0.558460 vp=0.549720 cap=219.888141
[1372072816.115648] vm=rubis-hvm perf=0.370636 vp=0.450280 cap=180.111859
[1372072821.504714] vm=rubbos-hvm perf=0.075458 vp=0.549720 cap=219.888141
[1372072821.675869] vm=rubis-hvm perf=0.516143 vp=0.450280 cap=180.111859
[1372072827.062313] vm=rubbos-hvm perf=-0.123756 vp=0.450921 cap=180.368495
[1372072827.217025] vm=rubis-hvm perf=-1.000000 vp=0.549079 cap=219.631505
[1372072832.619083] vm=rubbos-hvm perf=0.083680 vp=0.450921 cap=180.368495
[1372072832.791105] vm=rubis-hvm perf=0.627442 vp=0.549079 cap=219.631505
[1372072838.208549] vm=rubbos-hvm perf=-1.000000 vp=0.526001 cap=210.400402
[1372072838.384962] vm=rubis-hvm perf=0.538683 vp=0.473999 cap=189.599598
[1372072843.793674] vm=rubbos-hvm perf=0.653632 vp=0.526001 cap=210.400402
[1372072843.983828] vm=rubis-hvm perf=0.574067 vp=0.473999 cap=189.599598
[1372072849.399398] vm=rubbos-hvm perf=0.627112 vp=0.496154 cap=198.461605
[1372072849.545930] vm=rubis-hvm perf=-0.006717 vp=0.503846 cap=201.538395
[1372072854.942083] vm=rubbos-hvm perf=-0.375912 vp=0.526757 cap=210.702651
[1372072855.124981] vm=rubis-hvm perf=0.269930 vp=0.473243 cap=189.297349
[1372072860.504705] vm=rubbos-hvm perf=-0.811926 vp=0.603212 cap=241.284809
[1372072860.659498] vm=rubis-hvm perf=-0.003724 vp=0.396788 cap=158.715191
[1372072866.035057] vm=rubbos-hvm perf=0.580152 vp=0.557235 cap=222.894156
[1372072866.187726] vm=rubis-hvm perf=-0.302290 vp=0.442765 cap=177.105844
[1372072871.567398] vm=rubbos-hvm perf=0.801026 vp=0.557235 cap=222.894156
[1372072871.744861] vm=rubis-hvm perf=0.322725 vp=0.442765 cap=177.105844
[1372072877.131389] vm=rubbos-hvm perf=0.003144 vp=0.557235 cap=222.894156
[1372072877.310123] vm=rubis-hvm perf=0.619987 vp=0.442765 cap=177.105844
[1372072882.717698] vm=rubbos-hvm perf=0.727030 vp=0.557235 cap=222.894156
[1372072882.906569] vm=rubis-hvm perf=0.130534 vp=0.442765 cap=177.105844
[1372072888.298015] vm=rubbos-hvm perf=0.526470 vp=0.557235 cap=222.894156
[1372072888.469846] vm=rubis-hvm perf=0.270739 vp=0.442765 cap=177.105844
[1372072893.859586] vm=rubbos-hvm perf=-0.389826 vp=0.573765 cap=229.506180
[1372072894.011353] vm=rubis-hvm perf=0.038237 vp=0.426235 cap=170.493820
[1372072899.384687] vm=rubbos-hvm perf=-0.353378 vp=0.553286 cap=221.314445
[1372072899.538309] vm=rubis-hvm perf=-0.440979 vp=0.446714 cap=178.685555
[1372072904.924098] vm=rubbos-hvm perf=0.575958 vp=0.476103 cap=190.441106
[1372072905.095187] vm=rubis-hvm perf=-1.000000 vp=0.523897 cap=209.558894
[1372072910.477716] vm=rubbos-hvm perf=-0.427902 vp=0.532005 cap=212.801854
[1372072910.622510] vm=rubis-hvm perf=0.783594 vp=0.467995 cap=187.198146
[1372072916.027591] vm=rubbos-hvm perf=0.574964 vp=0.532005 cap=212.801854
[1372072916.183398] vm=rubis-hvm perf=0.600458 vp=0.467995 cap=187.198146
[1372072921.587948] vm=rubbos-hvm perf=0.416952 vp=0.532005 cap=212.801854
[1372072921.744908] vm=rubis-hvm perf=0.481328 vp=0.467995 cap=187.198146
[1372072927.146807] vm=rubbos-hvm perf=0.347298 vp=0.532005 cap=212.801854
[1372072927.319684] vm=rubis-hvm perf=0.399494 vp=0.467995 cap=187.198146
[1372072932.692015] vm=rubbos-hvm perf=-0.082012 vp=0.545661 cap=218.264409
[1372072932.837240] vm=rubis-hvm perf=0.210350 vp=0.454339 cap=181.735591
[1372072938.245889] vm=rubbos-hvm perf=0.487326 vp=0.545661 cap=218.264409
[1372072938.406689] vm=rubis-hvm perf=0.196319 vp=0.454339 cap=181.735591
[1372072943.804301] vm=rubbos-hvm perf=-0.009272 vp=0.582182 cap=232.872937
[1372072943.963661] vm=rubis-hvm perf=0.793232 vp=0.417818 cap=167.127063
[1372072949.372956] vm=rubbos-hvm perf=0.579232 vp=0.582182 cap=232.872937
[1372072949.539831] vm=rubis-hvm perf=0.620474 vp=0.417818 cap=167.127063
[1372072954.927100] vm=rubbos-hvm perf=0.103362 vp=0.582182 cap=232.872937
[1372072955.090508] vm=rubis-hvm perf=0.775299 vp=0.417818 cap=167.127063
[1372072960.470821] vm=rubbos-hvm perf=0.531832 vp=0.582182 cap=232.872937
[1372072960.623045] vm=rubis-hvm perf=0.693622 vp=0.417818 cap=167.127063
[1372072966.001492] vm=rubbos-hvm perf=-0.115978 vp=0.621140 cap=248.455897
[1372072966.172550] vm=rubis-hvm perf=0.799890 vp=0.378860 cap=151.544103
[1372072971.538270] vm=rubbos-hvm perf=0.378410 vp=0.621140 cap=248.455897
[1372072971.700989] vm=rubis-hvm perf=0.661987 vp=0.378860 cap=151.544103
[1372072977.122919] vm=rubbos-hvm perf=-0.318528 vp=0.662524 cap=265.009650
[1372072977.297592] vm=rubis-hvm perf=0.792846 vp=0.337476 cap=134.990350
[1372072982.681286] vm=rubbos-hvm perf=0.060014 vp=0.662524 cap=265.009650
[1372072982.837719] vm=rubis-hvm perf=0.729660 vp=0.337476 cap=134.990350
[1372072988.222065] vm=rubbos-hvm perf=0.824560 vp=0.662524 cap=265.009650
[1372072988.389698] vm=rubis-hvm perf=0.826175 vp=0.337476 cap=134.990350
[1372072993.805981] vm=rubbos-hvm perf=0.208532 vp=0.662524 cap=265.009650
[1372072993.973000] vm=rubis-hvm perf=0.816218 vp=0.337476 cap=134.990350
[1372072999.369681] vm=rubbos-hvm perf=0.816846 vp=0.662524 cap=265.009650
[1372072999.521236] vm=rubis-hvm perf=0.754285 vp=0.337476 cap=134.990350
[1372073004.903617] vm=rubbos-hvm perf=-0.040590 vp=0.693934 cap=277.573489
[1372073005.079569] vm=rubis-hvm perf=0.753813 vp=0.306066 cap=122.426511
[1372073010.495582] vm=rubbos-hvm perf=-0.171700 vp=0.722439 cap=288.975488
[1372073010.648514] vm=rubis-hvm perf=0.664240 vp=0.277561 cap=111.024512
[1372073016.050295] vm=rubbos-hvm perf=-0.577274 vp=0.752757 cap=301.102877
[1372073016.221341] vm=rubis-hvm perf=0.626908 vp=0.247243 cap=98.897123
[1372073021.613745] vm=rubbos-hvm perf=0.733276 vp=0.752757 cap=301.102877
[1372073021.764033] vm=rubis-hvm perf=0.690415 vp=0.247243 cap=98.897123
[1372073027.164061] vm=rubbos-hvm perf=0.040222 vp=0.752757 cap=301.102877
[1372073027.333319] vm=rubis-hvm perf=0.706015 vp=0.247243 cap=98.897123
[1372073032.756540] vm=rubbos-hvm perf=0.498948 vp=0.752757 cap=301.102877
[1372073032.910260] vm=rubis-hvm perf=0.787558 vp=0.247243 cap=98.897123
[1372073038.315841] vm=rubbos-hvm perf=-0.266208 vp=0.782386 cap=312.954259
[1372073038.488486] vm=rubis-hvm perf=0.816914 vp=0.217614 cap=87.045741
[1372073043.888107] vm=rubbos-hvm perf=0.847432 vp=0.782386 cap=312.954259
[1372073044.053060] vm=rubis-hvm perf=0.721299 vp=0.217614 cap=87.045741
[1372073049.431247] vm=rubbos-hvm perf=-0.336048 vp=0.809052 cap=323.620925
[1372073049.605705] vm=rubis-hvm perf=0.799021 vp=0.190948 cap=76.379075
[1372073055.013900] vm=rubbos-hvm perf=0.466536 vp=0.809052 cap=323.620925
[1372073055.169473] vm=rubis-hvm perf=0.723634 vp=0.190948 cap=76.379075
[1372073060.567890] vm=rubbos-hvm perf=0.099642 vp=0.809052 cap=323.620925
[1372073060.749826] vm=rubis-hvm perf=0.482250 vp=0.190948 cap=76.379075
[1372073066.156015] vm=rubbos-hvm perf=0.219986 vp=0.809052 cap=323.620925
[1372073066.331279] vm=rubis-hvm perf=0.331638 vp=0.190948 cap=76.379075
[1372073071.743213] vm=rubbos-hvm perf=-0.453058 vp=0.828288 cap=331.315284
[1372073071.926537] vm=rubis-hvm perf=0.585390 vp=0.171712 cap=68.684716
[1372073077.345924] vm=rubbos-hvm perf=0.779682 vp=0.828288 cap=331.315284
[1372073077.506090] vm=rubis-hvm perf=0.614957 vp=0.171712 cap=68.684716
[1372073082.901905] vm=rubbos-hvm perf=-0.188044 vp=0.847376 cap=338.950416
[1372073083.083174] vm=rubis-hvm perf=0.715974 vp=0.152624 cap=61.049584
[1372073088.461186] vm=rubbos-hvm perf=-0.001634 vp=0.852800 cap=341.119981
[1372073088.632314] vm=rubis-hvm perf=0.217125 vp=0.147200 cap=58.880019
[1372073094.019893] vm=rubbos-hvm perf=-0.076568 vp=0.864249 cap=345.699743
[1372073094.178424] vm=rubis-hvm perf=0.481281 vp=0.135751 cap=54.300257
[1372073099.551055] vm=rubbos-hvm perf=-0.175706 vp=0.874121 cap=349.648291
[1372073099.711788] vm=rubis-hvm perf=0.426086 vp=0.125879 cap=50.351709
[1372073105.095162] vm=rubbos-hvm perf=0.610736 vp=0.874121 cap=349.648291
[1372073105.263835] vm=rubis-hvm perf=0.008900 vp=0.125879 cap=50.351709
[1372073110.643591] vm=rubbos-hvm perf=-1.000000 vp=0.822419 cap=328.967769
[1372073110.807783] vm=rubis-hvm perf=-0.439740 vp=0.177581 cap=71.032231
[1372073116.205874] vm=rubbos-hvm perf=0.468724 vp=0.822419 cap=328.967769
[1372073116.367226] vm=rubis-hvm perf=0.470953 vp=0.177581 cap=71.032231
[1372073121.773468] vm=rubbos-hvm perf=-0.027034 vp=0.840380 cap=336.151896
[1372073121.945672] vm=rubis-hvm perf=0.678236 vp=0.159620 cap=63.848104
[1372073127.327961] vm=rubbos-hvm perf=0.605988 vp=0.711273 cap=284.509037
[1372073127.506428] vm=rubis-hvm perf=-0.964862 vp=0.288727 cap=115.490963
[1372073132.909698] vm=rubbos-hvm perf=-0.896810 vp=0.752796 cap=301.118403
[1372073133.081743] vm=rubis-hvm perf=0.816744 vp=0.247204 cap=98.881597
[1372073138.434404] vm=rubbos-hvm perf=0.663696 vp=0.752796 cap=301.118403
[1372073138.616222] vm=rubis-hvm perf=0.605502 vp=0.247204 cap=98.881597
[1372073143.999866] vm=rubbos-hvm perf=0.351612 vp=0.644548 cap=257.819393
[1372073144.140064] vm=rubis-hvm perf=-1.000000 vp=0.355452 cap=142.180607
[1372073149.534091] vm=rubbos-hvm perf=0.635260 vp=0.548986 cap=219.594474
[1372073149.695119] vm=rubis-hvm perf=-1.000000 vp=0.451014 cap=180.405526
[1372073155.120665] vm=rubbos-hvm perf=-1.000000 vp=0.529392 cap=211.756685
[1372073155.292853] vm=rubis-hvm perf=-1.000000 vp=0.470608 cap=188.243315
[1372073160.717457] vm=rubbos-hvm perf=-0.122588 vp=0.435052 cap=174.020610
[1372073160.884848] vm=rubis-hvm perf=-1.000000 vp=0.564948 cap=225.979390
[1372073166.269030] vm=rubbos-hvm perf=-0.562084 vp=0.500976 cap=200.390312
[1372073166.419358] vm=rubis-hvm perf=0.788374 vp=0.499024 cap=199.609688
[1372073171.796980] vm=rubbos-hvm perf=-0.115542 vp=0.538489 cap=215.395761
[1372073171.952678] vm=rubis-hvm perf=0.696169 vp=0.461511 cap=184.604239
[1372073177.366184] vm=rubbos-hvm perf=0.072456 vp=0.538489 cap=215.395761
[1372073177.545353] vm=rubis-hvm perf=0.463070 vp=0.461511 cap=184.604239
[1372073182.949657] vm=rubbos-hvm perf=0.598374 vp=0.538489 cap=215.395761
[1372073183.116983] vm=rubis-hvm perf=0.712781 vp=0.461511 cap=184.604239
[1372073188.521127] vm=rubbos-hvm perf=0.161472 vp=0.538489 cap=215.395761
[1372073188.688376] vm=rubis-hvm perf=0.759786 vp=0.461511 cap=184.604239
[1372073194.080731] vm=rubbos-hvm perf=0.517564 vp=0.538489 cap=215.395761
[1372073194.256612] vm=rubis-hvm perf=0.700977 vp=0.461511 cap=184.604239
[1372073199.653970] vm=rubbos-hvm perf=-0.513846 vp=0.586259 cap=234.503613
[1372073199.837599] vm=rubis-hvm perf=0.631663 vp=0.413741 cap=165.496387
[1372073205.245365] vm=rubbos-hvm perf=0.900636 vp=0.491920 cap=196.767894
[1372073205.394750] vm=rubis-hvm perf=-1.000000 vp=0.508080 cap=203.232106
[1372073210.798827] vm=rubbos-hvm perf=0.140378 vp=0.491920 cap=196.767894
[1372073210.972810] vm=rubis-hvm perf=0.725533 vp=0.508080 cap=203.232106
[1372073216.365134] vm=rubbos-hvm perf=0.035838 vp=0.491920 cap=196.767894
[1372073216.525617] vm=rubis-hvm perf=0.611847 vp=0.508080 cap=203.232106
[1372073221.891295] vm=rubbos-hvm perf=0.580080 vp=0.491920 cap=196.767894
[1372073222.060293] vm=rubis-hvm perf=0.527935 vp=0.508080 cap=203.232106
[1372073227.431446] vm=rubbos-hvm perf=0.238804 vp=0.491920 cap=196.767894
[1372073227.601056] vm=rubis-hvm perf=0.507535 vp=0.508080 cap=203.232106
[1372073232.997799] vm=rubbos-hvm perf=0.055422 vp=0.486398 cap=194.559130
[1372073233.154113] vm=rubis-hvm perf=-0.058149 vp=0.513602 cap=205.440870
[1372073238.556344] vm=rubbos-hvm perf=-0.136580 vp=0.519576 cap=207.830370
[1372073238.731439] vm=rubis-hvm perf=0.565694 vp=0.480424 cap=192.169630
[1372073244.133598] vm=rubbos-hvm perf=0.626278 vp=0.489056 cap=195.622262
[1372073244.311321] vm=rubis-hvm perf=-0.021467 vp=0.510944 cap=204.377738
[1372073249.691528] vm=rubbos-hvm perf=-0.518936 vp=0.509699 cap=203.879564
[1372073249.846094] vm=rubis-hvm perf=-0.331110 vp=0.490301 cap=196.120436
[1372073255.261949] vm=rubbos-hvm perf=0.410338 vp=0.509699 cap=203.879564
[1372073255.421103] vm=rubis-hvm perf=0.569550 vp=0.490301 cap=196.120436
[1372073260.848380] vm=rubbos-hvm perf=-0.100556 vp=0.542593 cap=217.037196
[1372073261.016289] vm=rubis-hvm perf=0.608729 vp=0.457407 cap=182.962804
[1372073266.411350] vm=rubbos-hvm perf=0.744312 vp=0.542593 cap=217.037196
[1372073266.575164] vm=rubis-hvm perf=0.209259 vp=0.457407 cap=182.962804
[1372073271.962400] vm=rubbos-hvm perf=-0.183976 vp=0.512968 cap=205.187195
[1372073272.123982] vm=rubis-hvm perf=-0.428087 vp=0.487032 cap=194.812805
[1372073277.525756] vm=rubbos-hvm perf=0.379684 vp=0.512968 cap=205.187195
[1372073277.695111] vm=rubis-hvm perf=0.536270 vp=0.487032 cap=194.812805
[1372073283.098169] vm=rubbos-hvm perf=0.130298 vp=0.512968 cap=205.187195
[1372073283.265529] vm=rubis-hvm perf=0.597889 vp=0.487032 cap=194.812805
[1372073288.670784] vm=rubbos-hvm perf=0.683686 vp=0.512968 cap=205.187195
[1372073288.844810] vm=rubis-hvm perf=0.568471 vp=0.487032 cap=194.812805
[1372073294.213439] vm=rubbos-hvm perf=0.539506 vp=0.512968 cap=205.187195
[1372073294.357706] vm=rubis-hvm perf=0.572411 vp=0.487032 cap=194.812805
[1372073299.748740] vm=rubbos-hvm perf=0.317678 vp=0.512968 cap=205.187195
[1372073299.910457] vm=rubis-hvm perf=0.464582 vp=0.487032 cap=194.812805
[1372073305.292074] vm=rubbos-hvm perf=-0.901676 vp=0.573801 cap=229.520559
[1372073305.483152] vm=rubis-hvm perf=0.535178 vp=0.426199 cap=170.479441
[1372073310.850965] vm=rubbos-hvm perf=0.606062 vp=0.573801 cap=229.520559
[1372073311.023046] vm=rubis-hvm perf=0.392735 vp=0.426199 cap=170.479441
[1372073316.405347] vm=rubbos-hvm perf=-0.460778 vp=0.498318 cap=199.327074
[1372073316.580305] vm=rubis-hvm perf=-1.000000 vp=0.501682 cap=200.672926
[1372073321.964195] vm=rubbos-hvm perf=0.693198 vp=0.498318 cap=199.327074
[1372073322.150687] vm=rubis-hvm perf=0.573156 vp=0.501682 cap=200.672926
[1372073327.537628] vm=rubbos-hvm perf=-0.523922 vp=0.553140 cap=221.256086
[1372073327.710931] vm=rubis-hvm perf=0.703522 vp=0.446860 cap=178.743914
[1372073333.117664] vm=rubbos-hvm perf=0.686762 vp=0.500591 cap=200.236465
[1372073333.261322] vm=rubis-hvm perf=-0.394084 vp=0.499409 cap=199.763535
