2013-06-24 08:24:32.307+0000: 16682: info : libvirt version: 0.9.8
2013-06-24 08:24:32.307+0000: 16682: warning : xenHypervisorMakeCapabilities:2751 : Failed to get host power management capabilities
[1372062277.562336] vm=rubbos-hvm new
[1372062277.562384] vm=rubis-hvm new
[1372062277.562411] vm=rubbos-hvm perf=0.000000 vp=0.500000 cap=200.000000
[1372062277.706586] vm=rubis-hvm perf=0.000000 vp=0.500000 cap=200.000000
[1372062283.066524] vm=rubbos-hvm perf=0.000000 vp=0.500000 cap=200.000000
[1372062283.226245] vm=rubis-hvm perf=0.000000 vp=0.500000 cap=200.000000
[1372062288.603631] vm=rubbos-hvm perf=1.000000 vp=0.500000 cap=200.000000
[1372062288.749236] vm=rubis-hvm perf=1.000000 vp=0.500000 cap=200.000000
[1372062294.153480] vm=rubbos-hvm perf=1.000000 vp=0.500000 cap=200.000000
[1372062294.328515] vm=rubis-hvm perf=1.000000 vp=0.500000 cap=200.000000
[1372062299.680355] vm=rubbos-hvm perf=1.000000 vp=0.500000 cap=200.000000
[1372062299.851226] vm=rubis-hvm perf=1.000000 vp=0.500000 cap=200.000000
[1372062305.213656] vm=rubbos-hvm perf=1.000000 vp=0.500000 cap=200.000000
[1372062305.369756] vm=rubis-hvm perf=1.000000 vp=0.500000 cap=200.000000
[1372062310.769974] vm=rubbos-hvm perf=1.000000 vp=0.500000 cap=200.000000
[1372062310.935341] vm=rubis-hvm perf=1.000000 vp=0.500000 cap=200.000000
[1372062316.346924] vm=rubbos-hvm perf=1.000000 vp=0.500000 cap=200.000000
[1372062316.523545] vm=rubis-hvm perf=1.000000 vp=0.500000 cap=200.000000
[1372062321.922351] vm=rubbos-hvm perf=1.000000 vp=0.500000 cap=200.000000
[1372062322.069859] vm=rubis-hvm perf=1.000000 vp=0.500000 cap=200.000000
[1372062327.429843] vm=rubbos-hvm perf=1.000000 vp=0.500000 cap=200.000000
[1372062327.606900] vm=rubis-hvm perf=1.000000 vp=0.500000 cap=200.000000
[1372062333.012286] vm=rubbos-hvm perf=1.000000 vp=0.500000 cap=200.000000
[1372062333.164191] vm=rubis-hvm perf=1.000000 vp=0.500000 cap=200.000000
[1372062338.548138] vm=rubbos-hvm perf=1.000000 vp=0.500000 cap=200.000000
[1372062338.716375] vm=rubis-hvm perf=1.000000 vp=0.500000 cap=200.000000
[1372062344.123010] vm=rubbos-hvm perf=1.000000 vp=0.500000 cap=200.000000
[1372062344.291407] vm=rubis-hvm perf=1.000000 vp=0.500000 cap=200.000000
[1372062349.698301] vm=rubbos-hvm perf=1.000000 vp=0.500000 cap=200.000000
[1372062349.861351] vm=rubis-hvm perf=1.000000 vp=0.500000 cap=200.000000
[1372062355.259645] vm=rubbos-hvm perf=1.000000 vp=0.500000 cap=200.000000
[1372062355.433702] vm=rubis-hvm perf=1.000000 vp=0.500000 cap=200.000000
[1372062360.845811] vm=rubbos-hvm perf=1.000000 vp=0.500000 cap=200.000000
[1372062361.021942] vm=rubis-hvm perf=1.000000 vp=0.500000 cap=200.000000
[1372062366.427268] vm=rubbos-hvm perf=1.000000 vp=0.500000 cap=200.000000
[1372062366.580608] vm=rubis-hvm perf=1.000000 vp=0.500000 cap=200.000000
[1372062372.005840] vm=rubbos-hvm perf=1.000000 vp=0.500000 cap=200.000000
[1372062372.167474] vm=rubis-hvm perf=1.000000 vp=0.500000 cap=200.000000
[1372062377.542717] vm=rubbos-hvm perf=1.000000 vp=0.500000 cap=200.000000
[1372062377.705003] vm=rubis-hvm perf=1.000000 vp=0.500000 cap=200.000000
[1372062383.111777] vm=rubbos-hvm perf=1.000000 vp=0.500000 cap=200.000000
[1372062383.268292] vm=rubis-hvm perf=1.000000 vp=0.500000 cap=200.000000
[1372062388.666554] vm=rubbos-hvm perf=1.000000 vp=0.500000 cap=200.000000
[1372062388.832436] vm=rubis-hvm perf=1.000000 vp=0.500000 cap=200.000000
[1372062394.218651] vm=rubbos-hvm perf=0.998026 vp=0.500000 cap=200.000000
[1372062394.389204] vm=rubis-hvm perf=1.000000 vp=0.500000 cap=200.000000
[1372062399.787215] vm=rubbos-hvm perf=1.000000 vp=0.500000 cap=200.000000
[1372062399.968818] vm=rubis-hvm perf=1.000000 vp=0.500000 cap=200.000000
[1372062405.363950] vm=rubbos-hvm perf=1.000000 vp=0.500000 cap=200.000000
[1372062405.536707] vm=rubis-hvm perf=1.000000 vp=0.500000 cap=200.000000
[1372062410.911725] vm=rubbos-hvm perf=1.000000 vp=0.500000 cap=200.000000
[1372062411.065876] vm=rubis-hvm perf=1.000000 vp=0.500000 cap=200.000000
[1372062416.462794] vm=rubbos-hvm perf=1.000000 vp=0.500000 cap=200.000000
[1372062416.633053] vm=rubis-hvm perf=1.000000 vp=0.500000 cap=200.000000
[1372062422.027740] vm=rubbos-hvm perf=1.000000 vp=0.500000 cap=200.000000
[1372062422.190810] vm=rubis-hvm perf=1.000000 vp=0.500000 cap=200.000000
[1372062427.577371] vm=rubbos-hvm perf=1.000000 vp=0.500000 cap=200.000000
[1372062427.742134] vm=rubis-hvm perf=1.000000 vp=0.500000 cap=200.000000
[1372062433.130496] vm=rubbos-hvm perf=1.000000 vp=0.500000 cap=200.000000
[1372062433.310778] vm=rubis-hvm perf=1.000000 vp=0.500000 cap=200.000000
[1372062438.688515] vm=rubbos-hvm perf=1.000000 vp=0.500000 cap=200.000000
[1372062438.840221] vm=rubis-hvm perf=1.000000 vp=0.500000 cap=200.000000
[1372062444.236304] vm=rubbos-hvm perf=1.000000 vp=0.500000 cap=200.000000
[1372062444.419914] vm=rubis-hvm perf=1.000000 vp=0.500000 cap=200.000000
[1372062449.817921] vm=rubbos-hvm perf=1.000000 vp=0.500000 cap=200.000000
[1372062449.976710] vm=rubis-hvm perf=1.000000 vp=0.500000 cap=200.000000
[1372062455.361762] vm=rubbos-hvm perf=1.000000 vp=0.500000 cap=200.000000
[1372062455.524810] vm=rubis-hvm perf=1.000000 vp=0.500000 cap=200.000000
[1372062460.907311] vm=rubbos-hvm perf=1.000000 vp=0.500000 cap=200.000000
[1372062461.072992] vm=rubis-hvm perf=1.000000 vp=0.500000 cap=200.000000
[1372062466.487928] vm=rubbos-hvm perf=1.000000 vp=0.500000 cap=200.000000
[1372062466.657962] vm=rubis-hvm perf=1.000000 vp=0.500000 cap=200.000000
[1372062472.036869] vm=rubbos-hvm perf=1.000000 vp=0.500000 cap=200.000000
[1372062472.196239] vm=rubis-hvm perf=1.000000 vp=0.500000 cap=200.000000
[1372062477.598699] vm=rubbos-hvm perf=1.000000 vp=0.500000 cap=200.000000
[1372062477.767389] vm=rubis-hvm perf=1.000000 vp=0.500000 cap=200.000000
[1372062483.139999] vm=rubbos-hvm perf=1.000000 vp=0.500000 cap=200.000000
[1372062483.302572] vm=rubis-hvm perf=1.000000 vp=0.500000 cap=200.000000
[1372062488.715680] vm=rubbos-hvm perf=1.000000 vp=0.431489 cap=172.595599
[1372062488.893116] vm=rubis-hvm perf=-0.587781 vp=0.568511 cap=227.404401
[1372062494.267224] vm=rubbos-hvm perf=1.000000 vp=0.370259 cap=148.103694
[1372062494.411055] vm=rubis-hvm perf=-0.598715 vp=0.629741 cap=251.896306
[1372062499.812276] vm=rubbos-hvm perf=1.000000 vp=0.370259 cap=148.103694
[1372062499.992768] vm=rubis-hvm perf=1.000000 vp=0.629741 cap=251.896306
[1372062505.390508] vm=rubbos-hvm perf=1.000000 vp=0.370259 cap=148.103694
[1372062505.554978] vm=rubis-hvm perf=1.000000 vp=0.629741 cap=251.896306
[1372062510.948254] vm=rubbos-hvm perf=1.000000 vp=0.370259 cap=148.103694
[1372062511.101601] vm=rubis-hvm perf=0.168706 vp=0.629741 cap=251.896306
[1372062516.508784] vm=rubbos-hvm perf=1.000000 vp=0.370259 cap=148.103694
[1372062516.685566] vm=rubis-hvm perf=0.972873 vp=0.629741 cap=251.896306
[1372062522.083826] vm=rubbos-hvm perf=1.000000 vp=0.370259 cap=148.103694
[1372062522.246178] vm=rubis-hvm perf=1.000000 vp=0.629741 cap=251.896306
[1372062527.630854] vm=rubbos-hvm perf=1.000000 vp=0.370259 cap=148.103694
[1372062527.807410] vm=rubis-hvm perf=0.062417 vp=0.629741 cap=251.896306
[1372062533.211449] vm=rubbos-hvm perf=1.000000 vp=0.370259 cap=148.103694
[1372062533.380019] vm=rubis-hvm perf=0.399756 vp=0.629741 cap=251.896306
[1372062538.804738] vm=rubbos-hvm perf=1.000000 vp=0.322341 cap=128.936359
[1372062538.954953] vm=rubis-hvm perf=-0.306666 vp=0.677659 cap=271.063641
[1372062544.330794] vm=rubbos-hvm perf=1.000000 vp=0.276250 cap=110.500015
[1372062544.493397] vm=rubis-hvm perf=-0.485711 vp=0.723750 cap=289.499985
[1372062549.871333] vm=rubbos-hvm perf=1.000000 vp=0.276250 cap=110.500015
[1372062550.060271] vm=rubis-hvm perf=1.000000 vp=0.723750 cap=289.499985
[1372062555.454176] vm=rubbos-hvm perf=1.000000 vp=0.276250 cap=110.500015
[1372062555.608152] vm=rubis-hvm perf=1.000000 vp=0.723750 cap=289.499985
[1372062561.046531] vm=rubbos-hvm perf=1.000000 vp=0.276250 cap=110.500015
[1372062561.214615] vm=rubis-hvm perf=0.920079 vp=0.723750 cap=289.499985
[1372062566.612892] vm=rubbos-hvm perf=1.000000 vp=0.276250 cap=110.500015
[1372062566.801652] vm=rubis-hvm perf=0.225724 vp=0.723750 cap=289.499985
[1372062572.186482] vm=rubbos-hvm perf=1.000000 vp=0.276250 cap=110.500015
[1372062572.370264] vm=rubis-hvm perf=0.518287 vp=0.723750 cap=289.499985
[1372062577.779360] vm=rubbos-hvm perf=1.000000 vp=0.276250 cap=110.500015
[1372062577.943905] vm=rubis-hvm perf=0.403089 vp=0.723750 cap=289.499985
[1372062583.341111] vm=rubbos-hvm perf=1.000000 vp=0.276250 cap=110.500015
[1372062583.511761] vm=rubis-hvm perf=0.598670 vp=0.723750 cap=289.499985
[1372062588.867222] vm=rubbos-hvm perf=1.000000 vp=0.276250 cap=110.500015
[1372062589.041587] vm=rubis-hvm perf=0.536214 vp=0.723750 cap=289.499985
[1372062594.419859] vm=rubbos-hvm perf=1.000000 vp=0.276250 cap=110.500015
[1372062594.581552] vm=rubis-hvm perf=1.000000 vp=0.723750 cap=289.499985
[1372062599.968592] vm=rubbos-hvm perf=1.000000 vp=0.276250 cap=110.500015
[1372062600.125894] vm=rubis-hvm perf=1.000000 vp=0.723750 cap=289.499985
[1372062605.518423] vm=rubbos-hvm perf=1.000000 vp=0.276250 cap=110.500015
[1372062605.677480] vm=rubis-hvm perf=1.000000 vp=0.723750 cap=289.499985
[1372062611.053599] vm=rubbos-hvm perf=1.000000 vp=0.276250 cap=110.500015
[1372062611.183287] vm=rubis-hvm perf=0.768356 vp=0.723750 cap=289.499985
[1372062616.544961] vm=rubbos-hvm perf=1.000000 vp=0.276250 cap=110.500015
[1372062616.709210] vm=rubis-hvm perf=1.000000 vp=0.723750 cap=289.499985
[1372062622.074747] vm=rubbos-hvm perf=1.000000 vp=0.276250 cap=110.500015
[1372062622.227375] vm=rubis-hvm perf=1.000000 vp=0.723750 cap=289.499985
[1372062627.608315] vm=rubbos-hvm perf=1.000000 vp=0.276250 cap=110.500015
[1372062627.768842] vm=rubis-hvm perf=1.000000 vp=0.723750 cap=289.499985
[1372062633.176461] vm=rubbos-hvm perf=1.000000 vp=0.276250 cap=110.500015
[1372062633.343243] vm=rubis-hvm perf=1.000000 vp=0.723750 cap=289.499985
[1372062638.740088] vm=rubbos-hvm perf=1.000000 vp=0.276250 cap=110.500015
[1372062638.899258] vm=rubis-hvm perf=1.000000 vp=0.723750 cap=289.499985
[1372062644.282106] vm=rubbos-hvm perf=1.000000 vp=0.276250 cap=110.500015
[1372062644.432090] vm=rubis-hvm perf=1.000000 vp=0.723750 cap=289.499985
[1372062649.836993] vm=rubbos-hvm perf=1.000000 vp=0.276250 cap=110.500015
[1372062650.000499] vm=rubis-hvm perf=1.000000 vp=0.723750 cap=289.499985
[1372062655.398520] vm=rubbos-hvm perf=1.000000 vp=0.276250 cap=110.500015
[1372062655.566574] vm=rubis-hvm perf=1.000000 vp=0.723750 cap=289.499985
[1372062660.946270] vm=rubbos-hvm perf=1.000000 vp=0.276250 cap=110.500015
[1372062661.108946] vm=rubis-hvm perf=1.000000 vp=0.723750 cap=289.499985
[1372062666.461276] vm=rubbos-hvm perf=1.000000 vp=0.276250 cap=110.500015
[1372062666.610687] vm=rubis-hvm perf=0.921311 vp=0.723750 cap=289.499985
[1372062672.022054] vm=rubbos-hvm perf=1.000000 vp=0.276250 cap=110.500015
[1372062672.190051] vm=rubis-hvm perf=0.796139 vp=0.723750 cap=289.499985
[1372062677.573491] vm=rubbos-hvm perf=1.000000 vp=0.276250 cap=110.500015
[1372062677.736707] vm=rubis-hvm perf=0.551330 vp=0.723750 cap=289.499985
[1372062683.120959] vm=rubbos-hvm perf=1.000000 vp=0.276250 cap=110.500015
[1372062683.285155] vm=rubis-hvm perf=0.929932 vp=0.723750 cap=289.499985
[1372062688.673735] vm=rubbos-hvm perf=-0.541941 vp=0.351122 cap=140.448888
[1372062688.848971] vm=rubis-hvm perf=0.668619 vp=0.648878 cap=259.551112
[1372062694.222861] vm=rubbos-hvm perf=-0.539898 vp=0.430954 cap=172.381498
[1372062694.378979] vm=rubis-hvm perf=1.000000 vp=0.569046 cap=227.618502
[1372062699.793490] vm=rubbos-hvm perf=-0.434594 vp=0.471840 cap=188.735977
[1372062699.971481] vm=rubis-hvm perf=0.324300 vp=0.528160 cap=211.264023
[1372062705.340759] vm=rubbos-hvm perf=0.727224 vp=0.416281 cap=166.512322
[1372062705.500498] vm=rubis-hvm perf=-0.600282 vp=0.583719 cap=233.487678
[1372062710.904282] vm=rubbos-hvm perf=-0.063390 vp=0.464800 cap=185.920063
[1372062711.082658] vm=rubis-hvm perf=1.000000 vp=0.535200 cap=214.079937
[1372062716.473742] vm=rubbos-hvm perf=0.391974 vp=0.439041 cap=175.616559
[1372062716.629758] vm=rubis-hvm perf=-0.179793 vp=0.560959 cap=224.383441
[1372062722.013197] vm=rubbos-hvm perf=-0.164813 vp=0.485242 cap=194.096810
[1372062722.165563] vm=rubis-hvm perf=0.811558 vp=0.514758 cap=205.903190
[1372062727.549596] vm=rubbos-hvm perf=0.591662 vp=0.485242 cap=194.096810
[1372062727.717398] vm=rubis-hvm perf=0.979335 vp=0.514758 cap=205.903190
[1372062733.105154] vm=rubbos-hvm perf=0.053794 vp=0.463169 cap=185.267581
[1372062733.272149] vm=rubis-hvm perf=-0.433994 vp=0.536831 cap=214.732419
[1372062738.695053] vm=rubbos-hvm perf=0.781889 vp=0.463169 cap=185.267581
[1372062738.870242] vm=rubis-hvm perf=1.000000 vp=0.536831 cap=214.732419
[1372062744.307989] vm=rubbos-hvm perf=0.000907 vp=0.463169 cap=185.267581
[1372062744.466234] vm=rubis-hvm perf=0.084789 vp=0.536831 cap=214.732419
[1372062749.874384] vm=rubbos-hvm perf=0.414379 vp=0.463169 cap=185.267581
[1372062750.047437] vm=rubis-hvm perf=1.000000 vp=0.536831 cap=214.732419
[1372062755.466289] vm=rubbos-hvm perf=0.173811 vp=0.463169 cap=185.267581
[1372062755.628047] vm=rubis-hvm perf=1.000000 vp=0.536831 cap=214.732419
[1372062761.021503] vm=rubbos-hvm perf=0.410576 vp=0.463169 cap=185.267581
[1372062761.181082] vm=rubis-hvm perf=1.000000 vp=0.536831 cap=214.732419
[1372062766.566836] vm=rubbos-hvm perf=-0.108523 vp=0.478611 cap=191.444588
[1372062766.747449] vm=rubis-hvm perf=0.193950 vp=0.521389 cap=208.555412
[1372062772.127950] vm=rubbos-hvm perf=0.731045 vp=0.478611 cap=191.444588
[1372062772.293849] vm=rubis-hvm perf=0.312879 vp=0.521389 cap=208.555412
[1372062777.710295] vm=rubbos-hvm perf=0.569272 vp=0.478611 cap=191.444588
[1372062777.866375] vm=rubis-hvm perf=0.419797 vp=0.521389 cap=208.555412
[1372062783.258876] vm=rubbos-hvm perf=0.338767 vp=0.478611 cap=191.444588
[1372062783.425925] vm=rubis-hvm perf=0.808537 vp=0.521389 cap=208.555412
[1372062788.815814] vm=rubbos-hvm perf=0.124247 vp=0.478611 cap=191.444588
[1372062788.989110] vm=rubis-hvm perf=0.809925 vp=0.521389 cap=208.555412
[1372062794.383024] vm=rubbos-hvm perf=0.383585 vp=0.444738 cap=177.895226
[1372062794.545863] vm=rubis-hvm perf=-0.377817 vp=0.555262 cap=222.104774
[1372062799.934860] vm=rubbos-hvm perf=0.025808 vp=0.444738 cap=177.895226
[1372062800.110420] vm=rubis-hvm perf=0.797306 vp=0.555262 cap=222.104774
[1372062805.502855] vm=rubbos-hvm perf=-0.067929 vp=0.493601 cap=197.440461
[1372062805.653456] vm=rubis-hvm perf=1.000000 vp=0.506399 cap=202.559539
[1372062811.039653] vm=rubbos-hvm perf=-0.063625 vp=0.541789 cap=216.715423
[1372062811.206052] vm=rubis-hvm perf=1.000000 vp=0.458211 cap=183.284577
[1372062816.608017] vm=rubbos-hvm perf=-0.168509 vp=0.508647 cap=203.458729
[1372062816.753702] vm=rubis-hvm perf=-0.448369 vp=0.491353 cap=196.541271
[1372062822.177338] vm=rubbos-hvm perf=1.000000 vp=0.508647 cap=203.458729
[1372062822.333934] vm=rubis-hvm perf=0.084330 vp=0.491353 cap=196.541271
[1372062827.722066] vm=rubbos-hvm perf=0.202368 vp=0.508647 cap=203.458729
[1372062827.881613] vm=rubis-hvm perf=1.000000 vp=0.491353 cap=196.541271
[1372062833.266600] vm=rubbos-hvm perf=0.371584 vp=0.508647 cap=203.458729
[1372062833.456253] vm=rubis-hvm perf=0.096280 vp=0.491353 cap=196.541271
[1372062838.862789] vm=rubbos-hvm perf=0.378094 vp=0.508647 cap=203.458729
[1372062839.038002] vm=rubis-hvm perf=0.370706 vp=0.491353 cap=196.541271
[1372062844.423358] vm=rubbos-hvm perf=1.000000 vp=0.508647 cap=203.458729
[1372062844.588140] vm=rubis-hvm perf=1.000000 vp=0.491353 cap=196.541271
[1372062849.984343] vm=rubbos-hvm perf=0.652696 vp=0.508647 cap=203.458729
[1372062850.156489] vm=rubis-hvm perf=0.304645 vp=0.491353 cap=196.541271
[1372062855.551586] vm=rubbos-hvm perf=0.636752 vp=0.508647 cap=203.458729
[1372062855.689315] vm=rubis-hvm perf=0.454831 vp=0.491353 cap=196.541271
[1372062861.115827] vm=rubbos-hvm perf=0.213922 vp=0.508647 cap=203.458729
[1372062861.270838] vm=rubis-hvm perf=0.823745 vp=0.491353 cap=196.541271
[1372062866.692485] vm=rubbos-hvm perf=0.368911 vp=0.490040 cap=196.015907
[1372062866.866264] vm=rubis-hvm perf=-0.016882 vp=0.509960 cap=203.984093
[1372062872.275806] vm=rubbos-hvm perf=0.012139 vp=0.490040 cap=196.015907
[1372062872.424121] vm=rubis-hvm perf=0.534665 vp=0.509960 cap=203.984093
[1372062877.828289] vm=rubbos-hvm perf=0.351274 vp=0.456229 cap=182.491423
[1372062877.995824] vm=rubis-hvm perf=-0.390612 vp=0.543771 cap=217.508577
[1372062883.392213] vm=rubbos-hvm perf=-0.236306 vp=0.476974 cap=190.789597
[1372062883.570012] vm=rubis-hvm perf=0.153047 vp=0.523026 cap=209.210403
[1372062888.964093] vm=rubbos-hvm perf=-0.672848 vp=0.527414 cap=210.965574
[1372062889.147100] vm=rubis-hvm perf=0.381030 vp=0.472586 cap=189.034426
[1372062894.549006] vm=rubbos-hvm perf=-0.524301 vp=0.551652 cap=220.660872
[1372062894.721274] vm=rubis-hvm perf=-0.240013 vp=0.448348 cap=179.339128
[1372062900.139659] vm=rubbos-hvm perf=-0.355710 vp=0.575039 cap=230.015473
[1372062900.310179] vm=rubis-hvm perf=-0.077131 vp=0.424961 cap=169.984527
[1372062905.718375] vm=rubbos-hvm perf=-0.038766 vp=0.619994 cap=247.997734
[1372062905.877027] vm=rubis-hvm perf=1.000000 vp=0.380006 cap=152.002266
[1372062911.285691] vm=rubbos-hvm perf=-0.081069 vp=0.570098 cap=228.039188
[1372062911.460615] vm=rubis-hvm perf=-0.452083 vp=0.429902 cap=171.960812
[1372062916.862491] vm=rubbos-hvm perf=-0.179257 vp=0.549046 cap=219.618491
[1372062917.024856] vm=rubis-hvm perf=-0.319808 vp=0.450954 cap=180.381509
[1372062922.394433] vm=rubbos-hvm perf=0.044764 vp=0.549046 cap=219.618491
[1372062922.545338] vm=rubis-hvm perf=1.000000 vp=0.450954 cap=180.381509
[1372062927.972644] vm=rubbos-hvm perf=-0.306979 vp=0.573020 cap=229.208142
[1372062928.127863] vm=rubis-hvm perf=0.259190 vp=0.426980 cap=170.791858
[1372062933.522772] vm=rubbos-hvm perf=-0.106329 vp=0.597116 cap=238.846507
[1372062933.690198] vm=rubis-hvm perf=0.442641 vp=0.402884 cap=161.153493
[1372062939.062098] vm=rubbos-hvm perf=-0.454832 vp=0.607818 cap=243.127200
[1372062939.240230] vm=rubis-hvm perf=-0.217271 vp=0.392182 cap=156.872800
[1372062944.624912] vm=rubbos-hvm perf=0.396996 vp=0.561854 cap=224.741652
[1372062944.812791] vm=rubis-hvm perf=-0.416807 vp=0.438146 cap=175.258348
[1372062950.227321] vm=rubbos-hvm perf=0.059675 vp=0.561854 cap=224.741652
[1372062950.393239] vm=rubis-hvm perf=1.000000 vp=0.438146 cap=175.258348
[1372062955.816669] vm=rubbos-hvm perf=-0.457596 vp=0.619820 cap=247.928004
[1372062955.971496] vm=rubis-hvm perf=1.000000 vp=0.380180 cap=152.071996
[1372062961.366554] vm=rubbos-hvm perf=0.121202 vp=0.596136 cap=238.454455
[1372062961.521975] vm=rubis-hvm perf=-0.246146 vp=0.403864 cap=161.545545
[1372062966.956866] vm=rubbos-hvm perf=0.809673 vp=0.533777 cap=213.510642
[1372062967.140486] vm=rubis-hvm perf=-0.431340 vp=0.466223 cap=186.489358
[1372062972.533634] vm=rubbos-hvm perf=-0.239364 vp=0.575622 cap=230.248762
[1372062972.686885] vm=rubis-hvm perf=0.714572 vp=0.424378 cap=169.751238
[1372062978.073694] vm=rubbos-hvm perf=0.411751 vp=0.575622 cap=230.248762
[1372062978.247215] vm=rubis-hvm perf=1.000000 vp=0.424378 cap=169.751238
[1372062983.646427] vm=rubbos-hvm perf=1.000000 vp=0.575622 cap=230.248762
[1372062983.840052] vm=rubis-hvm perf=0.866748 vp=0.424378 cap=169.751238
[1372062989.218008] vm=rubbos-hvm perf=0.875166 vp=0.575622 cap=230.248762
[1372062989.385550] vm=rubis-hvm perf=1.000000 vp=0.424378 cap=169.751238
[1372062994.786609] vm=rubbos-hvm perf=0.931659 vp=0.575622 cap=230.248762
[1372062994.950788] vm=rubis-hvm perf=0.471339 vp=0.424378 cap=169.751238
[1372063000.372038] vm=rubbos-hvm perf=0.053175 vp=0.575622 cap=230.248762
[1372063000.556352] vm=rubis-hvm perf=0.646139 vp=0.424378 cap=169.751238
[1372063005.962448] vm=rubbos-hvm perf=0.526126 vp=0.575622 cap=230.248762
[1372063006.121110] vm=rubis-hvm perf=1.000000 vp=0.424378 cap=169.751238
[1372063011.507102] vm=rubbos-hvm perf=0.160537 vp=0.575622 cap=230.248762
[1372063011.665831] vm=rubis-hvm perf=0.691515 vp=0.424378 cap=169.751238
[1372063017.063462] vm=rubbos-hvm perf=0.427442 vp=0.575622 cap=230.248762
[1372063017.251189] vm=rubis-hvm perf=1.000000 vp=0.424378 cap=169.751238
[1372063022.657780] vm=rubbos-hvm perf=0.226647 vp=0.575622 cap=230.248762
[1372063022.834072] vm=rubis-hvm perf=0.235065 vp=0.424378 cap=169.751238
[1372063028.231807] vm=rubbos-hvm perf=1.000000 vp=0.517415 cap=206.965949
[1372063028.386817] vm=rubis-hvm perf=-0.239917 vp=0.482585 cap=193.034051
[1372063033.764024] vm=rubbos-hvm perf=-0.050942 vp=0.564611 cap=225.844371
[1372063033.924102] vm=rubis-hvm perf=1.000000 vp=0.435389 cap=174.155629
[1372063039.317249] vm=rubbos-hvm perf=0.513959 vp=0.532190 cap=212.875938
[1372063039.482124] vm=rubis-hvm perf=-0.143158 vp=0.467810 cap=187.124062
[1372063044.883044] vm=rubbos-hvm perf=-0.044987 vp=0.562204 cap=224.881519
[1372063045.050327] vm=rubis-hvm perf=0.604557 vp=0.437796 cap=175.118481
[1372063050.447910] vm=rubbos-hvm perf=-0.297161 vp=0.553885 cap=221.553972
[1372063050.615760] vm=rubis-hvm perf=-0.305388 vp=0.446115 cap=178.446028
[1372063056.006964] vm=rubbos-hvm perf=0.034340 vp=0.523148 cap=209.259361
[1372063056.191520] vm=rubis-hvm perf=-0.502713 vp=0.476852 cap=190.740639
[1372063061.581378] vm=rubbos-hvm perf=-0.347457 vp=0.580888 cap=232.355237
[1372063061.739767] vm=rubis-hvm perf=1.000000 vp=0.419112 cap=167.644763
[1372063067.098462] vm=rubbos-hvm perf=0.201605 vp=0.580888 cap=232.355237
[1372063067.249126] vm=rubis-hvm perf=1.000000 vp=0.419112 cap=167.644763
[1372063072.677604] vm=rubbos-hvm perf=0.528127 vp=0.580888 cap=232.355237
[1372063072.844886] vm=rubis-hvm perf=0.837364 vp=0.419112 cap=167.644763
[1372063078.227227] vm=rubbos-hvm perf=0.231321 vp=0.580888 cap=232.355237
[1372063078.397103] vm=rubis-hvm perf=0.354988 vp=0.419112 cap=167.644763
[1372063083.797568] vm=rubbos-hvm perf=1.000000 vp=0.529864 cap=211.945640
[1372063083.965871] vm=rubis-hvm perf=-0.107370 vp=0.470136 cap=188.054360
[1372063089.351863] vm=rubbos-hvm perf=1.000000 vp=0.529864 cap=211.945640
[1372063089.516937] vm=rubis-hvm perf=1.000000 vp=0.470136 cap=188.054360
[1372063094.962125] vm=rubbos-hvm perf=0.369567 vp=0.529864 cap=211.945640
[1372063095.128430] vm=rubis-hvm perf=1.000000 vp=0.470136 cap=188.054360
[1372063100.535283] vm=rubbos-hvm perf=-0.282003 vp=0.584865 cap=233.945942
[1372063100.689047] vm=rubis-hvm perf=1.000000 vp=0.415135 cap=166.054058
[1372063106.095981] vm=rubbos-hvm perf=0.812342 vp=0.584865 cap=233.945942
[1372063106.262111] vm=rubis-hvm perf=1.000000 vp=0.415135 cap=166.054058
[1372063111.642987] vm=rubbos-hvm perf=0.443752 vp=0.584865 cap=233.945942
[1372063111.815198] vm=rubis-hvm perf=1.000000 vp=0.415135 cap=166.054058
[1372063117.204699] vm=rubbos-hvm perf=0.677982 vp=0.584865 cap=233.945942
[1372063117.350774] vm=rubis-hvm perf=1.000000 vp=0.415135 cap=166.054058
[1372063122.757264] vm=rubbos-hvm perf=0.128396 vp=0.584865 cap=233.945942
[1372063122.902190] vm=rubis-hvm perf=1.000000 vp=0.415135 cap=166.054058
[1372063128.317513] vm=rubbos-hvm perf=0.205374 vp=0.584865 cap=233.945942
[1372063128.556930] vm=rubis-hvm perf=1.000000 vp=0.415135 cap=166.054058
[1372063133.946033] vm=rubbos-hvm perf=-0.062967 vp=0.630071 cap=252.028226
[1372063134.112633] vm=rubis-hvm perf=1.000000 vp=0.369929 cap=147.971774
[1372063139.498308] vm=rubbos-hvm perf=0.500123 vp=0.630071 cap=252.028226
[1372063139.662685] vm=rubis-hvm perf=1.000000 vp=0.369929 cap=147.971774
[1372063145.053236] vm=rubbos-hvm perf=0.728106 vp=0.630071 cap=252.028226
[1372063145.207798] vm=rubis-hvm perf=1.000000 vp=0.369929 cap=147.971774
[1372063150.601194] vm=rubbos-hvm perf=0.836130 vp=0.630071 cap=252.028226
[1372063150.769605] vm=rubis-hvm perf=1.000000 vp=0.369929 cap=147.971774
[1372063156.168945] vm=rubbos-hvm perf=1.000000 vp=0.630071 cap=252.028226
[1372063156.310670] vm=rubis-hvm perf=1.000000 vp=0.369929 cap=147.971774
[1372063161.703408] vm=rubbos-hvm perf=0.566357 vp=0.630071 cap=252.028226
[1372063161.867240] vm=rubis-hvm perf=1.000000 vp=0.369929 cap=147.971774
[1372063167.258895] vm=rubbos-hvm perf=0.498733 vp=0.630071 cap=252.028226
[1372063167.410096] vm=rubis-hvm perf=1.000000 vp=0.369929 cap=147.971774
[1372063172.781455] vm=rubbos-hvm perf=0.794829 vp=0.630071 cap=252.028226
[1372063172.921650] vm=rubis-hvm perf=1.000000 vp=0.369929 cap=147.971774
[1372063178.318216] vm=rubbos-hvm perf=0.772791 vp=0.630071 cap=252.028226
[1372063178.480863] vm=rubis-hvm perf=1.000000 vp=0.369929 cap=147.971774
[1372063183.845881] vm=rubbos-hvm perf=0.272193 vp=0.630071 cap=252.028226
[1372063184.009527] vm=rubis-hvm perf=1.000000 vp=0.369929 cap=147.971774
[1372063189.403741] vm=rubbos-hvm perf=1.000000 vp=0.630071 cap=252.028226
[1372063189.563366] vm=rubis-hvm perf=1.000000 vp=0.369929 cap=147.971774
[1372063194.977479] vm=rubbos-hvm perf=0.417362 vp=0.630071 cap=252.028226
[1372063195.127596] vm=rubis-hvm perf=1.000000 vp=0.369929 cap=147.971774
[1372063200.504618] vm=rubbos-hvm perf=0.834909 vp=0.630071 cap=252.028226
[1372063200.670392] vm=rubis-hvm perf=1.000000 vp=0.369929 cap=147.971774
[1372063206.054441] vm=rubbos-hvm perf=0.613913 vp=0.630071 cap=252.028226
[1372063206.220760] vm=rubis-hvm perf=1.000000 vp=0.369929 cap=147.971774
[1372063211.609441] vm=rubbos-hvm perf=0.568918 vp=0.630071 cap=252.028226
[1372063211.785346] vm=rubis-hvm perf=1.000000 vp=0.369929 cap=147.971774
[1372063217.182033] vm=rubbos-hvm perf=0.010311 vp=0.630071 cap=252.028226
[1372063217.353112] vm=rubis-hvm perf=1.000000 vp=0.369929 cap=147.971774
[1372063222.733570] vm=rubbos-hvm perf=0.422778 vp=0.630071 cap=252.028226
[1372063222.900001] vm=rubis-hvm perf=1.000000 vp=0.369929 cap=147.971774
[1372063228.284820] vm=rubbos-hvm perf=0.112032 vp=0.630071 cap=252.028226
[1372063228.446620] vm=rubis-hvm perf=1.000000 vp=0.369929 cap=147.971774
[1372063233.799315] vm=rubbos-hvm perf=0.782836 vp=0.630071 cap=252.028226
[1372063233.965645] vm=rubis-hvm perf=1.000000 vp=0.369929 cap=147.971774
[1372063239.345071] vm=rubbos-hvm perf=0.676429 vp=0.630071 cap=252.028226
[1372063239.497800] vm=rubis-hvm perf=1.000000 vp=0.369929 cap=147.971774
[1372063244.915385] vm=rubbos-hvm perf=0.247944 vp=0.630071 cap=252.028226
[1372063245.066124] vm=rubis-hvm perf=1.000000 vp=0.369929 cap=147.971774
[1372063250.458868] vm=rubbos-hvm perf=-0.216122 vp=0.676070 cap=270.427980
[1372063250.656174] vm=rubis-hvm perf=1.000000 vp=0.323930 cap=129.572020
[1372063256.028654] vm=rubbos-hvm perf=0.594526 vp=0.676070 cap=270.427980
[1372063256.170800] vm=rubis-hvm perf=1.000000 vp=0.323930 cap=129.572020
[1372063261.607379] vm=rubbos-hvm perf=0.158448 vp=0.676070 cap=270.427980
[1372063261.789061] vm=rubis-hvm perf=1.000000 vp=0.323930 cap=129.572020
[1372063267.201723] vm=rubbos-hvm perf=0.056343 vp=0.676070 cap=270.427980
[1372063267.379530] vm=rubis-hvm perf=1.000000 vp=0.323930 cap=129.572020
[1372063272.752155] vm=rubbos-hvm perf=-0.203290 vp=0.707198 cap=282.879366
[1372063272.904983] vm=rubis-hvm perf=0.688850 vp=0.292802 cap=117.120634
[1372063278.288526] vm=rubbos-hvm perf=0.433700 vp=0.707198 cap=282.879366
[1372063278.445589] vm=rubis-hvm perf=1.000000 vp=0.292802 cap=117.120634
