[1371547493.624696] latency=nan:nan:nan:nan:nan:(-nan)ms throughput=0rps rr=-nan% cr=-nan% errors=0 total=0
[1371547494.628682] latency=nan:nan:nan:nan:nan:(-nan)ms throughput=0rps rr=-nan% cr=-nan% errors=0 total=0
[1371547495.632640] latency=nan:nan:nan:nan:nan:(-nan)ms throughput=0rps rr=-nan% cr=-nan% errors=0 total=0
[1371547496.636664] latency=nan:nan:nan:nan:nan:(-nan)ms throughput=0rps rr=-nan% cr=-nan% errors=0 total=0
[1371547497.640657] latency=nan:nan:nan:nan:nan:(-nan)ms throughput=0rps rr=-nan% cr=-nan% errors=0 total=0
[1371547498.644667] latency=nan:nan:nan:nan:nan:(-nan)ms throughput=0rps rr=-nan% cr=-nan% errors=0 total=0
[1371547499.648600] latency=nan:nan:nan:nan:nan:(-nan)ms throughput=0rps rr=-nan% cr=-nan% errors=0 total=0
[1371547500.652651] latency=nan:nan:nan:nan:nan:(-nan)ms throughput=0rps rr=-nan% cr=-nan% errors=0 total=0
[1371547501.656688] latency=nan:nan:nan:nan:nan:(-nan)ms throughput=0rps rr=-nan% cr=-nan% errors=0 total=0
[1371547502.660665] latency=nan:nan:nan:nan:nan:(-nan)ms throughput=0rps rr=-nan% cr=-nan% errors=0 total=0
[1371547503.664671] latency=nan:nan:nan:nan:nan:(-nan)ms throughput=0rps rr=-nan% cr=-nan% errors=0 total=0
[1371547503.664953] set thinktime=0.100000
[1371547503.665020] set concurrency=100
[1371547504.724778] latency=4:11:31:79:343:(51)ms throughput=593rps rr=19.55% cr=47.06% errors=0 total=629
[1371547505.740694] latency=4:11:36:82:412:(56)ms throughput=644rps rr=24.77% cr=49.39% errors=0 total=1283
[1371547506.744734] latency=4:12:54:100:360:(66)ms throughput=611rps rr=25.61% cr=52.20% errors=0 total=1896
[1371547507.748607] latency=4:10:36:88:346:(57)ms throughput=638rps rr=25.31% cr=48.91% errors=0 total=2536
[1371547508.752600] latency=3:13:52:106:411:(70)ms throughput=578rps rr=29.66% cr=55.86% errors=0 total=3116
[1371547509.756653] latency=3:11:48:91:407:(60)ms throughput=620rps rr=27.13% cr=52.81% errors=0 total=3739
[1371547510.760680] latency=4:15:58:110:435:(71)ms throughput=573rps rr=27.83% cr=54.43% errors=0 total=4314
[1371547511.764653] latency=5:13:54:111:406:(72)ms throughput=603rps rr=27.93% cr=53.22% errors=0 total=4919
[1371547512.768607] latency=5:12:45:98:474:(65)ms throughput=618rps rr=26.61% cr=52.42% errors=0 total=5539
[1371547513.772735] latency=3:12:49:93:405:(61)ms throughput=597rps rr=29.22% cr=54.26% errors=0 total=6138
[1371547514.776647] latency=5:21:102:229:640:(136)ms throughput=422rps rr=32.08% cr=54.95% errors=0 total=6562
[1371547515.780642] latency=4:10:41:84:568:(58)ms throughput=649rps rr=25.00% cr=50.15% errors=0 total=7214
[1371547516.784653] latency=4:10:28:79:400:(50)ms throughput=657rps rr=20.91% cr=45.15% errors=0 total=7874
[1371547517.788657] latency=3:9:26:76:402:(53)ms throughput=679rps rr=21.41% cr=46.63% errors=0 total=8556
[1371547518.792635] latency=4:9:27:77:402:(50)ms throughput=675rps rr=20.35% cr=44.99% errors=0 total=9234
[1371547519.796645] latency=3:8:20:64:487:(43)ms throughput=703rps rr=17.14% cr=42.07% errors=0 total=9940
[1371547520.800630] latency=3:8:16:51:333:(34)ms throughput=734rps rr=16.15% cr=39.21% errors=0 total=10677
[1371547521.804669] latency=2:7:13:41:440:(32)ms throughput=768rps rr=15.43% cr=38.26% errors=0 total=11448
[1371547522.808653] latency=3:7:16:46:334:(32)ms throughput=728rps rr=16.42% cr=40.77% errors=0 total=12179
[1371547523.812663] latency=3:8:21:60:342:(41)ms throughput=698rps rr=17.55% cr=42.51% errors=0 total=12880
[1371547524.816648] latency=3:8:22:61:403:(47)ms throughput=568rps rr=14.04% cr=37.19% errors=0 total=13450
[1371547525.820660] latency=4:8:24:77:539:(64)ms throughput=730rps rr=16.51% cr=42.84% errors=0 total=14183
[1371547526.824647] latency=3:8:17:52:397:(37)ms throughput=692rps rr=16.98% cr=43.02% errors=0 total=14878
[1371547527.828668] latency=2:6:10:38:367:(29)ms throughput=786rps rr=14.20% cr=34.73% errors=0 total=15667
[1371547528.832632] latency=2:7:15:47:495:(33)ms throughput=759rps rr=14.17% cr=37.40% errors=0 total=16429
[1371547529.836652] latency=2:7:13:53:346:(36)ms throughput=729rps rr=16.12% cr=38.93% errors=0 total=17161
[1371547530.840632] latency=2:6:11:37:308:(27)ms throughput=767rps rr=14.16% cr=37.01% errors=0 total=17931
[1371547531.844664] latency=2:7:12:49:387:(34)ms throughput=747rps rr=15.47% cr=37.60% errors=0 total=18681
[1371547532.848647] latency=2:7:12:44:416:(34)ms throughput=743rps rr=14.88% cr=38.47% errors=0 total=19427
[1371547533.852655] latency=3:7:14:55:361:(36)ms throughput=725rps rr=14.97% cr=39.01% errors=0 total=20155
[1371547534.856639] latency=3:8:16:61:447:(41)ms throughput=723rps rr=12.81% cr=38.84% errors=0 total=20881
[1371547535.860657] latency=2:9:38:93:645:(72)ms throughput=569rps rr=13.84% cr=38.70% errors=0 total=21452
[1371547536.864680] latency=2:7:12:43:371:(29)ms throughput=777rps rr=12.95% cr=35.38% errors=0 total=22232
[1371547537.868652] latency=2:6:9:32:373:(25)ms throughput=780rps rr=12.90% cr=35.50% errors=0 total=23015
[1371547538.872631] latency=3:7:12:44:261:(30)ms throughput=787rps rr=11.39% cr=34.05% errors=0 total=23805
[1371547539.876630] latency=2:5:8:25:462:(20)ms throughput=796rps rr=11.64% cr=31.66% errors=0 total=24604
[1371547540.880632] latency=2:5:8:27:292:(20)ms throughput=834rps rr=9.32% cr=30.70% errors=0 total=25441
[1371547541.884640] latency=2:5:9:25:274:(19)ms throughput=805rps rr=10.77% cr=32.18% errors=0 total=26249
[1371547542.888651] latency=2:6:10:33:360:(27)ms throughput=825rps rr=10.99% cr=32.73% errors=0 total=27077
[1371547543.892640] latency=2:5:8:24:203:(19)ms throughput=838rps rr=8.68% cr=29.96% errors=0 total=27918
[1371547544.896659] latency=2:5:8:24:230:(18)ms throughput=825rps rr=9.90% cr=30.68% errors=0 total=28746
[1371547545.900642] latency=3:5:10:36:274:(28)ms throughput=693rps rr=9.20% cr=30.03% errors=0 total=29442
[1371547546.904820] latency=2:6:13:44:480:(42)ms throughput=766rps rr=8.71% cr=34.07% errors=0 total=30211
[1371547547.908792] latency=2:5:9:27:375:(22)ms throughput=853rps rr=9.35% cr=31.31% errors=0 total=31067
[1371547548.912657] latency=2:6:9:32:372:(25)ms throughput=817rps rr=9.15% cr=32.07% errors=0 total=31887
[1371547549.916637] latency=3:6:9:31:320:(22)ms throughput=798rps rr=9.74% cr=33.71% errors=0 total=32688
[1371547550.920652] latency=2:5:8:24:229:(19)ms throughput=827rps rr=10.24% cr=29.16% errors=0 total=33518
[1371547551.924654] latency=2:5:9:31:386:(24)ms throughput=797rps rr=9.62% cr=35.25% errors=0 total=34318
[1371547552.928656] latency=2:5:7:22:351:(17)ms throughput=827rps rr=9.76% cr=28.80% errors=0 total=35148
[1371547553.932640] latency=2:5:9:29:307:(23)ms throughput=817rps rr=10.49% cr=32.56% errors=0 total=35968
[1371547554.936667] latency=2:5:7:23:245:(18)ms throughput=819rps rr=9.98% cr=31.87% errors=0 total=36790
[1371547555.940621] latency=2:5:8:22:151:(18)ms throughput=777rps rr=10.51% cr=32.31% errors=0 total=37570
[1371547556.944603] latency=2:7:21:68:476:(53)ms throughput=664rps rr=9.30% cr=31.63% errors=0 total=38237
[1371547557.948601] latency=2:6:9:28:306:(21)ms throughput=830rps rr=8.76% cr=30.49% errors=0 total=39070
[1371547558.952664] latency=3:6:9:29:321:(22)ms throughput=823rps rr=11.38% cr=32.69% errors=0 total=39896
[1371547559.956612] latency=2:6:9:28:252:(22)ms throughput=826rps rr=9.41% cr=29.55% errors=0 total=40725
[1371547560.960643] latency=2:6:10:40:406:(30)ms throughput=789rps rr=10.23% cr=33.21% errors=0 total=41517
[1371547561.964650] latency=2:6:10:31:196:(22)ms throughput=791rps rr=9.95% cr=32.12% errors=0 total=42311
[1371547562.968629] latency=3:7:13:47:417:(33)ms throughput=804rps rr=12.76% cr=33.71% errors=0 total=43118
[1371547563.972629] latency=2:6:10:38:439:(27)ms throughput=774rps rr=9.91% cr=33.08% errors=0 total=43895
[1371547564.976630] latency=2:6:10:35:283:(26)ms throughput=832rps rr=9.94% cr=32.46% errors=0 total=44730
[1371547565.980652] latency=3:7:11:43:274:(29)ms throughput=766rps rr=11.05% cr=35.11% errors=0 total=45499
[1371547566.984637] latency=3:7:16:50:250:(33)ms throughput=664rps rr=11.69% cr=33.28% errors=0 total=46166
[1371547567.988634] latency=2:6:13:50:507:(44)ms throughput=775rps rr=12.34% cr=33.29% errors=0 total=46944
[1371547568.992640] latency=2:5:9:27:288:(21)ms throughput=795rps rr=11.03% cr=32.33% errors=0 total=47742
[1371547569.996664] latency=3:6:10:39:397:(28)ms throughput=801rps rr=11.57% cr=35.82% errors=0 total=48546
[1371547571.000639] latency=2:6:9:28:158:(19)ms throughput=796rps rr=9.64% cr=31.79% errors=0 total=49345
[1371547572.004650] latency=2:8:15:60:545:(41)ms throughput=752rps rr=13.64% cr=36.29% errors=0 total=50100
[1371547573.008648] latency=3:6:11:40:325:(27)ms throughput=784rps rr=11.05% cr=33.67% errors=0 total=50887
[1371547574.012640] latency=2:7:14:43:287:(30)ms throughput=759rps rr=10.76% cr=34.38% errors=0 total=51649
[1371547575.016640] latency=3:6:10:37:289:(26)ms throughput=779rps rr=10.87% cr=35.42% errors=0 total=52431
[1371547576.020647] latency=2:6:9:29:344:(23)ms throughput=823rps rr=9.93% cr=31.36% errors=0 total=53257
[1371547577.024661] latency=2:6:9:36:367:(25)ms throughput=792rps rr=10.57% cr=31.70% errors=0 total=54052
[1371547578.028637] latency=2:8:22:93:499:(66)ms throughput=603rps rr=10.25% cr=32.23% errors=0 total=54657
[1371547579.032650] latency=2:6:9:33:418:(25)ms throughput=825rps rr=9.18% cr=32.49% errors=0 total=55485
[1371547580.036628] latency=2:5:9:27:201:(20)ms throughput=775rps rr=11.70% cr=32.26% errors=0 total=56263
[1371547581.040676] latency=2:6:11:41:398:(29)ms throughput=768rps rr=10.51% cr=35.80% errors=0 total=57034
[1371547582.044639] latency=3:6:10:40:344:(28)ms throughput=814rps rr=9.91% cr=32.56% errors=0 total=57851
[1371547583.048647] latency=2:5:8:22:143:(16)ms throughput=799rps rr=11.47% cr=31.92% errors=0 total=58653
[1371547584.052644] latency=2:6:10:35:236:(26)ms throughput=777rps rr=10.13% cr=33.33% errors=0 total=59433
[1371547585.056650] latency=3:7:12:39:310:(29)ms throughput=744rps rr=12.58% cr=33.73% errors=0 total=60180
[1371547586.060630] latency=3:7:13:43:329:(33)ms throughput=803rps rr=12.03% cr=35.36% errors=0 total=60986
[1371547587.064649] latency=3:7:11:40:373:(29)ms throughput=788rps rr=11.63% cr=32.24% errors=0 total=61777
[1371547588.068632] latency=2:8:17:55:436:(41)ms throughput=645rps rr=10.96% cr=36.11% errors=0 total=62425
[1371547589.072638] latency=2:7:15:68:412:(54)ms throughput=691rps rr=12.68% cr=36.31% errors=0 total=63119
[1371547590.076635] latency=2:7:12:45:347:(31)ms throughput=753rps rr=11.77% cr=35.05% errors=0 total=63875
[1371547591.080663] latency=2:6:9:32:390:(25)ms throughput=808rps rr=11.47% cr=34.40% errors=0 total=64686
[1371547592.084646] latency=2:7:12:44:511:(31)ms throughput=770rps rr=11.77% cr=35.32% errors=0 total=65459
[1371547593.088660] latency=2:6:10:37:311:(28)ms throughput=807rps rr=11.85% cr=34.07% errors=0 total=66269
[1371547594.092634] latency=2:6:10:34:353:(24)ms throughput=791rps rr=11.34% cr=33.00% errors=0 total=67063
[1371547595.096642] latency=2:7:13:51:398:(35)ms throughput=749rps rr=14.89% cr=37.77% errors=0 total=67815
[1371547596.100637] latency=3:7:13:50:491:(35)ms throughput=775rps rr=10.28% cr=34.83% errors=0 total=68593
[1371547597.104706] latency=2:8:17:60:482:(42)ms throughput=727rps rr=13.70% cr=38.36% errors=0 total=69323
[1371547598.108686] latency=2:6:12:42:358:(32)ms throughput=773rps rr=14.69% cr=35.95% errors=0 total=70099
[1371547599.112670] latency=2:7:17:58:395:(50)ms throughput=622rps rr=13.46% cr=34.13% errors=0 total=70723
[1371547600.116618] latency=2:7:13:53:549:(38)ms throughput=759rps rr=12.86% cr=35.17% errors=0 total=71485
[1371547601.121171] latency=2:5:8:24:321:(21)ms throughput=824rps rr=11.35% cr=30.92% errors=0 total=72313
[1371547602.124618] latency=3:6:10:30:246:(23)ms throughput=824rps rr=10.28% cr=31.68% errors=0 total=73140
[1371547603.128755] latency=2:6:11:41:289:(29)ms throughput=785rps rr=10.03% cr=32.74% errors=0 total=73928
[1371547604.132668] latency=2:6:10:34:239:(24)ms throughput=813rps rr=9.07% cr=31.74% errors=0 total=74744
[1371547605.136684] latency=2:3:5:13:289:(12)ms throughput=902rps rr=10.15% cr=29.47% errors=0 total=75650
[1371547606.140656] latency=2:3:4:11:28:(7)ms throughput=923rps rr=10.14% cr=32.58% errors=0 total=76577
[1371547607.144627] latency=2:3:4:14:46:(9)ms throughput=1013rps rr=12.39% cr=34.81% errors=0 total=77594
[1371547608.148648] latency=2:3:4:12:36:(7)ms throughput=949rps rr=11.23% cr=31.48% errors=0 total=78547
[1371547609.152660] latency=2:3:4:13:31:(8)ms throughput=758rps rr=14.59% cr=35.74% errors=0 total=79308
[1371547610.156650] latency=2:3:10:23:241:(36)ms throughput=835rps rr=13.84% cr=37.11% errors=0 total=80146
[1371547611.160653] latency=2:3:4:13:36:(8)ms throughput=938rps rr=12.53% cr=36.31% errors=0 total=81088
[1371547612.164634] latency=2:3:4:14:47:(9)ms throughput=956rps rr=13.02% cr=35.73% errors=0 total=82048
[1371547613.168673] latency=2:3:4:14:54:(9)ms throughput=976rps rr=13.78% cr=36.02% errors=0 total=83028
[1371547614.172661] latency=2:3:4:13:52:(8)ms throughput=926rps rr=12.69% cr=36.02% errors=0 total=83958
[1371547615.176646] latency=2:3:4:13:48:(8)ms throughput=917rps rr=11.83% cr=36.92% errors=0 total=84879
[1371547616.180651] latency=2:3:6:15:65:(10)ms throughput=922rps rr=18.25% cr=42.01% errors=0 total=85805
[1371547617.184646] latency=2:4:10:18:69:(12)ms throughput=863rps rr=24.60% cr=49.65% errors=0 total=86671
[1371547618.188652] latency=3:5:14:24:78:(17)ms throughput=852rps rr=36.26% cr=58.60% errors=0 total=87526
[1371547619.192629] latency=2:8:25:40:121:(27)ms throughput=793rps rr=46.48% cr=67.96% errors=0 total=88322
[1371547620.196646] latency=3:12:30:51:263:(44)ms throughput=583rps rr=52.48% cr=71.79% errors=0 total=88907
[1371547621.200683] latency=3:13:27:49:321:(43)ms throughput=759rps rr=54.33% cr=73.49% errors=0 total=89669
[1371547622.204637] latency=3:12:24:34:97:(25)ms throughput=783rps rr=57.12% cr=75.70% errors=0 total=90455
[1371547623.208661] latency=3:14:26:41:186:(29)ms throughput=757rps rr=58.82% cr=75.92% errors=0 total=91215
[1371547624.212642] latency=3:14:36:52:141:(36)ms throughput=769rps rr=55.83% cr=75.52% errors=0 total=91987
[1371547625.216670] latency=3:14:24:39:127:(28)ms throughput=742rps rr=64.16% cr=81.34% errors=0 total=92732
[1371547626.220634] latency=2:18:30:44:98:(32)ms throughput=718rps rr=65.46% cr=80.72% errors=0 total=93453
[1371547627.224633] latency=3:22:39:57:150:(41)ms throughput=715rps rr=66.85% cr=82.03% errors=0 total=94171
[1371547628.228631] latency=3:25:39:54:116:(40)ms throughput=708rps rr=73.14% cr=84.25% errors=0 total=94882
[1371547629.232655] latency=3:27:45:63:154:(48)ms throughput=655rps rr=81.00% cr=89.21% errors=0 total=95540
[1371547630.236649] latency=3:34:49:67:161:(53)ms throughput=641rps rr=87.27% cr=92.55% errors=0 total=96184
[1371547631.240659] latency=5:47:71:191:547:(131)ms throughput=436rps rr=94.06% cr=97.03% errors=0 total=96622
[1371547632.244635] latency=5:40:55:75:146:(58)ms throughput=613rps rr=94.15% cr=96.75% errors=0 total=97237
[1371547633.248656] latency=3:39:53:70:183:(56)ms throughput=633rps rr=90.72% cr=95.28% errors=0 total=97873
[1371547634.252633] latency=3:44:58:75:177:(60)ms throughput=628rps rr=87.62% cr=93.49% errors=0 total=98503
[1371547635.256650] latency=4:41:58:77:200:(60)ms throughput=656rps rr=86.49% cr=93.32% errors=0 total=99162
[1371547636.260641] latency=3:32:51:70:167:(52)ms throughput=662rps rr=78.05% cr=89.47% errors=0 total=99827
[1371547637.264660] latency=4:42:58:75:179:(59)ms throughput=643rps rr=84.37% cr=92.11% errors=0 total=100473
[1371547638.268636] latency=3:40:56:74:177:(58)ms throughput=637rps rr=87.03% cr=93.44% errors=0 total=101113
[1371547639.272645] latency=4:50:63:81:199:(67)ms throughput=599rps rr=94.68% cr=96.17% errors=0 total=101714
[1371547640.276633] latency=16:50:66:84:206:(70)ms throughput=603rps rr=99.17% cr=99.83% errors=0 total=102319
[1371547641.280665] latency=14:51:65:85:354:(78)ms throughput=499rps rr=100.00% cr=100.00% errors=0 total=102820
[1371547642.284638] latency=8:53:69:97:509:(103)ms throughput=540rps rr=98.71% cr=99.45% errors=0 total=103362
[1371547643.288640] latency=6:48:64:82:175:(66)ms throughput=611rps rr=96.74% cr=98.21% errors=0 total=103975
[1371547644.292680] latency=6:50:62:81:175:(67)ms throughput=616rps rr=96.60% cr=98.06% errors=0 total=104593
[1371547645.296682] latency=5:46:61:79:210:(64)ms throughput=602rps rr=94.37% cr=96.52% errors=0 total=105197
[1371547646.300708] latency=7:51:66:84:229:(69)ms throughput=622rps rr=94.72% cr=97.12% errors=0 total=105822
[1371547647.304605] latency=4:43:56:71:151:(58)ms throughput=618rps rr=94.19% cr=97.10% errors=0 total=106442
[1371547648.308620] latency=3:50:63:79:209:(67)ms throughput=603rps rr=96.86% cr=98.51% errors=0 total=107047
[1371547649.312616] latency=20:51:66:85:209:(71)ms throughput=595rps rr=99.50% cr=100.00% errors=0 total=107644
[1371547650.316970] latency=18:55:70:87:188:(73)ms throughput=607rps rr=100.00% cr=100.00% errors=0 total=108254
[1371547651.320793] latency=18:46:59:77:171:(63)ms throughput=598rps rr=100.00% cr=100.00% errors=0 total=108854
[1371547652.324616] latency=21:58:82:207:536:(137)ms throughput=422rps rr=100.00% cr=100.00% errors=0 total=109278
[1371547653.328620] latency=4:43:60:78:166:(63)ms throughput=607rps rr=97.54% cr=98.52% errors=0 total=109887
[1371547654.332614] latency=4:40:53:69:146:(55)ms throughput=629rps rr=93.67% cr=95.41% errors=0 total=110519
[1371547655.336605] latency=4:41:55:73:173:(58)ms throughput=613rps rr=91.54% cr=95.12% errors=0 total=111134
[1371547656.340649] latency=4:38:53:74:171:(57)ms throughput=638rps rr=87.21% cr=93.92% errors=0 total=111775
[1371547657.344707] latency=5:40:54:71:173:(56)ms throughput=633rps rr=84.75% cr=91.19% errors=0 total=112411
[1371547658.348586] latency=5:37:50:67:163:(53)ms throughput=634rps rr=88.36% cr=94.50% errors=0 total=113047
[1371547659.352681] latency=5:50:67:87:191:(70)ms throughput=600rps rr=97.18% cr=98.50% errors=0 total=113649
[1371547660.356600] latency=15:49:65:83:192:(69)ms throughput=594rps rr=100.00% cr=100.00% errors=0 total=114245
[1371547661.360623] latency=15:41:54:68:152:(57)ms throughput=599rps rr=100.00% cr=100.00% errors=0 total=114846
[1371547662.364626] latency=12:47:60:77:191:(64)ms throughput=521rps rr=100.00% cr=100.00% errors=0 total=115369
[1371547663.368604] latency=15:48:70:124:558:(118)ms throughput=506rps rr=100.00% cr=100.00% errors=0 total=115877
[1371547664.372653] latency=5:41:52:65:154:(55)ms throughput=608rps rr=97.87% cr=99.02% errors=0 total=116487
[1371547665.376622] latency=6:41:54:70:162:(57)ms throughput=613rps rr=94.63% cr=97.89% errors=0 total=117102
[1371547666.380654] latency=6:47:62:78:176:(63)ms throughput=617rps rr=92.08% cr=96.12% errors=0 total=117721
[1371547667.384631] latency=3:36:48:64:197:(50)ms throughput=628rps rr=89.05% cr=93.65% errors=0 total=118351
[1371547668.388687] latency=6:43:57:73:180:(59)ms throughput=654rps rr=86.76% cr=91.78% errors=0 total=119008
[1371547669.392682] latency=4:38:51:67:147:(54)ms throughput=622rps rr=89.26% cr=94.71% errors=0 total=119632
[1371547670.396621] latency=4:43:58:75:152:(60)ms throughput=605rps rr=95.06% cr=97.03% errors=0 total=120239
[1371547671.400603] latency=6:51:66:82:220:(69)ms throughput=603rps rr=99.50% cr=99.83% errors=0 total=120844
[1371547672.404617] latency=22:54:71:94:198:(77)ms throughput=587rps rr=100.00% cr=100.00% errors=0 total=121433
[1371547673.408660] latency=28:60:83:190:465:(128)ms throughput=440rps rr=100.00% cr=100.00% errors=0 total=121875
[1371547674.412724] latency=24:48:61:74:163:(64)ms throughput=594rps rr=100.00% cr=100.00% errors=0 total=122471
[1371547675.416553] latency=18:53:69:90:193:(74)ms throughput=598rps rr=100.00% cr=100.00% errors=0 total=123071
[1371547676.420604] latency=17:48:61:80:179:(66)ms throughput=582rps rr=100.00% cr=100.00% errors=0 total=123655
[1371547677.424603] latency=19:50:63:80:196:(67)ms throughput=595rps rr=100.00% cr=100.00% errors=0 total=124252
[1371547678.428604] latency=13:44:59:77:190:(63)ms throughput=586rps rr=100.00% cr=100.00% errors=0 total=124840
[1371547679.432697] latency=25:55:72:91:225:(77)ms throughput=592rps rr=100.00% cr=100.00% errors=0 total=125434
[1371547680.436742] latency=16:47:62:79:167:(65)ms throughput=607rps rr=100.00% cr=100.00% errors=0 total=126043
[1371547681.440714] latency=15:43:57:75:168:(61)ms throughput=589rps rr=100.00% cr=100.00% errors=0 total=126634
[1371547682.444717] latency=17:50:64:80:172:(67)ms throughput=602rps rr=100.00% cr=100.00% errors=0 total=127238
[1371547683.448747] latency=19:54:70:89:187:(74)ms throughput=590rps rr=100.00% cr=100.00% errors=0 total=127830
[1371547684.452603] latency=24:54:71:132:502:(117)ms throughput=466rps rr=100.00% cr=100.00% errors=0 total=128298
[1371547685.456709] latency=8:49:62:82:227:(68)ms throughput=579rps rr=99.31% cr=99.66% errors=0 total=128879
[1371547686.460644] latency=7:46:59:74:155:(62)ms throughput=592rps rr=97.98% cr=98.99% errors=0 total=129473
[1371547687.464652] latency=7:44:60:80:202:(64)ms throughput=601rps rr=98.84% cr=99.34% errors=0 total=130076
[1371547688.468667] latency=7:49:62:83:201:(68)ms throughput=588rps rr=97.12% cr=98.81% errors=0 total=130666
[1371547689.472671] latency=6:48:61:83:190:(67)ms throughput=617rps rr=96.93% cr=98.55% errors=0 total=131285
[1371547690.476655] latency=27:52:67:86:210:(72)ms throughput=591rps rr=100.00% cr=100.00% errors=0 total=131878
[1371547691.480656] latency=14:45:60:78:159:(63)ms throughput=591rps rr=100.00% cr=100.00% errors=0 total=132471
[1371547692.484646] latency=21:51:66:84:211:(71)ms throughput=603rps rr=100.00% cr=100.00% errors=0 total=133076
[1371547693.488649] latency=9:49:66:89:238:(72)ms throughput=578rps rr=100.00% cr=100.00% errors=0 total=133656
[1371547694.492640] latency=28:61:86:185:491:(126)ms throughput=417rps rr=100.00% cr=100.00% errors=0 total=134075
[1371547695.496663] latency=20:53:70:91:542:(78)ms throughput=603rps rr=100.00% cr=100.00% errors=0 total=134680
[1371547696.500758] latency=3:42:54:68:134:(56)ms throughput=607rps rr=96.22% cr=98.19% errors=0 total=135289
[1371547697.504611] latency=6:45:58:76:167:(62)ms throughput=593rps rr=93.11% cr=96.30% errors=0 total=135884
[1371547698.508604] latency=5:51:68:88:233:(71)ms throughput=624rps rr=87.70% cr=94.09% errors=0 total=136510
[1371547699.512664] latency=5:42:56:69:162:(57)ms throughput=628rps rr=83.68% cr=93.19% errors=0 total=137141
[1371547700.516617] latency=5:41:53:70:145:(55)ms throughput=627rps rr=84.42% cr=92.69% errors=0 total=137770
[1371547701.520661] latency=5:36:50:64:213:(52)ms throughput=648rps rr=84.64% cr=92.01% errors=0 total=138421
[1371547702.524643] latency=5:47:63:82:196:(67)ms throughput=602rps rr=92.22% cr=95.86% errors=0 total=139025
[1371547703.528642] latency=6:44:60:83:201:(66)ms throughput=611rps rr=94.62% cr=97.72% errors=0 total=139638
[1371547704.532684] latency=11:43:60:78:219:(64)ms throughput=595rps rr=100.00% cr=100.00% errors=0 total=140235
[1371547704.533231] set concurrency=200
[1371547705.596669] latency=22:197:365:574:945:(390)ms throughput=343rps rr=99.45% cr=99.45% errors=0 total=140600
[1371547706.600647] latency=6:134:212:287:1085:(221)ms throughput=658rps rr=83.06% cr=88.96% errors=0 total=141261
[1371547707.604644] latency=5:88:171:247:558:(174)ms throughput=729rps rr=61.61% cr=77.19% errors=0 total=141993
[1371547708.608648] latency=9:49:156:218:770:(158)ms throughput=785rps rr=50.38% cr=73.86% errors=0 total=142781
[1371547709.612697] latency=6:25:131:201:610:(133)ms throughput=863rps rr=40.65% cr=63.39% errors=0 total=143647
[1371547710.616672] latency=6:20:81:166:560:(103)ms throughput=1003rps rr=31.48% cr=52.53% errors=0 total=144654
[1371547711.620633] latency=4:20:73:154:656:(96)ms throughput=1028rps rr=26.07% cr=49.71% errors=0 total=145686
[1371547712.624665] latency=7:19:57:157:1035:(94)ms throughput=1074rps rr=21.61% cr=49.26% errors=0 total=146764
[1371547713.628650] latency=4:15:25:113:556:(68)ms throughput=1192rps rr=16.21% cr=41.02% errors=0 total=147961
[1371547714.632660] latency=5:16:29:119:638:(70)ms throughput=1223rps rr=15.64% cr=40.15% errors=0 total=149189
[1371547715.636643] latency=3:14:39:130:508:(89)ms throughput=1050rps rr=12.43% cr=33.49% errors=0 total=150243
[1371547716.640706] latency=5:11:16:70:584:(46)ms throughput=1418rps rr=10.96% cr=32.51% errors=0 total=151667
[1371547717.644663] latency=3:9:13:45:405:(30)ms throughput=1475rps rr=8.24% cr=29.84% errors=0 total=153148
[1371547718.648659] latency=3:9:13:44:623:(33)ms throughput=1543rps rr=7.88% cr=28.34% errors=0 total=154697
[1371547719.652662] latency=3:10:15:50:526:(37)ms throughput=1456rps rr=7.32% cr=27.77% errors=0 total=156159
[1371547720.656659] latency=3:8:13:41:676:(32)ms throughput=1563rps rr=7.65% cr=28.49% errors=0 total=157728
[1371547721.660637] latency=3:7:11:25:290:(23)ms throughput=1631rps rr=6.11% cr=23.95% errors=0 total=159365
[1371547722.664649] latency=3:8:11:33:510:(27)ms throughput=1584rps rr=7.36% cr=25.53% errors=0 total=160955
[1371547723.668646] latency=3:7:11:26:595:(24)ms throughput=1633rps rr=5.91% cr=24.39% errors=0 total=162595
[1371547724.672654] latency=3:6:9:20:300:(18)ms throughput=1665rps rr=5.44% cr=21.95% errors=0 total=164267
[1371547725.676652] latency=3:6:9:20:368:(18)ms throughput=1659rps rr=4.98% cr=21.79% errors=0 total=165933
[1371547726.680633] latency=3:8:15:69:531:(53)ms throughput=1354rps rr=3.90% cr=20.97% errors=0 total=167292
[1371547727.684640] latency=3:5:7:16:141:(13)ms throughput=1702rps rr=4.33% cr=21.42% errors=0 total=169001
[1371547728.688639] latency=3:5:7:16:274:(15)ms throughput=1705rps rr=3.62% cr=20.39% errors=0 total=170713
[1371547729.692745] latency=3:5:7:14:172:(12)ms throughput=1762rps rr=4.18% cr=18.54% errors=0 total=172482
[1371547730.696635] latency=3:4:6:13:186:(11)ms throughput=1720rps rr=4.28% cr=19.28% errors=0 total=174209
[1371547731.700646] latency=3:5:8:17:290:(15)ms throughput=1807rps rr=3.64% cr=18.08% errors=0 total=176023
[1371547732.704655] latency=3:6:9:17:359:(17)ms throughput=1784rps rr=4.19% cr=19.71% errors=0 total=177814
[1371547733.708633] latency=3:5:7:13:286:(12)ms throughput=1757rps rr=3.29% cr=19.16% errors=0 total=179578
[1371547734.712654] latency=3:5:7:14:260:(14)ms throughput=1791rps rr=3.62% cr=18.69% errors=0 total=181376
[1371547735.716642] latency=3:5:8:18:167:(16)ms throughput=1737rps rr=4.07% cr=20.99% errors=0 total=183120
[1371547736.720659] latency=3:5:10:30:420:(39)ms throughput=1342rps rr=4.31% cr=18.41% errors=0 total=184467
[1371547737.724657] latency=3:6:9:22:551:(22)ms throughput=1717rps rr=5.16% cr=21.93% errors=0 total=186191
[1371547738.728657] latency=3:6:9:19:384:(18)ms throughput=1748rps rr=4.27% cr=20.74% errors=0 total=187946
[1371547739.732669] latency=2:4:6:11:198:(11)ms throughput=1746rps rr=3.82% cr=17.51% errors=0 total=189699
[1371547740.736688] latency=3:5:7:15:266:(14)ms throughput=1766rps rr=4.34% cr=18.95% errors=0 total=191472
[1371547741.740666] latency=3:4:6:12:172:(11)ms throughput=1770rps rr=3.10% cr=17.90% errors=0 total=193249
[1371547742.744698] latency=3:4:6:13:175:(12)ms throughput=1826rps rr=3.38% cr=18.11% errors=0 total=195082
[1371547743.748652] latency=3:5:8:14:149:(14)ms throughput=1824rps rr=3.60% cr=17.59% errors=0 total=196913
[1371547744.752647] latency=3:4:6:11:167:(10)ms throughput=1777rps rr=2.63% cr=18.05% errors=0 total=198697
[1371547745.756646] latency=2:4:7:14:217:(12)ms throughput=1729rps rr=3.86% cr=19.07% errors=0 total=200433
[1371547746.760652] latency=3:5:7:15:225:(14)ms throughput=1745rps rr=4.05% cr=18.95% errors=0 total=202185
[1371547747.764632] latency=3:9:17:99:394:(61)ms throughput=1235rps rr=5.16% cr=22.66% errors=0 total=203425
[1371547748.768636] latency=3:5:7:15:331:(13)ms throughput=1715rps rr=4.01% cr=20.62% errors=0 total=205147
[1371547749.772629] latency=3:5:7:15:193:(13)ms throughput=1712rps rr=4.07% cr=19.66% errors=0 total=206866
[1371547750.776641] latency=3:5:7:14:151:(13)ms throughput=1767rps rr=3.27% cr=18.49% errors=0 total=208640
[1371547751.780635] latency=3:5:8:16:324:(16)ms throughput=1701rps rr=3.57% cr=20.78% errors=0 total=210348
[1371547752.784655] latency=3:4:6:14:126:(12)ms throughput=1737rps rr=3.04% cr=20.13% errors=0 total=212092
[1371547753.788645] latency=2:5:8:16:184:(16)ms throughput=1736rps rr=4.07% cr=19.68% errors=0 total=213835
[1371547754.796630] latency=3:5:8:15:231:(15)ms throughput=1760rps rr=3.78% cr=19.22% errors=0 total=215609
[1371547755.800640] latency=3:6:8:18:231:(16)ms throughput=1730rps rr=4.03% cr=21.13% errors=0 total=217346
[1371547756.804660] latency=3:5:7:15:214:(14)ms throughput=1750rps rr=4.61% cr=19.81% errors=0 total=219103
[1371547757.808645] latency=3:7:10:32:393:(31)ms throughput=1414rps rr=4.44% cr=20.49% errors=0 total=220523
[1371547758.812644] latency=2:6:9:26:582:(34)ms throughput=1564rps rr=4.84% cr=22.42% errors=0 total=222093
[1371547759.816627] latency=3:6:9:20:264:(19)ms throughput=1693rps rr=4.53% cr=23.12% errors=0 total=223793
[1371547760.820648] latency=3:6:9:20:236:(18)ms throughput=1711rps rr=4.83% cr=20.90% errors=0 total=225511
[1371547761.824634] latency=2:5:8:17:307:(16)ms throughput=1738rps rr=3.67% cr=20.17% errors=0 total=227256
[1371547762.828636] latency=2:6:8:17:308:(16)ms throughput=1741rps rr=4.06% cr=19.97% errors=0 total=229004
[1371547763.832657] latency=3:5:8:16:220:(15)ms throughput=1740rps rr=4.01% cr=18.95% errors=0 total=230751
[1371547764.836652] latency=2:5:8:16:200:(15)ms throughput=1775rps rr=3.09% cr=18.91% errors=0 total=232533
[1371547765.840652] latency=3:4:7:14:260:(13)ms throughput=1737rps rr=3.67% cr=20.01% errors=0 total=234277
[1371547766.844638] latency=3:5:7:14:308:(14)ms throughput=1780rps rr=3.75% cr=18.69% errors=0 total=236064
[1371547767.848672] latency=3:5:8:17:204:(15)ms throughput=1681rps rr=4.50% cr=20.91% errors=0 total=237752
[1371547768.852647] latency=3:8:15:78:468:(52)ms throughput=1321rps rr=3.62% cr=19.91% errors=0 total=239078
[1371547769.856659] latency=3:6:9:18:353:(18)ms throughput=1735rps rr=4.42% cr=21.30% errors=0 total=240820
[1371547770.860656] latency=3:5:8:19:277:(17)ms throughput=1716rps rr=3.77% cr=21.07% errors=0 total=242543
[1371547771.864662] latency=3:4:7:14:332:(13)ms throughput=1740rps rr=2.86% cr=20.26% errors=0 total=244290
[1371547772.868679] latency=3:6:9:19:329:(17)ms throughput=1742rps rr=4.75% cr=20.93% errors=0 total=246039
[1371547773.872670] latency=3:5:8:15:244:(14)ms throughput=1764rps rr=3.61% cr=19.59% errors=0 total=247810
[1371547774.876660] latency=3:5:8:16:313:(14)ms throughput=1740rps rr=4.06% cr=20.44% errors=0 total=249557
[1371547775.880654] latency=3:6:9:21:309:(20)ms throughput=1658rps rr=4.56% cr=22.58% errors=0 total=251222
[1371547776.884669] latency=3:6:8:17:229:(16)ms throughput=1700rps rr=4.34% cr=20.97% errors=0 total=252929
[1371547777.888655] latency=3:5:8:16:336:(17)ms throughput=1700rps rr=5.16% cr=20.97% errors=0 total=254636
[1371547778.892645] latency=3:6:9:25:239:(22)ms throughput=1590rps rr=4.14% cr=19.99% errors=0 total=256232
[1371547779.896651] latency=3:7:12:38:539:(39)ms throughput=1499rps rr=4.85% cr=21.13% errors=0 total=257737
[1371547780.900653] latency=3:8:11:28:366:(25)ms throughput=1666rps rr=5.44% cr=22.53% errors=0 total=259410
[1371547781.904585] latency=3:5:7:16:245:(15)ms throughput=1742rps rr=4.63% cr=20.41% errors=0 total=261159
[1371547782.908652] latency=3:6:10:22:506:(21)ms throughput=1677rps rr=5.17% cr=21.91% errors=0 total=262843
[1371547783.912646] latency=3:6:9:18:255:(17)ms throughput=1698rps rr=4.93% cr=20.41% errors=0 total=264548
[1371547784.916637] latency=2:5:8:16:439:(16)ms throughput=1699rps rr=4.22% cr=19.81% errors=0 total=266254
[1371547785.920641] latency=3:5:8:17:187:(15)ms throughput=1730rps rr=3.86% cr=20.44% errors=0 total=267991
[1371547786.924658] latency=3:6:9:22:183:(19)ms throughput=1669rps rr=4.89% cr=22.91% errors=0 total=269667
[1371547787.928643] latency=3:6:8:17:196:(16)ms throughput=1717rps rr=4.87% cr=20.94% errors=0 total=271391
[1371547788.932642] latency=3:6:8:16:319:(16)ms throughput=1717rps rr=4.23% cr=20.53% errors=0 total=273115
[1371547789.936630] latency=3:8:13:45:420:(39)ms throughput=1472rps rr=4.26% cr=22.60% errors=0 total=274593
[1371547790.940666] latency=3:7:10:24:535:(23)ms throughput=1671rps rr=4.17% cr=21.81% errors=0 total=276271
[1371547791.944667] latency=3:7:11:28:363:(24)ms throughput=1619rps rr=4.62% cr=25.17% errors=0 total=277896
[1371547792.948642] latency=3:6:9:19:265:(18)ms throughput=1677rps rr=5.52% cr=21.97% errors=0 total=279580
[1371547793.952640] latency=3:6:9:21:313:(19)ms throughput=1667rps rr=5.32% cr=23.42% errors=0 total=281254
[1371547794.956635] latency=3:5:8:16:287:(16)ms throughput=1726rps rr=4.21% cr=20.43% errors=0 total=282987
[1371547795.960644] latency=3:6:9:18:446:(17)ms throughput=1754rps rr=5.17% cr=20.44% errors=0 total=284748
[1371547796.964659] latency=3:6:9:20:280:(19)ms throughput=1691rps rr=5.01% cr=21.67% errors=0 total=286446
[1371547797.968648] latency=2:6:9:20:245:(18)ms throughput=1698rps rr=4.63% cr=21.88% errors=0 total=288151
[1371547798.972882] latency=2:5:7:14:132:(14)ms throughput=1730rps rr=4.26% cr=19.75% errors=0 total=289888
[1371547799.976812] latency=3:6:9:24:230:(22)ms throughput=1421rps rr=3.85% cr=21.02% errors=0 total=291315
[1371547800.980670] latency=3:7:11:34:457:(41)ms throughput=1594rps rr=5.50% cr=24.75% errors=0 total=292915
[1371547801.984645] latency=3:5:8:16:303:(16)ms throughput=1730rps rr=4.15% cr=20.84% errors=0 total=294652
[1371547802.988661] latency=3:6:9:19:160:(17)ms throughput=1752rps rr=4.21% cr=20.81% errors=0 total=296411
[1371547803.992640] latency=3:6:10:21:389:(21)ms throughput=1710rps rr=4.89% cr=21.26% errors=0 total=298128
[1371547804.996681] latency=3:5:8:14:296:(14)ms throughput=1690rps rr=3.65% cr=19.62% errors=0 total=299825
[1371547806.000735] latency=2:7:15:80:645:(72)ms throughput=892rps rr=5.36% cr=19.08% errors=0 total=300721
[1371547807.004685] latency=6:117:214:373:1392:(295)ms throughput=502rps rr=3.77% cr=22.22% errors=0 total=301225
[1371547808.008710] latency=5:118:212:320:2107:(279)ms throughput=553rps rr=3.24% cr=19.64% errors=0 total=301780
[1371547809.012692] latency=5:117:204:320:1276:(252)ms throughput=558rps rr=3.04% cr=18.21% errors=0 total=302340
[1371547810.016678] latency=5:100:202:310:1368:(242)ms throughput=603rps rr=2.15% cr=17.36% errors=0 total=302945
[1371547811.020683] latency=4:102:199:338:1599:(256)ms throughput=568rps rr=1.40% cr=10.88% errors=0 total=303515
[1371547812.024699] latency=5:56:161:267:1616:(193)ms throughput=689rps rr=0.87% cr=10.26% errors=0 total=304207
[1371547813.028681] latency=3:53:155:253:1217:(182)ms throughput=713rps rr=0.70% cr=8.80% errors=0 total=304923
[1371547814.032690] latency=4:41:150:258:1285:(169)ms throughput=707rps rr=0.70% cr=7.46% errors=0 total=305633
[1371547815.036689] latency=4:62:153:254:1187:(179)ms throughput=734rps rr=0.54% cr=7.73% errors=0 total=306370
[1371547816.040698] latency=4:58:162:258:1097:(182)ms throughput=722rps rr=0.83% cr=7.86% errors=0 total=307095
[1371547817.044690] latency=3:73:162:242:1194:(178)ms throughput=743rps rr=0.27% cr=7.10% errors=0 total=307841
[1371547818.048685] latency=4:44:141:220:1083:(151)ms throughput=790rps rr=0.38% cr=4.54% errors=0 total=308634
[1371547819.052728] latency=3:24:137:221:1037:(145)ms throughput=817rps rr=0.00% cr=3.41% errors=0 total=309454
[1371547820.056733] latency=3:25:136:202:1001:(140)ms throughput=823rps rr=0.12% cr=2.66% errors=0 total=310280
[1371547821.060671] latency=4:36:132:200:959:(135)ms throughput=860rps rr=0.23% cr=2.43% errors=0 total=311143
[1371547822.064678] latency=4:19:134:228:1036:(153)ms throughput=759rps rr=0.00% cr=3.02% errors=0 total=311905
[1371547823.068676] latency=4:25:136:214:1351:(142)ms throughput=836rps rr=0.00% cr=2.62% errors=0 total=312744
[1371547824.072691] latency=4:60:145:211:926:(148)ms throughput=844rps rr=0.00% cr=3.07% errors=0 total=313591
[1371547825.076674] latency=4:13:124:201:971:(130)ms throughput=850rps rr=0.00% cr=1.29% errors=0 total=314444
[1371547826.080675] latency=4:15:129:213:1045:(137)ms throughput=848rps rr=0.00% cr=2.59% errors=0 total=315295
[1371547827.084695] latency=3:12:122:197:892:(126)ms throughput=868rps rr=0.00% cr=1.38% errors=0 total=316166
[1371547828.088702] latency=4:19:130:206:890:(132)ms throughput=855rps rr=0.00% cr=1.28% errors=0 total=317024
[1371547829.092709] latency=4:42:130:204:1021:(136)ms throughput=878rps rr=0.00% cr=1.59% errors=0 total=317906
[1371547830.096688] latency=4:37:130:199:927:(136)ms throughput=881rps rr=0.00% cr=0.79% errors=0 total=318791
[1371547831.100684] latency=4:17:118:191:820:(124)ms throughput=894rps rr=0.00% cr=0.67% errors=0 total=319689
[1371547832.104694] latency=4:12:112:208:606:(125)ms throughput=855rps rr=0.00% cr=0.58% errors=0 total=320547
[1371547833.108702] latency=4:11:123:197:1104:(126)ms throughput=903rps rr=0.00% cr=0.77% errors=0 total=321454
[1371547834.112689] latency=3:18:126:197:759:(125)ms throughput=890rps rr=0.00% cr=0.67% errors=0 total=322348
[1371547835.116693] latency=3:12:127:192:791:(125)ms throughput=885rps rr=0.00% cr=0.79% errors=0 total=323237
[1371547836.120680] latency=4:11:116:194:643:(120)ms throughput=898rps rr=0.00% cr=0.33% errors=0 total=324139
[1371547837.124673] latency=2:12:128:200:685:(123)ms throughput=906rps rr=0.00% cr=0.33% errors=0 total=325049
[1371547838.128702] latency=4:10:113:196:486:(121)ms throughput=869rps rr=0.00% cr=1.03% errors=0 total=325922
[1371547839.132699] latency=4:17:128:197:587:(123)ms throughput=898rps rr=0.00% cr=0.22% errors=0 total=326824
[1371547840.136672] latency=3:13:114:188:716:(117)ms throughput=906rps rr=0.00% cr=0.22% errors=0 total=327734
[1371547841.140692] latency=4:13:120:196:911:(125)ms throughput=893rps rr=0.00% cr=0.56% errors=0 total=328631
[1371547842.144692] latency=4:15:124:188:724:(123)ms throughput=858rps rr=0.00% cr=0.12% errors=0 total=329492
[1371547843.148686] latency=4:10:107:193:581:(121)ms throughput=921rps rr=0.00% cr=0.54% errors=0 total=330417
[1371547844.152700] latency=4:25:129:199:872:(127)ms throughput=886rps rr=0.00% cr=0.34% errors=0 total=331307
[1371547845.156685] latency=4:18:126:194:822:(125)ms throughput=903rps rr=0.00% cr=0.66% errors=0 total=332214
[1371547846.160703] latency=3:22:122:191:363:(122)ms throughput=898rps rr=0.00% cr=0.11% errors=0 total=333116
[1371547847.164700] latency=4:14:108:183:496:(112)ms throughput=907rps rr=0.00% cr=0.22% errors=0 total=334027
[1371547848.168698] latency=4:11:114:184:466:(115)ms throughput=904rps rr=0.00% cr=0.11% errors=0 total=334935
[1371547849.172682] latency=3:24:123:206:469:(131)ms throughput=873rps rr=0.00% cr=0.23% errors=0 total=335811
[1371547850.176680] latency=4:13:119:187:986:(123)ms throughput=900rps rr=0.00% cr=0.22% errors=0 total=336715
[1371547851.180710] latency=4:15:124:193:622:(124)ms throughput=896rps rr=0.00% cr=0.33% errors=0 total=337615
[1371547852.184687] latency=4:10:117:192:368:(119)ms throughput=905rps rr=0.00% cr=0.00% errors=0 total=338524
[1371547853.188684] latency=4:34:127:200:416:(129)ms throughput=849rps rr=0.00% cr=0.23% errors=0 total=339376
[1371547854.192695] latency=3:11:109:190:4868:(128)ms throughput=903rps rr=0.00% cr=0.22% errors=0 total=340283
[1371547855.196696] latency=4:15:126:194:489:(124)ms throughput=904rps rr=0.00% cr=0.22% errors=0 total=341191
[1371547856.200695] latency=4:10:105:193:384:(114)ms throughput=891rps rr=0.00% cr=0.11% errors=0 total=342086
[1371547857.204660] latency=4:14:119:188:597:(119)ms throughput=907rps rr=0.00% cr=0.11% errors=0 total=342997
[1371547858.208694] latency=3:11:119:189:364:(119)ms throughput=903rps rr=0.00% cr=0.22% errors=0 total=343904
[1371547859.212699] latency=3:9:118:189:509:(118)ms throughput=897rps rr=0.00% cr=0.22% errors=0 total=344805
[1371547860.216699] latency=4:11:116:193:380:(120)ms throughput=908rps rr=0.00% cr=0.11% errors=0 total=345717
[1371547861.220706] latency=4:37:128:192:423:(128)ms throughput=903rps rr=0.00% cr=0.00% errors=0 total=346624
[1371547862.224676] latency=4:17:126:200:408:(127)ms throughput=907rps rr=0.00% cr=0.22% errors=0 total=347535
[1371547863.228676] latency=4:10:113:187:355:(116)ms throughput=897rps rr=0.00% cr=0.00% errors=0 total=348436
[1371547864.232676] latency=4:18:126:205:929:(130)ms throughput=893rps rr=0.00% cr=0.22% errors=0 total=349333
[1371547865.236699] latency=4:14:115:186:373:(120)ms throughput=914rps rr=0.00% cr=0.00% errors=0 total=350251
[1371547866.240693] latency=4:11:110:184:338:(115)ms throughput=901rps rr=0.00% cr=0.11% errors=0 total=351156
[1371547867.244706] latency=4:20:127:192:631:(126)ms throughput=896rps rr=0.00% cr=0.11% errors=0 total=352056
[1371547868.248691] latency=4:43:134:193:470:(129)ms throughput=899rps rr=0.00% cr=0.22% errors=0 total=352959
[1371547869.252703] latency=4:23:118:189:333:(121)ms throughput=909rps rr=0.00% cr=0.11% errors=0 total=353872
[1371547870.256688] latency=3:10:113:186:426:(116)ms throughput=912rps rr=0.00% cr=0.00% errors=0 total=354788
[1371547871.260686] latency=4:18:119:189:393:(121)ms throughput=916rps rr=0.00% cr=0.00% errors=0 total=355708
[1371547872.264692] latency=4:10:112:188:360:(115)ms throughput=904rps rr=0.00% cr=0.00% errors=0 total=356616
[1371547873.268685] latency=3:11:124:208:416:(128)ms throughput=878rps rr=0.00% cr=0.00% errors=0 total=357498
[1371547874.272715] latency=3:10:109:186:436:(117)ms throughput=888rps rr=0.00% cr=0.00% errors=0 total=358390
[1371547875.276725] latency=4:31:126:192:362:(126)ms throughput=916rps rr=0.00% cr=0.00% errors=0 total=359310
[1371547876.280702] latency=3:11:117:187:380:(117)ms throughput=904rps rr=0.00% cr=0.00% errors=0 total=360218
[1371547877.284701] latency=4:16:108:187:521:(127)ms throughput=883rps rr=0.00% cr=0.11% errors=0 total=361105
[1371547878.288709] latency=3:12:109:189:351:(116)ms throughput=902rps rr=0.00% cr=0.00% errors=0 total=362011
[1371547879.292712] latency=3:10:106:183:419:(118)ms throughput=907rps rr=0.00% cr=0.00% errors=0 total=362922
[1371547880.296685] latency=4:12:115:195:700:(119)ms throughput=908rps rr=0.00% cr=0.11% errors=0 total=363834
[1371547881.300700] latency=3:12:121:195:377:(120)ms throughput=905rps rr=0.00% cr=0.00% errors=0 total=364743
[1371547882.304684] latency=4:10:114:185:381:(112)ms throughput=902rps rr=0.00% cr=0.00% errors=0 total=365649
[1371547883.308709] latency=3:11:119:192:436:(120)ms throughput=907rps rr=0.00% cr=0.00% errors=0 total=366560
[1371547884.312700] latency=4:12:116:182:381:(117)ms throughput=911rps rr=0.00% cr=0.00% errors=0 total=367475
[1371547885.316691] latency=4:11:99:193:8466:(150)ms throughput=840rps rr=0.00% cr=0.00% errors=0 total=368318
[1371547886.320691] latency=4:15:129:195:371:(124)ms throughput=901rps rr=0.00% cr=0.00% errors=0 total=369223
[1371547887.324691] latency=4:16:128:207:382:(127)ms throughput=906rps rr=0.00% cr=0.00% errors=0 total=370133
[1371547888.328693] latency=3:22:122:187:897:(124)ms throughput=903rps rr=0.00% cr=0.22% errors=0 total=371040
[1371547889.332696] latency=3:15:117:190:361:(120)ms throughput=905rps rr=0.00% cr=0.00% errors=0 total=371949
[1371547890.336691] latency=3:24:130:191:391:(123)ms throughput=912rps rr=0.00% cr=0.00% errors=0 total=372865
[1371547891.340707] latency=4:25:119:194:332:(122)ms throughput=906rps rr=0.00% cr=0.00% errors=0 total=373775
[1371547892.344685] latency=4:19:130:201:424:(129)ms throughput=910rps rr=0.00% cr=0.00% errors=0 total=374689
[1371547893.348708] latency=3:14:122:185:348:(120)ms throughput=889rps rr=0.00% cr=0.00% errors=0 total=375582
[1371547894.352695] latency=4:27:122:193:357:(124)ms throughput=911rps rr=0.00% cr=0.11% errors=0 total=376497
[1371547895.356707] latency=4:27:120:208:624:(132)ms throughput=864rps rr=0.00% cr=0.12% errors=0 total=377364
[1371547896.360717] latency=4:23:121:199:396:(125)ms throughput=911rps rr=0.00% cr=0.11% errors=0 total=378279
[1371547897.364674] latency=4:11:120:193:414:(118)ms throughput=911rps rr=0.00% cr=0.00% errors=0 total=379194
[1371547898.368715] latency=4:19:114:186:406:(119)ms throughput=923rps rr=0.00% cr=0.00% errors=0 total=380121
[1371547899.372674] latency=3:10:118:198:398:(117)ms throughput=884rps rr=0.00% cr=0.11% errors=0 total=381008
[1371547900.376679] latency=4:22:128:190:344:(123)ms throughput=913rps rr=0.00% cr=0.00% errors=0 total=381925
[1371547901.380709] latency=3:12:121:200:505:(122)ms throughput=897rps rr=0.00% cr=0.11% errors=0 total=382826
[1371547902.384688] latency=4:13:121:187:367:(118)ms throughput=908rps rr=0.00% cr=0.11% errors=0 total=383738
[1371547903.388689] latency=4:9:113:191:380:(116)ms throughput=908rps rr=0.00% cr=0.11% errors=0 total=384650
[1371547904.392685] latency=4:27:130:196:355:(125)ms throughput=903rps rr=0.00% cr=0.00% errors=0 total=385557
[1371547905.396704] latency=4:9:115:191:356:(117)ms throughput=905rps rr=0.00% cr=0.00% errors=0 total=386466
[1371547906.400693] latency=4:39:130:209:466:(137)ms throughput=861rps rr=0.00% cr=0.00% errors=0 total=387330
[1371547906.401498] set concurrency=50
[1371547907.420694] latency=2:3:5:13:265:(32)ms throughput=593rps rr=0.00% cr=0.00% errors=0 total=387935
[1371547908.424629] latency=2:3:4:6:17:(5)ms throughput=461rps rr=0.00% cr=0.00% errors=0 total=388398
[1371547909.428665] latency=2:3:4:5:27:(5)ms throughput=467rps rr=0.00% cr=0.00% errors=0 total=388867
[1371547910.432632] latency=2:3:4:5:29:(5)ms throughput=479rps rr=0.00% cr=0.21% errors=0 total=389348
[1371547911.436643] latency=2:3:4:6:23:(5)ms throughput=479rps rr=0.00% cr=0.00% errors=0 total=389829
[1371547912.440622] latency=2:3:4:6:26:(5)ms throughput=491rps rr=0.00% cr=0.20% errors=0 total=390322
[1371547913.444645] latency=2:3:4:5:21:(5)ms throughput=476rps rr=0.00% cr=0.00% errors=0 total=390800
[1371547914.448629] latency=2:3:3:5:20:(4)ms throughput=484rps rr=0.00% cr=0.21% errors=0 total=391286
[1371547915.452661] latency=2:3:4:5:16:(5)ms throughput=458rps rr=0.00% cr=0.00% errors=0 total=391746
[1371547916.456637] latency=2:3:4:6:30:(5)ms throughput=455rps rr=0.00% cr=0.44% errors=0 total=392203
[1371547917.460654] latency=2:3:4:5:18:(5)ms throughput=461rps rr=0.00% cr=0.22% errors=0 total=392666
[1371547918.464647] latency=2:3:4:6:18:(5)ms throughput=518rps rr=0.00% cr=0.19% errors=0 total=393186
[1371547919.468660] latency=2:3:4:5:20:(4)ms throughput=479rps rr=0.00% cr=0.21% errors=0 total=393667
[1371547920.472637] latency=2:3:4:5:25:(5)ms throughput=456rps rr=0.00% cr=0.22% errors=0 total=394125
[1371547921.476647] latency=2:3:4:5:25:(5)ms throughput=453rps rr=0.00% cr=0.22% errors=0 total=394580
[1371547922.480632] latency=2:3:4:6:40:(5)ms throughput=457rps rr=0.00% cr=0.00% errors=0 total=395039
[1371547923.484644] latency=2:3:4:5:19:(5)ms throughput=489rps rr=0.00% cr=0.81% errors=0 total=395530
[1371547924.488629] latency=2:3:4:5:34:(5)ms throughput=458rps rr=0.00% cr=0.65% errors=0 total=395990
[1371547925.492647] latency=2:3:4:5:23:(5)ms throughput=451rps rr=0.00% cr=1.55% errors=0 total=396443
[1371547926.496634] latency=2:3:4:5:31:(5)ms throughput=458rps rr=0.00% cr=1.30% errors=0 total=396903
[1371547927.500652] latency=2:3:4:6:114:(8)ms throughput=474rps rr=0.00% cr=1.89% errors=0 total=397379
[1371547928.504627] latency=2:3:4:6:39:(5)ms throughput=477rps rr=0.00% cr=1.25% errors=0 total=397858
[1371547929.508659] latency=2:3:4:6:38:(5)ms throughput=484rps rr=0.00% cr=1.85% errors=0 total=398344
[1371547930.512628] latency=2:3:4:5:23:(5)ms throughput=491rps rr=0.20% cr=1.62% errors=0 total=398837
[1371547931.516633] latency=2:3:4:5:24:(5)ms throughput=472rps rr=0.21% cr=1.90% errors=0 total=399311
[1371547932.520621] latency=2:3:4:6:35:(6)ms throughput=460rps rr=0.00% cr=4.11% errors=0 total=399773
[1371547933.524649] latency=2:3:4:6:46:(5)ms throughput=474rps rr=0.21% cr=3.57% errors=0 total=400249
[1371547934.528631] latency=2:3:4:5:32:(5)ms throughput=454rps rr=0.22% cr=4.61% errors=0 total=400705
[1371547935.532657] latency=2:3:4:5:47:(5)ms throughput=493rps rr=0.61% cr=4.65% errors=0 total=401200
[1371547936.536625] latency=2:3:4:6:44:(5)ms throughput=505rps rr=0.20% cr=6.11% errors=0 total=401707
[1371547937.540659] latency=2:3:4:11:131:(15)ms throughput=433rps rr=0.00% cr=6.67% errors=0 total=402142
[1371547938.544630] latency=2:3:4:6:40:(6)ms throughput=456rps rr=0.87% cr=8.08% errors=0 total=402600
[1371547939.556637] latency=2:3:4:6:46:(6)ms throughput=460rps rr=0.21% cr=6.01% errors=0 total=403066
[1371547940.560625] latency=2:3:4:5:41:(5)ms throughput=473rps rr=0.63% cr=8.63% errors=0 total=403541
[1371547941.564672] latency=2:3:4:6:50:(6)ms throughput=455rps rr=0.44% cr=8.53% errors=0 total=403998
[1371547942.568635] latency=2:3:4:6:41:(5)ms throughput=492rps rr=0.81% cr=9.51% errors=0 total=404492
[1371547943.572662] latency=2:3:4:6:49:(6)ms throughput=494rps rr=0.60% cr=10.48% errors=0 total=404988
[1371547944.576770] latency=2:3:4:6:60:(6)ms throughput=467rps rr=1.28% cr=10.23% errors=0 total=405457
[1371547945.580655] latency=2:3:5:9:94:(8)ms throughput=463rps rr=1.29% cr=14.41% errors=0 total=405922
[1371547946.584640] latency=2:3:4:7:118:(8)ms throughput=466rps rr=2.35% cr=15.81% errors=0 total=406390
[1371547947.588635] latency=2:3:5:9:74:(9)ms throughput=461rps rr=2.81% cr=18.57% errors=0 total=406853
[1371547948.592629] latency=2:4:6:25:363:(29)ms throughput=404rps rr=2.71% cr=18.72% errors=0 total=407259
[1371547949.596647] latency=2:3:4:7:109:(7)ms throughput=452rps rr=2.86% cr=15.42% errors=0 total=407713
[1371547950.600633] latency=2:3:4:7:48:(7)ms throughput=454rps rr=2.85% cr=15.57% errors=0 total=408169
[1371547951.604651] latency=2:3:4:8:51:(8)ms throughput=473rps rr=2.74% cr=16.00% errors=0 total=408644
[1371547952.608627] latency=2:3:4:9:60:(8)ms throughput=426rps rr=2.10% cr=20.56% errors=0 total=409072
[1371547953.612655] latency=2:3:5:7:66:(8)ms throughput=470rps rr=4.03% cr=16.53% errors=0 total=409544
[1371547954.616632] latency=2:3:4:10:94:(9)ms throughput=440rps rr=3.62% cr=22.62% errors=0 total=409986
[1371547955.620644] latency=2:3:5:10:104:(10)ms throughput=470rps rr=6.14% cr=22.03% errors=0 total=410458
[1371547956.624627] latency=2:4:6:12:77:(11)ms throughput=438rps rr=5.23% cr=25.23% errors=0 total=410898
[1371547957.628651] latency=2:4:7:23:212:(19)ms throughput=422rps rr=8.96% cr=31.13% errors=0 total=411322
[1371547958.632629] latency=2:5:10:50:399:(39)ms throughput=367rps rr=6.52% cr=29.35% errors=0 total=411690
[1371547959.636640] latency=2:4:7:20:375:(20)ms throughput=472rps rr=9.07% cr=26.58% errors=0 total=412164
[1371547960.640629] latency=2:4:6:16:177:(14)ms throughput=431rps rr=7.85% cr=28.64% errors=0 total=412597
[1371547961.644637] latency=2:4:6:19:114:(15)ms throughput=423rps rr=7.76% cr=31.29% errors=0 total=413022
[1371547962.648619] latency=2:4:6:17:127:(14)ms throughput=477rps rr=7.10% cr=26.30% errors=0 total=413501
[1371547963.652655] latency=2:4:6:14:104:(12)ms throughput=412rps rr=8.21% cr=27.05% errors=0 total=413915
[1371547964.656636] latency=2:4:6:14:208:(15)ms throughput=433rps rr=5.52% cr=28.51% errors=0 total=414350
[1371547965.660650] latency=2:4:6:15:223:(15)ms throughput=458rps rr=8.26% cr=29.13% errors=0 total=414810
[1371547966.664632] latency=2:4:6:20:164:(16)ms throughput=430rps rr=10.19% cr=30.32% errors=0 total=415242
[1371547967.668638] latency=2:4:6:18:108:(14)ms throughput=428rps rr=11.16% cr=30.47% errors=0 total=415672
[1371547968.672628] latency=2:4:6:16:160:(13)ms throughput=423rps rr=8.71% cr=29.18% errors=0 total=416097
[1371547969.676668] latency=2:5:10:39:310:(35)ms throughput=356rps rr=10.92% cr=32.49% errors=0 total=416454
[1371547970.680614] latency=2:4:7:20:138:(15)ms throughput=433rps rr=10.11% cr=32.64% errors=0 total=416889
[1371547971.684813] latency=2:4:6:19:198:(16)ms throughput=440rps rr=9.73% cr=32.81% errors=0 total=417331
[1371547972.688597] latency=2:4:6:15:160:(14)ms throughput=432rps rr=8.76% cr=28.34% errors=0 total=417765
[1371547973.692599] latency=2:4:6:19:156:(16)ms throughput=408rps rr=14.63% cr=36.34% errors=0 total=418175
[1371547974.696625] latency=2:5:7:29:227:(19)ms throughput=411rps rr=11.38% cr=34.14% errors=0 total=418588
[1371547975.700619] latency=2:5:10:32:235:(24)ms throughput=376rps rr=11.90% cr=43.92% errors=0 total=418966
[1371547976.704612] latency=2:5:12:37:309:(28)ms throughput=401rps rr=13.65% cr=40.20% errors=0 total=419369
[1371547977.708612] latency=2:5:9:27:198:(21)ms throughput=425rps rr=13.58% cr=37.70% errors=0 total=419796
[1371547978.712644] latency=2:4:7:22:199:(17)ms throughput=421rps rr=12.06% cr=35.70% errors=0 total=420219
[1371547979.716595] latency=2:4:7:24:217:(22)ms throughput=318rps rr=11.60% cr=34.17% errors=0 total=420538
[1371547980.720597] latency=2:5:15:43:411:(43)ms throughput=404rps rr=14.78% cr=39.90% errors=0 total=420944
[1371547981.724618] latency=2:5:9:28:227:(22)ms throughput=423rps rr=12.47% cr=35.53% errors=0 total=421369
[1371547982.728630] latency=2:5:7:24:216:(18)ms throughput=422rps rr=14.86% cr=36.56% errors=0 total=421793
[1371547983.732615] latency=2:5:8:26:125:(18)ms throughput=394rps rr=14.14% cr=37.12% errors=0 total=422189
[1371547984.736633] latency=2:6:14:43:305:(32)ms throughput=400rps rr=16.42% cr=41.79% errors=0 total=422591
[1371547985.740613] latency=2:5:8:26:195:(21)ms throughput=407rps rr=13.94% cr=37.90% errors=0 total=423000
[1371547986.744615] latency=2:5:8:23:249:(19)ms throughput=422rps rr=12.97% cr=36.08% errors=0 total=423424
[1371547987.748617] latency=2:5:10:30:189:(23)ms throughput=396rps rr=15.58% cr=39.95% errors=0 total=423822
[1371547988.752615] latency=2:6:14:41:228:(32)ms throughput=365rps rr=19.40% cr=45.08% errors=0 total=424188
[1371547989.756604] latency=2:5:16:40:275:(31)ms throughput=401rps rr=19.11% cr=46.40% errors=0 total=424591
[1371547990.760599] latency=2:8:40:125:392:(77)ms throughput=300rps rr=21.26% cr=48.50% errors=0 total=424892
[1371547991.764624] latency=2:5:9:27:228:(20)ms throughput=400rps rr=15.67% cr=40.80% errors=0 total=425294
[1371547992.768620] latency=2:5:11:33:169:(25)ms throughput=375rps rr=21.22% cr=44.56% errors=0 total=425671
[1371547993.772651] latency=2:6:14:43:250:(32)ms throughput=409rps rr=19.71% cr=42.09% errors=0 total=426082
[1371547994.776632] latency=2:4:8:30:228:(21)ms throughput=387rps rr=17.22% cr=39.59% errors=0 total=426471
[1371547995.780634] latency=3:6:21:53:347:(36)ms throughput=371rps rr=25.00% cr=47.31% errors=0 total=426843
[1371547996.784653] latency=2:6:18:50:299:(35)ms throughput=383rps rr=17.14% cr=44.94% errors=0 total=427228
[1371547997.788603] latency=2:6:19:43:247:(34)ms throughput=379rps rr=20.79% cr=46.58% errors=0 total=427608
[1371547998.792629] latency=2:6:20:49:376:(38)ms throughput=370rps rr=22.10% cr=47.98% errors=0 total=427979
[1371547999.796615] latency=2:5:12:31:234:(24)ms throughput=394rps rr=21.46% cr=41.92% errors=0 total=428375
[1371548000.800624] latency=2:6:24:62:385:(49)ms throughput=325rps rr=20.25% cr=42.02% errors=0 total=428701
[1371548001.804636] latency=2:6:21:61:518:(57)ms throughput=338rps rr=23.30% cr=46.02% errors=0 total=429040
[1371548002.808613] latency=2:6:20:51:345:(38)ms throughput=359rps rr=23.61% cr=50.83% errors=0 total=429400
[1371548003.812597] latency=2:5:10:29:357:(22)ms throughput=401rps rr=18.36% cr=38.21% errors=0 total=429803
[1371548004.816637] latency=3:7:31:59:272:(45)ms throughput=347rps rr=27.01% cr=55.46% errors=0 total=430151
