[1371752967.532727] latency=nan:nan:nan:nan:nan:(-nan)ms throughput=0rps rr=-nan% cr=-nan% errors=0 total=0
[1371752968.536753] latency=nan:nan:nan:nan:nan:(-nan)ms throughput=0rps rr=-nan% cr=-nan% errors=0 total=0
[1371752969.540674] latency=nan:nan:nan:nan:nan:(-nan)ms throughput=0rps rr=-nan% cr=-nan% errors=0 total=0
[1371752970.544683] latency=nan:nan:nan:nan:nan:(-nan)ms throughput=0rps rr=-nan% cr=-nan% errors=0 total=0
[1371752971.548673] latency=nan:nan:nan:nan:nan:(-nan)ms throughput=0rps rr=-nan% cr=-nan% errors=0 total=0
[1371752972.552676] latency=nan:nan:nan:nan:nan:(-nan)ms throughput=0rps rr=-nan% cr=-nan% errors=0 total=0
[1371752973.556624] latency=nan:nan:nan:nan:nan:(-nan)ms throughput=0rps rr=-nan% cr=-nan% errors=0 total=0
[1371752974.560651] latency=nan:nan:nan:nan:nan:(-nan)ms throughput=0rps rr=-nan% cr=-nan% errors=0 total=0
[1371752975.564657] latency=nan:nan:nan:nan:nan:(-nan)ms throughput=0rps rr=-nan% cr=-nan% errors=0 total=0
[1371752976.568659] latency=nan:nan:nan:nan:nan:(-nan)ms throughput=0rps rr=-nan% cr=-nan% errors=0 total=0
[1371752976.568955] set thinktime=3.000000
[1371752977.572660] latency=nan:nan:nan:nan:nan:(-nan)ms throughput=0rps rr=-nan% cr=-nan% errors=0 total=0
[1371752977.572798] set concurrency=100
[1371752978.620677] latency=5:6:7:38:136:(25)ms throughput=31rps rr=40.62% cr=0.00% errors=0 total=32
[1371752979.624672] latency=3:6:8:94:318:(53)ms throughput=27rps rr=33.33% cr=0.00% errors=0 total=59
[1371752980.628652] latency=3:9:20:423:1004:(235)ms throughput=31rps rr=45.16% cr=0.00% errors=0 total=90
[1371752981.632674] latency=3:6:81:477:1358:(326)ms throughput=27rps rr=51.85% cr=0.00% errors=0 total=117
[1371752982.636648] latency=3:5:29:689:1320:(364)ms throughput=29rps rr=51.72% cr=0.00% errors=0 total=146
[1371752983.640669] latency=4:7:400:1009:1466:(499)ms throughput=18rps rr=61.11% cr=0.00% errors=0 total=164
[1371752984.644635] latency=3:61:281:1134:2168:(640)ms throughput=23rps rr=52.17% cr=0.00% errors=0 total=187
[1371752985.648651] latency=3:20:89:1311:2458:(656)ms throughput=28rps rr=46.43% cr=0.00% errors=0 total=215
[1371752986.652630] latency=4:14:98:925:2379:(540)ms throughput=31rps rr=45.16% cr=0.00% errors=0 total=246
[1371752987.656666] latency=3:7:159:912:2853:(645)ms throughput=40rps rr=52.50% cr=0.00% errors=0 total=286
[1371752988.660669] latency=4:7:66:604:2513:(459)ms throughput=42rps rr=42.86% cr=0.00% errors=0 total=328
[1371752989.684657] latency=3:7:19:179:638:(149)ms throughput=32rps rr=33.33% cr=0.00% errors=0 total=361
[1371752990.688631] latency=3:5:13:100:793:(138)ms throughput=41rps rr=31.71% cr=0.00% errors=0 total=402
[1371752991.692640] latency=3:5:6:120:294:(66)ms throughput=27rps rr=40.74% cr=0.00% errors=0 total=429
[1371752992.696635] latency=3:5:5:43:164:(29)ms throughput=30rps rr=33.33% cr=0.00% errors=0 total=459
[1371752993.700653] latency=4:5:7:16:301:(37)ms throughput=28rps rr=21.43% cr=0.00% errors=0 total=487
[1371752994.704655] latency=4:5:6:49:274:(35)ms throughput=31rps rr=35.48% cr=0.00% errors=0 total=518
[1371752995.708650] latency=4:6:10:259:564:(129)ms throughput=39rps rr=43.59% cr=0.00% errors=0 total=557
[1371752996.712631] latency=3:5:5:54:276:(45)ms throughput=37rps rr=29.73% cr=0.00% errors=0 total=594
[1371752997.716656] latency=3:5:8:123:265:(60)ms throughput=32rps rr=34.38% cr=0.00% errors=0 total=626
[1371752998.720630] latency=3:5:18:86:282:(62)ms throughput=25rps rr=44.00% cr=0.00% errors=0 total=651
[1371752999.724648] latency=4:6:37:179:339:(92)ms throughput=27rps rr=55.56% cr=0.00% errors=0 total=678
[1371753000.728653] latency=3:5:8:127:339:(71)ms throughput=35rps rr=31.43% cr=0.00% errors=0 total=713
[1371753001.732703] latency=4:5:8:167:431:(90)ms throughput=32rps rr=31.25% cr=0.00% errors=0 total=745
[1371753002.736648] latency=4:5:6:84:153:(37)ms throughput=28rps rr=32.14% cr=0.00% errors=0 total=773
[1371753003.740668] latency=3:5:6:13:314:(32)ms throughput=35rps rr=25.71% cr=0.00% errors=0 total=808
[1371753004.744652] latency=4:5:6:70:384:(71)ms throughput=28rps rr=35.71% cr=0.00% errors=0 total=836
[1371753005.748666] latency=4:5:6:9:241:(31)ms throughput=34rps rr=17.65% cr=0.00% errors=0 total=870
[1371753006.752685] latency=3:5:50:406:1040:(259)ms throughput=42rps rr=38.10% cr=0.00% errors=0 total=912
[1371753007.756649] latency=5:5:5:40:304:(45)ms throughput=24rps rr=29.17% cr=0.00% errors=0 total=936
[1371753008.760669] latency=3:5:78:194:707:(158)ms throughput=37rps rr=37.84% cr=0.00% errors=0 total=973
[1371753009.764650] latency=3:5:7:52:700:(73)ms throughput=34rps rr=32.35% cr=0.00% errors=0 total=1007
[1371753010.768666] latency=4:5:27:94:421:(87)ms throughput=34rps rr=44.12% cr=0.00% errors=0 total=1041
[1371753011.772686] latency=3:5:8:151:607:(108)ms throughput=42rps rr=30.95% cr=0.00% errors=0 total=1083
[1371753012.776647] latency=3:5:6:69:532:(82)ms throughput=33rps rr=30.30% cr=0.00% errors=0 total=1116
[1371753013.780664] latency=3:4:5:9:181:(26)ms throughput=38rps rr=21.05% cr=0.00% errors=0 total=1154
[1371753014.784638] latency=3:4:16:219:467:(108)ms throughput=36rps rr=47.22% cr=0.00% errors=0 total=1190
[1371753015.788664] latency=3:6:82:258:662:(180)ms throughput=33rps rr=48.48% cr=0.00% errors=0 total=1223
[1371753016.792672] latency=3:5:7:188:432:(90)ms throughput=32rps rr=40.62% cr=0.00% errors=0 total=1255
[1371753017.796692] latency=5:5:7:37:361:(53)ms throughput=30rps rr=33.33% cr=0.00% errors=0 total=1285
[1371753018.800642] latency=3:5:6:54:203:(39)ms throughput=32rps rr=34.38% cr=0.00% errors=0 total=1317
[1371753019.804656] latency=3:5:10:182:430:(93)ms throughput=33rps rr=45.45% cr=0.00% errors=0 total=1350
[1371753020.808641] latency=4:5:6:42:230:(37)ms throughput=22rps rr=27.27% cr=0.00% errors=0 total=1372
[1371753021.812646] latency=4:5:5:54:190:(43)ms throughput=25rps rr=36.00% cr=0.00% errors=0 total=1397
[1371753022.816651] latency=5:5:6:24:194:(35)ms throughput=31rps rr=35.48% cr=0.00% errors=0 total=1428
[1371753023.820658] latency=3:5:9:77:319:(62)ms throughput=36rps rr=33.33% cr=0.00% errors=0 total=1464
[1371753024.824638] latency=3:5:15:149:436:(93)ms throughput=32rps rr=50.00% cr=0.00% errors=0 total=1496
[1371753025.828659] latency=4:5:5:56:261:(46)ms throughput=24rps rr=37.50% cr=0.00% errors=0 total=1520
[1371753026.832645] latency=3:6:67:251:458:(123)ms throughput=34rps rr=52.94% cr=0.00% errors=0 total=1554
[1371753027.836675] latency=4:5:24:136:270:(74)ms throughput=25rps rr=52.00% cr=0.00% errors=0 total=1579
[1371753028.840668] latency=4:5:7:128:229:(61)ms throughput=35rps rr=34.29% cr=0.00% errors=0 total=1614
[1371753029.844669] latency=5:5:7:77:234:(49)ms throughput=28rps rr=35.71% cr=0.00% errors=0 total=1642
[1371753030.848649] latency=3:5:7:19:299:(39)ms throughput=32rps rr=25.00% cr=0.00% errors=0 total=1674
[1371753031.852666] latency=3:5:18:265:535:(131)ms throughput=30rps rr=43.33% cr=0.00% errors=0 total=1704
[1371753032.856655] latency=3:5:7:98:279:(59)ms throughput=36rps rr=41.67% cr=0.00% errors=0 total=1740
[1371753033.860678] latency=3:5:8:62:346:(61)ms throughput=30rps rr=33.33% cr=0.00% errors=0 total=1770
[1371753034.864644] latency=3:5:47:163:480:(113)ms throughput=39rps rr=51.28% cr=0.00% errors=0 total=1809
[1371753035.868651] latency=4:5:7:65:253:(57)ms throughput=27rps rr=48.15% cr=0.00% errors=0 total=1836
[1371753036.872638] latency=3:5:8:135:428:(85)ms throughput=40rps rr=42.50% cr=0.00% errors=0 total=1876
[1371753037.876660] latency=4:5:8:82:238:(46)ms throughput=38rps rr=39.47% cr=0.00% errors=0 total=1914
[1371753038.880635] latency=3:5:6:102:288:(58)ms throughput=40rps rr=42.50% cr=0.00% errors=0 total=1954
[1371753039.884663] latency=3:5:8:144:274:(65)ms throughput=34rps rr=35.29% cr=0.00% errors=0 total=1988
[1371753040.888641] latency=4:5:8:111:346:(76)ms throughput=26rps rr=46.15% cr=0.00% errors=0 total=2014
[1371753041.892661] latency=4:5:7:43:176:(29)ms throughput=23rps rr=34.78% cr=0.00% errors=0 total=2037
[1371753042.896648] latency=3:5:27:196:645:(122)ms throughput=35rps rr=42.86% cr=0.00% errors=0 total=2072
[1371753043.900649] latency=3:8:42:290:905:(211)ms throughput=33rps rr=60.61% cr=0.00% errors=0 total=2105
[1371753044.904649] latency=3:8:139:497:845:(284)ms throughput=29rps rr=62.07% cr=0.00% errors=0 total=2134
[1371753045.908663] latency=4:5:8:95:286:(62)ms throughput=39rps rr=46.15% cr=0.00% errors=0 total=2173
[1371753046.912645] latency=3:5:7:78:463:(98)ms throughput=21rps rr=38.10% cr=0.00% errors=0 total=2194
[1371753047.916664] latency=3:4:31:371:634:(185)ms throughput=39rps rr=51.28% cr=0.00% errors=0 total=2233
[1371753048.920645] latency=3:5:6:59:221:(48)ms throughput=31rps rr=35.48% cr=0.00% errors=0 total=2264
[1371753049.924659] latency=3:5:21:170:274:(85)ms throughput=36rps rr=52.78% cr=0.00% errors=0 total=2300
[1371753050.928678] latency=3:4:5:74:248:(47)ms throughput=37rps rr=29.73% cr=0.00% errors=0 total=2337
[1371753051.932655] latency=3:5:77:174:407:(106)ms throughput=33rps rr=54.55% cr=0.00% errors=0 total=2370
[1371753052.936668] latency=3:6:34:166:269:(86)ms throughput=28rps rr=53.57% cr=0.00% errors=0 total=2398
[1371753053.940657] latency=4:5:7:29:217:(39)ms throughput=29rps rr=31.03% cr=0.00% errors=0 total=2427
[1371753054.944678] latency=3:4:6:116:225:(60)ms throughput=31rps rr=35.48% cr=0.00% errors=0 total=2458
[1371753055.948671] latency=3:5:27:252:465:(127)ms throughput=34rps rr=52.94% cr=0.00% errors=0 total=2492
[1371753056.952663] latency=3:5:9:265:417:(114)ms throughput=32rps rr=43.75% cr=0.00% errors=0 total=2524
[1371753057.956662] latency=3:5:29:162:261:(75)ms throughput=30rps rr=53.33% cr=0.00% errors=0 total=2554
[1371753058.960708] latency=3:5:6:71:207:(49)ms throughput=26rps rr=38.46% cr=0.00% errors=0 total=2580
[1371753059.964639] latency=3:5:8:104:248:(55)ms throughput=34rps rr=41.18% cr=0.00% errors=0 total=2614
[1371753060.968661] latency=3:5:8:194:338:(82)ms throughput=30rps rr=46.67% cr=0.00% errors=0 total=2644
[1371753061.972683] latency=3:5:96:286:521:(156)ms throughput=31rps rr=54.84% cr=0.00% errors=0 total=2675
[1371753062.976660] latency=3:5:10:213:431:(111)ms throughput=33rps rr=48.48% cr=0.00% errors=0 total=2708
[1371753063.980630] latency=4:5:5:32:202:(37)ms throughput=31rps rr=38.71% cr=0.00% errors=0 total=2739
[1371753064.984669] latency=4:6:39:137:194:(77)ms throughput=21rps rr=61.90% cr=0.00% errors=0 total=2760
[1371753065.988657] latency=3:5:5:77:191:(47)ms throughput=28rps rr=39.29% cr=0.00% errors=0 total=2788
[1371753066.992672] latency=4:5:9:140:355:(76)ms throughput=37rps rr=43.24% cr=0.00% errors=0 total=2825
[1371753067.996671] latency=4:6:58:143:242:(77)ms throughput=32rps rr=56.25% cr=0.00% errors=0 total=2857
[1371753069.000641] latency=3:6:25:76:416:(71)ms throughput=45rps rr=51.11% cr=0.00% errors=0 total=2902
[1371753070.004667] latency=3:5:52:175:506:(112)ms throughput=29rps rr=55.17% cr=0.00% errors=0 total=2931
[1371753071.008650] latency=3:5:25:180:430:(107)ms throughput=25rps rr=56.00% cr=0.00% errors=0 total=2956
[1371753072.012674] latency=4:18:160:251:441:(168)ms throughput=29rps rr=72.41% cr=0.00% errors=0 total=2985
[1371753073.016668] latency=5:8:82:192:250:(99)ms throughput=28rps rr=67.86% cr=0.00% errors=0 total=3013
[1371753074.020638] latency=3:5:7:148:243:(66)ms throughput=29rps rr=48.28% cr=0.00% errors=0 total=3042
[1371753075.024656] latency=4:5:35:105:220:(64)ms throughput=35rps rr=57.14% cr=0.00% errors=0 total=3077
[1371753076.028636] latency=4:6:80:304:630:(165)ms throughput=34rps rr=61.76% cr=0.00% errors=0 total=3111
[1371753077.032720] latency=3:7:58:133:275:(85)ms throughput=26rps rr=65.38% cr=0.00% errors=0 total=3137
[1371753078.036672] latency=4:5:52:122:208:(68)ms throughput=30rps rr=56.67% cr=0.00% errors=0 total=3167
[1371753079.040643] latency=3:5:63:194:381:(112)ms throughput=34rps rr=52.94% cr=0.00% errors=0 total=3201
[1371753080.044700] latency=3:9:155:316:519:(174)ms throughput=36rps rr=58.33% cr=0.00% errors=0 total=3237
[1371753081.048652] latency=3:5:165:307:617:(198)ms throughput=35rps rr=68.57% cr=0.00% errors=0 total=3272
[1371753082.052664] latency=5:5:49:141:232:(78)ms throughput=22rps rr=59.09% cr=0.00% errors=0 total=3294
[1371753083.056671] latency=4:5:34:149:254:(79)ms throughput=26rps rr=57.69% cr=0.00% errors=0 total=3320
[1371753084.060653] latency=4:9:187:502:1006:(317)ms throughput=26rps rr=57.69% cr=0.00% errors=0 total=3346
[1371753085.064646] latency=4:82:463:1097:1481:(581)ms throughput=37rps rr=81.08% cr=0.00% errors=0 total=3383
[1371753086.068683] latency=4:7:42:170:516:(102)ms throughput=36rps rr=55.56% cr=0.00% errors=0 total=3419
[1371753087.072661] latency=4:48:368:665:933:(407)ms throughput=27rps rr=77.78% cr=0.00% errors=0 total=3446
[1371753088.076696] latency=4:5:11:134:328:(74)ms throughput=27rps rr=51.85% cr=0.00% errors=0 total=3473
[1371753089.080662] latency=4:6:80:163:323:(99)ms throughput=26rps rr=57.69% cr=0.00% errors=0 total=3499
[1371753090.084692] latency=4:23:225:404:754:(255)ms throughput=38rps rr=76.32% cr=0.00% errors=0 total=3537
[1371753091.088631] latency=4:5:33:151:240:(77)ms throughput=28rps rr=64.29% cr=0.00% errors=0 total=3565
[1371753092.092688] latency=3:7:110:182:396:(123)ms throughput=33rps rr=66.67% cr=0.00% errors=0 total=3598
[1371753093.096663] latency=4:5:17:186:314:(84)ms throughput=28rps rr=57.14% cr=0.00% errors=0 total=3626
[1371753094.100676] latency=4:5:6:92:191:(47)ms throughput=28rps rr=42.86% cr=0.00% errors=0 total=3654
[1371753095.104654] latency=4:5:19:99:240:(63)ms throughput=31rps rr=54.84% cr=0.00% errors=0 total=3685
[1371753096.108677] latency=3:6:23:131:250:(81)ms throughput=32rps rr=53.12% cr=0.00% errors=0 total=3717
[1371753097.112655] latency=3:7:136:273:384:(145)ms throughput=32rps rr=62.50% cr=0.00% errors=0 total=3749
[1371753098.116652] latency=5:5:31:138:253:(77)ms throughput=21rps rr=57.14% cr=0.00% errors=0 total=3770
[1371753099.120655] latency=4:16:109:193:302:(120)ms throughput=29rps rr=75.86% cr=0.00% errors=0 total=3799
[1371753100.124654] latency=4:5:57:174:265:(85)ms throughput=26rps rr=53.85% cr=0.00% errors=0 total=3825
[1371753101.128662] latency=3:21:180:360:573:(208)ms throughput=25rps rr=60.00% cr=0.00% errors=0 total=3850
[1371753102.132672] latency=3:6:188:461:892:(255)ms throughput=40rps rr=57.50% cr=0.00% errors=0 total=3890
[1371753103.136675] latency=4:14:174:283:614:(186)ms throughput=36rps rr=75.00% cr=0.00% errors=0 total=3926
[1371753104.140667] latency=4:6:104:202:273:(113)ms throughput=28rps rr=71.43% cr=0.00% errors=0 total=3954
[1371753105.144651] latency=3:5:105:194:383:(116)ms throughput=31rps rr=61.29% cr=0.00% errors=0 total=3985
[1371753106.160646] latency=4:5:8:151:296:(77)ms throughput=35rps rr=52.78% cr=0.00% errors=0 total=4021
[1371753107.164665] latency=3:6:41:165:268:(83)ms throughput=34rps rr=55.88% cr=0.00% errors=0 total=4055
[1371753108.168642] latency=3:5:25:112:295:(75)ms throughput=35rps rr=57.14% cr=0.00% errors=0 total=4090
[1371753109.172676] latency=4:5:47:100:235:(64)ms throughput=28rps rr=57.14% cr=0.00% errors=0 total=4118
[1371753110.176642] latency=3:5:40:186:313:(96)ms throughput=32rps rr=59.38% cr=0.00% errors=0 total=4150
[1371753111.180678] latency=4:21:126:219:418:(144)ms throughput=27rps rr=77.78% cr=0.00% errors=0 total=4177
[1371753112.184650] latency=4:24:174:378:735:(217)ms throughput=31rps rr=70.97% cr=0.00% errors=0 total=4208
[1371753113.188673] latency=4:8:86:190:330:(114)ms throughput=29rps rr=62.07% cr=0.00% errors=0 total=4237
[1371753114.192644] latency=3:6:56:208:368:(112)ms throughput=32rps rr=62.50% cr=0.00% errors=0 total=4269
[1371753115.196657] latency=4:5:52:261:340:(116)ms throughput=31rps rr=51.61% cr=0.00% errors=0 total=4300
[1371753116.200665] latency=3:9:48:272:411:(127)ms throughput=27rps rr=66.67% cr=0.00% errors=0 total=4327
[1371753117.204674] latency=4:13:265:654:984:(347)ms throughput=29rps rr=65.52% cr=0.00% errors=0 total=4356
[1371753118.208645] latency=4:48:217:402:805:(263)ms throughput=31rps rr=80.65% cr=0.00% errors=0 total=4387
[1371753119.212667] latency=3:11:54:445:875:(244)ms throughput=21rps rr=57.14% cr=0.00% errors=0 total=4408
[1371753120.216645] latency=3:27:453:941:1439:(506)ms throughput=38rps rr=71.05% cr=0.00% errors=0 total=4446
[1371753121.220690] latency=3:5:36:183:594:(113)ms throughput=32rps rr=56.25% cr=0.00% errors=0 total=4478
[1371753122.224636] latency=4:6:82:336:611:(182)ms throughput=33rps rr=60.61% cr=0.00% errors=0 total=4511
[1371753123.228660] latency=4:34:194:295:613:(208)ms throughput=34rps rr=76.47% cr=0.00% errors=0 total=4545
[1371753124.232667] latency=4:5:6:119:202:(60)ms throughput=27rps rr=44.44% cr=0.00% errors=0 total=4572
[1371753125.236662] latency=3:5:5:124:221:(57)ms throughput=31rps rr=35.48% cr=0.00% errors=0 total=4603
[1371753126.240628] latency=3:7:32:134:369:(87)ms throughput=37rps rr=51.35% cr=0.00% errors=0 total=4640
[1371753127.244681] latency=3:4:8:190:395:(91)ms throughput=34rps rr=47.06% cr=0.00% errors=0 total=4674
[1371753128.248642] latency=4:5:60:130:293:(82)ms throughput=27rps rr=62.96% cr=0.00% errors=0 total=4701
[1371753129.252663] latency=3:6:38:136:240:(74)ms throughput=31rps rr=64.52% cr=0.00% errors=0 total=4732
[1371753130.256640] latency=3:5:102:193:271:(113)ms throughput=30rps rr=70.00% cr=0.00% errors=0 total=4762
[1371753131.260694] latency=3:6:110:234:346:(126)ms throughput=30rps rr=60.00% cr=0.00% errors=0 total=4792
[1371753132.264633] latency=4:5:73:190:297:(102)ms throughput=30rps rr=56.67% cr=0.00% errors=0 total=4822
[1371753133.268664] latency=4:16:100:166:300:(105)ms throughput=29rps rr=75.86% cr=0.00% errors=0 total=4851
[1371753134.272641] latency=4:5:6:85:228:(50)ms throughput=30rps rr=36.67% cr=0.00% errors=0 total=4881
[1371753135.276658] latency=3:8:74:169:258:(99)ms throughput=32rps rr=75.00% cr=0.00% errors=0 total=4913
[1371753136.280638] latency=3:7:99:215:309:(119)ms throughput=32rps rr=68.75% cr=0.00% errors=0 total=4945
[1371753137.284695] latency=3:5:189:228:390:(154)ms throughput=24rps rr=70.83% cr=0.00% errors=0 total=4969
[1371753138.288656] latency=3:12:186:343:610:(223)ms throughput=29rps rr=75.86% cr=0.00% errors=0 total=4998
[1371753139.292670] latency=4:37:159:235:750:(195)ms throughput=36rps rr=77.78% cr=0.00% errors=0 total=5034
[1371753140.296639] latency=3:5:47:167:328:(106)ms throughput=33rps rr=69.70% cr=0.00% errors=0 total=5067
[1371753141.300666] latency=3:5:20:158:252:(76)ms throughput=22rps rr=59.09% cr=0.00% errors=0 total=5089
[1371753142.304644] latency=3:21:150:293:605:(198)ms throughput=34rps rr=73.53% cr=0.00% errors=0 total=5123
[1371753143.308669] latency=4:48:338:540:866:(345)ms throughput=28rps rr=75.00% cr=0.00% errors=0 total=5151
[1371753144.312677] latency=4:9:196:423:860:(255)ms throughput=36rps rr=75.00% cr=0.00% errors=0 total=5187
[1371753145.316702] latency=4:31:244:412:657:(244)ms throughput=22rps rr=68.18% cr=0.00% errors=0 total=5209
[1371753146.320655] latency=4:19:154:1132:1791:(539)ms throughput=28rps rr=60.71% cr=0.00% errors=0 total=5237
[1371753147.324698] latency=5:80:1054:1582:1884:(849)ms throughput=33rps rr=72.73% cr=0.00% errors=0 total=5270
[1371753148.328676] latency=6:80:757:1335:2325:(840)ms throughput=22rps rr=72.73% cr=0.00% errors=0 total=5292
[1371753149.332717] latency=4:6:201:642:1432:(384)ms throughput=42rps rr=61.90% cr=0.00% errors=0 total=5334
[1371753150.336682] latency=3:5:75:155:321:(95)ms throughput=37rps rr=70.27% cr=0.00% errors=0 total=5371
[1371753151.340703] latency=4:6:39:206:336:(102)ms throughput=31rps rr=54.84% cr=0.00% errors=0 total=5402
[1371753152.344685] latency=4:5:9:191:332:(88)ms throughput=27rps rr=48.15% cr=0.00% errors=0 total=5429
[1371753153.348715] latency=4:5:5:65:234:(47)ms throughput=29rps rr=37.93% cr=0.00% errors=0 total=5458
[1371753154.352651] latency=4:5:6:66:218:(42)ms throughput=30rps rr=43.33% cr=0.00% errors=0 total=5488
[1371753155.356663] latency=4:5:8:133:244:(67)ms throughput=28rps rr=50.00% cr=0.00% errors=0 total=5516
[1371753156.360634] latency=3:5:9:133:319:(70)ms throughput=43rps rr=41.86% cr=0.00% errors=0 total=5559
[1371753157.364671] latency=5:7:8:128:240:(67)ms throughput=17rps rr=47.06% cr=0.00% errors=0 total=5576
[1371753158.368647] latency=3:5:72:253:393:(131)ms throughput=39rps rr=53.85% cr=0.00% errors=0 total=5615
[1371753159.372666] latency=4:5:6:81:233:(52)ms throughput=35rps rr=40.00% cr=0.00% errors=0 total=5650
[1371753160.376642] latency=4:6:95:204:305:(107)ms throughput=24rps rr=58.33% cr=0.00% errors=0 total=5674
[1371753161.380667] latency=3:5:56:147:332:(91)ms throughput=30rps rr=56.67% cr=0.00% errors=0 total=5704
[1371753162.384652] latency=4:5:6:8:163:(21)ms throughput=30rps rr=30.00% cr=0.00% errors=0 total=5734
[1371753163.388664] latency=4:7:99:335:608:(172)ms throughput=36rps rr=61.11% cr=0.00% errors=0 total=5770
[1371753164.392666] latency=4:5:6:120:248:(62)ms throughput=30rps rr=43.33% cr=0.00% errors=0 total=5800
[1371753165.396655] latency=3:5:8:112:246:(57)ms throughput=35rps rr=54.29% cr=0.00% errors=0 total=5835
[1371753166.400660] latency=3:5:11:98:312:(66)ms throughput=47rps rr=53.19% cr=0.00% errors=0 total=5882
[1371753167.404715] latency=4:5:77:147:224:(84)ms throughput=23rps rr=60.87% cr=0.00% errors=0 total=5905
[1371753168.408850] latency=3:5:90:180:294:(94)ms throughput=37rps rr=56.76% cr=0.00% errors=0 total=5942
[1371753169.412723] latency=3:8:127:230:438:(142)ms throughput=33rps rr=69.70% cr=0.00% errors=0 total=5975
[1371753170.416856] latency=3:5:9:151:298:(82)ms throughput=34rps rr=47.06% cr=0.00% errors=0 total=6009
[1371753171.420711] latency=3:7:83:162:282:(94)ms throughput=28rps rr=64.29% cr=0.00% errors=0 total=6037
[1371753172.424692] latency=3:8:87:202:325:(116)ms throughput=39rps rr=66.67% cr=0.00% errors=0 total=6076
[1371753173.436705] latency=4:6:42:140:259:(75)ms throughput=27rps rr=55.56% cr=0.00% errors=0 total=6103
[1371753174.440686] latency=5:16:125:193:244:(109)ms throughput=24rps rr=79.17% cr=0.00% errors=0 total=6127
[1371753175.444710] latency=4:5:57:203:316:(101)ms throughput=30rps rr=66.67% cr=0.00% errors=0 total=6157
[1371753176.448687] latency=4:6:38:167:249:(82)ms throughput=30rps rr=60.00% cr=0.00% errors=0 total=6187
[1371753177.452684] latency=5:6:82:144:284:(95)ms throughput=34rps rr=64.71% cr=0.00% errors=0 total=6221
[1371753178.468698] latency=4:25:89:190:286:(114)ms throughput=32rps rr=69.70% cr=0.00% errors=0 total=6254
[1371753179.472639] latency=4:10:187:320:489:(192)ms throughput=33rps rr=69.70% cr=0.00% errors=0 total=6287
[1371753180.476649] latency=3:13:154:274:662:(183)ms throughput=32rps rr=62.50% cr=0.00% errors=0 total=6319
[1371753181.480670] latency=5:8:96:201:588:(147)ms throughput=27rps rr=74.07% cr=0.00% errors=0 total=6346
[1371753182.484672] latency=3:6:33:324:579:(170)ms throughput=37rps rr=51.35% cr=0.00% errors=0 total=6383
[1371753183.488680] latency=3:5:286:564:999:(322)ms throughput=27rps rr=66.67% cr=0.00% errors=0 total=6410
[1371753184.492650] latency=3:20:160:631:1070:(327)ms throughput=22rps rr=68.18% cr=0.00% errors=0 total=6432
[1371753185.508663] latency=4:129:742:1284:1784:(743)ms throughput=25rps rr=80.00% cr=0.00% errors=0 total=6457
[1371753186.512643] latency=4:148:696:1252:2348:(825)ms throughput=25rps rr=84.00% cr=0.00% errors=0 total=6482
[1371753187.516665] latency=3:9:460:1046:2339:(638)ms throughput=33rps rr=60.61% cr=0.00% errors=0 total=6515
[1371753188.520655] latency=3:11:156:692:1599:(385)ms throughput=37rps rr=70.27% cr=0.00% errors=0 total=6552
[1371753189.524668] latency=3:4:30:158:482:(105)ms throughput=33rps rr=45.45% cr=0.00% errors=0 total=6585
[1371753190.528644] latency=3:9:36:494:1060:(252)ms throughput=23rps rr=30.43% cr=0.00% errors=0 total=6608
[1371753191.532660] latency=3:11:102:899:1870:(438)ms throughput=36rps rr=47.22% cr=0.00% errors=0 total=6644
[1371753192.536645] latency=3:5:13:492:1127:(259)ms throughput=38rps rr=50.00% cr=0.00% errors=0 total=6682
[1371753193.540684] latency=3:5:24:149:292:(87)ms throughput=26rps rr=53.85% cr=0.00% errors=0 total=6708
[1371753194.544638] latency=3:5:9:136:361:(79)ms throughput=34rps rr=32.35% cr=0.00% errors=0 total=6742
[1371753195.548658] latency=3:6:29:179:533:(124)ms throughput=27rps rr=40.74% cr=0.00% errors=0 total=6769
[1371753196.552672] latency=4:5:7:139:634:(106)ms throughput=31rps rr=41.94% cr=0.00% errors=0 total=6800
[1371753197.580725] latency=3:4:33:138:565:(108)ms throughput=44rps rr=33.33% cr=0.00% errors=0 total=6845
[1371753198.584692] latency=4:6:25:106:447:(85)ms throughput=39rps rr=35.90% cr=0.00% errors=0 total=6884
[1371753199.592658] latency=3:22:68:146:612:(138)ms throughput=20rps rr=40.00% cr=0.00% errors=0 total=6904
[1371753200.596654] latency=6:14:28:267:1362:(267)ms throughput=31rps rr=32.26% cr=0.00% errors=0 total=6935
[1371753201.600670] latency=6:20:61:1000:2234:(595)ms throughput=22rps rr=45.45% cr=0.00% errors=0 total=6957
[1371753202.604674] latency=4:10:36:282:2326:(403)ms throughput=44rps rr=38.64% cr=0.00% errors=0 total=7001
[1371753203.608691] latency=5:8:24:644:2283:(462)ms throughput=27rps rr=40.74% cr=0.00% errors=0 total=7028
[1371753204.612683] latency=3:5:8:72:1260:(188)ms throughput=43rps rr=37.21% cr=0.00% errors=0 total=7071
[1371753205.616703] latency=3:5:5:7:204:(23)ms throughput=32rps rr=12.50% cr=0.00% errors=0 total=7103
[1371753206.620677] latency=4:7:12:121:878:(143)ms throughput=33rps rr=30.30% cr=0.00% errors=0 total=7136
[1371753207.624718] latency=4:7:9:93:613:(102)ms throughput=37rps rr=35.14% cr=0.00% errors=0 total=7173
[1371753208.628680] latency=3:5:7:21:290:(49)ms throughput=36rps rr=22.22% cr=0.00% errors=0 total=7209
[1371753209.632675] latency=4:5:8:36:446:(70)ms throughput=32rps rr=28.12% cr=0.00% errors=0 total=7241
[1371753210.636697] latency=4:5:5:8:173:(18)ms throughput=32rps rr=12.50% cr=0.00% errors=0 total=7273
[1371753211.640678] latency=4:5:6:13:299:(42)ms throughput=47rps rr=23.40% cr=0.00% errors=0 total=7320
[1371753212.644697] latency=4:5:6:16:311:(45)ms throughput=26rps rr=19.23% cr=0.00% errors=0 total=7346
[1371753213.648719] latency=3:5:8:101:213:(51)ms throughput=36rps rr=30.56% cr=0.00% errors=0 total=7382
[1371753214.652679] latency=3:4:5:7:200:(31)ms throughput=27rps rr=14.81% cr=0.00% errors=0 total=7409
[1371753215.656713] latency=5:8:15:368:837:(189)ms throughput=30rps rr=50.00% cr=0.00% errors=0 total=7439
[1371753216.660715] latency=3:5:7:20:553:(46)ms throughput=36rps rr=25.00% cr=0.00% errors=0 total=7475
[1371753217.668709] latency=4:5:5:8:262:(34)ms throughput=35rps rr=17.14% cr=0.00% errors=0 total=7510
[1371753218.672685] latency=3:8:16:263:472:(114)ms throughput=24rps rr=37.50% cr=0.00% errors=0 total=7534
[1371753219.676699] latency=4:8:17:112:742:(107)ms throughput=41rps rr=26.83% cr=0.00% errors=0 total=7575
[1371753220.680712] latency=4:5:5:57:657:(66)ms throughput=34rps rr=29.41% cr=0.00% errors=0 total=7609
[1371753221.684712] latency=3:5:6:13:253:(33)ms throughput=37rps rr=16.22% cr=0.00% errors=0 total=7646
[1371753222.688667] latency=4:5:6:10:285:(38)ms throughput=31rps rr=22.58% cr=0.00% errors=0 total=7677
[1371753223.692724] latency=4:5:6:10:159:(21)ms throughput=32rps rr=21.88% cr=0.00% errors=0 total=7709
[1371753224.696699] latency=4:5:5:7:146:(16)ms throughput=33rps rr=12.12% cr=0.00% errors=0 total=7742
[1371753225.700713] latency=3:5:7:15:224:(31)ms throughput=32rps rr=21.88% cr=0.00% errors=0 total=7774
[1371753226.704690] latency=3:6:9:106:359:(70)ms throughput=30rps rr=30.00% cr=0.00% errors=0 total=7804
[1371753227.708699] latency=3:7:12:62:357:(56)ms throughput=37rps rr=24.32% cr=0.00% errors=0 total=7841
[1371753228.712692] latency=4:6:17:145:370:(79)ms throughput=32rps rr=34.38% cr=0.00% errors=0 total=7873
[1371753229.716689] latency=4:5:8:24:303:(43)ms throughput=35rps rr=31.43% cr=0.00% errors=0 total=7908
[1371753230.720676] latency=3:6:9:59:289:(53)ms throughput=24rps rr=33.33% cr=0.00% errors=0 total=7932
[1371753231.724685] latency=3:5:5:7:188:(20)ms throughput=29rps rr=20.69% cr=0.00% errors=0 total=7961
[1371753232.728674] latency=3:6:9:33:301:(50)ms throughput=33rps rr=33.33% cr=0.00% errors=0 total=7994
[1371753233.732691] latency=4:8:12:78:582:(94)ms throughput=33rps rr=27.27% cr=0.00% errors=0 total=8027
[1371753234.736650] latency=4:6:8:37:254:(37)ms throughput=32rps rr=31.25% cr=0.00% errors=0 total=8059
[1371753235.740670] latency=3:6:9:62:703:(89)ms throughput=40rps rr=40.00% cr=0.00% errors=0 total=8099
[1371753236.744681] latency=4:5:8:29:444:(48)ms throughput=35rps rr=22.86% cr=0.00% errors=0 total=8134
[1371753237.748702] latency=4:5:6:10:188:(32)ms throughput=31rps rr=22.58% cr=0.00% errors=0 total=8165
[1371753238.752668] latency=3:8:16:134:517:(88)ms throughput=36rps rr=38.89% cr=0.00% errors=0 total=8201
[1371753239.756700] latency=4:5:6:103:302:(64)ms throughput=29rps rr=34.48% cr=0.00% errors=0 total=8230
[1371753240.760678] latency=4:6:10:66:657:(94)ms throughput=41rps rr=39.02% cr=0.00% errors=0 total=8271
[1371753241.764709] latency=3:5:5:35:142:(28)ms throughput=22rps rr=36.36% cr=0.00% errors=0 total=8293
[1371753242.768703] latency=3:4:5:56:170:(32)ms throughput=22rps rr=27.27% cr=0.00% errors=0 total=8315
[1371753243.772674] latency=4:5:9:81:399:(61)ms throughput=35rps rr=31.43% cr=0.00% errors=0 total=8350
[1371753244.776711] latency=5:10:62:175:756:(154)ms throughput=30rps rr=40.00% cr=0.00% errors=0 total=8380
[1371753245.792717] latency=3:9:44:249:804:(143)ms throughput=29rps rr=48.28% cr=0.00% errors=0 total=8409
[1371753246.796611] latency=5:5:9:146:377:(71)ms throughput=29rps rr=37.93% cr=0.00% errors=0 total=8438
[1371753247.800610] latency=5:6:9:66:405:(71)ms throughput=32rps rr=31.25% cr=0.00% errors=0 total=8470
[1371753248.804629] latency=4:5:6:20:350:(42)ms throughput=34rps rr=17.65% cr=0.00% errors=0 total=8504
[1371753249.808632] latency=5:8:15:110:800:(145)ms throughput=36rps rr=27.78% cr=0.00% errors=0 total=8540
[1371753250.812614] latency=5:14:81:281:1167:(225)ms throughput=29rps rr=48.28% cr=0.00% errors=0 total=8569
[1371753251.816622] latency=4:6:10:66:295:(57)ms throughput=31rps rr=32.26% cr=0.00% errors=0 total=8600
[1371753252.820640] latency=4:11:19:90:865:(141)ms throughput=25rps rr=24.00% cr=0.00% errors=0 total=8625
[1371753253.824619] latency=4:9:34:490:1655:(294)ms throughput=26rps rr=26.92% cr=0.00% errors=0 total=8651
[1371753254.828634] latency=5:8:21:100:1715:(300)ms throughput=34rps rr=26.47% cr=0.00% errors=0 total=8685
[1371753255.832616] latency=3:7:11:281:1188:(189)ms throughput=39rps rr=35.90% cr=0.00% errors=0 total=8724
[1371753256.836712] latency=4:7:42:308:860:(183)ms throughput=33rps rr=42.42% cr=0.00% errors=0 total=8757
[1371753257.840639] latency=3:5:5:7:170:(18)ms throughput=35rps rr=17.14% cr=0.00% errors=0 total=8792
[1371753258.844640] latency=4:7:9:33:440:(60)ms throughput=37rps rr=24.32% cr=0.00% errors=0 total=8829
[1371753259.848665] latency=3:5:7:9:319:(26)ms throughput=34rps rr=20.59% cr=0.00% errors=0 total=8863
[1371753260.852682] latency=3:5:5:8:178:(30)ms throughput=33rps rr=24.24% cr=0.00% errors=0 total=8896
[1371753261.856741] latency=3:5:5:7:171:(22)ms throughput=29rps rr=13.79% cr=0.00% errors=0 total=8925
[1371753262.860662] latency=3:5:7:20:233:(32)ms throughput=38rps rr=18.42% cr=0.00% errors=0 total=8963
[1371753263.864722] latency=4:5:9:68:681:(92)ms throughput=39rps rr=28.21% cr=0.00% errors=0 total=9002
[1371753264.868666] latency=5:10:36:200:957:(190)ms throughput=34rps rr=29.41% cr=0.00% errors=0 total=9036
[1371753265.872734] latency=5:9:16:54:560:(71)ms throughput=33rps rr=18.18% cr=0.00% errors=0 total=9069
[1371753266.876685] latency=4:7:32:96:1312:(199)ms throughput=50rps rr=30.00% cr=0.00% errors=0 total=9119
[1371753267.880694] latency=4:5:6:68:899:(84)ms throughput=38rps rr=31.58% cr=0.00% errors=0 total=9157
[1371753268.884705] latency=6:9:30:93:363:(78)ms throughput=25rps rr=28.00% cr=0.00% errors=0 total=9182
[1371753269.916675] latency=4:8:24:284:690:(169)ms throughput=32rps rr=33.33% cr=0.00% errors=0 total=9215
[1371753270.920802] latency=4:7:41:375:975:(212)ms throughput=31rps rr=38.71% cr=0.00% errors=0 total=9246
[1371753271.924629] latency=3:5:6:21:214:(40)ms throughput=27rps rr=25.93% cr=0.00% errors=0 total=9273
[1371753272.928632] latency=3:5:7:74:246:(44)ms throughput=32rps rr=31.25% cr=0.00% errors=0 total=9305
[1371753273.932641] latency=3:5:5:31:227:(40)ms throughput=32rps rr=25.00% cr=0.00% errors=0 total=9337
[1371753274.936625] latency=4:5:6:15:176:(24)ms throughput=28rps rr=25.00% cr=0.00% errors=0 total=9365
[1371753275.940635] latency=4:5:5:8:169:(22)ms throughput=31rps rr=19.35% cr=0.00% errors=0 total=9396
[1371753276.944615] latency=4:5:7:17:375:(39)ms throughput=35rps rr=20.00% cr=0.00% errors=0 total=9431
[1371753277.948618] latency=3:5:7:22:616:(57)ms throughput=33rps rr=21.21% cr=0.00% errors=0 total=9464
[1371753278.952612] latency=5:9:33:117:629:(113)ms throughput=37rps rr=27.03% cr=0.00% errors=0 total=9501
[1371753279.956614] latency=4:9:14:105:597:(116)ms throughput=39rps rr=23.08% cr=0.00% errors=0 total=9540
[1371753280.960651] latency=4:10:15:96:883:(132)ms throughput=47rps rr=21.28% cr=0.00% errors=0 total=9587
[1371753281.964657] latency=4:6:8:75:204:(45)ms throughput=37rps rr=32.43% cr=0.00% errors=0 total=9624
[1371753282.972677] latency=4:5:7:10:138:(23)ms throughput=31rps rr=19.35% cr=0.00% errors=0 total=9655
[1371753283.976668] latency=3:5:6:13:344:(39)ms throughput=38rps rr=18.42% cr=0.00% errors=0 total=9693
[1371753284.980663] latency=3:5:8:31:352:(54)ms throughput=43rps rr=27.91% cr=0.00% errors=0 total=9736
[1371753285.984675] latency=4:5:8:75:289:(48)ms throughput=36rps rr=30.56% cr=0.00% errors=0 total=9772
[1371753286.988673] latency=4:4:5:7:133:(16)ms throughput=25rps rr=12.00% cr=0.00% errors=0 total=9797
[1371753287.992722] latency=4:5:8:60:219:(41)ms throughput=35rps rr=25.71% cr=0.00% errors=0 total=9832
[1371753288.996681] latency=5:8:13:184:788:(138)ms throughput=41rps rr=31.71% cr=0.00% errors=0 total=9873
[1371753290.000689] latency=4:5:7:11:161:(25)ms throughput=36rps rr=19.44% cr=0.00% errors=0 total=9909
[1371753291.004663] latency=4:6:12:144:493:(81)ms throughput=30rps rr=33.33% cr=0.00% errors=0 total=9939
[1371753292.008678] latency=3:5:7:20:318:(50)ms throughput=35rps rr=22.86% cr=0.00% errors=0 total=9974
[1371753293.012677] latency=3:5:8:63:389:(55)ms throughput=37rps rr=21.62% cr=0.00% errors=0 total=10011
[1371753294.016724] latency=4:5:8:71:249:(50)ms throughput=30rps rr=33.33% cr=0.00% errors=0 total=10041
[1371753295.020622] latency=4:6:8:54:400:(53)ms throughput=35rps rr=25.71% cr=0.00% errors=0 total=10076
[1371753296.024610] latency=3:5:12:68:399:(78)ms throughput=32rps rr=28.12% cr=0.00% errors=0 total=10108
[1371753297.028638] latency=4:6:18:304:1234:(226)ms throughput=32rps rr=37.50% cr=0.00% errors=0 total=10140
[1371753298.032611] latency=4:8:22:571:1294:(317)ms throughput=34rps rr=44.12% cr=0.00% errors=0 total=10174
[1371753299.036652] latency=4:10:50:281:1209:(206)ms throughput=39rps rr=33.33% cr=0.00% errors=0 total=10213
[1371753300.040616] latency=4:7:10:65:456:(73)ms throughput=29rps rr=34.48% cr=0.00% errors=0 total=10242
[1371753301.044634] latency=3:5:5:27:211:(29)ms throughput=32rps rr=25.00% cr=0.00% errors=0 total=10274
[1371753302.048618] latency=3:7:10:121:491:(77)ms throughput=34rps rr=29.41% cr=0.00% errors=0 total=10308
[1371753303.052629] latency=3:5:5:9:187:(31)ms throughput=34rps rr=20.59% cr=0.00% errors=0 total=10342
[1371753304.056635] latency=3:5:7:14:193:(31)ms throughput=35rps rr=25.71% cr=0.00% errors=0 total=10377
[1371753305.064688] latency=4:5:8:66:254:(52)ms throughput=32rps rr=28.12% cr=0.00% errors=0 total=10409
[1371753306.092624] latency=4:8:22:84:696:(110)ms throughput=37rps rr=28.95% cr=0.00% errors=0 total=10447
[1371753307.096616] latency=4:5:6:29:167:(33)ms throughput=32rps rr=25.00% cr=0.00% errors=0 total=10479
[1371753308.100615] latency=3:5:6:9:188:(22)ms throughput=42rps rr=14.29% cr=0.00% errors=0 total=10521
[1371753309.104610] latency=3:5:5:7:175:(16)ms throughput=29rps rr=17.24% cr=0.00% errors=0 total=10550
[1371753310.108623] latency=3:5:6:26:316:(37)ms throughput=40rps rr=27.50% cr=0.00% errors=0 total=10590
[1371753311.112627] latency=4:5:6:9:204:(34)ms throughput=31rps rr=22.58% cr=0.00% errors=0 total=10621
[1371753312.116613] latency=4:5:5:7:148:(20)ms throughput=29rps rr=13.79% cr=0.00% errors=0 total=10650
[1371753313.120616] latency=4:5:7:50:480:(52)ms throughput=37rps rr=24.32% cr=0.00% errors=0 total=10687
[1371753314.124607] latency=3:4:5:11:352:(41)ms throughput=35rps rr=17.14% cr=0.00% errors=0 total=10722
[1371753315.128623] latency=4:5:6:13:242:(34)ms throughput=21rps rr=19.05% cr=0.00% errors=0 total=10743
[1371753316.132632] latency=3:5:7:52:382:(59)ms throughput=30rps rr=26.67% cr=0.00% errors=0 total=10773
[1371753317.136616] latency=5:8:18:46:633:(75)ms throughput=35rps rr=17.14% cr=0.00% errors=0 total=10808
[1371753318.140622] latency=3:8:38:424:1101:(268)ms throughput=30rps rr=46.67% cr=0.00% errors=0 total=10838
[1371753319.144639] latency=3:5:6:36:242:(39)ms throughput=33rps rr=24.24% cr=0.00% errors=0 total=10871
[1371753320.148619] latency=4:5:7:27:174:(28)ms throughput=32rps rr=28.12% cr=0.00% errors=0 total=10903
[1371753321.152611] latency=4:5:5:7:134:(15)ms throughput=28rps rr=14.29% cr=0.00% errors=0 total=10931
[1371753322.184741] latency=3:5:6:9:180:(25)ms throughput=35rps rr=22.22% cr=0.00% errors=0 total=10967
[1371753323.188619] latency=3:5:9:35:227:(31)ms throughput=32rps rr=21.88% cr=0.00% errors=0 total=10999
[1371753324.192628] latency=4:11:45:181:1162:(219)ms throughput=39rps rr=30.77% cr=0.00% errors=0 total=11038
[1371753325.196615] latency=7:9:21:253:702:(139)ms throughput=30rps rr=33.33% cr=0.00% errors=0 total=11068
[1371753326.200634] latency=5:10:33:265:1050:(163)ms throughput=38rps rr=31.58% cr=0.00% errors=0 total=11106
[1371753327.204639] latency=5:9:18:715:1713:(332)ms throughput=34rps rr=35.29% cr=0.00% errors=0 total=11140
[1371753328.208615] latency=4:7:13:127:1522:(182)ms throughput=45rps rr=24.44% cr=0.00% errors=0 total=11185
[1371753329.212629] latency=4:5:6:13:467:(76)ms throughput=28rps rr=21.43% cr=0.00% errors=0 total=11213
[1371753330.216636] latency=4:5:6:9:153:(19)ms throughput=32rps rr=12.50% cr=0.00% errors=0 total=11245
[1371753331.220640] latency=4:5:6:9:224:(29)ms throughput=32rps rr=18.75% cr=0.00% errors=0 total=11277
[1371753332.224632] latency=4:5:5:8:145:(21)ms throughput=28rps rr=17.86% cr=0.00% errors=0 total=11305
[1371753333.228647] latency=3:5:8:31:378:(51)ms throughput=35rps rr=17.14% cr=0.00% errors=0 total=11340
[1371753334.232615] latency=4:5:5:8:224:(27)ms throughput=30rps rr=16.67% cr=0.00% errors=0 total=11370
[1371753335.236627] latency=4:5:5:8:282:(22)ms throughput=34rps rr=20.59% cr=0.00% errors=0 total=11404
[1371753336.240640] latency=4:5:7:13:221:(22)ms throughput=37rps rr=10.81% cr=0.00% errors=0 total=11441
[1371753337.244623] latency=4:13:29:100:1130:(197)ms throughput=37rps rr=21.62% cr=0.00% errors=0 total=11478
[1371753338.248640] latency=4:5:7:47:811:(94)ms throughput=35rps rr=22.86% cr=0.00% errors=0 total=11513
[1371753339.252644] latency=3:5:6:24:173:(28)ms throughput=28rps rr=28.57% cr=0.00% errors=0 total=11541
[1371753340.256660] latency=4:5:7:10:279:(34)ms throughput=30rps rr=13.33% cr=0.00% errors=0 total=11571
[1371753341.260658] latency=4:6:8:65:270:(49)ms throughput=30rps rr=26.67% cr=0.00% errors=0 total=11601
[1371753342.264630] latency=3:5:5:8:212:(26)ms throughput=41rps rr=14.63% cr=0.00% errors=0 total=11642
[1371753343.268873] latency=3:5:6:47:232:(44)ms throughput=28rps rr=28.57% cr=0.00% errors=0 total=11670
[1371753344.272634] latency=4:5:5:7:99:(13)ms throughput=41rps rr=12.20% cr=0.00% errors=0 total=11711
[1371753345.276648] latency=3:5:7:18:239:(33)ms throughput=29rps rr=27.59% cr=0.00% errors=0 total=11740
[1371753346.280638] latency=3:5:10:140:449:(86)ms throughput=38rps rr=28.95% cr=0.00% errors=0 total=11778
[1371753347.284664] latency=4:5:7:9:226:(26)ms throughput=33rps rr=18.18% cr=0.00% errors=0 total=11811
[1371753348.288672] latency=3:5:6:8:116:(14)ms throughput=40rps rr=17.50% cr=0.00% errors=0 total=11851
[1371753349.292640] latency=3:5:6:10:269:(36)ms throughput=35rps rr=20.00% cr=0.00% errors=0 total=11886
[1371753350.320641] latency=3:5:6:12:228:(22)ms throughput=40rps rr=21.95% cr=0.00% errors=0 total=11927
[1371753351.324615] latency=5:5:6:6:194:(19)ms throughput=26rps rr=7.69% cr=0.00% errors=0 total=11953
[1371753352.328632] latency=4:5:8:50:310:(45)ms throughput=32rps rr=25.00% cr=0.00% errors=0 total=11985
[1371753353.332618] latency=5:8:19:100:574:(94)ms throughput=42rps rr=28.57% cr=0.00% errors=0 total=12027
[1371753354.336628] latency=5:8:11:360:821:(189)ms throughput=33rps rr=36.36% cr=0.00% errors=0 total=12060
[1371753355.340706] latency=5:5:8:17:598:(72)ms throughput=31rps rr=16.13% cr=0.00% errors=0 total=12091
[1371753356.344670] latency=3:5:6:29:513:(48)ms throughput=32rps rr=28.12% cr=0.00% errors=0 total=12123
[1371753357.348629] latency=5:5:5:7:218:(26)ms throughput=20rps rr=15.00% cr=0.00% errors=0 total=12143
[1371753358.352668] latency=4:5:6:8:204:(30)ms throughput=23rps rr=21.74% cr=0.00% errors=0 total=12166
[1371753359.357131] latency=4:6:7:9:228:(29)ms throughput=37rps rr=16.22% cr=0.00% errors=0 total=12203
[1371753360.360654] latency=4:5:8:23:642:(89)ms throughput=29rps rr=27.59% cr=0.00% errors=0 total=12232
[1371753361.364622] latency=5:5:5:7:149:(12)ms throughput=27rps rr=7.41% cr=0.00% errors=0 total=12259
[1371753362.368661] latency=3:7:13:62:434:(67)ms throughput=41rps rr=29.27% cr=0.00% errors=0 total=12300
[1371753363.372611] latency=4:5:5:7:217:(23)ms throughput=37rps rr=10.81% cr=0.00% errors=0 total=12337
[1371753364.376635] latency=4:5:5:8:198:(22)ms throughput=32rps rr=9.38% cr=0.00% errors=0 total=12369
[1371753365.380626] latency=5:5:7:48:369:(58)ms throughput=25rps rr=24.00% cr=0.00% errors=0 total=12394
[1371753366.384670] latency=4:5:6:15:227:(35)ms throughput=32rps rr=21.88% cr=0.00% errors=0 total=12426
[1371753367.400674] latency=4:5:5:9:145:(16)ms throughput=32rps rr=12.12% cr=0.00% errors=0 total=12459
[1371753368.404661] latency=5:5:7:25:109:(21)ms throughput=32rps rr=37.50% cr=0.00% errors=0 total=12491
[1371753369.408637] latency=4:5:7:17:290:(33)ms throughput=31rps rr=25.81% cr=0.00% errors=0 total=12522
[1371753370.412615] latency=3:5:8:83:529:(92)ms throughput=29rps rr=31.03% cr=0.00% errors=0 total=12551
[1371753371.416642] latency=4:8:14:67:428:(82)ms throughput=42rps rr=26.19% cr=0.00% errors=0 total=12593
[1371753372.420631] latency=5:5:8:29:242:(43)ms throughput=23rps rr=21.74% cr=0.00% errors=0 total=12616
[1371753373.424653] latency=8:13:68:471:1072:(232)ms throughput=25rps rr=32.00% cr=0.00% errors=0 total=12641
[1371753374.428661] latency=6:14:19:779:1696:(391)ms throughput=33rps rr=42.42% cr=0.00% errors=0 total=12674
[1371753375.432635] latency=5:9:64:164:748:(154)ms throughput=32rps rr=31.25% cr=0.00% errors=0 total=12706
[1371753376.436621] latency=4:8:32:228:572:(124)ms throughput=30rps rr=36.67% cr=0.00% errors=0 total=12736
[1371753377.440654] latency=4:5:8:20:160:(30)ms throughput=42rps rr=26.19% cr=0.00% errors=0 total=12778
[1371753377.440791] set concurrency=50
[1371753378.444715] latency=5:6:8:271:367:(110)ms throughput=12rps rr=41.67% cr=0.00% errors=0 total=12790
[1371753379.448670] latency=5:5:6:8:151:(26)ms throughput=14rps rr=21.43% cr=0.00% errors=0 total=12804
[1371753380.452664] latency=4:5:17:200:259:(92)ms throughput=17rps rr=47.06% cr=0.00% errors=0 total=12821
[1371753381.456658] latency=4:5:6:8:162:(33)ms throughput=15rps rr=20.00% cr=0.00% errors=0 total=12836
[1371753382.460650] latency=4:5:6:42:173:(37)ms throughput=19rps rr=26.32% cr=0.00% errors=0 total=12855
[1371753383.464661] latency=4:5:7:57:182:(41)ms throughput=12rps rr=41.67% cr=0.00% errors=0 total=12867
[1371753384.468808] latency=5:5:8:118:273:(73)ms throughput=11rps rr=36.36% cr=0.00% errors=0 total=12878
[1371753385.472894] latency=4:5:6:48:154:(35)ms throughput=19rps rr=26.32% cr=0.00% errors=0 total=12897
[1371753386.476611] latency=4:5:9:75:473:(68)ms throughput=17rps rr=23.53% cr=0.00% errors=0 total=12914
[1371753387.480662] latency=6:32:219:428:570:(237)ms throughput=12rps rr=58.33% cr=0.00% errors=0 total=12926
[1371753388.484646] latency=3:5:8:8:184:(35)ms throughput=15rps rr=26.67% cr=0.00% errors=0 total=12941
[1371753389.488649] latency=5:5:7:33:182:(43)ms throughput=10rps rr=30.00% cr=0.00% errors=0 total=12951
[1371753390.492658] latency=3:5:6:35:153:(31)ms throughput=19rps rr=31.58% cr=0.00% errors=0 total=12970
[1371753391.496631] latency=4:5:5:7:154:(17)ms throughput=20rps rr=20.00% cr=0.00% errors=0 total=12990
[1371753392.500624] latency=4:5:5:64:179:(38)ms throughput=13rps rr=38.46% cr=0.00% errors=0 total=13003
[1371753393.504634] latency=4:5:7:84:219:(48)ms throughput=15rps rr=46.67% cr=0.00% errors=0 total=13018
[1371753394.508640] latency=4:5:7:10:209:(36)ms throughput=18rps rr=22.22% cr=0.00% errors=0 total=13036
[1371753395.512624] latency=3:5:8:40:281:(52)ms throughput=24rps rr=25.00% cr=0.00% errors=0 total=13060
[1371753396.516630] latency=4:5:11:80:333:(65)ms throughput=16rps rr=31.25% cr=0.00% errors=0 total=13076
[1371753397.520628] latency=4:6:30:80:253:(64)ms throughput=14rps rr=50.00% cr=0.00% errors=0 total=13090
[1371753398.524626] latency=4:6:18:146:300:(80)ms throughput=21rps rr=52.38% cr=0.00% errors=0 total=13111
[1371753399.528642] latency=5:6:25:102:243:(65)ms throughput=15rps rr=53.33% cr=0.00% errors=0 total=13126
[1371753400.532681] latency=4:5:7:8:183:(19)ms throughput=17rps rr=11.76% cr=0.00% errors=0 total=13143
[1371753401.536635] latency=4:5:5:7:154:(21)ms throughput=19rps rr=15.79% cr=0.00% errors=0 total=13162
[1371753402.540660] latency=4:6:7:72:253:(56)ms throughput=16rps rr=37.50% cr=0.00% errors=0 total=13178
[1371753403.544689] latency=4:5:12:163:416:(95)ms throughput=19rps rr=36.84% cr=0.00% errors=0 total=13197
[1371753404.548627] latency=4:6:11:130:496:(93)ms throughput=23rps rr=30.43% cr=0.00% errors=0 total=13220
[1371753405.552651] latency=4:5:5:6:164:(19)ms throughput=17rps rr=11.76% cr=0.00% errors=0 total=13237
[1371753406.556653] latency=4:5:14:87:283:(65)ms throughput=26rps rr=30.77% cr=0.00% errors=0 total=13263
[1371753407.560662] latency=4:5:6:25:206:(40)ms throughput=21rps rr=33.33% cr=0.00% errors=0 total=13284
[1371753408.564676] latency=9:10:22:212:596:(127)ms throughput=13rps rr=38.46% cr=0.00% errors=0 total=13297
[1371753409.568625] latency=4:6:49:489:832:(246)ms throughput=19rps rr=52.63% cr=0.00% errors=0 total=13316
[1371753410.572667] latency=4:5:14:88:148:(45)ms throughput=16rps rr=50.00% cr=0.00% errors=0 total=13332
[1371753411.576640] latency=4:6:8:64:334:(62)ms throughput=28rps rr=32.14% cr=0.00% errors=0 total=13360
[1371753412.580620] latency=5:5:47:87:340:(67)ms throughput=13rps rr=61.54% cr=0.00% errors=0 total=13373
[1371753413.584610] latency=5:6:17:103:149:(51)ms throughput=8rps rr=37.50% cr=0.00% errors=0 total=13381
[1371753414.588631] latency=4:5:8:437:497:(140)ms throughput=14rps rr=42.86% cr=0.00% errors=0 total=13395
[1371753415.592614] latency=5:5:7:93:254:(61)ms throughput=15rps rr=53.33% cr=0.00% errors=0 total=13410
[1371753416.596626] latency=5:5:6:68:156:(39)ms throughput=11rps rr=36.36% cr=0.00% errors=0 total=13421
[1371753417.600628] latency=3:7:24:188:362:(94)ms throughput=18rps rr=55.56% cr=0.00% errors=0 total=13439
[1371753418.604638] latency=3:5:18:112:156:(51)ms throughput=16rps rr=43.75% cr=0.00% errors=0 total=13455
[1371753419.608636] latency=4:5:7:35:177:(34)ms throughput=14rps rr=42.86% cr=0.00% errors=0 total=13469
[1371753420.612629] latency=5:5:6:101:175:(43)ms throughput=16rps rr=31.25% cr=0.00% errors=0 total=13485
[1371753421.616639] latency=4:5:23:165:423:(98)ms throughput=19rps rr=47.37% cr=0.00% errors=0 total=13504
[1371753422.620653] latency=5:9:15:148:517:(111)ms throughput=18rps rr=38.89% cr=0.00% errors=0 total=13522
[1371753423.624673] latency=4:5:59:184:772:(142)ms throughput=15rps rr=46.67% cr=0.00% errors=0 total=13537
[1371753424.628641] latency=5:5:58:202:626:(126)ms throughput=24rps rr=41.67% cr=0.00% errors=0 total=13561
[1371753425.632627] latency=4:5:6:31:96:(22)ms throughput=18rps rr=33.33% cr=0.00% errors=0 total=13579
[1371753426.636666] latency=5:10:71:306:418:(157)ms throughput=12rps rr=41.67% cr=0.00% errors=0 total=13591
[1371753427.640650] latency=5:11:58:269:605:(146)ms throughput=23rps rr=43.48% cr=0.00% errors=0 total=13614
[1371753428.644647] latency=10:63:96:211:328:(136)ms throughput=12rps rr=50.00% cr=0.00% errors=0 total=13626
[1371753429.648631] latency=5:5:8:74:114:(34)ms throughput=15rps rr=53.33% cr=0.00% errors=0 total=13641
[1371753430.652623] latency=5:12:80:253:529:(138)ms throughput=22rps rr=54.55% cr=0.00% errors=0 total=13663
[1371753431.656626] latency=5:5:5:6:173:(33)ms throughput=6rps rr=33.33% cr=0.00% errors=0 total=13669
[1371753432.660636] latency=4:5:6:34:251:(41)ms throughput=15rps rr=33.33% cr=0.00% errors=0 total=13684
[1371753433.664626] latency=4:5:9:153:422:(92)ms throughput=17rps rr=41.18% cr=0.00% errors=0 total=13701
[1371753434.668589] latency=5:5:8:71:215:(55)ms throughput=11rps rr=36.36% cr=0.00% errors=0 total=13712
[1371753435.672639] latency=4:5:6:131:324:(83)ms throughput=13rps rr=46.15% cr=0.00% errors=0 total=13725
[1371753436.676645] latency=5:5:8:94:264:(65)ms throughput=12rps rr=41.67% cr=0.00% errors=0 total=13737
[1371753437.684622] latency=4:5:8:76:281:(55)ms throughput=15rps rr=26.67% cr=0.00% errors=0 total=13752
[1371753438.688601] latency=5:6:75:209:239:(97)ms throughput=21rps rr=57.14% cr=0.00% errors=0 total=13773
[1371753439.692630] latency=5:9:53:84:235:(61)ms throughput=17rps rr=58.82% cr=0.00% errors=0 total=13790
[1371753440.696634] latency=3:5:57:170:522:(126)ms throughput=18rps rr=55.56% cr=0.00% errors=0 total=13808
[1371753441.700572] latency=6:8:31:99:423:(83)ms throughput=17rps rr=35.29% cr=0.00% errors=0 total=13825
[1371753442.704633] latency=8:16:133:509:1017:(303)ms throughput=19rps rr=47.37% cr=0.00% errors=0 total=13844
[1371753443.708628] latency=4:5:46:108:459:(77)ms throughput=20rps rr=50.00% cr=0.00% errors=0 total=13864
[1371753444.712621] latency=3:5:7:55:255:(56)ms throughput=15rps rr=33.33% cr=0.00% errors=0 total=13879
[1371753445.716637] latency=4:5:96:155:206:(89)ms throughput=13rps rr=53.85% cr=0.00% errors=0 total=13892
[1371753446.720628] latency=4:22:37:260:543:(138)ms throughput=18rps rr=55.56% cr=0.00% errors=0 total=13910
[1371753447.724629] latency=4:5:6:28:240:(33)ms throughput=19rps rr=31.58% cr=0.00% errors=0 total=13929
[1371753448.728637] latency=3:5:5:17:147:(23)ms throughput=20rps rr=25.00% cr=0.00% errors=0 total=13949
[1371753449.732640] latency=4:6:99:405:464:(198)ms throughput=12rps rr=58.33% cr=0.00% errors=0 total=13961
[1371753450.736637] latency=4:5:5:32:205:(34)ms throughput=19rps rr=31.58% cr=0.00% errors=0 total=13980
[1371753451.740621] latency=5:6:51:140:167:(71)ms throughput=8rps rr=37.50% cr=0.00% errors=0 total=13988
[1371753452.744639] latency=4:15:149:279:489:(172)ms throughput=16rps rr=62.50% cr=0.00% errors=0 total=14004
[1371753453.748639] latency=5:7:48:317:657:(192)ms throughput=13rps rr=46.15% cr=0.00% errors=0 total=14017
[1371753454.752627] latency=7:16:115:557:1315:(305)ms throughput=19rps rr=52.63% cr=0.00% errors=0 total=14036
[1371753455.756645] latency=3:7:73:200:650:(137)ms throughput=19rps rr=47.37% cr=0.00% errors=0 total=14055
[1371753456.760629] latency=3:5:19:84:221:(58)ms throughput=15rps rr=33.33% cr=0.00% errors=0 total=14070
[1371753457.764632] latency=6:32:115:483:996:(273)ms throughput=17rps rr=52.94% cr=0.00% errors=0 total=14087
[1371753458.768629] latency=4:12:58:234:623:(122)ms throughput=18rps rr=61.11% cr=0.00% errors=0 total=14105
[1371753459.772653] latency=5:9:112:227:484:(156)ms throughput=15rps rr=60.00% cr=0.00% errors=0 total=14120
[1371753460.780605] latency=4:5:8:68:258:(48)ms throughput=12rps rr=41.67% cr=0.00% errors=0 total=14132
[1371753461.784626] latency=5:5:34:363:655:(172)ms throughput=13rps rr=30.77% cr=0.00% errors=0 total=14145
[1371753462.788621] latency=6:26:53:555:721:(272)ms throughput=19rps rr=63.16% cr=0.00% errors=0 total=14164
[1371753463.792644] latency=8:34:148:345:891:(235)ms throughput=12rps rr=58.33% cr=0.00% errors=0 total=14176
[1371753464.796613] latency=4:11:60:800:1187:(372)ms throughput=15rps rr=40.00% cr=0.00% errors=0 total=14191
[1371753465.800686] latency=5:43:117:226:369:(149)ms throughput=13rps rr=61.54% cr=0.00% errors=0 total=14204
[1371753466.804632] latency=5:7:38:87:163:(54)ms throughput=8rps rr=62.50% cr=0.00% errors=0 total=14212
[1371753467.808574] latency=4:5:17:169:518:(124)ms throughput=19rps rr=42.11% cr=0.00% errors=0 total=14231
[1371753468.812626] latency=5:8:30:202:432:(102)ms throughput=14rps rr=42.86% cr=0.00% errors=0 total=14245
[1371753469.816635] latency=7:14:62:406:896:(233)ms throughput=18rps rr=44.44% cr=0.00% errors=0 total=14263
[1371753470.820627] latency=6:11:79:445:1192:(270)ms throughput=22rps rr=54.55% cr=0.00% errors=0 total=14285
[1371753471.824615] latency=3:5:7:66:267:(51)ms throughput=15rps rr=33.33% cr=0.00% errors=0 total=14300
[1371753472.828635] latency=4:22:362:509:858:(318)ms throughput=16rps rr=75.00% cr=0.00% errors=0 total=14316
[1371753473.832603] latency=5:5:6:7:102:(19)ms throughput=13rps rr=23.08% cr=0.00% errors=0 total=14329
[1371753474.836644] latency=4:5:7:55:166:(38)ms throughput=14rps rr=42.86% cr=0.00% errors=0 total=14343
[1371753475.840643] latency=5:11:73:322:763:(216)ms throughput=17rps rr=47.06% cr=0.00% errors=0 total=14360
[1371753476.844652] latency=4:5:8:232:537:(122)ms throughput=15rps rr=46.67% cr=0.00% errors=0 total=14375
[1371753477.848639] latency=3:8:58:282:551:(153)ms throughput=11rps rr=54.55% cr=0.00% errors=0 total=14386
[1371753478.852637] latency=4:13:74:473:1343:(352)ms throughput=15rps rr=46.67% cr=0.00% errors=0 total=14401
[1371753479.856665] latency=4:8:194:690:1140:(384)ms throughput=15rps rr=66.67% cr=0.00% errors=0 total=14416
[1371753480.860652] latency=5:39:165:286:388:(166)ms throughput=12rps rr=58.33% cr=0.00% errors=0 total=14428
[1371753481.864647] latency=4:5:6:47:181:(37)ms throughput=16rps rr=25.00% cr=0.00% errors=0 total=14444
[1371753482.868643] latency=4:5:5:8:118:(21)ms throughput=22rps rr=27.27% cr=0.00% errors=0 total=14466
[1371753483.872643] latency=5:6:8:92:211:(50)ms throughput=12rps rr=33.33% cr=0.00% errors=0 total=14478
[1371753484.876641] latency=5:7:9:120:294:(69)ms throughput=14rps rr=28.57% cr=0.00% errors=0 total=14492
[1371753485.880623] latency=4:5:6:20:552:(78)ms throughput=20rps rr=25.00% cr=0.00% errors=0 total=14512
[1371753486.884630] latency=5:7:61:289:663:(189)ms throughput=18rps rr=38.89% cr=0.00% errors=0 total=14530
[1371753487.888637] latency=4:5:6:7:268:(38)ms throughput=17rps rr=29.41% cr=0.00% errors=0 total=14547
[1371753488.892654] latency=4:5:6:215:280:(90)ms throughput=13rps rr=38.46% cr=0.00% errors=0 total=14560
[1371753489.896668] latency=5:5:6:46:335:(76)ms throughput=9rps rr=33.33% cr=0.00% errors=0 total=14569
[1371753490.900625] latency=4:5:5:6:460:(39)ms throughput=15rps rr=13.33% cr=0.00% errors=0 total=14584
[1371753491.904667] latency=4:5:6:9:113:(20)ms throughput=13rps rr=23.08% cr=0.00% errors=0 total=14597
[1371753492.908655] latency=4:5:10:132:237:(66)ms throughput=21rps rr=38.10% cr=0.00% errors=0 total=14618
[1371753493.912649] latency=3:5:7:66:425:(63)ms throughput=23rps rr=21.74% cr=0.00% errors=0 total=14641
[1371753494.916608] latency=4:5:16:68:327:(59)ms throughput=18rps rr=44.44% cr=0.00% errors=0 total=14659
[1371753495.920634] latency=3:5:8:58:271:(40)ms throughput=23rps rr=39.13% cr=0.00% errors=0 total=14682
[1371753496.924622] latency=4:5:37:119:365:(82)ms throughput=19rps rr=47.37% cr=0.00% errors=0 total=14701
[1371753497.928605] latency=6:7:20:78:448:(86)ms throughput=13rps rr=30.77% cr=0.00% errors=0 total=14714
[1371753498.932609] latency=4:6:67:438:755:(211)ms throughput=20rps rr=45.00% cr=0.00% errors=0 total=14734
[1371753499.936611] latency=5:10:80:560:884:(275)ms throughput=11rps rr=36.36% cr=0.00% errors=0 total=14745
[1371753500.940624] latency=6:62:578:925:1571:(621)ms throughput=11rps rr=81.82% cr=0.00% errors=0 total=14756
[1371753501.944618] latency=5:7:67:318:854:(179)ms throughput=20rps rr=50.00% cr=0.00% errors=0 total=14776
[1371753502.948630] latency=3:7:11:208:467:(133)ms throughput=13rps rr=38.46% cr=0.00% errors=0 total=14789
[1371753503.952645] latency=4:5:34:113:315:(76)ms throughput=14rps rr=42.86% cr=0.00% errors=0 total=14803
[1371753504.956648] latency=5:5:5:9:260:(37)ms throughput=13rps rr=30.77% cr=0.00% errors=0 total=14816
[1371753505.960628] latency=4:5:7:98:170:(49)ms throughput=8rps rr=37.50% cr=0.00% errors=0 total=14824
[1371753506.964635] latency=4:5:7:47:264:(37)ms throughput=18rps rr=38.89% cr=0.00% errors=0 total=14842
[1371753507.968612] latency=4:5:5:7:223:(22)ms throughput=17rps rr=11.76% cr=0.00% errors=0 total=14859
[1371753508.972616] latency=4:5:6:57:266:(50)ms throughput=14rps rr=35.71% cr=0.00% errors=0 total=14873
[1371753509.976573] latency=5:5:44:159:339:(89)ms throughput=16rps rr=43.75% cr=0.00% errors=0 total=14889
[1371753510.980610] latency=3:5:9:60:260:(49)ms throughput=13rps rr=46.15% cr=0.00% errors=0 total=14902
[1371753511.984627] latency=6:7:61:428:671:(205)ms throughput=16rps rr=50.00% cr=0.00% errors=0 total=14918
[1371753512.988625] latency=4:7:38:304:591:(147)ms throughput=19rps rr=42.11% cr=0.00% errors=0 total=14937
[1371753513.992631] latency=4:6:33:166:392:(94)ms throughput=19rps rr=52.63% cr=0.00% errors=0 total=14956
[1371753514.996613] latency=5:6:38:187:358:(107)ms throughput=14rps rr=42.86% cr=0.00% errors=0 total=14970
[1371753516.001402] latency=5:5:5:32:221:(44)ms throughput=11rps rr=27.27% cr=0.00% errors=0 total=14981
[1371753517.004614] latency=4:5:10:55:132:(37)ms throughput=15rps rr=46.67% cr=0.00% errors=0 total=14996
[1371753518.008634] latency=4:6:9:36:304:(50)ms throughput=18rps rr=38.89% cr=0.00% errors=0 total=15014
[1371753519.012643] latency=4:8:30:325:411:(133)ms throughput=13rps rr=38.46% cr=0.00% errors=0 total=15027
[1371753520.016622] latency=4:7:23:373:768:(177)ms throughput=21rps rr=42.86% cr=0.00% errors=0 total=15048
[1371753521.020630] latency=5:5:7:91:178:(42)ms throughput=20rps rr=35.00% cr=0.00% errors=0 total=15068
[1371753522.024634] latency=4:9:58:148:347:(100)ms throughput=14rps rr=35.71% cr=0.00% errors=0 total=15082
[1371753523.028653] latency=7:113:374:588:905:(364)ms throughput=10rps rr=70.00% cr=0.00% errors=0 total=15092
[1371753524.032631] latency=5:8:66:244:919:(173)ms throughput=20rps rr=45.00% cr=0.00% errors=0 total=15112
[1371753525.036633] latency=5:7:219:247:375:(157)ms throughput=11rps rr=81.82% cr=0.00% errors=0 total=15123
[1371753526.040644] latency=5:5:6:31:56:(18)ms throughput=11rps rr=36.36% cr=0.00% errors=0 total=15134
[1371753527.048621] latency=4:5:5:6:236:(35)ms throughput=11rps rr=18.18% cr=0.00% errors=0 total=15145
[1371753528.052640] latency=5:5:7:102:379:(72)ms throughput=14rps rr=42.86% cr=0.00% errors=0 total=15159
[1371753529.056602] latency=4:5:7:42:162:(35)ms throughput=14rps rr=35.71% cr=0.00% errors=0 total=15173
[1371753530.060605] latency=5:14:52:522:806:(226)ms throughput=19rps rr=42.11% cr=0.00% errors=0 total=15192
[1371753531.064619] latency=5:8:21:343:600:(159)ms throughput=21rps rr=42.86% cr=0.00% errors=0 total=15213
[1371753532.069312] latency=4:5:5:8:182:(39)ms throughput=14rps rr=21.43% cr=0.00% errors=0 total=15227
[1371753533.072648] latency=5:6:11:37:163:(39)ms throughput=13rps rr=46.15% cr=0.00% errors=0 total=15240
[1371753534.076698] latency=4:5:6:21:258:(39)ms throughput=14rps rr=28.57% cr=0.00% errors=0 total=15254
[1371753535.080651] latency=4:7:30:108:350:(89)ms throughput=17rps rr=52.94% cr=0.00% errors=0 total=15271
[1371753536.084634] latency=5:7:204:321:392:(185)ms throughput=11rps rr=63.64% cr=0.00% errors=0 total=15282
[1371753537.088629] latency=5:9:48:501:992:(266)ms throughput=16rps rr=43.75% cr=0.00% errors=0 total=15298
[1371753538.092591] latency=5:19:57:518:1906:(384)ms throughput=13rps rr=38.46% cr=0.00% errors=0 total=15311
[1371753539.096628] latency=6:9:397:1394:2679:(786)ms throughput=22rps rr=63.64% cr=0.00% errors=0 total=15333
[1371753540.100628] latency=6:15:101:668:2136:(422)ms throughput=16rps rr=50.00% cr=0.00% errors=0 total=15349
[1371753541.104611] latency=4:5:11:134:612:(105)ms throughput=25rps rr=32.00% cr=0.00% errors=0 total=15374
[1371753541.496237] latency=4:20:143:264:275:(142)ms throughput=10rps rr=75.00% cr=0.00% errors=0 total=15378
Got signal 2, cleaning up ...
[1371753541.553331] latency=126:63:126:126:126:(126)ms throughput=18rps rr=100.00% cr=0.00% errors=0 total=15379
