[1371752967.548663] latency=nan:nan:nan:nan:nan:(-nan)ms throughput=0rps rr=-nan% cr=-nan% errors=0 total=0
[1371752968.552661] latency=nan:nan:nan:nan:nan:(-nan)ms throughput=0rps rr=-nan% cr=-nan% errors=0 total=0
[1371752969.556639] latency=nan:nan:nan:nan:nan:(-nan)ms throughput=0rps rr=-nan% cr=-nan% errors=0 total=0
[1371752970.560648] latency=nan:nan:nan:nan:nan:(-nan)ms throughput=0rps rr=-nan% cr=-nan% errors=0 total=0
[1371752971.564667] latency=nan:nan:nan:nan:nan:(-nan)ms throughput=0rps rr=-nan% cr=-nan% errors=0 total=0
[1371752972.568672] latency=nan:nan:nan:nan:nan:(-nan)ms throughput=0rps rr=-nan% cr=-nan% errors=0 total=0
[1371752973.572665] latency=nan:nan:nan:nan:nan:(-nan)ms throughput=0rps rr=-nan% cr=-nan% errors=0 total=0
[1371752974.576640] latency=nan:nan:nan:nan:nan:(-nan)ms throughput=0rps rr=-nan% cr=-nan% errors=0 total=0
[1371752975.580660] latency=nan:nan:nan:nan:nan:(-nan)ms throughput=0rps rr=-nan% cr=-nan% errors=0 total=0
[1371752976.584639] latency=nan:nan:nan:nan:nan:(-nan)ms throughput=0rps rr=-nan% cr=-nan% errors=0 total=0
[1371752976.584901] set thinktime=0.100000
[1371752977.588691] latency=nan:nan:nan:nan:nan:(-nan)ms throughput=0rps rr=-nan% cr=-nan% errors=0 total=0
[1371752977.588866] set concurrency=1
[1371752978.592688] latency=3:3:4:9:14:(6)ms throughput=12rps rr=25.00% cr=25.00% errors=0 total=12
[1371752979.596738] latency=13:14:16:16:17:(15)ms throughput=7rps rr=100.00% cr=100.00% errors=0 total=19
[1371752980.600709] latency=9:12:13:15:18:(13)ms throughput=10rps rr=100.00% cr=100.00% errors=0 total=29
[1371752981.604718] latency=9:12:14:15:15:(13)ms throughput=8rps rr=100.00% cr=100.00% errors=0 total=37
[1371752982.608687] latency=10:12:13:16:17:(14)ms throughput=10rps rr=100.00% cr=100.00% errors=0 total=47
[1371752983.612697] latency=11:13:16:18:20:(16)ms throughput=13rps rr=100.00% cr=100.00% errors=0 total=60
[1371752984.616706] latency=12:14:14:17:17:(15)ms throughput=9rps rr=100.00% cr=100.00% errors=0 total=69
[1371752985.620692] latency=6:12:13:14:18:(13)ms throughput=15rps rr=100.00% cr=100.00% errors=0 total=84
[1371752986.624705] latency=11:11:14:16:18:(14)ms throughput=7rps rr=100.00% cr=100.00% errors=0 total=91
[1371752987.628715] latency=10:12:14:17:20:(14)ms throughput=10rps rr=100.00% cr=100.00% errors=0 total=101
[1371752988.632685] latency=10:12:14:17:18:(14)ms throughput=10rps rr=100.00% cr=100.00% errors=0 total=111
[1371752989.636702] latency=13:15:16:17:17:(16)ms throughput=6rps rr=100.00% cr=100.00% errors=0 total=117
[1371752990.640692] latency=8:10:13:14:15:(13)ms throughput=11rps rr=100.00% cr=100.00% errors=0 total=128
[1371752991.644746] latency=11:12:15:15:17:(14)ms throughput=6rps rr=100.00% cr=100.00% errors=0 total=134
[1371752992.648677] latency=9:13:13:14:17:(13)ms throughput=9rps rr=100.00% cr=100.00% errors=0 total=143
[1371752993.652701] latency=9:14:15:17:19:(15)ms throughput=8rps rr=100.00% cr=100.00% errors=0 total=151
[1371752994.656634] latency=12:13:15:15:17:(14)ms throughput=8rps rr=100.00% cr=100.00% errors=0 total=159
[1371752995.660620] latency=10:15:16:18:18:(16)ms throughput=6rps rr=100.00% cr=100.00% errors=0 total=165
[1371752996.664646] latency=12:12:14:16:18:(14)ms throughput=12rps rr=100.00% cr=100.00% errors=0 total=177
[1371752997.668635] latency=10:11:12:14:18:(13)ms throughput=11rps rr=100.00% cr=100.00% errors=0 total=188
[1371752998.672638] latency=10:12:13:14:17:(13)ms throughput=8rps rr=100.00% cr=100.00% errors=0 total=196
[1371752999.676658] latency=9:13:16:17:17:(15)ms throughput=8rps rr=100.00% cr=100.00% errors=0 total=204
[1371753000.680628] latency=13:13:15:15:17:(15)ms throughput=9rps rr=100.00% cr=100.00% errors=0 total=213
[1371753001.684628] latency=9:12:14:16:19:(14)ms throughput=12rps rr=100.00% cr=100.00% errors=0 total=225
[1371753002.688646] latency=10:11:15:16:18:(15)ms throughput=7rps rr=100.00% cr=100.00% errors=0 total=232
[1371753003.692639] latency=9:12:14:17:19:(14)ms throughput=9rps rr=100.00% cr=100.00% errors=0 total=241
[1371753004.696628] latency=15:16:16:18:18:(17)ms throughput=6rps rr=100.00% cr=100.00% errors=0 total=247
[1371753005.700643] latency=11:11:15:17:17:(14)ms throughput=11rps rr=100.00% cr=100.00% errors=0 total=258
[1371753006.704672] latency=10:12:14:15:17:(14)ms throughput=13rps rr=100.00% cr=100.00% errors=0 total=271
[1371753007.708646] latency=11:12:15:17:18:(15)ms throughput=6rps rr=100.00% cr=100.00% errors=0 total=277
[1371753008.712617] latency=11:13:14:17:18:(14)ms throughput=10rps rr=100.00% cr=100.00% errors=0 total=287
[1371753009.716624] latency=10:11:13:15:18:(13)ms throughput=10rps rr=100.00% cr=100.00% errors=0 total=297
[1371753010.720637] latency=9:11:12:14:21:(13)ms throughput=14rps rr=100.00% cr=100.00% errors=0 total=311
[1371753011.724629] latency=10:11:14:16:17:(13)ms throughput=12rps rr=100.00% cr=100.00% errors=0 total=323
[1371753012.728637] latency=9:12:15:17:19:(14)ms throughput=8rps rr=100.00% cr=100.00% errors=0 total=331
[1371753013.732640] latency=11:13:14:15:20:(14)ms throughput=8rps rr=100.00% cr=100.00% errors=0 total=339
[1371753014.736653] latency=9:11:14:15:20:(14)ms throughput=10rps rr=100.00% cr=100.00% errors=0 total=349
[1371753015.740644] latency=11:12:14:15:18:(14)ms throughput=9rps rr=100.00% cr=100.00% errors=0 total=358
[1371753016.744637] latency=12:13:16:18:21:(16)ms throughput=9rps rr=100.00% cr=100.00% errors=0 total=367
[1371753017.748644] latency=10:14:16:17:21:(16)ms throughput=10rps rr=100.00% cr=100.00% errors=0 total=377
[1371753018.752642] latency=10:11:14:15:16:(13)ms throughput=9rps rr=100.00% cr=100.00% errors=0 total=386
[1371753019.756643] latency=10:11:14:14:19:(13)ms throughput=13rps rr=100.00% cr=100.00% errors=0 total=399
[1371753020.760632] latency=11:12:14:16:18:(14)ms throughput=10rps rr=100.00% cr=100.00% errors=0 total=409
[1371753021.764636] latency=11:13:15:17:19:(15)ms throughput=10rps rr=100.00% cr=100.00% errors=0 total=419
[1371753022.768641] latency=12:13:13:14:19:(14)ms throughput=10rps rr=100.00% cr=100.00% errors=0 total=429
[1371753023.772644] latency=8:12:14:17:17:(14)ms throughput=8rps rr=100.00% cr=100.00% errors=0 total=437
[1371753024.776676] latency=8:10:11:13:18:(12)ms throughput=10rps rr=100.00% cr=100.00% errors=0 total=447
[1371753025.780637] latency=11:12:13:14:15:(13)ms throughput=7rps rr=100.00% cr=100.00% errors=0 total=454
[1371753026.784666] latency=14:15:16:17:18:(16)ms throughput=8rps rr=100.00% cr=100.00% errors=0 total=462
[1371753027.788650] latency=9:11:15:17:19:(14)ms throughput=9rps rr=100.00% cr=100.00% errors=0 total=471
[1371753028.792648] latency=11:13:14:15:18:(14)ms throughput=10rps rr=100.00% cr=100.00% errors=0 total=481
[1371753029.796633] latency=10:12:14:15:17:(13)ms throughput=11rps rr=100.00% cr=100.00% errors=0 total=492
[1371753030.800649] latency=10:13:14:17:19:(15)ms throughput=14rps rr=100.00% cr=100.00% errors=0 total=506
[1371753031.804671] latency=11:13:14:16:18:(14)ms throughput=7rps rr=100.00% cr=100.00% errors=0 total=513
[1371753032.808864] latency=9:11:12:15:19:(13)ms throughput=12rps rr=100.00% cr=100.00% errors=0 total=525
[1371753033.812701] latency=10:12:15:15:18:(14)ms throughput=14rps rr=100.00% cr=100.00% errors=0 total=539
[1371753034.816653] latency=12:13:16:19:20:(16)ms throughput=7rps rr=100.00% cr=100.00% errors=0 total=546
[1371753035.820629] latency=10:13:15:15:18:(14)ms throughput=9rps rr=100.00% cr=100.00% errors=0 total=555
[1371753036.824653] latency=9:10:13:15:17:(13)ms throughput=12rps rr=100.00% cr=100.00% errors=0 total=567
[1371753037.828633] latency=11:12:14:17:17:(14)ms throughput=7rps rr=100.00% cr=100.00% errors=0 total=574
[1371753038.832632] latency=12:13:14:16:18:(14)ms throughput=8rps rr=100.00% cr=100.00% errors=0 total=582
[1371753039.836655] latency=6:11:14:15:18:(13)ms throughput=11rps rr=100.00% cr=100.00% errors=0 total=593
[1371753040.840656] latency=9:10:13:13:16:(13)ms throughput=5rps rr=100.00% cr=100.00% errors=0 total=598
[1371753041.844643] latency=10:11:13:16:17:(14)ms throughput=11rps rr=100.00% cr=100.00% errors=0 total=609
[1371753042.848658] latency=11:13:15:16:17:(14)ms throughput=14rps rr=100.00% cr=100.00% errors=0 total=623
[1371753043.852660] latency=11:12:14:15:17:(14)ms throughput=10rps rr=100.00% cr=100.00% errors=0 total=633
[1371753044.856642] latency=10:13:14:16:19:(14)ms throughput=10rps rr=100.00% cr=100.00% errors=0 total=643
[1371753045.860635] latency=10:10:13:15:17:(13)ms throughput=10rps rr=100.00% cr=100.00% errors=0 total=653
[1371753046.864633] latency=12:13:14:15:16:(14)ms throughput=8rps rr=100.00% cr=100.00% errors=0 total=661
[1371753047.868626] latency=9:12:13:17:18:(14)ms throughput=6rps rr=100.00% cr=100.00% errors=0 total=667
[1371753048.872611] latency=9:12:14:15:15:(13)ms throughput=10rps rr=100.00% cr=100.00% errors=0 total=677
[1371753049.876628] latency=9:11:12:13:18:(13)ms throughput=10rps rr=100.00% cr=100.00% errors=0 total=687
[1371753050.880617] latency=9:10:13:14:19:(13)ms throughput=9rps rr=100.00% cr=100.00% errors=0 total=696
[1371753051.884655] latency=9:11:14:18:19:(14)ms throughput=8rps rr=100.00% cr=100.00% errors=0 total=704
[1371753052.888663] latency=10:11:14:16:18:(14)ms throughput=8rps rr=100.00% cr=100.00% errors=0 total=712
[1371753053.892619] latency=13:14:15:15:18:(15)ms throughput=9rps rr=100.00% cr=100.00% errors=0 total=721
[1371753054.896645] latency=13:14:14:16:20:(15)ms throughput=10rps rr=100.00% cr=100.00% errors=0 total=731
[1371753055.900658] latency=10:12:14:15:17:(14)ms throughput=10rps rr=100.00% cr=100.00% errors=0 total=741
[1371753056.904632] latency=12:12:13:16:20:(14)ms throughput=6rps rr=100.00% cr=100.00% errors=0 total=747
[1371753057.908605] latency=10:11:15:17:18:(14)ms throughput=7rps rr=100.00% cr=100.00% errors=0 total=754
[1371753058.912625] latency=9:12:15:16:17:(14)ms throughput=12rps rr=100.00% cr=100.00% errors=0 total=766
[1371753059.916622] latency=10:11:13:15:17:(13)ms throughput=10rps rr=100.00% cr=100.00% errors=0 total=776
[1371753060.920651] latency=9:11:14:17:63:(18)ms throughput=11rps rr=100.00% cr=100.00% errors=0 total=787
[1371753061.924664] latency=11:11:13:14:16:(13)ms throughput=7rps rr=100.00% cr=100.00% errors=0 total=794
[1371753062.928631] latency=12:12:13:16:22:(15)ms throughput=6rps rr=100.00% cr=100.00% errors=0 total=800
[1371753063.932620] latency=10:11:14:16:17:(13)ms throughput=7rps rr=100.00% cr=100.00% errors=0 total=807
[1371753064.936641] latency=12:12:13:15:17:(14)ms throughput=9rps rr=100.00% cr=100.00% errors=0 total=816
[1371753065.940614] latency=11:13:15:17:18:(15)ms throughput=9rps rr=100.00% cr=100.00% errors=0 total=825
[1371753066.944620] latency=11:12:14:17:18:(14)ms throughput=6rps rr=100.00% cr=100.00% errors=0 total=831
[1371753067.948652] latency=9:12:12:13:18:(13)ms throughput=12rps rr=100.00% cr=100.00% errors=0 total=843
[1371753068.952632] latency=10:13:16:16:21:(15)ms throughput=9rps rr=100.00% cr=100.00% errors=0 total=852
[1371753069.956624] latency=11:12:15:16:20:(15)ms throughput=11rps rr=100.00% cr=100.00% errors=0 total=863
[1371753070.960622] latency=10:13:14:16:16:(14)ms throughput=9rps rr=100.00% cr=100.00% errors=0 total=872
[1371753071.964664] latency=10:13:15:17:18:(15)ms throughput=10rps rr=100.00% cr=100.00% errors=0 total=882
[1371753072.968613] latency=13:14:15:15:16:(15)ms throughput=4rps rr=100.00% cr=100.00% errors=0 total=886
[1371753073.972664] latency=9:12:13:15:19:(14)ms throughput=17rps rr=100.00% cr=100.00% errors=0 total=903
[1371753074.976619] latency=12:12:13:14:17:(14)ms throughput=5rps rr=100.00% cr=100.00% errors=0 total=908
[1371753075.980619] latency=10:12:14:15:16:(14)ms throughput=4rps rr=100.00% cr=100.00% errors=0 total=912
[1371753076.984610] latency=12:13:14:16:18:(15)ms throughput=7rps rr=100.00% cr=100.00% errors=0 total=919
[1371753077.988630] latency=10:15:17:18:19:(16)ms throughput=8rps rr=100.00% cr=100.00% errors=0 total=927
[1371753078.992642] latency=6:11:15:16:21:(14)ms throughput=13rps rr=100.00% cr=100.00% errors=0 total=940
[1371753079.996629] latency=14:15:16:16:17:(15)ms throughput=8rps rr=100.00% cr=100.00% errors=0 total=948
[1371753081.000620] latency=11:13:14:16:18:(14)ms throughput=12rps rr=100.00% cr=100.00% errors=0 total=960
[1371753082.004639] latency=11:12:14:16:19:(14)ms throughput=6rps rr=100.00% cr=100.00% errors=0 total=966
[1371753083.008660] latency=11:13:18:19:20:(16)ms throughput=6rps rr=100.00% cr=100.00% errors=0 total=972
[1371753084.012629] latency=11:12:13:15:19:(14)ms throughput=10rps rr=100.00% cr=100.00% errors=0 total=982
[1371753085.016640] latency=14:15:17:19:21:(17)ms throughput=8rps rr=100.00% cr=100.00% errors=0 total=990
[1371753086.020633] latency=11:12:13:15:17:(13)ms throughput=12rps rr=100.00% cr=100.00% errors=0 total=1002
[1371753087.024624] latency=10:11:13:15:19:(14)ms throughput=11rps rr=100.00% cr=100.00% errors=0 total=1013
[1371753088.028628] latency=10:13:16:16:18:(15)ms throughput=7rps rr=100.00% cr=100.00% errors=0 total=1020
[1371753089.032634] latency=10:12:15:16:19:(15)ms throughput=14rps rr=100.00% cr=100.00% errors=0 total=1034
[1371753090.036628] latency=8:12:15:17:19:(15)ms throughput=8rps rr=100.00% cr=100.00% errors=0 total=1042
[1371753091.040619] latency=12:14:15:16:19:(16)ms throughput=9rps rr=100.00% cr=100.00% errors=0 total=1051
[1371753092.044619] latency=8:10:12:13:17:(12)ms throughput=9rps rr=100.00% cr=100.00% errors=0 total=1060
[1371753093.048638] latency=9:14:16:17:20:(15)ms throughput=12rps rr=100.00% cr=100.00% errors=0 total=1072
[1371753094.052645] latency=7:10:13:15:18:(12)ms throughput=10rps rr=100.00% cr=100.00% errors=0 total=1082
[1371753095.056620] latency=12:13:14:15:18:(14)ms throughput=10rps rr=100.00% cr=100.00% errors=0 total=1092
[1371753096.060658] latency=14:15:16:18:20:(16)ms throughput=6rps rr=100.00% cr=100.00% errors=0 total=1098
[1371753097.064627] latency=11:13:16:17:18:(15)ms throughput=4rps rr=100.00% cr=100.00% errors=0 total=1102
[1371753098.068628] latency=12:12:13:13:16:(13)ms throughput=7rps rr=100.00% cr=100.00% errors=0 total=1109
[1371753099.072633] latency=9:11:14:16:20:(14)ms throughput=12rps rr=100.00% cr=100.00% errors=0 total=1121
[1371753100.076624] latency=11:12:13:15:17:(14)ms throughput=5rps rr=100.00% cr=100.00% errors=0 total=1126
[1371753101.080634] latency=11:13:14:16:16:(14)ms throughput=10rps rr=100.00% cr=100.00% errors=0 total=1136
[1371753102.084637] latency=8:12:13:14:18:(13)ms throughput=11rps rr=100.00% cr=100.00% errors=0 total=1147
[1371753103.088632] latency=11:13:15:18:19:(15)ms throughput=6rps rr=100.00% cr=100.00% errors=0 total=1153
[1371753104.092631] latency=11:12:15:17:19:(15)ms throughput=7rps rr=100.00% cr=100.00% errors=0 total=1160
[1371753105.100634] latency=10:12:14:19:21:(15)ms throughput=11rps rr=100.00% cr=100.00% errors=0 total=1171
[1371753106.104669] latency=10:12:14:17:20:(14)ms throughput=14rps rr=100.00% cr=100.00% errors=0 total=1185
[1371753107.108631] latency=11:12:14:16:17:(14)ms throughput=12rps rr=100.00% cr=100.00% errors=0 total=1197
[1371753108.112635] latency=12:13:15:17:19:(15)ms throughput=6rps rr=100.00% cr=100.00% errors=0 total=1203
[1371753109.116632] latency=9:12:14:15:17:(13)ms throughput=10rps rr=100.00% cr=100.00% errors=0 total=1213
[1371753110.120626] latency=10:12:13:17:19:(14)ms throughput=8rps rr=100.00% cr=100.00% errors=0 total=1221
[1371753111.124626] latency=8:12:13:15:21:(14)ms throughput=8rps rr=100.00% cr=100.00% errors=0 total=1229
[1371753112.128621] latency=7:12:14:18:20:(14)ms throughput=8rps rr=100.00% cr=100.00% errors=0 total=1237
[1371753113.132625] latency=9:12:13:15:16:(13)ms throughput=6rps rr=100.00% cr=100.00% errors=0 total=1243
[1371753114.136625] latency=9:12:14:15:16:(13)ms throughput=9rps rr=100.00% cr=100.00% errors=0 total=1252
[1371753115.140619] latency=9:11:13:16:20:(14)ms throughput=9rps rr=100.00% cr=100.00% errors=0 total=1261
[1371753116.144665] latency=9:11:14:16:18:(14)ms throughput=9rps rr=100.00% cr=100.00% errors=0 total=1270
[1371753117.148643] latency=12:12:14:17:18:(14)ms throughput=8rps rr=100.00% cr=100.00% errors=0 total=1278
[1371753118.152650] latency=12:13:15:16:18:(15)ms throughput=8rps rr=100.00% cr=100.00% errors=0 total=1286
[1371753119.156622] latency=8:10:14:16:19:(14)ms throughput=13rps rr=100.00% cr=100.00% errors=0 total=1299
[1371753120.160634] latency=11:13:16:19:21:(16)ms throughput=8rps rr=100.00% cr=100.00% errors=0 total=1307
[1371753121.164637] latency=11:13:14:17:18:(15)ms throughput=10rps rr=100.00% cr=100.00% errors=0 total=1317
[1371753122.168641] latency=10:13:14:15:17:(14)ms throughput=12rps rr=100.00% cr=100.00% errors=0 total=1329
[1371753123.172635] latency=13:13:15:16:17:(15)ms throughput=7rps rr=100.00% cr=100.00% errors=0 total=1336
[1371753124.176633] latency=12:13:14:16:18:(15)ms throughput=5rps rr=100.00% cr=100.00% errors=0 total=1341
[1371753125.180619] latency=9:11:13:15:17:(13)ms throughput=11rps rr=100.00% cr=100.00% errors=0 total=1352
[1371753126.184625] latency=10:11:12:17:20:(14)ms throughput=11rps rr=100.00% cr=100.00% errors=0 total=1363
[1371753127.188647] latency=10:11:13:15:18:(13)ms throughput=7rps rr=100.00% cr=100.00% errors=0 total=1370
[1371753128.192631] latency=10:13:14:16:18:(14)ms throughput=8rps rr=100.00% cr=100.00% errors=0 total=1378
[1371753129.196663] latency=9:11:12:16:19:(13)ms throughput=16rps rr=100.00% cr=100.00% errors=0 total=1394
[1371753130.200635] latency=10:11:13:14:15:(13)ms throughput=9rps rr=100.00% cr=100.00% errors=0 total=1403
[1371753131.204628] latency=12:13:14:15:16:(14)ms throughput=6rps rr=100.00% cr=100.00% errors=0 total=1409
[1371753132.208647] latency=10:11:13:14:20:(14)ms throughput=5rps rr=100.00% cr=100.00% errors=0 total=1414
[1371753133.212632] latency=8:9:12:38:62:(24)ms throughput=4rps rr=100.00% cr=100.00% errors=0 total=1418
[1371753134.216634] latency=12:13:15:17:19:(15)ms throughput=9rps rr=100.00% cr=100.00% errors=0 total=1427
[1371753135.220639] latency=10:12:13:16:17:(14)ms throughput=11rps rr=100.00% cr=100.00% errors=0 total=1438
[1371753136.224622] latency=14:14:17:18:20:(17)ms throughput=7rps rr=100.00% cr=100.00% errors=0 total=1445
[1371753137.228633] latency=11:12:17:18:20:(16)ms throughput=10rps rr=100.00% cr=100.00% errors=0 total=1455
[1371753138.232642] latency=12:13:15:17:19:(15)ms throughput=8rps rr=100.00% cr=100.00% errors=0 total=1463
[1371753139.236625] latency=9:12:15:18:19:(15)ms throughput=12rps rr=100.00% cr=100.00% errors=0 total=1475
[1371753140.240638] latency=12:12:16:19:19:(16)ms throughput=2rps rr=100.00% cr=100.00% errors=0 total=1477
[1371753141.244608] latency=11:13:15:16:20:(15)ms throughput=8rps rr=100.00% cr=100.00% errors=0 total=1485
[1371753142.248607] latency=10:12:15:16:18:(15)ms throughput=11rps rr=100.00% cr=100.00% errors=0 total=1496
[1371753143.252618] latency=12:12:13:15:18:(14)ms throughput=7rps rr=100.00% cr=100.00% errors=0 total=1503
[1371753144.256643] latency=9:12:14:14:21:(14)ms throughput=9rps rr=100.00% cr=100.00% errors=0 total=1512
[1371753145.260639] latency=12:12:16:17:19:(15)ms throughput=9rps rr=100.00% cr=100.00% errors=0 total=1521
[1371753146.264658] latency=9:12:13:17:18:(14)ms throughput=6rps rr=100.00% cr=100.00% errors=0 total=1527
[1371753147.268645] latency=10:12:13:13:18:(13)ms throughput=7rps rr=100.00% cr=100.00% errors=0 total=1534
[1371753148.272639] latency=10:10:11:12:12:(11)ms throughput=4rps rr=100.00% cr=100.00% errors=0 total=1538
[1371753149.276640] latency=12:13:14:16:18:(15)ms throughput=10rps rr=100.00% cr=100.00% errors=0 total=1548
[1371753150.280630] latency=11:12:14:16:20:(15)ms throughput=11rps rr=100.00% cr=100.00% errors=0 total=1559
[1371753151.284635] latency=12:14:16:17:20:(16)ms throughput=7rps rr=100.00% cr=100.00% errors=0 total=1566
[1371753152.288620] latency=14:15:15:16:19:(16)ms throughput=11rps rr=100.00% cr=100.00% errors=0 total=1577
[1371753153.292634] latency=9:12:14:15:18:(14)ms throughput=10rps rr=100.00% cr=100.00% errors=0 total=1587
[1371753154.308643] latency=10:11:13:16:17:(13)ms throughput=9rps rr=100.00% cr=100.00% errors=0 total=1596
[1371753155.312646] latency=11:12:13:15:15:(13)ms throughput=6rps rr=100.00% cr=100.00% errors=0 total=1602
[1371753156.316638] latency=10:11:14:16:18:(14)ms throughput=10rps rr=100.00% cr=100.00% errors=0 total=1612
[1371753157.320644] latency=10:12:16:18:19:(15)ms throughput=9rps rr=100.00% cr=100.00% errors=0 total=1621
[1371753158.324658] latency=12:13:16:16:18:(15)ms throughput=5rps rr=100.00% cr=100.00% errors=0 total=1626
[1371753159.328632] latency=10:14:14:16:18:(14)ms throughput=6rps rr=100.00% cr=100.00% errors=0 total=1632
[1371753160.332627] latency=13:14:15:15:19:(15)ms throughput=9rps rr=100.00% cr=100.00% errors=0 total=1641
[1371753161.336667] latency=7:10:12:14:14:(12)ms throughput=7rps rr=100.00% cr=100.00% errors=0 total=1648
[1371753162.340644] latency=12:13:15:17:18:(15)ms throughput=8rps rr=100.00% cr=100.00% errors=0 total=1656
[1371753163.344644] latency=8:11:14:15:18:(13)ms throughput=12rps rr=100.00% cr=100.00% errors=0 total=1668
[1371753164.348635] latency=11:12:15:18:18:(15)ms throughput=6rps rr=100.00% cr=100.00% errors=0 total=1674
[1371753165.352615] latency=10:11:13:17:18:(14)ms throughput=10rps rr=100.00% cr=100.00% errors=0 total=1684
[1371753166.356635] latency=13:13:16:18:18:(16)ms throughput=2rps rr=100.00% cr=100.00% errors=0 total=1686
[1371753167.360634] latency=13:13:13:14:19:(15)ms throughput=5rps rr=100.00% cr=100.00% errors=0 total=1691
[1371753168.364627] latency=11:11:13:14:14:(13)ms throughput=6rps rr=100.00% cr=100.00% errors=0 total=1697
[1371753169.368635] latency=17:18:19:20:20:(19)ms throughput=4rps rr=100.00% cr=100.00% errors=0 total=1701
[1371753170.372625] latency=10:11:14:17:19:(14)ms throughput=8rps rr=100.00% cr=100.00% errors=0 total=1709
[1371753171.376622] latency=6:9:13:16:19:(13)ms throughput=7rps rr=100.00% cr=100.00% errors=0 total=1716
[1371753172.380632] latency=10:11:14:18:20:(15)ms throughput=9rps rr=100.00% cr=100.00% errors=0 total=1725
[1371753173.384628] latency=12:12:15:18:19:(15)ms throughput=9rps rr=100.00% cr=100.00% errors=0 total=1734
[1371753174.388635] latency=9:12:14:17:18:(14)ms throughput=12rps rr=100.00% cr=100.00% errors=0 total=1746
[1371753175.392627] latency=11:13:13:16:18:(14)ms throughput=7rps rr=100.00% cr=100.00% errors=0 total=1753
[1371753176.396627] latency=11:13:13:15:19:(14)ms throughput=12rps rr=100.00% cr=100.00% errors=0 total=1765
[1371753177.400652] latency=12:13:14:17:17:(15)ms throughput=9rps rr=100.00% cr=100.00% errors=0 total=1774
[1371753177.400811] set concurrency=100
[1371753178.456625] latency=nan:nan:nan:nan:nan:(-nan)ms throughput=0rps rr=-nan% cr=-nan% errors=0 total=1774
[1371753179.460645] latency=1236:1472:1731:1847:1994:(1675)ms throughput=45rps rr=100.00% cr=100.00% errors=0 total=1819
[1371753180.464652] latency=279:1989:2205:2480:2983:(2081)ms throughput=54rps rr=88.89% cr=88.89% errors=0 total=1873
[1371753181.468642] latency=233:1278:2044:3191:3894:(2145)ms throughput=27rps rr=77.78% cr=77.78% errors=0 total=1900
[1371753182.472643] latency=163:1498:2218:2687:3116:(1955)ms throughput=54rps rr=79.63% cr=72.22% errors=0 total=1954
[1371753183.476692] latency=69:675:1420:2326:4023:(1551)ms throughput=113rps rr=75.22% cr=60.18% errors=0 total=2067
[1371753184.480646] latency=23:244:582:765:4069:(605)ms throughput=137rps rr=68.12% cr=47.10% errors=0 total=2205
[1371753185.484636] latency=21:218:577:842:1716:(572)ms throughput=181rps rr=59.89% cr=38.46% errors=0 total=2387
[1371753186.488646] latency=28:188:531:723:1873:(497)ms throughput=156rps rr=56.05% cr=33.76% errors=0 total=2544
[1371753187.492655] latency=13:160:440:712:1611:(470)ms throughput=182rps rr=52.46% cr=29.51% errors=0 total=2727
[1371753188.496695] latency=14:116:298:578:2048:(399)ms throughput=213rps rr=42.99% cr=21.96% errors=0 total=2941
[1371753189.500644] latency=5:31:140:323:1835:(220)ms throughput=300rps rr=46.84% cr=19.93% errors=0 total=3242
[1371753190.504640] latency=6:73:178:313:2791:(238)ms throughput=344rps rr=42.32% cr=15.94% errors=0 total=3587
[1371753191.508790] latency=5:38:127:260:1884:(174)ms throughput=360rps rr=32.96% cr=12.19% errors=0 total=3948
[1371753192.512627] latency=4:38:137:247:1280:(171)ms throughput=373rps rr=30.21% cr=11.76% errors=0 total=4322
[1371753193.516623] latency=4:30:110:237:1491:(165)ms throughput=394rps rr=30.05% cr=9.09% errors=0 total=4718
[1371753194.520650] latency=4:12:80:168:699:(125)ms throughput=449rps rr=28.38% cr=7.32% errors=0 total=5169
[1371753195.524624] latency=4:30:125:208:2082:(151)ms throughput=374rps rr=25.07% cr=7.47% errors=0 total=5544
[1371753196.528660] latency=4:11:81:157:1956:(120)ms throughput=508rps rr=24.71% cr=6.86% errors=0 total=6054
[1371753197.534502] latency=4:8:55:138:650:(90)ms throughput=523rps rr=21.10% cr=4.18% errors=0 total=6580
[1371753198.536624] latency=4:8:53:136:587:(92)ms throughput=547rps rr=21.17% cr=3.10% errors=0 total=7128
[1371753199.540656] latency=3:8:53:136:532:(90)ms throughput=562rps rr=18.97% cr=2.84% errors=0 total=7692
[1371753200.544652] latency=2:8:41:92:673:(70)ms throughput=597rps rr=15.86% cr=2.34% errors=0 total=8291
[1371753201.548663] latency=2:8:44:118:386:(74)ms throughput=560rps rr=17.44% cr=3.20% errors=0 total=8853
[1371753202.552683] latency=3:8:37:95:668:(64)ms throughput=633rps rr=17.61% cr=2.20% errors=0 total=9489
[1371753203.556645] latency=3:8:34:89:655:(61)ms throughput=573rps rr=13.57% cr=2.78% errors=0 total=10064
[1371753204.560725] latency=3:8:35:98:1232:(71)ms throughput=619rps rr=16.08% cr=3.22% errors=0 total=10686
[1371753205.564676] latency=4:12:47:99:587:(74)ms throughput=562rps rr=16.13% cr=2.66% errors=0 total=11250
[1371753206.568673] latency=3:17:77:136:919:(105)ms throughput=495rps rr=18.51% cr=1.41% errors=0 total=11747
[1371753207.572670] latency=4:11:54:110:1074:(85)ms throughput=525rps rr=17.27% cr=2.66% errors=0 total=12274
[1371753208.576653] latency=2:8:39:95:1556:(72)ms throughput=584rps rr=15.19% cr=2.73% errors=0 total=12860
[1371753209.580663] latency=3:9:48:95:874:(67)ms throughput=608rps rr=12.79% cr=1.31% errors=0 total=13470
[1371753210.584696] latency=2:6:26:81:608:(52)ms throughput=611rps rr=11.42% cr=1.79% errors=0 total=14083
[1371753211.588664] latency=3:7:24:78:465:(55)ms throughput=596rps rr=11.87% cr=1.17% errors=0 total=14681
[1371753212.592667] latency=4:10:47:98:758:(74)ms throughput=560rps rr=11.57% cr=1.60% errors=0 total=15243
[1371753213.596673] latency=4:12:55:100:831:(76)ms throughput=555rps rr=13.11% cr=1.26% errors=0 total=15800
[1371753214.600701] latency=4:11:55:112:861:(79)ms throughput=595rps rr=11.39% cr=0.50% errors=0 total=16397
[1371753215.604676] latency=4:12:45:91:634:(63)ms throughput=577rps rr=10.19% cr=1.21% errors=0 total=16976
[1371753216.608713] latency=3:15:55:131:941:(89)ms throughput=501rps rr=9.34% cr=1.59% errors=0 total=17479
[1371753217.612677] latency=2:8:38:111:753:(75)ms throughput=578rps rr=8.97% cr=1.21% errors=0 total=18059
[1371753218.616700] latency=3:8:36:93:1171:(67)ms throughput=624rps rr=8.93% cr=1.75% errors=0 total=18686
[1371753219.620655] latency=2:8:34:93:515:(61)ms throughput=620rps rr=10.13% cr=1.29% errors=0 total=19308
[1371753220.624670] latency=3:8:27:91:461:(57)ms throughput=641rps rr=8.85% cr=1.09% errors=0 total=19952
[1371753221.628694] latency=3:8:29:81:372:(51)ms throughput=620rps rr=8.52% cr=1.13% errors=0 total=20574
[1371753222.632705] latency=2:7:17:68:540:(44)ms throughput=687rps rr=5.94% cr=1.16% errors=0 total=21264
[1371753223.636675] latency=2:6:13:61:543:(44)ms throughput=660rps rr=7.54% cr=0.15% errors=0 total=21927
[1371753224.640670] latency=3:6:18:62:1007:(44)ms throughput=686rps rr=6.97% cr=0.44% errors=0 total=22616
[1371753225.644688] latency=3:8:26:73:705:(47)ms throughput=671rps rr=6.97% cr=0.15% errors=0 total=23290
[1371753226.648700] latency=3:9:29:85:766:(59)ms throughput=632rps rr=8.82% cr=0.79% errors=0 total=23925
[1371753227.652678] latency=4:8:37:107:807:(73)ms throughput=596rps rr=7.19% cr=0.17% errors=0 total=24523
[1371753228.656704] latency=3:6:15:57:548:(42)ms throughput=739rps rr=6.87% cr=0.81% errors=0 total=25265
[1371753229.660656] latency=2:7:18:65:432:(46)ms throughput=666rps rr=7.62% cr=0.15% errors=0 total=25934
[1371753230.664684] latency=2:6:12:46:590:(36)ms throughput=750rps rr=7.17% cr=0.40% errors=0 total=26687
[1371753231.668663] latency=3:6:14:55:233:(38)ms throughput=649rps rr=7.06% cr=0.15% errors=0 total=27339
[1371753232.672694] latency=2:7:22:75:362:(48)ms throughput=713rps rr=7.96% cr=0.70% errors=0 total=28055
[1371753233.676682] latency=2:3:6:20:319:(26)ms throughput=775rps rr=6.04% cr=0.51% errors=0 total=28833
[1371753234.680651] latency=2:4:7:26:300:(24)ms throughput=859rps rr=6.26% cr=0.70% errors=0 total=29695
[1371753235.684703] latency=2:4:7:31:265:(27)ms throughput=792rps rr=6.42% cr=0.25% errors=0 total=30490
[1371753236.688650] latency=2:4:6:18:162:(19)ms throughput=800rps rr=5.85% cr=0.50% errors=0 total=31293
[1371753237.692669] latency=2:4:7:23:242:(25)ms throughput=858rps rr=7.20% cr=0.46% errors=0 total=32154
[1371753238.696690] latency=2:5:16:83:302:(48)ms throughput=643rps rr=5.11% cr=0.15% errors=0 total=32800
[1371753239.700650] latency=2:5:8:35:285:(27)ms throughput=850rps rr=7.27% cr=0.47% errors=0 total=33653
[1371753240.704660] latency=2:5:9:37:245:(28)ms throughput=753rps rr=7.28% cr=1.19% errors=0 total=34409
[1371753241.708644] latency=2:4:8:27:248:(26)ms throughput=794rps rr=7.40% cr=0.25% errors=0 total=35206
[1371753242.712646] latency=2:6:10:42:291:(31)ms throughput=744rps rr=7.36% cr=0.94% errors=0 total=35953
[1371753243.716666] latency=3:7:14:43:433:(36)ms throughput=703rps rr=7.37% cr=0.28% errors=0 total=36659
[1371753244.720700] latency=3:6:13:55:433:(37)ms throughput=738rps rr=7.29% cr=0.40% errors=0 total=37400
[1371753245.724665] latency=2:5:9:39:248:(33)ms throughput=770rps rr=7.50% cr=0.65% errors=0 total=38173
[1371753246.728680] latency=2:6:10:45:290:(34)ms throughput=729rps rr=6.28% cr=0.41% errors=0 total=38905
[1371753247.732604] latency=2:6:12:57:448:(40)ms throughput=746rps rr=7.74% cr=0.27% errors=0 total=39654
[1371753248.736599] latency=2:5:9:40:250:(30)ms throughput=681rps rr=7.02% cr=0.15% errors=0 total=40338
[1371753249.740614] latency=2:6:17:87:582:(58)ms throughput=661rps rr=7.23% cr=0.75% errors=0 total=41002
[1371753250.744689] latency=2:4:6:25:286:(22)ms throughput=850rps rr=6.21% cr=0.23% errors=0 total=41855
[1371753251.748724] latency=2:4:6:24:232:(22)ms throughput=793rps rr=7.54% cr=0.38% errors=0 total=42651
[1371753252.752644] latency=2:4:7:26:247:(25)ms throughput=862rps rr=8.21% cr=0.35% errors=0 total=43516
[1371753253.756677] latency=2:4:7:33:388:(27)ms throughput=798rps rr=5.74% cr=0.62% errors=0 total=44317
[1371753254.760679] latency=2:5:10:45:236:(32)ms throughput=746rps rr=5.87% cr=0.40% errors=0 total=45066
[1371753255.764681] latency=2:4:8:29:255:(25)ms throughput=845rps rr=6.72% cr=0.00% errors=0 total=45914
[1371753256.768673] latency=2:4:6:20:226:(23)ms throughput=777rps rr=7.69% cr=0.51% errors=0 total=46694
[1371753257.772630] latency=2:3:5:11:149:(16)ms throughput=876rps rr=5.80% cr=0.80% errors=0 total=47573
[1371753258.776700] latency=2:4:6:14:230:(20)ms throughput=774rps rr=6.31% cr=0.00% errors=0 total=48350
[1371753259.780745] latency=2:5:12:69:285:(46)ms throughput=662rps rr=8.57% cr=1.35% errors=0 total=49015
[1371753260.784698] latency=2:4:6:24:249:(23)ms throughput=820rps rr=7.29% cr=1.09% errors=0 total=49838
[1371753261.788709] latency=2:5:10:42:274:(31)ms throughput=789rps rr=7.20% cr=0.51% errors=0 total=50630
[1371753262.792681] latency=2:4:8:35:384:(30)ms throughput=807rps rr=9.01% cr=0.25% errors=0 total=51440
[1371753263.796672] latency=2:4:8:32:248:(27)ms throughput=827rps rr=6.75% cr=1.08% errors=0 total=52270
[1371753264.800681] latency=2:5:11:46:326:(30)ms throughput=732rps rr=8.84% cr=0.54% errors=0 total=53005
[1371753265.804723] latency=2:3:5:15:1006:(21)ms throughput=828rps rr=6.62% cr=0.24% errors=0 total=53836
[1371753266.808667] latency=2:5:12:51:264:(37)ms throughput=727rps rr=7.95% cr=1.51% errors=0 total=54566
[1371753267.812744] latency=2:4:8:32:1002:(27)ms throughput=765rps rr=8.33% cr=0.78% errors=0 total=55334
[1371753268.816723] latency=2:4:9:40:277:(32)ms throughput=745rps rr=8.16% cr=0.53% errors=0 total=56082
[1371753269.820708] latency=2:5:9:40:221:(28)ms throughput=785rps rr=7.49% cr=1.27% errors=0 total=56870
[1371753270.824684] latency=2:5:11:70:259:(44)ms throughput=684rps rr=8.88% cr=0.73% errors=0 total=57557
[1371753271.828620] latency=2:5:11:45:415:(32)ms throughput=829rps rr=8.65% cr=0.36% errors=0 total=58389
[1371753272.832691] latency=2:5:10:48:384:(34)ms throughput=731rps rr=8.17% cr=0.14% errors=0 total=59123
[1371753273.836694] latency=2:5:10:42:233:(30)ms throughput=783rps rr=8.52% cr=0.89% errors=0 total=59909
[1371753274.840692] latency=2:4:10:51:330:(32)ms throughput=750rps rr=8.37% cr=0.80% errors=0 total=60662
[1371753275.844718] latency=2:4:8:29:213:(25)ms throughput=743rps rr=8.98% cr=1.47% errors=0 total=61408
[1371753276.848681] latency=2:5:11:48:229:(31)ms throughput=778rps rr=8.07% cr=0.51% errors=0 total=62189
[1371753277.852691] latency=2:4:9:43:218:(30)ms throughput=701rps rr=9.66% cr=1.14% errors=0 total=62893
[1371753278.856686] latency=2:5:11:57:225:(35)ms throughput=750rps rr=9.03% cr=1.20% errors=0 total=63646
[1371753279.860714] latency=2:4:8:38:422:(30)ms throughput=773rps rr=9.79% cr=0.64% errors=0 total=64422
[1371753280.864600] latency=2:5:12:56:301:(34)ms throughput=688rps rr=7.96% cr=0.29% errors=0 total=65113
[1371753281.868603] latency=2:6:16:76:460:(50)ms throughput=752rps rr=9.14% cr=1.06% errors=0 total=65868
[1371753282.872759] latency=2:4:8:33:206:(27)ms throughput=765rps rr=8.85% cr=0.78% errors=0 total=66636
[1371753283.876621] latency=2:6:12:51:397:(34)ms throughput=756rps rr=7.91% cr=0.53% errors=0 total=67395
[1371753284.880614] latency=2:5:11:44:548:(33)ms throughput=753rps rr=9.13% cr=1.06% errors=0 total=68151
[1371753285.884625] latency=2:5:11:54:311:(34)ms throughput=780rps rr=7.79% cr=1.02% errors=0 total=68934
[1371753286.888623] latency=2:4:9:41:241:(29)ms throughput=738rps rr=11.07% cr=1.21% errors=0 total=69675
[1371753287.892734] latency=2:4:8:52:451:(33)ms throughput=775rps rr=7.07% cr=0.77% errors=0 total=70453
[1371753288.896627] latency=2:4:8:33:222:(27)ms throughput=792rps rr=8.81% cr=1.01% errors=0 total=71248
[1371753289.900617] latency=2:5:13:58:366:(37)ms throughput=700rps rr=10.67% cr=1.42% errors=0 total=71951
[1371753290.904610] latency=2:6:16:60:449:(41)ms throughput=772rps rr=9.16% cr=1.16% errors=0 total=72726
[1371753291.908604] latency=2:5:11:61:306:(42)ms throughput=687rps rr=10.00% cr=0.87% errors=0 total=73416
[1371753292.912623] latency=2:5:14:57:396:(37)ms throughput=754rps rr=8.06% cr=1.06% errors=0 total=74173
[1371753293.916657] latency=2:5:12:57:418:(36)ms throughput=711rps rr=11.62% cr=1.12% errors=0 total=74887
[1371753294.936627] latency=2:5:11:53:1068:(41)ms throughput=708rps rr=7.34% cr=0.69% errors=0 total=75609
[1371753295.940640] latency=3:8:19:64:342:(43)ms throughput=682rps rr=9.78% cr=1.17% errors=0 total=76294
[1371753296.944661] latency=2:5:14:69:534:(45)ms throughput=742rps rr=9.53% cr=1.21% errors=0 total=77039
[1371753297.948664] latency=2:4:8:40:373:(31)ms throughput=798rps rr=8.11% cr=0.87% errors=0 total=77840
[1371753298.952659] latency=2:5:9:49:258:(33)ms throughput=724rps rr=10.45% cr=2.06% errors=0 total=78567
[1371753299.956702] latency=2:5:14:58:225:(36)ms throughput=729rps rr=9.97% cr=1.50% errors=0 total=79299
[1371753300.960663] latency=3:7:24:77:759:(55)ms throughput=637rps rr=10.94% cr=1.09% errors=0 total=79939
[1371753301.964687] latency=2:7:20:71:497:(47)ms throughput=669rps rr=9.82% cr=0.60% errors=0 total=80611
[1371753302.968624] latency=3:8:40:111:443:(74)ms throughput=527rps rr=11.53% cr=2.08% errors=0 total=81140
[1371753303.972607] latency=2:7:22:80:453:(57)ms throughput=634rps rr=10.52% cr=0.78% errors=0 total=81777
[1371753304.976611] latency=2:7:21:82:478:(57)ms throughput=634rps rr=12.56% cr=1.10% errors=0 total=82414
[1371753305.980628] latency=2:7:17:64:823:(48)ms throughput=704rps rr=10.18% cr=0.71% errors=0 total=83121
[1371753306.984665] latency=2:7:22:81:515:(49)ms throughput=660rps rr=10.56% cr=1.81% errors=0 total=83784
[1371753308.004570] latency=2:7:19:66:283:(40)ms throughput=686rps rr=12.14% cr=1.00% errors=0 total=84484
[1371753309.008597] latency=2:6:19:77:536:(50)ms throughput=751rps rr=10.74% cr=0.66% errors=0 total=85238
[1371753310.012603] latency=2:8:35:86:774:(58)ms throughput=604rps rr=10.23% cr=0.66% errors=0 total=85844
[1371753311.016613] latency=2:6:17:66:949:(53)ms throughput=676rps rr=10.16% cr=0.88% errors=0 total=86523
[1371753312.020736] latency=2:5:11:49:312:(34)ms throughput=717rps rr=9.86% cr=1.11% errors=0 total=87243
[1371753313.024613] latency=2:6:15:65:291:(40)ms throughput=667rps rr=6.87% cr=0.45% errors=0 total=87913
[1371753314.028626] latency=2:6:16:62:421:(44)ms throughput=790rps rr=9.21% cr=1.26% errors=0 total=88706
[1371753315.032618] latency=2:4:6:18:240:(20)ms throughput=739rps rr=7.95% cr=0.40% errors=0 total=89448
[1371753316.040650] latency=2:4:8:34:219:(27)ms throughput=820rps rr=6.17% cr=0.60% errors=0 total=90275
[1371753317.044611] latency=2:4:6:15:235:(20)ms throughput=810rps rr=8.36% cr=0.49% errors=0 total=91088
[1371753318.048607] latency=2:4:6:16:302:(21)ms throughput=760rps rr=7.47% cr=0.39% errors=0 total=91851
[1371753319.052609] latency=2:4:8:32:253:(29)ms throughput=848rps rr=8.70% cr=1.41% errors=0 total=92702
[1371753320.056645] latency=2:4:6:13:270:(21)ms throughput=803rps rr=5.96% cr=0.37% errors=0 total=93508
[1371753321.080608] latency=2:5:11:43:274:(29)ms throughput=788rps rr=8.92% cr=0.50% errors=0 total=94315
[1371753322.084599] latency=2:5:11:54:538:(38)ms throughput=740rps rr=11.17% cr=0.94% errors=0 total=95058
[1371753323.088625] latency=2:5:9:34:280:(29)ms throughput=772rps rr=8.52% cr=0.90% errors=0 total=95833
[1371753324.092619] latency=2:5:14:76:340:(48)ms throughput=674rps rr=7.39% cr=0.44% errors=0 total=96510
[1371753325.096608] latency=2:4:6:30:234:(26)ms throughput=775rps rr=8.10% cr=0.77% errors=0 total=97288
[1371753326.100602] latency=2:5:10:38:328:(29)ms throughput=784rps rr=9.02% cr=1.02% errors=0 total=98075
[1371753327.104674] latency=2:5:9:38:406:(29)ms throughput=793rps rr=7.41% cr=0.88% errors=0 total=98871
[1371753328.108691] latency=2:4:7:22:301:(23)ms throughput=781rps rr=7.65% cr=0.77% errors=0 total=99655
[1371753329.112752] latency=2:5:11:51:196:(32)ms throughput=789rps rr=9.85% cr=0.63% errors=0 total=100447
[1371753330.116709] latency=2:4:8:31:234:(26)ms throughput=790rps rr=8.07% cr=0.38% errors=0 total=101240
[1371753331.120691] latency=2:4:8:27:201:(23)ms throughput=837rps rr=6.90% cr=0.48% errors=0 total=102080
[1371753332.124692] latency=2:4:7:23:302:(22)ms throughput=803rps rr=7.94% cr=0.50% errors=0 total=102886
[1371753333.128675] latency=2:4:8:30:239:(26)ms throughput=809rps rr=7.14% cr=0.49% errors=0 total=103698
[1371753334.132665] latency=2:5:10:47:289:(31)ms throughput=761rps rr=7.85% cr=0.52% errors=0 total=104462
[1371753335.136638] latency=2:4:10:61:318:(41)ms throughput=703rps rr=8.36% cr=0.57% errors=0 total=105168
[1371753336.140677] latency=2:4:7:43:244:(30)ms throughput=726rps rr=9.05% cr=0.55% errors=0 total=105897
[1371753337.144677] latency=2:5:8:42:476:(30)ms throughput=751rps rr=8.09% cr=0.66% errors=0 total=106651
[1371753338.148630] latency=2:4:8:29:207:(25)ms throughput=834rps rr=7.17% cr=0.36% errors=0 total=107488
[1371753339.152655] latency=2:5:11:61:295:(37)ms throughput=696rps rr=8.87% cr=0.43% errors=0 total=108187
[1371753340.156641] latency=2:7:22:67:386:(49)ms throughput=688rps rr=8.54% cr=1.01% errors=0 total=108878
[1371753341.160659] latency=2:6:14:66:431:(48)ms throughput=626rps rr=9.38% cr=1.43% errors=0 total=109507
[1371753342.164654] latency=2:6:12:61:450:(37)ms throughput=727rps rr=7.95% cr=0.41% errors=0 total=110237
[1371753343.168642] latency=2:7:21:69:331:(46)ms throughput=666rps rr=8.22% cr=1.05% errors=0 total=110906
[1371753344.172715] latency=3:8:26:72:324:(49)ms throughput=684rps rr=9.02% cr=0.87% errors=0 total=111593
[1371753345.176605] latency=4:9:44:105:310:(64)ms throughput=611rps rr=10.77% cr=1.63% errors=0 total=112206
[1371753346.180603] latency=2:6:15:61:368:(41)ms throughput=676rps rr=8.25% cr=0.29% errors=0 total=112885
[1371753347.188620] latency=2:7:16:68:1004:(48)ms throughput=690rps rr=9.48% cr=1.01% errors=0 total=113581
[1371753348.192607] latency=3:7:18:65:723:(46)ms throughput=690rps rr=9.67% cr=1.30% errors=0 total=114274
[1371753349.196632] latency=2:8:23:79:468:(55)ms throughput=654rps rr=10.96% cr=0.76% errors=0 total=114931
[1371753350.200660] latency=2:8:25:78:292:(51)ms throughput=670rps rr=9.81% cr=0.74% errors=0 total=115604
[1371753351.204652] latency=2:7:18:70:1006:(47)ms throughput=669rps rr=8.93% cr=0.89% errors=0 total=116276
[1371753352.208649] latency=3:6:11:58:496:(41)ms throughput=739rps rr=8.36% cr=0.81% errors=0 total=117018
[1371753353.220654] latency=2:6:10:51:341:(40)ms throughput=708rps rr=8.66% cr=1.12% errors=0 total=117734
[1371753354.224648] latency=2:7:17:64:1018:(43)ms throughput=690rps rr=10.97% cr=1.30% errors=0 total=118427
[1371753355.228659] latency=3:6:19:68:447:(48)ms throughput=624rps rr=10.53% cr=0.96% errors=0 total=119054
[1371753356.232655] latency=3:10:53:117:632:(81)ms throughput=596rps rr=11.87% cr=1.17% errors=0 total=119652
[1371753357.236701] latency=3:7:21:77:434:(46)ms throughput=667rps rr=8.96% cr=1.04% errors=0 total=120322
[1371753358.240658] latency=3:7:16:59:545:(41)ms throughput=714rps rr=9.07% cr=1.12% errors=0 total=121039
[1371753359.244675] latency=2:7:20:67:649:(44)ms throughput=703rps rr=8.22% cr=0.85% errors=0 total=121745
[1371753360.248658] latency=2:6:15:69:528:(47)ms throughput=705rps rr=9.32% cr=0.56% errors=0 total=122453
[1371753361.252680] latency=3:7:15:60:439:(40)ms throughput=663rps rr=8.71% cr=1.20% errors=0 total=123119
[1371753362.256664] latency=3:6:13:59:257:(37)ms throughput=750rps rr=7.44% cr=0.66% errors=0 total=123872
[1371753363.260664] latency=2:6:12:59:412:(39)ms throughput=758rps rr=6.83% cr=1.05% errors=0 total=124633
[1371753364.264658] latency=3:6:13:59:346:(39)ms throughput=735rps rr=8.54% cr=0.54% errors=0 total=125371
[1371753365.268674] latency=2:7:13:54:472:(41)ms throughput=730rps rr=8.19% cr=0.27% errors=0 total=126104
[1371753366.272679] latency=2:6:15:78:278:(47)ms throughput=672rps rr=6.67% cr=0.89% errors=0 total=126779
[1371753367.276674] latency=3:6:17:73:492:(51)ms throughput=682rps rr=9.64% cr=1.02% errors=0 total=127464
[1371753368.280643] latency=2:5:9:31:234:(27)ms throughput=763rps rr=7.96% cr=1.04% errors=0 total=128230
[1371753369.284669] latency=2:6:11:46:270:(33)ms throughput=701rps rr=7.24% cr=0.99% errors=0 total=128934
[1371753370.288649] latency=2:6:12:54:268:(35)ms throughput=718rps rr=8.32% cr=0.55% errors=0 total=129655
[1371753371.292676] latency=2:5:10:44:425:(35)ms throughput=723rps rr=8.13% cr=0.69% errors=0 total=130381
[1371753372.296649] latency=2:5:11:57:349:(42)ms throughput=724rps rr=9.77% cr=0.69% errors=0 total=131108
[1371753373.300663] latency=2:6:13:59:637:(43)ms throughput=724rps rr=8.94% cr=0.55% errors=0 total=131835
[1371753374.304639] latency=2:6:11:44:316:(33)ms throughput=702rps rr=7.80% cr=0.71% errors=0 total=132540
[1371753375.308660] latency=2:6:15:55:405:(41)ms throughput=761rps rr=8.90% cr=0.39% errors=0 total=133304
[1371753376.312632] latency=2:6:14:54:303:(37)ms throughput=755rps rr=8.58% cr=1.32% errors=0 total=134062
[1371753377.316678] latency=2:5:13:71:366:(44)ms throughput=605rps rr=8.57% cr=0.49% errors=0 total=134669
[1371753378.320646] latency=2:6:16:58:304:(40)ms throughput=775rps rr=6.81% cr=0.26% errors=0 total=135447
[1371753379.324681] latency=2:5:10:54:265:(35)ms throughput=724rps rr=7.29% cr=0.83% errors=0 total=136174
[1371753380.328659] latency=2:5:10:46:269:(33)ms throughput=714rps rr=9.34% cr=0.14% errors=0 total=136891
[1371753381.332676] latency=2:5:14:56:344:(38)ms throughput=704rps rr=7.92% cr=0.71% errors=0 total=137598
[1371753382.336649] latency=2:5:12:53:290:(36)ms throughput=750rps rr=7.70% cr=0.53% errors=0 total=138351
[1371753383.340668] latency=2:6:15:57:310:(41)ms throughput=687rps rr=8.70% cr=0.14% errors=0 total=139041
[1371753384.344699] latency=2:5:10:44:435:(34)ms throughput=774rps rr=6.44% cr=0.39% errors=0 total=139818
[1371753385.348675] latency=2:4:8:33:200:(26)ms throughput=708rps rr=6.75% cr=0.84% errors=0 total=140529
[1371753386.352659] latency=3:6:11:52:362:(37)ms throughput=716rps rr=9.04% cr=0.70% errors=0 total=141248
[1371753387.356700] latency=2:5:8:29:224:(25)ms throughput=768rps rr=7.65% cr=0.65% errors=0 total=142019
[1371753388.360675] latency=3:8:32:113:535:(66)ms throughput=608rps rr=9.34% cr=0.66% errors=0 total=142629
[1371753389.364680] latency=3:7:14:59:310:(40)ms throughput=739rps rr=8.22% cr=0.94% errors=0 total=143371
[1371753390.368673] latency=2:4:7:24:544:(28)ms throughput=737rps rr=7.43% cr=0.41% errors=0 total=144111
[1371753391.372676] latency=3:5:10:40:236:(31)ms throughput=782rps rr=6.62% cr=0.38% errors=0 total=144896
[1371753392.376679] latency=2:6:10:43:311:(34)ms throughput=710rps rr=8.56% cr=0.70% errors=0 total=145609
[1371753393.380682] latency=2:5:11:40:513:(32)ms throughput=717rps rr=7.50% cr=0.56% errors=0 total=146329
[1371753394.384660] latency=2:6:11:44:312:(33)ms throughput=726rps rr=9.05% cr=0.69% errors=0 total=147058
[1371753395.388669] latency=3:6:11:48:351:(35)ms throughput=790rps rr=8.95% cr=0.76% errors=0 total=147851
[1371753396.392646] latency=2:5:8:30:305:(27)ms throughput=785rps rr=7.74% cr=0.38% errors=0 total=148639
[1371753397.396637] latency=2:5:10:33:404:(29)ms throughput=756rps rr=7.11% cr=0.40% errors=0 total=149398
[1371753398.400645] latency=2:5:12:47:342:(35)ms throughput=731rps rr=6.95% cr=0.82% errors=0 total=150132
[1371753399.404636] latency=2:6:13:75:621:(47)ms throughput=716rps rr=7.37% cr=0.83% errors=0 total=150851
[1371753400.408660] latency=2:6:12:50:313:(34)ms throughput=709rps rr=9.83% cr=0.70% errors=0 total=151563
[1371753401.412652] latency=2:5:8:25:285:(29)ms throughput=771rps rr=8.66% cr=1.29% errors=0 total=152337
[1371753402.416661] latency=2:5:10:34:277:(29)ms throughput=789rps rr=7.45% cr=0.63% errors=0 total=153129
[1371753403.420648] latency=2:6:11:38:358:(33)ms throughput=766rps rr=9.10% cr=1.04% errors=0 total=153898
[1371753404.424648] latency=2:5:9:29:317:(27)ms throughput=751rps rr=8.22% cr=0.80% errors=0 total=154652
[1371753405.428670] latency=3:6:13:48:349:(32)ms throughput=780rps rr=8.30% cr=0.51% errors=0 total=155435
[1371753406.432639] latency=2:4:6:12:307:(16)ms throughput=836rps rr=7.27% cr=0.72% errors=0 total=156274
[1371753407.436648] latency=2:5:9:27:274:(25)ms throughput=785rps rr=7.99% cr=0.89% errors=0 total=157062
[1371753408.440643] latency=3:6:9:32:339:(29)ms throughput=777rps rr=9.10% cr=0.64% errors=0 total=157842
[1371753409.444684] latency=2:5:9:44:321:(34)ms throughput=717rps rr=10.00% cr=1.25% errors=0 total=158562
[1371753410.448632] latency=2:4:8:36:301:(43)ms throughput=750rps rr=10.09% cr=0.27% errors=0 total=159315
[1371753411.452664] latency=2:5:8:23:188:(22)ms throughput=834rps rr=8.00% cr=0.60% errors=0 total=160152
[1371753412.456636] latency=2:4:6:16:301:(19)ms throughput=819rps rr=9.61% cr=1.46% errors=0 total=160974
[1371753413.460647] latency=2:4:7:27:240:(23)ms throughput=833rps rr=10.05% cr=0.96% errors=0 total=161810
[1371753414.464660] latency=2:4:6:19:220:(20)ms throughput=872rps rr=7.89% cr=0.34% errors=0 total=162685
[1371753415.468634] latency=2:4:5:13:170:(14)ms throughput=834rps rr=8.36% cr=0.72% errors=0 total=163522
[1371753416.472671] latency=2:4:6:16:176:(18)ms throughput=823rps rr=7.63% cr=0.61% errors=0 total=164348
[1371753417.476893] latency=2:4:7:18:226:(18)ms throughput=832rps rr=9.45% cr=0.72% errors=0 total=165184
[1371753418.480831] latency=2:4:6:14:260:(17)ms throughput=879rps rr=8.96% cr=0.91% errors=0 total=166066
[1371753419.484814] latency=2:4:6:16:302:(20)ms throughput=809rps rr=8.62% cr=0.74% errors=0 total=166878
[1371753420.488669] latency=2:4:9:40:374:(33)ms throughput=739rps rr=11.19% cr=0.67% errors=0 total=167620
[1371753421.492641] latency=2:4:6:17:320:(19)ms throughput=874rps rr=9.24% cr=0.57% errors=0 total=168497
[1371753422.496691] latency=2:4:8:29:268:(25)ms throughput=853rps rr=8.29% cr=0.47% errors=0 total=169353
[1371753423.500680] latency=2:4:6:13:274:(16)ms throughput=896rps rr=9.00% cr=0.78% errors=0 total=170253
[1371753424.504670] latency=2:4:5:12:168:(13)ms throughput=848rps rr=9.05% cr=1.29% errors=0 total=171104
[1371753425.536677] latency=2:4:6:13:205:(15)ms throughput=808rps rr=9.35% cr=1.08% errors=0 total=171938
[1371753426.540689] latency=2:4:7:22:316:(23)ms throughput=886rps rr=9.89% cr=0.79% errors=0 total=172828
[1371753427.544681] latency=2:3:5:12:225:(15)ms throughput=850rps rr=9.38% cr=0.70% errors=0 total=173681
[1371753428.548689] latency=3:5:8:28:324:(27)ms throughput=775rps rr=7.58% cr=1.16% errors=0 total=174459
[1371753429.552707] latency=2:5:7:16:299:(18)ms throughput=797rps rr=9.62% cr=1.38% errors=0 total=175259
[1371753430.556690] latency=2:5:8:25:294:(24)ms throughput=770rps rr=9.57% cr=0.91% errors=0 total=176032
[1371753431.560726] latency=3:8:22:101:451:(65)ms throughput=595rps rr=9.21% cr=0.84% errors=0 total=176629
[1371753432.564707] latency=3:6:9:34:363:(32)ms throughput=827rps rr=9.40% cr=1.20% errors=0 total=177459
[1371753433.568675] latency=2:6:9:27:255:(26)ms throughput=758rps rr=8.54% cr=1.18% errors=0 total=178220
[1371753434.572684] latency=2:7:12:51:454:(37)ms throughput=720rps rr=12.45% cr=0.83% errors=0 total=178943
[1371753435.576701] latency=2:6:10:33:377:(34)ms throughput=752rps rr=10.46% cr=0.40% errors=0 total=179698
[1371753436.580695] latency=3:6:10:33:271:(28)ms throughput=775rps rr=10.41% cr=1.16% errors=0 total=180476
[1371753437.584697] latency=3:6:10:32:416:(30)ms throughput=704rps rr=11.03% cr=0.57% errors=0 total=181183
[1371753438.588672] latency=2:6:9:26:397:(27)ms throughput=798rps rr=9.36% cr=1.00% errors=0 total=181984
[1371753439.592779] latency=3:6:11:42:321:(31)ms throughput=730rps rr=9.82% cr=0.95% errors=0 total=182717
[1371753440.596662] latency=2:5:9:37:510:(32)ms throughput=808rps rr=10.48% cr=0.86% errors=0 total=183528
[1371753441.600720] latency=3:8:16:65:631:(46)ms throughput=640rps rr=9.33% cr=1.09% errors=0 total=184171
[1371753442.604655] latency=3:6:10:44:371:(35)ms throughput=810rps rr=9.59% cr=0.86% errors=0 total=184984
[1371753443.608720] latency=2:5:8:22:302:(25)ms throughput=788rps rr=9.86% cr=1.01% errors=0 total=185775
[1371753444.612682] latency=3:6:10:34:332:(28)ms throughput=721rps rr=10.22% cr=0.69% errors=0 total=186499
[1371753445.616695] latency=2:6:10:38:476:(33)ms throughput=796rps rr=10.51% cr=0.88% errors=0 total=187298
[1371753446.620680] latency=2:5:8:25:375:(26)ms throughput=771rps rr=11.37% cr=1.55% errors=0 total=188072
[1371753447.624721] latency=3:6:10:37:343:(32)ms throughput=769rps rr=10.36% cr=1.30% errors=0 total=188844
[1371753448.628698] latency=2:5:7:20:1005:(22)ms throughput=824rps rr=9.67% cr=1.09% errors=0 total=189671
[1371753449.632724] latency=3:5:8:21:238:(23)ms throughput=767rps rr=10.39% cr=1.30% errors=0 total=190441
[1371753450.636705] latency=2:5:8:18:249:(23)ms throughput=860rps rr=7.42% cr=0.35% errors=0 total=191304
[1371753451.640725] latency=2:5:9:31:256:(27)ms throughput=782rps rr=7.90% cr=0.89% errors=0 total=192089
[1371753452.644687] latency=2:6:11:48:320:(39)ms throughput=702rps rr=10.21% cr=1.28% errors=0 total=192794
[1371753453.648666] latency=3:5:8:20:242:(21)ms throughput=779rps rr=10.74% cr=0.90% errors=0 total=193576
[1371753454.652704] latency=3:7:12:42:1009:(36)ms throughput=699rps rr=12.68% cr=1.71% errors=0 total=194278
[1371753455.656699] latency=2:5:8:27:313:(30)ms throughput=787rps rr=9.75% cr=1.14% errors=0 total=195068
[1371753456.660713] latency=2:5:8:29:355:(28)ms throughput=771rps rr=12.66% cr=0.39% errors=0 total=195842
[1371753457.664696] latency=3:6:9:24:317:(23)ms throughput=790rps rr=11.48% cr=1.51% errors=0 total=196635
[1371753458.668721] latency=3:6:9:26:432:(27)ms throughput=804rps rr=11.40% cr=0.87% errors=0 total=197442
[1371753459.672719] latency=2:5:7:19:305:(20)ms throughput=804rps rr=9.79% cr=0.87% errors=0 total=198249
[1371753460.676712] latency=2:6:9:34:261:(26)ms throughput=751rps rr=11.01% cr=0.93% errors=0 total=199003
[1371753461.680666] latency=3:7:12:44:559:(34)ms throughput=800rps rr=10.46% cr=0.87% errors=0 total=199806
[1371753462.684668] latency=3:6:10:34:356:(27)ms throughput=742rps rr=11.81% cr=1.48% errors=0 total=200551
[1371753463.688652] latency=2:5:9:44:665:(51)ms throughput=691rps rr=9.08% cr=1.59% errors=0 total=201245
[1371753464.692637] latency=2:5:8:22:234:(23)ms throughput=796rps rr=10.39% cr=1.00% errors=0 total=202044
[1371753465.696649] latency=3:6:9:25:303:(23)ms throughput=745rps rr=10.56% cr=0.67% errors=0 total=202792
[1371753466.700680] latency=2:6:10:43:526:(33)ms throughput=842rps rr=11.72% cr=1.07% errors=0 total=203637
[1371753467.704656] latency=2:4:6:15:288:(17)ms throughput=863rps rr=10.97% cr=1.27% errors=0 total=204503
[1371753468.708702] latency=2:3:5:9:122:(8)ms throughput=863rps rr=11.09% cr=1.15% errors=0 total=205369
[1371753469.712678] latency=2:4:6:14:321:(16)ms throughput=850rps rr=10.79% cr=1.29% errors=0 total=206222
[1371753470.716703] latency=2:3:5:9:105:(9)ms throughput=875rps rr=11.49% cr=1.14% errors=0 total=207101
[1371753471.720659] latency=2:3:5:12:174:(13)ms throughput=841rps rr=9.36% cr=1.30% errors=0 total=207945
[1371753472.724683] latency=2:4:6:15:226:(17)ms throughput=864rps rr=10.84% cr=0.92% errors=0 total=208812
[1371753473.728658] latency=2:4:7:22:435:(35)ms throughput=706rps rr=8.46% cr=0.71% errors=0 total=209521
[1371753474.732721] latency=2:4:5:11:503:(14)ms throughput=820rps rr=11.42% cr=1.09% errors=0 total=210344
[1371753475.736694] latency=2:4:6:16:230:(20)ms throughput=881rps rr=11.19% cr=1.69% errors=0 total=211229
[1371753476.740688] latency=2:3:4:8:103:(7)ms throughput=857rps rr=8.49% cr=0.81% errors=0 total=212089
[1371753477.744652] latency=2:4:6:13:336:(16)ms throughput=918rps rr=9.98% cr=0.87% errors=0 total=213011
[1371753478.748688] latency=2:4:6:14:225:(17)ms throughput=870rps rr=9.95% cr=1.26% errors=0 total=213885
[1371753479.752676] latency=2:4:6:14:236:(15)ms throughput=879rps rr=9.97% cr=0.91% errors=0 total=214768
[1371753480.756721] latency=2:4:6:12:271:(15)ms throughput=853rps rr=10.28% cr=1.29% errors=0 total=215624
[1371753481.760680] latency=2:4:6:12:182:(14)ms throughput=866rps rr=10.70% cr=0.92% errors=0 total=216493
[1371753482.764692] latency=2:3:5:8:83:(8)ms throughput=896rps rr=8.56% cr=0.78% errors=0 total=217393
[1371753483.768613] latency=2:4:6:12:276:(16)ms throughput=848rps rr=11.40% cr=1.06% errors=0 total=218244
[1371753484.772647] latency=2:4:8:36:256:(34)ms throughput=732rps rr=10.34% cr=0.95% errors=0 total=218979
[1371753485.776627] latency=2:4:5:11:156:(13)ms throughput=865rps rr=10.02% cr=1.15% errors=0 total=219847
[1371753486.780623] latency=2:4:6:13:179:(15)ms throughput=856rps rr=10.24% cr=0.70% errors=0 total=220706
[1371753487.784681] latency=2:3:5:12:171:(14)ms throughput=838rps rr=10.23% cr=1.78% errors=0 total=221547
[1371753488.788618] latency=2:4:6:12:262:(15)ms throughput=849rps rr=9.15% cr=1.41% errors=0 total=222399
[1371753489.792649] latency=2:3:5:10:299:(13)ms throughput=911rps rr=10.16% cr=1.53% errors=0 total=223314
[1371753490.796667] latency=2:4:6:13:334:(16)ms throughput=812rps rr=12.39% cr=2.09% errors=0 total=224129
[1371753491.800674] latency=2:4:6:13:177:(15)ms throughput=884rps rr=10.59% cr=1.01% errors=0 total=225017
[1371753492.804654] latency=2:4:7:15:244:(17)ms throughput=825rps rr=11.11% cr=1.57% errors=0 total=225845
[1371753493.808690] latency=2:4:6:12:259:(18)ms throughput=832rps rr=9.82% cr=1.20% errors=0 total=226680
[1371753494.812663] latency=2:4:8:27:297:(27)ms throughput=811rps rr=12.53% cr=1.11% errors=0 total=227494
[1371753495.816709] latency=2:4:7:19:472:(27)ms throughput=792rps rr=13.84% cr=1.38% errors=0 total=228289
[1371753496.820668] latency=2:5:8:30:307:(27)ms throughput=805rps rr=12.50% cr=1.61% errors=0 total=229097
[1371753497.824641] latency=2:4:6:12:247:(16)ms throughput=850rps rr=11.25% cr=1.76% errors=0 total=229950
[1371753498.828717] latency=2:4:7:17:1006:(20)ms throughput=861rps rr=12.49% cr=1.39% errors=0 total=230815
[1371753499.832623] latency=2:4:7:14:259:(18)ms throughput=850rps rr=11.72% cr=1.76% errors=0 total=231668
[1371753500.836652] latency=2:4:6:15:225:(16)ms throughput=869rps rr=12.03% cr=1.26% errors=0 total=232541
[1371753501.840678] latency=2:4:6:14:209:(17)ms throughput=886rps rr=10.45% cr=1.46% errors=0 total=233431
[1371753502.844635] latency=2:5:8:32:376:(27)ms throughput=786rps rr=13.43% cr=2.53% errors=0 total=234220
[1371753503.848671] latency=2:5:8:24:514:(26)ms throughput=819rps rr=10.46% cr=0.61% errors=0 total=235042
[1371753504.852646] latency=3:5:8:18:438:(23)ms throughput=796rps rr=11.14% cr=2.13% errors=0 total=235841
[1371753505.856680] latency=3:8:34:98:466:(62)ms throughput=634rps rr=10.99% cr=0.94% errors=0 total=236478
[1371753506.860649] latency=2:6:10:37:463:(31)ms throughput=740rps rr=11.17% cr=1.88% errors=0 total=237221
[1371753507.864683] latency=3:7:12:46:415:(37)ms throughput=737rps rr=15.14% cr=1.35% errors=0 total=237961
[1371753508.868654] latency=3:7:12:46:310:(35)ms throughput=746rps rr=11.62% cr=1.47% errors=0 total=238710
[1371753509.872646] latency=3:6:10:41:485:(33)ms throughput=744rps rr=11.51% cr=1.34% errors=0 total=239457
[1371753510.876629] latency=2:5:7:20:309:(22)ms throughput=763rps rr=10.57% cr=1.17% errors=0 total=240223
[1371753511.880651] latency=3:6:11:44:346:(37)ms throughput=702rps rr=12.91% cr=1.99% errors=0 total=240928
[1371753512.884675] latency=2:5:9:25:403:(25)ms throughput=808rps rr=11.22% cr=1.85% errors=0 total=241739
[1371753513.888638] latency=3:6:10:41:384:(33)ms throughput=747rps rr=11.20% cr=1.20% errors=0 total=242489
[1371753514.892670] latency=2:5:7:18:356:(19)ms throughput=765rps rr=11.59% cr=1.43% errors=0 total=243257
[1371753515.896655] latency=3:6:12:48:408:(38)ms throughput=727rps rr=13.15% cr=0.82% errors=0 total=243987
[1371753516.900647] latency=3:7:17:74:419:(47)ms throughput=709rps rr=11.38% cr=1.40% errors=0 total=244699
[1371753517.904652] latency=3:6:10:42:372:(36)ms throughput=759rps rr=12.34% cr=1.97% errors=0 total=245461
[1371753518.908641] latency=3:6:9:26:330:(27)ms throughput=734rps rr=11.67% cr=1.09% errors=0 total=246198
[1371753519.912634] latency=3:6:10:35:361:(29)ms throughput=796rps rr=10.39% cr=1.13% errors=0 total=246997
[1371753520.916642] latency=3:6:11:47:1011:(38)ms throughput=727rps rr=11.64% cr=1.23% errors=0 total=247727
[1371753521.920667] latency=3:7:11:42:430:(35)ms throughput=769rps rr=12.05% cr=1.17% errors=0 total=248499
[1371753522.924662] latency=2:5:8:19:381:(23)ms throughput=761rps rr=10.60% cr=1.83% errors=0 total=249263
[1371753523.928650] latency=3:6:9:30:449:(30)ms throughput=768rps rr=13.36% cr=2.20% errors=0 total=250034
[1371753524.932648] latency=2:6:10:38:401:(33)ms throughput=734rps rr=13.70% cr=1.49% errors=0 total=250771
[1371753525.936677] latency=3:7:13:54:365:(43)ms throughput=709rps rr=14.33% cr=1.12% errors=0 total=251483
[1371753526.940651] latency=3:7:14:61:596:(54)ms throughput=667rps rr=11.79% cr=1.34% errors=0 total=252153
[1371753527.944677] latency=3:6:9:30:387:(28)ms throughput=774rps rr=11.84% cr=1.16% errors=0 total=252930
[1371753528.952650] latency=2:6:10:30:338:(28)ms throughput=802rps rr=11.39% cr=1.61% errors=0 total=253738
[1371753529.956659] latency=3:6:10:39:387:(33)ms throughput=782rps rr=12.36% cr=1.40% errors=0 total=254523
[1371753530.960654] latency=2:5:8:24:410:(22)ms throughput=772rps rr=11.87% cr=1.42% errors=0 total=255298
[1371753531.964636] latency=3:7:15:50:504:(37)ms throughput=742rps rr=11.81% cr=1.88% errors=0 total=256043
[1371753532.968639] latency=2:5:8:19:332:(22)ms throughput=826rps rr=10.13% cr=1.21% errors=0 total=256872
[1371753533.972649] latency=2:5:8:24:1002:(24)ms throughput=781rps rr=11.73% cr=1.28% errors=0 total=257656
[1371753534.976671] latency=2:5:8:19:1004:(20)ms throughput=751rps rr=11.27% cr=1.33% errors=0 total=258410
[1371753535.980643] latency=2:6:9:34:303:(28)ms throughput=746rps rr=12.15% cr=1.34% errors=0 total=259159
[1371753536.984652] latency=3:6:9:35:465:(34)ms throughput=812rps rr=12.52% cr=2.09% errors=0 total=259974
[1371753537.988658] latency=3:6:13:56:332:(43)ms throughput=685rps rr=11.05% cr=0.87% errors=0 total=260662
[1371753538.992659] latency=2:6:9:30:335:(29)ms throughput=801rps rr=10.95% cr=1.12% errors=0 total=261466
[1371753539.996665] latency=3:6:9:32:544:(30)ms throughput=789rps rr=12.75% cr=1.52% errors=0 total=262258
[1371753541.000656] latency=3:6:11:43:445:(32)ms throughput=687rps rr=11.59% cr=1.45% errors=0 total=262948
[1371753541.496252] latency=4:7:13:54:602:(49)ms throughput=815rps rr=11.39% cr=0.74% errors=0 total=263352
Got signal 2, cleaning up ...
[1371753541.523723] latency=5:14:34:62:193:(48)ms throughput=874rps rr=37.50% cr=12.50% errors=0 total=263376
