2013-06-20 18:29:26.558+0000: 7602: info : libvirt version: 0.9.8
2013-06-20 18:29:26.558+0000: 7602: warning : xenHypervisorMakeCapabilities:2751 : Failed to get host power management capabilities
[1371752971.792029] vm=rubbos-hvm new
[1371752971.792086] vm=rubis-hvm new
[1371752971.792113] vm=rubbos-hvm perf=0.000000 vp=0.500000 cap=200.000000
[1371752971.951664] vm=rubis-hvm perf=0.000000 vp=0.500000 cap=200.000000
[1371752977.331705] vm=rubbos-hvm perf=0.000000 vp=0.500000 cap=200.000000
[1371752977.462660] vm=rubis-hvm perf=0.000000 vp=0.500000 cap=200.000000
[1371752982.864492] vm=rubbos-hvm perf=0.969644 vp=0.480114 cap=192.045434
[1371752983.019574] vm=rubis-hvm perf=-0.356117 vp=0.519886 cap=207.954566
[1371752988.400799] vm=rubbos-hvm perf=0.964302 vp=0.438430 cap=175.372180
[1371752988.544163] vm=rubis-hvm perf=-1.849792 vp=0.561570 cap=224.627820
[1371752993.935813] vm=rubbos-hvm perf=0.965866 vp=0.424451 cap=169.780531
[1371752994.097700] vm=rubis-hvm perf=0.174327 vp=0.575549 cap=230.219469
[1371752999.464916] vm=rubbos-hvm perf=0.969098 vp=0.413345 cap=165.337844
[1371752999.611029] vm=rubis-hvm perf=0.441839 vp=0.586655 cap=234.662156
[1371753005.001952] vm=rubbos-hvm perf=0.966452 vp=0.403421 cap=161.368323
[1371753005.155603] vm=rubis-hvm perf=0.571390 vp=0.596579 cap=238.631677
[1371753010.536656] vm=rubbos-hvm perf=0.968748 vp=0.385634 cap=154.253797
[1371753010.701375] vm=rubis-hvm perf=-0.037039 vp=0.614366 cap=245.746203
[1371753016.096884] vm=rubbos-hvm perf=0.963856 vp=0.372636 cap=149.054204
[1371753016.263383] vm=rubis-hvm perf=0.411946 vp=0.627364 cap=250.945796
[1371753021.672750] vm=rubbos-hvm perf=0.962324 vp=0.360918 cap=144.367212
[1371753021.808407] vm=rubis-hvm perf=0.571994 vp=0.639082 cap=255.632788
[1371753027.202199] vm=rubbos-hvm perf=0.966884 vp=0.348506 cap=139.402288
[1371753027.359766] vm=rubis-hvm perf=0.565709 vp=0.651494 cap=260.597712
[1371753032.769578] vm=rubbos-hvm perf=0.966084 vp=0.334506 cap=133.802322
[1371753032.913402] vm=rubis-hvm perf=0.466949 vp=0.665494 cap=266.197678
[1371753038.293402] vm=rubbos-hvm perf=0.965190 vp=0.320475 cap=128.190173
[1371753038.451547] vm=rubis-hvm perf=0.522111 vp=0.679525 cap=271.809827
[1371753043.862656] vm=rubbos-hvm perf=0.969774 vp=0.301636 cap=120.654520
[1371753044.028709] vm=rubis-hvm perf=0.096775 vp=0.698364 cap=279.345480
[1371753049.405097] vm=rubbos-hvm perf=0.967634 vp=0.282791 cap=113.116296
[1371753049.565752] vm=rubis-hvm perf=0.157723 vp=0.717209 cap=286.883704
[1371753054.935489] vm=rubbos-hvm perf=0.965956 vp=0.267051 cap=106.820423
[1371753055.089062] vm=rubis-hvm perf=0.594562 vp=0.732949 cap=293.179577
[1371753060.485570] vm=rubbos-hvm perf=0.964494 vp=0.250146 cap=100.058405
[1371753060.649006] vm=rubis-hvm perf=0.537064 vp=0.749854 cap=299.941595
[1371753066.049093] vm=rubbos-hvm perf=0.960782 vp=0.232150 cap=92.860114
[1371753066.227799] vm=rubis-hvm perf=0.482073 vp=0.767850 cap=307.139886
[1371753071.609299] vm=rubbos-hvm perf=0.963266 vp=0.213420 cap=85.368048
[1371753071.770091] vm=rubis-hvm perf=0.496681 vp=0.786580 cap=314.631952
[1371753077.158165] vm=rubbos-hvm perf=0.967570 vp=0.192972 cap=77.188601
[1371753077.314268] vm=rubis-hvm perf=0.372272 vp=0.807028 cap=322.811399
[1371753082.693602] vm=rubbos-hvm perf=0.963852 vp=0.171866 cap=68.746240
[1371753082.847898] vm=rubis-hvm perf=0.385165 vp=0.828134 cap=331.253760
[1371753088.277192] vm=rubbos-hvm perf=0.962782 vp=0.145480 cap=58.192108
[1371753088.457454] vm=rubis-hvm perf=-0.478270 vp=0.854520 cap=341.807892
[1371753093.873845] vm=rubbos-hvm perf=0.965066 vp=0.124604 cap=49.841506
[1371753094.035004] vm=rubis-hvm perf=0.247410 vp=0.875396 cap=350.158494
[1371753099.397388] vm=rubbos-hvm perf=0.965244 vp=0.122138 cap=48.855152
[1371753099.550134] vm=rubis-hvm perf=0.618450 vp=0.877862 cap=351.144848
[1371753104.965183] vm=rubbos-hvm perf=0.966508 vp=0.121606 cap=48.642311
[1371753105.109015] vm=rubis-hvm perf=0.110325 vp=0.878394 cap=351.357689
[1371753110.470840] vm=rubbos-hvm perf=0.962860 vp=0.121810 cap=48.723924
[1371753110.620258] vm=rubis-hvm perf=0.706497 vp=0.878190 cap=351.276076
[1371753116.020849] vm=rubbos-hvm perf=0.962826 vp=0.121680 cap=48.672151
[1371753116.176020] vm=rubis-hvm perf=0.348913 vp=0.878320 cap=351.327849
[1371753121.595205] vm=rubbos-hvm perf=0.962304 vp=0.121327 cap=48.530817
[1371753121.749039] vm=rubis-hvm perf=-0.437558 vp=0.878673 cap=351.469183
[1371753127.146424] vm=rubbos-hvm perf=0.964682 vp=0.121633 cap=48.653079
[1371753127.306543] vm=rubis-hvm perf=0.389569 vp=0.878367 cap=351.346921
[1371753132.709570] vm=rubbos-hvm perf=0.964974 vp=0.121764 cap=48.705485
[1371753132.852144] vm=rubis-hvm perf=0.607547 vp=0.878236 cap=351.294515
[1371753138.208760] vm=rubbos-hvm perf=0.880894 vp=0.122045 cap=48.818162
[1371753138.363891] vm=rubis-hvm perf=0.612199 vp=0.877955 cap=351.181838
[1371753143.726980] vm=rubbos-hvm perf=0.965382 vp=0.121659 cap=48.663656
[1371753143.901824] vm=rubis-hvm perf=0.251440 vp=0.878341 cap=351.336344
[1371753149.318770] vm=rubbos-hvm perf=0.967436 vp=0.120929 cap=48.371735
[1371753149.452705] vm=rubis-hvm perf=-1.322955 vp=0.879071 cap=351.628265
[1371753154.848032] vm=rubbos-hvm perf=0.964050 vp=0.121580 cap=48.631931
[1371753154.987807] vm=rubis-hvm perf=0.375872 vp=0.878420 cap=351.368069
[1371753160.366502] vm=rubbos-hvm perf=0.966146 vp=0.121754 cap=48.701646
[1371753160.513537] vm=rubis-hvm perf=0.609008 vp=0.878246 cap=351.298354
[1371753165.890483] vm=rubbos-hvm perf=0.968908 vp=0.121674 cap=48.669511
[1371753166.049103] vm=rubis-hvm perf=0.393378 vp=0.878326 cap=351.330489
[1371753171.431166] vm=rubbos-hvm perf=0.964172 vp=0.121752 cap=48.700877
[1371753171.594645] vm=rubis-hvm perf=0.563363 vp=0.878248 cap=351.299123
[1371753176.982632] vm=rubbos-hvm perf=0.965532 vp=0.121811 cap=48.724539
[1371753177.139596] vm=rubis-hvm perf=0.687220 vp=0.878189 cap=351.275461
[1371753182.568159] vm=rubbos-hvm perf=-6.504798 vp=0.294430 cap=117.771842
[1371753182.735583] vm=rubis-hvm perf=0.340709 vp=0.705570 cap=282.228158
[1371753188.119136] vm=rubbos-hvm perf=-7.054346 vp=0.431941 cap=172.776346
[1371753188.302579] vm=rubis-hvm perf=-1.336921 vp=0.568059 cap=227.223654
[1371753193.678784] vm=rubbos-hvm perf=-4.357474 vp=0.495301 cap=198.120366
[1371753193.836017] vm=rubis-hvm perf=-0.841090 vp=0.504699 cap=201.879634
[1371753199.217119] vm=rubbos-hvm perf=-3.090210 vp=0.547566 cap=219.026357
[1371753199.390766] vm=rubis-hvm perf=0.368543 vp=0.452434 cap=180.973643
[1371753204.801098] vm=rubbos-hvm perf=-0.226226 vp=0.528891 cap=211.556213
[1371753204.966251] vm=rubis-hvm perf=-1.323794 vp=0.471109 cap=188.443787
[1371753210.338088] vm=rubbos-hvm perf=-0.834226 vp=0.542686 cap=217.074379
[1371753210.515676] vm=rubis-hvm perf=0.126369 vp=0.457314 cap=182.925621
[1371753215.911935] vm=rubbos-hvm perf=-0.658652 vp=0.562973 cap=225.189354
[1371753216.087113] vm=rubis-hvm perf=0.691076 vp=0.437027 cap=174.810646
[1371753221.481052] vm=rubbos-hvm perf=-1.307252 vp=0.584511 cap=233.804335
[1371753221.646897] vm=rubis-hvm perf=0.260423 vp=0.415489 cap=166.195665
[1371753227.031502] vm=rubbos-hvm perf=0.105534 vp=0.595774 cap=238.309511
[1371753227.205941] vm=rubis-hvm perf=0.717317 vp=0.404226 cap=161.690489
[1371753232.600803] vm=rubbos-hvm perf=-0.107154 vp=0.608381 cap=243.352372
[1371753232.783052] vm=rubis-hvm perf=0.632663 vp=0.391619 cap=156.647628
[1371753238.182347] vm=rubbos-hvm perf=0.405758 vp=0.609076 cap=243.630251
[1371753238.333478] vm=rubis-hvm perf=0.299252 vp=0.390924 cap=156.369749
[1371753243.700914] vm=rubbos-hvm perf=0.438484 vp=0.610240 cap=244.096076
[1371753243.881736] vm=rubis-hvm perf=0.345167 vp=0.389760 cap=155.903924
[1371753249.289169] vm=rubbos-hvm perf=0.208406 vp=0.612306 cap=244.922597
[1371753249.444516] vm=rubis-hvm perf=0.245977 vp=0.387694 cap=155.077403
[1371753254.853736] vm=rubbos-hvm perf=-0.026866 vp=0.600641 cap=240.256452
[1371753255.028451] vm=rubis-hvm perf=-0.652061 vp=0.399359 cap=159.743548
[1371753260.424468] vm=rubbos-hvm perf=0.432932 vp=0.592099 cap=236.839609
[1371753260.591266] vm=rubis-hvm perf=-0.186204 vp=0.407901 cap=163.160391
[1371753266.002244] vm=rubbos-hvm perf=0.397066 vp=0.588031 cap=235.212260
[1371753266.167711] vm=rubis-hvm perf=0.044505 vp=0.411969 cap=164.787740
[1371753271.575287] vm=rubbos-hvm perf=0.486874 vp=0.577240 cap=230.895898
[1371753271.730023] vm=rubis-hvm perf=-0.270598 vp=0.422760 cap=169.104102
[1371753277.126157] vm=rubbos-hvm perf=0.174934 vp=0.585884 cap=234.353604
[1371753277.297247] vm=rubis-hvm perf=0.627291 vp=0.414116 cap=165.646396
[1371753282.680361] vm=rubbos-hvm perf=0.327096 vp=0.583913 cap=233.565037
[1371753282.823271] vm=rubis-hvm perf=0.119037 vp=0.416087 cap=166.434963
[1371753288.222202] vm=rubbos-hvm perf=0.413868 vp=0.590139 cap=236.055465
[1371753288.357345] vm=rubis-hvm perf=0.650339 vp=0.409861 cap=163.944535
[1371753293.778939] vm=rubbos-hvm perf=0.393836 vp=0.589090 cap=235.636062
[1371753293.938533] vm=rubis-hvm perf=0.214302 vp=0.410910 cap=164.363938
[1371753299.339491] vm=rubbos-hvm perf=0.117804 vp=0.582470 cap=232.988144
[1371753299.502371] vm=rubis-hvm perf=-0.292405 vp=0.417530 cap=167.011856
[1371753304.928070] vm=rubbos-hvm perf=0.120678 vp=0.586099 cap=234.439527
[1371753305.076653] vm=rubis-hvm perf=0.294153 vp=0.413901 cap=165.560473
[1371753310.501468] vm=rubbos-hvm perf=-0.379216 vp=0.596266 cap=238.506400
[1371753310.684804] vm=rubis-hvm perf=0.310439 vp=0.403734 cap=161.493600
[1371753316.079892] vm=rubbos-hvm perf=-0.601042 vp=0.612887 cap=245.154962
[1371753316.247348] vm=rubis-hvm perf=0.522226 vp=0.387113 cap=154.845038
[1371753321.638972] vm=rubbos-hvm perf=0.398836 vp=0.606432 cap=242.572633
[1371753321.813422] vm=rubis-hvm perf=-0.099202 vp=0.393568 cap=157.427367
[1371753327.212843] vm=rubbos-hvm perf=0.333066 vp=0.599818 cap=239.927199
[1371753327.365421] vm=rubis-hvm perf=-0.147368 vp=0.400182 cap=160.072801
[1371753332.819951] vm=rubbos-hvm perf=0.419712 vp=0.585455 cap=234.181827
[1371753332.999963] vm=rubis-hvm perf=-0.518190 vp=0.414545 cap=165.818173
[1371753338.387244] vm=rubbos-hvm perf=0.428672 vp=0.577884 cap=231.153521
[1371753338.561563] vm=rubis-hvm perf=-0.127516 vp=0.422116 cap=168.846479
[1371753343.959811] vm=rubbos-hvm perf=0.371038 vp=0.585730 cap=234.291996
[1371753344.140068] vm=rubis-hvm perf=0.723607 vp=0.414270 cap=165.708004
[1371753349.524387] vm=rubbos-hvm perf=0.132370 vp=0.593809 cap=237.523409
[1371753349.694820] vm=rubis-hvm perf=0.553363 vp=0.406191 cap=162.476591
[1371753355.096878] vm=rubbos-hvm perf=0.252688 vp=0.594798 cap=237.919071
[1371753355.250319] vm=rubis-hvm perf=0.228376 vp=0.405202 cap=162.080929
[1371753360.645793] vm=rubbos-hvm perf=-0.289924 vp=0.604793 cap=241.917324
[1371753360.792247] vm=rubis-hvm perf=0.362661 vp=0.395207 cap=158.082676
[1371753366.157456] vm=rubbos-hvm perf=0.358936 vp=0.610859 cap=244.343610
[1371753366.343831] vm=rubis-hvm perf=0.568863 vp=0.389141 cap=155.656390
[1371753371.730613] vm=rubbos-hvm perf=0.020866 vp=0.619288 cap=247.715026
[1371753371.905333] vm=rubis-hvm perf=0.473221 vp=0.380712 cap=152.284974
[1371753377.293468] vm=rubbos-hvm perf=-0.250486 vp=0.609261 cap=243.704234
[1371753377.475423] vm=rubis-hvm perf=-0.693694 vp=0.390739 cap=156.295766
[1371753382.896504] vm=rubbos-hvm perf=0.438022 vp=0.615735 cap=246.293908
[1371753383.046756] vm=rubis-hvm perf=0.635128 vp=0.384265 cap=153.706092
[1371753388.456152] vm=rubbos-hvm perf=0.136204 vp=0.622156 cap=248.862571
[1371753388.615592] vm=rubis-hvm perf=0.432644 vp=0.377844 cap=151.137429
[1371753394.038196] vm=rubbos-hvm perf=-0.076284 vp=0.637645 cap=255.057899
[1371753394.202706] vm=rubis-hvm perf=0.783491 vp=0.362355 cap=144.942101
[1371753399.614552] vm=rubbos-hvm perf=0.111492 vp=0.649236 cap=259.694456
[1371753399.754783] vm=rubis-hvm perf=0.669306 vp=0.350764 cap=140.305544
[1371753405.131277] vm=rubbos-hvm perf=0.450656 vp=0.655920 cap=262.367969
[1371753405.295791] vm=rubis-hvm perf=0.586638 vp=0.344080 cap=137.632031
[1371753410.681191] vm=rubbos-hvm perf=0.382086 vp=0.655377 cap=262.150897
[1371753410.857032] vm=rubis-hvm perf=0.172855 vp=0.344623 cap=137.849103
[1371753416.270798] vm=rubbos-hvm perf=0.435552 vp=0.660806 cap=264.322582
[1371753416.433699] vm=rubis-hvm perf=0.505167 vp=0.339194 cap=135.677418
[1371753421.838091] vm=rubbos-hvm perf=0.325038 vp=0.668981 cap=267.592331
[1371753422.006705] vm=rubis-hvm perf=0.579186 vp=0.331019 cap=132.407669
[1371753427.416823] vm=rubbos-hvm perf=0.482774 vp=0.668822 cap=267.528954
[1371753427.590686] vm=rubis-hvm perf=0.230987 vp=0.331178 cap=132.471046
[1371753432.951526] vm=rubbos-hvm perf=0.101798 vp=0.677317 cap=270.926771
[1371753433.108956] vm=rubis-hvm perf=0.473765 vp=0.322683 cap=129.073229
[1371753438.517518] vm=rubbos-hvm perf=0.258406 vp=0.686612 cap=274.644897
[1371753438.682351] vm=rubis-hvm perf=0.580566 vp=0.313388 cap=125.355103
[1371753444.091492] vm=rubbos-hvm perf=-0.008998 vp=0.686400 cap=274.560071
[1371753444.269749] vm=rubis-hvm perf=-0.014402 vp=0.313600 cap=125.439929
[1371753449.673829] vm=rubbos-hvm perf=0.203730 vp=0.693961 cap=277.584506
[1371753449.828934] vm=rubis-hvm perf=0.460265 vp=0.306039 cap=122.415494
[1371753455.215577] vm=rubbos-hvm perf=0.359816 vp=0.695075 cap=278.029831
[1371753455.404355] vm=rubis-hvm perf=0.212156 vp=0.304925 cap=121.970169
[1371753460.795365] vm=rubbos-hvm perf=0.139912 vp=0.694619 cap=277.847426
[1371753460.978924] vm=rubis-hvm perf=0.039510 vp=0.305381 cap=122.152574
[1371753466.370937] vm=rubbos-hvm perf=-0.167758 vp=0.692320 cap=276.927811
[1371753466.521090] vm=rubis-hvm perf=-0.184079 vp=0.307680 cap=123.072189
[1371753471.907308] vm=rubbos-hvm perf=0.386612 vp=0.684871 cap=273.948312
[1371753472.069274] vm=rubis-hvm perf=-0.186819 vp=0.315129 cap=126.051688
[1371753477.499162] vm=rubbos-hvm perf=0.035720 vp=0.687503 cap=275.001268
[1371753477.662639] vm=rubis-hvm perf=0.144557 vp=0.312497 cap=124.998732
[1371753483.018593] vm=rubbos-hvm perf=0.507584 vp=0.676704 cap=270.681469
[1371753483.200882] vm=rubis-hvm perf=-0.292893 vp=0.323296 cap=129.318531
[1371753488.600437] vm=rubbos-hvm perf=0.493804 vp=0.678806 cap=271.522286
[1371753488.780779] vm=rubis-hvm perf=0.339459 vp=0.321194 cap=128.477714
[1371753494.162526] vm=rubbos-hvm perf=0.637662 vp=0.683711 cap=273.484227
[1371753494.318944] vm=rubis-hvm perf=0.542583 vp=0.316289 cap=126.515773
[1371753499.722816] vm=rubbos-hvm perf=0.111752 vp=0.688917 cap=275.566664
[1371753499.900062] vm=rubis-hvm perf=0.305513 vp=0.311083 cap=124.433336
[1371753505.285091] vm=rubbos-hvm perf=-0.019836 vp=0.677377 cap=270.950743
[1371753505.443352] vm=rubis-hvm perf=-0.567312 vp=0.322623 cap=129.049257
[1371753510.851327] vm=rubbos-hvm perf=0.084308 vp=0.690028 cap=276.011201
[1371753511.014539] vm=rubis-hvm perf=0.662710 vp=0.309972 cap=123.988799
[1371753516.425111] vm=rubbos-hvm perf=0.202758 vp=0.695060 cap=278.024183
[1371753516.595209] vm=rubis-hvm perf=0.334186 vp=0.304940 cap=121.975817
[1371753521.996936] vm=rubbos-hvm perf=0.333112 vp=0.696912 cap=278.764957
[1371753522.168005] vm=rubis-hvm perf=0.234958 vp=0.303088 cap=121.235043
[1371753527.583498] vm=rubbos-hvm perf=0.125528 vp=0.697568 cap=279.027100
[1371753527.749586] vm=rubis-hvm perf=0.085938 vp=0.302432 cap=120.972900
[1371753533.168673] vm=rubbos-hvm perf=0.058078 vp=0.701182 cap=280.472976
[1371753533.319994] vm=rubis-hvm perf=0.197908 vp=0.298818 cap=119.527024
[1371753538.689547] vm=rubbos-hvm perf=0.107548 vp=0.698472 cap=279.388834
[1371753538.842638] vm=rubis-hvm perf=-0.083014 vp=0.301528 cap=120.611166
[1371753544.218177] vm=rubbos-hvm perf=0.234784 vp=0.661227 cap=264.490622
[1371753544.378804] vm=rubis-hvm perf=-1.676121 vp=0.338773 cap=135.509378
[1371753549.763407] vm=rubbos-hvm perf=0.482648 vp=0.670746 cap=268.298459
[1371753549.927897] vm=rubis-hvm perf=0.727176 vp=0.329254 cap=131.701541
[1371753555.303006] vm=rubbos-hvm perf=0.000000 vp=0.670746 cap=268.298459
[1371753555.437365] vm=rubis-hvm perf=0.000000 vp=0.329254 cap=131.701541
[1371753560.834751] vm=rubbos-hvm perf=0.000000 vp=0.670746 cap=268.298459
[1371753560.986809] vm=rubis-hvm perf=0.000000 vp=0.329254 cap=131.701541
[1371753566.350348] vm=rubbos-hvm perf=0.000000 vp=0.670746 cap=268.298459
[1371753566.495553] vm=rubis-hvm perf=0.000000 vp=0.329254 cap=131.701541
[1371753571.851543] vm=rubbos-hvm perf=0.000000 vp=0.670746 cap=268.298459
[1371753572.010616] vm=rubis-hvm perf=0.000000 vp=0.329254 cap=131.701541
[1371753577.413677] vm=rubbos-hvm perf=0.000000 vp=0.670746 cap=268.298459
[1371753577.564607] vm=rubis-hvm perf=0.000000 vp=0.329254 cap=131.701541
