2013-06-20 18:47:16.292+0000: 12861: info : libvirt version: 0.9.8
2013-06-20 18:47:16.292+0000: 12861: warning : xenHypervisorMakeCapabilities:2751 : Failed to get host power management capabilities
[1371754041.536533] vm=rubbos-hvm new
[1371754041.536622] vm=rubis-hvm new
[1371754041.536649] vm=rubbos-hvm perf=0.000000 vp=0.500000 cap=200.000000
[1371754041.711287] vm=rubis-hvm perf=0.000000 vp=0.500000 cap=200.000000
[1371754047.063760] vm=rubbos-hvm perf=0.000000 vp=0.500000 cap=200.000000
[1371754047.225581] vm=rubis-hvm perf=0.000000 vp=0.500000 cap=200.000000
[1371754052.640136] vm=rubbos-hvm perf=0.970678 vp=0.493650 cap=197.459921
[1371754052.799408] vm=rubis-hvm perf=0.547332 vp=0.506350 cap=202.540079
[1371754058.184976] vm=rubbos-hvm perf=0.965720 vp=0.482570 cap=193.028037
[1371754058.350912] vm=rubis-hvm perf=0.242416 vp=0.517430 cap=206.971963
[1371754063.730064] vm=rubbos-hvm perf=0.969792 vp=0.463136 cap=185.254594
[1371754063.877650] vm=rubis-hvm perf=-0.302521 vp=0.536864 cap=214.745406
[1371754069.259859] vm=rubbos-hvm perf=0.966350 vp=0.456725 cap=182.689888
[1371754069.412312] vm=rubis-hvm perf=0.658710 vp=0.543275 cap=217.310112
[1371754074.790445] vm=rubbos-hvm perf=0.966156 vp=0.449392 cap=179.756963
[1371754074.953637] vm=rubis-hvm perf=0.614108 vp=0.550608 cap=220.243037
[1371754080.332465] vm=rubbos-hvm perf=0.963518 vp=0.439682 cap=175.872993
[1371754080.491013] vm=rubis-hvm perf=0.460302 vp=0.560318 cap=224.127007
[1371754085.873888] vm=rubbos-hvm perf=0.966332 vp=0.430465 cap=172.185870
[1371754086.048737] vm=rubis-hvm perf=0.532640 vp=0.569535 cap=227.814130
[1371754091.400944] vm=rubbos-hvm perf=0.966856 vp=0.413587 cap=165.434741
[1371754091.560541] vm=rubis-hvm perf=-0.027727 vp=0.586413 cap=234.565259
[1371754096.957550] vm=rubbos-hvm perf=0.965780 vp=0.402298 cap=160.919172
[1371754097.118139] vm=rubis-hvm perf=0.459513 vp=0.597702 cap=239.080828
[1371754102.498911] vm=rubbos-hvm perf=0.967520 vp=0.390722 cap=156.288796
[1371754102.661935] vm=rubis-hvm perf=0.478312 vp=0.609278 cap=243.711204
[1371754108.049404] vm=rubbos-hvm perf=0.967928 vp=0.370667 cap=148.266775
[1371754108.192502] vm=rubis-hvm perf=-0.201587 vp=0.629333 cap=251.733225
[1371754113.586324] vm=rubbos-hvm perf=0.964950 vp=0.356540 cap=142.616122
[1371754113.765247] vm=rubis-hvm perf=0.367951 vp=0.643460 cap=257.383878
[1371754119.159825] vm=rubbos-hvm perf=0.959330 vp=0.344010 cap=137.603999
[1371754119.333612] vm=rubis-hvm perf=0.559862 vp=0.655990 cap=262.396001
[1371754124.707268] vm=rubbos-hvm perf=0.962010 vp=0.332208 cap=132.883092
[1371754124.884015] vm=rubis-hvm perf=0.690852 vp=0.667792 cap=267.116908
[1371754130.290225] vm=rubbos-hvm perf=0.961676 vp=0.319368 cap=127.747253
[1371754130.446808] vm=rubis-hvm perf=0.644817 vp=0.680632 cap=272.252747
[1371754135.850226] vm=rubbos-hvm perf=0.957946 vp=0.295924 cap=118.369742
[1371754136.012658] vm=rubis-hvm perf=-0.405334 vp=0.704076 cap=281.630258
[1371754141.415261] vm=rubbos-hvm perf=0.966752 vp=0.281244 cap=112.497734
[1371754141.590197] vm=rubis-hvm perf=0.646559 vp=0.718756 cap=287.502266
[1371754146.958433] vm=rubbos-hvm perf=0.967374 vp=0.266242 cap=106.496602
[1371754147.120074] vm=rubis-hvm perf=0.694098 vp=0.733758 cap=293.503398
[1371754152.512313] vm=rubbos-hvm perf=0.966116 vp=0.248352 cap=99.340675
[1371754152.675776] vm=rubis-hvm perf=0.422806 vp=0.751648 cap=300.659325
[1371754158.072320] vm=rubbos-hvm perf=0.964872 vp=0.228958 cap=91.583297
[1371754158.232897] vm=rubis-hvm perf=0.317278 vp=0.771042 cap=308.416703
[1371754163.592396] vm=rubbos-hvm perf=0.964720 vp=0.208482 cap=83.392716
[1371754163.761804] vm=rubis-hvm perf=0.267696 vp=0.791518 cap=316.607284
[1371754169.143145] vm=rubbos-hvm perf=0.966088 vp=0.187262 cap=74.904655
[1371754169.322859] vm=rubis-hvm perf=0.275025 vp=0.812738 cap=325.095345
[1371754174.715984] vm=rubbos-hvm perf=0.964690 vp=0.164548 cap=65.819260
[1371754174.871058] vm=rubis-hvm perf=0.143780 vp=0.835452 cap=334.180740
[1371754180.287896] vm=rubbos-hvm perf=0.964352 vp=0.143320 cap=57.328119
[1371754180.447351] vm=rubis-hvm perf=0.596024 vp=0.856680 cap=342.671881
[1371754185.840490] vm=rubbos-hvm perf=0.963220 vp=0.124457 cap=49.782759
[1371754186.015196] vm=rubis-hvm perf=0.481685 vp=0.875543 cap=350.217241
[1371754191.391868] vm=rubbos-hvm perf=0.966360 vp=0.122021 cap=48.808484
[1371754191.543433] vm=rubis-hvm perf=0.405423 vp=0.877979 cap=351.191516
[1371754196.926740] vm=rubbos-hvm perf=0.962644 vp=0.121760 cap=48.703935
[1371754197.065874] vm=rubis-hvm perf=0.470720 vp=0.878240 cap=351.296065
[1371754202.444174] vm=rubbos-hvm perf=0.962994 vp=0.121752 cap=48.700684
[1371754202.594596] vm=rubis-hvm perf=0.529112 vp=0.878248 cap=351.299316
[1371754207.961193] vm=rubbos-hvm perf=0.964658 vp=0.121805 cap=48.722048
[1371754208.114473] vm=rubis-hvm perf=0.666691 vp=0.878195 cap=351.277952
[1371754213.492815] vm=rubbos-hvm perf=0.965216 vp=0.121837 cap=48.734805
[1371754213.649547] vm=rubis-hvm perf=0.728898 vp=0.878163 cap=351.265195
[1371754219.047164] vm=rubbos-hvm perf=0.965342 vp=0.121729 cap=48.691529
[1371754219.193335] vm=rubis-hvm perf=0.471161 vp=0.878271 cap=351.308471
[1371754224.579029] vm=rubbos-hvm perf=0.943900 vp=0.121886 cap=48.754226
[1371754224.725480] vm=rubis-hvm perf=0.708970 vp=0.878114 cap=351.245774
[1371754230.110721] vm=rubbos-hvm perf=0.962530 vp=0.121783 cap=48.713397
[1371754230.282726] vm=rubis-hvm perf=0.563124 vp=0.878217 cap=351.286603
[1371754235.645705] vm=rubbos-hvm perf=0.963528 vp=0.121809 cap=48.723772
[1371754235.805038] vm=rubis-hvm perf=0.659358 vp=0.878191 cap=351.276228
[1371754241.186245] vm=rubbos-hvm perf=0.962746 vp=0.121725 cap=48.690048
[1371754241.362754] vm=rubis-hvm perf=0.451777 vp=0.878275 cap=351.309952
[1371754246.733869] vm=rubbos-hvm perf=0.961738 vp=0.121764 cap=48.705426
[1371754246.886684] vm=rubis-hvm perf=0.557352 vp=0.878236 cap=351.294574
[1371754252.269761] vm=rubbos-hvm perf=0.964800 vp=0.121455 cap=48.582098
[1371754252.439255] vm=rubis-hvm perf=-0.144978 vp=0.878545 cap=351.417902
[1371754257.809964] vm=rubbos-hvm perf=0.965024 vp=0.119923 cap=47.969274
[1371754257.979750] vm=rubis-hvm perf=-3.665174 vp=0.880077 cap=352.030726
[1371754263.399471] vm=rubbos-hvm perf=0.960864 vp=0.120717 cap=48.286987
[1371754263.584284] vm=rubis-hvm perf=-1.398068 vp=0.879283 cap=351.713013
[1371754268.964948] vm=rubbos-hvm perf=0.965526 vp=0.121663 cap=48.665220
[1371754269.108103] vm=rubis-hvm perf=0.641671 vp=0.878337 cap=351.334780
[1371754274.466960] vm=rubbos-hvm perf=0.968140 vp=0.121806 cap=48.722507
[1371754274.634538] vm=rubis-hvm perf=0.719960 vp=0.878194 cap=351.277493
[1371754280.002282] vm=rubbos-hvm perf=0.965454 vp=0.121713 cap=48.685302
[1371754280.166256] vm=rubis-hvm perf=0.444804 vp=0.878287 cap=351.314698
[1371754285.529033] vm=rubbos-hvm perf=0.963810 vp=0.121774 cap=48.709531
[1371754285.687064] vm=rubis-hvm perf=0.599401 vp=0.878226 cap=351.290469
[1371754291.064757] vm=rubbos-hvm perf=0.966276 vp=0.121612 cap=48.644772
[1371754291.230681] vm=rubis-hvm perf=0.225762 vp=0.878388 cap=351.355228
[1371754296.623058] vm=rubbos-hvm perf=0.964562 vp=0.121733 cap=48.693044
[1371754296.801481] vm=rubis-hvm perf=0.538644 vp=0.878267 cap=351.306956
[1371754302.213968] vm=rubbos-hvm perf=0.963162 vp=0.121723 cap=48.689236
[1371754302.383519] vm=rubis-hvm perf=0.472012 vp=0.878277 cap=351.310764
[1371754307.780874] vm=rubbos-hvm perf=0.963860 vp=0.121264 cap=48.505562
[1371754307.945236] vm=rubis-hvm perf=-0.585106 vp=0.878736 cap=351.494438
[1371754313.311006] vm=rubbos-hvm perf=0.959724 vp=0.121695 cap=48.678026
[1371754313.476319] vm=rubis-hvm perf=0.516478 vp=0.878305 cap=351.321974
[1371754318.840959] vm=rubbos-hvm perf=0.965534 vp=0.121732 cap=48.692782
[1371754319.006701] vm=rubis-hvm perf=0.520346 vp=0.878268 cap=351.307218
[1371754324.365317] vm=rubbos-hvm perf=0.965102 vp=0.121666 cap=48.666409
[1371754324.511494] vm=rubis-hvm perf=0.354301 vp=0.878334 cap=351.333591
[1371754329.892719] vm=rubbos-hvm perf=0.890044 vp=0.121871 cap=48.748500
[1371754330.076527] vm=rubis-hvm perf=0.305222 vp=0.878129 cap=351.251500
[1371754335.462982] vm=rubbos-hvm perf=0.965312 vp=0.121264 cap=48.505507
[1371754335.629721] vm=rubis-hvm perf=-0.615947 vp=0.878736 cap=351.494493
[1371754341.014851] vm=rubbos-hvm perf=0.966118 vp=0.121682 cap=48.672631
[1371754341.198291] vm=rubis-hvm perf=0.531557 vp=0.878318 cap=351.327369
[1371754346.567296] vm=rubbos-hvm perf=0.966570 vp=0.121800 cap=48.720061
[1371754346.734531] vm=rubis-hvm perf=0.689182 vp=0.878200 cap=351.279939
[1371754352.122121] vm=rubbos-hvm perf=0.965322 vp=0.121405 cap=48.561907
[1371754352.277997] vm=rubis-hvm perf=-0.268580 vp=0.878595 cap=351.438093
[1371754357.653641] vm=rubbos-hvm perf=0.964858 vp=0.121515 cap=48.605940
[1371754357.807590] vm=rubis-hvm perf=0.094988 vp=0.878485 cap=351.394060
[1371754363.210549] vm=rubbos-hvm perf=0.965142 vp=0.121729 cap=48.691518
[1371754363.343978] vm=rubis-hvm perf=0.561833 vp=0.878271 cap=351.308482
[1371754368.704430] vm=rubbos-hvm perf=0.963172 vp=0.121628 cap=48.651009
[1371754368.859782] vm=rubis-hvm perf=0.252225 vp=0.878372 cap=351.348991
[1371754374.217113] vm=rubbos-hvm perf=0.965052 vp=0.121338 cap=48.535005
[1371754374.369127] vm=rubis-hvm perf=-0.378635 vp=0.878662 cap=351.464995
[1371754379.768303] vm=rubbos-hvm perf=0.964114 vp=0.121605 cap=48.641976
[1371754379.927988] vm=rubis-hvm perf=0.318023 vp=0.878395 cap=351.358024
[1371754385.323824] vm=rubbos-hvm perf=0.968492 vp=0.121692 cap=48.676625
[1371754385.499149] vm=rubis-hvm perf=0.474087 vp=0.878308 cap=351.323375
[1371754390.885719] vm=rubbos-hvm perf=0.967906 vp=0.121661 cap=48.664390
[1371754391.048294] vm=rubis-hvm perf=0.374367 vp=0.878339 cap=351.335610
[1371754396.443077] vm=rubbos-hvm perf=0.967240 vp=0.121740 cap=48.695827
[1371754396.613634] vm=rubis-hvm perf=0.560010 vp=0.878260 cap=351.304173
[1371754401.991324] vm=rubbos-hvm perf=0.960362 vp=0.121759 cap=48.703498
[1371754402.145354] vm=rubis-hvm perf=0.532162 vp=0.878241 cap=351.296502
[1371754407.557809] vm=rubbos-hvm perf=0.965102 vp=0.121687 cap=48.674677
[1371754407.724638] vm=rubis-hvm perf=0.394452 vp=0.878313 cap=351.325323
[1371754413.105721] vm=rubbos-hvm perf=0.963946 vp=0.121670 cap=48.667898
[1371754413.269165] vm=rubis-hvm perf=0.367459 vp=0.878330 cap=351.332102
[1371754418.644988] vm=rubbos-hvm perf=0.965208 vp=0.121380 cap=48.552016
[1371754418.825380] vm=rubis-hvm perf=-0.290393 vp=0.878620 cap=351.447984
[1371754424.211902] vm=rubbos-hvm perf=0.965094 vp=0.121317 cap=48.526842
[1371754424.382917] vm=rubis-hvm perf=-0.356761 vp=0.878683 cap=351.473158
[1371754429.750175] vm=rubbos-hvm perf=0.966074 vp=0.121344 cap=48.537596
[1371754429.929892] vm=rubis-hvm perf=-0.269330 vp=0.878656 cap=351.462404
[1371754435.316300] vm=rubbos-hvm perf=0.964062 vp=0.121686 cap=48.674434
[1371754435.487886] vm=rubis-hvm perf=0.504094 vp=0.878314 cap=351.325566
[1371754440.868686] vm=rubbos-hvm perf=0.966718 vp=0.121771 cap=48.708383
[1371754441.039380] vm=rubis-hvm perf=0.621551 vp=0.878229 cap=351.291617
[1371754446.428397] vm=rubbos-hvm perf=0.967434 vp=0.121697 cap=48.678980
[1371754446.589474] vm=rubis-hvm perf=0.432646 vp=0.878303 cap=351.321020
[1371754451.975940] vm=rubbos-hvm perf=-6.743110 vp=0.299434 cap=119.773598
[1371754452.117311] vm=rubis-hvm perf=0.016936 vp=0.700566 cap=280.226402
[1371754457.496919] vm=rubbos-hvm perf=-12.723776 vp=0.559169 cap=223.667472
[1371754457.668507] vm=rubis-hvm perf=-0.855021 vp=0.440831 cap=176.332528
[1371754463.071371] vm=rubbos-hvm perf=-7.219970 vp=0.596590 cap=238.636183
[1371754463.243133] vm=rubis-hvm perf=-3.461203 vp=0.403410 cap=161.363817
[1371754468.659238] vm=rubbos-hvm perf=-4.576798 vp=0.581307 cap=232.522961
[1371754468.800737] vm=rubis-hvm perf=-3.948704 vp=0.418693 cap=167.477039
[1371754474.172069] vm=rubbos-hvm perf=-4.849628 vp=0.570529 cap=228.211553
[1371754474.312318] vm=rubis-hvm perf=-4.111056 vp=0.429471 cap=171.788447
[1371754479.706574] vm=rubbos-hvm perf=-2.351430 vp=0.611764 cap=244.705644
[1371754479.859270] vm=rubis-hvm perf=0.639120 vp=0.388236 cap=155.294356
[1371754485.262937] vm=rubbos-hvm perf=-5.246960 vp=0.685232 cap=274.092712
[1371754485.444692] vm=rubis-hvm perf=0.673240 vp=0.314768 cap=125.907288
[1371754490.848283] vm=rubbos-hvm perf=-5.699808 vp=0.749978 cap=299.991380
[1371754491.014016] vm=rubis-hvm perf=0.531359 vp=0.250022 cap=100.008620
[1371754496.382065] vm=rubbos-hvm perf=-0.904766 vp=0.722795 cap=289.118039
[1371754496.546251] vm=rubis-hvm perf=-1.509807 vp=0.277205 cap=110.881961
[1371754501.935175] vm=rubbos-hvm perf=-0.791818 vp=0.742016 cap=296.806442
[1371754502.122468] vm=rubis-hvm perf=0.582744 vp=0.257984 cap=103.193558
[1371754507.470366] vm=rubbos-hvm perf=-0.740770 vp=0.760195 cap=304.077888
[1371754507.634907] vm=rubis-hvm perf=0.559081 vp=0.239805 cap=95.922112
[1371754513.038535] vm=rubbos-hvm perf=-0.042528 vp=0.765183 cap=306.073295
[1371754513.188611] vm=rubis-hvm perf=0.205323 vp=0.234817 cap=93.926705
[1371754518.566426] vm=rubbos-hvm perf=-0.324290 vp=0.767614 cap=307.045627
[1371754518.726535] vm=rubis-hvm perf=0.006376 vp=0.232386 cap=92.954373
[1371754524.102743] vm=rubbos-hvm perf=-0.818568 vp=0.787592 cap=315.036797
[1371754524.269859] vm=rubis-hvm perf=0.619722 vp=0.212408 cap=84.963203
[1371754529.684160] vm=rubbos-hvm perf=-0.003020 vp=0.774539 cap=309.815417
[1371754529.840345] vm=rubis-hvm perf=-0.553277 vp=0.225461 cap=90.184583
[1371754535.231208] vm=rubbos-hvm perf=-0.002496 vp=0.702379 cap=280.951673
[1371754535.394817] vm=rubis-hvm perf=-3.106204 vp=0.297621 cap=119.048327
[1371754540.780145] vm=rubbos-hvm perf=-0.686264 vp=0.721542 cap=288.616876
[1371754540.952721] vm=rubis-hvm perf=0.618641 vp=0.278458 cap=111.383124
[1371754546.373323] vm=rubbos-hvm perf=-0.771486 vp=0.740269 cap=296.107557
[1371754546.539737] vm=rubis-hvm perf=0.567392 vp=0.259731 cap=103.892443
[1371754551.958616] vm=rubbos-hvm perf=-0.631360 vp=0.760943 cap=304.377196
[1371754552.119380] vm=rubis-hvm perf=0.709408 vp=0.239057 cap=95.622804
[1371754557.519954] vm=rubbos-hvm perf=-0.329864 vp=0.776892 cap=310.756642
[1371754557.697785] vm=rubis-hvm perf=0.595004 vp=0.223108 cap=89.243358
[1371754563.093714] vm=rubbos-hvm perf=-0.044268 vp=0.795070 cap=318.027927
[1371754563.245748] vm=rubis-hvm perf=0.767242 vp=0.204930 cap=81.972073
[1371754568.632601] vm=rubbos-hvm perf=0.001294 vp=0.770584 cap=308.233536
[1371754568.780716] vm=rubis-hvm perf=-1.026242 vp=0.229416 cap=91.766464
[1371754574.168550] vm=rubbos-hvm perf=0.437994 vp=0.715196 cap=286.078595
[1371754574.339933] vm=rubis-hvm perf=-2.265506 vp=0.284804 cap=113.921405
[1371754579.767391] vm=rubbos-hvm perf=-1.187926 vp=0.738276 cap=295.310393
[1371754579.945299] vm=rubis-hvm perf=0.602619 vp=0.261724 cap=104.689607
[1371754585.317554] vm=rubbos-hvm perf=-0.456078 vp=0.756312 cap=302.524954
[1371754585.482025] vm=rubis-hvm perf=0.652665 vp=0.243688 cap=97.475046
[1371754590.903380] vm=rubbos-hvm perf=-2.212682 vp=0.784341 cap=313.736463
[1371754591.065383] vm=rubis-hvm perf=0.522389 vp=0.215659 cap=86.263537
[1371754596.475560] vm=rubbos-hvm perf=0.358766 vp=0.789831 cap=315.932531
[1371754596.654256] vm=rubis-hvm perf=0.331969 vp=0.210169 cap=84.067469
[1371754602.033409] vm=rubbos-hvm perf=0.279534 vp=0.799178 cap=319.671174
[1371754602.162730] vm=rubis-hvm perf=0.468838 vp=0.200822 cap=80.328826
[1371754607.524925] vm=rubbos-hvm perf=-0.008846 vp=0.810582 cap=324.232997
[1371754607.690682] vm=rubis-hvm perf=0.473456 vp=0.189418 cap=75.767003
[1371754613.078975] vm=rubbos-hvm perf=0.151678 vp=0.822096 cap=328.838509
[1371754613.236649] vm=rubis-hvm perf=0.508922 vp=0.177904 cap=71.161491
[1371754618.608507] vm=rubbos-hvm perf=0.240482 vp=0.826137 cap=330.454965
[1371754618.785695] vm=rubis-hvm perf=0.215896 vp=0.173863 cap=69.545035
[1371754624.192612] vm=rubbos-hvm perf=-2.274046 vp=0.799581 cap=319.832316
[1371754624.338641] vm=rubis-hvm perf=-1.550096 vp=0.200419 cap=80.167684
[1371754629.712343] vm=rubbos-hvm perf=0.072782 vp=0.808734 cap=323.493697
[1371754629.868559] vm=rubis-hvm perf=0.399837 vp=0.191266 cap=76.506303
[1371754635.252888] vm=rubbos-hvm perf=-0.128804 vp=0.799109 cap=319.643780
[1371754635.407350] vm=rubis-hvm perf=-0.427164 vp=0.200891 cap=80.356220
[1371754640.788056] vm=rubbos-hvm perf=-0.087530 vp=0.795530 cap=318.211878
[1371754640.937302] vm=rubis-hvm perf=-0.171327 vp=0.204470 cap=81.788122
[1371754646.359266] vm=rubbos-hvm perf=0.193556 vp=0.807495 cap=322.997835
[1371754646.528698] vm=rubis-hvm perf=0.551087 vp=0.192505 cap=77.002165
[1371754651.902751] vm=rubbos-hvm perf=0.109640 vp=0.824097 cap=329.638657
[1371754652.084355] vm=rubis-hvm perf=0.711470 vp=0.175903 cap=70.361343
[1371754657.474155] vm=rubbos-hvm perf=-0.403138 vp=0.844671 cap=337.868540
[1371754657.632378] vm=rubis-hvm perf=0.746163 vp=0.155329 cap=62.131460
[1371754663.040641] vm=rubbos-hvm perf=0.516026 vp=0.833328 cap=333.331386
[1371754663.214264] vm=rubis-hvm perf=-0.352732 vp=0.166672 cap=66.668614
[1371754668.589911] vm=rubbos-hvm perf=0.120978 vp=0.847474 cap=338.989409
[1371754668.742862] vm=rubis-hvm perf=0.590002 vp=0.152526 cap=61.010591
[1371754674.164126] vm=rubbos-hvm perf=0.139784 vp=0.858621 cap=343.448539
[1371754674.337149] vm=rubis-hvm perf=0.463631 vp=0.141379 cap=56.551461
[1371754679.704782] vm=rubbos-hvm perf=0.156606 vp=0.871545 cap=348.617809
[1371754679.857404] vm=rubis-hvm perf=0.527489 vp=0.128455 cap=51.382191
[1371754685.245308] vm=rubbos-hvm perf=0.193374 vp=0.873399 cap=349.359642
[1371754685.413286] vm=rubis-hvm perf=0.099432 vp=0.126601 cap=50.640358
[1371754690.780190] vm=rubbos-hvm perf=-0.561260 vp=0.876903 cap=350.761158
[1371754690.942798] vm=rubis-hvm perf=0.569717 vp=0.123097 cap=49.238842
[1371754696.343046] vm=rubbos-hvm perf=-0.318316 vp=0.876632 cap=350.652795
[1371754696.514844] vm=rubis-hvm perf=0.385835 vp=0.123368 cap=49.347205
[1371754701.901697] vm=rubbos-hvm perf=-0.341810 vp=0.873532 cap=349.412797
[1371754702.068545] vm=rubis-hvm perf=-0.165978 vp=0.126468 cap=50.587203
[1371754707.442449] vm=rubbos-hvm perf=0.180248 vp=0.876261 cap=350.504557
[1371754707.581439] vm=rubis-hvm perf=0.471110 vp=0.123739 cap=49.495443
[1371754712.934718] vm=rubbos-hvm perf=-0.183638 vp=0.876401 cap=350.560428
[1371754713.100905] vm=rubis-hvm perf=0.357296 vp=0.123599 cap=49.439572
[1371754718.497748] vm=rubbos-hvm perf=-0.026516 vp=0.876773 cap=350.709180
[1371754718.665354] vm=rubis-hvm perf=0.490197 vp=0.123227 cap=49.290820
[1371754724.053906] vm=rubbos-hvm perf=-0.687432 vp=0.876533 cap=350.613084
[1371754724.199893] vm=rubis-hvm perf=0.307934 vp=0.123467 cap=49.386916
[1371754729.600245] vm=rubbos-hvm perf=-0.359820 vp=0.827517 cap=331.006748
[1371754729.767960] vm=rubis-hvm perf=-1.914689 vp=0.172483 cap=68.993252
[1371754735.166432] vm=rubbos-hvm perf=0.174390 vp=0.743103 cap=297.241300
[1371754735.332816] vm=rubis-hvm perf=-3.363929 vp=0.256897 cap=102.758700
[1371754740.728800] vm=rubbos-hvm perf=-5.742778 vp=0.800594 cap=320.237758
[1371754740.899092] vm=rubis-hvm perf=0.593552 vp=0.199406 cap=79.762242
[1371754746.258407] vm=rubbos-hvm perf=0.195030 vp=0.817414 cap=326.965406
[1371754746.428495] vm=rubis-hvm perf=0.748853 vp=0.182586 cap=73.034594
[1371754751.805697] vm=rubbos-hvm perf=-0.416972 vp=0.841101 cap=336.440387
[1371754751.957069] vm=rubis-hvm perf=0.872812 vp=0.158899 cap=63.559613
[1371754757.346120] vm=rubbos-hvm perf=-0.583730 vp=0.854515 cap=341.805828
[1371754757.509730] vm=rubis-hvm perf=0.421312 vp=0.145485 cap=58.194172
[1371754762.906903] vm=rubbos-hvm perf=0.282660 vp=0.862196 cap=344.878396
[1371754763.051605] vm=rubis-hvm perf=0.347765 vp=0.137804 cap=55.121604
[1371754768.432882] vm=rubbos-hvm perf=0.095276 vp=0.870258 cap=348.103244
[1371754768.616323] vm=rubis-hvm perf=0.326917 vp=0.129742 cap=51.896756
[1371754773.995516] vm=rubbos-hvm perf=-0.029862 vp=0.862747 cap=345.098660
[1371754774.165952] vm=rubis-hvm perf=-0.292162 vp=0.137253 cap=54.901340
[1371754779.578987] vm=rubbos-hvm perf=0.021352 vp=0.851651 cap=340.660316
[1371754779.766785] vm=rubis-hvm perf=-0.425306 vp=0.148349 cap=59.339684
[1371754785.154795] vm=rubbos-hvm perf=0.255066 vp=0.857513 cap=343.005137
[1371754785.308857] vm=rubis-hvm perf=0.273869 vp=0.142487 cap=56.994863
[1371754790.697760] vm=rubbos-hvm perf=0.047454 vp=0.872428 cap=348.971368
[1371754790.834452] vm=rubis-hvm perf=0.587685 vp=0.127572 cap=51.028632
[1371754796.180426] vm=rubbos-hvm perf=-0.404994 vp=0.871577 cap=348.630834
[1371754796.331886] vm=rubis-hvm perf=-0.091748 vp=0.128423 cap=51.369166
[1371754801.714712] vm=rubbos-hvm perf=0.144184 vp=0.875667 cap=350.266828
[1371754801.884951] vm=rubis-hvm perf=0.357345 vp=0.124333 cap=49.733172
[1371754807.267671] vm=rubbos-hvm perf=0.246728 vp=0.875944 cap=350.377670
[1371754807.417935] vm=rubis-hvm perf=0.299357 vp=0.124056 cap=49.622330
[1371754812.800201] vm=rubbos-hvm perf=0.170466 vp=0.876124 cap=350.449683
[1371754812.972788] vm=rubis-hvm perf=0.333565 vp=0.123876 cap=49.550317
[1371754818.384307] vm=rubbos-hvm perf=0.018730 vp=0.875403 cap=350.161174
[1371754818.518417] vm=rubis-hvm perf=0.082915 vp=0.124597 cap=49.838826
[1371754823.908963] vm=rubbos-hvm perf=0.188480 vp=0.876954 cap=350.781454
[1371754824.063077] vm=rubis-hvm perf=0.616052 vp=0.123046 cap=49.218546
[1371754829.425487] vm=rubbos-hvm perf=-0.251590 vp=0.838802 cap=335.520617
[1371754829.591125] vm=rubis-hvm perf=-1.485476 vp=0.161198 cap=64.479383
[1371754835.012945] vm=rubbos-hvm perf=0.017880 vp=0.844669 cap=337.867485
[1371754835.171663] vm=rubis-hvm perf=0.236593 vp=0.155331 cap=62.132515
[1371754840.551784] vm=rubbos-hvm perf=-0.441364 vp=0.864954 cap=345.981413
[1371754840.685074] vm=rubis-hvm perf=0.719339 vp=0.135046 cap=54.018587
[1371754846.073817] vm=rubbos-hvm perf=-0.046800 vp=0.857316 cap=342.926586
[1371754846.246190] vm=rubis-hvm perf=-0.301622 vp=0.142684 cap=57.073414
[1371754851.681661] vm=rubbos-hvm perf=-0.392768 vp=0.875216 cap=350.086240
[1371754851.838373] vm=rubis-hvm perf=0.689363 vp=0.124784 cap=49.913760
[1371754857.232336] vm=rubbos-hvm perf=0.071950 vp=0.877966 cap=351.186357
[1371754857.406745] vm=rubis-hvm perf=0.927678 vp=0.122034 cap=48.813643
[1371754862.804371] vm=rubbos-hvm perf=0.114100 vp=0.878356 cap=351.342502
[1371754862.969893] vm=rubis-hvm perf=0.950784 vp=0.121644 cap=48.657498
[1371754868.375357] vm=rubbos-hvm perf=0.234792 vp=0.875312 cap=350.124660
[1371754868.527524] vm=rubis-hvm perf=0.000000 vp=0.124688 cap=49.875340
[1371754873.934291] vm=rubbos-hvm perf=-0.469776 vp=0.875258 cap=350.103232
[1371754874.095444] vm=rubis-hvm perf=0.000000 vp=0.124742 cap=49.896768
[1371754879.475325] vm=rubbos-hvm perf=0.389368 vp=0.878048 cap=351.219134
[1371754879.654582] vm=rubis-hvm perf=0.997462 vp=0.121952 cap=48.780866
[1371754885.059733] vm=rubbos-hvm perf=0.248496 vp=0.877291 cap=350.916282
[1371754885.253017] vm=rubis-hvm perf=0.627492 vp=0.122709 cap=49.083718
[1371754890.655922] vm=rubbos-hvm perf=0.461430 vp=0.877032 cap=350.812757
[1371754890.820117] vm=rubis-hvm perf=0.605336 vp=0.122968 cap=49.187243
[1371754896.218097] vm=rubbos-hvm perf=-0.760512 vp=0.878228 cap=351.291054
[1371754896.391281] vm=rubis-hvm perf=0.823536 vp=0.121772 cap=48.708946
[1371754901.809431] vm=rubbos-hvm perf=0.304324 vp=0.878266 cap=351.306564
[1371754901.998797] vm=rubis-hvm perf=0.938123 vp=0.121734 cap=48.693436
[1371754907.372846] vm=rubbos-hvm perf=0.025380 vp=0.877711 cap=351.084311
[1371754907.516354] vm=rubis-hvm perf=0.720860 vp=0.122289 cap=48.915689
[1371754912.902135] vm=rubbos-hvm perf=0.139078 vp=0.878274 cap=351.309486
[1371754913.078501] vm=rubis-hvm perf=0.937800 vp=0.121726 cap=48.690514
[1371754918.487158] vm=rubbos-hvm perf=0.155856 vp=0.877366 cap=350.946243
[1371754918.659610] vm=rubis-hvm perf=0.629468 vp=0.122634 cap=49.053757
[1371754924.100341] vm=rubbos-hvm perf=-0.201946 vp=0.877332 cap=350.932785
[1371754924.265872] vm=rubis-hvm perf=0.604149 vp=0.122668 cap=49.067215
[1371754929.649514] vm=rubbos-hvm perf=-0.274822 vp=0.877629 cap=351.051633
[1371754929.778645] vm=rubis-hvm perf=0.689257 vp=0.122371 cap=48.948367
[1371754935.184066] vm=rubbos-hvm perf=0.157322 vp=0.878207 cap=351.282710
[1371754935.343759] vm=rubis-hvm perf=0.922111 vp=0.121793 cap=48.717290
[1371754940.733829] vm=rubbos-hvm perf=0.273930 vp=0.877426 cap=350.970274
[1371754940.907580] vm=rubis-hvm perf=0.667406 vp=0.122574 cap=49.029726
[1371754946.292789] vm=rubbos-hvm perf=0.307070 vp=0.877115 cap=350.845850
[1371754946.429838] vm=rubis-hvm perf=0.604480 vp=0.122885 cap=49.154150
[1371754951.818581] vm=rubbos-hvm perf=-0.028854 vp=0.878176 cap=351.270566
[1371754952.003336] vm=rubis-hvm perf=0.906491 vp=0.121824 cap=48.729434
[1371754957.382532] vm=rubbos-hvm perf=-0.185436 vp=0.877635 cap=351.054108
[1371754957.513848] vm=rubis-hvm perf=0.671166 vp=0.122365 cap=48.945892
[1371754962.910183] vm=rubbos-hvm perf=0.418784 vp=0.878229 cap=351.291472
[1371754963.069132] vm=rubis-hvm perf=0.965334 vp=0.121771 cap=48.708528
[1371754968.487383] vm=rubbos-hvm perf=-0.287082 vp=0.878190 cap=351.276025
[1371754968.672555] vm=rubis-hvm perf=0.831652 vp=0.121810 cap=48.723975
[1371754974.047992] vm=rubbos-hvm perf=0.310670 vp=0.877369 cap=350.947537
[1371754974.211273] vm=rubis-hvm perf=0.655212 vp=0.122631 cap=49.052463
[1371754979.617781] vm=rubbos-hvm perf=0.154016 vp=0.877337 cap=350.934603
[1371754979.782757] vm=rubis-hvm perf=0.655212 vp=0.122663 cap=49.065397
[1371754985.193781] vm=rubbos-hvm perf=0.058152 vp=0.877352 cap=350.940850
[1371754985.369540] vm=rubis-hvm perf=0.647998 vp=0.122648 cap=49.059150
[1371754990.763412] vm=rubbos-hvm perf=-0.174744 vp=0.877457 cap=350.982831
[1371754990.938318] vm=rubis-hvm perf=0.647998 vp=0.122543 cap=49.017169
[1371754996.323191] vm=rubbos-hvm perf=-0.010338 vp=0.877931 cap=351.172421
[1371754996.503647] vm=rubis-hvm perf=0.817376 vp=0.122069 cap=48.827579
[1371755001.878288] vm=rubbos-hvm perf=-0.267964 vp=0.878423 cap=351.369225
[1371755002.055817] vm=rubis-hvm perf=0.920466 vp=0.121577 cap=48.630775
[1371755007.432325] vm=rubbos-hvm perf=0.004590 vp=0.878515 cap=351.406090
[1371755007.598170] vm=rubis-hvm perf=0.968751 vp=0.121485 cap=48.593910
[1371755013.002032] vm=rubbos-hvm perf=0.125462 vp=0.877179 cap=350.871489
[1371755013.174335] vm=rubis-hvm perf=0.557038 vp=0.122821 cap=49.128511
[1371755018.564278] vm=rubbos-hvm perf=0.162072 vp=0.876998 cap=350.799034
[1371755018.735389] vm=rubis-hvm perf=0.557038 vp=0.123002 cap=49.200966
[1371755024.133831] vm=rubbos-hvm perf=-0.445226 vp=0.878420 cap=351.367919
[1371755024.287622] vm=rubis-hvm perf=0.930729 vp=0.121580 cap=48.632081
[1371755029.694879] vm=rubbos-hvm perf=-0.483986 vp=0.878812 cap=351.524691
[1371755029.883062] vm=rubis-hvm perf=0.996784 vp=0.121188 cap=48.475309
[1371755035.304905] vm=rubbos-hvm perf=-0.106862 vp=0.877815 cap=351.125937
[1371755035.492264] vm=rubis-hvm perf=0.714498 vp=0.122185 cap=48.874063
[1371755040.884446] vm=rubbos-hvm perf=-0.009764 vp=0.878004 cap=351.201543
[1371755041.045259] vm=rubis-hvm perf=0.826747 vp=0.121996 cap=48.798457
[1371755046.426957] vm=rubbos-hvm perf=-1.079580 vp=0.878282 cap=351.312925
[1371755046.570665] vm=rubis-hvm perf=0.759739 vp=0.121718 cap=48.687075
[1371755051.983198] vm=rubbos-hvm perf=-1.490932 vp=0.861627 cap=344.650973
[1371755052.155205] vm=rubis-hvm perf=-0.838723 vp=0.138373 cap=55.349027
[1371755057.558245] vm=rubbos-hvm perf=0.379148 vp=0.683248 cap=273.299121
[1371755057.711364] vm=rubis-hvm perf=-6.839991 vp=0.316752 cap=126.700879
[1371755063.142561] vm=rubbos-hvm perf=-1.638804 vp=0.445540 cap=178.215872
[1371755063.313668] vm=rubis-hvm perf=-12.356716 vp=0.554460 cap=221.784128
[1371755068.706302] vm=rubbos-hvm perf=-1.469084 vp=0.219923 cap=87.969010
[1371755068.852761] vm=rubis-hvm perf=-18.707920 vp=0.780077 cap=312.030990
[1371755074.226239] vm=rubbos-hvm perf=-1.518726 vp=0.121198 cap=48.479030
[1371755074.399973] vm=rubis-hvm perf=-24.529548 vp=0.878802 cap=351.520970
[1371755079.788624] vm=rubbos-hvm perf=-20.726234 vp=0.556011 cap=222.404594
[1371755079.946963] vm=rubis-hvm perf=-30.697542 vp=0.443989 cap=177.595406
[1371755085.333265] vm=rubbos-hvm perf=-9.849494 vp=0.119156 cap=47.662340
[1371755085.495422] vm=rubis-hvm perf=-36.644904 vp=0.880844 cap=352.337660
[1371755090.877094] vm=rubbos-hvm perf=-7.822650 vp=0.179550 cap=71.819943
[1371755091.034536] vm=rubis-hvm perf=-40.932962 vp=0.820450 cap=328.180057
[1371755096.449397] vm=rubbos-hvm perf=-8.895774 vp=0.402802 cap=161.120640
[1371755096.614652] vm=rubis-hvm perf=0.797471 vp=0.597198 cap=238.879360
[1371755102.008378] vm=rubbos-hvm perf=-9.656010 vp=0.585527 cap=234.210607
[1371755102.175524] vm=rubis-hvm perf=0.805054 vp=0.414473 cap=165.789393
[1371755107.599539] vm=rubbos-hvm perf=-0.794806 vp=0.609819 cap=243.927444
[1371755107.773248] vm=rubis-hvm perf=0.820305 vp=0.390181 cap=156.072556
[1371755113.137535] vm=rubbos-hvm perf=-0.603414 vp=0.631477 cap=252.590812
[1371755113.271555] vm=rubis-hvm perf=0.797789 vp=0.368523 cap=147.409188
[1371755118.625677] vm=rubbos-hvm perf=-1.449238 vp=0.657440 cap=262.976109
[1371755118.767058] vm=rubis-hvm perf=0.524744 vp=0.342560 cap=137.023891
[1371755124.155747] vm=rubbos-hvm perf=-1.108784 vp=0.677125 cap=270.850021
[1371755124.298142] vm=rubis-hvm perf=0.420319 vp=0.322875 cap=129.149979
[1371755129.700043] vm=rubbos-hvm perf=-0.323830 vp=0.698311 cap=279.324402
[1371755129.882645] vm=rubis-hvm perf=0.888524 vp=0.301689 cap=120.675598
[1371755135.274694] vm=rubbos-hvm perf=-1.086402 vp=0.723604 cap=289.441745
[1371755135.429430] vm=rubis-hvm perf=0.738004 vp=0.276396 cap=110.558255
[1371755140.829932] vm=rubbos-hvm perf=-0.239950 vp=0.736410 cap=294.564038
[1371755141.003673] vm=rubis-hvm perf=0.498251 vp=0.263590 cap=105.435962
[1371755146.421618] vm=rubbos-hvm perf=0.291248 vp=0.727548 cap=291.019161
[1371755146.582918] vm=rubis-hvm perf=-0.296895 vp=0.272452 cap=108.980839
[1371755151.988415] vm=rubbos-hvm perf=-0.687972 vp=0.724436 cap=289.774301
[1371755152.161787] vm=rubis-hvm perf=-0.400218 vp=0.275564 cap=110.225699
[1371755157.563002] vm=rubbos-hvm perf=-4.196542 vp=0.764790 cap=305.915924
[1371755157.739185] vm=rubis-hvm perf=0.260504 vp=0.235210 cap=94.084076
[1371755163.122829] vm=rubbos-hvm perf=0.043768 vp=0.782097 cap=312.838819
[1371755163.290033] vm=rubis-hvm perf=0.767796 vp=0.217903 cap=87.161181
[1371755168.668311] vm=rubbos-hvm perf=0.015630 vp=0.788387 cap=315.354675
[1371755168.830215] vm=rubis-hvm perf=0.272422 vp=0.211613 cap=84.645325
[1371755174.213742] vm=rubbos-hvm perf=0.184418 vp=0.775606 cap=310.242248
[1371755174.384197] vm=rubis-hvm perf=-0.490889 vp=0.224394 cap=89.757752
[1371755179.775096] vm=rubbos-hvm perf=-0.210878 vp=0.792212 cap=316.884688
[1371755179.958906] vm=rubis-hvm perf=0.652673 vp=0.207788 cap=83.115312
[1371755185.343696] vm=rubbos-hvm perf=-0.249734 vp=0.806585 cap=322.633983
[1371755185.495567] vm=rubis-hvm perf=0.539270 vp=0.193415 cap=77.366017
[1371755190.874224] vm=rubbos-hvm perf=-0.801166 vp=0.820241 cap=328.096527
[1371755191.033931] vm=rubis-hvm perf=0.372254 vp=0.179759 cap=71.903473
[1371755196.469174] vm=rubbos-hvm perf=-0.538398 vp=0.743031 cap=297.212304
[1371755196.636257] vm=rubis-hvm perf=-3.255709 vp=0.256969 cap=102.787696
[1371755202.089958] vm=rubbos-hvm perf=0.040036 vp=0.751488 cap=300.595236
[1371755202.248091] vm=rubis-hvm perf=0.393253 vp=0.248512 cap=99.404764
[1371755207.641172] vm=rubbos-hvm perf=-0.091512 vp=0.765846 cap=306.338460
[1371755207.812690] vm=rubis-hvm perf=0.606610 vp=0.234154 cap=93.661540
[1371755213.189450] vm=rubbos-hvm perf=0.122944 vp=0.780432 cap=312.172679
[1371755213.377258] vm=rubis-hvm perf=0.672423 vp=0.219568 cap=87.827321
[1371755218.753334] vm=rubbos-hvm perf=-0.132904 vp=0.793664 cap=317.465594
[1371755218.927742] vm=rubis-hvm perf=0.527778 vp=0.206336 cap=82.534406
[1371755224.390569] vm=rubbos-hvm perf=-1.538042 vp=0.797600 cap=319.040007
[1371755224.550087] vm=rubis-hvm perf=-0.234548 vp=0.202400 cap=80.959993
[1371755229.948190] vm=rubbos-hvm perf=0.384402 vp=0.782459 cap=312.983759
[1371755230.131573] vm=rubis-hvm perf=-0.535211 vp=0.217541 cap=87.016241
[1371755235.511615] vm=rubbos-hvm perf=0.041908 vp=0.763556 cap=305.422323
[1371755235.654131] vm=rubis-hvm perf=-0.793655 vp=0.236444 cap=94.577677
[1371755241.058853] vm=rubbos-hvm perf=0.474918 vp=0.774431 cap=309.772208
[1371755241.210117] vm=rubis-hvm perf=0.621804 vp=0.225569 cap=90.227792
[1371755246.605434] vm=rubbos-hvm perf=0.201598 vp=0.791231 cap=316.492278
[1371755246.755671] vm=rubis-hvm perf=0.781839 vp=0.208769 cap=83.507722
[1371755252.154525] vm=rubbos-hvm perf=0.996696 vp=0.793696 cap=317.478499
[1371755252.314624] vm=rubis-hvm perf=0.366852 vp=0.206304 cap=82.521501
[1371755257.703091] vm=rubbos-hvm perf=0.996940 vp=0.805469 cap=322.187613
[1371755257.866057] vm=rubis-hvm perf=0.753561 vp=0.194531 cap=77.812387
[1371755263.276005] vm=rubbos-hvm perf=0.997018 vp=0.774912 cap=309.964803
[1371755263.429465] vm=rubis-hvm perf=-1.023772 vp=0.225088 cap=90.035197
[1371755268.809433] vm=rubbos-hvm perf=0.905450 vp=0.783988 cap=313.595294
[1371755268.972132] vm=rubis-hvm perf=0.653425 vp=0.216012 cap=86.404706
[1371755274.362298] vm=rubbos-hvm perf=0.961034 vp=0.793704 cap=317.481774
[1371755274.530954] vm=rubis-hvm perf=0.677903 vp=0.206296 cap=82.518226
[1371755279.910538] vm=rubbos-hvm perf=0.957544 vp=0.798570 cap=319.428019
[1371755280.071458] vm=rubis-hvm perf=0.453222 vp=0.201430 cap=80.571981
[1371755285.476660] vm=rubbos-hvm perf=0.968266 vp=0.788699 cap=315.479737
[1371755285.632665] vm=rubis-hvm perf=-0.167782 vp=0.211301 cap=84.520263
[1371755291.027407] vm=rubbos-hvm perf=0.965664 vp=0.790371 cap=316.148536
[1371755291.199034] vm=rubis-hvm perf=0.329376 vp=0.209629 cap=83.851464
[1371755296.588102] vm=rubbos-hvm perf=0.965842 vp=0.798713 cap=319.485295
[1371755296.728279] vm=rubis-hvm perf=0.607982 vp=0.201287 cap=80.514705
[1371755302.110683] vm=rubbos-hvm perf=0.961404 vp=0.786224 cap=314.489564
[1371755302.287034] vm=rubis-hvm perf=-0.278940 vp=0.213776 cap=85.510436
[1371755307.694271] vm=rubbos-hvm perf=0.963182 vp=0.779686 cap=311.874246
[1371755307.846941] vm=rubis-hvm perf=-0.015311 vp=0.220314 cap=88.125754
[1371755313.255727] vm=rubbos-hvm perf=0.960574 vp=0.783865 cap=313.545832
[1371755313.407442] vm=rubis-hvm perf=0.450088 vp=0.216135 cap=86.454168
[1371755318.809151] vm=rubbos-hvm perf=0.962418 vp=0.796292 cap=318.516791
[1371755318.963963] vm=rubis-hvm perf=0.793835 vp=0.203708 cap=81.483209
[1371755324.339614] vm=rubbos-hvm perf=0.961222 vp=0.790971 cap=316.388392
[1371755324.492022] vm=rubis-hvm perf=0.023160 vp=0.209029 cap=83.611608
[1371755329.864796] vm=rubbos-hvm perf=0.965970 vp=0.796345 cap=318.538045
[1371755330.009082] vm=rubis-hvm perf=0.481754 vp=0.203655 cap=81.461955
[1371755335.376683] vm=rubbos-hvm perf=0.959854 vp=0.709101 cap=283.640497
[1371755335.529968] vm=rubis-hvm perf=-3.406375 vp=0.290899 cap=116.359503
[1371755340.912309] vm=rubbos-hvm perf=0.968904 vp=0.639131 cap=255.652367
[1371755341.078460] vm=rubis-hvm perf=-2.891676 vp=0.360869 cap=144.347633
[1371755346.465776] vm=rubbos-hvm perf=0.966020 vp=0.643363 cap=257.345288
[1371755346.619597] vm=rubis-hvm perf=0.766171 vp=0.356637 cap=142.654712
[1371755352.001554] vm=rubbos-hvm perf=0.958916 vp=0.649179 cap=259.671697
[1371755352.187847] vm=rubis-hvm perf=0.832892 vp=0.350821 cap=140.328303
[1371755357.572347] vm=rubbos-hvm perf=0.964670 vp=0.654509 cap=261.803691
[1371755357.725280] vm=rubis-hvm perf=0.794992 vp=0.345491 cap=138.196309
[1371755363.110210] vm=rubbos-hvm perf=0.961926 vp=0.653516 cap=261.406222
[1371755363.253762] vm=rubis-hvm perf=0.457158 vp=0.346484 cap=138.593778
[1371755368.653340] vm=rubbos-hvm perf=0.963070 vp=0.657826 cap=263.130323
[1371755368.805806] vm=rubis-hvm perf=0.730455 vp=0.342174 cap=136.869677
[1371755374.173752] vm=rubbos-hvm perf=0.960798 vp=0.662443 cap=264.977279
[1371755374.338036] vm=rubis-hvm perf=0.733740 vp=0.337557 cap=135.022721
[1371755379.771085] vm=rubbos-hvm perf=0.965886 vp=0.665814 cap=266.325767
[1371755379.917593] vm=rubis-hvm perf=0.661816 vp=0.334186 cap=133.674233
[1371755385.305741] vm=rubbos-hvm perf=0.959674 vp=0.670128 cap=268.051083
[1371755385.472399] vm=rubis-hvm perf=0.697620 vp=0.329872 cap=131.948917
[1371755390.848595] vm=rubbos-hvm perf=0.957582 vp=0.659604 cap=263.841668
[1371755391.022635] vm=rubis-hvm perf=-0.052087 vp=0.340396 cap=136.158332
[1371755396.433373] vm=rubbos-hvm perf=0.965632 vp=0.660034 cap=264.013731
[1371755396.597153] vm=rubis-hvm perf=0.520063 vp=0.339966 cap=135.986269
[1371755401.939554] vm=rubbos-hvm perf=0.962844 vp=0.663486 cap=265.394227
[1371755402.101647] vm=rubis-hvm perf=0.670231 vp=0.336514 cap=134.605773
[1371755407.477424] vm=rubbos-hvm perf=0.959938 vp=0.657236 cap=262.894351
[1371755407.640986] vm=rubis-hvm perf=0.172890 vp=0.342764 cap=137.105649
[1371755413.026045] vm=rubbos-hvm perf=0.960600 vp=0.655251 cap=262.100584
[1371755413.195608] vm=rubis-hvm perf=0.400331 vp=0.344749 cap=137.899416
[1371755418.567816] vm=rubbos-hvm perf=0.965552 vp=0.651267 cap=260.506722
[1371755418.738262] vm=rubis-hvm perf=0.305304 vp=0.348733 cap=139.493278
[1371755424.128454] vm=rubbos-hvm perf=0.967744 vp=0.644511 cap=257.804374
[1371755424.294256] vm=rubis-hvm perf=0.172416 vp=0.355489 cap=142.195626
[1371755429.716689] vm=rubbos-hvm perf=0.965886 vp=0.631801 cap=252.720405
[1371755429.877612] vm=rubis-hvm perf=-0.124594 vp=0.368199 cap=147.279595
[1371755435.265540] vm=rubbos-hvm perf=0.967904 vp=0.618469 cap=247.387681
[1371755435.408859] vm=rubis-hvm perf=-0.139304 vp=0.381531 cap=152.612319
[1371755440.792430] vm=rubbos-hvm perf=0.963504 vp=0.620402 cap=248.160770
[1371755440.953637] vm=rubis-hvm perf=0.698548 vp=0.379598 cap=151.839230
[1371755446.356045] vm=rubbos-hvm perf=0.965192 vp=0.618883 cap=247.553051
