2013-06-24 09:50:20.135+0000: 31848: info : libvirt version: 0.9.8
2013-06-24 09:50:20.135+0000: 31848: warning : xenHypervisorMakeCapabilities:2751 : Failed to get host power management capabilities
[1372067425.379644] vm=rubbos-hvm new
[1372067425.379704] vm=rubis-hvm new
[1372067425.379731] vm=rubbos-hvm perf=0.000000 vp=0.500000 cap=200.000000
[1372067425.535044] vm=rubis-hvm perf=0.000000 vp=0.500000 cap=200.000000
[1372067430.904239] vm=rubbos-hvm perf=0.000000 vp=0.500000 cap=200.000000
[1372067431.050727] vm=rubis-hvm perf=0.000000 vp=0.500000 cap=200.000000
[1372067436.451392] vm=rubbos-hvm perf=0.964840 vp=0.500000 cap=200.000000
[1372067436.612381] vm=rubis-hvm perf=0.801783 vp=0.500000 cap=200.000000
[1372067441.990877] vm=rubbos-hvm perf=0.949754 vp=0.500000 cap=200.000000
[1372067442.150229] vm=rubis-hvm perf=0.826751 vp=0.500000 cap=200.000000
[1372067447.537312] vm=rubbos-hvm perf=0.958864 vp=0.500000 cap=200.000000
[1372067447.701798] vm=rubis-hvm perf=0.740514 vp=0.500000 cap=200.000000
[1372067453.073660] vm=rubbos-hvm perf=0.955340 vp=0.500000 cap=200.000000
[1372067453.251204] vm=rubis-hvm perf=0.807900 vp=0.500000 cap=200.000000
[1372067458.622980] vm=rubbos-hvm perf=0.961400 vp=0.500000 cap=200.000000
[1372067458.753216] vm=rubis-hvm perf=0.790514 vp=0.500000 cap=200.000000
[1372067464.116093] vm=rubbos-hvm perf=0.964944 vp=0.500000 cap=200.000000
[1372067464.263700] vm=rubis-hvm perf=0.797121 vp=0.500000 cap=200.000000
[1372067469.667255] vm=rubbos-hvm perf=0.957400 vp=0.500000 cap=200.000000
[1372067469.851168] vm=rubis-hvm perf=0.756907 vp=0.500000 cap=200.000000
[1372067475.233768] vm=rubbos-hvm perf=0.929862 vp=0.500000 cap=200.000000
[1372067475.391343] vm=rubis-hvm perf=0.794211 vp=0.500000 cap=200.000000
[1372067480.775589] vm=rubbos-hvm perf=0.961066 vp=0.500000 cap=200.000000
[1372067480.935951] vm=rubis-hvm perf=0.777058 vp=0.500000 cap=200.000000
[1372067486.322227] vm=rubbos-hvm perf=0.945420 vp=0.500000 cap=200.000000
[1372067486.499897] vm=rubis-hvm perf=0.774327 vp=0.500000 cap=200.000000
[1372067491.901441] vm=rubbos-hvm perf=0.964812 vp=0.500000 cap=200.000000
[1372067492.080654] vm=rubis-hvm perf=0.788764 vp=0.500000 cap=200.000000
[1372067497.455180] vm=rubbos-hvm perf=0.950366 vp=0.500000 cap=200.000000
[1372067497.631582] vm=rubis-hvm perf=0.740344 vp=0.500000 cap=200.000000
[1372067503.013333] vm=rubbos-hvm perf=0.963476 vp=0.500000 cap=200.000000
[1372067503.149111] vm=rubis-hvm perf=0.778749 vp=0.500000 cap=200.000000
[1372067508.561146] vm=rubbos-hvm perf=0.962832 vp=0.500000 cap=200.000000
[1372067508.739797] vm=rubis-hvm perf=0.802858 vp=0.500000 cap=200.000000
[1372067514.155840] vm=rubbos-hvm perf=0.960334 vp=0.500000 cap=200.000000
[1372067514.319384] vm=rubis-hvm perf=0.777392 vp=0.500000 cap=200.000000
[1372067519.714058] vm=rubbos-hvm perf=0.939154 vp=0.500000 cap=200.000000
[1372067519.866487] vm=rubis-hvm perf=0.794450 vp=0.500000 cap=200.000000
[1372067525.244341] vm=rubbos-hvm perf=0.947958 vp=0.500000 cap=200.000000
[1372067525.406951] vm=rubis-hvm perf=0.832323 vp=0.500000 cap=200.000000
[1372067530.767217] vm=rubbos-hvm perf=0.945070 vp=0.500000 cap=200.000000
[1372067530.929100] vm=rubis-hvm perf=0.834655 vp=0.500000 cap=200.000000
[1372067536.342203] vm=rubbos-hvm perf=0.956632 vp=0.500000 cap=200.000000
[1372067536.499683] vm=rubis-hvm perf=0.801372 vp=0.500000 cap=200.000000
[1372067541.887382] vm=rubbos-hvm perf=0.939688 vp=0.500000 cap=200.000000
[1372067542.035482] vm=rubis-hvm perf=0.828802 vp=0.500000 cap=200.000000
[1372067547.399651] vm=rubbos-hvm perf=0.950826 vp=0.500000 cap=200.000000
[1372067547.554316] vm=rubis-hvm perf=0.816281 vp=0.500000 cap=200.000000
[1372067552.965344] vm=rubbos-hvm perf=0.949792 vp=0.500000 cap=200.000000
[1372067553.136921] vm=rubis-hvm perf=0.750563 vp=0.500000 cap=200.000000
[1372067558.522967] vm=rubbos-hvm perf=0.961966 vp=0.500000 cap=200.000000
[1372067558.685025] vm=rubis-hvm perf=0.744901 vp=0.500000 cap=200.000000
[1372067564.063977] vm=rubbos-hvm perf=0.962826 vp=0.500000 cap=200.000000
[1372067564.221596] vm=rubis-hvm perf=0.781560 vp=0.500000 cap=200.000000
[1372067569.588248] vm=rubbos-hvm perf=0.962410 vp=0.500000 cap=200.000000
[1372067569.739813] vm=rubis-hvm perf=0.843335 vp=0.500000 cap=200.000000
[1372067575.129382] vm=rubbos-hvm perf=0.957912 vp=0.500000 cap=200.000000
[1372067575.297528] vm=rubis-hvm perf=0.815429 vp=0.500000 cap=200.000000
[1372067580.695671] vm=rubbos-hvm perf=0.915570 vp=0.500000 cap=200.000000
[1372067580.858831] vm=rubis-hvm perf=0.805360 vp=0.500000 cap=200.000000
[1372067586.230468] vm=rubbos-hvm perf=0.957448 vp=0.500000 cap=200.000000
[1372067586.393115] vm=rubis-hvm perf=0.825501 vp=0.500000 cap=200.000000
[1372067591.758835] vm=rubbos-hvm perf=0.955936 vp=0.500000 cap=200.000000
[1372067591.918265] vm=rubis-hvm perf=0.811747 vp=0.500000 cap=200.000000
[1372067597.318595] vm=rubbos-hvm perf=0.952614 vp=0.500000 cap=200.000000
[1372067597.466638] vm=rubis-hvm perf=0.776010 vp=0.500000 cap=200.000000
[1372067602.850854] vm=rubbos-hvm perf=0.931638 vp=0.500000 cap=200.000000
[1372067602.999592] vm=rubis-hvm perf=0.811960 vp=0.500000 cap=200.000000
[1372067608.362366] vm=rubbos-hvm perf=0.957580 vp=0.500000 cap=200.000000
[1372067608.518370] vm=rubis-hvm perf=0.798395 vp=0.500000 cap=200.000000
[1372067613.887877] vm=rubbos-hvm perf=0.963218 vp=0.500000 cap=200.000000
[1372067614.039994] vm=rubis-hvm perf=0.806658 vp=0.500000 cap=200.000000
[1372067619.414993] vm=rubbos-hvm perf=0.966720 vp=0.500000 cap=200.000000
[1372067619.569197] vm=rubis-hvm perf=0.726910 vp=0.500000 cap=200.000000
[1372067624.941837] vm=rubbos-hvm perf=0.953256 vp=0.500000 cap=200.000000
[1372067625.120906] vm=rubis-hvm perf=0.802861 vp=0.500000 cap=200.000000
[1372067630.534071] vm=rubbos-hvm perf=0.954604 vp=0.500000 cap=200.000000
[1372067630.688175] vm=rubis-hvm perf=0.802559 vp=0.500000 cap=200.000000
[1372067636.087889] vm=rubbos-hvm perf=0.955400 vp=0.500000 cap=200.000000
[1372067636.237021] vm=rubis-hvm perf=0.159852 vp=0.500000 cap=200.000000
[1372067641.607853] vm=rubbos-hvm perf=0.953188 vp=0.441971 cap=176.788393
[1372067641.769484] vm=rubis-hvm perf=-0.359772 vp=0.558029 cap=223.211607
[1372067647.146377] vm=rubbos-hvm perf=0.961612 vp=0.374896 cap=149.958510
[1372067647.302808] vm=rubis-hvm perf=-0.809939 vp=0.625104 cap=250.041490
[1372067652.698272] vm=rubbos-hvm perf=0.945488 vp=0.374896 cap=149.958510
[1372067652.857610] vm=rubis-hvm perf=0.010664 vp=0.625104 cap=250.041490
[1372067658.228604] vm=rubbos-hvm perf=0.965352 vp=0.374896 cap=149.958510
[1372067658.406739] vm=rubis-hvm perf=0.569359 vp=0.625104 cap=250.041490
[1372067663.774871] vm=rubbos-hvm perf=0.959990 vp=0.374896 cap=149.958510
[1372067663.911331] vm=rubis-hvm perf=0.727508 vp=0.625104 cap=250.041490
[1372067669.252004] vm=rubbos-hvm perf=0.955936 vp=0.374896 cap=149.958510
[1372067669.437700] vm=rubis-hvm perf=0.571061 vp=0.625104 cap=250.041490
[1372067674.841902] vm=rubbos-hvm perf=0.835112 vp=0.374896 cap=149.958510
[1372067675.026038] vm=rubis-hvm perf=0.591676 vp=0.625104 cap=250.041490
[1372067680.450842] vm=rubbos-hvm perf=0.964658 vp=0.374896 cap=149.958510
[1372067680.621009] vm=rubis-hvm perf=0.242848 vp=0.625104 cap=250.041490
[1372067686.027578] vm=rubbos-hvm perf=0.947576 vp=0.374896 cap=149.958510
[1372067686.203016] vm=rubis-hvm perf=0.154800 vp=0.625104 cap=250.041490
[1372067691.603535] vm=rubbos-hvm perf=0.944750 vp=0.333001 cap=133.200414
[1372067691.759013] vm=rubis-hvm perf=-0.102666 vp=0.666999 cap=266.799586
[1372067697.153555] vm=rubbos-hvm perf=0.958290 vp=0.333001 cap=133.200414
[1372067697.316195] vm=rubis-hvm perf=0.087895 vp=0.666999 cap=266.799586
[1372067702.708366] vm=rubbos-hvm perf=0.963896 vp=0.333001 cap=133.200414
[1372067702.874613] vm=rubis-hvm perf=0.714704 vp=0.666999 cap=266.799586
[1372067708.258809] vm=rubbos-hvm perf=0.962156 vp=0.333001 cap=133.200414
[1372067708.395597] vm=rubis-hvm perf=0.549038 vp=0.666999 cap=266.799586
[1372067713.738190] vm=rubbos-hvm perf=0.954302 vp=0.333001 cap=133.200414
[1372067713.883411] vm=rubis-hvm perf=0.281146 vp=0.666999 cap=266.799586
[1372067719.268324] vm=rubbos-hvm perf=0.955756 vp=0.333001 cap=133.200414
[1372067719.417331] vm=rubis-hvm perf=0.056507 vp=0.666999 cap=266.799586
[1372067724.813583] vm=rubbos-hvm perf=0.947730 vp=0.333001 cap=133.200414
[1372067724.980543] vm=rubis-hvm perf=0.008252 vp=0.666999 cap=266.799586
[1372067730.382705] vm=rubbos-hvm perf=0.946470 vp=0.333001 cap=133.200414
[1372067730.553090] vm=rubis-hvm perf=0.166223 vp=0.666999 cap=266.799586
[1372067735.952842] vm=rubbos-hvm perf=0.955616 vp=0.333001 cap=133.200414
[1372067736.094420] vm=rubis-hvm perf=0.046121 vp=0.666999 cap=266.799586
[1372067741.504598] vm=rubbos-hvm perf=0.959100 vp=0.333001 cap=133.200414
[1372067741.640519] vm=rubis-hvm perf=0.569902 vp=0.666999 cap=266.799586
[1372067747.053841] vm=rubbos-hvm perf=0.962282 vp=0.333001 cap=133.200414
[1372067747.223899] vm=rubis-hvm perf=0.525241 vp=0.666999 cap=266.799586
[1372067752.606733] vm=rubbos-hvm perf=0.944312 vp=0.333001 cap=133.200414
[1372067752.779486] vm=rubis-hvm perf=0.109401 vp=0.666999 cap=266.799586
[1372067758.157625] vm=rubbos-hvm perf=0.885830 vp=0.333001 cap=133.200414
[1372067758.324289] vm=rubis-hvm perf=0.535587 vp=0.666999 cap=266.799586
[1372067763.744937] vm=rubbos-hvm perf=0.957276 vp=0.333001 cap=133.200414
[1372067763.926884] vm=rubis-hvm perf=0.343841 vp=0.666999 cap=266.799586
[1372067769.317946] vm=rubbos-hvm perf=0.815354 vp=0.333001 cap=133.200414
[1372067769.477018] vm=rubis-hvm perf=0.612243 vp=0.666999 cap=266.799586
[1372067774.879883] vm=rubbos-hvm perf=0.955004 vp=0.294231 cap=117.692394
[1372067775.025214] vm=rubis-hvm perf=-0.065616 vp=0.705769 cap=282.307606
[1372067780.397818] vm=rubbos-hvm perf=0.956182 vp=0.294231 cap=117.692394
[1372067780.567530] vm=rubis-hvm perf=0.050288 vp=0.705769 cap=282.307606
[1372067785.945100] vm=rubbos-hvm perf=0.964472 vp=0.294231 cap=117.692394
[1372067786.115939] vm=rubis-hvm perf=0.066742 vp=0.705769 cap=282.307606
[1372067791.507249] vm=rubbos-hvm perf=0.960748 vp=0.294231 cap=117.692394
[1372067791.656353] vm=rubis-hvm perf=0.560407 vp=0.705769 cap=282.307606
[1372067797.058018] vm=rubbos-hvm perf=0.954282 vp=0.294231 cap=117.692394
[1372067797.219445] vm=rubis-hvm perf=0.503944 vp=0.705769 cap=282.307606
[1372067802.638977] vm=rubbos-hvm perf=0.957626 vp=0.294231 cap=117.692394
[1372067802.783656] vm=rubis-hvm perf=0.483088 vp=0.705769 cap=282.307606
[1372067808.193063] vm=rubbos-hvm perf=0.952596 vp=0.294231 cap=117.692394
[1372067808.378751] vm=rubis-hvm perf=0.619486 vp=0.705769 cap=282.307606
[1372067813.777554] vm=rubbos-hvm perf=0.958280 vp=0.294231 cap=117.692394
[1372067813.943754] vm=rubis-hvm perf=0.499838 vp=0.705769 cap=282.307606
[1372067819.325940] vm=rubbos-hvm perf=0.845564 vp=0.294231 cap=117.692394
[1372067819.468192] vm=rubis-hvm perf=0.565676 vp=0.705769 cap=282.307606
[1372067824.852162] vm=rubbos-hvm perf=0.949208 vp=0.294231 cap=117.692394
[1372067825.027905] vm=rubis-hvm perf=0.573928 vp=0.705769 cap=282.307606
[1372067830.387828] vm=rubbos-hvm perf=0.963320 vp=0.294231 cap=117.692394
[1372067830.537390] vm=rubis-hvm perf=0.622257 vp=0.705769 cap=282.307606
[1372067835.924510] vm=rubbos-hvm perf=-1.000000 vp=0.397407 cap=158.962828
[1372067836.069988] vm=rubis-hvm perf=0.510932 vp=0.602593 cap=241.037172
[1372067841.451383] vm=rubbos-hvm perf=-0.826456 vp=0.467999 cap=187.199420
[1372067841.607198] vm=rubis-hvm perf=0.416287 vp=0.532001 cap=212.800580
[1372067847.025635] vm=rubbos-hvm perf=0.792356 vp=0.467999 cap=187.199420
[1372067847.202422] vm=rubis-hvm perf=0.342968 vp=0.532001 cap=212.800580
[1372067852.564250] vm=rubbos-hvm perf=0.019684 vp=0.427125 cap=170.850072
[1372067852.721314] vm=rubis-hvm perf=-1.000000 vp=0.572875 cap=229.149928
[1372067858.110196] vm=rubbos-hvm perf=0.594878 vp=0.377635 cap=151.053855
[1372067858.263132] vm=rubis-hvm perf=-0.736270 vp=0.622365 cap=248.946145
[1372067863.663949] vm=rubbos-hvm perf=0.139008 vp=0.377635 cap=151.053855
[1372067863.822869] vm=rubis-hvm perf=0.550671 vp=0.622365 cap=248.946145
[1372067869.243412] vm=rubbos-hvm perf=-0.420816 vp=0.438938 cap=175.575088
[1372067869.410207] vm=rubis-hvm perf=0.753139 vp=0.561062 cap=224.424912
[1372067874.812028] vm=rubbos-hvm perf=-1.000000 vp=0.514298 cap=205.719123
[1372067874.977600] vm=rubis-hvm perf=0.489187 vp=0.485702 cap=194.280877
[1372067880.388586] vm=rubbos-hvm perf=0.824580 vp=0.514298 cap=205.719123
[1372067880.557322] vm=rubis-hvm perf=0.398030 vp=0.485702 cap=194.280877
[1372067885.951177] vm=rubbos-hvm perf=0.772648 vp=0.514298 cap=205.719123
[1372067886.127427] vm=rubis-hvm perf=0.104111 vp=0.485702 cap=194.280877
[1372067891.548285] vm=rubbos-hvm perf=0.754438 vp=0.514298 cap=205.719123
[1372067891.716986] vm=rubis-hvm perf=0.288856 vp=0.485702 cap=194.280877
[1372067897.099988] vm=rubbos-hvm perf=0.590628 vp=0.465187 cap=186.074817
[1372067897.247419] vm=rubis-hvm perf=-0.468583 vp=0.534813 cap=213.925183
[1372067902.664401] vm=rubbos-hvm perf=-0.153306 vp=0.501586 cap=200.634379
[1372067902.844812] vm=rubis-hvm perf=0.608696 vp=0.498414 cap=199.365621
[1372067908.220000] vm=rubbos-hvm perf=0.714362 vp=0.501586 cap=200.634379
[1372067908.375716] vm=rubis-hvm perf=0.681878 vp=0.498414 cap=199.365621
[1372067913.786971] vm=rubbos-hvm perf=-0.529546 vp=0.548037 cap=219.214890
[1372067913.957879] vm=rubis-hvm perf=0.498321 vp=0.451963 cap=180.785110
[1372067919.371228] vm=rubbos-hvm perf=0.711114 vp=0.548037 cap=219.214890
[1372067919.524483] vm=rubis-hvm perf=0.134673 vp=0.451963 cap=180.785110
[1372067924.930734] vm=rubbos-hvm perf=0.214186 vp=0.548037 cap=219.214890
[1372067925.076148] vm=rubis-hvm perf=0.131306 vp=0.451963 cap=180.785110
[1372067930.445507] vm=rubbos-hvm perf=0.678588 vp=0.497130 cap=198.852067
[1372067930.630324] vm=rubis-hvm perf=-0.374633 vp=0.502870 cap=201.147933
[1372067936.006641] vm=rubbos-hvm perf=-0.310694 vp=0.448857 cap=179.542604
[1372067936.173973] vm=rubis-hvm perf=-0.799804 vp=0.551143 cap=220.457396
[1372067941.590778] vm=rubbos-hvm perf=0.563920 vp=0.391154 cap=156.461497
[1372067941.757654] vm=rubis-hvm perf=-0.950852 vp=0.608846 cap=243.538503
[1372067947.149928] vm=rubbos-hvm perf=-0.804330 vp=0.471108 cap=188.443126
[1372067947.297339] vm=rubis-hvm perf=0.680424 vp=0.528892 cap=211.556874
[1372067952.701621] vm=rubbos-hvm perf=-0.292756 vp=0.508996 cap=203.598477
[1372067952.877574] vm=rubis-hvm perf=0.490311 vp=0.491004 cap=196.401523
[1372067958.253668] vm=rubbos-hvm perf=0.605604 vp=0.508996 cap=203.598477
[1372067958.420654] vm=rubis-hvm perf=0.157526 vp=0.491004 cap=196.401523
[1372067963.842075] vm=rubbos-hvm perf=0.722198 vp=0.508996 cap=203.598477
[1372067963.987838] vm=rubis-hvm perf=0.594497 vp=0.491004 cap=196.401523
[1372067969.392357] vm=rubbos-hvm perf=0.219352 vp=0.484552 cap=193.820639
[1372067969.560253] vm=rubis-hvm perf=-0.283964 vp=0.515448 cap=206.179361
[1372067974.971820] vm=rubbos-hvm perf=0.586396 vp=0.444959 cap=177.983643
[1372067975.120740] vm=rubis-hvm perf=-0.294382 vp=0.555041 cap=222.016357
[1372067980.507385] vm=rubbos-hvm perf=-0.194704 vp=0.481050 cap=192.420162
[1372067980.674624] vm=rubis-hvm perf=0.538624 vp=0.518950 cap=207.579838
[1372067986.047796] vm=rubbos-hvm perf=0.485530 vp=0.432784 cap=173.113693
[1372067986.194972] vm=rubis-hvm perf=-0.635398 vp=0.567216 cap=226.886307
[1372067991.576405] vm=rubbos-hvm perf=-0.411528 vp=0.444914 cap=177.965581
[1372067991.748056] vm=rubis-hvm perf=-0.399221 vp=0.555086 cap=222.034419
[1372067997.149769] vm=rubbos-hvm perf=0.689006 vp=0.444914 cap=177.965581
[1372067997.319382] vm=rubis-hvm perf=0.690890 vp=0.555086 cap=222.034419
[1372068002.726828] vm=rubbos-hvm perf=0.094798 vp=0.444914 cap=177.965581
[1372068002.881152] vm=rubis-hvm perf=0.631786 vp=0.555086 cap=222.034419
[1372068008.296056] vm=rubbos-hvm perf=0.618828 vp=0.401123 cap=160.449255
[1372068008.465551] vm=rubis-hvm perf=-0.454806 vp=0.598877 cap=239.550745
[1372068013.877587] vm=rubbos-hvm perf=-0.694510 vp=0.476979 cap=190.791478
[1372068014.043457] vm=rubis-hvm perf=0.770938 vp=0.523021 cap=209.208522
[1372068019.481299] vm=rubbos-hvm perf=0.295326 vp=0.476979 cap=190.791478
[1372068019.668631] vm=rubis-hvm perf=0.659539 vp=0.523021 cap=209.208522
[1372068025.087252] vm=rubbos-hvm perf=0.720650 vp=0.476979 cap=190.791478
[1372068025.246907] vm=rubis-hvm perf=0.498870 vp=0.523021 cap=209.208522
[1372068030.664544] vm=rubbos-hvm perf=-0.123952 vp=0.495309 cap=198.123444
[1372068030.835195] vm=rubis-hvm perf=0.244803 vp=0.504691 cap=201.876556
[1372068036.233159] vm=rubbos-hvm perf=-1.000000 vp=0.556660 cap=222.663922
[1372068036.393948] vm=rubis-hvm perf=0.378004 vp=0.443340 cap=177.336078
[1372068041.780552] vm=rubbos-hvm perf=-0.998996 vp=0.602748 cap=241.099364
[1372068041.937525] vm=rubis-hvm perf=0.246467 vp=0.397252 cap=158.900636
[1372068047.344978] vm=rubbos-hvm perf=0.766740 vp=0.602748 cap=241.099364
[1372068047.521417] vm=rubis-hvm perf=0.476010 vp=0.397252 cap=158.900636
[1372068052.914070] vm=rubbos-hvm perf=0.456622 vp=0.602748 cap=241.099364
[1372068053.079655] vm=rubis-hvm perf=0.502057 vp=0.397252 cap=158.900636
[1372068058.494786] vm=rubbos-hvm perf=0.565162 vp=0.574896 cap=229.958283
[1372068058.669418] vm=rubis-hvm perf=-0.029415 vp=0.425104 cap=170.041717
[1372068064.082903] vm=rubbos-hvm perf=-1.000000 vp=0.638079 cap=255.231751
[1372068064.253895] vm=rubis-hvm perf=-0.189923 vp=0.361921 cap=144.768249
[1372068069.608055] vm=rubbos-hvm perf=0.574878 vp=0.638079 cap=255.231751
[1372068069.769558] vm=rubis-hvm perf=0.388280 vp=0.361921 cap=144.768249
[1372068075.158690] vm=rubbos-hvm perf=-0.064718 vp=0.602857 cap=241.142618
[1372068075.325575] vm=rubis-hvm perf=-0.312715 vp=0.397143 cap=158.857382
[1372068080.738225] vm=rubbos-hvm perf=0.790084 vp=0.602857 cap=241.142618
[1372068080.911500] vm=rubis-hvm perf=0.263631 vp=0.397143 cap=158.857382
[1372068086.288886] vm=rubbos-hvm perf=0.228812 vp=0.550517 cap=220.206658
[1372068086.435749] vm=rubis-hvm perf=-0.637796 vp=0.449483 cap=179.793342
[1372068091.836532] vm=rubbos-hvm perf=0.320164 vp=0.550517 cap=220.206658
[1372068092.006525] vm=rubis-hvm perf=0.475514 vp=0.449483 cap=179.793342
[1372068097.414421] vm=rubbos-hvm perf=-0.693516 vp=0.600194 cap=240.077448
[1372068097.579150] vm=rubis-hvm perf=0.562270 vp=0.399806 cap=159.922552
[1372068103.004246] vm=rubbos-hvm perf=0.783442 vp=0.600194 cap=240.077448
[1372068103.159038] vm=rubis-hvm perf=0.681865 vp=0.399806 cap=159.922552
[1372068108.554932] vm=rubbos-hvm perf=-0.437342 vp=0.598121 cap=239.248377
[1372068108.725082] vm=rubis-hvm perf=-0.308593 vp=0.401879 cap=160.751623
[1372068114.143381] vm=rubbos-hvm perf=0.395494 vp=0.598121 cap=239.248377
[1372068114.315533] vm=rubis-hvm perf=0.262274 vp=0.401879 cap=160.751623
[1372068119.736875] vm=rubbos-hvm perf=-0.942260 vp=0.632944 cap=253.177413
[1372068119.919181] vm=rubis-hvm perf=0.159959 vp=0.367056 cap=146.822587
[1372068125.343624] vm=rubbos-hvm perf=0.209828 vp=0.594986 cap=237.994484
[1372068125.514891] vm=rubis-hvm perf=-0.382274 vp=0.405014 cap=162.005516
[1372068130.899609] vm=rubbos-hvm perf=0.551304 vp=0.594986 cap=237.994484
[1372068131.053663] vm=rubis-hvm perf=0.678745 vp=0.405014 cap=162.005516
[1372068136.444376] vm=rubbos-hvm perf=-0.131568 vp=0.610280 cap=244.111976
[1372068136.625558] vm=rubis-hvm perf=0.240220 vp=0.389720 cap=155.888024
[1372068142.036259] vm=rubbos-hvm perf=0.425960 vp=0.590302 cap=236.120951
[1372068142.200658] vm=rubis-hvm perf=-0.005259 vp=0.409698 cap=163.879049
[1372068147.624183] vm=rubbos-hvm perf=0.062212 vp=0.538325 cap=215.330097
[1372068147.780452] vm=rubis-hvm perf=-0.774652 vp=0.461675 cap=184.669903
[1372068153.185276] vm=rubbos-hvm perf=-0.263278 vp=0.584024 cap=233.609535
[1372068153.344079] vm=rubis-hvm perf=0.794584 vp=0.415976 cap=166.390465
[1372068158.734576] vm=rubbos-hvm perf=0.174940 vp=0.584024 cap=233.609535
[1372068158.897440] vm=rubis-hvm perf=0.583124 vp=0.415976 cap=166.390465
[1372068164.307652] vm=rubbos-hvm perf=0.558384 vp=0.551150 cap=220.460006
[1372068164.459669] vm=rubis-hvm perf=-0.112932 vp=0.448850 cap=179.539994
[1372068169.860152] vm=rubbos-hvm perf=-0.008644 vp=0.556655 cap=222.661808
[1372068170.031458] vm=rubis-hvm perf=0.105596 vp=0.443345 cap=177.338192
[1372068175.409246] vm=rubbos-hvm perf=0.249726 vp=0.556655 cap=222.661808
[1372068175.579266] vm=rubis-hvm perf=0.671037 vp=0.443345 cap=177.338192
[1372068180.962599] vm=rubbos-hvm perf=0.113202 vp=0.556655 cap=222.661808
[1372068181.134880] vm=rubis-hvm perf=0.466658 vp=0.443345 cap=177.338192
[1372068186.559368] vm=rubbos-hvm perf=0.560204 vp=0.518923 cap=207.569017
[1372068186.726516] vm=rubis-hvm perf=-0.206945 vp=0.481077 cap=192.430983
[1372068192.127163] vm=rubbos-hvm perf=-0.139658 vp=0.542612 cap=217.044760
[1372068192.297476] vm=rubis-hvm perf=0.369568 vp=0.457388 cap=182.955240
[1372068197.700892] vm=rubbos-hvm perf=-0.270216 vp=0.576891 cap=230.756249
[1372068197.865877] vm=rubis-hvm perf=0.518764 vp=0.423109 cap=169.243751
[1372068203.281612] vm=rubbos-hvm perf=0.321364 vp=0.576891 cap=230.756249
[1372068203.462232] vm=rubis-hvm perf=0.144041 vp=0.423109 cap=169.243751
[1372068208.872338] vm=rubbos-hvm perf=0.209394 vp=0.509127 cap=203.650844
[1372068209.048391] vm=rubis-hvm perf=-1.000000 vp=0.490873 cap=196.349156
[1372068214.433974] vm=rubbos-hvm perf=-0.725086 vp=0.567476 cap=226.990219
[1372068214.615704] vm=rubis-hvm perf=0.625748 vp=0.432524 cap=173.009781
[1372068220.020585] vm=rubbos-hvm perf=0.539146 vp=0.567476 cap=226.990219
[1372068220.181771] vm=rubis-hvm perf=0.648126 vp=0.432524 cap=173.009781
[1372068225.563564] vm=rubbos-hvm perf=0.503946 vp=0.567476 cap=226.990219
[1372068225.742129] vm=rubis-hvm perf=0.661106 vp=0.432524 cap=173.009781
[1372068231.119984] vm=rubbos-hvm perf=0.514592 vp=0.567476 cap=226.990219
[1372068231.292767] vm=rubis-hvm perf=0.350287 vp=0.432524 cap=173.009781
[1372068236.691705] vm=rubbos-hvm perf=0.053288 vp=0.567476 cap=226.990219
[1372068236.846739] vm=rubis-hvm perf=0.775340 vp=0.432524 cap=173.009781
[1372068242.273426] vm=rubbos-hvm perf=0.438074 vp=0.567476 cap=226.990219
[1372068242.442146] vm=rubis-hvm perf=0.811721 vp=0.432524 cap=173.009781
[1372068247.830293] vm=rubbos-hvm perf=0.286984 vp=0.567476 cap=226.990219
[1372068247.989063] vm=rubis-hvm perf=0.770714 vp=0.432524 cap=173.009781
[1372068253.409939] vm=rubbos-hvm perf=0.546814 vp=0.567476 cap=226.990219
[1372068253.576551] vm=rubis-hvm perf=0.811898 vp=0.432524 cap=173.009781
[1372068258.961697] vm=rubbos-hvm perf=0.108358 vp=0.567476 cap=226.990219
[1372068259.120035] vm=rubis-hvm perf=0.807195 vp=0.432524 cap=173.009781
[1372068264.511729] vm=rubbos-hvm perf=-0.070856 vp=0.606867 cap=242.746601
[1372068264.662114] vm=rubis-hvm perf=0.828829 vp=0.393133 cap=157.253399
[1372068270.094100] vm=rubbos-hvm perf=-0.811216 vp=0.662106 cap=264.842508
[1372068270.267700] vm=rubis-hvm perf=0.821428 vp=0.337894 cap=135.157492
[1372068275.666822] vm=rubbos-hvm perf=0.192536 vp=0.662106 cap=264.842508
[1372068275.837711] vm=rubis-hvm perf=0.510766 vp=0.337894 cap=135.157492
[1372068281.233865] vm=rubbos-hvm perf=0.796380 vp=0.662106 cap=264.842508
[1372068281.398093] vm=rubis-hvm perf=0.727621 vp=0.337894 cap=135.157492
[1372068286.784968] vm=rubbos-hvm perf=-0.035644 vp=0.692047 cap=276.818998
[1372068286.949474] vm=rubis-hvm perf=0.716033 vp=0.307953 cap=123.181002
[1372068292.336823] vm=rubbos-hvm perf=0.607026 vp=0.692047 cap=276.818998
[1372068292.502034] vm=rubis-hvm perf=0.715615 vp=0.307953 cap=123.181002
[1372068297.893164] vm=rubbos-hvm perf=-0.174410 vp=0.725580 cap=290.232047
[1372068298.071812] vm=rubis-hvm perf=0.805238 vp=0.274420 cap=109.767953
[1372068303.456948] vm=rubbos-hvm perf=0.730138 vp=0.725580 cap=290.232047
[1372068303.626193] vm=rubis-hvm perf=0.716832 vp=0.274420 cap=109.767953
[1372068309.039814] vm=rubbos-hvm perf=-0.120854 vp=0.754928 cap=301.971234
[1372068309.205726] vm=rubis-hvm perf=0.779511 vp=0.245072 cap=98.028766
[1372068314.623580] vm=rubbos-hvm perf=0.614366 vp=0.754928 cap=301.971234
[1372068314.792322] vm=rubis-hvm perf=0.683870 vp=0.245072 cap=98.028766
[1372068320.185414] vm=rubbos-hvm perf=0.183932 vp=0.754928 cap=301.971234
[1372068320.339979] vm=rubis-hvm perf=0.776062 vp=0.245072 cap=98.028766
[1372068325.731096] vm=rubbos-hvm perf=0.651042 vp=0.754928 cap=301.971234
[1372068325.884235] vm=rubis-hvm perf=0.706771 vp=0.245072 cap=98.028766
[1372068331.295574] vm=rubbos-hvm perf=0.387512 vp=0.754928 cap=301.971234
[1372068331.483136] vm=rubis-hvm perf=0.766196 vp=0.245072 cap=98.028766
[1372068336.883008] vm=rubbos-hvm perf=0.354570 vp=0.754928 cap=301.971234
[1372068337.052342] vm=rubis-hvm perf=0.692053 vp=0.245072 cap=98.028766
[1372068342.477227] vm=rubbos-hvm perf=-0.836278 vp=0.782788 cap=313.115391
[1372068342.648714] vm=rubis-hvm perf=0.578030 vp=0.217212 cap=86.884609
[1372068348.036233] vm=rubbos-hvm perf=0.543928 vp=0.782788 cap=313.115391
[1372068348.192095] vm=rubis-hvm perf=0.802081 vp=0.217212 cap=86.884609
[1372068353.575392] vm=rubbos-hvm perf=0.053442 vp=0.782788 cap=313.115391
[1372068353.747488] vm=rubis-hvm perf=0.801992 vp=0.217212 cap=86.884609
[1372068359.159003] vm=rubbos-hvm perf=0.566294 vp=0.782788 cap=313.115391
[1372068359.330331] vm=rubis-hvm perf=0.412848 vp=0.217212 cap=86.884609
[1372068364.755955] vm=rubbos-hvm perf=0.007892 vp=0.782788 cap=313.115391
[1372068364.930409] vm=rubis-hvm perf=0.759665 vp=0.217212 cap=86.884609
[1372068370.330833] vm=rubbos-hvm perf=0.577742 vp=0.782788 cap=313.115391
[1372068370.498467] vm=rubis-hvm perf=0.825057 vp=0.217212 cap=86.884609
[1372068375.883793] vm=rubbos-hvm perf=0.253004 vp=0.782788 cap=313.115391
[1372068376.040809] vm=rubis-hvm perf=0.675749 vp=0.217212 cap=86.884609
[1372068381.398762] vm=rubbos-hvm perf=0.163704 vp=0.782788 cap=313.115391
[1372068381.561760] vm=rubis-hvm perf=0.606761 vp=0.217212 cap=86.884609
[1372068386.965278] vm=rubbos-hvm perf=0.452484 vp=0.782788 cap=313.115391
[1372068387.131855] vm=rubis-hvm perf=0.716320 vp=0.217212 cap=86.884609
[1372068392.529678] vm=rubbos-hvm perf=-0.528640 vp=0.788120 cap=315.248053
[1372068392.692493] vm=rubis-hvm perf=0.014041 vp=0.211880 cap=84.751947
[1372068398.091186] vm=rubbos-hvm perf=0.660748 vp=0.788120 cap=315.248053
[1372068398.260141] vm=rubis-hvm perf=0.694044 vp=0.211880 cap=84.751947
[1372068403.657730] vm=rubbos-hvm perf=-0.098978 vp=0.811531 cap=324.612517
[1372068403.832203] vm=rubis-hvm perf=0.761454 vp=0.188469 cap=75.387483
[1372068409.240611] vm=rubbos-hvm perf=0.603302 vp=0.811531 cap=324.612517
[1372068409.388663] vm=rubis-hvm perf=0.520917 vp=0.188469 cap=75.387483
[1372068414.786710] vm=rubbos-hvm perf=0.065490 vp=0.811531 cap=324.612517
[1372068414.969071] vm=rubis-hvm perf=0.631965 vp=0.188469 cap=75.387483
[1372068420.357576] vm=rubbos-hvm perf=0.436838 vp=0.811531 cap=324.612517
[1372068420.523753] vm=rubis-hvm perf=0.681476 vp=0.188469 cap=75.387483
[1372068425.947622] vm=rubbos-hvm perf=-0.212194 vp=0.827685 cap=331.074034
[1372068426.124881] vm=rubis-hvm perf=0.528306 vp=0.172315 cap=68.925966
