Currently running VMs
2013-07-25 11:56:25.417+0000: 30775: info : libvirt version: 0.9.8
2013-07-25 11:56:25.417+0000: 30775: warning : xenHypervisorMakeCapabilities:2751 : Failed to get host power management capabilities
- Domain-0 weight=256 cap=0 vcpus=32
- rubbos-hvm weight=256 cap=287 vcpus=3 mac=aa:00:00:00:00:11
- rubis-hvm weight=256 cap=800 vcpus=8 mac=aa:00:00:00:00:10
New scheduling parameters:  weight=256 cap=800 vcpus=8
Currently running VMs
2013-07-25 11:56:36.347+0000: 30826: info : libvirt version: 0.9.8
2013-07-25 11:56:36.347+0000: 30826: warning : xenHypervisorMakeCapabilities:2751 : Failed to get host power management capabilities
- Domain-0 weight=256 cap=0 vcpus=32
- rubbos-hvm weight=256 cap=287 vcpus=3 mac=aa:00:00:00:00:11
- rubis-hvm weight=256 cap=800 vcpus=8 mac=aa:00:00:00:00:10
New scheduling parameters:  weight=256 cap=200 vcpus=2
Currently running VMs
2013-07-25 11:58:17.270+0000: 31091: info : libvirt version: 0.9.8
2013-07-25 11:58:17.270+0000: 31091: warning : xenHypervisorMakeCapabilities:2751 : Failed to get host power management capabilities
- Domain-0 weight=256 cap=0 vcpus=32
- rubbos-hvm weight=256 cap=287 vcpus=3 mac=aa:00:00:00:00:11
- rubis-hvm weight=256 cap=200 vcpus=2 mac=aa:00:00:00:00:10
New scheduling parameters:  weight=256 cap=250 vcpus=3
Currently running VMs
2013-07-25 11:59:58.190+0000: 31139: info : libvirt version: 0.9.8
2013-07-25 11:59:58.190+0000: 31139: warning : xenHypervisorMakeCapabilities:2751 : Failed to get host power management capabilities
