[1374753386.372703] latency=nan:nan:nan:nan:nan:(-nan)ms throughput=0rps rr=-nan% cr=-nan% errors=0 total=0
[1374753387.376713] latency=nan:nan:nan:nan:nan:(-nan)ms throughput=0rps rr=-nan% cr=-nan% errors=0 total=0
[1374753388.380639] latency=nan:nan:nan:nan:nan:(-nan)ms throughput=0rps rr=-nan% cr=-nan% errors=0 total=0
[1374753389.384656] latency=nan:nan:nan:nan:nan:(-nan)ms throughput=0rps rr=-nan% cr=-nan% errors=0 total=0
[1374753390.388640] latency=nan:nan:nan:nan:nan:(-nan)ms throughput=0rps rr=-nan% cr=-nan% errors=0 total=0
[1374753391.392677] latency=nan:nan:nan:nan:nan:(-nan)ms throughput=0rps rr=-nan% cr=-nan% errors=0 total=0
[1374753392.396626] latency=nan:nan:nan:nan:nan:(-nan)ms throughput=0rps rr=-nan% cr=-nan% errors=0 total=0
[1374753393.400649] latency=nan:nan:nan:nan:nan:(-nan)ms throughput=0rps rr=-nan% cr=-nan% errors=0 total=0
[1374753394.404655] latency=nan:nan:nan:nan:nan:(-nan)ms throughput=0rps rr=-nan% cr=-nan% errors=0 total=0
[1374753395.408650] latency=nan:nan:nan:nan:nan:(-nan)ms throughput=0rps rr=-nan% cr=-nan% errors=0 total=0
[1374753396.412712] latency=nan:nan:nan:nan:nan:(-nan)ms throughput=0rps rr=-nan% cr=-nan% errors=0 total=0
[1374753396.413015] set thinktime=3.000000
[1374753396.413082] set concurrency=100
[1374753397.464711] latency=5:6:7:10:213:(41)ms throughput=28rps rr=27.59% cr=0.00% errors=0 total=29
[1374753398.468654] latency=5:8:29:199:816:(127)ms throughput=19rps rr=42.11% cr=0.00% errors=0 total=48
[1374753399.472624] latency=9:32:590:1355:1817:(685)ms throughput=22rps rr=72.73% cr=0.00% errors=0 total=70
[1374753400.476640] latency=5:22:74:994:2073:(571)ms throughput=25rps rr=48.00% cr=0.00% errors=0 total=95
[1374753401.480637] latency=6:9:32:1628:2765:(685)ms throughput=34rps rr=41.18% cr=0.00% errors=0 total=129
[1374753402.484697] latency=4:9:95:1209:2819:(625)ms throughput=44rps rr=50.00% cr=0.00% errors=0 total=173
[1374753403.488670] latency=3:5:5:7:151:(15)ms throughput=26rps rr=11.54% cr=0.00% errors=0 total=199
[1374753404.492671] latency=4:5:5:6:146:(9)ms throughput=41rps rr=2.44% cr=0.00% errors=0 total=240
[1374753405.496671] latency=4:4:5:7:29:(7)ms throughput=37rps rr=2.70% cr=0.00% errors=0 total=277
[1374753406.500662] latency=4:4:5:5:7:(5)ms throughput=23rps rr=0.00% cr=0.00% errors=0 total=300
[1374753407.504618] latency=4:5:5:7:25:(6)ms throughput=35rps rr=0.00% cr=0.00% errors=0 total=335
[1374753408.508670] latency=4:4:5:6:8:(5)ms throughput=35rps rr=0.00% cr=0.00% errors=0 total=370
[1374753409.512672] latency=4:5:5:6:9:(5)ms throughput=30rps rr=0.00% cr=0.00% errors=0 total=400
[1374753410.516670] latency=4:5:5:5:9:(5)ms throughput=42rps rr=0.00% cr=0.00% errors=0 total=442
[1374753411.520617] latency=4:4:5:7:116:(11)ms throughput=28rps rr=7.14% cr=0.00% errors=0 total=470
[1374753412.524632] latency=4:5:6:39:361:(62)ms throughput=26rps rr=30.77% cr=0.00% errors=0 total=496
[1374753413.528678] latency=3:5:8:60:192:(47)ms throughput=22rps rr=31.82% cr=0.00% errors=0 total=518
[1374753414.532636] latency=4:5:7:13:146:(21)ms throughput=26rps rr=23.08% cr=0.00% errors=0 total=544
[1374753415.536621] latency=3:6:7:29:233:(42)ms throughput=35rps rr=25.71% cr=0.00% errors=0 total=579
[1374753416.540634] latency=5:5:8:29:296:(45)ms throughput=29rps rr=34.48% cr=0.00% errors=0 total=608
[1374753417.544635] latency=4:5:10:80:344:(63)ms throughput=35rps rr=31.43% cr=0.00% errors=0 total=643
[1374753418.548656] latency=4:9:36:174:641:(126)ms throughput=36rps rr=52.78% cr=0.00% errors=0 total=679
[1374753419.552667] latency=4:7:62:311:522:(166)ms throughput=28rps rr=53.57% cr=0.00% errors=0 total=707
[1374753420.556639] latency=6:10:22:233:697:(140)ms throughput=26rps rr=34.62% cr=0.00% errors=0 total=733
[1374753421.560632] latency=6:12:25:348:1131:(231)ms throughput=20rps rr=50.00% cr=0.00% errors=0 total=753
[1374753422.564637] latency=5:15:42:881:1904:(439)ms throughput=34rps rr=38.24% cr=0.00% errors=0 total=787
[1374753423.568623] latency=5:12:46:1778:2977:(787)ms throughput=31rps rr=38.71% cr=0.00% errors=0 total=818
[1374753424.572634] latency=4:8:53:1990:3383:(954)ms throughput=43rps rr=44.19% cr=0.00% errors=0 total=861
[1374753425.576632] latency=4:5:6:15:2766:(324)ms throughput=40rps rr=20.00% cr=0.00% errors=0 total=901
[1374753426.580672] latency=4:4:5:7:39:(7)ms throughput=30rps rr=3.33% cr=0.00% errors=0 total=931
[1374753427.584655] latency=4:5:5:8:27:(9)ms throughput=21rps rr=0.00% cr=0.00% errors=0 total=952
[1374753428.588668] latency=4:4:5:5:8:(5)ms throughput=33rps rr=0.00% cr=0.00% errors=0 total=985
[1374753429.592638] latency=4:4:5:8:30:(7)ms throughput=28rps rr=0.00% cr=0.00% errors=0 total=1013
[1374753430.596672] latency=4:4:5:6:9:(5)ms throughput=32rps rr=0.00% cr=0.00% errors=0 total=1045
[1374753431.600657] latency=4:5:5:6:24:(6)ms throughput=22rps rr=0.00% cr=0.00% errors=0 total=1067
[1374753432.604631] latency=4:5:5:7:19:(6)ms throughput=37rps rr=0.00% cr=0.00% errors=0 total=1104
[1374753433.608685] latency=4:5:6:8:154:(13)ms throughput=24rps rr=12.50% cr=0.00% errors=0 total=1128
[1374753434.612653] latency=4:5:6:8:138:(16)ms throughput=34rps rr=11.76% cr=0.00% errors=0 total=1162
[1374753435.616626] latency=4:5:6:19:217:(32)ms throughput=34rps rr=26.47% cr=0.00% errors=0 total=1196
[1374753436.620630] latency=4:5:6:8:196:(30)ms throughput=35rps rr=14.29% cr=0.00% errors=0 total=1231
[1374753437.624644] latency=3:6:10:79:464:(90)ms throughput=40rps rr=30.00% cr=0.00% errors=0 total=1271
[1374753438.628677] latency=4:5:6:15:305:(41)ms throughput=33rps rr=21.21% cr=0.00% errors=0 total=1304
[1374753439.632624] latency=3:5:6:9:207:(22)ms throughput=36rps rr=13.89% cr=0.00% errors=0 total=1340
[1374753440.636640] latency=4:9:18:179:638:(127)ms throughput=34rps rr=41.18% cr=0.00% errors=0 total=1374
[1374753441.640645] latency=4:9:31:323:860:(208)ms throughput=30rps rr=46.67% cr=0.00% errors=0 total=1404
[1374753442.644668] latency=4:8:20:246:672:(135)ms throughput=32rps rr=37.50% cr=0.00% errors=0 total=1436
[1374753443.648648] latency=4:5:8:140:491:(80)ms throughput=27rps rr=33.33% cr=0.00% errors=0 total=1463
[1374753444.652661] latency=4:6:7:13:302:(48)ms throughput=35rps rr=22.86% cr=0.00% errors=0 total=1498
[1374753445.656640] latency=4:7:19:160:361:(92)ms throughput=26rps rr=38.46% cr=0.00% errors=0 total=1524
[1374753446.660641] latency=4:6:9:50:461:(70)ms throughput=33rps rr=39.39% cr=0.00% errors=0 total=1557
[1374753447.664621] latency=4:6:8:153:528:(103)ms throughput=32rps rr=46.88% cr=0.00% errors=0 total=1589
[1374753448.668642] latency=3:8:17:229:553:(132)ms throughput=28rps rr=46.43% cr=0.00% errors=0 total=1617
[1374753449.672644] latency=4:12:27:351:1038:(199)ms throughput=28rps rr=35.71% cr=0.00% errors=0 total=1645
[1374753450.676654] latency=5:13:44:617:1515:(322)ms throughput=25rps rr=36.00% cr=0.00% errors=0 total=1670
[1374753451.680627] latency=5:12:63:1258:1995:(571)ms throughput=37rps rr=45.95% cr=0.00% errors=0 total=1707
[1374753452.684645] latency=4:10:32:867:2426:(462)ms throughput=60rps rr=38.33% cr=0.00% errors=0 total=1767
[1374753453.688669] latency=4:5:7:11:1804:(94)ms throughput=34rps rr=14.71% cr=0.00% errors=0 total=1801
[1374753454.692674] latency=4:5:5:6:151:(11)ms throughput=26rps rr=3.85% cr=0.00% errors=0 total=1827
[1374753455.696657] latency=4:5:5:6:7:(5)ms throughput=34rps rr=0.00% cr=0.00% errors=0 total=1861
[1374753456.700673] latency=4:5:5:5:7:(5)ms throughput=23rps rr=0.00% cr=0.00% errors=0 total=1884
[1374753457.704632] latency=4:5:6:7:17:(6)ms throughput=27rps rr=0.00% cr=0.00% errors=0 total=1911
[1374753458.708648] latency=4:5:5:7:65:(10)ms throughput=47rps rr=0.00% cr=0.00% errors=0 total=1958
[1374753459.712659] latency=4:5:5:7:28:(6)ms throughput=35rps rr=0.00% cr=0.00% errors=0 total=1993
[1374753460.716677] latency=4:5:5:6:18:(6)ms throughput=38rps rr=0.00% cr=0.00% errors=0 total=2031
[1374753461.720676] latency=4:5:6:7:24:(7)ms throughput=35rps rr=0.00% cr=0.00% errors=0 total=2066
[1374753462.724679] latency=3:5:5:7:157:(11)ms throughput=36rps rr=2.78% cr=0.00% errors=0 total=2102
[1374753463.728660] latency=4:5:6:8:187:(17)ms throughput=35rps rr=5.71% cr=0.00% errors=0 total=2137
[1374753464.732640] latency=4:5:5:8:152:(14)ms throughput=35rps rr=14.29% cr=0.00% errors=0 total=2172
[1374753465.736631] latency=3:5:6:9:197:(27)ms throughput=33rps rr=18.18% cr=0.00% errors=0 total=2205
[1374753466.740649] latency=3:6:10:87:313:(63)ms throughput=24rps rr=25.00% cr=0.00% errors=0 total=2229
[1374753467.744627] latency=4:9:18:136:278:(79)ms throughput=27rps rr=44.44% cr=0.00% errors=0 total=2256
[1374753468.748635] latency=5:7:29:121:350:(75)ms throughput=28rps rr=46.43% cr=0.00% errors=0 total=2284
[1374753469.752631] latency=5:8:14:134:550:(117)ms throughput=32rps rr=40.62% cr=0.00% errors=0 total=2316
[1374753470.756640] latency=4:7:13:113:308:(76)ms throughput=32rps rr=40.62% cr=0.00% errors=0 total=2348
[1374753471.760626] latency=3:7:30:222:427:(115)ms throughput=31rps rr=45.16% cr=0.00% errors=0 total=2379
[1374753472.764643] latency=6:14:92:300:755:(213)ms throughput=25rps rr=56.00% cr=0.00% errors=0 total=2404
[1374753473.768634] latency=5:9:65:349:923:(211)ms throughput=26rps rr=46.15% cr=0.00% errors=0 total=2430
[1374753474.772640] latency=9:36:487:742:1374:(477)ms throughput=11rps rr=72.73% cr=0.00% errors=0 total=2441
[1374753475.776627] latency=5:15:78:823:1975:(514)ms throughput=31rps rr=54.84% cr=0.00% errors=0 total=2472
[1374753476.780639] latency=6:13:282:1459:2116:(714)ms throughput=33rps rr=54.55% cr=0.00% errors=0 total=2505
[1374753477.784636] latency=5:8:13:117:1380:(160)ms throughput=39rps rr=25.64% cr=0.00% errors=0 total=2544
[1374753478.788675] latency=4:5:7:25:236:(40)ms throughput=30rps rr=16.67% cr=0.00% errors=0 total=2574
[1374753479.792660] latency=4:5:5:7:191:(16)ms throughput=41rps rr=7.32% cr=0.00% errors=0 total=2615
[1374753480.796653] latency=4:5:6:8:23:(8)ms throughput=30rps rr=3.33% cr=0.00% errors=0 total=2645
[1374753481.800624] latency=4:5:5:7:163:(15)ms throughput=32rps rr=6.25% cr=0.00% errors=0 total=2677
[1374753482.804687] latency=4:5:5:6:24:(6)ms throughput=30rps rr=0.00% cr=0.00% errors=0 total=2707
[1374753483.808664] latency=4:5:6:7:48:(8)ms throughput=35rps rr=2.86% cr=0.00% errors=0 total=2742
[1374753484.812672] latency=3:5:5:7:183:(13)ms throughput=38rps rr=5.26% cr=0.00% errors=0 total=2780
[1374753485.816667] latency=3:5:6:7:35:(8)ms throughput=29rps rr=0.00% cr=0.00% errors=0 total=2809
[1374753486.820670] latency=4:5:5:6:39:(7)ms throughput=29rps rr=0.00% cr=0.00% errors=0 total=2838
[1374753487.824618] latency=4:5:5:6:25:(6)ms throughput=21rps rr=0.00% cr=0.00% errors=0 total=2859
[1374753488.828637] latency=4:5:7:34:229:(35)ms throughput=23rps rr=26.09% cr=0.00% errors=0 total=2882
[1374753489.832628] latency=4:5:5:6:35:(6)ms throughput=41rps rr=2.44% cr=0.00% errors=0 total=2923
[1374753490.836637] latency=4:8:15:128:372:(74)ms throughput=31rps rr=32.26% cr=0.00% errors=0 total=2954
[1374753491.840619] latency=4:5:6:8:222:(21)ms throughput=38rps rr=13.16% cr=0.00% errors=0 total=2992
[1374753492.844631] latency=3:5:6:17:218:(30)ms throughput=33rps rr=15.15% cr=0.00% errors=0 total=3025
[1374753493.848671] latency=3:5:6:8:158:(14)ms throughput=32rps rr=9.38% cr=0.00% errors=0 total=3057
[1374753494.852675] latency=4:5:6:8:149:(20)ms throughput=31rps rr=9.68% cr=0.00% errors=0 total=3088
[1374753495.856622] latency=4:6:9:30:300:(51)ms throughput=35rps rr=25.71% cr=0.00% errors=0 total=3123
[1374753496.860646] latency=4:7:11:132:440:(89)ms throughput=32rps rr=37.50% cr=0.00% errors=0 total=3155
[1374753497.864668] latency=3:7:21:237:560:(135)ms throughput=27rps rr=44.44% cr=0.00% errors=0 total=3182
[1374753498.868666] latency=4:5:6:26:266:(38)ms throughput=41rps rr=24.39% cr=0.00% errors=0 total=3223
[1374753499.872633] latency=5:13:40:256:804:(163)ms throughput=39rps rr=38.46% cr=0.00% errors=0 total=3262
[1374753500.876704] latency=6:10:65:187:760:(150)ms throughput=29rps rr=44.83% cr=0.00% errors=0 total=3291
[1374753501.880659] latency=4:6:17:196:1063:(179)ms throughput=40rps rr=40.00% cr=0.00% errors=0 total=3331
[1374753502.884658] latency=4:5:9:123:279:(65)ms throughput=23rps rr=34.78% cr=0.00% errors=0 total=3354
[1374753503.888717] latency=5:6:27:159:335:(84)ms throughput=28rps rr=46.43% cr=0.00% errors=0 total=3382
[1374753504.892651] latency=4:5:7:70:202:(42)ms throughput=17rps rr=41.18% cr=0.00% errors=0 total=3399
[1374753505.896648] latency=3:5:9:67:154:(41)ms throughput=39rps rr=48.72% cr=0.00% errors=0 total=3438
[1374753506.900645] latency=4:5:5:17:198:(36)ms throughput=30rps rr=30.00% cr=0.00% errors=0 total=3468
[1374753507.904643] latency=4:5:6:64:249:(40)ms throughput=31rps rr=35.48% cr=0.00% errors=0 total=3499
[1374753508.908666] latency=4:5:24:143:297:(78)ms throughput=19rps rr=47.37% cr=0.00% errors=0 total=3518
[1374753509.912666] latency=3:11:76:254:722:(180)ms throughput=25rps rr=56.00% cr=0.00% errors=0 total=3543
[1374753510.916685] latency=4:13:139:883:1618:(426)ms throughput=30rps rr=60.00% cr=0.00% errors=0 total=3573
[1374753511.920674] latency=3:19:98:1323:2404:(593)ms throughput=32rps rr=46.88% cr=0.00% errors=0 total=3605
[1374753512.924685] latency=4:8:61:950:1999:(471)ms throughput=46rps rr=43.48% cr=0.00% errors=0 total=3651
[1374753513.928689] latency=4:5:5:7:207:(21)ms throughput=33rps rr=15.15% cr=0.00% errors=0 total=3684
[1374753514.932660] latency=4:5:5:6:89:(8)ms throughput=29rps rr=3.45% cr=0.00% errors=0 total=3713
[1374753515.936687] latency=4:5:5:6:142:(11)ms throughput=35rps rr=2.86% cr=0.00% errors=0 total=3748
[1374753516.940644] latency=4:5:5:7:9:(6)ms throughput=33rps rr=0.00% cr=0.00% errors=0 total=3781
[1374753517.944652] latency=4:5:5:6:97:(8)ms throughput=32rps rr=3.12% cr=0.00% errors=0 total=3813
[1374753518.948602] latency=4:5:5:7:33:(7)ms throughput=36rps rr=0.00% cr=0.00% errors=0 total=3849
[1374753519.952671] latency=4:5:5:7:57:(9)ms throughput=39rps rr=0.00% cr=0.00% errors=0 total=3888
[1374753520.956649] latency=4:5:5:7:22:(6)ms throughput=41rps rr=0.00% cr=0.00% errors=0 total=3929
[1374753521.960646] latency=4:5:5:6:22:(6)ms throughput=26rps rr=0.00% cr=0.00% errors=0 total=3955
[1374753522.964661] latency=4:5:5:7:180:(16)ms throughput=34rps rr=5.88% cr=0.00% errors=0 total=3989
[1374753523.968673] latency=4:5:5:7:9:(6)ms throughput=29rps rr=0.00% cr=0.00% errors=0 total=4018
[1374753524.972646] latency=4:5:5:6:172:(12)ms throughput=40rps rr=7.50% cr=0.00% errors=0 total=4058
[1374753525.976649] latency=4:5:5:7:165:(20)ms throughput=36rps rr=11.11% cr=0.00% errors=0 total=4094
[1374753526.980663] latency=4:5:7:9:177:(27)ms throughput=33rps rr=21.21% cr=0.00% errors=0 total=4127
[1374753527.984648] latency=3:5:6:11:219:(24)ms throughput=34rps rr=14.71% cr=0.00% errors=0 total=4161
[1374753528.988640] latency=4:5:7:93:208:(53)ms throughput=33rps rr=42.42% cr=0.00% errors=0 total=4194
[1374753529.992655] latency=4:5:8:42:148:(38)ms throughput=26rps rr=42.31% cr=0.00% errors=0 total=4220
[1374753530.996636] latency=3:16:69:241:483:(137)ms throughput=36rps rr=50.00% cr=0.00% errors=0 total=4256
[1374753532.000656] latency=5:48:178:388:685:(216)ms throughput=18rps rr=77.78% cr=0.00% errors=0 total=4274
[1374753533.004652] latency=8:20:112:565:1046:(312)ms throughput=23rps rr=56.52% cr=0.00% errors=0 total=4297
[1374753534.008660] latency=3:29:326:1016:1817:(588)ms throughput=26rps rr=57.69% cr=0.00% errors=0 total=4323
[1374753535.012639] latency=3:8:24:880:1996:(431)ms throughput=54rps rr=40.74% cr=0.00% errors=0 total=4377
[1374753536.016679] latency=4:5:6:8:287:(27)ms throughput=41rps rr=21.95% cr=0.00% errors=0 total=4418
[1374753537.020645] latency=4:5:6:8:182:(19)ms throughput=33rps rr=15.15% cr=0.00% errors=0 total=4451
[1374753538.024677] latency=4:5:5:6:192:(14)ms throughput=35rps rr=5.71% cr=0.00% errors=0 total=4486
[1374753539.028665] latency=4:5:5:5:94:(7)ms throughput=42rps rr=2.38% cr=0.00% errors=0 total=4528
[1374753540.032677] latency=4:5:5:6:81:(8)ms throughput=33rps rr=3.03% cr=0.00% errors=0 total=4561
[1374753541.036664] latency=4:5:5:8:169:(14)ms throughput=40rps rr=2.50% cr=0.00% errors=0 total=4601
[1374753542.040678] latency=4:5:5:7:85:(8)ms throughput=34rps rr=2.94% cr=0.00% errors=0 total=4635
[1374753543.044673] latency=4:5:5:6:8:(5)ms throughput=40rps rr=0.00% cr=0.00% errors=0 total=4675
[1374753544.048677] latency=4:5:5:5:112:(8)ms throughput=36rps rr=2.78% cr=0.00% errors=0 total=4711
[1374753545.052668] latency=4:5:5:7:8:(6)ms throughput=30rps rr=0.00% cr=0.00% errors=0 total=4741
[1374753546.056650] latency=4:5:5:7:169:(23)ms throughput=22rps rr=13.64% cr=0.00% errors=0 total=4763
[1374753547.060627] latency=4:5:5:6:143:(14)ms throughput=35rps rr=8.57% cr=0.00% errors=0 total=4798
[1374753548.064677] latency=4:5:6:19:249:(38)ms throughput=28rps rr=17.86% cr=0.00% errors=0 total=4826
[1374753549.068650] latency=4:5:6:20:219:(33)ms throughput=35rps rr=25.71% cr=0.00% errors=0 total=4861
[1374753550.072661] latency=5:5:8:75:275:(51)ms throughput=32rps rr=21.88% cr=0.00% errors=0 total=4893
[1374753551.076635] latency=7:10:40:441:761:(209)ms throughput=30rps rr=46.67% cr=0.00% errors=0 total=4923
[1374753552.080653] latency=3:5:37:304:641:(157)ms throughput=36rps rr=52.78% cr=0.00% errors=0 total=4959
[1374753553.084654] latency=4:7:26:148:414:(86)ms throughput=36rps rr=41.67% cr=0.00% errors=0 total=4995
[1374753554.088659] latency=3:9:58:422:880:(201)ms throughput=30rps rr=40.00% cr=0.00% errors=0 total=5025
[1374753555.092634] latency=5:8:81:282:900:(189)ms throughput=47rps rr=57.45% cr=0.00% errors=0 total=5072
[1374753556.096652] latency=4:8:29:171:408:(95)ms throughput=30rps rr=40.00% cr=0.00% errors=0 total=5102
[1374753557.100648] latency=4:9:56:218:448:(124)ms throughput=27rps rr=55.56% cr=0.00% errors=0 total=5129
[1374753558.104658] latency=5:12:106:621:844:(315)ms throughput=26rps rr=50.00% cr=0.00% errors=0 total=5155
[1374753559.108643] latency=4:14:84:443:731:(199)ms throughput=38rps rr=55.26% cr=0.00% errors=0 total=5193
[1374753560.112652] latency=3:5:12:186:284:(79)ms throughput=26rps rr=46.15% cr=0.00% errors=0 total=5219
[1374753561.116649] latency=3:8:75:236:521:(146)ms throughput=37rps rr=51.35% cr=0.00% errors=0 total=5256
[1374753562.120659] latency=4:13:80:447:1295:(240)ms throughput=37rps rr=40.54% cr=0.00% errors=0 total=5293
[1374753563.124636] latency=5:20:37:628:1580:(374)ms throughput=32rps rr=46.88% cr=0.00% errors=0 total=5325
[1374753564.128657] latency=3:6:428:1068:1894:(550)ms throughput=40rps rr=57.50% cr=0.00% errors=0 total=5365
[1374753565.132646] latency=4:5:7:10:196:(42)ms throughput=19rps rr=21.05% cr=0.00% errors=0 total=5384
[1374753566.136663] latency=4:5:5:8:197:(21)ms throughput=29rps rr=13.79% cr=0.00% errors=0 total=5413
[1374753567.140662] latency=4:5:5:6:244:(23)ms throughput=37rps rr=10.81% cr=0.00% errors=0 total=5450
[1374753568.144645] latency=4:5:5:6:140:(10)ms throughput=28rps rr=3.57% cr=0.00% errors=0 total=5478
[1374753569.148674] latency=4:5:5:6:175:(12)ms throughput=26rps rr=3.85% cr=0.00% errors=0 total=5504
[1374753570.152665] latency=5:5:5:7:53:(10)ms throughput=35rps rr=0.00% cr=0.00% errors=0 total=5539
[1374753571.156649] latency=4:5:5:7:147:(10)ms throughput=39rps rr=5.13% cr=0.00% errors=0 total=5578
[1374753572.160667] latency=4:5:5:6:216:(14)ms throughput=25rps rr=4.00% cr=0.00% errors=0 total=5603
[1374753573.164669] latency=4:5:5:7:209:(14)ms throughput=30rps rr=6.67% cr=0.00% errors=0 total=5633
[1374753574.168630] latency=4:5:5:6:8:(5)ms throughput=33rps rr=3.03% cr=0.00% errors=0 total=5666
[1374753575.172635] latency=4:5:5:10:225:(33)ms throughput=35rps rr=14.29% cr=0.00% errors=0 total=5701
[1374753576.176637] latency=3:5:5:8:199:(30)ms throughput=28rps rr=21.43% cr=0.00% errors=0 total=5729
[1374753577.180660] latency=4:5:5:7:171:(20)ms throughput=37rps rr=13.51% cr=0.00% errors=0 total=5766
[1374753578.196622] latency=4:5:5:8:204:(25)ms throughput=30rps rr=16.67% cr=0.00% errors=0 total=5796
[1374753579.200647] latency=4:5:6:9:171:(19)ms throughput=32rps rr=21.88% cr=0.00% errors=0 total=5828
[1374753580.204632] latency=4:6:7:41:243:(45)ms throughput=29rps rr=37.93% cr=0.00% errors=0 total=5857
[1374753581.208667] latency=4:9:45:177:600:(127)ms throughput=26rps rr=34.62% cr=0.00% errors=0 total=5883
[1374753582.212638] latency=5:15:110:441:882:(242)ms throughput=34rps rr=55.88% cr=0.00% errors=0 total=5917
[1374753583.216661] latency=4:12:52:328:991:(212)ms throughput=30rps rr=43.33% cr=0.00% errors=0 total=5947
[1374753584.220635] latency=6:12:135:944:1745:(503)ms throughput=47rps rr=53.19% cr=0.00% errors=0 total=5994
[1374753585.224669] latency=4:6:8:129:1065:(88)ms throughput=39rps rr=35.90% cr=0.00% errors=0 total=6033
[1374753586.228664] latency=4:5:6:9:199:(31)ms throughput=31rps rr=22.58% cr=0.00% errors=0 total=6064
[1374753587.232647] latency=4:5:5:6:200:(23)ms throughput=43rps rr=11.63% cr=0.00% errors=0 total=6107
[1374753588.236628] latency=4:5:5:6:122:(10)ms throughput=30rps rr=6.67% cr=0.00% errors=0 total=6137
[1374753589.240690] latency=4:5:5:7:127:(16)ms throughput=31rps rr=12.90% cr=0.00% errors=0 total=6168
[1374753590.244646] latency=4:5:5:6:139:(10)ms throughput=33rps rr=3.03% cr=0.00% errors=0 total=6201
[1374753591.248650] latency=4:5:5:6:105:(9)ms throughput=31rps rr=3.23% cr=0.00% errors=0 total=6232
[1374753592.252677] latency=4:5:5:6:68:(8)ms throughput=33rps rr=3.03% cr=0.00% errors=0 total=6265
[1374753593.256690] latency=3:5:7:9:274:(36)ms throughput=43rps rr=11.63% cr=0.00% errors=0 total=6308
[1374753594.260678] latency=4:5:6:9:178:(24)ms throughput=29rps rr=13.79% cr=0.00% errors=0 total=6337
[1374753595.264648] latency=4:5:5:12:241:(29)ms throughput=39rps rr=17.95% cr=0.00% errors=0 total=6376
[1374753596.268651] latency=4:5:8:96:387:(59)ms throughput=35rps rr=31.43% cr=0.00% errors=0 total=6411
[1374753597.272662] latency=4:5:6:40:278:(45)ms throughput=42rps rr=26.19% cr=0.00% errors=0 total=6453
[1374753598.276681] latency=3:5:10:79:209:(49)ms throughput=31rps rr=32.26% cr=0.00% errors=0 total=6484
[1374753598.335384] latency=5:5:7:8:8:(7)ms throughput=34rps rr=0.00% cr=0.00% errors=0 total=6486
Got signal 2, cleaning up ...
[1374753598.456273] latency=231:116:231:231:231:(231)ms throughput=8rps rr=100.00% cr=0.00% errors=0 total=6487
