[1371473980.424696] latency=nan:nan:nan:nan:nan:(-nan)ms throughput=0rps rr=-nan% cr=-nan% errors=0 total=0
[1371473981.428674] latency=nan:nan:nan:nan:nan:(-nan)ms throughput=0rps rr=-nan% cr=-nan% errors=0 total=0
[1371473982.432663] latency=nan:nan:nan:nan:nan:(-nan)ms throughput=0rps rr=-nan% cr=-nan% errors=0 total=0
[1371473983.436649] latency=nan:nan:nan:nan:nan:(-nan)ms throughput=0rps rr=-nan% cr=-nan% errors=0 total=0
[1371473984.440671] latency=nan:nan:nan:nan:nan:(-nan)ms throughput=0rps rr=-nan% cr=-nan% errors=0 total=0
[1371473985.444669] latency=nan:nan:nan:nan:nan:(-nan)ms throughput=0rps rr=-nan% cr=-nan% errors=0 total=0
[1371473986.448656] latency=nan:nan:nan:nan:nan:(-nan)ms throughput=0rps rr=-nan% cr=-nan% errors=0 total=0
[1371473987.452693] latency=nan:nan:nan:nan:nan:(-nan)ms throughput=0rps rr=-nan% cr=-nan% errors=0 total=0
[1371473988.456660] latency=nan:nan:nan:nan:nan:(-nan)ms throughput=0rps rr=-nan% cr=-nan% errors=0 total=0
[1371473989.460674] latency=nan:nan:nan:nan:nan:(-nan)ms throughput=0rps rr=-nan% cr=-nan% errors=0 total=0
[1371473990.464662] latency=nan:nan:nan:nan:nan:(-nan)ms throughput=0rps rr=-nan% cr=-nan% errors=0 total=0
[1371473990.464948] set thinktime=3.000000
[1371473990.465013] set concurrency=100
[1371473991.552671] latency=4:76:107:152:919:(150)ms throughput=50rps rr=14.81% cr=0.00% errors=0 total=54
[1371473992.556649] latency=9:138:1343:1861:1917:(1033)ms throughput=18rps rr=66.67% cr=0.00% errors=0 total=72
[1371473993.560655] latency=4:706:2333:2676:3036:(1853)ms throughput=32rps rr=78.12% cr=0.00% errors=0 total=104
[1371473994.564641] latency=3:43:869:3258:3905:(1545)ms throughput=58rps rr=70.69% cr=0.00% errors=0 total=162
[1371473995.568646] latency=4:6:51:253:1128:(172)ms throughput=39rps rr=64.10% cr=0.00% errors=0 total=201
[1371473996.572639] latency=4:5:78:154:378:(101)ms throughput=33rps rr=69.70% cr=0.00% errors=0 total=234
[1371473997.576644] latency=4:6:84:161:237:(89)ms throughput=31rps rr=54.84% cr=0.00% errors=0 total=265
[1371473998.580637] latency=4:5:8:96:176:(51)ms throughput=34rps rr=44.12% cr=0.00% errors=0 total=299
[1371473999.584642] latency=4:5:7:81:210:(48)ms throughput=31rps rr=41.94% cr=0.00% errors=0 total=330
[1371474000.588633] latency=4:5:115:194:372:(119)ms throughput=33rps rr=66.67% cr=0.00% errors=0 total=363
[1371474001.592629] latency=4:5:26:180:297:(98)ms throughput=31rps rr=54.84% cr=0.00% errors=0 total=394
[1371474002.596627] latency=4:5:59:118:296:(79)ms throughput=30rps rr=66.67% cr=0.00% errors=0 total=424
[1371474003.600625] latency=4:5:20:165:479:(105)ms throughput=42rps rr=52.38% cr=0.00% errors=0 total=466
[1371474004.604637] latency=4:5:55:126:269:(81)ms throughput=33rps rr=60.61% cr=0.00% errors=0 total=499
[1371474005.608627] latency=3:5:28:168:325:(99)ms throughput=29rps rr=48.28% cr=0.00% errors=0 total=528
[1371474006.612638] latency=4:5:8:133:391:(80)ms throughput=40rps rr=45.00% cr=0.00% errors=0 total=568
[1371474007.616626] latency=4:5:31:155:278:(80)ms throughput=26rps rr=50.00% cr=0.00% errors=0 total=594
[1371474008.620639] latency=4:6:28:254:465:(122)ms throughput=44rps rr=52.27% cr=0.00% errors=0 total=638
[1371474009.624634] latency=4:4:8:121:253:(60)ms throughput=30rps rr=50.00% cr=0.00% errors=0 total=668
[1371474010.628643] latency=4:6:8:100:219:(55)ms throughput=32rps rr=43.75% cr=0.00% errors=0 total=700
[1371474011.632624] latency=4:5:7:142:261:(63)ms throughput=28rps rr=42.86% cr=0.00% errors=0 total=728
[1371474012.636639] latency=4:5:7:139:220:(59)ms throughput=34rps rr=44.12% cr=0.00% errors=0 total=762
[1371474013.640636] latency=3:5:25:120:241:(66)ms throughput=41rps rr=53.66% cr=0.00% errors=0 total=803
[1371474014.644649] latency=4:6:9:151:253:(74)ms throughput=35rps rr=45.71% cr=0.00% errors=0 total=838
[1371474015.648626] latency=5:5:9:84:264:(53)ms throughput=30rps rr=46.67% cr=0.00% errors=0 total=868
[1371474016.652640] latency=4:5:24:119:223:(68)ms throughput=23rps rr=56.52% cr=0.00% errors=0 total=891
[1371474017.656631] latency=3:5:45:177:260:(86)ms throughput=32rps rr=50.00% cr=0.00% errors=0 total=923
[1371474018.660641] latency=4:5:36:144:359:(80)ms throughput=43rps rr=53.49% cr=0.00% errors=0 total=966
[1371474019.664620] latency=3:5:50:185:208:(83)ms throughput=25rps rr=52.00% cr=0.00% errors=0 total=991
[1371474020.668638] latency=4:5:8:151:219:(74)ms throughput=27rps rr=51.85% cr=0.00% errors=0 total=1018
[1371474021.672633] latency=4:5:62:169:263:(85)ms throughput=30rps rr=60.00% cr=0.00% errors=0 total=1048
[1371474022.676677] latency=4:6:8:131:306:(70)ms throughput=31rps rr=38.71% cr=0.00% errors=0 total=1079
[1371474023.680624] latency=4:5:20:123:290:(69)ms throughput=43rps rr=41.86% cr=0.00% errors=0 total=1122
[1371474024.684641] latency=4:5:51:142:365:(86)ms throughput=33rps rr=63.64% cr=0.00% errors=0 total=1155
[1371474025.688631] latency=3:5:7:130:319:(73)ms throughput=34rps rr=50.00% cr=0.00% errors=0 total=1189
[1371474026.692637] latency=4:5:5:64:188:(38)ms throughput=29rps rr=34.48% cr=0.00% errors=0 total=1218
[1371474027.696622] latency=4:5:6:33:208:(42)ms throughput=25rps rr=36.00% cr=0.00% errors=0 total=1243
[1371474028.700637] latency=4:7:48:155:262:(85)ms throughput=37rps rr=59.46% cr=0.00% errors=0 total=1280
[1371474029.704632] latency=4:6:114:221:381:(121)ms throughput=33rps rr=66.67% cr=0.00% errors=0 total=1313
[1371474030.708651] latency=3:5:12:175:325:(92)ms throughput=38rps rr=50.00% cr=0.00% errors=0 total=1351
[1371474031.712624] latency=4:5:42:143:268:(78)ms throughput=40rps rr=60.00% cr=0.00% errors=0 total=1391
[1371474032.716637] latency=4:5:10:148:292:(76)ms throughput=32rps rr=46.88% cr=0.00% errors=0 total=1423
[1371474033.720631] latency=4:5:6:124:251:(63)ms throughput=26rps rr=42.31% cr=0.00% errors=0 total=1449
[1371474034.724640] latency=3:5:10:160:260:(84)ms throughput=33rps rr=51.52% cr=0.00% errors=0 total=1482
[1371474035.728660] latency=3:5:6:124:253:(59)ms throughput=31rps rr=41.94% cr=0.00% errors=0 total=1513
[1371474036.732644] latency=4:5:7:126:251:(70)ms throughput=41rps rr=43.90% cr=0.00% errors=0 total=1554
[1371474037.736658] latency=4:6:68:118:242:(76)ms throughput=33rps rr=63.64% cr=0.00% errors=0 total=1587
[1371474038.740639] latency=4:5:9:93:251:(59)ms throughput=33rps rr=48.48% cr=0.00% errors=0 total=1620
[1371474039.744624] latency=5:5:6:77:259:(60)ms throughput=31rps rr=41.94% cr=0.00% errors=0 total=1651
[1371474040.748637] latency=3:5:25:169:372:(88)ms throughput=37rps rr=54.05% cr=0.00% errors=0 total=1688
[1371474041.752631] latency=4:5:7:96:239:(51)ms throughput=41rps rr=48.78% cr=0.00% errors=0 total=1729
[1371474042.756640] latency=4:7:100:193:365:(109)ms throughput=28rps rr=60.71% cr=0.00% errors=0 total=1757
[1371474043.760627] latency=4:5:8:201:402:(91)ms throughput=35rps rr=48.57% cr=0.00% errors=0 total=1792
[1371474044.764678] latency=3:5:12:100:261:(59)ms throughput=51rps rr=45.10% cr=0.00% errors=0 total=1843
[1371474045.768630] latency=4:5:46:128:245:(73)ms throughput=27rps rr=59.26% cr=0.00% errors=0 total=1870
[1371474046.772649] latency=4:5:111:153:195:(84)ms throughput=24rps rr=58.33% cr=0.00% errors=0 total=1894
[1371474047.776667] latency=4:5:6:143:333:(78)ms throughput=40rps rr=50.00% cr=0.00% errors=0 total=1934
[1371474048.780643] latency=4:6:57:151:383:(97)ms throughput=39rps rr=69.23% cr=0.00% errors=0 total=1973
[1371474049.784630] latency=4:7:36:183:336:(97)ms throughput=27rps rr=55.56% cr=0.00% errors=0 total=2000
[1371474050.788644] latency=5:5:8:83:242:(55)ms throughput=25rps rr=48.00% cr=0.00% errors=0 total=2025
[1371474051.792632] latency=5:5:8:76:254:(55)ms throughput=29rps rr=51.72% cr=0.00% errors=0 total=2054
[1371474052.796641] latency=4:5:8:124:263:(63)ms throughput=34rps rr=44.12% cr=0.00% errors=0 total=2088
[1371474053.800627] latency=4:5:6:57:184:(40)ms throughput=36rps rr=30.56% cr=0.00% errors=0 total=2124
[1371474054.804805] latency=4:5:8:116:198:(53)ms throughput=28rps rr=46.43% cr=0.00% errors=0 total=2152
[1371474055.808622] latency=4:5:8:103:251:(56)ms throughput=30rps rr=46.67% cr=0.00% errors=0 total=2182
[1371474056.812635] latency=4:5:31:124:255:(65)ms throughput=33rps rr=51.52% cr=0.00% errors=0 total=2215
[1371474057.816631] latency=4:5:9:182:247:(70)ms throughput=38rps rr=47.37% cr=0.00% errors=0 total=2253
[1371474058.820627] latency=4:6:49:182:294:(92)ms throughput=32rps rr=65.62% cr=0.00% errors=0 total=2285
[1371474059.824647] latency=4:5:53:166:252:(81)ms throughput=31rps rr=54.84% cr=0.00% errors=0 total=2316
[1371474060.828626] latency=4:5:6:112:233:(60)ms throughput=35rps rr=42.86% cr=0.00% errors=0 total=2351
[1371474061.832644] latency=3:5:36:164:338:(84)ms throughput=37rps rr=54.05% cr=0.00% errors=0 total=2388
[1371474062.836633] latency=3:5:8:106:226:(63)ms throughput=31rps rr=45.16% cr=0.00% errors=0 total=2419
[1371474063.840645] latency=4:5:8:131:206:(55)ms throughput=30rps rr=43.33% cr=0.00% errors=0 total=2449
[1371474064.844625] latency=3:7:48:162:247:(86)ms throughput=33rps rr=57.58% cr=0.00% errors=0 total=2482
[1371474065.848653] latency=5:5:23:105:189:(58)ms throughput=27rps rr=55.56% cr=0.00% errors=0 total=2509
[1371474066.852623] latency=3:5:8:110:206:(62)ms throughput=29rps rr=51.72% cr=0.00% errors=0 total=2538
[1371474067.856667] latency=4:5:8:104:246:(67)ms throughput=34rps rr=52.94% cr=0.00% errors=0 total=2572
[1371474068.860648] latency=4:7:94:294:440:(148)ms throughput=36rps rr=55.56% cr=0.00% errors=0 total=2608
[1371474069.864630] latency=4:5:16:139:228:(64)ms throughput=26rps rr=53.85% cr=0.00% errors=0 total=2634
[1371474070.868639] latency=4:5:7:69:242:(50)ms throughput=35rps rr=45.71% cr=0.00% errors=0 total=2669
[1371474071.872630] latency=4:8:30:166:229:(76)ms throughput=26rps rr=53.85% cr=0.00% errors=0 total=2695
[1371474072.876653] latency=4:5:23:148:239:(79)ms throughput=34rps rr=52.94% cr=0.00% errors=0 total=2729
[1371474073.880630] latency=4:5:7:89:184:(52)ms throughput=31rps rr=48.39% cr=0.00% errors=0 total=2760
[1371474074.884638] latency=3:5:7:113:208:(56)ms throughput=30rps rr=46.67% cr=0.00% errors=0 total=2790
[1371474075.888635] latency=4:5:6:71:240:(51)ms throughput=35rps rr=42.86% cr=0.00% errors=0 total=2825
[1371474076.892648] latency=4:6:54:162:303:(91)ms throughput=33rps rr=57.58% cr=0.00% errors=0 total=2858
[1371474077.896641] latency=4:5:15:115:253:(68)ms throughput=30rps rr=46.67% cr=0.00% errors=0 total=2888
[1371474078.900645] latency=3:6:133:196:317:(111)ms throughput=33rps rr=60.61% cr=0.00% errors=0 total=2921
[1371474079.904624] latency=4:5:7:49:155:(36)ms throughput=32rps rr=46.88% cr=0.00% errors=0 total=2953
[1371474080.908644] latency=4:5:6:126:233:(53)ms throughput=32rps rr=43.75% cr=0.00% errors=0 total=2985
[1371474081.912630] latency=4:5:27:158:223:(75)ms throughput=30rps rr=53.33% cr=0.00% errors=0 total=3015
[1371474082.916637] latency=4:5:26:92:229:(64)ms throughput=37rps rr=56.76% cr=0.00% errors=0 total=3052
[1371474083.920619] latency=4:5:7:68:233:(45)ms throughput=37rps rr=40.54% cr=0.00% errors=0 total=3089
[1371474084.924664] latency=5:7:69:111:232:(70)ms throughput=33rps rr=60.61% cr=0.00% errors=0 total=3122
[1371474085.928695] latency=5:6:57:134:235:(74)ms throughput=20rps rr=55.00% cr=0.00% errors=0 total=3142
[1371474086.932637] latency=4:5:8:128:442:(81)ms throughput=41rps rr=46.34% cr=0.00% errors=0 total=3183
[1371474087.936641] latency=4:5:82:151:247:(88)ms throughput=28rps rr=57.14% cr=0.00% errors=0 total=3211
[1371474088.940630] latency=4:5:62:126:203:(73)ms throughput=32rps rr=56.25% cr=0.00% errors=0 total=3243
[1371474089.944648] latency=4:5:50:148:288:(80)ms throughput=31rps rr=58.06% cr=0.00% errors=0 total=3274
[1371474090.948685] latency=4:5:9:135:202:(67)ms throughput=32rps rr=43.75% cr=0.00% errors=0 total=3306
[1371474091.952638] latency=4:5:16:151:488:(98)ms throughput=37rps rr=51.35% cr=0.00% errors=0 total=3343
[1371474092.956654] latency=3:4:14:252:409:(116)ms throughput=27rps rr=48.15% cr=0.00% errors=0 total=3370
[1371474093.960636] latency=4:7:9:193:350:(89)ms throughput=28rps rr=46.43% cr=0.00% errors=0 total=3398
[1371474094.964643] latency=4:5:43:405:889:(216)ms throughput=31rps rr=58.06% cr=0.00% errors=0 total=3429
[1371474095.968630] latency=4:5:11:145:357:(83)ms throughput=23rps rr=39.13% cr=0.00% errors=0 total=3452
[1371474096.972670] latency=3:4:12:309:642:(162)ms throughput=31rps rr=48.39% cr=0.00% errors=0 total=3483
[1371474097.976624] latency=4:7:334:798:1583:(395)ms throughput=29rps rr=55.17% cr=0.00% errors=0 total=3512
[1371474098.980639] latency=4:5:17:265:908:(180)ms throughput=35rps rr=40.00% cr=0.00% errors=0 total=3547
[1371474099.984639] latency=3:8:32:855:1578:(419)ms throughput=34rps rr=50.00% cr=0.00% errors=0 total=3581
[1371474100.988653] latency=4:4:9:361:1124:(182)ms throughput=33rps rr=45.45% cr=0.00% errors=0 total=3614
[1371474101.992623] latency=3:4:138:517:884:(272)ms throughput=31rps rr=64.52% cr=0.00% errors=0 total=3645
[1371474102.996682] latency=3:4:6:100:463:(67)ms throughput=30rps rr=36.67% cr=0.00% errors=0 total=3675
[1371474104.000641] latency=4:4:16:417:1021:(227)ms throughput=35rps rr=54.29% cr=0.00% errors=0 total=3710
[1371474105.004658] latency=4:5:24:402:719:(193)ms throughput=21rps rr=47.62% cr=0.00% errors=0 total=3731
[1371474106.008628] latency=3:4:9:172:531:(120)ms throughput=29rps rr=41.38% cr=0.00% errors=0 total=3760
[1371474107.012638] latency=3:5:15:613:843:(278)ms throughput=30rps rr=50.00% cr=0.00% errors=0 total=3790
[1371474108.016626] latency=3:4:8:256:895:(164)ms throughput=37rps rr=48.65% cr=0.00% errors=0 total=3827
[1371474109.020765] latency=4:6:12:125:492:(87)ms throughput=37rps rr=43.24% cr=0.00% errors=0 total=3864
[1371474110.024701] latency=4:5:9:103:336:(63)ms throughput=30rps rr=43.33% cr=0.00% errors=0 total=3894
[1371474111.028679] latency=4:4:5:50:358:(59)ms throughput=23rps rr=34.78% cr=0.00% errors=0 total=3917
[1371474112.032681] latency=3:4:213:868:1171:(397)ms throughput=31rps rr=51.61% cr=0.00% errors=0 total=3948
[1371474113.036690] latency=3:5:23:247:787:(169)ms throughput=39rps rr=51.28% cr=0.00% errors=0 total=3987
[1371474114.040674] latency=4:8:20:95:586:(94)ms throughput=22rps rr=40.91% cr=0.00% errors=0 total=4009
[1371474115.044634] latency=3:5:135:535:1130:(323)ms throughput=30rps rr=56.67% cr=0.00% errors=0 total=4039
[1371474116.048680] latency=3:4:14:158:1149:(179)ms throughput=33rps rr=51.52% cr=0.00% errors=0 total=4072
[1371474117.052657] latency=4:5:6:103:342:(67)ms throughput=30rps rr=36.67% cr=0.00% errors=0 total=4102
[1371474118.056662] latency=4:5:61:548:921:(295)ms throughput=26rps rr=53.85% cr=0.00% errors=0 total=4128
[1371474119.060669] latency=3:4:17:653:1276:(309)ms throughput=32rps rr=43.75% cr=0.00% errors=0 total=4160
[1371474120.064676] latency=4:21:207:578:1714:(388)ms throughput=24rps rr=66.67% cr=0.00% errors=0 total=4184
[1371474121.068694] latency=3:5:22:86:2114:(266)ms throughput=21rps rr=28.57% cr=0.00% errors=0 total=4205
[1371474122.072684] latency=4:19:93:1734:2376:(762)ms throughput=29rps rr=44.83% cr=0.00% errors=0 total=4234
[1371474123.076674] latency=3:16:59:1823:3374:(818)ms throughput=30rps rr=43.33% cr=0.00% errors=0 total=4264
[1371474124.080697] latency=4:11:65:1201:3388:(828)ms throughput=31rps rr=41.94% cr=0.00% errors=0 total=4295
[1371474125.084675] latency=4:31:646:2262:3132:(1195)ms throughput=25rps rr=56.00% cr=0.00% errors=0 total=4320
[1371474126.088697] latency=3:12:116:1501:3568:(751)ms throughput=21rps rr=57.14% cr=0.00% errors=0 total=4341
[1371474127.092678] latency=4:19:49:1002:3466:(682)ms throughput=26rps rr=34.62% cr=0.00% errors=0 total=4367
[1371474128.096673] latency=4:35:870:2467:4092:(1326)ms throughput=28rps rr=64.29% cr=0.00% errors=0 total=4395
[1371474129.100671] latency=4:52:745:2074:4076:(1156)ms throughput=17rps rr=58.82% cr=0.00% errors=0 total=4412
[1371474130.104685] latency=4:13:735:2631:3868:(1446)ms throughput=23rps rr=65.22% cr=0.00% errors=0 total=4435
[1371474131.108705] latency=4:12:126:2042:4268:(1188)ms throughput=26rps rr=46.15% cr=0.00% errors=0 total=4461
[1371474132.112679] latency=4:12:195:2134:4254:(1160)ms throughput=27rps rr=51.85% cr=0.00% errors=0 total=4488
[1371474133.116682] latency=4:26:427:1434:4009:(863)ms throughput=31rps rr=54.84% cr=0.00% errors=0 total=4519
[1371474134.120684] latency=3:7:138:1112:2836:(693)ms throughput=32rps rr=53.12% cr=0.00% errors=0 total=4551
[1371474135.124697] latency=4:7:12:1202:2598:(589)ms throughput=34rps rr=50.00% cr=0.00% errors=0 total=4585
[1371474136.128676] latency=4:5:11:312:1691:(292)ms throughput=31rps rr=51.61% cr=0.00% errors=0 total=4616
[1371474137.132699] latency=3:4:5:102:211:(49)ms throughput=31rps rr=38.71% cr=0.00% errors=0 total=4647
[1371474138.136680] latency=4:5:11:322:945:(210)ms throughput=33rps rr=48.48% cr=0.00% errors=0 total=4680
[1371474139.140674] latency=3:4:7:279:781:(144)ms throughput=22rps rr=50.00% cr=0.00% errors=0 total=4702
[1371474140.144674] latency=3:6:21:292:1423:(266)ms throughput=23rps rr=47.83% cr=0.00% errors=0 total=4725
[1371474141.148681] latency=3:9:49:890:2181:(489)ms throughput=37rps rr=40.54% cr=0.00% errors=0 total=4762
[1371474142.152695] latency=4:63:174:1237:2689:(681)ms throughput=15rps rr=46.67% cr=0.00% errors=0 total=4777
[1371474143.156686] latency=3:9:220:2143:3012:(972)ms throughput=22rps rr=59.09% cr=0.00% errors=0 total=4799
[1371474144.160702] latency=4:94:972:2654:3081:(1306)ms throughput=18rps rr=72.22% cr=0.00% errors=0 total=4817
[1371474145.164697] latency=4:33:194:1774:3503:(959)ms throughput=24rps rr=54.17% cr=0.00% errors=0 total=4841
[1371474146.168699] latency=3:10:95:1747:3127:(905)ms throughput=19rps rr=42.11% cr=0.00% errors=0 total=4860
[1371474147.172706] latency=4:11:111:2552:4156:(1109)ms throughput=29rps rr=44.83% cr=0.00% errors=0 total=4889
[1371474148.176700] latency=4:9:748:1907:3400:(1085)ms throughput=27rps rr=62.96% cr=0.00% errors=0 total=4916
[1371474149.180692] latency=4:16:57:1914:3778:(915)ms throughput=36rps rr=52.78% cr=0.00% errors=0 total=4952
[1371474150.184694] latency=4:7:23:1583:3562:(891)ms throughput=14rps rr=42.86% cr=0.00% errors=0 total=4966
[1371474151.188696] latency=4:19:479:1862:3878:(1031)ms throughput=33rps rr=57.58% cr=0.00% errors=0 total=4999
[1371474152.192704] latency=4:23:322:2619:3599:(1198)ms throughput=24rps rr=58.33% cr=0.00% errors=0 total=5023
[1371474153.196699] latency=4:24:72:1531:3215:(813)ms throughput=27rps rr=51.85% cr=0.00% errors=0 total=5050
[1371474154.200696] latency=4:6:61:1366:3136:(806)ms throughput=31rps rr=51.61% cr=0.00% errors=0 total=5081
[1371474155.204690] latency=3:4:21:1894:2361:(713)ms throughput=25rps rr=44.00% cr=0.00% errors=0 total=5106
[1371474156.208699] latency=4:15:596:1454:2103:(754)ms throughput=17rps rr=58.82% cr=0.00% errors=0 total=5123
[1371474157.212703] latency=3:21:91:1340:2077:(607)ms throughput=30rps rr=53.33% cr=0.00% errors=0 total=5153
[1371474158.216695] latency=3:5:52:954:2361:(517)ms throughput=19rps rr=42.11% cr=0.00% errors=0 total=5172
[1371474159.220693] latency=4:13:60:1538:2355:(665)ms throughput=24rps rr=45.83% cr=0.00% errors=0 total=5196
[1371474160.224694] latency=4:19:61:1939:2647:(885)ms throughput=25rps rr=48.00% cr=0.00% errors=0 total=5221
[1371474161.228693] latency=4:6:668:1522:2853:(873)ms throughput=25rps rr=52.00% cr=0.00% errors=0 total=5246
[1371474162.232694] latency=3:7:285:1210:2787:(697)ms throughput=29rps rr=58.62% cr=0.00% errors=0 total=5275
[1371474163.236691] latency=4:17:94:1070:2533:(708)ms throughput=31rps rr=54.84% cr=0.00% errors=0 total=5306
[1371474164.240698] latency=4:6:21:736:2170:(425)ms throughput=38rps rr=47.37% cr=0.00% errors=0 total=5344
[1371474165.244722] latency=4:4:18:273:560:(156)ms throughput=25rps rr=48.00% cr=0.00% errors=0 total=5369
[1371474166.248623] latency=4:5:17:406:790:(188)ms throughput=34rps rr=55.88% cr=0.00% errors=0 total=5403
[1371474167.252618] latency=3:5:112:384:687:(207)ms throughput=28rps rr=64.29% cr=0.00% errors=0 total=5431
[1371474168.256611] latency=3:5:6:95:277:(54)ms throughput=30rps rr=40.00% cr=0.00% errors=0 total=5461
[1371474169.260606] latency=4:4:14:469:921:(215)ms throughput=19rps rr=42.11% cr=0.00% errors=0 total=5480
[1371474170.264619] latency=4:6:20:747:1430:(351)ms throughput=29rps rr=34.48% cr=0.00% errors=0 total=5509
[1371474171.268626] latency=3:9:29:1015:2155:(487)ms throughput=21rps rr=38.10% cr=0.00% errors=0 total=5530
[1371474172.272627] latency=4:12:111:1620:2454:(765)ms throughput=20rps rr=45.00% cr=0.00% errors=0 total=5550
[1371474173.276620] latency=4:10:949:2213:2896:(1108)ms throughput=24rps rr=54.17% cr=0.00% errors=0 total=5574
[1371474174.280619] latency=3:11:405:1827:3262:(919)ms throughput=24rps rr=54.17% cr=0.00% errors=0 total=5598
[1371474175.284621] latency=4:19:98:1784:3862:(921)ms throughput=30rps rr=53.33% cr=0.00% errors=0 total=5628
[1371474176.288629] latency=4:16:224:1538:3282:(942)ms throughput=26rps rr=65.38% cr=0.00% errors=0 total=5654
[1371474177.292610] latency=4:5:371:1591:2989:(877)ms throughput=35rps rr=51.43% cr=0.00% errors=0 total=5689
[1371474178.296625] latency=4:6:9:1130:1641:(391)ms throughput=26rps rr=38.46% cr=0.00% errors=0 total=5715
[1371474179.300624] latency=4:4:18:797:1191:(356)ms throughput=31rps rr=54.84% cr=0.00% errors=0 total=5746
[1371474180.304622] latency=3:4:13:580:1424:(276)ms throughput=31rps rr=45.16% cr=0.00% errors=0 total=5777
[1371474181.308613] latency=4:4:219:515:1175:(291)ms throughput=31rps rr=54.84% cr=0.00% errors=0 total=5808
[1371474182.312622] latency=4:6:36:726:1057:(329)ms throughput=26rps rr=42.31% cr=0.00% errors=0 total=5834
[1371474183.316642] latency=3:8:83:879:1649:(430)ms throughput=22rps rr=59.09% cr=0.00% errors=0 total=5856
[1371474184.320612] latency=3:5:124:1655:1939:(772)ms throughput=19rps rr=52.63% cr=0.00% errors=0 total=5875
[1371474185.324609] latency=3:6:134:1532:2163:(684)ms throughput=27rps rr=51.85% cr=0.00% errors=0 total=5902
[1371474186.328617] latency=4:7:66:1773:2359:(735)ms throughput=29rps rr=51.72% cr=0.00% errors=0 total=5931
[1371474187.332618] latency=4:5:17:722:2248:(469)ms throughput=25rps rr=52.00% cr=0.00% errors=0 total=5956
[1371474188.336611] latency=4:83:718:1469:2037:(833)ms throughput=15rps rr=66.67% cr=0.00% errors=0 total=5971
[1371474189.340599] latency=4:7:51:1262:2778:(658)ms throughput=23rps rr=47.83% cr=0.00% errors=0 total=5994
[1371474190.344621] latency=3:21:76:555:2270:(408)ms throughput=29rps rr=41.38% cr=0.00% errors=0 total=6023
[1371474191.348647] latency=4:67:1316:2772:3547:(1423)ms throughput=27rps rr=62.96% cr=0.00% errors=0 total=6050
[1371474192.352663] latency=4:11:251:1883:3441:(985)ms throughput=26rps rr=50.00% cr=0.00% errors=0 total=6076
[1371474193.356610] latency=5:19:55:146:4121:(554)ms throughput=21rps rr=19.05% cr=0.00% errors=0 total=6097
[1371474194.360617] latency=6:164:211:257:2906:(448)ms throughput=11rps rr=18.18% cr=0.00% errors=0 total=6108
[1371474195.364643] latency=92:130:346:429:3986:(632)ms throughput=11rps rr=18.18% cr=0.00% errors=0 total=6119
[1371474196.368622] latency=6:38:124:398:2597:(427)ms throughput=9rps rr=22.22% cr=0.00% errors=0 total=6128
[1371474197.372616] latency=6:26:338:501:5724:(1323)ms throughput=5rps rr=20.00% cr=0.00% errors=0 total=6133
[1371474198.376622] latency=nan:nan:nan:nan:nan:(-nan)ms throughput=0rps rr=-nan% cr=-nan% errors=0 total=6133
[1371474199.380618] latency=13:31:52:722:3362:(840)ms throughput=5rps rr=20.00% cr=0.00% errors=0 total=6138
[1371474200.384639] latency=765:765:4074:7382:7382:(4074)ms throughput=2rps rr=50.00% cr=0.00% errors=0 total=6140
[1371474201.388618] latency=791:997:3756:6302:10734:(4337)ms throughput=7rps rr=57.14% cr=0.00% errors=0 total=6147
[1371474202.392640] latency=34:141:841:5665:7933:(2944)ms throughput=5rps rr=60.00% cr=0.00% errors=0 total=6152
[1371474203.396616] latency=1406:1406:2761:6929:11097:(5088)ms throughput=3rps rr=33.33% cr=0.00% errors=0 total=6155
[1371474204.400638] latency=4:586:2755:6688:12916:(4122)ms throughput=8rps rr=25.00% cr=0.00% errors=0 total=6163
[1371474205.404873] latency=109:574:1263:2336:7837:(2230)ms throughput=6rps rr=16.67% cr=0.00% errors=0 total=6169
[1371474206.408667] latency=9208:9208:11758:14308:14308:(11758)ms throughput=2rps rr=100.00% cr=0.00% errors=0 total=6171
[1371474207.412640] latency=4:5:982:13378:13916:(4878)ms throughput=6rps rr=50.00% cr=0.00% errors=0 total=6177
[1371474208.416615] latency=9796:9796:13678:17561:17561:(13678)ms throughput=2rps rr=100.00% cr=0.00% errors=0 total=6179
[1371474209.420701] latency=2592:2592:9738:10932:12126:(8152)ms throughput=3rps rr=66.67% cr=0.00% errors=0 total=6182
[1371474210.424640] latency=2477:2477:5836:11904:17972:(8762)ms throughput=3rps rr=66.67% cr=0.00% errors=0 total=6185
[1371474211.428618] latency=355:624:1723:10846:19139:(5735)ms throughput=4rps rr=50.00% cr=0.00% errors=0 total=6189
[1371474212.432647] latency=405:439:17371:19667:19906:(12527)ms throughput=6rps rr=66.67% cr=0.00% errors=0 total=6195
[1371474213.436616] latency=23:23:15842:16471:17099:(10988)ms throughput=3rps rr=66.67% cr=0.00% errors=0 total=6198
[1371474214.440722] latency=601:601:1007:10000:18992:(6867)ms throughput=3rps rr=33.33% cr=0.00% errors=0 total=6201
[1371474215.444628] latency=985:985:1231:8682:16132:(6116)ms throughput=3rps rr=33.33% cr=0.00% errors=0 total=6204
[1371474216.448633] latency=303:790:918:12842:23223:(6499)ms throughput=6rps rr=33.33% cr=0.00% errors=0 total=6210
[1371474217.452641] latency=448:840:448:448:448:(448)ms throughput=1rps rr=0.00% cr=0.00% errors=0 total=6211
[1371474218.456612] latency=3832:8307:14513:20410:24578:(14359)ms throughput=4rps rr=100.00% cr=0.00% errors=0 total=6215
[1371474219.460643] latency=22:89:807:22069:26093:(10262)ms throughput=7rps rr=57.14% cr=0.00% errors=0 total=6222
[1371474220.464622] latency=1010:1010:14193:27376:27376:(14193)ms throughput=2rps rr=50.00% cr=0.00% errors=0 total=6224
[1371474221.468648] latency=3650:12131:21665:27663:28547:(20428)ms throughput=5rps rr=80.00% cr=0.00% errors=0 total=6229
[1371474222.472645] latency=1862:2376:15037:27878:28573:(15127)ms throughput=4rps rr=50.00% cr=0.00% errors=0 total=6233
[1371474223.476633] latency=1631:1631:9149:19365:29582:(13454)ms throughput=3rps rr=66.67% cr=0.00% errors=0 total=6236
[1371474224.480662] latency=504:555:8099:23628:31663:(12091)ms throughput=4rps rr=50.00% cr=0.00% errors=0 total=6240
[1371474225.484631] latency=882:882:30593:31559:32524:(21333)ms throughput=3rps rr=66.67% cr=0.00% errors=0 total=6243
[1371474226.488632] latency=5571:16554:28831:32355:34585:(24455)ms throughput=4rps rr=100.00% cr=0.00% errors=0 total=6247
[1371474227.492606] latency=1621:1621:1746:1871:1871:(1746)ms throughput=2rps rr=0.00% cr=0.00% errors=0 total=6249
[1371474228.496619] latency=523:539:967:13035:24691:(6787)ms throughput=4rps rr=25.00% cr=0.00% errors=0 total=6253
[1371474229.500646] latency=315:315:371:17806:35241:(11975)ms throughput=3rps rr=33.33% cr=0.00% errors=0 total=6256
[1371474230.504645] latency=17531:17531:27324:37116:37116:(27324)ms throughput=2rps rr=100.00% cr=0.00% errors=0 total=6258
[1371474231.508622] latency=121:8971:34588:36585:38194:(24826)ms throughput=8rps rr=87.50% cr=0.00% errors=0 total=6266
[1371474232.512628] latency=551:18834:551:551:551:(551)ms throughput=1rps rr=0.00% cr=0.00% errors=0 total=6267
[1371474233.516640] latency=5:102:376:5117:35938:(8327)ms throughput=5rps rr=40.00% cr=0.00% errors=0 total=6272
[1371474234.520621] latency=63:33993:36049:37442:39068:(30444)ms throughput=6rps rr=83.33% cr=0.00% errors=0 total=6278
[1371474235.524656] latency=25:5781:20857:36133:42088:(20957)ms throughput=4rps rr=75.00% cr=0.00% errors=0 total=6282
[1371474236.528621] latency=55:429:1128:1481:1510:(955)ms throughput=4rps rr=0.00% cr=0.00% errors=0 total=6286
[1371474237.532620] latency=275:481:37375:40143:42502:(23305)ms throughput=7rps rr=57.14% cr=0.00% errors=0 total=6293
[1371474238.536639] latency=4:16:1446:32011:45442:(15873)ms throughput=7rps rr=42.86% cr=0.00% errors=0 total=6300
[1371474239.540628] latency=795:1596:35636:38607:44978:(24482)ms throughput=5rps rr=60.00% cr=0.00% errors=0 total=6305
[1371474240.544608] latency=5:99:23803:35383:48107:(20602)ms throughput=7rps rr=57.14% cr=0.00% errors=0 total=6312
[1371474241.548644] latency=430:18773:430:430:430:(430)ms throughput=1rps rr=0.00% cr=0.00% errors=0 total=6313
[1371474242.552624] latency=27:373:27917:45635:48658:(25088)ms throughput=6rps rr=66.67% cr=0.00% errors=0 total=6319
[1371474243.584646] latency=4:1397:20959:40986:45428:(21514)ms throughput=8rps rr=75.00% cr=0.00% errors=0 total=6327
[1371474244.588647] latency=1144:1520:2047:3567:31684:(8068)ms throughput=5rps rr=20.00% cr=0.00% errors=0 total=6332
[1371474245.592608] latency=1053:1295:8191:31099:50193:(16670)ms throughput=6rps rr=66.67% cr=0.00% errors=0 total=6338
[1371474246.596639] latency=17:18567:17:17:17:(17)ms throughput=1rps rr=0.00% cr=0.00% errors=0 total=6339
[1371474247.600653] latency=553:939:10829:35634:50935:(18287)ms throughput=4rps rr=50.00% cr=0.00% errors=0 total=6343
[1371474248.604664] latency=10171:10171:32696:55220:55220:(32696)ms throughput=2rps rr=100.00% cr=0.00% errors=0 total=6345
[1371474249.608638] latency=16:20:1491:1556:29172:(6452)ms throughput=5rps rr=20.00% cr=0.00% errors=0 total=6350
[1371474250.612621] latency=589:892:5021:28273:44656:(15972)ms throughput=7rps rr=71.43% cr=0.00% errors=0 total=6357
[1371474251.616608] latency=557:855:8929:24520:32335:(12687)ms throughput=4rps rr=50.00% cr=0.00% errors=0 total=6361
[1371474252.620656] latency=9:78:563:809:30519:(6409)ms throughput=5rps rr=20.00% cr=0.00% errors=0 total=6366
[1371474253.624631] latency=nan:nan:nan:nan:nan:(-nan)ms throughput=0rps rr=-nan% cr=-nan% errors=0 total=6366
[1371474254.628618] latency=1236:1236:21622:40943:60264:(27707)ms throughput=3rps rr=66.67% cr=0.00% errors=0 total=6369
[1371474255.632669] latency=4:10388:48457:59410:60907:(37910)ms throughput=5rps rr=80.00% cr=0.00% errors=0 total=6374
[1371474256.636633] latency=32090:32090:39024:45957:45957:(39024)ms throughput=2rps rr=100.00% cr=0.00% errors=0 total=6376
[1371474257.640616] latency=545:927:1429:19838:56874:(12726)ms throughput=8rps rr=25.00% cr=0.00% errors=0 total=6384
[1371474258.644638] latency=431:431:52064:54221:56379:(36291)ms throughput=3rps rr=66.67% cr=0.00% errors=0 total=6387
[1371474259.648609] latency=4:584:22254:45464:63883:(26050)ms throughput=10rps rr=70.00% cr=0.00% errors=0 total=6397
[1371474260.652615] latency=24:187:216:592:50250:(5840)ms throughput=9rps rr=22.22% cr=0.00% errors=0 total=6406
[1371474261.656653] latency=126:481:34005:42735:51708:(28841)ms throughput=7rps rr=71.43% cr=0.00% errors=0 total=6413
[1371474262.660635] latency=6:7556:23318:41974:52418:(24765)ms throughput=4rps rr=75.00% cr=0.00% errors=0 total=6417
[1371474263.664613] latency=2149:10842:31151:52391:62016:(31616)ms throughput=4rps rr=75.00% cr=0.00% errors=0 total=6421
[1371474264.668619] latency=398:673:13258:31660:47274:(17867)ms throughput=9rps rr=55.56% cr=0.00% errors=0 total=6430
[1371474265.672641] latency=90:617:1110:1873:21618:(3997)ms throughput=7rps rr=28.57% cr=0.00% errors=0 total=6437
[1371474266.676609] latency=854:860:1136:23605:45804:(12232)ms throughput=4rps rr=25.00% cr=0.00% errors=0 total=6441
[1371474267.680581] latency=942:1135:1857:16191:41595:(12383)ms throughput=5rps rr=40.00% cr=0.00% errors=0 total=6446
[1371474268.684648] latency=1799:1799:13772:25745:25745:(13772)ms throughput=2rps rr=50.00% cr=0.00% errors=0 total=6448
[1371474269.688619] latency=592:695:2159:41124:63660:(19641)ms throughput=9rps rr=44.44% cr=0.00% errors=0 total=6457
[1371474270.692628] latency=545:686:5165:23443:30455:(11198)ms throughput=8rps rr=50.00% cr=0.00% errors=0 total=6465
[1371474271.696644] latency=1976:1976:25243:28241:31238:(19486)ms throughput=3rps rr=66.67% cr=0.00% errors=0 total=6468
[1371474272.700615] latency=34:702:858:15515:48154:(10292)ms throughput=8rps rr=25.00% cr=0.00% errors=0 total=6476
[1371474273.704641] latency=24:24:408:14388:28369:(9600)ms throughput=3rps rr=33.33% cr=0.00% errors=0 total=6479
[1371474274.708623] latency=836:836:1549:20382:39214:(13866)ms throughput=3rps rr=33.33% cr=0.00% errors=0 total=6482
[1371474275.712611] latency=19:684:1283:36325:76704:(22068)ms throughput=11rps rr=45.45% cr=0.00% errors=0 total=6493
[1371474276.716631] latency=4:32:967:11073:29466:(7533)ms throughput=7rps rr=42.86% cr=0.00% errors=0 total=6500
[1371474277.720613] latency=48:156:11616:47308:59813:(23835)ms throughput=7rps rr=57.14% cr=0.00% errors=0 total=6507
[1371474278.724619] latency=4:64:898:20766:58288:(14459)ms throughput=7rps rr=42.86% cr=0.00% errors=0 total=6514
[1371474279.728616] latency=65:203:1300:15891:49561:(10552)ms throughput=8rps rr=25.00% cr=0.00% errors=0 total=6522
[1371474280.732644] latency=69:163:1534:29398:52612:(16774)ms throughput=5rps rr=40.00% cr=0.00% errors=0 total=6527
[1371474281.736617] latency=4:409:2355:18052:32208:(9230)ms throughput=4rps rr=50.00% cr=0.00% errors=0 total=6531
[1371474282.740614] latency=13:290:1428:10153:50312:(9476)ms throughput=11rps rr=36.36% cr=0.00% errors=0 total=6542
[1371474283.744609] latency=9811:5680:9811:9811:9811:(9811)ms throughput=1rps rr=100.00% cr=0.00% errors=0 total=6543
[1371474284.748637] latency=462:542:896:1136:43112:(9245)ms throughput=5rps rr=20.00% cr=0.00% errors=0 total=6548
[1371474285.752618] latency=456:456:15620:20090:24560:(13545)ms throughput=3rps rr=66.67% cr=0.00% errors=0 total=6551
[1371474286.756621] latency=335:1532:11540:49319:49535:(22691)ms throughput=5rps rr=60.00% cr=0.00% errors=0 total=6556
[1371474287.772634] latency=378:651:784:1557:4189:(1401)ms throughput=7rps rr=14.29% cr=0.00% errors=0 total=6563
[1371474288.776617] latency=52:862:5762:19963:49759:(13694)ms throughput=6rps rr=66.67% cr=0.00% errors=0 total=6569
[1371474289.780638] latency=372:3554:24766:50937:57860:(27528)ms throughput=12rps rr=75.00% cr=0.00% errors=0 total=6581
[1371474290.784634] latency=5420:10520:5420:5420:5420:(5420)ms throughput=1rps rr=100.00% cr=0.00% errors=0 total=6582
[1371474291.788615] latency=545:774:13731:34836:53482:(19089)ms throughput=8rps rr=50.00% cr=0.00% errors=0 total=6590
[1371474292.792645] latency=6:43:431:28391:56002:(14217)ms throughput=4rps rr=25.00% cr=0.00% errors=0 total=6594
[1371474293.820611] latency=4:12021:23940:35878:56216:(25147)ms throughput=16rps rr=93.75% cr=0.00% errors=0 total=6610
[1371474294.824612] latency=5:110:13404:31437:50834:(16278)ms throughput=25rps rr=76.00% cr=0.00% errors=0 total=6635
[1371474295.828625] latency=4:35:6269:26763:41764:(13595)ms throughput=34rps rr=55.88% cr=0.00% errors=0 total=6669
[1371474296.832625] latency=4:74:8879:20233:40988:(11073)ms throughput=35rps rr=71.43% cr=0.00% errors=0 total=6704
[1371474297.836620] latency=3:10:711:4330:20494:(3107)ms throughput=35rps rr=62.86% cr=0.00% errors=0 total=6739
[1371474298.840621] latency=3:20:945:1578:2598:(879)ms throughput=31rps rr=61.29% cr=0.00% errors=0 total=6770
[1371474299.844614] latency=4:6:196:565:1458:(364)ms throughput=33rps rr=51.52% cr=0.00% errors=0 total=6803
[1371474300.848610] latency=4:5:45:323:991:(211)ms throughput=43rps rr=58.14% cr=0.00% errors=0 total=6846
[1371474301.852621] latency=3:5:10:148:211:(62)ms throughput=32rps rr=56.25% cr=0.00% errors=0 total=6878
[1371474302.856625] latency=4:5:6:87:211:(47)ms throughput=28rps rr=35.71% cr=0.00% errors=0 total=6906
[1371474303.860610] latency=4:6:10:159:224:(66)ms throughput=24rps rr=45.83% cr=0.00% errors=0 total=6930
[1371474304.864614] latency=4:5:7:138:272:(68)ms throughput=31rps rr=45.16% cr=0.00% errors=0 total=6961
[1371474305.868609] latency=4:5:49:119:340:(82)ms throughput=24rps rr=62.50% cr=0.00% errors=0 total=6985
[1371474306.872623] latency=3:4:10:451:805:(216)ms throughput=29rps rr=41.38% cr=0.00% errors=0 total=7014
[1371474307.876649] latency=4:5:42:220:889:(157)ms throughput=34rps rr=55.88% cr=0.00% errors=0 total=7048
[1371474308.880789] latency=4:5:10:73:265:(62)ms throughput=33rps rr=51.52% cr=0.00% errors=0 total=7081
[1371474309.884624] latency=5:5:8:116:227:(64)ms throughput=27rps rr=44.44% cr=0.00% errors=0 total=7108
[1371474310.888626] latency=4:6:28:197:396:(108)ms throughput=32rps rr=56.25% cr=0.00% errors=0 total=7140
[1371474311.892603] latency=4:5:55:165:276:(89)ms throughput=21rps rr=66.67% cr=0.00% errors=0 total=7161
[1371474312.896627] latency=3:9:175:480:842:(248)ms throughput=32rps rr=59.38% cr=0.00% errors=0 total=7193
[1371474313.900612] latency=3:6:99:312:556:(175)ms throughput=33rps rr=60.61% cr=0.00% errors=0 total=7226
[1371474314.904621] latency=4:5:43:137:296:(82)ms throughput=30rps rr=56.67% cr=0.00% errors=0 total=7256
[1371474315.908622] latency=3:5:6:109:217:(51)ms throughput=29rps rr=41.38% cr=0.00% errors=0 total=7285
[1371474316.912616] latency=4:5:9:149:254:(75)ms throughput=32rps rr=50.00% cr=0.00% errors=0 total=7317
[1371474317.916610] latency=4:5:7:51:212:(45)ms throughput=33rps rr=42.42% cr=0.00% errors=0 total=7350
[1371474318.920623] latency=3:5:138:436:811:(262)ms throughput=29rps rr=68.97% cr=0.00% errors=0 total=7379
[1371474319.924611] latency=4:5:58:243:472:(130)ms throughput=40rps rr=57.50% cr=0.00% errors=0 total=7419
[1371474320.928620] latency=4:8:106:300:648:(182)ms throughput=24rps rr=58.33% cr=0.00% errors=0 total=7443
[1371474321.932632] latency=5:6:101:184:786:(168)ms throughput=27rps rr=66.67% cr=0.00% errors=0 total=7470
[1371474322.936607] latency=3:5:7:53:287:(58)ms throughput=33rps rr=36.36% cr=0.00% errors=0 total=7503
[1371474323.940616] latency=4:5:62:150:274:(88)ms throughput=31rps rr=58.06% cr=0.00% errors=0 total=7534
[1371474324.944615] latency=4:5:21:202:615:(130)ms throughput=33rps rr=48.48% cr=0.00% errors=0 total=7567
[1371474325.948620] latency=4:5:8:88:253:(54)ms throughput=37rps rr=40.54% cr=0.00% errors=0 total=7604
[1371474326.952624] latency=4:5:6:71:233:(47)ms throughput=29rps rr=51.72% cr=0.00% errors=0 total=7633
[1371474327.956609] latency=3:5:9:105:347:(65)ms throughput=34rps rr=44.12% cr=0.00% errors=0 total=7667
[1371474328.960616] latency=4:5:100:198:314:(112)ms throughput=25rps rr=60.00% cr=0.00% errors=0 total=7692
[1371474329.964614] latency=3:5:27:208:404:(106)ms throughput=43rps rr=53.49% cr=0.00% errors=0 total=7735
[1371474330.968607] latency=4:6:75:219:483:(131)ms throughput=30rps rr=63.33% cr=0.00% errors=0 total=7765
[1371474331.972580] latency=4:5:7:150:368:(74)ms throughput=34rps rr=50.00% cr=0.00% errors=0 total=7799
[1371474332.976664] latency=4:5:6:105:219:(57)ms throughput=34rps rr=38.24% cr=0.00% errors=0 total=7833
[1371474333.980607] latency=3:5:25:75:309:(64)ms throughput=33rps rr=51.52% cr=0.00% errors=0 total=7866
[1371474334.984610] latency=4:5:7:164:285:(69)ms throughput=34rps rr=38.24% cr=0.00% errors=0 total=7900
[1371474335.988636] latency=4:6:43:136:292:(71)ms throughput=25rps rr=52.00% cr=0.00% errors=0 total=7925
[1371474336.992616] latency=4:5:5:48:211:(38)ms throughput=24rps rr=33.33% cr=0.00% errors=0 total=7949
[1371474337.996642] latency=4:5:8:225:371:(111)ms throughput=30rps rr=46.67% cr=0.00% errors=0 total=7979
[1371474339.000620] latency=4:5:11:95:198:(52)ms throughput=32rps rr=50.00% cr=0.00% errors=0 total=8011
[1371474340.004605] latency=4:5:24:350:639:(177)ms throughput=32rps rr=50.00% cr=0.00% errors=0 total=8043
[1371474341.008623] latency=4:6:38:178:662:(151)ms throughput=25rps rr=52.00% cr=0.00% errors=0 total=8068
[1371474342.012615] latency=4:11:297:675:1220:(386)ms throughput=30rps rr=63.33% cr=0.00% errors=0 total=8098
[1371474343.016613] latency=3:8:187:851:1447:(409)ms throughput=44rps rr=65.91% cr=0.00% errors=0 total=8142
[1371474344.020610] latency=4:6:60:314:544:(158)ms throughput=36rps rr=55.56% cr=0.00% errors=0 total=8178
[1371474345.024614] latency=4:5:17:154:397:(88)ms throughput=31rps rr=51.61% cr=0.00% errors=0 total=8209
[1371474346.028613] latency=4:7:218:384:759:(251)ms throughput=32rps rr=59.38% cr=0.00% errors=0 total=8241
[1371474347.032608] latency=4:6:66:156:351:(90)ms throughput=26rps rr=53.85% cr=0.00% errors=0 total=8267
[1371474348.036591] latency=4:5:8:111:241:(60)ms throughput=36rps rr=47.22% cr=0.00% errors=0 total=8303
[1371474349.040613] latency=4:4:14:204:407:(103)ms throughput=38rps rr=52.63% cr=0.00% errors=0 total=8341
[1371474350.044624] latency=4:5:6:68:226:(40)ms throughput=36rps rr=38.89% cr=0.00% errors=0 total=8377
[1371474351.048623] latency=4:5:31:249:554:(137)ms throughput=26rps rr=57.69% cr=0.00% errors=0 total=8403
[1371474352.052621] latency=4:5:6:86:173:(40)ms throughput=27rps rr=37.04% cr=0.00% errors=0 total=8430
[1371474353.056613] latency=4:5:10:87:241:(51)ms throughput=22rps rr=40.91% cr=0.00% errors=0 total=8452
[1371474354.060617] latency=3:6:94:601:853:(290)ms throughput=36rps rr=50.00% cr=0.00% errors=0 total=8488
[1371474355.064624] latency=4:5:20:606:953:(277)ms throughput=33rps rr=54.55% cr=0.00% errors=0 total=8521
[1371474356.068609] latency=3:5:7:196:574:(94)ms throughput=40rps rr=42.50% cr=0.00% errors=0 total=8561
[1371474357.072626] latency=4:4:41:221:437:(116)ms throughput=31rps rr=54.84% cr=0.00% errors=0 total=8592
[1371474358.076614] latency=4:5:6:121:215:(56)ms throughput=25rps rr=44.00% cr=0.00% errors=0 total=8617
[1371474359.080602] latency=5:5:7:92:199:(46)ms throughput=32rps rr=34.38% cr=0.00% errors=0 total=8649
[1371474360.084624] latency=5:5:7:48:189:(36)ms throughput=27rps rr=33.33% cr=0.00% errors=0 total=8676
[1371474361.088602] latency=4:5:10:203:301:(85)ms throughput=34rps rr=47.06% cr=0.00% errors=0 total=8710
[1371474362.092620] latency=4:6:20:136:262:(74)ms throughput=30rps rr=50.00% cr=0.00% errors=0 total=8740
[1371474363.096621] latency=3:5:8:120:254:(70)ms throughput=33rps rr=45.45% cr=0.00% errors=0 total=8773
[1371474364.100610] latency=4:6:13:276:712:(158)ms throughput=39rps rr=43.59% cr=0.00% errors=0 total=8812
[1371474365.104620] latency=3:5:8:139:724:(101)ms throughput=38rps rr=47.37% cr=0.00% errors=0 total=8850
[1371474366.108614] latency=3:7:19:198:372:(110)ms throughput=23rps rr=56.52% cr=0.00% errors=0 total=8873
[1371474367.112621] latency=4:4:16:447:1142:(231)ms throughput=39rps rr=48.72% cr=0.00% errors=0 total=8912
[1371474368.116625] latency=4:6:158:561:1292:(336)ms throughput=33rps rr=60.61% cr=0.00% errors=0 total=8945
[1371474369.120798] latency=3:5:19:608:1046:(266)ms throughput=45rps rr=55.56% cr=0.00% errors=0 total=8990
[1371474370.124608] latency=3:5:51:195:409:(106)ms throughput=43rps rr=55.81% cr=0.00% errors=0 total=9033
[1371474371.128611] latency=4:4:31:162:357:(93)ms throughput=29rps rr=51.72% cr=0.00% errors=0 total=9062
[1371474372.132603] latency=4:7:215:366:745:(219)ms throughput=21rps rr=61.90% cr=0.00% errors=0 total=9083
[1371474373.136618] latency=4:6:141:628:1025:(312)ms throughput=32rps rr=62.50% cr=0.00% errors=0 total=9115
[1371474374.140725] latency=3:6:21:137:364:(91)ms throughput=24rps rr=58.33% cr=0.00% errors=0 total=9139
[1371474375.144677] latency=5:6:9:140:255:(77)ms throughput=23rps rr=56.52% cr=0.00% errors=0 total=9162
[1371474376.148654] latency=4:5:6:83:271:(54)ms throughput=27rps rr=33.33% cr=0.00% errors=0 total=9189
[1371474377.152688] latency=4:5:9:130:415:(85)ms throughput=29rps rr=48.28% cr=0.00% errors=0 total=9218
[1371474378.156703] latency=3:5:8:175:340:(87)ms throughput=34rps rr=55.88% cr=0.00% errors=0 total=9252
[1371474379.160672] latency=4:5:33:215:339:(109)ms throughput=27rps rr=55.56% cr=0.00% errors=0 total=9279
[1371474380.164658] latency=4:5:8:48:257:(43)ms throughput=38rps rr=44.74% cr=0.00% errors=0 total=9317
[1371474381.168695] latency=3:5:6:119:257:(59)ms throughput=25rps rr=40.00% cr=0.00% errors=0 total=9342
[1371474382.172664] latency=4:6:11:239:463:(114)ms throughput=33rps rr=48.48% cr=0.00% errors=0 total=9375
[1371474383.176709] latency=3:5:8:169:616:(119)ms throughput=35rps rr=42.86% cr=0.00% errors=0 total=9410
[1371474384.180657] latency=4:8:92:330:638:(184)ms throughput=33rps rr=69.70% cr=0.00% errors=0 total=9443
[1371474385.184692] latency=4:5:8:51:274:(51)ms throughput=30rps rr=36.67% cr=0.00% errors=0 total=9473
[1371474386.188668] latency=4:5:82:219:634:(152)ms throughput=44rps rr=54.55% cr=0.00% errors=0 total=9517
[1371474387.192693] latency=4:5:13:125:520:(88)ms throughput=41rps rr=53.66% cr=0.00% errors=0 total=9558
[1371474388.196653] latency=4:5:6:91:285:(59)ms throughput=37rps rr=48.65% cr=0.00% errors=0 total=9595
[1371474389.200704] latency=4:5:25:161:442:(109)ms throughput=27rps rr=55.56% cr=0.00% errors=0 total=9622
[1371474390.204682] latency=3:4:63:234:419:(110)ms throughput=38rps rr=55.26% cr=0.00% errors=0 total=9660
[1371474391.208704] latency=3:5:8:153:294:(75)ms throughput=31rps rr=45.16% cr=0.00% errors=0 total=9691
[1371474392.212665] latency=4:5:8:125:257:(70)ms throughput=29rps rr=48.28% cr=0.00% errors=0 total=9720
[1371474393.216728] latency=4:5:8:122:271:(65)ms throughput=32rps rr=43.75% cr=0.00% errors=0 total=9752
[1371474394.220652] latency=4:5:13:160:484:(108)ms throughput=36rps rr=44.44% cr=0.00% errors=0 total=9788
[1371474395.224652] latency=6:21:52:164:764:(140)ms throughput=21rps rr=28.57% cr=0.00% errors=0 total=9809
[1371474396.228628] latency=7:16:25:606:2043:(394)ms throughput=27rps rr=29.63% cr=0.00% errors=0 total=9836
[1371474397.232650] latency=15:26:28:899:2039:(456)ms throughput=13rps rr=46.15% cr=0.00% errors=0 total=9849
[1371474398.236629] latency=19:85:225:713:3182:(704)ms throughput=13rps rr=38.46% cr=0.00% errors=0 total=9862
[1371474399.240585] latency=21:25:50:127:4977:(578)ms throughput=13rps rr=23.08% cr=0.00% errors=0 total=9875
[1371474400.244626] latency=23:134:199:791:4034:(926)ms throughput=11rps rr=27.27% cr=0.00% errors=0 total=9886
[1371474401.248652] latency=30:106:365:4774:6407:(1914)ms throughput=14rps rr=57.14% cr=0.00% errors=0 total=9900
[1371474402.252637] latency=7:31:1595:4845:6641:(2357)ms throughput=22rps rr=54.55% cr=0.00% errors=0 total=9922
[1371474403.256648] latency=23:67:195:4097:6972:(1883)ms throughput=12rps rr=33.33% cr=0.00% errors=0 total=9934
[1371474404.260630] latency=15:83:278:5853:8431:(2747)ms throughput=12rps rr=41.67% cr=0.00% errors=0 total=9946
[1371474405.264651] latency=39:54:3045:5131:8374:(3283)ms throughput=11rps rr=72.73% cr=0.00% errors=0 total=9957
[1371474406.268631] latency=13:174:2276:7889:11746:(3533)ms throughput=13rps rr=53.85% cr=0.00% errors=0 total=9970
[1371474407.272653] latency=50:284:4954:7675:10556:(4451)ms throughput=16rps rr=62.50% cr=0.00% errors=0 total=9986
[1371474408.276637] latency=21:55:342:4624:9323:(2608)ms throughput=10rps rr=50.00% cr=0.00% errors=0 total=9996
[1371474409.280654] latency=12:32:257:6322:11953:(3192)ms throughput=11rps rr=36.36% cr=0.00% errors=0 total=10007
[1371474410.284636] latency=40:148:1658:7805:12616:(4126)ms throughput=10rps rr=60.00% cr=0.00% errors=0 total=10017
[1371474411.288657] latency=25:61:172:7137:12394:(3481)ms throughput=14rps rr=42.86% cr=0.00% errors=0 total=10031
[1371474412.292637] latency=26:45:920:8540:13347:(4008)ms throughput=11rps rr=63.64% cr=0.00% errors=0 total=10042
[1371474413.296658] latency=6:26:126:832:13500:(2094)ms throughput=13rps rr=23.08% cr=0.00% errors=0 total=10055
[1371474414.300630] latency=627:629:3858:7647:14994:(5269)ms throughput=6rps rr=66.67% cr=0.00% errors=0 total=10061
[1371474415.304648] latency=43:297:7057:10668:11733:(5969)ms throughput=12rps rr=66.67% cr=0.00% errors=0 total=10073
[1371474416.308630] latency=7:50:2288:8927:10452:(4083)ms throughput=12rps rr=50.00% cr=0.00% errors=0 total=10085
[1371474417.312644] latency=17:57:259:2215:14330:(2663)ms throughput=13rps rr=38.46% cr=0.00% errors=0 total=10098
[1371474418.316631] latency=188:349:4777:8306:13396:(5299)ms throughput=6rps rr=66.67% cr=0.00% errors=0 total=10104
[1371474419.320647] latency=26:560:2008:8934:16120:(5552)ms throughput=17rps rr=64.71% cr=0.00% errors=0 total=10121
[1371474420.324628] latency=12:21:217:1638:6606:(1604)ms throughput=9rps rr=33.33% cr=0.00% errors=0 total=10130
[1371474421.328652] latency=396:2176:4855:12232:17389:(7591)ms throughput=9rps rr=88.89% cr=0.00% errors=0 total=10139
[1371474422.332628] latency=247:2796:9268:12546:17750:(8402)ms throughput=17rps rr=88.24% cr=0.00% errors=0 total=10156
[1371474423.336649] latency=17:51:229:12727:16108:(5014)ms throughput=19rps rr=52.63% cr=0.00% errors=0 total=10175
[1371474424.340630] latency=34:176:2193:12722:17275:(5669)ms throughput=18rps rr=55.56% cr=0.00% errors=0 total=10193
[1371474425.344661] latency=14:102:624:6295:16046:(3717)ms throughput=19rps rr=52.63% cr=0.00% errors=0 total=10212
[1371474426.348629] latency=17:43:277:2207:12285:(2311)ms throughput=16rps rr=43.75% cr=0.00% errors=0 total=10228
[1371474427.352654] latency=24:61:255:1960:15035:(2676)ms throughput=11rps rr=36.36% cr=0.00% errors=0 total=10239
[1371474428.356629] latency=6:413:693:5672:12822:(3365)ms throughput=12rps rr=41.67% cr=0.00% errors=0 total=10251
[1371474429.360651] latency=22:229:3501:7914:17545:(5126)ms throughput=17rps rr=58.82% cr=0.00% errors=0 total=10268
[1371474430.364629] latency=15:202:441:8621:19807:(4902)ms throughput=14rps rr=50.00% cr=0.00% errors=0 total=10282
[1371474431.368639] latency=7:137:2297:8562:15123:(4756)ms throughput=10rps rr=50.00% cr=0.00% errors=0 total=10292
[1371474432.372640] latency=27:164:650:6207:17928:(3690)ms throughput=12rps rr=41.67% cr=0.00% errors=0 total=10304
[1371474433.376649] latency=20:199:8999:14876:18041:(7844)ms throughput=12rps rr=58.33% cr=0.00% errors=0 total=10316
[1371474434.380628] latency=7:455:5171:9981:13353:(5690)ms throughput=14rps rr=71.43% cr=0.00% errors=0 total=10330
[1371474435.384650] latency=16:44:438:6535:16325:(4161)ms throughput=15rps rr=40.00% cr=0.00% errors=0 total=10345
[1371474436.388628] latency=11:77:529:2009:7126:(1749)ms throughput=11rps rr=27.27% cr=0.00% errors=0 total=10356
[1371474437.392648] latency=22:98:268:9520:17949:(4994)ms throughput=10rps rr=50.00% cr=0.00% errors=0 total=10366
[1371474438.396627] latency=13:31:7182:9289:12664:(5242)ms throughput=9rps rr=66.67% cr=0.00% errors=0 total=10375
[1371474439.400654] latency=9:239:3322:11416:15245:(5259)ms throughput=18rps rr=55.56% cr=0.00% errors=0 total=10393
[1371474440.404628] latency=56:489:7745:13866:15453:(7721)ms throughput=10rps rr=70.00% cr=0.00% errors=0 total=10403
[1371474441.408648] latency=41:159:823:10768:15386:(5372)ms throughput=15rps rr=53.33% cr=0.00% errors=0 total=10418
[1371474442.412633] latency=34:54:2765:7742:17431:(5668)ms throughput=9rps rr=55.56% cr=0.00% errors=0 total=10427
[1371474443.416657] latency=96:262:380:2809:12648:(2305)ms throughput=12rps rr=33.33% cr=0.00% errors=0 total=10439
[1371474444.420629] latency=12:104:240:3909:17228:(3239)ms throughput=12rps rr=33.33% cr=0.00% errors=0 total=10451
[1371474445.424651] latency=25:422:2559:10703:15810:(5577)ms throughput=12rps rr=58.33% cr=0.00% errors=0 total=10463
[1371474446.428627] latency=21:232:4280:11485:15845:(5982)ms throughput=8rps rr=50.00% cr=0.00% errors=0 total=10471
[1371474447.432645] latency=19:221:2479:9011:16454:(5066)ms throughput=15rps rr=53.33% cr=0.00% errors=0 total=10486
[1371474448.436628] latency=116:296:4824:14427:16797:(6877)ms throughput=13rps rr=61.54% cr=0.00% errors=0 total=10499
[1371474449.440657] latency=116:417:6021:8246:15466:(6059)ms throughput=11rps rr=63.64% cr=0.00% errors=0 total=10510
[1371474450.444626] latency=38:83:387:673:18028:(3266)ms throughput=6rps rr=16.67% cr=0.00% errors=0 total=10516
[1371474451.448643] latency=80:736:1629:10246:18491:(5256)ms throughput=10rps rr=60.00% cr=0.00% errors=0 total=10526
[1371474452.452635] latency=1195:5203:8745:15157:16780:(9523)ms throughput=8rps rr=100.00% cr=0.00% errors=0 total=10534
[1371474453.456649] latency=46:204:2527:12195:17623:(5748)ms throughput=20rps rr=55.00% cr=0.00% errors=0 total=10554
[1371474454.460637] latency=308:473:3295:7550:15555:(4599)ms throughput=13rps rr=61.54% cr=0.00% errors=0 total=10567
[1371474455.464643] latency=31:224:3791:12150:18391:(6581)ms throughput=12rps rr=50.00% cr=0.00% errors=0 total=10579
[1371474456.468628] latency=15:57:200:505:8973:(1112)ms throughput=10rps rr=10.00% cr=0.00% errors=0 total=10589
[1371474457.472657] latency=18:186:7391:17862:18869:(8694)ms throughput=14rps rr=64.29% cr=0.00% errors=0 total=10603
[1371474458.476637] latency=99:525:2649:15278:16596:(6299)ms throughput=6rps rr=50.00% cr=0.00% errors=0 total=10609
[1371474459.480637] latency=16:299:2265:13933:16409:(5663)ms throughput=10rps rr=60.00% cr=0.00% errors=0 total=10619
[1371474460.484637] latency=33:140:441:6704:10297:(3113)ms throughput=8rps rr=37.50% cr=0.00% errors=0 total=10627
[1371474461.488656] latency=153:333:4850:8064:16714:(5630)ms throughput=13rps rr=61.54% cr=0.00% errors=0 total=10640
[1371474462.492636] latency=16:49:334:11657:21729:(5600)ms throughput=12rps rr=41.67% cr=0.00% errors=0 total=10652
[1371474463.516657] latency=23:395:5273:11915:14323:(5814)ms throughput=14rps rr=78.57% cr=0.00% errors=0 total=10666
[1371474464.520636] latency=301:505:2476:13544:16896:(6838)ms throughput=7rps rr=57.14% cr=0.00% errors=0 total=10673
[1371474465.524660] latency=53:258:5167:15809:21255:(7910)ms throughput=16rps rr=50.00% cr=0.00% errors=0 total=10689
[1371474466.528640] latency=37:375:7230:13057:15169:(7181)ms throughput=12rps rr=75.00% cr=0.00% errors=0 total=10701
[1371474467.532652] latency=424:4383:14197:17395:18078:(11306)ms throughput=8rps rr=87.50% cr=0.00% errors=0 total=10709
[1371474468.536636] latency=17:207:2325:14187:21019:(7023)ms throughput=23rps rr=56.52% cr=0.00% errors=0 total=10732
[1371474469.540670] latency=56:169:691:7645:16406:(3960)ms throughput=10rps rr=50.00% cr=0.00% errors=0 total=10742
[1371474470.544638] latency=44:330:5433:8991:17948:(5760)ms throughput=16rps rr=62.50% cr=0.00% errors=0 total=10758
[1371474471.548642] latency=14:18:105:7127:12432:(3199)ms throughput=9rps rr=33.33% cr=0.00% errors=0 total=10767
[1371474472.552635] latency=22:48:251:2681:17262:(3110)ms throughput=11rps rr=63.64% cr=0.00% errors=0 total=10778
[1371474473.556661] latency=43:315:2599:14246:18130:(6610)ms throughput=12rps rr=50.00% cr=0.00% errors=0 total=10790
[1371474474.560645] latency=10:38:254:8974:21017:(5535)ms throughput=12rps rr=50.00% cr=0.00% errors=0 total=10802
[1371474475.564638] latency=27:205:649:10730:21273:(5381)ms throughput=17rps rr=47.06% cr=0.00% errors=0 total=10819
[1371474476.568635] latency=39:81:3910:14003:17177:(6651)ms throughput=8rps rr=75.00% cr=0.00% errors=0 total=10827
[1371474477.572656] latency=12:808:7349:11102:15377:(6851)ms throughput=12rps rr=75.00% cr=0.00% errors=0 total=10839
[1371474478.576633] latency=11:35:217:4028:16784:(3378)ms throughput=13rps rr=30.77% cr=0.00% errors=0 total=10852
[1371474479.580652] latency=89:143:2125:8909:10967:(4246)ms throughput=16rps rr=50.00% cr=0.00% errors=0 total=10868
[1371474480.584636] latency=222:5788:10002:16070:17474:(9926)ms throughput=6rps rr=83.33% cr=0.00% errors=0 total=10874
[1371474481.588660] latency=23:586:4703:12286:17622:(6705)ms throughput=13rps rr=53.85% cr=0.00% errors=0 total=10887
[1371474482.592635] latency=41:216:482:8998:13173:(4357)ms throughput=12rps rr=41.67% cr=0.00% errors=0 total=10899
[1371474483.596652] latency=19:121:485:12782:15413:(4448)ms throughput=14rps rr=50.00% cr=0.00% errors=0 total=10913
[1371474484.600635] latency=63:348:5676:15342:16566:(7401)ms throughput=16rps rr=62.50% cr=0.00% errors=0 total=10929
[1371474485.604656] latency=22:258:490:5498:19420:(3946)ms throughput=23rps rr=39.13% cr=0.00% errors=0 total=10952
[1371474486.608635] latency=24:92:259:8173:15554:(4571)ms throughput=14rps rr=42.86% cr=0.00% errors=0 total=10966
[1371474487.612652] latency=36:199:2177:9371:15178:(4901)ms throughput=17rps rr=58.82% cr=0.00% errors=0 total=10983
[1371474488.616632] latency=25:43:1651:4330:9058:(2690)ms throughput=9rps rr=55.56% cr=0.00% errors=0 total=10992
[1371474489.620652] latency=97:320:2647:11136:12396:(4749)ms throughput=14rps rr=64.29% cr=0.00% errors=0 total=11006
[1371474490.624641] latency=47:259:333:3012:15767:(2169)ms throughput=13rps rr=30.77% cr=0.00% errors=0 total=11019
[1371474491.628636] latency=33:347:5057:9827:11487:(5248)ms throughput=8rps rr=50.00% cr=0.00% errors=0 total=11027
[1371474492.632643] latency=5:28:208:8734:15386:(4013)ms throughput=16rps rr=37.50% cr=0.00% errors=0 total=11043
[1371474493.636655] latency=25:90:492:6033:17374:(3985)ms throughput=19rps rr=52.63% cr=0.00% errors=0 total=11062
[1371474494.640643] latency=34:3680:8232:11172:13203:(7426)ms throughput=8rps rr=87.50% cr=0.00% errors=0 total=11070
[1371474495.644656] latency=39:135:293:6891:10549:(3215)ms throughput=18rps rr=44.44% cr=0.00% errors=0 total=11088
[1371474496.648636] latency=4:68:2451:7994:16549:(4522)ms throughput=32rps rr=59.38% cr=0.00% errors=0 total=11120
[1371474497.652657] latency=5:141:6286:11673:17047:(6188)ms throughput=14rps rr=64.29% cr=0.00% errors=0 total=11134
[1371474498.656636] latency=4:26:306:4644:12379:(2995)ms throughput=29rps rr=55.17% cr=0.00% errors=0 total=11163
[1371474499.660658] latency=5:44:1636:7285:12341:(3859)ms throughput=23rps rr=69.57% cr=0.00% errors=0 total=11186
[1371474500.664639] latency=4:96:2850:5297:9961:(3144)ms throughput=26rps rr=73.08% cr=0.00% errors=0 total=11212
[1371474501.668658] latency=4:4:48:1818:5103:(1030)ms throughput=27rps rr=40.74% cr=0.00% errors=0 total=11239
[1371474502.672635] latency=4:17:546:2910:4356:(1389)ms throughput=36rps rr=58.33% cr=0.00% errors=0 total=11275
[1371474503.676661] latency=4:10:35:1302:2573:(645)ms throughput=20rps rr=40.00% cr=0.00% errors=0 total=11295
[1371474504.680633] latency=4:9:154:1134:1839:(555)ms throughput=36rps rr=52.78% cr=0.00% errors=0 total=11331
[1371474505.684652] latency=4:26:79:682:967:(305)ms throughput=25rps rr=64.00% cr=0.00% errors=0 total=11356
[1371474506.688643] latency=4:4:13:266:978:(171)ms throughput=34rps rr=44.12% cr=0.00% errors=0 total=11390
[1371474507.692639] latency=4:5:8:63:255:(47)ms throughput=34rps rr=35.29% cr=0.00% errors=0 total=11424
[1371474508.696635] latency=3:5:14:143:481:(106)ms throughput=30rps rr=50.00% cr=0.00% errors=0 total=11454
[1371474509.700654] latency=4:6:13:449:1015:(237)ms throughput=32rps rr=40.62% cr=0.00% errors=0 total=11486
[1371474510.704635] latency=3:5:17:493:1000:(242)ms throughput=38rps rr=44.74% cr=0.00% errors=0 total=11524
[1371474511.708652] latency=4:5:12:100:295:(59)ms throughput=26rps rr=42.31% cr=0.00% errors=0 total=11550
[1371474512.712634] latency=3:4:14:275:775:(156)ms throughput=35rps rr=45.71% cr=0.00% errors=0 total=11585
[1371474513.716653] latency=3:4:7:239:487:(131)ms throughput=33rps rr=48.48% cr=0.00% errors=0 total=11618
[1371474514.720633] latency=4:5:82:297:552:(166)ms throughput=24rps rr=54.17% cr=0.00% errors=0 total=11642
[1371474515.724649] latency=4:6:274:502:928:(300)ms throughput=26rps rr=69.23% cr=0.00% errors=0 total=11668
[1371474516.728633] latency=4:5:7:91:522:(96)ms throughput=32rps rr=37.50% cr=0.00% errors=0 total=11700
[1371474517.732654] latency=3:6:18:288:930:(184)ms throughput=31rps rr=32.26% cr=0.00% errors=0 total=11731
[1371474518.736653] latency=4:19:544:1302:1715:(625)ms throughput=23rps rr=56.52% cr=0.00% errors=0 total=11754
[1371474519.740644] latency=4:6:46:1261:2052:(475)ms throughput=22rps rr=31.82% cr=0.00% errors=0 total=11776
[1371474520.744637] latency=4:13:53:1709:3303:(867)ms throughput=26rps rr=46.15% cr=0.00% errors=0 total=11802
[1371474521.748661] latency=4:7:42:787:3327:(569)ms throughput=35rps rr=34.29% cr=0.00% errors=0 total=11837
[1371474522.752645] latency=4:7:125:2472:3820:(1132)ms throughput=26rps rr=46.15% cr=0.00% errors=0 total=11863
[1371474523.756634] latency=4:24:178:2110:3939:(1225)ms throughput=23rps rr=60.87% cr=0.00% errors=0 total=11886
[1371474524.760633] latency=4:6:133:2378:4321:(1216)ms throughput=25rps rr=48.00% cr=0.00% errors=0 total=11911
[1371474525.764656] latency=6:77:1468:3334:3865:(1591)ms throughput=16rps rr=62.50% cr=0.00% errors=0 total=11927
[1371474526.768632] latency=4:9:43:320:4308:(720)ms throughput=24rps rr=29.17% cr=0.00% errors=0 total=11951
[1371474527.772650] latency=4:8:221:2681:4500:(1224)ms throughput=22rps rr=54.55% cr=0.00% errors=0 total=11973
[1371474528.776632] latency=4:9:88:3089:4362:(1342)ms throughput=34rps rr=47.06% cr=0.00% errors=0 total=12007
[1371474529.780664] latency=3:8:102:3551:4396:(1544)ms throughput=28rps rr=50.00% cr=0.00% errors=0 total=12035
[1371474530.784641] latency=4:23:95:1761:4321:(869)ms throughput=24rps rr=41.67% cr=0.00% errors=0 total=12059
[1371474531.788654] latency=4:16:84:1458:3693:(819)ms throughput=23rps rr=43.48% cr=0.00% errors=0 total=12082
[1371474532.792638] latency=4:42:1007:2936:3547:(1405)ms throughput=22rps rr=68.18% cr=0.00% errors=0 total=12104
[1371474533.796655] latency=4:36:280:2327:3888:(1174)ms throughput=29rps rr=51.72% cr=0.00% errors=0 total=12133
[1371474534.800630] latency=4:6:23:1723:4186:(828)ms throughput=36rps rr=38.89% cr=0.00% errors=0 total=12169
[1371474535.804649] latency=4:7:478:1476:3177:(850)ms throughput=34rps rr=52.94% cr=0.00% errors=0 total=12203
[1371474536.808651] latency=4:8:243:1081:2186:(568)ms throughput=27rps rr=59.26% cr=0.00% errors=0 total=12230
[1371474537.812655] latency=3:6:181:686:1329:(412)ms throughput=24rps rr=54.17% cr=0.00% errors=0 total=12254
[1371474538.816642] latency=4:4:16:832:2021:(415)ms throughput=17rps rr=41.18% cr=0.00% errors=0 total=12271
[1371474539.820635] latency=4:25:182:1736:2569:(759)ms throughput=30rps rr=56.67% cr=0.00% errors=0 total=12301
[1371474540.824631] latency=4:6:51:2012:3057:(968)ms throughput=15rps rr=46.67% cr=0.00% errors=0 total=12316
[1371474541.828653] latency=4:6:123:1188:3085:(705)ms throughput=21rps rr=28.57% cr=0.00% errors=0 total=12337
[1371474542.832640] latency=4:106:753:2281:3364:(1213)ms throughput=20rps rr=60.00% cr=0.00% errors=0 total=12357
[1371474543.836651] latency=4:11:127:2797:4250:(1172)ms throughput=31rps rr=48.39% cr=0.00% errors=0 total=12388
[1371474544.840635] latency=4:21:446:3894:4757:(1638)ms throughput=30rps rr=56.67% cr=0.00% errors=0 total=12418
[1371474545.844652] latency=3:28:113:2639:5322:(1199)ms throughput=36rps rr=38.89% cr=0.00% errors=0 total=12454
[1371474546.848625] latency=3:9:94:2004:4046:(1119)ms throughput=27rps rr=55.56% cr=0.00% errors=0 total=12481
[1371474547.852669] latency=3:24:85:1872:4242:(967)ms throughput=36rps rr=44.44% cr=0.00% errors=0 total=12517
[1371474548.856636] latency=4:59:748:1722:3542:(1058)ms throughput=25rps rr=64.00% cr=0.00% errors=0 total=12542
[1371474549.860634] latency=4:21:67:1273:3544:(718)ms throughput=25rps rr=44.00% cr=0.00% errors=0 total=12567
[1371474550.864630] latency=4:19:64:1877:4163:(948)ms throughput=33rps rr=45.45% cr=0.00% errors=0 total=12600
[1371474551.868640] latency=4:60:519:1964:3718:(1029)ms throughput=22rps rr=54.55% cr=0.00% errors=0 total=12622
[1371474552.872646] latency=3:9:272:1369:3826:(861)ms throughput=37rps rr=54.05% cr=0.00% errors=0 total=12659
[1371474553.876654] latency=4:7:355:1589:2889:(781)ms throughput=25rps rr=52.00% cr=0.00% errors=0 total=12684
[1371474554.880643] latency=4:23:49:99:2208:(363)ms throughput=22rps rr=22.73% cr=0.00% errors=0 total=12706
[1371474555.884634] latency=3:13:564:1470:2899:(966)ms throughput=30rps rr=53.33% cr=0.00% errors=0 total=12736
[1371474556.888627] latency=4:7:28:1761:2772:(835)ms throughput=33rps rr=51.52% cr=0.00% errors=0 total=12769
[1371474557.892650] latency=3:5:53:365:1890:(339)ms throughput=30rps rr=56.67% cr=0.00% errors=0 total=12799
[1371474558.896629] latency=3:4:66:204:385:(108)ms throughput=30rps rr=63.33% cr=0.00% errors=0 total=12829
[1371474559.900649] latency=3:4:16:236:576:(143)ms throughput=38rps rr=50.00% cr=0.00% errors=0 total=12867
[1371474560.904631] latency=3:4:6:137:628:(93)ms throughput=30rps rr=30.00% cr=0.00% errors=0 total=12897
[1371474561.908645] latency=3:4:128:299:1090:(219)ms throughput=44rps rr=56.82% cr=0.00% errors=0 total=12941
[1371474562.912635] latency=4:5:8:169:844:(139)ms throughput=26rps rr=26.92% cr=0.00% errors=0 total=12967
[1371474563.916653] latency=4:6:131:596:1005:(297)ms throughput=29rps rr=62.07% cr=0.00% errors=0 total=12996
[1371474564.920626] latency=3:11:25:678:1244:(277)ms throughput=21rps rr=33.33% cr=0.00% errors=0 total=13017
[1371474565.924664] latency=4:8:56:1267:1940:(603)ms throughput=20rps rr=50.00% cr=0.00% errors=0 total=13037
[1371474566.928606] latency=4:12:84:1437:2671:(737)ms throughput=23rps rr=56.52% cr=0.00% errors=0 total=13060
[1371474567.932616] latency=4:34:148:2458:3366:(1151)ms throughput=13rps rr=46.15% cr=0.00% errors=0 total=13073
[1371474568.936612] latency=4:53:233:2104:3289:(1054)ms throughput=27rps rr=51.85% cr=0.00% errors=0 total=13100
[1371474569.940610] latency=4:30:1349:2611:4123:(1515)ms throughput=21rps rr=66.67% cr=0.00% errors=0 total=13121
[1371474570.944609] latency=5:7:531:2793:4863:(1489)ms throughput=18rps rr=50.00% cr=0.00% errors=0 total=13139
[1371474571.948606] latency=4:12:115:3287:4598:(1551)ms throughput=26rps rr=50.00% cr=0.00% errors=0 total=13165
[1371474572.952617] latency=4:31:790:2503:5269:(1447)ms throughput=32rps rr=62.50% cr=0.00% errors=0 total=13197
[1371474573.956556] latency=4:32:707:2196:4101:(1149)ms throughput=29rps rr=58.62% cr=0.00% errors=0 total=13226
[1371474574.960619] latency=4:13:467:993:3553:(839)ms throughput=27rps rr=59.26% cr=0.00% errors=0 total=13253
[1371474575.964610] latency=3:5:27:1300:2387:(686)ms throughput=35rps rr=45.71% cr=0.00% errors=0 total=13288
[1371474576.968614] latency=3:7:42:605:2288:(453)ms throughput=34rps rr=44.12% cr=0.00% errors=0 total=13322
[1371474577.972626] latency=3:6:29:457:1521:(306)ms throughput=24rps rr=33.33% cr=0.00% errors=0 total=13346
[1371474578.976625] latency=4:7:644:1522:2135:(817)ms throughput=28rps rr=64.29% cr=0.00% errors=0 total=13374
[1371474579.980623] latency=3:4:11:888:1933:(428)ms throughput=37rps rr=37.84% cr=0.00% errors=0 total=13411
[1371474580.984622] latency=3:16:259:887:1207:(444)ms throughput=18rps rr=50.00% cr=0.00% errors=0 total=13429
[1371474581.988604] latency=4:15:49:1252:1843:(534)ms throughput=16rps rr=37.50% cr=0.00% errors=0 total=13445
[1371474582.992610] latency=3:27:182:1475:2661:(794)ms throughput=29rps rr=51.72% cr=0.00% errors=0 total=13474
[1371474583.996608] latency=4:6:60:2178:3259:(984)ms throughput=18rps rr=44.44% cr=0.00% errors=0 total=13492
[1371474585.000619] latency=4:7:223:2076:3219:(942)ms throughput=24rps rr=62.50% cr=0.00% errors=0 total=13516
[1371474586.004614] latency=3:7:124:1277:3040:(764)ms throughput=23rps rr=52.17% cr=0.00% errors=0 total=13539
[1371474587.008620] latency=4:10:101:2255:3693:(991)ms throughput=25rps rr=32.00% cr=0.00% errors=0 total=13564
[1371474588.012612] latency=5:46:426:2860:4313:(1376)ms throughput=27rps rr=55.56% cr=0.00% errors=0 total=13591
[1371474589.016620] latency=4:24:88:2114:4993:(1212)ms throughput=25rps rr=48.00% cr=0.00% errors=0 total=13616
[1371474590.020608] latency=4:9:289:3667:4923:(1786)ms throughput=20rps rr=60.00% cr=0.00% errors=0 total=13636
[1371474591.024607] latency=4:30:61:1840:4885:(984)ms throughput=22rps rr=36.36% cr=0.00% errors=0 total=13658
[1371474592.028618] latency=4:57:669:2512:4460:(1432)ms throughput=29rps rr=68.97% cr=0.00% errors=0 total=13687
[1371474593.032621] latency=3:19:312:3187:5009:(1563)ms throughput=31rps rr=54.84% cr=0.00% errors=0 total=13718
[1371474594.036610] latency=4:5:26:2053:4035:(1037)ms throughput=29rps rr=48.28% cr=0.00% errors=0 total=13747
[1371474595.040660] latency=4:10:290:1321:3081:(749)ms throughput=27rps rr=55.56% cr=0.00% errors=0 total=13774
[1371474596.044635] latency=3:4:25:797:1880:(371)ms throughput=36rps rr=36.11% cr=0.00% errors=0 total=13810
[1371474597.048923] latency=4:77:181:577:3405:(599)ms throughput=13rps rr=23.08% cr=0.00% errors=0 total=13823
[1371474598.052632] latency=5:71:127:195:292:(136)ms throughput=12rps rr=8.33% cr=0.00% errors=0 total=13835
[1371474599.056633] latency=4:45:236:291:3856:(507)ms throughput=13rps rr=15.38% cr=0.00% errors=0 total=13848
[1371474600.060687] latency=4:4:44:67:5192:(892)ms throughput=6rps rr=16.67% cr=0.00% errors=0 total=13854
[1371474601.064651] latency=4:38:91:287:4945:(517)ms throughput=18rps rr=11.11% cr=0.00% errors=0 total=13872
[1371474602.068622] latency=6:18:28:167:6383:(1436)ms throughput=9rps rr=22.22% cr=0.00% errors=0 total=13881
[1371474603.072649] latency=62:114:208:271:293:(193)ms throughput=4rps rr=25.00% cr=0.00% errors=0 total=13885
[1371474604.076642] latency=46:338:577:8053:8647:(3040)ms throughput=6rps rr=33.33% cr=0.00% errors=0 total=13891
[1371474605.080621] latency=22:67:444:1099:7745:(1093)ms throughput=13rps rr=15.38% cr=0.00% errors=0 total=13904
[1371474606.084617] latency=25:174:522:4415:5687:(1891)ms throughput=6rps rr=33.33% cr=0.00% errors=0 total=13910
[1371474607.088654] latency=3:6:959:1430:10564:(2057)ms throughput=7rps rr=14.29% cr=0.00% errors=0 total=13917
[1371474608.092653] latency=13:466:2263:9447:11519:(4832)ms throughput=5rps rr=40.00% cr=0.00% errors=0 total=13922
[1371474609.096622] latency=4:4:289:562:646:(299)ms throughput=7rps rr=0.00% cr=0.00% errors=0 total=13929
[1371474610.100620] latency=24:714:4240:12019:15302:(6477)ms throughput=7rps rr=57.14% cr=0.00% errors=0 total=13936
[1371474611.104656] latency=9:9:710:4041:7372:(2697)ms throughput=3rps rr=33.33% cr=0.00% errors=0 total=13939
[1371474612.108620] latency=58:343:1212:8446:15096:(4394)ms throughput=4rps rr=25.00% cr=0.00% errors=0 total=13943
[1371474613.112625] latency=46:64:268:10038:15582:(4378)ms throughput=6rps rr=33.33% cr=0.00% errors=0 total=13949
[1371474614.116667] latency=240:366:1059:3680:5127:(1922)ms throughput=6rps rr=33.33% cr=0.00% errors=0 total=13955
[1371474615.120618] latency=166:166:932:1050:1169:(756)ms throughput=3rps rr=0.00% cr=0.00% errors=0 total=13958
[1371474616.124618] latency=118:364:393:1018:12414:(2450)ms throughput=6rps rr=33.33% cr=0.00% errors=0 total=13964
[1371474617.128636] latency=497:497:538:9700:18862:(6632)ms throughput=3rps rr=33.33% cr=0.00% errors=0 total=13967
[1371474618.132619] latency=784:784:8080:15375:15375:(8080)ms throughput=2rps rr=50.00% cr=0.00% errors=0 total=13969
[1371474619.136644] latency=284:775:1204:14036:18093:(5821)ms throughput=12rps rr=41.67% cr=0.00% errors=0 total=13981
[1371474620.140627] latency=900:900:976:1018:1059:(979)ms throughput=3rps rr=0.00% cr=0.00% errors=0 total=13984
[1371474621.144628] latency=4:25:165:10258:20232:(5141)ms throughput=4rps rr=25.00% cr=0.00% errors=0 total=13988
[1371474622.148658] latency=19897:19897:20948:21999:21999:(20948)ms throughput=2rps rr=100.00% cr=0.00% errors=0 total=13990
[1371474623.152647] latency=8:32:1901:5927:19051:(4347)ms throughput=8rps rr=25.00% cr=0.00% errors=0 total=13998
[1371474624.156658] latency=967:1061:2003:14574:26297:(7818)ms throughput=4rps rr=75.00% cr=0.00% errors=0 total=14002
[1371474625.160617] latency=167:275:665:23188:29711:(11106)ms throughput=7rps rr=42.86% cr=0.00% errors=0 total=14009
[1371474626.164624] latency=5:80:742:6330:26779:(6803)ms throughput=5rps rr=40.00% cr=0.00% errors=0 total=14014
[1371474627.168626] latency=31178:26588:31178:31178:31178:(31178)ms throughput=1rps rr=100.00% cr=0.00% errors=0 total=14015
[1371474628.172625] latency=5:247:6040:21850:28893:(11558)ms throughput=11rps rr=54.55% cr=0.00% errors=0 total=14026
[1371474629.176657] latency=968:968:1151:14970:28788:(10303)ms throughput=3rps rr=33.33% cr=0.00% errors=0 total=14029
[1371474630.180631] latency=5:56:22088:31359:31621:(19294)ms throughput=7rps rr=71.43% cr=0.00% errors=0 total=14036
[1371474631.184617] latency=346:385:16578:30988:34682:(16604)ms throughput=5rps rr=60.00% cr=0.00% errors=0 total=14041
[1371474632.188642] latency=1161:1161:7195:21690:36186:(14847)ms throughput=3rps rr=66.67% cr=0.00% errors=0 total=14044
[1371474633.192645] latency=16:22:243:8691:16925:(4357)ms throughput=4rps rr=25.00% cr=0.00% errors=0 total=14048
[1371474634.196605] latency=4:4:16062:32121:32121:(16062)ms throughput=2rps rr=50.00% cr=0.00% errors=0 total=14050
[1371474635.200653] latency=26:47:3214:23279:38506:(11381)ms throughput=6rps rr=50.00% cr=0.00% errors=0 total=14056
[1371474636.204654] latency=22:355:10499:36733:38673:(17880)ms throughput=9rps rr=55.56% cr=0.00% errors=0 total=14065
[1371474637.208616] latency=4:139:2009:19773:35802:(9956)ms throughput=4rps rr=50.00% cr=0.00% errors=0 total=14069
[1371474638.212615] latency=4:98:25527:29651:41150:(18202)ms throughput=9rps rr=55.56% cr=0.00% errors=0 total=14078
[1371474639.216616] latency=693:693:6841:18961:31080:(12871)ms throughput=3rps rr=66.67% cr=0.00% errors=0 total=14081
[1371474640.220617] latency=25:221:888:35581:40384:(16151)ms throughput=7rps rr=42.86% cr=0.00% errors=0 total=14088
[1371474641.224685] latency=286:9907:28897:38973:39679:(24440)ms throughput=4rps rr=75.00% cr=0.00% errors=0 total=14092
[1371474642.228588] latency=201:458:7515:27526:38722:(13740)ms throughput=8rps rr=62.50% cr=0.00% errors=0 total=14100
[1371474643.232655] latency=247:386:7191:15210:16564:(7798)ms throughput=4rps rr=50.00% cr=0.00% errors=0 total=14104
[1371474644.236648] latency=19800:19800:41757:44395:47034:(36197)ms throughput=3rps rr=100.00% cr=0.00% errors=0 total=14107
[1371474645.240649] latency=282:495:815:1028:10640:(2695)ms throughput=5rps rr=60.00% cr=0.00% errors=0 total=14112
[1371474646.244608] latency=117:132:878:9951:29883:(7363)ms throughput=7rps rr=28.57% cr=0.00% errors=0 total=14119
[1371474647.248650] latency=13506:14061:18841:33948:44831:(24005)ms throughput=4rps rr=100.00% cr=0.00% errors=0 total=14123
[1371474648.252617] latency=21:21:45945:48669:51394:(32453)ms throughput=3rps rr=66.67% cr=0.00% errors=0 total=14126
[1371474649.256624] latency=1484:11891:27684:49422:50733:(28150)ms throughput=6rps rr=83.33% cr=0.00% errors=0 total=14132
[1371474650.260657] latency=4:509:1373:15128:28524:(7819)ms throughput=4rps rr=25.00% cr=0.00% errors=0 total=14136
[1371474651.264608] latency=350:396:30114:31330:52994:(23046)ms throughput=5rps rr=60.00% cr=0.00% errors=0 total=14141
[1371474652.268619] latency=700:700:828:1122:1416:(981)ms throughput=3rps rr=0.00% cr=0.00% errors=0 total=14144
[1371474653.272652] latency=429:496:1628:48699:53968:(22096)ms throughput=7rps rr=42.86% cr=0.00% errors=0 total=14151
[1371474654.276647] latency=47549:47549:48087:48625:48625:(48087)ms throughput=2rps rr=100.00% cr=0.00% errors=0 total=14153
[1371474655.280620] latency=44:3118:7813:17746:26057:(10432)ms throughput=4rps rr=75.00% cr=0.00% errors=0 total=14157
[1371474656.284651] latency=929:1264:21000:46040:51678:(23652)ms throughput=4rps rr=50.00% cr=0.00% errors=0 total=14161
[1371474657.288652] latency=8:52:328:15445:29162:(8645)ms throughput=7rps rr=28.57% cr=0.00% errors=0 total=14168
[1371474658.292622] latency=46:361:15523:49669:57898:(24893)ms throughput=7rps rr=57.14% cr=0.00% errors=0 total=14175
[1371474659.296642] latency=4:17:291:13481:58264:(11214)ms throughput=9rps rr=55.56% cr=0.00% errors=0 total=14184
[1371474660.300619] latency=21:34:54:395:10375:(2178)ms throughput=5rps rr=20.00% cr=0.00% errors=0 total=14189
[1371474661.304617] latency=4:11:15085:36602:54591:(21030)ms throughput=7rps rr=71.43% cr=0.00% errors=0 total=14196
[1371474662.308621] latency=191:208:30689:61966:62779:(31087)ms throughput=4rps rr=50.00% cr=0.00% errors=0 total=14200
[1371474663.312651] latency=215:979:10240:24110:53146:(16488)ms throughput=6rps rr=50.00% cr=0.00% errors=0 total=14206
[1371474664.316647] latency=10:24318:10:10:10:(10)ms throughput=1rps rr=100.00% cr=0.00% errors=0 total=14207
[1371474665.320623] latency=1201:1201:21902:38309:54715:(25939)ms throughput=3rps rr=66.67% cr=0.00% errors=0 total=14210
[1371474666.324647] latency=575:623:5036:12059:14717:(6341)ms throughput=4rps rr=50.00% cr=0.00% errors=0 total=14214
[1371474667.328652] latency=15915:16176:20344:37693:47208:(26280)ms throughput=6rps rr=100.00% cr=0.00% errors=0 total=14220
[1371474668.332650] latency=732:1390:8365:24841:35002:(13116)ms throughput=4rps rr=50.00% cr=0.00% errors=0 total=14224
[1371474669.336615] latency=643:2524:26806:29314:35428:(19319)ms throughput=5rps rr=60.00% cr=0.00% errors=0 total=14229
[1371474670.340648] latency=147:938:1483:16798:45357:(11815)ms throughput=7rps rr=42.86% cr=0.00% errors=0 total=14236
[1371474671.344661] latency=135:293:980:24273:47037:(12283)ms throughput=4rps rr=25.00% cr=0.00% errors=0 total=14240
[1371474672.348652] latency=20:57:524:22661:48970:(13579)ms throughput=7rps rr=42.86% cr=0.00% errors=0 total=14247
[1371474673.352618] latency=40:141:1269:24382:46470:(12262)ms throughput=4rps rr=25.00% cr=0.00% errors=0 total=14251
[1371474674.356633] latency=100:993:11015:30370:40596:(15681)ms throughput=4rps rr=50.00% cr=0.00% errors=0 total=14255
[1371474675.360638] latency=64:617:48201:50514:53934:(30776)ms throughput=5rps rr=80.00% cr=0.00% errors=0 total=14260
[1371474676.364616] latency=2782:4807:23231:35133:43392:(22096)ms throughput=6rps rr=83.33% cr=0.00% errors=0 total=14266
[1371474677.368615] latency=42:105:592:16470:53563:(10992)ms throughput=8rps rr=37.50% cr=0.00% errors=0 total=14274
[1371474678.372654] latency=36:729:5223:23633:43624:(14021)ms throughput=7rps rr=57.14% cr=0.00% errors=0 total=14281
[1371474679.376650] latency=4:10:63:318:38763:(7833)ms throughput=5rps rr=60.00% cr=0.00% errors=0 total=14286
[1371474680.380619] latency=37:300:1736:17352:32682:(10101)ms throughput=7rps rr=28.57% cr=0.00% errors=0 total=14293
[1371474681.384624] latency=4:97:339:517:15811:(2026)ms throughput=9rps rr=11.11% cr=0.00% errors=0 total=14302
[1371474682.388652] latency=434:434:3160:5887:5887:(3160)ms throughput=2rps rr=50.00% cr=0.00% errors=0 total=14304
[1371474683.392652] latency=321:321:12364:24408:24408:(12364)ms throughput=2rps rr=50.00% cr=0.00% errors=0 total=14306
[1371474684.396617] latency=22608:22608:22751:33987:45224:(30194)ms throughput=3rps rr=100.00% cr=0.00% errors=0 total=14309
[1371474685.400683] latency=108:665:1913:34192:54821:(18408)ms throughput=11rps rr=45.45% cr=0.00% errors=0 total=14320
[1371474686.404647] latency=47:19080:42459:51533:56262:(35307)ms throughput=4rps rr=75.00% cr=0.00% errors=0 total=14324
[1371474687.408606] latency=4:892:44368:53256:54909:(29671)ms throughput=7rps rr=57.14% cr=0.00% errors=0 total=14331
[1371474688.412615] latency=56:1283:13656:38000:47924:(19096)ms throughput=6rps rr=50.00% cr=0.00% errors=0 total=14337
[1371474689.416619] latency=35:35:914:21668:42423:(14457)ms throughput=3rps rr=33.33% cr=0.00% errors=0 total=14340
[1371474690.420604] latency=9:368:837:1212:1476:(790)ms throughput=4rps rr=0.00% cr=0.00% errors=0 total=14344
[1371474691.424651] latency=352:352:998:13740:26482:(9278)ms throughput=3rps rr=66.67% cr=0.00% errors=0 total=14347
[1371474692.428650] latency=29094:29094:38364:46449:54535:(40664)ms throughput=3rps rr=100.00% cr=0.00% errors=0 total=14350
[1371474693.432615] latency=16801:16801:36075:43164:50252:(34376)ms throughput=3rps rr=100.00% cr=0.00% errors=0 total=14353
[1371474694.448615] latency=1691:1926:2196:51820:55689:(22711)ms throughput=5rps rr=40.00% cr=0.00% errors=0 total=14358
[1371474695.452645] latency=4:55:71:491:1072:(320)ms throughput=7rps rr=0.00% cr=0.00% errors=0 total=14365
[1371474696.456653] latency=2285:2285:26966:32467:37969:(22407)ms throughput=3rps rr=66.67% cr=0.00% errors=0 total=14368
[1371474697.460597] latency=196:2122:11730:40908:49882:(20642)ms throughput=13rps rr=76.92% cr=0.00% errors=0 total=14381
[1371474698.464609] latency=11:4220:21660:31729:52280:(21928)ms throughput=25rps rr=84.00% cr=0.00% errors=0 total=14406
[1371474699.468605] latency=4:250:14095:27910:41826:(15089)ms throughput=47rps rr=78.72% cr=0.00% errors=0 total=14453
[1371474700.472602] latency=4:212:2645:16306:36171:(8086)ms throughput=54rps rr=81.48% cr=0.00% errors=0 total=14507
[1371474701.476610] latency=4:8:209:371:1751:(314)ms throughput=35rps rr=71.43% cr=0.00% errors=0 total=14542
[1371474702.480658] latency=4:5:15:129:218:(64)ms throughput=28rps rr=50.00% cr=0.00% errors=0 total=14570
[1371474703.484611] latency=4:5:8:65:238:(48)ms throughput=23rps rr=52.17% cr=0.00% errors=0 total=14593
[1371474704.488624] latency=5:5:7:80:225:(53)ms throughput=33rps rr=39.39% cr=0.00% errors=0 total=14626
[1371474705.492620] latency=4:5:129:279:381:(143)ms throughput=31rps rr=54.84% cr=0.00% errors=0 total=14657
[1371474706.496604] latency=4:5:6:26:213:(40)ms throughput=29rps rr=34.48% cr=0.00% errors=0 total=14686
[1371474707.500610] latency=5:6:9:74:154:(47)ms throughput=41rps rr=51.22% cr=0.00% errors=0 total=14727
[1371474708.504608] latency=3:5:12:108:230:(58)ms throughput=36rps rr=50.00% cr=0.00% errors=0 total=14763
[1371474709.508611] latency=4:6:64:137:293:(79)ms throughput=35rps rr=54.29% cr=0.00% errors=0 total=14798
[1371474710.512598] latency=4:5:31:117:223:(64)ms throughput=27rps rr=51.85% cr=0.00% errors=0 total=14825
[1371474711.516616] latency=4:5:32:131:249:(74)ms throughput=31rps rr=54.84% cr=0.00% errors=0 total=14856
[1371474712.520615] latency=4:6:38:104:250:(67)ms throughput=30rps rr=66.67% cr=0.00% errors=0 total=14886
[1371474713.524612] latency=4:5:6:100:207:(50)ms throughput=29rps rr=37.93% cr=0.00% errors=0 total=14915
[1371474714.528619] latency=4:8:94:285:506:(154)ms throughput=34rps rr=61.76% cr=0.00% errors=0 total=14949
[1371474715.532609] latency=4:5:53:153:237:(75)ms throughput=30rps rr=56.67% cr=0.00% errors=0 total=14979
[1371474716.536611] latency=4:5:6:133:285:(74)ms throughput=30rps rr=50.00% cr=0.00% errors=0 total=15009
[1371474717.540624] latency=4:5:11:222:363:(104)ms throughput=30rps rr=56.67% cr=0.00% errors=0 total=15039
[1371474718.544606] latency=4:6:107:304:454:(158)ms throughput=33rps rr=60.61% cr=0.00% errors=0 total=15072
[1371474719.548620] latency=5:5:23:146:253:(76)ms throughput=37rps rr=51.35% cr=0.00% errors=0 total=15109
[1371474720.552613] latency=5:5:8:126:213:(66)ms throughput=24rps rr=50.00% cr=0.00% errors=0 total=15133
[1371474721.556618] latency=4:5:7:93:218:(51)ms throughput=35rps rr=48.57% cr=0.00% errors=0 total=15168
[1371474722.560607] latency=4:5:5:53:219:(42)ms throughput=38rps rr=34.21% cr=0.00% errors=0 total=15206
[1371474723.564615] latency=4:6:27:199:376:(102)ms throughput=40rps rr=55.00% cr=0.00% errors=0 total=15246
[1371474724.568618] latency=4:5:11:156:276:(80)ms throughput=36rps rr=50.00% cr=0.00% errors=0 total=15282
[1371474725.572607] latency=4:5:5:69:212:(44)ms throughput=35rps rr=37.14% cr=0.00% errors=0 total=15317
[1371474726.576813] latency=4:5:8:93:221:(59)ms throughput=35rps rr=54.29% cr=0.00% errors=0 total=15352
[1371474727.580621] latency=4:5:6:10:152:(22)ms throughput=32rps rr=28.12% cr=0.00% errors=0 total=15384
[1371474728.584614] latency=4:5:19:166:453:(110)ms throughput=43rps rr=51.16% cr=0.00% errors=0 total=15427
[1371474729.588643] latency=4:5:7:133:234:(65)ms throughput=27rps rr=37.04% cr=0.00% errors=0 total=15454
[1371474730.592623] latency=4:5:6:75:220:(48)ms throughput=31rps rr=38.71% cr=0.00% errors=0 total=15485
[1371474731.596659] latency=4:7:49:96:229:(71)ms throughput=29rps rr=72.41% cr=0.00% errors=0 total=15514
[1371474732.600618] latency=4:7:12:161:304:(84)ms throughput=29rps rr=48.28% cr=0.00% errors=0 total=15543
[1371474733.604608] latency=4:5:7:110:255:(56)ms throughput=33rps rr=51.52% cr=0.00% errors=0 total=15576
[1371474734.608611] latency=5:5:6:31:180:(37)ms throughput=19rps rr=36.84% cr=0.00% errors=0 total=15595
[1371474735.612664] latency=4:5:7:97:240:(55)ms throughput=35rps rr=42.86% cr=0.00% errors=0 total=15630
[1371474736.616614] latency=4:6:29:242:502:(128)ms throughput=36rps rr=55.56% cr=0.00% errors=0 total=15666
[1371474737.620609] latency=4:6:31:172:349:(96)ms throughput=36rps rr=58.33% cr=0.00% errors=0 total=15702
[1371474738.624614] latency=4:6:62:142:288:(86)ms throughput=34rps rr=58.82% cr=0.00% errors=0 total=15736
[1371474739.628623] latency=4:5:7:87:220:(56)ms throughput=34rps rr=38.24% cr=0.00% errors=0 total=15770
[1371474740.632629] latency=4:6:39:137:356:(85)ms throughput=32rps rr=62.50% cr=0.00% errors=0 total=15802
[1371474741.636596] latency=4:5:10:118:287:(72)ms throughput=35rps rr=48.57% cr=0.00% errors=0 total=15837
[1371474742.640615] latency=5:6:40:144:288:(78)ms throughput=31rps rr=61.29% cr=0.00% errors=0 total=15868
[1371474743.644626] latency=5:6:8:95:227:(59)ms throughput=25rps rr=40.00% cr=0.00% errors=0 total=15893
[1371474744.648649] latency=5:5:6:134:216:(61)ms throughput=31rps rr=51.61% cr=0.00% errors=0 total=15924
[1371474745.652607] latency=4:5:43:152:270:(85)ms throughput=33rps rr=57.58% cr=0.00% errors=0 total=15957
[1371474746.656625] latency=4:5:62:209:362:(113)ms throughput=31rps rr=54.84% cr=0.00% errors=0 total=15988
[1371474747.660624] latency=4:6:7:102:292:(55)ms throughput=32rps rr=37.50% cr=0.00% errors=0 total=16020
[1371474748.664607] latency=3:5:7:130:275:(67)ms throughput=34rps rr=50.00% cr=0.00% errors=0 total=16054
[1371474749.669027] latency=4:5:45:120:236:(69)ms throughput=33rps rr=63.64% cr=0.00% errors=0 total=16087
[1371474750.672606] latency=4:6:31:159:254:(77)ms throughput=32rps rr=59.38% cr=0.00% errors=0 total=16119
[1371474751.676608] latency=4:5:14:105:355:(75)ms throughput=29rps rr=51.72% cr=0.00% errors=0 total=16148
[1371474752.680605] latency=4:6:60:145:247:(73)ms throughput=36rps rr=55.56% cr=0.00% errors=0 total=16184
[1371474753.684627] latency=4:5:66:205:405:(118)ms throughput=39rps rr=53.85% cr=0.00% errors=0 total=16223
[1371474754.688607] latency=4:5:7:82:300:(59)ms throughput=42rps rr=38.10% cr=0.00% errors=0 total=16265
[1371474755.692624] latency=4:5:35:161:255:(73)ms throughput=34rps rr=52.94% cr=0.00% errors=0 total=16299
[1371474756.696612] latency=4:7:14:193:303:(94)ms throughput=27rps rr=48.15% cr=0.00% errors=0 total=16326
[1371474757.700608] latency=4:5:8:85:225:(45)ms throughput=30rps rr=40.00% cr=0.00% errors=0 total=16356
[1371474758.704614] latency=3:5:24:127:214:(64)ms throughput=35rps rr=51.43% cr=0.00% errors=0 total=16391
[1371474759.708614] latency=5:7:68:197:324:(109)ms throughput=28rps rr=67.86% cr=0.00% errors=0 total=16419
[1371474760.712614] latency=4:5:6:42:209:(43)ms throughput=30rps rr=30.00% cr=0.00% errors=0 total=16449
[1371474761.716693] latency=4:5:6:47:152:(33)ms throughput=26rps rr=38.46% cr=0.00% errors=0 total=16475
[1371474762.720609] latency=4:6:8:126:237:(64)ms throughput=30rps rr=46.67% cr=0.00% errors=0 total=16505
[1371474763.724598] latency=4:5:8:88:202:(46)ms throughput=30rps rr=40.00% cr=0.00% errors=0 total=16535
[1371474764.728611] latency=4:5:26:209:311:(96)ms throughput=39rps rr=43.59% cr=0.00% errors=0 total=16574
[1371474765.732620] latency=4:5:8:143:364:(69)ms throughput=31rps rr=51.61% cr=0.00% errors=0 total=16605
[1371474766.736618] latency=4:6:74:277:616:(162)ms throughput=41rps rr=60.98% cr=0.00% errors=0 total=16646
[1371474767.740609] latency=4:5:9:177:408:(90)ms throughput=46rps rr=45.65% cr=0.00% errors=0 total=16692
[1371474768.744613] latency=4:5:10:160:365:(89)ms throughput=33rps rr=48.48% cr=0.00% errors=0 total=16725
[1371474769.748625] latency=4:6:37:131:257:(78)ms throughput=37rps rr=59.46% cr=0.00% errors=0 total=16762
[1371474770.752624] latency=4:5:17:173:372:(94)ms throughput=36rps rr=50.00% cr=0.00% errors=0 total=16798
[1371474771.756615] latency=4:5:6:156:268:(63)ms throughput=37rps rr=48.65% cr=0.00% errors=0 total=16835
[1371474772.760622] latency=4:5:6:67:192:(38)ms throughput=28rps rr=28.57% cr=0.00% errors=0 total=16863
[1371474773.764617] latency=4:6:8:183:220:(82)ms throughput=25rps rr=52.00% cr=0.00% errors=0 total=16888
[1371474774.768604] latency=4:5:8:108:242:(57)ms throughput=35rps rr=48.57% cr=0.00% errors=0 total=16923
[1371474775.772623] latency=4:6:21:120:257:(69)ms throughput=35rps rr=51.43% cr=0.00% errors=0 total=16958
[1371474776.776619] latency=3:5:7:167:244:(81)ms throughput=27rps rr=48.15% cr=0.00% errors=0 total=16985
[1371474777.780614] latency=4:5:81:174:243:(94)ms throughput=34rps rr=61.76% cr=0.00% errors=0 total=17019
[1371474778.784610] latency=4:5:8:133:236:(66)ms throughput=33rps rr=39.39% cr=0.00% errors=0 total=17052
[1371474779.788619] latency=5:5:6:51:186:(41)ms throughput=25rps rr=44.00% cr=0.00% errors=0 total=17077
[1371474780.792629] latency=4:5:7:139:254:(60)ms throughput=24rps rr=33.33% cr=0.00% errors=0 total=17101
[1371474781.796625] latency=4:7:101:248:448:(136)ms throughput=37rps rr=59.46% cr=0.00% errors=0 total=17138
[1371474782.800625] latency=4:5:9:135:272:(74)ms throughput=30rps rr=46.67% cr=0.00% errors=0 total=17168
[1371474783.804621] latency=4:6:36:85:236:(66)ms throughput=27rps rr=51.85% cr=0.00% errors=0 total=17195
[1371474784.808611] latency=4:6:8:71:195:(44)ms throughput=30rps rr=40.00% cr=0.00% errors=0 total=17225
[1371474785.812619] latency=4:5:8:100:207:(54)ms throughput=34rps rr=47.06% cr=0.00% errors=0 total=17259
[1371474786.816626] latency=4:5:7:56:207:(35)ms throughput=35rps rr=37.14% cr=0.00% errors=0 total=17294
[1371474787.820607] latency=5:6:7:134:252:(71)ms throughput=25rps rr=48.00% cr=0.00% errors=0 total=17319
[1371474788.824627] latency=4:5:6:61:230:(43)ms throughput=38rps rr=39.47% cr=0.00% errors=0 total=17357
[1371474789.828610] latency=4:5:10:89:246:(54)ms throughput=35rps rr=54.29% cr=0.00% errors=0 total=17392
[1371474790.832608] latency=4:5:8:154:281:(71)ms throughput=42rps rr=42.86% cr=0.00% errors=0 total=17434
[1371474791.836617] latency=4:5:14:131:266:(77)ms throughput=30rps rr=53.33% cr=0.00% errors=0 total=17464
[1371474792.840626] latency=4:6:57:206:329:(99)ms throughput=32rps rr=56.25% cr=0.00% errors=0 total=17496
[1371474793.844677] latency=4:5:10:166:336:(87)ms throughput=44rps rr=47.73% cr=0.00% errors=0 total=17540
[1371474794.848602] latency=4:6:27:140:308:(87)ms throughput=27rps rr=55.56% cr=0.00% errors=0 total=17567
[1371474795.852624] latency=5:5:6:119:329:(70)ms throughput=36rps rr=38.89% cr=0.00% errors=0 total=17603
[1371474796.856651] latency=4:7:62:177:300:(102)ms throughput=33rps rr=60.61% cr=0.00% errors=0 total=17636
[1371474797.860606] latency=4:5:8:153:324:(76)ms throughput=41rps rr=48.78% cr=0.00% errors=0 total=17677
[1371474798.864609] latency=4:6:46:166:313:(89)ms throughput=34rps rr=61.76% cr=0.00% errors=0 total=17711
[1371474799.868647] latency=4:5:7:92:199:(57)ms throughput=30rps rr=50.00% cr=0.00% errors=0 total=17741
[1371474800.872605] latency=4:6:28:126:200:(61)ms throughput=28rps rr=57.14% cr=0.00% errors=0 total=17769
[1371474801.876615] latency=4:6:31:152:264:(84)ms throughput=32rps rr=56.25% cr=0.00% errors=0 total=17801
[1371474802.880612] latency=4:6:28:101:259:(59)ms throughput=36rps rr=41.67% cr=0.00% errors=0 total=17837
[1371474803.884620] latency=4:5:10:180:357:(96)ms throughput=40rps rr=47.50% cr=0.00% errors=0 total=17877
[1371474804.888616] latency=4:6:63:180:298:(94)ms throughput=32rps rr=56.25% cr=0.00% errors=0 total=17909
[1371474805.892619] latency=4:5:9:167:245:(74)ms throughput=31rps rr=45.16% cr=0.00% errors=0 total=17940
[1371474806.896617] latency=4:5:9:114:287:(65)ms throughput=37rps rr=48.65% cr=0.00% errors=0 total=17977
[1371474807.900622] latency=4:6:44:157:327:(87)ms throughput=34rps rr=52.94% cr=0.00% errors=0 total=18011
[1371474808.904626] latency=4:5:56:183:358:(105)ms throughput=44rps rr=56.82% cr=0.00% errors=0 total=18055
[1371474809.908609] latency=4:5:8:177:382:(91)ms throughput=33rps rr=48.48% cr=0.00% errors=0 total=18088
[1371474810.912623] latency=4:5:18:146:319:(78)ms throughput=35rps rr=54.29% cr=0.00% errors=0 total=18123
[1371474811.916663] latency=4:5:28:104:227:(59)ms throughput=37rps rr=54.05% cr=0.00% errors=0 total=18160
[1371474812.920614] latency=4:5:19:165:426:(104)ms throughput=33rps rr=54.55% cr=0.00% errors=0 total=18193
[1371474813.924606] latency=4:5:95:208:555:(134)ms throughput=32rps rr=59.38% cr=0.00% errors=0 total=18225
[1371474814.928618] latency=5:5:10:124:336:(78)ms throughput=25rps rr=52.00% cr=0.00% errors=0 total=18250
[1371474815.932655] latency=4:5:8:92:253:(53)ms throughput=42rps rr=45.24% cr=0.00% errors=0 total=18292
[1371474816.936629] latency=3:5:6:151:283:(80)ms throughput=28rps rr=50.00% cr=0.00% errors=0 total=18320
[1371474817.940619] latency=4:5:36:115:340:(78)ms throughput=41rps rr=56.10% cr=0.00% errors=0 total=18361
[1371474818.944621] latency=4:5:10:100:230:(59)ms throughput=37rps rr=54.05% cr=0.00% errors=0 total=18398
[1371474819.948620] latency=4:5:7:107:239:(52)ms throughput=30rps rr=40.00% cr=0.00% errors=0 total=18428
[1371474820.952612] latency=4:5:8:131:221:(66)ms throughput=24rps rr=45.83% cr=0.00% errors=0 total=18452
[1371474821.956623] latency=4:5:8:180:258:(84)ms throughput=27rps rr=48.15% cr=0.00% errors=0 total=18479
[1371474822.960654] latency=4:5:6:75:211:(47)ms throughput=35rps rr=37.14% cr=0.00% errors=0 total=18514
[1371474823.964652] latency=4:6:24:157:251:(71)ms throughput=34rps rr=50.00% cr=0.00% errors=0 total=18548
[1371474824.968626] latency=4:5:30:192:436:(110)ms throughput=41rps rr=53.66% cr=0.00% errors=0 total=18589
[1371474825.972623] latency=4:5:8:195:333:(84)ms throughput=29rps rr=37.93% cr=0.00% errors=0 total=18618
[1371474826.976619] latency=4:6:108:192:398:(117)ms throughput=30rps rr=56.67% cr=0.00% errors=0 total=18648
[1371474827.980611] latency=3:5:50:132:273:(74)ms throughput=35rps rr=60.00% cr=0.00% errors=0 total=18683
[1371474828.984629] latency=4:6:13:100:210:(56)ms throughput=28rps rr=50.00% cr=0.00% errors=0 total=18711
[1371474829.988617] latency=4:5:11:137:243:(74)ms throughput=36rps rr=47.22% cr=0.00% errors=0 total=18747
[1371474830.992614] latency=4:4:46:202:314:(100)ms throughput=37rps rr=59.46% cr=0.00% errors=0 total=18784
[1371474831.996611] latency=4:5:8:133:381:(78)ms throughput=42rps rr=52.38% cr=0.00% errors=0 total=18826
[1371474833.000620] latency=4:5:6:71:212:(50)ms throughput=30rps rr=40.00% cr=0.00% errors=0 total=18856
[1371474834.004618] latency=4:5:32:109:244:(66)ms throughput=28rps rr=53.57% cr=0.00% errors=0 total=18884
[1371474835.008661] latency=4:7:36:140:227:(70)ms throughput=22rps rr=63.64% cr=0.00% errors=0 total=18906
[1371474836.012658] latency=4:5:6:7:133:(23)ms throughput=26rps rr=30.77% cr=0.00% errors=0 total=18932
[1371474837.016608] latency=4:5:9:89:213:(55)ms throughput=26rps rr=46.15% cr=0.00% errors=0 total=18958
[1371474838.020619] latency=4:5:34:158:262:(82)ms throughput=37rps rr=56.76% cr=0.00% errors=0 total=18995
[1371474839.024777] latency=5:7:13:165:289:(79)ms throughput=32rps rr=46.88% cr=0.00% errors=0 total=19027
[1371474840.028786] latency=4:6:30:207:439:(103)ms throughput=36rps rr=50.00% cr=0.00% errors=0 total=19063
[1371474841.032630] latency=4:5:8:164:277:(76)ms throughput=33rps rr=54.55% cr=0.00% errors=0 total=19096
[1371474842.036607] latency=4:5:6:123:184:(59)ms throughput=28rps rr=42.86% cr=0.00% errors=0 total=19124
[1371474843.040619] latency=4:6:56:214:426:(118)ms throughput=46rps rr=58.70% cr=0.00% errors=0 total=19170
[1371474844.044619] latency=4:5:16:114:216:(59)ms throughput=32rps rr=53.12% cr=0.00% errors=0 total=19202
[1371474845.048610] latency=4:5:56:129:211:(72)ms throughput=28rps rr=57.14% cr=0.00% errors=0 total=19230
[1371474846.052629] latency=4:5:10:109:302:(62)ms throughput=40rps rr=45.00% cr=0.00% errors=0 total=19270
[1371474847.056690] latency=4:5:5:27:255:(38)ms throughput=31rps rr=32.26% cr=0.00% errors=0 total=19301
[1371474848.060624] latency=4:5:8:142:254:(65)ms throughput=48rps rr=43.75% cr=0.00% errors=0 total=19349
[1371474849.064654] latency=4:5:38:105:232:(63)ms throughput=29rps rr=58.62% cr=0.00% errors=0 total=19378
[1371474850.068625] latency=4:5:8:122:234:(68)ms throughput=26rps rr=46.15% cr=0.00% errors=0 total=19404
[1371474851.072622] latency=4:5:53:147:253:(82)ms throughput=25rps rr=56.00% cr=0.00% errors=0 total=19429
[1371474852.076634] latency=3:5:8:105:248:(58)ms throughput=34rps rr=44.12% cr=0.00% errors=0 total=19463
[1371474853.080629] latency=4:5:105:313:559:(168)ms throughput=43rps rr=53.49% cr=0.00% errors=0 total=19506
[1371474854.084595] latency=4:5:23:126:293:(79)ms throughput=33rps rr=60.61% cr=0.00% errors=0 total=19539
[1371474855.088623] latency=4:6:25:315:518:(146)ms throughput=39rps rr=46.15% cr=0.00% errors=0 total=19578
[1371474856.092626] latency=4:5:6:143:240:(67)ms throughput=35rps rr=45.71% cr=0.00% errors=0 total=19613
[1371474857.096654] latency=4:5:7:172:306:(87)ms throughput=28rps rr=50.00% cr=0.00% errors=0 total=19641
[1371474858.100618] latency=5:5:5:63:184:(42)ms throughput=23rps rr=39.13% cr=0.00% errors=0 total=19664
[1371474859.104626] latency=4:5:16:141:233:(71)ms throughput=40rps rr=52.50% cr=0.00% errors=0 total=19704
[1371474860.108630] latency=4:5:22:119:284:(69)ms throughput=40rps rr=52.50% cr=0.00% errors=0 total=19744
[1371474861.112627] latency=4:6:76:211:258:(98)ms throughput=32rps rr=62.50% cr=0.00% errors=0 total=19776
[1371474862.116640] latency=4:6:62:166:245:(90)ms throughput=30rps rr=63.33% cr=0.00% errors=0 total=19806
[1371474863.120628] latency=4:5:7:110:258:(63)ms throughput=42rps rr=42.86% cr=0.00% errors=0 total=19848
[1371474864.124653] latency=4:30:114:201:339:(122)ms throughput=30rps rr=80.00% cr=0.00% errors=0 total=19878
[1371474865.128635] latency=4:5:6:111:286:(63)ms throughput=33rps rr=39.39% cr=0.00% errors=0 total=19911
[1371474866.132638] latency=4:5:7:102:224:(53)ms throughput=33rps rr=45.45% cr=0.00% errors=0 total=19944
[1371474867.136626] latency=4:5:8:104:219:(50)ms throughput=45rps rr=44.44% cr=0.00% errors=0 total=19989
[1371474868.140627] latency=4:5:6:83:203:(40)ms throughput=29rps rr=31.03% cr=0.00% errors=0 total=20018
[1371474869.144635] latency=4:5:95:175:267:(92)ms throughput=29rps rr=62.07% cr=0.00% errors=0 total=20047
[1371474870.148626] latency=4:5:8:82:193:(51)ms throughput=27rps rr=44.44% cr=0.00% errors=0 total=20074
[1371474871.152633] latency=4:5:56:186:245:(89)ms throughput=33rps rr=54.55% cr=0.00% errors=0 total=20107
[1371474872.156626] latency=5:5:8:176:262:(81)ms throughput=30rps rr=46.67% cr=0.00% errors=0 total=20137
[1371474873.160638] latency=4:7:44:105:238:(74)ms throughput=23rps rr=56.52% cr=0.00% errors=0 total=20160
[1371474874.164626] latency=4:5:17:135:222:(71)ms throughput=36rps rr=52.78% cr=0.00% errors=0 total=20196
[1371474875.168624] latency=3:5:96:189:359:(112)ms throughput=38rps rr=68.42% cr=0.00% errors=0 total=20234
[1371474876.172639] latency=4:5:6:106:257:(58)ms throughput=26rps rr=38.46% cr=0.00% errors=0 total=20260
[1371474877.176640] latency=4:6:41:165:506:(109)ms throughput=37rps rr=56.76% cr=0.00% errors=0 total=20297
[1371474878.180636] latency=4:5:14:142:264:(63)ms throughput=22rps rr=45.45% cr=0.00% errors=0 total=20319
[1371474879.184633] latency=4:5:121:383:649:(209)ms throughput=35rps rr=68.57% cr=0.00% errors=0 total=20354
[1371474880.188626] latency=3:5:33:192:541:(114)ms throughput=37rps rr=51.35% cr=0.00% errors=0 total=20391
