Currently running VMs
2013-07-25 08:17:28.459+0000: 18087: info : libvirt version: 0.9.8
2013-07-25 08:17:28.459+0000: 18087: warning : xenHypervisorMakeCapabilities:2751 : Failed to get host power management capabilities
- Domain-0 weight=256 cap=0 vcpus=32
- rubbos-hvm weight=256 cap=287 vcpus=3 mac=aa:00:00:00:00:11
- rubis-hvm weight=256 cap=800 vcpus=8 mac=aa:00:00:00:00:10
New scheduling parameters:  weight=256 cap=800 vcpus=8
Currently running VMs
2013-07-25 08:17:39.418+0000: 18138: info : libvirt version: 0.9.8
2013-07-25 08:17:39.418+0000: 18138: warning : xenHypervisorMakeCapabilities:2751 : Failed to get host power management capabilities
- Domain-0 weight=256 cap=0 vcpus=32
- rubbos-hvm weight=256 cap=287 vcpus=3 mac=aa:00:00:00:00:11
- rubis-hvm weight=256 cap=800 vcpus=8 mac=aa:00:00:00:00:10
New scheduling parameters:  weight=256 cap=250 vcpus=3
Currently running VMs
2013-07-25 08:17:50.348+0000: 18286: info : libvirt version: 0.9.8
2013-07-25 08:17:50.348+0000: 18286: warning : xenHypervisorMakeCapabilities:2751 : Failed to get host power management capabilities
- Domain-0 weight=256 cap=0 vcpus=32
- rubbos-hvm weight=256 cap=287 vcpus=3 mac=aa:00:00:00:00:11
- rubis-hvm weight=256 cap=250 vcpus=3 mac=aa:00:00:00:00:10
New scheduling parameters:  weight=256 cap=75 vcpus=1
Currently running VMs
2013-07-25 08:18:01.256+0000: 18334: info : libvirt version: 0.9.8
2013-07-25 08:18:01.256+0000: 18334: warning : xenHypervisorMakeCapabilities:2751 : Failed to get host power management capabilities
- Domain-0 weight=256 cap=0 vcpus=32
- rubbos-hvm weight=256 cap=287 vcpus=3 mac=aa:00:00:00:00:11
- rubis-hvm weight=256 cap=75 vcpus=1 mac=aa:00:00:00:00:10
New scheduling parameters:  weight=256 cap=125 vcpus=2
Currently running VMs
2013-07-25 08:18:12.199+0000: 18382: info : libvirt version: 0.9.8
2013-07-25 08:18:12.199+0000: 18382: warning : xenHypervisorMakeCapabilities:2751 : Failed to get host power management capabilities
- Domain-0 weight=256 cap=0 vcpus=32
- rubbos-hvm weight=256 cap=287 vcpus=3 mac=aa:00:00:00:00:11
- rubis-hvm weight=256 cap=125 vcpus=2 mac=aa:00:00:00:00:10
New scheduling parameters:  weight=256 cap=85 vcpus=1
Currently running VMs
2013-07-25 08:18:23.140+0000: 18430: info : libvirt version: 0.9.8
2013-07-25 08:18:23.140+0000: 18430: warning : xenHypervisorMakeCapabilities:2751 : Failed to get host power management capabilities
- Domain-0 weight=256 cap=0 vcpus=32
- rubbos-hvm weight=256 cap=287 vcpus=3 mac=aa:00:00:00:00:11
- rubis-hvm weight=256 cap=85 vcpus=1 mac=aa:00:00:00:00:10
New scheduling parameters:  weight=256 cap=650 vcpus=7
Currently running VMs
2013-07-25 08:18:34.120+0000: 18478: info : libvirt version: 0.9.8
2013-07-25 08:18:34.120+0000: 18478: warning : xenHypervisorMakeCapabilities:2751 : Failed to get host power management capabilities
- Domain-0 weight=256 cap=0 vcpus=32
- rubbos-hvm weight=256 cap=287 vcpus=3 mac=aa:00:00:00:00:11
- rubis-hvm weight=256 cap=650 vcpus=7 mac=aa:00:00:00:00:10
New scheduling parameters:  weight=256 cap=575 vcpus=6
Currently running VMs
2013-07-25 08:18:45.023+0000: 18526: info : libvirt version: 0.9.8
2013-07-25 08:18:45.023+0000: 18526: warning : xenHypervisorMakeCapabilities:2751 : Failed to get host power management capabilities
- Domain-0 weight=256 cap=0 vcpus=32
- rubbos-hvm weight=256 cap=287 vcpus=3 mac=aa:00:00:00:00:11
- rubis-hvm weight=256 cap=575 vcpus=6 mac=aa:00:00:00:00:10
New scheduling parameters:  weight=256 cap=275 vcpus=3
Currently running VMs
2013-07-25 08:18:55.977+0000: 18574: info : libvirt version: 0.9.8
2013-07-25 08:18:55.977+0000: 18574: warning : xenHypervisorMakeCapabilities:2751 : Failed to get host power management capabilities
- Domain-0 weight=256 cap=0 vcpus=32
- rubbos-hvm weight=256 cap=287 vcpus=3 mac=aa:00:00:00:00:11
- rubis-hvm weight=256 cap=275 vcpus=3 mac=aa:00:00:00:00:10
New scheduling parameters:  weight=256 cap=750 vcpus=8
Currently running VMs
2013-07-25 08:19:06.957+0000: 18622: info : libvirt version: 0.9.8
2013-07-25 08:19:06.957+0000: 18622: warning : xenHypervisorMakeCapabilities:2751 : Failed to get host power management capabilities
- Domain-0 weight=256 cap=0 vcpus=32
- rubbos-hvm weight=256 cap=287 vcpus=3 mac=aa:00:00:00:00:11
- rubis-hvm weight=256 cap=750 vcpus=8 mac=aa:00:00:00:00:10
New scheduling parameters:  weight=256 cap=75 vcpus=1
Currently running VMs
2013-07-25 08:19:17.866+0000: 18670: info : libvirt version: 0.9.8
2013-07-25 08:19:17.866+0000: 18670: warning : xenHypervisorMakeCapabilities:2751 : Failed to get host power management capabilities
- Domain-0 weight=256 cap=0 vcpus=32
- rubbos-hvm weight=256 cap=287 vcpus=3 mac=aa:00:00:00:00:11
- rubis-hvm weight=256 cap=75 vcpus=1 mac=aa:00:00:00:00:10
New scheduling parameters:  weight=256 cap=375 vcpus=4
Currently running VMs
2013-07-25 08:19:28.795+0000: 18718: info : libvirt version: 0.9.8
2013-07-25 08:19:28.795+0000: 18718: warning : xenHypervisorMakeCapabilities:2751 : Failed to get host power management capabilities
- Domain-0 weight=256 cap=0 vcpus=32
- rubbos-hvm weight=256 cap=287 vcpus=3 mac=aa:00:00:00:00:11
- rubis-hvm weight=256 cap=375 vcpus=4 mac=aa:00:00:00:00:10
New scheduling parameters:  weight=256 cap=800 vcpus=8
