[1371493569.560711] latency=nan:nan:nan:nan:nan:(-nan)ms throughput=0rps rr=-nan% cr=-nan% errors=0 total=0
[1371493570.564702] latency=nan:nan:nan:nan:nan:(-nan)ms throughput=0rps rr=-nan% cr=-nan% errors=0 total=0
[1371493571.568653] latency=nan:nan:nan:nan:nan:(-nan)ms throughput=0rps rr=-nan% cr=-nan% errors=0 total=0
[1371493572.572692] latency=nan:nan:nan:nan:nan:(-nan)ms throughput=0rps rr=-nan% cr=-nan% errors=0 total=0
[1371493573.576679] latency=nan:nan:nan:nan:nan:(-nan)ms throughput=0rps rr=-nan% cr=-nan% errors=0 total=0
[1371493574.580623] latency=nan:nan:nan:nan:nan:(-nan)ms throughput=0rps rr=-nan% cr=-nan% errors=0 total=0
[1371493575.584638] latency=nan:nan:nan:nan:nan:(-nan)ms throughput=0rps rr=-nan% cr=-nan% errors=0 total=0
[1371493576.588668] latency=nan:nan:nan:nan:nan:(-nan)ms throughput=0rps rr=-nan% cr=-nan% errors=0 total=0
[1371493577.592673] latency=nan:nan:nan:nan:nan:(-nan)ms throughput=0rps rr=-nan% cr=-nan% errors=0 total=0
[1371493578.596646] latency=nan:nan:nan:nan:nan:(-nan)ms throughput=0rps rr=-nan% cr=-nan% errors=0 total=0
[1371493579.604690] latency=nan:nan:nan:nan:nan:(-nan)ms throughput=0rps rr=-nan% cr=-nan% errors=0 total=0
[1371493579.604979] set thinktime=3.000000
[1371493579.605044] set concurrency=100
[1371493580.648657] latency=5:6:10:78:266:(66)ms throughput=32rps rr=45.45% cr=0.00% errors=0 total=33
[1371493581.652738] latency=4:6:6:42:259:(41)ms throughput=30rps rr=26.67% cr=0.00% errors=0 total=63
[1371493582.656665] latency=4:6:26:162:252:(80)ms throughput=31rps rr=51.61% cr=0.00% errors=0 total=94
[1371493583.660725] latency=4:5:8:119:254:(60)ms throughput=39rps rr=38.46% cr=0.00% errors=0 total=133
[1371493584.664670] latency=3:5:34:147:303:(76)ms throughput=34rps rr=61.76% cr=0.00% errors=0 total=167
[1371493585.668724] latency=3:5:61:157:252:(84)ms throughput=32rps rr=53.12% cr=0.00% errors=0 total=199
[1371493586.672697] latency=4:5:6:83:185:(45)ms throughput=35rps rr=40.00% cr=0.00% errors=0 total=234
[1371493587.676654] latency=5:5:29:150:259:(76)ms throughput=31rps rr=51.61% cr=0.00% errors=0 total=265
[1371493588.680684] latency=5:6:127:216:334:(127)ms throughput=35rps rr=60.00% cr=0.00% errors=0 total=300
[1371493589.684703] latency=3:5:7:133:255:(67)ms throughput=35rps rr=45.71% cr=0.00% errors=0 total=335
[1371493590.688674] latency=4:5:6:71:207:(36)ms throughput=33rps rr=36.36% cr=0.00% errors=0 total=368
[1371493591.692664] latency=4:5:20:191:258:(87)ms throughput=31rps rr=54.84% cr=0.00% errors=0 total=399
[1371493592.696724] latency=4:5:123:230:390:(124)ms throughput=39rps rr=61.54% cr=0.00% errors=0 total=438
[1371493593.700704] latency=4:5:7:49:234:(47)ms throughput=31rps rr=35.48% cr=0.00% errors=0 total=469
[1371493594.704758] latency=4:5:39:121:260:(69)ms throughput=32rps rr=65.62% cr=0.00% errors=0 total=501
[1371493595.708648] latency=4:6:53:125:248:(79)ms throughput=25rps rr=68.00% cr=0.00% errors=0 total=526
[1371493596.712726] latency=4:5:55:122:270:(77)ms throughput=38rps rr=57.89% cr=0.00% errors=0 total=564
[1371493597.716669] latency=4:5:7:73:233:(50)ms throughput=30rps rr=43.33% cr=0.00% errors=0 total=594
[1371493598.720690] latency=4:5:25:189:357:(96)ms throughput=43rps rr=46.51% cr=0.00% errors=0 total=637
[1371493599.724736] latency=4:5:6:61:246:(46)ms throughput=36rps rr=36.11% cr=0.00% errors=0 total=673
[1371493600.728683] latency=4:6:52:185:294:(97)ms throughput=30rps rr=56.67% cr=0.00% errors=0 total=703
[1371493601.732667] latency=4:5:7:130:250:(60)ms throughput=28rps rr=53.57% cr=0.00% errors=0 total=731
[1371493602.768744] latency=4:5:6:48:222:(43)ms throughput=31rps rr=43.75% cr=0.00% errors=0 total=763
[1371493603.772690] latency=5:5:6:65:214:(51)ms throughput=25rps rr=36.00% cr=0.00% errors=0 total=788
[1371493604.776716] latency=4:5:143:216:337:(128)ms throughput=32rps rr=62.50% cr=0.00% errors=0 total=820
[1371493605.780672] latency=4:5:8:195:288:(91)ms throughput=29rps rr=51.72% cr=0.00% errors=0 total=849
[1371493606.784668] latency=4:5:21:90:219:(64)ms throughput=22rps rr=50.00% cr=0.00% errors=0 total=871
[1371493607.788684] latency=4:5:48:150:333:(85)ms throughput=36rps rr=58.33% cr=0.00% errors=0 total=907
[1371493608.792705] latency=4:5:22:137:219:(75)ms throughput=26rps rr=50.00% cr=0.00% errors=0 total=933
[1371493609.796697] latency=4:5:6:104:227:(62)ms throughput=33rps rr=42.42% cr=0.00% errors=0 total=966
[1371493610.800677] latency=3:5:23:134:301:(69)ms throughput=47rps rr=51.06% cr=0.00% errors=0 total=1013
[1371493611.804669] latency=4:6:52:131:208:(75)ms throughput=35rps rr=62.86% cr=0.00% errors=0 total=1048
[1371493612.808691] latency=4:5:6:182:234:(71)ms throughput=29rps rr=41.38% cr=0.00% errors=0 total=1077
[1371493613.812711] latency=4:5:8:132:301:(83)ms throughput=30rps rr=46.67% cr=0.00% errors=0 total=1107
[1371493614.816689] latency=3:5:43:147:266:(75)ms throughput=45rps rr=53.33% cr=0.00% errors=0 total=1152
[1371493615.820677] latency=3:5:20:141:288:(73)ms throughput=32rps rr=53.12% cr=0.00% errors=0 total=1184
[1371493616.824667] latency=5:5:8:154:225:(69)ms throughput=29rps rr=44.83% cr=0.00% errors=0 total=1213
[1371493617.828724] latency=3:5:6:118:237:(61)ms throughput=34rps rr=47.06% cr=0.00% errors=0 total=1247
[1371493618.832688] latency=3:5:49:192:413:(103)ms throughput=35rps rr=60.00% cr=0.00% errors=0 total=1282
[1371493619.836713] latency=5:5:8:94:235:(53)ms throughput=24rps rr=45.83% cr=0.00% errors=0 total=1306
[1371493620.840668] latency=4:5:6:105:237:(54)ms throughput=34rps rr=44.12% cr=0.00% errors=0 total=1340
[1371493621.844670] latency=4:5:39:104:226:(64)ms throughput=29rps rr=58.62% cr=0.00% errors=0 total=1369
[1371493622.848688] latency=3:6:51:141:282:(86)ms throughput=31rps rr=64.52% cr=0.00% errors=0 total=1400
[1371493623.852708] latency=4:6:64:147:224:(81)ms throughput=31rps rr=64.52% cr=0.00% errors=0 total=1431
[1371493624.856679] latency=3:5:8:95:233:(55)ms throughput=40rps rr=50.00% cr=0.00% errors=0 total=1471
[1371493625.860668] latency=5:6:14:91:205:(47)ms throughput=28rps rr=53.57% cr=0.00% errors=0 total=1499
[1371493626.864688] latency=5:5:8:107:241:(65)ms throughput=30rps rr=50.00% cr=0.00% errors=0 total=1529
[1371493627.868712] latency=4:5:8:119:217:(57)ms throughput=28rps rr=50.00% cr=0.00% errors=0 total=1557
[1371493628.872691] latency=4:5:7:163:219:(70)ms throughput=31rps rr=41.94% cr=0.00% errors=0 total=1588
[1371493629.876709] latency=4:5:25:121:286:(72)ms throughput=42rps rr=54.76% cr=0.00% errors=0 total=1630
[1371493630.880656] latency=5:5:7:91:188:(46)ms throughput=31rps rr=35.48% cr=0.00% errors=0 total=1661
[1371493631.884675] latency=4:5:7:91:233:(53)ms throughput=35rps rr=42.86% cr=0.00% errors=0 total=1696
[1371493632.888657] latency=5:5:7:95:199:(50)ms throughput=28rps rr=46.43% cr=0.00% errors=0 total=1724
[1371493633.892707] latency=3:5:30:146:243:(71)ms throughput=34rps rr=50.00% cr=0.00% errors=0 total=1758
[1371493634.896688] latency=5:5:6:144:214:(62)ms throughput=33rps rr=45.45% cr=0.00% errors=0 total=1791
[1371493635.900670] latency=4:5:9:163:227:(75)ms throughput=27rps rr=51.85% cr=0.00% errors=0 total=1818
[1371493636.904670] latency=4:5:7:93:284:(58)ms throughput=34rps rr=41.18% cr=0.00% errors=0 total=1852
[1371493637.908710] latency=4:5:51:186:333:(95)ms throughput=43rps rr=60.47% cr=0.00% errors=0 total=1895
[1371493638.912685] latency=4:5:11:120:232:(64)ms throughput=37rps rr=54.05% cr=0.00% errors=0 total=1932
[1371493639.916700] latency=5:6:9:128:174:(62)ms throughput=28rps rr=46.43% cr=0.00% errors=0 total=1960
[1371493640.920674] latency=4:5:6:80:245:(51)ms throughput=35rps rr=40.00% cr=0.00% errors=0 total=1995
[1371493641.924707] latency=4:6:76:197:265:(94)ms throughput=30rps rr=66.67% cr=0.00% errors=0 total=2025
[1371493642.928679] latency=3:5:7:88:259:(63)ms throughput=33rps rr=42.42% cr=0.00% errors=0 total=2058
[1371493643.932689] latency=3:5:8:98:218:(56)ms throughput=36rps rr=50.00% cr=0.00% errors=0 total=2094
[1371493644.936698] latency=4:5:9:86:283:(59)ms throughput=25rps rr=56.00% cr=0.00% errors=0 total=2119
[1371493645.940710] latency=5:5:6:9:201:(34)ms throughput=26rps rr=23.08% cr=0.00% errors=0 total=2145
[1371493646.944687] latency=4:5:8:82:229:(55)ms throughput=33rps rr=45.45% cr=0.00% errors=0 total=2178
[1371493647.948693] latency=3:5:7:95:354:(56)ms throughput=36rps rr=33.33% cr=0.00% errors=0 total=2214
[1371493648.952725] latency=4:5:30:202:426:(122)ms throughput=36rps rr=55.56% cr=0.00% errors=0 total=2250
[1371493649.956614] latency=3:5:6:84:241:(53)ms throughput=38rps rr=47.37% cr=0.00% errors=0 total=2288
[1371493650.960649] latency=4:5:6:108:240:(60)ms throughput=27rps rr=40.74% cr=0.00% errors=0 total=2315
[1371493651.964627] latency=4:7:95:257:453:(130)ms throughput=36rps rr=61.11% cr=0.00% errors=0 total=2351
[1371493652.968622] latency=4:5:7:158:404:(80)ms throughput=27rps rr=48.15% cr=0.00% errors=0 total=2378
[1371493653.972607] latency=4:5:26:122:223:(68)ms throughput=30rps rr=53.33% cr=0.00% errors=0 total=2408
[1371493654.976624] latency=4:5:6:67:220:(47)ms throughput=27rps rr=40.74% cr=0.00% errors=0 total=2435
[1371493655.980616] latency=4:5:25:138:280:(80)ms throughput=31rps rr=48.39% cr=0.00% errors=0 total=2466
[1371493656.984607] latency=4:5:73:128:273:(77)ms throughput=31rps rr=61.29% cr=0.00% errors=0 total=2497
[1371493657.988652] latency=5:5:6:50:203:(35)ms throughput=32rps rr=40.62% cr=0.00% errors=0 total=2529
[1371493658.992620] latency=4:5:7:166:273:(76)ms throughput=29rps rr=48.28% cr=0.00% errors=0 total=2558
[1371493659.996605] latency=4:5:76:186:319:(105)ms throughput=27rps rr=62.96% cr=0.00% errors=0 total=2585
[1371493661.000604] latency=3:5:16:103:225:(59)ms throughput=44rps rr=50.00% cr=0.00% errors=0 total=2629
[1371493662.004615] latency=5:5:6:56:219:(39)ms throughput=29rps rr=37.93% cr=0.00% errors=0 total=2658
[1371493663.008625] latency=4:5:9:134:381:(77)ms throughput=38rps rr=50.00% cr=0.00% errors=0 total=2696
[1371493664.012623] latency=5:6:9:85:227:(63)ms throughput=27rps rr=51.85% cr=0.00% errors=0 total=2723
[1371493665.016621] latency=5:6:14:191:336:(91)ms throughput=34rps rr=50.00% cr=0.00% errors=0 total=2757
[1371493666.020620] latency=4:5:6:118:321:(64)ms throughput=36rps rr=41.67% cr=0.00% errors=0 total=2793
[1371493667.024650] latency=5:5:14:84:219:(62)ms throughput=26rps rr=42.31% cr=0.00% errors=0 total=2819
[1371493668.028608] latency=4:5:27:210:316:(97)ms throughput=32rps rr=56.25% cr=0.00% errors=0 total=2851
[1371493669.032603] latency=4:5:8:130:235:(63)ms throughput=31rps rr=51.61% cr=0.00% errors=0 total=2882
[1371493670.036607] latency=3:5:9:175:324:(88)ms throughput=37rps rr=48.65% cr=0.00% errors=0 total=2919
[1371493671.040624] latency=4:6:9:136:265:(69)ms throughput=32rps rr=50.00% cr=0.00% errors=0 total=2951
[1371493672.044618] latency=3:6:78:321:643:(177)ms throughput=41rps rr=60.98% cr=0.00% errors=0 total=2992
[1371493673.048621] latency=4:6:35:148:277:(87)ms throughput=37rps rr=59.46% cr=0.00% errors=0 total=3029
[1371493674.052625] latency=4:5:11:89:274:(62)ms throughput=29rps rr=48.28% cr=0.00% errors=0 total=3058
[1371493675.056626] latency=4:5:28:178:367:(102)ms throughput=30rps rr=53.33% cr=0.00% errors=0 total=3088
[1371493676.060621] latency=5:5:6:7:196:(23)ms throughput=30rps rr=13.33% cr=0.00% errors=0 total=3118
[1371493677.064615] latency=4:5:8:100:241:(54)ms throughput=34rps rr=44.12% cr=0.00% errors=0 total=3152
[1371493678.068614] latency=4:6:51:156:249:(79)ms throughput=25rps rr=68.00% cr=0.00% errors=0 total=3177
[1371493679.072616] latency=4:5:9:89:230:(56)ms throughput=35rps rr=48.57% cr=0.00% errors=0 total=3212
[1371493680.076615] latency=4:5:8:89:205:(50)ms throughput=41rps rr=51.22% cr=0.00% errors=0 total=3253
[1371493680.076779] set concurrency=400
[1371493681.184671] latency=3:5:10:55:707:(63)ms throughput=82rps rr=21.98% cr=0.00% errors=0 total=3344
[1371493682.188662] latency=3:6:35:133:1726:(177)ms throughput=76rps rr=15.79% cr=0.00% errors=0 total=3420
[1371493683.192663] latency=4:16:109:219:2108:(263)ms throughput=61rps rr=16.39% cr=0.00% errors=0 total=3481
[1371493684.196663] latency=3:9:96:259:3729:(386)ms throughput=54rps rr=16.67% cr=0.00% errors=0 total=3535
[1371493685.200656] latency=3:13:194:435:4618:(560)ms throughput=43rps rr=25.58% cr=0.00% errors=0 total=3578
[1371493686.204683] latency=4:49:237:1192:5638:(926)ms throughput=45rps rr=33.33% cr=0.00% errors=0 total=3623
[1371493687.208656] latency=4:29:243:643:5872:(1052)ms throughput=54rps rr=27.78% cr=0.00% errors=0 total=3677
[1371493688.212651] latency=4:163:461:2318:7102:(1654)ms throughput=36rps rr=36.11% cr=0.00% errors=0 total=3713
[1371493689.216677] latency=4:193:588:4839:7858:(2252)ms throughput=38rps rr=47.37% cr=0.00% errors=0 total=3751
[1371493690.220657] latency=5:205:736:5838:9707:(2835)ms throughput=36rps rr=41.67% cr=0.00% errors=0 total=3787
[1371493691.224680] latency=4:188:942:10001:10002:(4168)ms throughput=50rps rr=26.00% cr=0.00% errors=13 total=3837
[1371493692.228661] latency=4:333:10001:10002:10002:(6533)ms throughput=63rps rr=14.29% cr=0.00% errors=34 total=3900
[1371493693.232673] latency=4:159:3231:10002:10002:(4928)ms throughput=53rps rr=13.21% cr=0.00% errors=23 total=3953
[1371493694.236648] latency=4:294:3543:10001:10002:(4816)ms throughput=62rps rr=19.35% cr=0.00% errors=24 total=4015
[1371493695.240643] latency=4:291:1070:10001:10002:(4562)ms throughput=56rps rr=12.50% cr=0.00% errors=20 total=4071
[1371493696.244652] latency=5:273:790:10001:10002:(4542)ms throughput=52rps rr=13.46% cr=0.00% errors=18 total=4123
[1371493697.248676] latency=4:353:3211:10001:10002:(4820)ms throughput=57rps rr=19.30% cr=0.00% errors=20 total=4180
[1371493698.252652] latency=4:189:2350:10001:10002:(4773)ms throughput=69rps rr=10.14% cr=0.00% errors=30 total=4249
[1371493699.256656] latency=4:105:549:10001:10002:(3722)ms throughput=52rps rr=17.31% cr=0.00% errors=17 total=4301
[1371493700.260651] latency=4:231:3770:10002:10002:(5026)ms throughput=41rps rr=12.20% cr=0.00% errors=18 total=4342
[1371493701.264651] latency=5:280:673:10001:10002:(3891)ms throughput=59rps rr=16.95% cr=0.00% errors=18 total=4401
[1371493702.268652] latency=5:285:842:10001:10002:(3558)ms throughput=50rps rr=10.00% cr=0.00% errors=14 total=4451
[1371493703.272671] latency=4:217:451:10001:10002:(4349)ms throughput=54rps rr=11.11% cr=0.00% errors=21 total=4505
[1371493704.276654] latency=5:295:2827:10002:10002:(5053)ms throughput=38rps rr=5.26% cr=0.00% errors=18 total=4543
[1371493705.280671] latency=4:283:870:10001:10002:(4285)ms throughput=55rps rr=9.09% cr=0.00% errors=21 total=4598
[1371493706.284652] latency=4:626:10000:10002:10002:(5673)ms throughput=57rps rr=14.04% cr=0.00% errors=29 total=4655
[1371493707.288679] latency=6:338:8184:10002:10002:(5316)ms throughput=46rps rr=6.52% cr=0.00% errors=22 total=4701
[1371493708.292656] latency=4:262:679:10001:10002:(4792)ms throughput=46rps rr=8.70% cr=0.00% errors=19 total=4747
[1371493709.296650] latency=4:295:4098:10001:10002:(4854)ms throughput=44rps rr=20.45% cr=0.00% errors=16 total=4791
[1371493710.300657] latency=4:464:10001:10002:10002:(5948)ms throughput=58rps rr=6.90% cr=0.00% errors=32 total=4849
[1371493711.304669] latency=4:308:742:10001:10002:(4581)ms throughput=48rps rr=4.17% cr=0.00% errors=20 total=4897
[1371493712.308664] latency=6:299:879:10001:10002:(4502)ms throughput=58rps rr=12.07% cr=0.00% errors=23 total=4955
[1371493713.312661] latency=4:424:977:10002:10002:(4901)ms throughput=52rps rr=1.92% cr=0.00% errors=24 total=5007
[1371493714.316651] latency=4:485:1215:10001:10002:(4669)ms throughput=52rps rr=5.77% cr=0.00% errors=21 total=5059
[1371493715.320667] latency=4:284:4886:10002:10002:(5164)ms throughput=53rps rr=7.55% cr=0.00% errors=25 total=5112
[1371493716.324651] latency=4:242:935:10001:10002:(3848)ms throughput=44rps rr=6.82% cr=0.00% errors=14 total=5156
[1371493717.328680] latency=4:409:868:10001:10002:(4305)ms throughput=65rps rr=6.15% cr=0.00% errors=25 total=5221
[1371493718.332649] latency=6:395:9440:10001:10002:(5381)ms throughput=49rps rr=6.12% cr=0.00% errors=24 total=5270
[1371493719.336700] latency=4:335:900:10001:10002:(4316)ms throughput=62rps rr=6.45% cr=0.00% errors=24 total=5332
[1371493720.340626] latency=4:417:727:10001:10002:(3405)ms throughput=53rps rr=7.55% cr=0.00% errors=14 total=5385
[1371493721.344595] latency=4:323:1057:10002:10002:(4667)ms throughput=56rps rr=8.93% cr=0.00% errors=23 total=5441
[1371493722.348649] latency=4:420:863:10001:10002:(4282)ms throughput=46rps rr=6.52% cr=0.00% errors=18 total=5487
[1371493723.352614] latency=25:761:1317:10001:10002:(4815)ms throughput=48rps rr=0.00% cr=0.00% errors=21 total=5535
[1371493724.356625] latency=5:366:10000:10002:10002:(5604)ms throughput=36rps rr=11.11% cr=0.00% errors=19 total=5571
[1371493725.360613] latency=4:336:10000:10002:10002:(5601)ms throughput=61rps rr=1.64% cr=0.00% errors=33 total=5632
[1371493726.364610] latency=7:594:6291:10001:10002:(5301)ms throughput=43rps rr=2.33% cr=0.00% errors=21 total=5675
[1371493727.368662] latency=7:589:1565:10001:10002:(4536)ms throughput=53rps rr=5.66% cr=0.00% errors=20 total=5728
[1371493728.372625] latency=4:339:1103:10001:10002:(4712)ms throughput=60rps rr=6.67% cr=0.00% errors=26 total=5788
[1371493729.376611] latency=5:372:2232:10001:10002:(5178)ms throughput=53rps rr=1.89% cr=0.00% errors=26 total=5841
[1371493730.380626] latency=4:698:10001:10002:10002:(6039)ms throughput=38rps rr=0.00% cr=0.00% errors=22 total=5879
[1371493731.384653] latency=4:256:732:10001:10002:(4046)ms throughput=38rps rr=7.89% cr=0.00% errors=14 total=5917
[1371493732.388610] latency=18:664:10001:10002:10002:(5861)ms throughput=57rps rr=7.02% cr=0.00% errors=31 total=5974
[1371493733.392611] latency=4:467:1693:10001:10002:(5116)ms throughput=43rps rr=2.33% cr=0.00% errors=20 total=6017
[1371493734.396609] latency=4:737:9169:10002:10002:(5500)ms throughput=66rps rr=3.03% cr=0.00% errors=33 total=6083
[1371493735.400643] latency=4:836:2672:10001:10002:(5197)ms throughput=48rps rr=10.42% cr=0.00% errors=22 total=6131
[1371493736.404603] latency=5:500:963:10001:10002:(4435)ms throughput=39rps rr=0.00% cr=0.00% errors=16 total=6170
[1371493737.408658] latency=4:682:10000:10001:10002:(6228)ms throughput=42rps rr=2.38% cr=0.00% errors=25 total=6212
[1371493738.412603] latency=5:960:9246:10001:10002:(5492)ms throughput=57rps rr=7.02% cr=0.00% errors=27 total=6269
[1371493739.416620] latency=4:564:1227:10001:10002:(4778)ms throughput=54rps rr=0.00% cr=0.00% errors=24 total=6323
[1371493740.420608] latency=295:1092:10001:10002:10002:(6920)ms throughput=33rps rr=0.00% cr=0.00% errors=22 total=6356
[1371493741.424614] latency=28:764:2245:10001:10002:(5357)ms throughput=35rps rr=5.71% cr=0.00% errors=16 total=6391
[1371493742.428608] latency=155:1681:10001:10002:10002:(6324)ms throughput=40rps rr=7.50% cr=0.00% errors=23 total=6431
[1371493743.432603] latency=4:1502:10001:10001:10002:(6398)ms throughput=36rps rr=5.56% cr=0.00% errors=21 total=6467
[1371493744.456750] latency=4:3328:7588:10001:10002:(6399)ms throughput=30rps rr=19.35% cr=0.00% errors=15 total=6498
[1371493745.460661] latency=13:4306:10001:10002:10002:(7802)ms throughput=50rps rr=6.00% cr=0.00% errors=34 total=6548
[1371493746.464693] latency=4:5303:10001:10002:10002:(7823)ms throughput=29rps rr=6.90% cr=0.00% errors=21 total=6577
[1371493747.468697] latency=210:5999:10001:10002:10002:(8550)ms throughput=27rps rr=7.41% cr=0.00% errors=18 total=6604
[1371493748.472684] latency=4:6171:10000:10002:10003:(7334)ms throughput=34rps rr=11.76% cr=0.00% errors=18 total=6638
[1371493749.476700] latency=4:6785:10001:10001:10002:(7939)ms throughput=42rps rr=2.38% cr=0.00% errors=26 total=6680
[1371493750.480675] latency=4:7394:10001:10002:10002:(8252)ms throughput=41rps rr=0.00% cr=0.00% errors=29 total=6721
[1371493751.484682] latency=242:7707:10001:10001:10002:(8027)ms throughput=36rps rr=5.56% cr=0.00% errors=23 total=6757
[1371493752.488683] latency=9:8156:9472:10001:10002:(7412)ms throughput=30rps rr=3.33% cr=0.00% errors=15 total=6787
[1371493753.492689] latency=4:8676:10000:10001:10002:(8024)ms throughput=34rps rr=0.00% cr=0.00% errors=18 total=6821
[1371493754.496680] latency=13:1749:9479:10001:10002:(6770)ms throughput=30rps rr=3.33% cr=0.00% errors=14 total=6851
[1371493755.500699] latency=236:9388:10001:10001:10002:(8254)ms throughput=23rps rr=4.35% cr=0.00% errors=15 total=6874
[1371493756.504696] latency=311:9662:10001:10001:10002:(8267)ms throughput=41rps rr=2.44% cr=0.00% errors=26 total=6915
[1371493757.508700] latency=808:10000:10002:10002:10012:(9504)ms throughput=44rps rr=2.27% cr=0.00% errors=34 total=6959
[1371493758.512689] latency=290:9699:10001:10002:10011:(8754)ms throughput=41rps rr=2.44% cr=0.00% errors=31 total=7000
[1371493759.516711] latency=15:10000:10001:10002:10011:(9009)ms throughput=25rps rr=4.00% cr=0.00% errors=20 total=7025
[1371493760.520709] latency=489:9923:10002:10005:10011:(8962)ms throughput=43rps rr=2.33% cr=0.00% errors=32 total=7068
[1371493761.524674] latency=696:10001:10002:10010:10011:(9574)ms throughput=36rps rr=0.00% cr=0.00% errors=30 total=7104
[1371493762.528675] latency=159:10001:10002:10009:10012:(8893)ms throughput=28rps rr=3.57% cr=0.00% errors=23 total=7132
[1371493763.532709] latency=232:9220:10001:10002:10011:(8394)ms throughput=37rps rr=0.00% cr=0.00% errors=26 total=7169
[1371493764.536684] latency=379:10000:10001:10002:10012:(8976)ms throughput=34rps rr=0.00% cr=0.00% errors=26 total=7203
[1371493765.540693] latency=6:4870:10001:10002:10012:(7632)ms throughput=29rps rr=0.00% cr=0.00% errors=18 total=7232
[1371493766.544656] latency=17:10001:10001:10002:10011:(8913)ms throughput=28rps rr=0.00% cr=0.00% errors=23 total=7260
[1371493767.548708] latency=329:10000:10002:10002:10010:(8858)ms throughput=35rps rr=2.86% cr=0.00% errors=28 total=7295
[1371493768.552658] latency=297:10001:10002:10009:10011:(8900)ms throughput=34rps rr=0.00% cr=0.00% errors=28 total=7329
[1371493769.556704] latency=4:9470:10001:10002:10011:(8632)ms throughput=38rps rr=0.00% cr=0.00% errors=25 total=7367
[1371493770.560666] latency=35:8730:10002:10002:10011:(8433)ms throughput=29rps rr=6.90% cr=0.00% errors=18 total=7396
[1371493771.564694] latency=186:7870:10001:10002:10011:(8437)ms throughput=37rps rr=2.70% cr=0.00% errors=21 total=7433
[1371493772.596663] latency=1027:10001:10002:10005:10011:(9488)ms throughput=42rps rr=0.00% cr=0.00% errors=36 total=7476
[1371493773.600639] latency=981:10001:10002:10010:10011:(8574)ms throughput=35rps rr=0.00% cr=0.00% errors=28 total=7511
[1371493774.604652] latency=7:10001:10002:10005:10011:(8745)ms throughput=44rps rr=2.27% cr=0.00% errors=36 total=7555
[1371493775.608673] latency=252:10001:10002:10010:10011:(8551)ms throughput=35rps rr=0.00% cr=0.00% errors=27 total=7590
[1371493776.612675] latency=310:10000:10001:10002:10011:(9048)ms throughput=22rps rr=0.00% cr=0.00% errors=17 total=7612
[1371493777.616685] latency=479:10001:10009:10010:10011:(9587)ms throughput=31rps rr=0.00% cr=0.00% errors=26 total=7643
[1371493778.620687] latency=49:9241:10001:10010:10012:(8799)ms throughput=29rps rr=0.00% cr=0.00% errors=19 total=7672
[1371493779.624697] latency=215:10000:10002:10010:10011:(8762)ms throughput=31rps rr=0.00% cr=0.00% errors=24 total=7703
[1371493779.624888] set concurrency=200
[1371493780.628691] latency=623:9867:10001:10002:10011:(9213)ms throughput=28rps rr=0.00% cr=0.00% errors=21 total=7731
[1371493781.632713] latency=449:9805:10002:10002:10011:(9039)ms throughput=36rps rr=2.78% cr=0.00% errors=27 total=7767
[1371493782.636678] latency=558:10001:10002:10010:10011:(9398)ms throughput=42rps rr=0.00% cr=0.00% errors=37 total=7809
[1371493783.640680] latency=528:8842:10002:10010:10011:(9062)ms throughput=44rps rr=6.82% cr=0.00% errors=29 total=7853
[1371493784.644699] latency=4:8549:10002:10010:10011:(8466)ms throughput=38rps rr=2.63% cr=0.00% errors=26 total=7891
[1371493785.648698] latency=464:10001:10002:10010:10011:(9490)ms throughput=35rps rr=0.00% cr=0.00% errors=30 total=7926
[1371493786.652677] latency=554:9748:10001:10009:10011:(9015)ms throughput=33rps rr=3.03% cr=0.00% errors=25 total=7959
[1371493787.656695] latency=782:9878:10001:10002:10011:(9175)ms throughput=28rps rr=3.57% cr=0.00% errors=21 total=7987
[1371493788.660710] latency=625:9482:10001:10010:10011:(9195)ms throughput=30rps rr=3.33% cr=0.00% errors=21 total=8017
[1371493789.664674] latency=22:8736:10002:10010:10011:(8573)ms throughput=28rps rr=7.14% cr=0.00% errors=21 total=8045
[1371493790.668693] latency=5:6927:8710:10001:10002:(7694)ms throughput=29rps rr=6.90% cr=0.00% errors=11 total=8074
[1371493791.672677] latency=5:870:7076:10000:10002:(6045)ms throughput=17rps rr=11.76% cr=0.00% errors=6 total=8091
[1371493792.676702] latency=4:5397:6709:9241:10002:(6177)ms throughput=30rps rr=6.67% cr=0.00% errors=7 total=8121
[1371493793.680686] latency=230:6086:9285:10001:10002:(7332)ms throughput=18rps rr=0.00% cr=0.00% errors=9 total=8139
[1371493794.684688] latency=585:3669:7095:10001:10002:(6576)ms throughput=13rps rr=0.00% cr=0.00% errors=4 total=8152
[1371493795.688666] latency=6:7183:10000:10001:10002:(7671)ms throughput=20rps rr=5.00% cr=0.00% errors=12 total=8172
[1371493796.692677] latency=4:809:7291:10001:10002:(5734)ms throughput=28rps rr=3.57% cr=0.00% errors=10 total=8200
[1371493797.696673] latency=57:5532:7328:10001:10002:(6913)ms throughput=25rps rr=4.00% cr=0.00% errors=11 total=8225
[1371493798.700683] latency=5:416:6484:10001:10002:(5931)ms throughput=20rps rr=5.00% cr=0.00% errors=8 total=8245
[1371493799.704671] latency=283:1598:8199:10001:10002:(6516)ms throughput=14rps rr=7.14% cr=0.00% errors=7 total=8259
[1371493800.708697] latency=119:6325:10001:10001:10002:(7351)ms throughput=18rps rr=0.00% cr=0.00% errors=11 total=8277
[1371493801.712675] latency=7:4774:6778:10001:10002:(6460)ms throughput=37rps rr=2.70% cr=0.00% errors=14 total=8314
[1371493802.716666] latency=4:361:6366:10002:10002:(5592)ms throughput=25rps rr=0.00% cr=0.00% errors=12 total=8339
[1371493803.720660] latency=319:5507:6572:10002:10002:(6823)ms throughput=25rps rr=8.00% cr=0.00% errors=12 total=8364
[1371493804.724701] latency=222:2990:6299:10001:10002:(6297)ms throughput=16rps rr=6.25% cr=0.00% errors=7 total=8380
[1371493805.728654] latency=4:4321:10000:10002:10002:(6826)ms throughput=19rps rr=0.00% cr=0.00% errors=10 total=8399
[1371493806.732679] latency=4:626:5118:10001:10002:(5072)ms throughput=26rps rr=11.54% cr=0.00% errors=8 total=8425
[1371493807.736673] latency=394:3340:10001:10001:10002:(6958)ms throughput=21rps rr=0.00% cr=0.00% errors=12 total=8446
[1371493808.740707] latency=276:2795:4884:10001:10002:(5737)ms throughput=24rps rr=0.00% cr=0.00% errors=10 total=8470
[1371493809.744684] latency=12:2707:3465:10001:10002:(5072)ms throughput=30rps rr=0.00% cr=0.00% errors=10 total=8500
[1371493810.748706] latency=70:1951:3304:10001:10002:(5347)ms throughput=30rps rr=3.33% cr=0.00% errors=12 total=8530
[1371493811.752678] latency=4:1075:10000:10001:10002:(6118)ms throughput=21rps rr=4.76% cr=0.00% errors=11 total=8551
[1371493812.756693] latency=220:1322:2363:10001:10002:(4933)ms throughput=22rps rr=4.55% cr=0.00% errors=9 total=8573
[1371493813.760680] latency=213:1138:2118:10001:10002:(4896)ms throughput=22rps rr=0.00% cr=0.00% errors=9 total=8595
[1371493814.764703] latency=22:939:1765:10001:10002:(4167)ms throughput=18rps rr=0.00% cr=0.00% errors=6 total=8613
[1371493815.768677] latency=58:1129:5943:10001:10002:(5622)ms throughput=18rps rr=16.67% cr=0.00% errors=8 total=8631
[1371493816.780706] latency=15:680:1296:10001:10002:(3709)ms throughput=27rps rr=3.70% cr=0.00% errors=8 total=8658
[1371493817.784681] latency=4:499:10001:10002:10002:(6870)ms throughput=26rps rr=11.54% cr=0.00% errors=16 total=8684
[1371493818.788698] latency=4:728:1446:10001:10002:(4399)ms throughput=32rps rr=9.38% cr=0.00% errors=11 total=8716
[1371493819.792679] latency=12:301:991:10002:10002:(4657)ms throughput=19rps rr=5.26% cr=0.00% errors=8 total=8735
[1371493820.796680] latency=5:254:1197:10001:10002:(3804)ms throughput=33rps rr=3.03% cr=0.00% errors=11 total=8768
[1371493821.800683] latency=5:421:928:10001:10002:(3424)ms throughput=24rps rr=8.33% cr=0.00% errors=7 total=8792
[1371493822.804709] latency=429:10001:10001:10002:10002:(8113)ms throughput=25rps rr=8.00% cr=0.00% errors=20 total=8817
[1371493823.808679] latency=239:529:1155:5992:10002:(3191)ms throughput=32rps rr=3.12% cr=0.00% errors=8 total=8849
[1371493824.812673] latency=5:322:931:10001:10002:(4830)ms throughput=26rps rr=0.00% cr=0.00% errors=12 total=8875
[1371493825.816681] latency=9:698:1556:10001:10002:(4143)ms throughput=34rps rr=0.00% cr=0.00% errors=12 total=8909
[1371493826.820700] latency=4:488:5579:10001:10002:(5269)ms throughput=24rps rr=0.00% cr=0.00% errors=12 total=8933
[1371493827.824678] latency=397:758:1195:10002:10002:(4460)ms throughput=24rps rr=4.17% cr=0.00% errors=9 total=8957
[1371493828.828677] latency=5:982:10001:10002:10002:(6794)ms throughput=25rps rr=8.00% cr=0.00% errors=16 total=8982
[1371493829.832678] latency=7:543:1174:10001:10002:(4167)ms throughput=20rps rr=5.00% cr=0.00% errors=7 total=9002
[1371493830.836700] latency=4:323:587:10001:10002:(3006)ms throughput=26rps rr=0.00% cr=0.00% errors=7 total=9028
[1371493831.840681] latency=4:278:864:10001:10002:(4136)ms throughput=21rps rr=0.00% cr=0.00% errors=8 total=9049
[1371493832.844679] latency=7:748:1010:10001:10002:(4188)ms throughput=27rps rr=3.70% cr=0.00% errors=10 total=9076
[1371493833.848664] latency=45:676:3508:10002:10002:(5156)ms throughput=28rps rr=7.14% cr=0.00% errors=12 total=9104
[1371493834.852693] latency=6:529:5442:10001:10002:(5231)ms throughput=16rps rr=0.00% cr=0.00% errors=8 total=9120
[1371493835.856674] latency=5:778:10001:10002:10002:(7191)ms throughput=24rps rr=0.00% cr=0.00% errors=17 total=9144
[1371493836.860674] latency=4:436:2042:10002:10002:(5117)ms throughput=35rps rr=5.71% cr=0.00% errors=17 total=9179
[1371493837.864674] latency=5:411:873:10001:10002:(4147)ms throughput=34rps rr=14.71% cr=0.00% errors=11 total=9213
[1371493838.868691] latency=240:541:10001:10002:10002:(5914)ms throughput=14rps rr=0.00% cr=0.00% errors=8 total=9227
[1371493839.872671] latency=228:507:4833:10002:10002:(5286)ms throughput=26rps rr=3.85% cr=0.00% errors=12 total=9253
[1371493840.876689] latency=4:483:953:10001:10002:(4579)ms throughput=26rps rr=0.00% cr=0.00% errors=11 total=9279
[1371493841.880663] latency=10:386:2760:10002:10002:(5085)ms throughput=23rps rr=8.70% cr=0.00% errors=10 total=9302
[1371493842.884709] latency=224:562:6399:10002:10002:(5458)ms throughput=27rps rr=14.81% cr=0.00% errors=13 total=9329
[1371493843.888670] latency=59:526:5561:10002:10002:(5263)ms throughput=16rps rr=0.00% cr=0.00% errors=8 total=9345
[1371493844.892681] latency=182:524:9999:10001:10002:(5991)ms throughput=21rps rr=9.52% cr=0.00% errors=11 total=9366
[1371493845.896674] latency=4:492:1088:10001:10002:(5051)ms throughput=23rps rr=0.00% cr=0.00% errors=11 total=9389
[1371493846.900691] latency=5:340:10000:10001:10002:(5356)ms throughput=25rps rr=4.00% cr=0.00% errors=13 total=9414
[1371493847.904671] latency=106:528:10001:10001:10002:(6195)ms throughput=30rps rr=10.00% cr=0.00% errors=17 total=9444
[1371493848.908696] latency=7:348:10001:10001:10002:(6085)ms throughput=29rps rr=13.79% cr=0.00% errors=16 total=9473
[1371493849.912677] latency=5:114:878:10000:10002:(3891)ms throughput=17rps rr=5.88% cr=0.00% errors=6 total=9490
[1371493850.916690] latency=6:1042:10001:10001:10002:(6485)ms throughput=29rps rr=10.34% cr=0.00% errors=17 total=9519
[1371493851.920671] latency=4:423:1069:10000:10002:(3415)ms throughput=21rps rr=0.00% cr=0.00% errors=6 total=9540
[1371493852.924681] latency=9:739:9999:10002:10002:(5840)ms throughput=29rps rr=6.90% cr=0.00% errors=15 total=9569
[1371493853.928674] latency=4:605:1602:10001:10002:(4979)ms throughput=25rps rr=4.00% cr=0.00% errors=11 total=9594
[1371493854.932691] latency=14:812:10000:10001:10002:(5738)ms throughput=26rps rr=0.00% cr=0.00% errors=14 total=9620
[1371493855.936672] latency=8:531:4842:10001:10002:(5205)ms throughput=30rps rr=10.00% cr=0.00% errors=13 total=9650
[1371493856.940687] latency=5:468:863:6666:10002:(3112)ms throughput=22rps rr=4.55% cr=0.00% errors=5 total=9672
[1371493857.944675] latency=11:759:10001:10002:10002:(6055)ms throughput=22rps rr=9.09% cr=0.00% errors=12 total=9694
[1371493858.948662] latency=6:376:829:10001:10002:(4242)ms throughput=33rps rr=3.03% cr=0.00% errors=13 total=9727
[1371493859.952702] latency=5:580:936:10001:10002:(4131)ms throughput=35rps rr=2.86% cr=0.00% errors=13 total=9762
[1371493860.956666] latency=4:462:10001:10001:10002:(6391)ms throughput=16rps rr=0.00% cr=0.00% errors=10 total=9778
[1371493861.960678] latency=169:742:10001:10001:10002:(6662)ms throughput=17rps rr=5.88% cr=0.00% errors=11 total=9795
[1371493862.964669] latency=4:525:2003:10001:10002:(5082)ms throughput=32rps rr=3.12% cr=0.00% errors=15 total=9827
[1371493863.968660] latency=9:783:10001:10002:10002:(6691)ms throughput=23rps rr=13.04% cr=0.00% errors=14 total=9850
[1371493864.972673] latency=209:518:808:10001:10002:(3545)ms throughput=23rps rr=8.70% cr=0.00% errors=7 total=9873
[1371493865.976665] latency=6:260:774:10001:10002:(4675)ms throughput=23rps rr=13.04% cr=0.00% errors=9 total=9896
[1371493866.980651] latency=9:463:943:10001:10002:(4026)ms throughput=25rps rr=12.00% cr=0.00% errors=9 total=9921
[1371493867.984690] latency=5:342:805:10001:10002:(3710)ms throughput=26rps rr=15.38% cr=0.00% errors=8 total=9947
[1371493868.988670] latency=12:638:10000:10002:10002:(5685)ms throughput=27rps rr=7.41% cr=0.00% errors=14 total=9974
[1371493869.992688] latency=61:533:10001:10002:10002:(6785)ms throughput=15rps rr=0.00% cr=0.00% errors=10 total=9989
[1371493870.996670] latency=4:414:995:10001:10002:(3738)ms throughput=21rps rr=4.76% cr=0.00% errors=7 total=10010
[1371493872.000690] latency=6:386:5665:10001:10002:(5218)ms throughput=37rps rr=13.51% cr=0.00% errors=16 total=10047
[1371493873.004646] latency=69:504:5238:10001:10002:(5404)ms throughput=29rps rr=6.90% cr=0.00% errors=14 total=10076
[1371493874.008687] latency=18:397:972:10001:10002:(4111)ms throughput=33rps rr=9.09% cr=0.00% errors=12 total=10109
[1371493875.012682] latency=5:580:1800:10001:10002:(4927)ms throughput=22rps rr=0.00% cr=0.00% errors=10 total=10131
[1371493876.016678] latency=212:494:1048:10001:10002:(4281)ms throughput=26rps rr=0.00% cr=0.00% errors=10 total=10157
[1371493877.020666] latency=410:732:4577:10001:10002:(5120)ms throughput=14rps rr=21.43% cr=0.00% errors=5 total=10171
[1371493878.024685] latency=4:300:989:10001:10002:(4494)ms throughput=19rps rr=0.00% cr=0.00% errors=8 total=10190
[1371493879.028669] latency=4:812:10001:10002:10002:(6287)ms throughput=29rps rr=3.45% cr=0.00% errors=17 total=10219
[1371493880.032690] latency=5:316:579:10001:10002:(4686)ms throughput=29rps rr=0.00% cr=0.00% errors=13 total=10248
[1371493880.032872] set concurrency=800
[1371493881.148676] latency=4:96:446:7881:10002:(2819)ms throughput=55rps rr=6.56% cr=0.00% errors=15 total=10309
[1371493882.152691] latency=4:759:914:1446:10002:(2070)ms throughput=73rps rr=5.48% cr=0.00% errors=9 total=10382
[1371493883.156664] latency=4:905:1483:2004:10002:(2978)ms throughput=54rps rr=3.70% cr=0.00% errors=11 total=10436
[1371493884.160662] latency=4:910:2252:2611:10002:(3247)ms throughput=35rps rr=5.71% cr=0.00% errors=7 total=10471
[1371493885.164660] latency=4:1114:2894:10000:10002:(4277)ms throughput=46rps rr=6.52% cr=0.00% errors=13 total=10517
[1371493886.168669] latency=21:1048:3959:10001:10002:(5023)ms throughput=42rps rr=9.52% cr=0.00% errors=14 total=10559
[1371493887.172654] latency=4:339:4572:7621:10002:(4274)ms throughput=43rps rr=6.98% cr=0.00% errors=11 total=10602
[1371493888.176655] latency=11:608:5867:10001:10002:(5216)ms throughput=33rps rr=3.03% cr=0.00% errors=11 total=10635
[1371493889.180652] latency=6:1108:6470:10001:10002:(5876)ms throughput=38rps rr=7.89% cr=0.00% errors=12 total=10673
[1371493890.184661] latency=4:6820:10001:10002:10002:(7491)ms throughput=35rps rr=8.57% cr=0.00% errors=21 total=10708
[1371493891.188649] latency=4:10001:10001:10002:10002:(8868)ms throughput=118rps rr=4.24% cr=0.00% errors=94 total=10826
[1371493892.192660] latency=62:9051:10001:10002:10002:(8496)ms throughput=82rps rr=2.44% cr=0.00% errors=61 total=10908
[1371493893.196659] latency=478:10001:10002:10011:10012:(9655)ms throughput=91rps rr=1.10% cr=0.00% errors=82 total=10999
[1371493894.200682] latency=465:10001:10002:10011:10012:(9024)ms throughput=89rps rr=0.00% cr=0.00% errors=77 total=11088
[1371493895.204649] latency=223:10000:10002:10010:10012:(8875)ms throughput=91rps rr=0.00% cr=0.00% errors=71 total=11179
[1371493896.208670] latency=238:10001:10002:10011:10012:(9277)ms throughput=52rps rr=0.00% cr=0.00% errors=48 total=11231
[1371493897.212618] latency=431:10001:10002:10010:10011:(9198)ms throughput=50rps rr=2.00% cr=0.00% errors=43 total=11281
[1371493898.216634] latency=144:9134:10001:10010:10012:(8715)ms throughput=74rps rr=4.05% cr=0.00% errors=53 total=11355
[1371493899.220623] latency=371:10001:10009:10010:10012:(9197)ms throughput=47rps rr=2.13% cr=0.00% errors=39 total=11402
[1371493900.224692] latency=548:8460:10002:10010:10011:(9124)ms throughput=40rps rr=2.50% cr=0.00% errors=27 total=11442
[1371493901.228670] latency=8:10001:10002:10010:10011:(9257)ms throughput=54rps rr=0.00% cr=0.00% errors=44 total=11496
[1371493902.232654] latency=14:10001:10008:10010:10011:(9107)ms throughput=68rps rr=0.00% cr=0.00% errors=59 total=11564
[1371493903.236622] latency=4:10001:10009:10010:10012:(8999)ms throughput=62rps rr=1.61% cr=0.00% errors=51 total=11626
[1371493904.240660] latency=440:10001:10010:10011:10011:(9363)ms throughput=71rps rr=1.41% cr=0.00% errors=62 total=11697
[1371493905.244620] latency=184:10001:10009:10011:10011:(9225)ms throughput=81rps rr=0.00% cr=0.00% errors=69 total=11778
[1371493906.248673] latency=504:10002:10010:10011:10011:(9862)ms throughput=86rps rr=0.00% cr=0.00% errors=83 total=11864
[1371493907.252623] latency=229:10002:10002:10010:10011:(9561)ms throughput=67rps rr=0.00% cr=0.00% errors=62 total=11931
[1371493908.256652] latency=313:10001:10008:10010:10011:(9506)ms throughput=59rps rr=1.69% cr=0.00% errors=51 total=11990
[1371493909.260626] latency=129:10002:10010:10010:10011:(9355)ms throughput=64rps rr=0.00% cr=0.00% errors=57 total=12054
[1371493910.264631] latency=8:10002:10009:10010:10011:(9482)ms throughput=44rps rr=0.00% cr=0.00% errors=39 total=12098
[1371493911.268623] latency=808:10002:10010:10011:10011:(9633)ms throughput=61rps rr=0.00% cr=0.00% errors=56 total=12159
[1371493912.272626] latency=456:10001:10010:10011:10011:(9493)ms throughput=52rps rr=0.00% cr=0.00% errors=45 total=12211
[1371493913.276628] latency=29:10002:10009:10010:10011:(9492)ms throughput=61rps rr=1.64% cr=0.00% errors=55 total=12272
[1371493914.280655] latency=22:10001:10009:10010:10011:(9087)ms throughput=67rps rr=1.49% cr=0.00% errors=56 total=12339
[1371493915.284617] latency=653:10002:10010:10011:10011:(9448)ms throughput=67rps rr=1.49% cr=0.00% errors=61 total=12406
[1371493916.288619] latency=726:10001:10010:10010:10011:(9621)ms throughput=66rps rr=0.00% cr=0.00% errors=60 total=12472
[1371493917.292627] latency=706:10001:10009:10010:10011:(9682)ms throughput=70rps rr=0.00% cr=0.00% errors=62 total=12542
[1371493918.296600] latency=101:9475:10002:10010:10012:(8692)ms throughput=87rps rr=2.30% cr=0.00% errors=64 total=12629
[1371493919.300622] latency=416:10002:10009:10010:10011:(9674)ms throughput=58rps rr=0.00% cr=0.00% errors=53 total=12687
[1371493920.304629] latency=14:10002:10010:10010:10011:(8547)ms throughput=76rps rr=3.95% cr=0.00% errors=61 total=12763
[1371493921.308608] latency=203:10001:10009:10010:10011:(8644)ms throughput=65rps rr=0.00% cr=0.00% errors=53 total=12828
[1371493922.312627] latency=15:10005:10010:10011:10011:(9321)ms throughput=61rps rr=0.00% cr=0.00% errors=54 total=12889
[1371493923.316651] latency=98:10001:10002:10010:10011:(9205)ms throughput=67rps rr=0.00% cr=0.00% errors=57 total=12956
[1371493924.320613] latency=314:10001:10002:10010:10011:(9209)ms throughput=60rps rr=0.00% cr=0.00% errors=51 total=13016
[1371493925.324621] latency=11:10001:10008:10010:10011:(9247)ms throughput=57rps rr=0.00% cr=0.00% errors=49 total=13073
[1371493926.328616] latency=192:10002:10009:10010:10011:(9090)ms throughput=67rps rr=0.00% cr=0.00% errors=57 total=13140
[1371493927.332768] latency=6:10001:10002:10010:10011:(9070)ms throughput=58rps rr=1.72% cr=0.00% errors=47 total=13198
[1371493928.336648] latency=836:10001:10010:10010:10011:(9601)ms throughput=71rps rr=0.00% cr=0.00% errors=66 total=13269
[1371493929.340597] latency=6:10001:10009:10010:10011:(9331)ms throughput=85rps rr=2.35% cr=0.00% errors=72 total=13354
[1371493930.344621] latency=220:8945:10009:10010:10011:(8732)ms throughput=70rps rr=1.43% cr=0.00% errors=49 total=13424
[1371493931.348668] latency=321:10001:10009:10010:10011:(9438)ms throughput=64rps rr=1.56% cr=0.00% errors=57 total=13488
[1371493932.352646] latency=243:10001:10002:10010:10011:(8987)ms throughput=75rps rr=0.00% cr=0.00% errors=65 total=13563
[1371493933.356612] latency=9:10002:10009:10010:10011:(9194)ms throughput=56rps rr=1.79% cr=0.00% errors=49 total=13619
[1371493934.360644] latency=8:9122:10002:10010:10011:(8736)ms throughput=82rps rr=1.22% cr=0.00% errors=60 total=13701
[1371493935.364600] latency=4:10001:10010:10010:10011:(8819)ms throughput=63rps rr=1.59% cr=0.00% errors=48 total=13764
[1371493936.368647] latency=328:10001:10010:10010:10011:(9444)ms throughput=52rps rr=1.92% cr=0.00% errors=45 total=13816
[1371493937.372621] latency=4:10001:10009:10010:10011:(9169)ms throughput=74rps rr=1.35% cr=0.00% errors=61 total=13890
[1371493938.376658] latency=8:10001:10009:10010:10011:(9301)ms throughput=52rps rr=0.00% cr=0.00% errors=45 total=13942
[1371493939.380770] latency=8:10000:10009:10010:10011:(8555)ms throughput=58rps rr=3.45% cr=0.00% errors=44 total=14000
[1371493940.384600] latency=323:10002:10009:10011:10011:(9719)ms throughput=59rps rr=1.69% cr=0.00% errors=53 total=14059
[1371493941.388610] latency=4:10001:10009:10010:10011:(9172)ms throughput=67rps rr=2.99% cr=0.00% errors=55 total=14126
[1371493942.392808] latency=830:10001:10009:10010:10011:(9461)ms throughput=71rps rr=0.00% cr=0.00% errors=62 total=14197
[1371493943.396674] latency=511:10001:10009:10010:10012:(9444)ms throughput=64rps rr=7.81% cr=0.00% errors=57 total=14261
[1371493944.400681] latency=421:10001:10009:10011:10011:(9651)ms throughput=65rps rr=0.00% cr=0.00% errors=58 total=14326
[1371493945.408911] latency=7:10001:10002:10010:10011:(9128)ms throughput=84rps rr=1.18% cr=0.00% errors=70 total=14411
[1371493946.412608] latency=694:10002:10010:10011:10012:(9729)ms throughput=68rps rr=0.00% cr=0.00% errors=63 total=14479
[1371493947.416743] latency=637:10001:10009:10010:10011:(9476)ms throughput=64rps rr=1.56% cr=0.00% errors=58 total=14543
[1371493948.444651] latency=23:10001:10009:10010:10011:(9334)ms throughput=73rps rr=0.00% cr=0.00% errors=62 total=14618
[1371493949.448693] latency=326:10001:10002:10010:10011:(9118)ms throughput=65rps rr=1.54% cr=0.00% errors=52 total=14683
[1371493950.452637] latency=4:10001:10009:10010:10011:(8771)ms throughput=60rps rr=3.33% cr=0.00% errors=47 total=14743
[1371493951.456628] latency=4:9898:10002:10010:10012:(8593)ms throughput=52rps rr=1.92% cr=0.00% errors=39 total=14795
[1371493952.460652] latency=648:10001:10009:10010:10012:(9619)ms throughput=57rps rr=0.00% cr=0.00% errors=50 total=14852
[1371493953.464621] latency=4:10001:10010:10010:10012:(9235)ms throughput=77rps rr=0.00% cr=0.00% errors=64 total=14929
[1371493954.468628] latency=9:10001:10009:10011:10012:(8692)ms throughput=76rps rr=2.63% cr=0.00% errors=59 total=15005
[1371493955.472628] latency=7:10001:10002:10010:10012:(9261)ms throughput=69rps rr=0.00% cr=0.00% errors=56 total=15074
[1371493956.476642] latency=4:10001:10009:10010:10012:(8980)ms throughput=77rps rr=1.30% cr=0.00% errors=62 total=15151
[1371493957.480634] latency=1016:10001:10008:10010:10012:(9628)ms throughput=53rps rr=1.89% cr=0.00% errors=47 total=15204
[1371493958.484649] latency=220:10001:10008:10010:10012:(9018)ms throughput=77rps rr=0.00% cr=0.00% errors=60 total=15281
[1371493959.488646] latency=308:7880:10006:10010:10012:(8277)ms throughput=64rps rr=4.69% cr=0.00% errors=44 total=15345
[1371493960.492626] latency=4:10001:10008:10010:10011:(9170)ms throughput=61rps rr=0.00% cr=0.00% errors=52 total=15406
[1371493961.496632] latency=348:10001:10002:10010:10012:(8658)ms throughput=62rps rr=0.00% cr=0.00% errors=47 total=15468
[1371493962.500620] latency=359:10001:10009:10010:10011:(9065)ms throughput=72rps rr=1.39% cr=0.00% errors=62 total=15540
[1371493963.504624] latency=138:10000:10009:10010:10012:(8876)ms throughput=55rps rr=0.00% cr=0.00% errors=43 total=15595
[1371493964.508637] latency=338:10001:10002:10010:10012:(9204)ms throughput=70rps rr=1.43% cr=0.00% errors=59 total=15665
[1371493965.512653] latency=8:10001:10009:10011:10012:(8787)ms throughput=64rps rr=0.00% cr=0.00% errors=51 total=15729
[1371493966.516653] latency=100:10001:10008:10010:10011:(9040)ms throughput=66rps rr=1.52% cr=0.00% errors=54 total=15795
[1371493967.520626] latency=543:10001:10009:10010:10011:(9018)ms throughput=80rps rr=2.50% cr=0.00% errors=67 total=15875
[1371493968.524675] latency=13:10001:10002:10010:10012:(9451)ms throughput=55rps rr=1.82% cr=0.00% errors=49 total=15930
[1371493969.528634] latency=724:10001:10002:10010:10011:(9374)ms throughput=58rps rr=1.72% cr=0.00% errors=48 total=15988
[1371493970.532615] latency=13:10001:10002:10010:10011:(9043)ms throughput=71rps rr=1.41% cr=0.00% errors=60 total=16059
[1371493971.536667] latency=394:10001:10008:10010:10011:(9646)ms throughput=59rps rr=1.69% cr=0.00% errors=54 total=16118
[1371493972.540607] latency=15:10001:10009:10010:10011:(8869)ms throughput=72rps rr=4.17% cr=0.00% errors=58 total=16190
[1371493973.544838] latency=409:10001:10010:10011:10011:(9375)ms throughput=68rps rr=0.00% cr=0.00% errors=59 total=16258
[1371493974.548731] latency=7:10001:10009:10010:10012:(8756)ms throughput=66rps rr=3.03% cr=0.00% errors=51 total=16324
[1371493975.552624] latency=4:8619:10002:10010:10012:(8589)ms throughput=89rps rr=0.00% cr=0.00% errors=66 total=16413
[1371493976.556615] latency=354:8792:10008:10010:10011:(8677)ms throughput=67rps rr=1.49% cr=0.00% errors=47 total=16480
[1371493977.560647] latency=524:10002:10010:10010:10011:(9501)ms throughput=71rps rr=0.00% cr=0.00% errors=64 total=16551
[1371493978.564628] latency=103:8728:10002:10011:10011:(8627)ms throughput=66rps rr=1.52% cr=0.00% errors=49 total=16617
[1371493979.568618] latency=13:10000:10002:10010:10011:(8570)ms throughput=58rps rr=1.72% cr=0.00% errors=44 total=16675
[1371493979.568794] set concurrency=50
[1371493980.592732] latency=679:10001:10002:10010:10011:(9112)ms throughput=65rps rr=0.00% cr=0.00% errors=57 total=16742
[1371493981.596603] latency=623:10001:10009:10010:10011:(9399)ms throughput=52rps rr=0.00% cr=0.00% errors=45 total=16794
[1371493982.600640] latency=652:10001:10009:10011:10011:(9457)ms throughput=63rps rr=0.00% cr=0.00% errors=54 total=16857
[1371493983.604630] latency=56:10001:10008:10010:10011:(9742)ms throughput=54rps rr=0.00% cr=0.00% errors=50 total=16911
[1371493984.608632] latency=658:10001:10002:10010:10011:(9403)ms throughput=71rps rr=0.00% cr=0.00% errors=59 total=16982
[1371493985.612622] latency=1219:10002:10005:10010:10011:(9573)ms throughput=54rps rr=1.85% cr=0.00% errors=48 total=17036
[1371493986.616659] latency=6703:10001:10002:10010:10012:(9829)ms throughput=74rps rr=0.00% cr=0.00% errors=67 total=17110
[1371493987.620651] latency=5976:10001:10002:10010:10012:(9721)ms throughput=68rps rr=0.00% cr=0.00% errors=57 total=17178
[1371493988.624625] latency=4:10001:10002:10010:10012:(9693)ms throughput=72rps rr=0.00% cr=0.00% errors=66 total=17250
[1371493989.628638] latency=10000:10002:10002:10010:10011:(10004)ms throughput=42rps rr=0.00% cr=0.00% errors=42 total=17292
[1371493990.632629] latency=5701:5831:8618:10002:10002:(8230)ms throughput=7rps rr=0.00% cr=0.00% errors=3 total=17299
[1371493991.636630] latency=4159:6625:10001:10002:10002:(8427)ms throughput=8rps rr=0.00% cr=0.00% errors=5 total=17307
[1371493992.640626] latency=1518:1964:4179:5855:10001:(4547)ms throughput=7rps rr=0.00% cr=0.00% errors=1 total=17314
[1371493993.644629] latency=239:2145:10000:10002:10002:(6574)ms throughput=12rps rr=16.67% cr=0.00% errors=7 total=17326
[1371493994.648639] latency=5:35:2711:8165:10002:(4075)ms throughput=9rps rr=11.11% cr=0.00% errors=2 total=17335
[1371493995.652633] latency=328:373:569:1276:1832:(824)ms throughput=4rps rr=0.00% cr=0.00% errors=0 total=17339
[1371493996.656632] latency=24:427:527:930:10002:(2602)ms throughput=9rps rr=0.00% cr=0.00% errors=2 total=17348
[1371493997.660656] latency=272:463:1225:10001:10002:(4431)ms throughput=5rps rr=0.00% cr=0.00% errors=2 total=17353
[1371493998.664610] latency=363:363:463:564:564:(463)ms throughput=2rps rr=0.00% cr=0.00% errors=0 total=17355
[1371493999.668635] latency=5:5:601:950:10001:(1849)ms throughput=7rps rr=0.00% cr=0.00% errors=1 total=17362
[1371494000.672628] latency=5:9:9246:10002:10002:(5794)ms throughput=7rps rr=14.29% cr=0.00% errors=3 total=17369
[1371494001.676606] latency=498:550:9251:10001:10002:(5878)ms throughput=7rps rr=14.29% cr=0.00% errors=3 total=17376
[1371494002.680613] latency=10001:10001:10002:10002:10002:(10002)ms throughput=4rps rr=0.00% cr=0.00% errors=4 total=17380
[1371494003.684624] latency=550:945:2208:10001:10002:(5202)ms throughput=11rps rr=0.00% cr=0.00% errors=5 total=17391
[1371494004.688618] latency=11:13:5319:10001:10002:(5111)ms throughput=6rps rr=16.67% cr=0.00% errors=3 total=17397
[1371494005.692617] latency=254:584:984:10001:10002:(4174)ms throughput=8rps rr=0.00% cr=0.00% errors=3 total=17405
[1371494006.696667] latency=5:5:10001:10001:10001:(6669)ms throughput=3rps rr=0.00% cr=0.00% errors=2 total=17408
[1371494007.700608] latency=347:389:811:10001:10002:(4604)ms throughput=7rps rr=0.00% cr=0.00% errors=3 total=17415
[1371494008.704614] latency=50:285:538:5279:10002:(2782)ms throughput=4rps rr=0.00% cr=0.00% errors=1 total=17419
[1371494009.708636] latency=332:458:1326:10000:10002:(4694)ms throughput=9rps rr=11.11% cr=0.00% errors=3 total=17428
[1371494010.712656] latency=10000:10000:10001:10002:10002:(10001)ms throughput=2rps rr=0.00% cr=0.00% errors=2 total=17430
[1371494011.716630] latency=530:1249:7518:10002:10002:(5914)ms throughput=10rps rr=10.00% cr=0.00% errors=5 total=17440
[1371494012.720630] latency=499:764:1071:7688:10002:(4058)ms throughput=5rps rr=40.00% cr=0.00% errors=1 total=17445
[1371494013.724627] latency=210:307:956:10001:10001:(4314)ms throughput=5rps rr=0.00% cr=0.00% errors=2 total=17450
[1371494014.728637] latency=417:470:796:10001:10002:(4632)ms throughput=7rps rr=0.00% cr=0.00% errors=3 total=17457
[1371494015.732626] latency=1041:5405:10001:10001:10002:(7742)ms throughput=6rps rr=16.67% cr=0.00% errors=4 total=17463
[1371494016.736604] latency=560:560:8559:9280:10002:(6374)ms throughput=3rps rr=33.33% cr=0.00% errors=1 total=17466
[1371494017.740641] latency=929:1369:5201:10002:10002:(5559)ms throughput=12rps rr=8.33% cr=0.00% errors=5 total=17478
[1371494018.744617] latency=158:407:831:984:10001:(2526)ms throughput=5rps rr=0.00% cr=0.00% errors=1 total=17483
[1371494019.748657] latency=7:290:10002:10002:10002:(6117)ms throughput=5rps rr=0.00% cr=0.00% errors=3 total=17488
[1371494020.752633] latency=5:139:697:10001:10002:(3886)ms throughput=11rps rr=9.09% cr=0.00% errors=4 total=17499
[1371494021.756616] latency=8:13:235:549:10002:(2152)ms throughput=10rps rr=0.00% cr=0.00% errors=2 total=17509
[1371494022.760621] latency=20:260:5261:10002:10002:(5134)ms throughput=6rps rr=0.00% cr=0.00% errors=3 total=17515
[1371494023.764619] latency=8:17:259:7343:10001:(2981)ms throughput=6rps rr=16.67% cr=0.00% errors=1 total=17521
[1371494024.768630] latency=103:419:10000:10001:10002:(5878)ms throughput=7rps rr=0.00% cr=0.00% errors=4 total=17528
[1371494025.772633] latency=178:269:475:670:10001:(2337)ms throughput=5rps rr=0.00% cr=0.00% errors=1 total=17533
[1371494026.776597] latency=65:280:789:10000:10000:(4270)ms throughput=5rps rr=0.00% cr=0.00% errors=2 total=17538
[1371494027.780614] latency=4:5002:10001:10002:10002:(8002)ms throughput=5rps rr=0.00% cr=0.00% errors=4 total=17543
[1371494028.784612] latency=166:5137:10001:10002:10002:(7556)ms throughput=8rps rr=0.00% cr=0.00% errors=6 total=17551
[1371494029.788628] latency=143:518:10002:10002:10002:(7238)ms throughput=7rps rr=0.00% cr=0.00% errors=5 total=17558
[1371494030.792623] latency=5:257:453:10001:10002:(3529)ms throughput=6rps rr=0.00% cr=0.00% errors=2 total=17564
[1371494031.796619] latency=5:4282:5:5:5:(5)ms throughput=1rps rr=0.00% cr=0.00% errors=0 total=17565
[1371494032.800620] latency=76:714:6083:10001:10002:(5493)ms throughput=6rps rr=33.33% cr=0.00% errors=3 total=17571
[1371494033.804630] latency=74:74:9576:9789:10001:(6551)ms throughput=3rps rr=33.33% cr=0.00% errors=1 total=17574
[1371494034.808633] latency=8:230:3011:5912:10002:(3803)ms throughput=7rps rr=57.14% cr=0.00% errors=1 total=17581
[1371494035.812597] latency=82:187:674:8619:10002:(3631)ms throughput=8rps rr=12.50% cr=0.00% errors=2 total=17589
[1371494036.816627] latency=4:114:272:10001:10002:(3469)ms throughput=12rps rr=0.00% cr=0.00% errors=4 total=17601
[1371494037.820664] latency=96:310:615:6171:10001:(3036)ms throughput=8rps rr=62.50% cr=0.00% errors=1 total=17609
[1371494038.824612] latency=4:63:3740:10001:10002:(4738)ms throughput=10rps rr=30.00% cr=0.00% errors=3 total=17619
[1371494039.828602] latency=5:63:1404:6657:10002:(3337)ms throughput=20rps rr=65.00% cr=0.00% errors=1 total=17639
[1371494040.832632] latency=5:117:1422:4563:9692:(2640)ms throughput=32rps rr=78.12% cr=0.00% errors=0 total=17671
[1371494041.836655] latency=5:5:8:126:140:(49)ms throughput=18rps rr=38.89% cr=0.00% errors=0 total=17689
[1371494042.840666] latency=4:5:5:38:180:(37)ms throughput=17rps rr=41.18% cr=0.00% errors=0 total=17706
[1371494043.844624] latency=4:5:23:138:233:(68)ms throughput=15rps rr=53.33% cr=0.00% errors=0 total=17721
[1371494044.848616] latency=5:5:8:46:208:(36)ms throughput=19rps rr=42.11% cr=0.00% errors=0 total=17740
[1371494045.852641] latency=5:5:6:83:209:(51)ms throughput=19rps rr=42.11% cr=0.00% errors=0 total=17759
[1371494046.856653] latency=5:7:26:98:192:(59)ms throughput=12rps rr=50.00% cr=0.00% errors=0 total=17771
[1371494047.860588] latency=5:6:15:79:191:(47)ms throughput=14rps rr=57.14% cr=0.00% errors=0 total=17785
[1371494048.864625] latency=5:5:61:88:149:(52)ms throughput=15rps rr=66.67% cr=0.00% errors=0 total=17800
[1371494049.868649] latency=5:5:8:120:205:(63)ms throughput=15rps rr=46.67% cr=0.00% errors=0 total=17815
[1371494050.872632] latency=5:6:9:178:235:(81)ms throughput=13rps rr=53.85% cr=0.00% errors=0 total=17828
[1371494051.876643] latency=3:6:46:134:211:(73)ms throughput=22rps rr=54.55% cr=0.00% errors=0 total=17850
[1371494052.880668] latency=5:5:8:128:214:(64)ms throughput=19rps rr=52.63% cr=0.00% errors=0 total=17869
[1371494053.884620] latency=5:7:59:100:189:(68)ms throughput=13rps rr=76.92% cr=0.00% errors=0 total=17882
[1371494054.888656] latency=5:5:5:54:181:(38)ms throughput=12rps rr=25.00% cr=0.00% errors=0 total=17894
[1371494055.892600] latency=5:6:46:66:195:(61)ms throughput=13rps rr=61.54% cr=0.00% errors=0 total=17907
[1371494056.896647] latency=5:5:6:38:184:(37)ms throughput=17rps rr=29.41% cr=0.00% errors=0 total=17924
[1371494057.900664] latency=5:6:130:145:231:(101)ms throughput=14rps rr=71.43% cr=0.00% errors=0 total=17938
[1371494058.904603] latency=5:5:15:138:169:(58)ms throughput=6rps rr=50.00% cr=0.00% errors=0 total=17944
[1371494059.908615] latency=5:5:30:153:242:(78)ms throughput=16rps rr=56.25% cr=0.00% errors=0 total=17960
[1371494060.912604] latency=5:6:23:114:211:(65)ms throughput=15rps rr=53.33% cr=0.00% errors=0 total=17975
[1371494061.916591] latency=5:5:25:121:177:(65)ms throughput=15rps rr=53.33% cr=0.00% errors=0 total=17990
[1371494062.920660] latency=5:6:8:201:228:(91)ms throughput=16rps rr=43.75% cr=0.00% errors=0 total=18006
[1371494063.924667] latency=5:5:8:57:184:(42)ms throughput=14rps rr=35.71% cr=0.00% errors=0 total=18020
[1371494064.928613] latency=5:6:68:134:209:(75)ms throughput=18rps rr=72.22% cr=0.00% errors=0 total=18038
[1371494065.932592] latency=5:5:7:129:217:(58)ms throughput=22rps rr=40.91% cr=0.00% errors=0 total=18060
[1371494066.936648] latency=5:5:22:147:213:(71)ms throughput=18rps rr=50.00% cr=0.00% errors=0 total=18078
[1371494067.940624] latency=5:5:6:114:226:(61)ms throughput=19rps rr=52.63% cr=0.00% errors=0 total=18097
[1371494068.944637] latency=5:6:49:130:207:(78)ms throughput=10rps rr=70.00% cr=0.00% errors=0 total=18107
[1371494069.948643] latency=4:5:7:105:225:(56)ms throughput=17rps rr=41.18% cr=0.00% errors=0 total=18124
[1371494070.952617] latency=5:5:45:84:187:(51)ms throughput=14rps rr=64.29% cr=0.00% errors=0 total=18138
[1371494071.956609] latency=4:5:6:122:196:(52)ms throughput=17rps rr=35.29% cr=0.00% errors=0 total=18155
[1371494072.960664] latency=5:6:23:91:212:(57)ms throughput=18rps rr=55.56% cr=0.00% errors=0 total=18173
[1371494073.964670] latency=5:5:6:99:163:(51)ms throughput=12rps rr=50.00% cr=0.00% errors=0 total=18185
[1371494074.968661] latency=5:5:8:122:194:(62)ms throughput=17rps rr=41.18% cr=0.00% errors=0 total=18202
[1371494075.972610] latency=5:5:5:8:138:(22)ms throughput=13rps rr=15.38% cr=0.00% errors=0 total=18215
[1371494076.976644] latency=5:5:63:130:185:(71)ms throughput=19rps rr=68.42% cr=0.00% errors=0 total=18234
[1371494077.980650] latency=5:5:6:108:217:(56)ms throughput=19rps rr=36.84% cr=0.00% errors=0 total=18253
[1371494078.984644] latency=5:5:21:115:184:(61)ms throughput=18rps rr=61.11% cr=0.00% errors=0 total=18271
