Currently running VMs
2013-07-26 09:48:34.887+0000: 26619: info : libvirt version: 0.9.8
2013-07-26 09:48:34.887+0000: 26619: warning : xenHypervisorMakeCapabilities:2751 : Failed to get host power management capabilities
- Domain-0 weight=256 cap=0 vcpus=32
- rubbos-hvm weight=256 cap=287 vcpus=3 mac=aa:00:00:00:00:11
- rubis-hvm weight=256 cap=800 vcpus=8 mac=aa:00:00:00:00:10
New scheduling parameters:  weight=256 cap=800 vcpus=8
Currently running VMs
2013-07-26 09:48:45.810+0000: 26670: info : libvirt version: 0.9.8
2013-07-26 09:48:45.810+0000: 26670: warning : xenHypervisorMakeCapabilities:2751 : Failed to get host power management capabilities
- Domain-0 weight=256 cap=0 vcpus=32
- rubbos-hvm weight=256 cap=287 vcpus=3 mac=aa:00:00:00:00:11
- rubis-hvm weight=256 cap=800 vcpus=8 mac=aa:00:00:00:00:10
New scheduling parameters:  weight=256 cap=675 vcpus=7
Currently running VMs
2013-07-26 09:50:26.698+0000: 26818: info : libvirt version: 0.9.8
2013-07-26 09:50:26.698+0000: 26818: warning : xenHypervisorMakeCapabilities:2751 : Failed to get host power management capabilities
- Domain-0 weight=256 cap=0 vcpus=32
- rubbos-hvm weight=256 cap=287 vcpus=3 mac=aa:00:00:00:00:11
- rubis-hvm weight=256 cap=675 vcpus=7 mac=aa:00:00:00:00:10
New scheduling parameters:  weight=256 cap=475 vcpus=5
Currently running VMs
2013-07-26 09:52:07.605+0000: 26867: info : libvirt version: 0.9.8
2013-07-26 09:52:07.605+0000: 26867: warning : xenHypervisorMakeCapabilities:2751 : Failed to get host power management capabilities
- Domain-0 weight=256 cap=0 vcpus=32
- rubbos-hvm weight=256 cap=287 vcpus=3 mac=aa:00:00:00:00:11
- rubis-hvm weight=256 cap=475 vcpus=5 mac=aa:00:00:00:00:10
New scheduling parameters:  weight=256 cap=450 vcpus=5
Currently running VMs
2013-07-26 09:53:48.520+0000: 26915: info : libvirt version: 0.9.8
2013-07-26 09:53:48.520+0000: 26915: warning : xenHypervisorMakeCapabilities:2751 : Failed to get host power management capabilities
- Domain-0 weight=256 cap=0 vcpus=32
- rubbos-hvm weight=256 cap=287 vcpus=3 mac=aa:00:00:00:00:11
- rubis-hvm weight=256 cap=450 vcpus=5 mac=aa:00:00:00:00:10
New scheduling parameters:  weight=256 cap=775 vcpus=8
Currently running VMs
2013-07-26 09:55:29.499+0000: 26966: info : libvirt version: 0.9.8
2013-07-26 09:55:29.499+0000: 26966: warning : xenHypervisorMakeCapabilities:2751 : Failed to get host power management capabilities
- Domain-0 weight=256 cap=0 vcpus=32
- rubbos-hvm weight=256 cap=287 vcpus=3 mac=aa:00:00:00:00:11
- rubis-hvm weight=256 cap=775 vcpus=8 mac=aa:00:00:00:00:10
New scheduling parameters:  weight=256 cap=750 vcpus=8
Currently running VMs
2013-07-26 09:57:10.419+0000: 27014: info : libvirt version: 0.9.8
2013-07-26 09:57:10.419+0000: 27014: warning : xenHypervisorMakeCapabilities:2751 : Failed to get host power management capabilities
- Domain-0 weight=256 cap=0 vcpus=32
- rubbos-hvm weight=256 cap=287 vcpus=3 mac=aa:00:00:00:00:11
- rubis-hvm weight=256 cap=750 vcpus=8 mac=aa:00:00:00:00:10
New scheduling parameters:  weight=256 cap=600 vcpus=6
Currently running VMs
2013-07-26 09:58:51.363+0000: 27062: info : libvirt version: 0.9.8
2013-07-26 09:58:51.363+0000: 27062: warning : xenHypervisorMakeCapabilities:2751 : Failed to get host power management capabilities
- Domain-0 weight=256 cap=0 vcpus=32
- rubbos-hvm weight=256 cap=287 vcpus=3 mac=aa:00:00:00:00:11
- rubis-hvm weight=256 cap=600 vcpus=6 mac=aa:00:00:00:00:10
New scheduling parameters:  weight=256 cap=500 vcpus=5
Currently running VMs
2013-07-26 10:00:32.254+0000: 27110: info : libvirt version: 0.9.8
2013-07-26 10:00:32.254+0000: 27110: warning : xenHypervisorMakeCapabilities:2751 : Failed to get host power management capabilities
- Domain-0 weight=256 cap=0 vcpus=32
- rubbos-hvm weight=256 cap=287 vcpus=3 mac=aa:00:00:00:00:11
- rubis-hvm weight=256 cap=500 vcpus=5 mac=aa:00:00:00:00:10
New scheduling parameters:  weight=256 cap=325 vcpus=4
Currently running VMs
2013-07-26 10:02:13.189+0000: 27168: info : libvirt version: 0.9.8
2013-07-26 10:02:13.189+0000: 27168: warning : xenHypervisorMakeCapabilities:2751 : Failed to get host power management capabilities
- Domain-0 weight=256 cap=0 vcpus=32
- rubbos-hvm weight=256 cap=287 vcpus=3 mac=aa:00:00:00:00:11
- rubis-hvm weight=256 cap=325 vcpus=4 mac=aa:00:00:00:00:10
New scheduling parameters:  weight=256 cap=475 vcpus=5
Currently running VMs
2013-07-26 10:03:54.127+0000: 27222: info : libvirt version: 0.9.8
2013-07-26 10:03:54.127+0000: 27222: warning : xenHypervisorMakeCapabilities:2751 : Failed to get host power management capabilities
- Domain-0 weight=256 cap=0 vcpus=32
- rubbos-hvm weight=256 cap=287 vcpus=3 mac=aa:00:00:00:00:11
- rubis-hvm weight=256 cap=475 vcpus=5 mac=aa:00:00:00:00:10
New scheduling parameters:  weight=256 cap=100 vcpus=1
Currently running VMs
2013-07-26 10:05:34.986+0000: 27273: info : libvirt version: 0.9.8
2013-07-26 10:05:34.986+0000: 27273: warning : xenHypervisorMakeCapabilities:2751 : Failed to get host power management capabilities
- Domain-0 weight=256 cap=0 vcpus=32
- rubbos-hvm weight=256 cap=287 vcpus=3 mac=aa:00:00:00:00:11
- rubis-hvm weight=256 cap=100 vcpus=1 mac=aa:00:00:00:00:10
New scheduling parameters:  weight=256 cap=800 vcpus=8
