Currently running VMs
2013-07-25 09:25:25.879+0000: 8774: info : libvirt version: 0.9.8
2013-07-25 09:25:25.879+0000: 8774: warning : xenHypervisorMakeCapabilities:2751 : Failed to get host power management capabilities
- Domain-0 weight=256 cap=0 vcpus=32
- rubbos-hvm weight=256 cap=287 vcpus=3 mac=aa:00:00:00:00:11
- rubis-hvm weight=256 cap=800 vcpus=8 mac=aa:00:00:00:00:10
New scheduling parameters:  weight=256 cap=800 vcpus=8
Currently running VMs
2013-07-25 09:25:36.831+0000: 8825: info : libvirt version: 0.9.8
2013-07-25 09:25:36.831+0000: 8825: warning : xenHypervisorMakeCapabilities:2751 : Failed to get host power management capabilities
- Domain-0 weight=256 cap=0 vcpus=32
- rubbos-hvm weight=256 cap=287 vcpus=3 mac=aa:00:00:00:00:11
- rubis-hvm weight=256 cap=800 vcpus=8 mac=aa:00:00:00:00:10
New scheduling parameters:  weight=256 cap=100 vcpus=1
Currently running VMs
2013-07-25 09:25:47.747+0000: 8973: info : libvirt version: 0.9.8
2013-07-25 09:25:47.747+0000: 8973: warning : xenHypervisorMakeCapabilities:2751 : Failed to get host power management capabilities
- Domain-0 weight=256 cap=0 vcpus=32
- rubbos-hvm weight=256 cap=287 vcpus=3 mac=aa:00:00:00:00:11
- rubis-hvm weight=256 cap=100 vcpus=1 mac=aa:00:00:00:00:10
New scheduling parameters:  weight=256 cap=150 vcpus=2
Currently running VMs
2013-07-25 09:25:58.697+0000: 9021: info : libvirt version: 0.9.8
2013-07-25 09:25:58.697+0000: 9021: warning : xenHypervisorMakeCapabilities:2751 : Failed to get host power management capabilities
- Domain-0 weight=256 cap=0 vcpus=32
- rubbos-hvm weight=256 cap=287 vcpus=3 mac=aa:00:00:00:00:11
- rubis-hvm weight=256 cap=150 vcpus=2 mac=aa:00:00:00:00:10
New scheduling parameters:  weight=256 cap=150 vcpus=2
Currently running VMs
2013-07-25 09:26:09.577+0000: 9069: info : libvirt version: 0.9.8
2013-07-25 09:26:09.577+0000: 9069: warning : xenHypervisorMakeCapabilities:2751 : Failed to get host power management capabilities
- Domain-0 weight=256 cap=0 vcpus=32
- rubbos-hvm weight=256 cap=287 vcpus=3 mac=aa:00:00:00:00:11
- rubis-hvm weight=256 cap=150 vcpus=2 mac=aa:00:00:00:00:10
New scheduling parameters:  weight=256 cap=100 vcpus=1
Currently running VMs
2013-07-25 09:26:20.563+0000: 9117: info : libvirt version: 0.9.8
2013-07-25 09:26:20.563+0000: 9117: warning : xenHypervisorMakeCapabilities:2751 : Failed to get host power management capabilities
- Domain-0 weight=256 cap=0 vcpus=32
- rubbos-hvm weight=256 cap=287 vcpus=3 mac=aa:00:00:00:00:11
- rubis-hvm weight=256 cap=100 vcpus=1 mac=aa:00:00:00:00:10
New scheduling parameters:  weight=256 cap=150 vcpus=2
Currently running VMs
2013-07-25 09:26:31.456+0000: 9165: info : libvirt version: 0.9.8
2013-07-25 09:26:31.456+0000: 9165: warning : xenHypervisorMakeCapabilities:2751 : Failed to get host power management capabilities
- Domain-0 weight=256 cap=0 vcpus=32
- rubbos-hvm weight=256 cap=287 vcpus=3 mac=aa:00:00:00:00:11
- rubis-hvm weight=256 cap=150 vcpus=2 mac=aa:00:00:00:00:10
New scheduling parameters:  weight=256 cap=100 vcpus=1
Currently running VMs
2013-07-25 09:26:42.447+0000: 9213: info : libvirt version: 0.9.8
2013-07-25 09:26:42.447+0000: 9213: warning : xenHypervisorMakeCapabilities:2751 : Failed to get host power management capabilities
- Domain-0 weight=256 cap=0 vcpus=32
- rubbos-hvm weight=256 cap=287 vcpus=3 mac=aa:00:00:00:00:11
- rubis-hvm weight=256 cap=100 vcpus=1 mac=aa:00:00:00:00:10
New scheduling parameters:  weight=256 cap=50 vcpus=1
Currently running VMs
2013-07-25 09:26:53.394+0000: 9261: info : libvirt version: 0.9.8
2013-07-25 09:26:53.394+0000: 9261: warning : xenHypervisorMakeCapabilities:2751 : Failed to get host power management capabilities
- Domain-0 weight=256 cap=0 vcpus=32
- rubbos-hvm weight=256 cap=287 vcpus=3 mac=aa:00:00:00:00:11
- rubis-hvm weight=256 cap=50 vcpus=1 mac=aa:00:00:00:00:10
New scheduling parameters:  weight=256 cap=50 vcpus=1
Currently running VMs
2013-07-25 09:27:04.361+0000: 9309: info : libvirt version: 0.9.8
2013-07-25 09:27:04.361+0000: 9309: warning : xenHypervisorMakeCapabilities:2751 : Failed to get host power management capabilities
- Domain-0 weight=256 cap=0 vcpus=32
- rubbos-hvm weight=256 cap=287 vcpus=3 mac=aa:00:00:00:00:11
- rubis-hvm weight=256 cap=50 vcpus=1 mac=aa:00:00:00:00:10
New scheduling parameters:  weight=256 cap=150 vcpus=2
Currently running VMs
2013-07-25 09:27:15.268+0000: 9357: info : libvirt version: 0.9.8
2013-07-25 09:27:15.268+0000: 9357: warning : xenHypervisorMakeCapabilities:2751 : Failed to get host power management capabilities
- Domain-0 weight=256 cap=0 vcpus=32
- rubbos-hvm weight=256 cap=287 vcpus=3 mac=aa:00:00:00:00:11
- rubis-hvm weight=256 cap=150 vcpus=2 mac=aa:00:00:00:00:10
New scheduling parameters:  weight=256 cap=100 vcpus=1
Currently running VMs
2013-07-25 09:27:26.166+0000: 9405: info : libvirt version: 0.9.8
2013-07-25 09:27:26.166+0000: 9405: warning : xenHypervisorMakeCapabilities:2751 : Failed to get host power management capabilities
- Domain-0 weight=256 cap=0 vcpus=32
- rubbos-hvm weight=256 cap=287 vcpus=3 mac=aa:00:00:00:00:11
- rubis-hvm weight=256 cap=100 vcpus=1 mac=aa:00:00:00:00:10
New scheduling parameters:  weight=256 cap=800 vcpus=8
