2013-06-20 23:18:58.709+0000: 19752: info : libvirt version: 0.9.8
2013-06-20 23:18:58.709+0000: 19752: warning : xenHypervisorMakeCapabilities:2751 : Failed to get host power management capabilities
[1371770343.946577] vm=rubbos-hvm new
[1371770343.946630] vm=rubis-hvm new
[1371770343.946658] vm=rubbos-hvm perf=0.000000 vp=0.500000 cap=200.000000
[1371770344.114193] vm=rubis-hvm perf=0.000000 vp=0.500000 cap=200.000000
[1371770349.538743] vm=rubbos-hvm perf=0.000000 vp=0.500000 cap=200.000000
[1371770349.704470] vm=rubis-hvm perf=0.000000 vp=0.500000 cap=200.000000
[1371770355.098128] vm=rubbos-hvm perf=0.000000 vp=0.500000 cap=200.000000
[1371770355.250591] vm=rubis-hvm perf=1.000000 vp=0.500000 cap=200.000000
[1371770360.645728] vm=rubbos-hvm perf=0.000000 vp=0.500000 cap=200.000000
[1371770360.815151] vm=rubis-hvm perf=0.492791 vp=0.500000 cap=200.000000
[1371770366.197178] vm=rubbos-hvm perf=0.000000 vp=0.500000 cap=200.000000
[1371770366.364209] vm=rubis-hvm perf=0.953896 vp=0.500000 cap=200.000000
[1371770371.731172] vm=rubbos-hvm perf=0.000000 vp=0.499565 cap=199.826059
[1371770371.882456] vm=rubis-hvm perf=-0.058031 vp=0.500435 cap=200.173941
[1371770377.228720] vm=rubbos-hvm perf=0.000000 vp=0.499565 cap=199.826059
[1371770377.373425] vm=rubis-hvm perf=0.933921 vp=0.500435 cap=200.173941
[1371770382.764190] vm=rubbos-hvm perf=0.000000 vp=0.499565 cap=199.826059
[1371770382.909722] vm=rubis-hvm perf=0.098059 vp=0.500435 cap=200.173941
[1371770388.299501] vm=rubbos-hvm perf=0.000000 vp=0.496103 cap=198.441262
[1371770388.445879] vm=rubis-hvm perf=-0.465630 vp=0.503897 cap=201.558738
[1371770393.789826] vm=rubbos-hvm perf=0.000000 vp=0.496103 cap=198.441262
[1371770393.922437] vm=rubis-hvm perf=0.616112 vp=0.503897 cap=201.558738
[1371770399.328456] vm=rubbos-hvm perf=0.000000 vp=0.496103 cap=198.441262
[1371770399.492090] vm=rubis-hvm perf=0.359956 vp=0.503897 cap=201.558738
[1371770404.873121] vm=rubbos-hvm perf=0.000000 vp=0.496103 cap=198.441262
[1371770405.037596] vm=rubis-hvm perf=1.000000 vp=0.503897 cap=201.558738
[1371770410.399178] vm=rubbos-hvm perf=0.000000 vp=0.496103 cap=198.441262
[1371770410.551455] vm=rubis-hvm perf=0.244004 vp=0.503897 cap=201.558738
[1371770415.934684] vm=rubbos-hvm perf=0.000000 vp=0.494346 cap=197.738491
[1371770416.062438] vm=rubis-hvm perf=-0.238797 vp=0.505654 cap=202.261509
[1371770421.445749] vm=rubbos-hvm perf=0.000000 vp=0.494346 cap=197.738491
[1371770421.608083] vm=rubis-hvm perf=0.165721 vp=0.505654 cap=202.261509
[1371770426.992353] vm=rubbos-hvm perf=0.000000 vp=0.494346 cap=197.738491
[1371770427.165950] vm=rubis-hvm perf=1.000000 vp=0.505654 cap=202.261509
[1371770432.547853] vm=rubbos-hvm perf=0.000000 vp=0.494346 cap=197.738491
[1371770432.703248] vm=rubis-hvm perf=0.282165 vp=0.505654 cap=202.261509
[1371770438.106509] vm=rubbos-hvm perf=0.000000 vp=0.494346 cap=197.738491
[1371770438.270257] vm=rubis-hvm perf=0.325330 vp=0.505654 cap=202.261509
[1371770443.659652] vm=rubbos-hvm perf=0.000000 vp=0.492321 cap=196.928520
[1371770443.835508] vm=rubis-hvm perf=-0.277338 vp=0.507679 cap=203.071480
[1371770449.218350] vm=rubbos-hvm perf=0.000000 vp=0.492321 cap=196.928520
[1371770449.393809] vm=rubis-hvm perf=0.199331 vp=0.507679 cap=203.071480
[1371770454.757874] vm=rubbos-hvm perf=0.000000 vp=0.492321 cap=196.928520
[1371770454.928349] vm=rubis-hvm perf=1.000000 vp=0.507679 cap=203.071480
[1371770460.296018] vm=rubbos-hvm perf=0.000000 vp=0.492321 cap=196.928520
[1371770460.454644] vm=rubis-hvm perf=0.043621 vp=0.507679 cap=203.071480
[1371770465.847774] vm=rubbos-hvm perf=0.000000 vp=0.492321 cap=196.928520
[1371770465.987753] vm=rubis-hvm perf=0.688294 vp=0.507679 cap=203.071480
[1371770471.385634] vm=rubbos-hvm perf=0.000000 vp=0.491200 cap=196.480054
[1371770471.540923] vm=rubis-hvm perf=-0.154540 vp=0.508800 cap=203.519946
[1371770476.924693] vm=rubbos-hvm perf=0.000000 vp=0.491200 cap=196.480054
[1371770477.083010] vm=rubis-hvm perf=0.227146 vp=0.508800 cap=203.519946
[1371770482.476901] vm=rubbos-hvm perf=0.000000 vp=0.491200 cap=196.480054
[1371770482.621222] vm=rubis-hvm perf=1.000000 vp=0.508800 cap=203.519946
[1371770487.965645] vm=rubbos-hvm perf=0.000000 vp=0.487486 cap=194.994432
[1371770488.138207] vm=rubis-hvm perf=-0.517019 vp=0.512514 cap=205.005568
[1371770493.526213] vm=rubbos-hvm perf=0.000000 vp=0.487486 cap=194.994432
[1371770493.685224] vm=rubis-hvm perf=1.000000 vp=0.512514 cap=205.005568
[1371770499.058086] vm=rubbos-hvm perf=0.000000 vp=0.487486 cap=194.994432
[1371770499.216933] vm=rubis-hvm perf=1.000000 vp=0.512514 cap=205.005568
[1371770504.603775] vm=rubbos-hvm perf=0.000000 vp=0.487486 cap=194.994432
[1371770504.744020] vm=rubis-hvm perf=0.770406 vp=0.512514 cap=205.005568
[1371770510.153621] vm=rubbos-hvm perf=0.000000 vp=0.487486 cap=194.994432
[1371770510.293588] vm=rubis-hvm perf=1.000000 vp=0.512514 cap=205.005568
[1371770515.681113] vm=rubbos-hvm perf=0.000000 vp=0.487486 cap=194.994432
[1371770515.855716] vm=rubis-hvm perf=0.273850 vp=0.512514 cap=205.005568
[1371770521.214202] vm=rubbos-hvm perf=0.000000 vp=0.487486 cap=194.994432
[1371770521.349934] vm=rubis-hvm perf=1.000000 vp=0.512514 cap=205.005568
[1371770526.741566] vm=rubbos-hvm perf=0.000000 vp=0.487486 cap=194.994432
[1371770526.922781] vm=rubis-hvm perf=1.000000 vp=0.512514 cap=205.005568
[1371770532.314442] vm=rubbos-hvm perf=0.000000 vp=0.487486 cap=194.994432
[1371770532.477701] vm=rubis-hvm perf=1.000000 vp=0.512514 cap=205.005568
[1371770537.878022] vm=rubbos-hvm perf=0.000000 vp=0.487486 cap=194.994432
[1371770538.044541] vm=rubis-hvm perf=0.506938 vp=0.512514 cap=205.005568
[1371770543.432749] vm=rubbos-hvm perf=0.000000 vp=0.487486 cap=194.994432
[1371770543.587718] vm=rubis-hvm perf=0.481818 vp=0.512514 cap=205.005568
[1371770548.963777] vm=rubbos-hvm perf=0.000000 vp=0.486812 cap=194.724866
[1371770549.125533] vm=rubis-hvm perf=-0.094659 vp=0.513188 cap=205.275134
[1371770554.484046] vm=rubbos-hvm perf=0.000000 vp=0.482364 cap=192.945408
[1371770554.643240] vm=rubis-hvm perf=-0.631496 vp=0.517636 cap=207.054592
[1371770560.033341] vm=rubbos-hvm perf=0.000000 vp=0.476563 cap=190.625253
[1371770560.186380] vm=rubis-hvm perf=-0.841087 vp=0.523437 cap=209.374747
[1371770565.562142] vm=rubbos-hvm perf=0.000000 vp=0.471327 cap=188.530814
[1371770565.706289] vm=rubis-hvm perf=-0.777041 vp=0.528673 cap=211.469186
[1371770571.088990] vm=rubbos-hvm perf=0.000000 vp=0.469714 cap=187.885508
[1371770571.255590] vm=rubis-hvm perf=-0.242901 vp=0.530286 cap=212.114492
[1371770576.604840] vm=rubbos-hvm perf=0.000000 vp=0.469714 cap=187.885508
[1371770576.768240] vm=rubis-hvm perf=1.000000 vp=0.530286 cap=212.114492
[1371770582.135790] vm=rubbos-hvm perf=0.000000 vp=0.469714 cap=187.885508
[1371770582.298197] vm=rubis-hvm perf=1.000000 vp=0.530286 cap=212.114492
[1371770587.672867] vm=rubbos-hvm perf=0.000000 vp=0.469714 cap=187.885508
[1371770587.832206] vm=rubis-hvm perf=1.000000 vp=0.530286 cap=212.114492
[1371770593.206166] vm=rubbos-hvm perf=0.000000 vp=0.469714 cap=187.885508
[1371770593.357064] vm=rubis-hvm perf=1.000000 vp=0.530286 cap=212.114492
[1371770598.720264] vm=rubbos-hvm perf=0.000000 vp=0.469714 cap=187.885508
[1371770598.886938] vm=rubis-hvm perf=1.000000 vp=0.530286 cap=212.114492
[1371770604.285470] vm=rubbos-hvm perf=0.000000 vp=0.468765 cap=187.506012
[1371770604.439663] vm=rubis-hvm perf=-0.143627 vp=0.531235 cap=212.493988
[1371770609.829006] vm=rubbos-hvm perf=0.000000 vp=0.468765 cap=187.506012
[1371770609.979245] vm=rubis-hvm perf=0.787159 vp=0.531235 cap=212.493988
[1371770615.363734] vm=rubbos-hvm perf=0.000000 vp=0.468765 cap=187.506012
[1371770615.521295] vm=rubis-hvm perf=0.859608 vp=0.531235 cap=212.493988
[1371770620.919162] vm=rubbos-hvm perf=0.000000 vp=0.468765 cap=187.506012
[1371770621.080254] vm=rubis-hvm perf=0.145589 vp=0.531235 cap=212.493988
[1371770626.449485] vm=rubbos-hvm perf=0.000000 vp=0.468765 cap=187.506012
[1371770626.593242] vm=rubis-hvm perf=0.111647 vp=0.531235 cap=212.493988
[1371770631.975951] vm=rubbos-hvm perf=0.000000 vp=0.468765 cap=187.506012
[1371770632.127552] vm=rubis-hvm perf=0.407683 vp=0.531235 cap=212.493988
[1371770637.497074] vm=rubbos-hvm perf=0.000000 vp=0.468765 cap=187.506012
[1371770637.649260] vm=rubis-hvm perf=0.258397 vp=0.531235 cap=212.493988
[1371770643.017351] vm=rubbos-hvm perf=0.000000 vp=0.468765 cap=187.506012
[1371770643.156298] vm=rubis-hvm perf=0.043948 vp=0.531235 cap=212.493988
[1371770648.524023] vm=rubbos-hvm perf=0.000000 vp=0.468765 cap=187.506012
[1371770648.696596] vm=rubis-hvm perf=0.263030 vp=0.531235 cap=212.493988
[1371770654.107604] vm=rubbos-hvm perf=0.000000 vp=0.464759 cap=185.903748
[1371770654.263416] vm=rubis-hvm perf=-0.612872 vp=0.535241 cap=214.096252
[1371770659.633393] vm=rubbos-hvm perf=0.000000 vp=0.464759 cap=185.903748
[1371770659.774016] vm=rubis-hvm perf=1.000000 vp=0.535241 cap=214.096252
[1371770665.147488] vm=rubbos-hvm perf=0.000000 vp=0.464759 cap=185.903748
[1371770665.285937] vm=rubis-hvm perf=1.000000 vp=0.535241 cap=214.096252
[1371770670.637060] vm=rubbos-hvm perf=0.000000 vp=0.464759 cap=185.903748
[1371770670.789081] vm=rubis-hvm perf=0.691876 vp=0.535241 cap=214.096252
[1371770676.173009] vm=rubbos-hvm perf=0.000000 vp=0.462790 cap=185.115858
[1371770676.353520] vm=rubis-hvm perf=-0.305262 vp=0.537210 cap=214.884142
[1371770681.764039] vm=rubbos-hvm perf=0.000000 vp=0.462790 cap=185.115858
[1371770681.933510] vm=rubis-hvm perf=1.000000 vp=0.537210 cap=214.884142
[1371770687.293230] vm=rubbos-hvm perf=0.000000 vp=0.462790 cap=185.115858
[1371770687.424142] vm=rubis-hvm perf=1.000000 vp=0.537210 cap=214.884142
[1371770692.848119] vm=rubbos-hvm perf=0.000000 vp=0.462790 cap=185.115858
[1371770693.004844] vm=rubis-hvm perf=0.414403 vp=0.537210 cap=214.884142
[1371770698.379625] vm=rubbos-hvm perf=0.000000 vp=0.462790 cap=185.115858
[1371770698.545719] vm=rubis-hvm perf=0.385151 vp=0.537210 cap=214.884142
[1371770703.927280] vm=rubbos-hvm perf=0.000000 vp=0.462790 cap=185.115858
[1371770704.082845] vm=rubis-hvm perf=1.000000 vp=0.537210 cap=214.884142
[1371770709.446645] vm=rubbos-hvm perf=0.000000 vp=0.462790 cap=185.115858
[1371770709.615139] vm=rubis-hvm perf=1.000000 vp=0.537210 cap=214.884142
[1371770714.986064] vm=rubbos-hvm perf=0.000000 vp=0.462790 cap=185.115858
[1371770715.125947] vm=rubis-hvm perf=0.640767 vp=0.537210 cap=214.884142
[1371770720.479472] vm=rubbos-hvm perf=0.000000 vp=0.461549 cap=184.619755
[1371770720.650664] vm=rubis-hvm perf=-0.193548 vp=0.538451 cap=215.380245
[1371770726.040904] vm=rubbos-hvm perf=0.000000 vp=0.461549 cap=184.619755
[1371770726.202236] vm=rubis-hvm perf=1.000000 vp=0.538451 cap=215.380245
[1371770731.576766] vm=rubbos-hvm perf=0.000000 vp=0.461549 cap=184.619755
[1371770731.744481] vm=rubis-hvm perf=0.633280 vp=0.538451 cap=215.380245
[1371770737.100437] vm=rubbos-hvm perf=0.000000 vp=0.461549 cap=184.619755
[1371770737.270261] vm=rubis-hvm perf=0.013437 vp=0.538451 cap=215.380245
[1371770742.655777] vm=rubbos-hvm perf=0.000000 vp=0.461549 cap=184.619755
[1371770742.812666] vm=rubis-hvm perf=1.000000 vp=0.538451 cap=215.380245
[1371770748.173229] vm=rubbos-hvm perf=0.000000 vp=0.461549 cap=184.619755
[1371770748.327268] vm=rubis-hvm perf=0.960550 vp=0.538451 cap=215.380245
[1371770753.725061] vm=rubbos-hvm perf=-0.855653 vp=0.471534 cap=188.613470
[1371770753.894300] vm=rubis-hvm perf=-0.277148 vp=0.528466 cap=211.386530
[1371770759.278666] vm=rubbos-hvm perf=-0.872835 vp=0.482898 cap=193.159243
[1371770759.430117] vm=rubis-hvm perf=-0.174854 vp=0.517102 cap=206.840757
[1371770764.821077] vm=rubbos-hvm perf=-0.797626 vp=0.493064 cap=197.225501
[1371770764.982537] vm=rubis-hvm perf=0.530098 vp=0.506936 cap=202.774499
[1371770770.393389] vm=rubbos-hvm perf=-0.583308 vp=0.499128 cap=199.651037
[1371770770.565706] vm=rubis-hvm perf=0.218738 vp=0.500872 cap=200.348963
[1371770775.967691] vm=rubbos-hvm perf=-0.827409 vp=0.509017 cap=203.606946
[1371770776.137520] vm=rubis-hvm perf=-0.169830 vp=0.490983 cap=196.393054
[1371770781.532107] vm=rubbos-hvm perf=-0.696466 vp=0.513770 cap=205.508088
[1371770781.696686] vm=rubis-hvm perf=-0.360546 vp=0.486230 cap=194.491912
[1371770787.088987] vm=rubbos-hvm perf=-0.600832 vp=0.515049 cap=206.019769
[1371770787.244286] vm=rubis-hvm perf=-0.485630 vp=0.484951 cap=193.980231
[1371770792.656789] vm=rubbos-hvm perf=-0.830988 vp=0.528048 cap=211.219010
[1371770792.831344] vm=rubis-hvm perf=1.000000 vp=0.471952 cap=188.780990
[1371770798.247874] vm=rubbos-hvm perf=-0.665260 vp=0.539676 cap=215.870231
[1371770798.408829] vm=rubis-hvm perf=1.000000 vp=0.460324 cap=184.129769
[1371770803.811109] vm=rubbos-hvm perf=-0.801963 vp=0.551893 cap=220.757313
[1371770803.986231] vm=rubis-hvm perf=1.000000 vp=0.448107 cap=179.242687
[1371770809.403825] vm=rubbos-hvm perf=-0.639788 vp=0.559359 cap=223.743599
[1371770809.566512] vm=rubis-hvm perf=-0.068557 vp=0.440641 cap=176.256401
[1371770814.970931] vm=rubbos-hvm perf=-0.613603 vp=0.566022 cap=226.408654
[1371770815.144663] vm=rubis-hvm perf=0.431512 vp=0.433978 cap=173.591346
[1371770820.546383] vm=rubbos-hvm perf=-0.250804 vp=0.569709 cap=227.883785
[1371770820.704398] vm=rubis-hvm perf=0.312429 vp=0.430291 cap=172.116215
[1371770826.093663] vm=rubbos-hvm perf=-0.634066 vp=0.580317 cap=232.126988
[1371770826.265456] vm=rubis-hvm perf=1.000000 vp=0.419683 cap=167.873012
[1371770831.636801] vm=rubbos-hvm perf=-0.450480 vp=0.589786 cap=235.914297
[1371770831.795288] vm=rubis-hvm perf=1.000000 vp=0.410214 cap=164.085703
[1371770837.184753] vm=rubbos-hvm perf=-0.658393 vp=0.595517 cap=238.206967
[1371770837.360555] vm=rubis-hvm perf=0.342945 vp=0.404483 cap=161.793033
[1371770842.735460] vm=rubbos-hvm perf=-0.894771 vp=0.602066 cap=240.826312
[1371770842.882414] vm=rubis-hvm perf=0.313358 vp=0.397934 cap=159.173688
[1371770848.302337] vm=rubbos-hvm perf=-0.580935 vp=0.596577 cap=238.630875
[1371770848.455018] vm=rubis-hvm perf=-0.687843 vp=0.403423 cap=161.369125
[1371770853.829746] vm=rubbos-hvm perf=-0.787650 vp=0.593205 cap=237.282039
[1371770853.999890] vm=rubis-hvm perf=-0.721045 vp=0.406795 cap=162.717961
[1371770859.371132] vm=rubbos-hvm perf=-0.836032 vp=0.604285 cap=241.713885
[1371770859.543856] vm=rubis-hvm perf=1.000000 vp=0.395715 cap=158.286115
[1371770864.937241] vm=rubbos-hvm perf=-0.446096 vp=0.613342 cap=245.336770
[1371770865.098394] vm=rubis-hvm perf=1.000000 vp=0.386658 cap=154.663230
[1371770870.488528] vm=rubbos-hvm perf=-0.520702 vp=0.616650 cap=246.659976
[1371770870.651409] vm=rubis-hvm perf=-0.148476 vp=0.383350 cap=153.340024
[1371770876.057432] vm=rubbos-hvm perf=-0.402404 vp=0.624987 cap=249.994719
[1371770876.225768] vm=rubis-hvm perf=0.951539 vp=0.375013 cap=150.005281
[1371770881.623348] vm=rubbos-hvm perf=-0.198471 vp=0.630677 cap=252.270681
[1371770881.778422] vm=rubis-hvm perf=0.702597 vp=0.369323 cap=147.729319
[1371770887.135623] vm=rubbos-hvm perf=-0.574158 vp=0.633787 cap=253.514858
[1371770887.279025] vm=rubis-hvm perf=-0.171829 vp=0.366213 cap=146.485142
[1371770892.697702] vm=rubbos-hvm perf=-0.339893 vp=0.640968 cap=256.387201
[1371770892.867710] vm=rubis-hvm perf=0.855514 vp=0.359032 cap=143.612799
[1371770898.206506] vm=rubbos-hvm perf=-0.507305 vp=0.643679 cap=257.471707
[1371770898.351767] vm=rubis-hvm perf=-0.143164 vp=0.356321 cap=142.528293
[1371770903.752303] vm=rubbos-hvm perf=-0.834817 vp=0.645939 cap=258.375588
[1371770903.926667] vm=rubis-hvm perf=-0.345108 vp=0.354061 cap=141.624412
[1371770909.344494] vm=rubbos-hvm perf=-0.331663 vp=0.650112 cap=260.044731
[1371770909.515288] vm=rubis-hvm perf=0.433653 vp=0.349888 cap=139.955269
[1371770914.896652] vm=rubbos-hvm perf=-0.877852 vp=0.659879 cap=263.951745
[1371770915.070185] vm=rubis-hvm perf=1.000000 vp=0.340121 cap=136.048255
[1371770920.438807] vm=rubbos-hvm perf=-0.658279 vp=0.668664 cap=267.465656
[1371770920.607828] vm=rubis-hvm perf=1.000000 vp=0.331336 cap=132.534344
[1371770926.021176] vm=rubbos-hvm perf=-0.717685 vp=0.668852 cap=267.540844
[1371770926.180215] vm=rubis-hvm perf=-0.346256 vp=0.331148 cap=132.459156
[1371770931.601722] vm=rubbos-hvm perf=-0.663174 vp=0.666760 cap=266.704107
[1371770931.740769] vm=rubis-hvm perf=-0.432587 vp=0.333240 cap=133.295893
[1371770937.118193] vm=rubbos-hvm perf=-0.679777 vp=0.671628 cap=268.651153
[1371770937.295074] vm=rubis-hvm perf=0.401324 vp=0.328372 cap=131.348847
[1371770942.692477] vm=rubbos-hvm perf=-0.116837 vp=0.660814 cap=264.325700
[1371770942.849970] vm=rubis-hvm perf=-0.593811 vp=0.339186 cap=135.674300
[1371770948.235105] vm=rubbos-hvm perf=-0.529073 vp=0.651998 cap=260.799249
[1371770948.380002] vm=rubis-hvm perf=-0.716276 vp=0.348002 cap=139.200751
[1371770953.772732] vm=rubbos-hvm perf=-0.847411 vp=0.661611 cap=264.644293
[1371770953.907321] vm=rubis-hvm perf=1.000000 vp=0.338389 cap=135.355707
[1371770959.320807] vm=rubbos-hvm perf=-0.650237 vp=0.670330 cap=268.132110
[1371770959.510642] vm=rubis-hvm perf=1.000000 vp=0.329670 cap=131.867890
[1371770964.901508] vm=rubbos-hvm perf=-0.524404 vp=0.678464 cap=271.385580
[1371770965.049831] vm=rubis-hvm perf=1.000000 vp=0.321536 cap=128.614420
[1371770970.439668] vm=rubbos-hvm perf=-0.525766 vp=0.686436 cap=274.574583
[1371770970.620064] vm=rubis-hvm perf=1.000000 vp=0.313564 cap=125.425417
[1371770976.029533] vm=rubbos-hvm perf=-0.198844 vp=0.693325 cap=277.330189
[1371770976.190335] vm=rubis-hvm perf=1.000000 vp=0.306675 cap=122.669811
[1371770981.604672] vm=rubbos-hvm perf=-0.665858 vp=0.701366 cap=280.546570
[1371770981.770191] vm=rubis-hvm perf=1.000000 vp=0.298634 cap=119.453430
[1371770987.151794] vm=rubbos-hvm perf=-0.478590 vp=0.704439 cap=281.775529
[1371770987.310506] vm=rubis-hvm perf=0.290264 vp=0.295561 cap=118.224471
[1371770992.731405] vm=rubbos-hvm perf=-0.742428 vp=0.711629 cap=284.651712
[1371770992.871594] vm=rubis-hvm perf=0.868388 vp=0.288371 cap=115.348288
[1371770998.253439] vm=rubbos-hvm perf=-0.320931 vp=0.718422 cap=287.368968
[1371770998.411331] vm=rubis-hvm perf=1.000000 vp=0.281578 cap=112.631032
[1371771003.792831] vm=rubbos-hvm perf=-0.589085 vp=0.721296 cap=288.518512
[1371771003.985151] vm=rubis-hvm perf=0.247548 vp=0.278704 cap=111.481488
[1371771009.359042] vm=rubbos-hvm perf=-0.340703 vp=0.713542 cap=285.416759
[1371771009.514508] vm=rubis-hvm perf=-0.489999 vp=0.286458 cap=114.583241
[1371771014.925738] vm=rubbos-hvm perf=-0.771703 vp=0.721355 cap=288.541831
[1371771015.089888] vm=rubis-hvm perf=1.000000 vp=0.278645 cap=111.458169
[1371771020.476365] vm=rubbos-hvm perf=-0.004143 vp=0.723723 cap=289.489216
[1371771020.619223] vm=rubis-hvm perf=0.394542 vp=0.276277 cap=110.510784
[1371771025.989216] vm=rubbos-hvm perf=-0.116820 vp=0.724510 cap=289.804021
[1371771026.163163] vm=rubis-hvm perf=0.086982 vp=0.275490 cap=110.195979
[1371771031.521476] vm=rubbos-hvm perf=-0.301061 vp=0.726840 cap=290.735976
[1371771031.678324] vm=rubis-hvm perf=-0.007283 vp=0.273160 cap=109.264024
[1371771037.071444] vm=rubbos-hvm perf=0.144160 vp=0.726840 cap=290.735976
[1371771037.224863] vm=rubis-hvm perf=1.000000 vp=0.273160 cap=109.264024
[1371771042.644643] vm=rubbos-hvm perf=-0.157361 vp=0.733006 cap=293.202438
[1371771042.803812] vm=rubis-hvm perf=1.000000 vp=0.266994 cap=106.797562
[1371771048.221830] vm=rubbos-hvm perf=-0.196495 vp=0.737164 cap=294.865615
[1371771048.394164] vm=rubis-hvm perf=0.647818 vp=0.262836 cap=105.134385
[1371771053.757022] vm=rubbos-hvm perf=-0.618506 vp=0.730205 cap=292.081857
[1371771053.887681] vm=rubis-hvm perf=-0.535221 vp=0.269795 cap=107.918143
[1371771059.291520] vm=rubbos-hvm perf=-0.800802 vp=0.733275 cap=293.310104
[1371771059.479238] vm=rubis-hvm perf=0.229649 vp=0.266725 cap=106.689896
[1371771064.896867] vm=rubbos-hvm perf=-0.113959 vp=0.739249 cap=295.699639
[1371771065.044207] vm=rubis-hvm perf=1.000000 vp=0.260751 cap=104.300361
[1371771070.422679] vm=rubbos-hvm perf=0.114400 vp=0.738390 cap=295.355947
[1371771070.587356] vm=rubis-hvm perf=-0.012118 vp=0.261610 cap=104.644053
[1371771075.982268] vm=rubbos-hvm perf=0.056167 vp=0.728608 cap=291.443272
[1371771076.161068] vm=rubis-hvm perf=-0.586156 vp=0.271392 cap=108.556728
[1371771081.556771] vm=rubbos-hvm perf=-0.201150 vp=0.732814 cap=293.125470
[1371771081.686623] vm=rubis-hvm perf=0.645167 vp=0.267186 cap=106.874530
[1371771087.103712] vm=rubbos-hvm perf=0.527460 vp=0.732814 cap=293.125470
[1371771087.256007] vm=rubis-hvm perf=0.411646 vp=0.267186 cap=106.874530
[1371771092.663040] vm=rubbos-hvm perf=-0.304287 vp=0.736584 cap=294.633515
[1371771092.811618] vm=rubis-hvm perf=0.540080 vp=0.263416 cap=105.366485
[1371771098.205533] vm=rubbos-hvm perf=0.024355 vp=0.736584 cap=294.633515
[1371771098.384113] vm=rubis-hvm perf=1.000000 vp=0.263416 cap=105.366485
[1371771103.751555] vm=rubbos-hvm perf=-0.179109 vp=0.742635 cap=297.054074
[1371771103.904189] vm=rubis-hvm perf=1.000000 vp=0.257365 cap=102.945926
[1371771109.286629] vm=rubbos-hvm perf=0.463927 vp=0.742635 cap=297.054074
[1371771109.450617] vm=rubis-hvm perf=0.431982 vp=0.257365 cap=102.945926
[1371771114.837702] vm=rubbos-hvm perf=-0.057182 vp=0.746246 cap=298.498497
[1371771114.995720] vm=rubis-hvm perf=0.618925 vp=0.253754 cap=101.501503
[1371771120.376965] vm=rubbos-hvm perf=0.520732 vp=0.740897 cap=296.358602
[1371771120.547179] vm=rubis-hvm perf=-0.145461 vp=0.259103 cap=103.641398
[1371771125.967767] vm=rubbos-hvm perf=0.043456 vp=0.740897 cap=296.358602
[1371771126.151167] vm=rubis-hvm perf=0.036833 vp=0.259103 cap=103.641398
[1371771131.537715] vm=rubbos-hvm perf=0.353499 vp=0.740897 cap=296.358602
[1371771131.699395] vm=rubis-hvm perf=1.000000 vp=0.259103 cap=103.641398
[1371771137.095406] vm=rubbos-hvm perf=-0.248893 vp=0.746633 cap=298.653199
[1371771137.270829] vm=rubis-hvm perf=0.931591 vp=0.253367 cap=101.346801
[1371771142.667665] vm=rubbos-hvm perf=0.239268 vp=0.746633 cap=298.653199
[1371771142.850828] vm=rubis-hvm perf=1.000000 vp=0.253367 cap=101.346801
[1371771148.230312] vm=rubbos-hvm perf=-0.675787 vp=0.747754 cap=299.101520
[1371771148.403248] vm=rubis-hvm perf=-0.179288 vp=0.252246 cap=100.898480
[1371771153.777427] vm=rubbos-hvm perf=0.486573 vp=0.747754 cap=299.101520
[1371771153.918318] vm=rubis-hvm perf=0.554765 vp=0.252246 cap=100.898480
[1371771159.318377] vm=rubbos-hvm perf=0.037807 vp=0.747754 cap=299.101520
[1371771159.470917] vm=rubis-hvm perf=1.000000 vp=0.252246 cap=100.898480
[1371771164.841528] vm=rubbos-hvm perf=0.437811 vp=0.747754 cap=299.101520
[1371771164.987683] vm=rubis-hvm perf=0.000000 vp=0.252246 cap=100.898480
[1371771170.355061] vm=rubbos-hvm perf=0.029671 vp=0.747754 cap=299.101520
[1371771170.511023] vm=rubis-hvm perf=0.000000 vp=0.252246 cap=100.898480
[1371771175.902343] vm=rubbos-hvm perf=-0.240041 vp=0.748211 cap=299.284467
[1371771176.095430] vm=rubis-hvm perf=0.000000 vp=0.251789 cap=100.715533
[1371771181.491904] vm=rubbos-hvm perf=0.222099 vp=0.748211 cap=299.284467
[1371771181.661094] vm=rubis-hvm perf=0.000000 vp=0.251789 cap=100.715533
[1371771187.030759] vm=rubbos-hvm perf=0.298149 vp=0.748211 cap=299.284467
[1371771187.181951] vm=rubis-hvm perf=0.000000 vp=0.251789 cap=100.715533
[1371771192.544693] vm=rubbos-hvm perf=-0.233967 vp=0.748655 cap=299.462148
[1371771192.696733] vm=rubis-hvm perf=0.000000 vp=0.251345 cap=100.537852
[1371771198.102614] vm=rubbos-hvm perf=0.225547 vp=0.748655 cap=299.462148
[1371771198.243548] vm=rubis-hvm perf=0.000000 vp=0.251345 cap=100.537852
[1371771203.627205] vm=rubbos-hvm perf=0.117683 vp=0.748655 cap=299.462148
[1371771203.763958] vm=rubis-hvm perf=0.000000 vp=0.251345 cap=100.537852
[1371771209.147003] vm=rubbos-hvm perf=0.231196 vp=0.748655 cap=299.462148
[1371771209.331567] vm=rubis-hvm perf=0.000000 vp=0.251345 cap=100.537852
[1371771214.727392] vm=rubbos-hvm perf=0.466792 vp=0.748655 cap=299.462148
[1371771214.897620] vm=rubis-hvm perf=0.000000 vp=0.251345 cap=100.537852
[1371771220.290267] vm=rubbos-hvm perf=0.236323 vp=0.748655 cap=299.462148
[1371771220.461190] vm=rubis-hvm perf=0.000000 vp=0.251345 cap=100.537852
[1371771225.830394] vm=rubbos-hvm perf=-0.178307 vp=0.748993 cap=299.597140
[1371771225.989753] vm=rubis-hvm perf=0.000000 vp=0.251007 cap=100.402860
[1371771231.378589] vm=rubbos-hvm perf=0.120978 vp=0.748993 cap=299.597140
[1371771231.570083] vm=rubis-hvm perf=0.000000 vp=0.251007 cap=100.402860
[1371771236.959685] vm=rubbos-hvm perf=0.478875 vp=0.748993 cap=299.597140
[1371771237.138932] vm=rubis-hvm perf=0.000000 vp=0.251007 cap=100.402860
[1371771242.532792] vm=rubbos-hvm perf=-0.300072 vp=0.749559 cap=299.823499
[1371771242.698362] vm=rubis-hvm perf=0.000000 vp=0.250441 cap=100.176501
[1371771248.092688] vm=rubbos-hvm perf=0.496733 vp=0.749559 cap=299.823499
[1371771248.249038] vm=rubis-hvm perf=0.000000 vp=0.250441 cap=100.176501
[1371771253.655356] vm=rubbos-hvm perf=0.347651 vp=0.749559 cap=299.823499
[1371771253.805991] vm=rubis-hvm perf=0.000000 vp=0.250441 cap=100.176501
[1371771259.236252] vm=rubbos-hvm perf=0.746401 vp=0.749559 cap=299.823499
[1371771259.401130] vm=rubis-hvm perf=0.000000 vp=0.250441 cap=100.176501
[1371771264.789451] vm=rubbos-hvm perf=-0.053747 vp=0.749660 cap=299.863936
[1371771264.955940] vm=rubis-hvm perf=0.000000 vp=0.250340 cap=100.136064
[1371771270.367895] vm=rubbos-hvm perf=-0.031663 vp=0.749719 cap=299.887742
[1371771270.530295] vm=rubis-hvm perf=0.000000 vp=0.250281 cap=100.112258
[1371771275.914426] vm=rubbos-hvm perf=-0.053543 vp=0.749820 cap=299.927973
[1371771276.070939] vm=rubis-hvm perf=0.000000 vp=0.250180 cap=100.072027
[1371771281.458390] vm=rubbos-hvm perf=0.662842 vp=0.749820 cap=299.927973
[1371771281.585832] vm=rubis-hvm perf=0.000000 vp=0.250180 cap=100.072027
[1371771286.951907] vm=rubbos-hvm perf=-0.156494 vp=0.750113 cap=300.045375
[1371771287.109999] vm=rubis-hvm perf=0.000000 vp=0.249887 cap=99.954625
[1371771292.502419] vm=rubbos-hvm perf=0.311802 vp=0.750113 cap=300.045375
[1371771292.682391] vm=rubis-hvm perf=0.000000 vp=0.249887 cap=99.954625
[1371771298.111191] vm=rubbos-hvm perf=-0.035947 vp=0.750181 cap=300.072304
[1371771298.276190] vm=rubis-hvm perf=0.000000 vp=0.249819 cap=99.927696
[1371771303.670398] vm=rubbos-hvm perf=0.184461 vp=0.750181 cap=300.072304
[1371771303.820972] vm=rubis-hvm perf=0.000000 vp=0.249819 cap=99.927696
[1371771309.192500] vm=rubbos-hvm perf=0.398582 vp=0.750181 cap=300.072304
[1371771309.334872] vm=rubis-hvm perf=0.000000 vp=0.249819 cap=99.927696
[1371771314.762626] vm=rubbos-hvm perf=0.519770 vp=0.750181 cap=300.072304
[1371771314.931387] vm=rubis-hvm perf=0.000000 vp=0.249819 cap=99.927696
[1371771320.342709] vm=rubbos-hvm perf=0.441093 vp=0.750181 cap=300.072304
[1371771320.500692] vm=rubis-hvm perf=0.000000 vp=0.249819 cap=99.927696
[1371771325.903238] vm=rubbos-hvm perf=0.363497 vp=0.750181 cap=300.072304
[1371771326.063560] vm=rubis-hvm perf=0.000000 vp=0.249819 cap=99.927696
[1371771331.447061] vm=rubbos-hvm perf=0.655809 vp=0.750181 cap=300.072304
[1371771331.576465] vm=rubis-hvm perf=0.000000 vp=0.249819 cap=99.927696
[1371771336.983179] vm=rubbos-hvm perf=0.337374 vp=0.750181 cap=300.072304
[1371771337.143188] vm=rubis-hvm perf=0.000000 vp=0.249819 cap=99.927696
[1371771342.550324] vm=rubbos-hvm perf=0.371155 vp=0.750181 cap=300.072304
[1371771342.723436] vm=rubis-hvm perf=0.000000 vp=0.249819 cap=99.927696
[1371771348.119243] vm=rubbos-hvm perf=0.301707 vp=0.750181 cap=300.072304
[1371771348.276044] vm=rubis-hvm perf=0.000000 vp=0.249819 cap=99.927696
[1371771353.674996] vm=rubbos-hvm perf=0.706643 vp=0.736698 cap=294.679048
[1371771353.847433] vm=rubis-hvm perf=-0.577912 vp=0.263302 cap=105.320952
[1371771359.236980] vm=rubbos-hvm perf=-0.228163 vp=0.719070 cap=287.627907
[1371771359.413432] vm=rubis-hvm perf=-0.879154 vp=0.280930 cap=112.372093
[1371771364.783440] vm=rubbos-hvm perf=-0.677735 vp=0.704799 cap=281.919624
[1371771364.943643] vm=rubis-hvm perf=-0.926317 vp=0.295201 cap=118.080376
[1371771370.312519] vm=rubbos-hvm perf=0.057378 vp=0.690669 cap=276.267645
[1371771370.444611] vm=rubis-hvm perf=-0.943541 vp=0.309331 cap=123.732355
[1371771375.858468] vm=rubbos-hvm perf=-0.312827 vp=0.673740 cap=269.496077
[1371771376.038623] vm=rubis-hvm perf=-0.957136 vp=0.326260 cap=130.503923
[1371771381.422709] vm=rubbos-hvm perf=-0.312369 vp=0.657296 cap=262.918493
[1371771381.613531] vm=rubis-hvm perf=-0.964831 vp=0.342704 cap=137.081507
[1371771387.043817] vm=rubbos-hvm perf=-0.236076 vp=0.640557 cap=256.222799
[1371771387.198671] vm=rubis-hvm perf=-0.971980 vp=0.359443 cap=143.777201
[1371771392.625543] vm=rubbos-hvm perf=-0.744582 vp=0.629872 cap=251.948871
[1371771392.791644] vm=rubis-hvm perf=-0.973833 vp=0.370128 cap=148.051129
[1371771398.210692] vm=rubbos-hvm perf=-0.785637 vp=0.620401 cap=248.160457
[1371771398.367791] vm=rubis-hvm perf=-0.962873 vp=0.379599 cap=151.839543
[1371771403.772244] vm=rubbos-hvm perf=-0.741259 vp=0.630400 cap=252.160040
[1371771403.927032] vm=rubis-hvm perf=1.000000 vp=0.369600 cap=147.839960
[1371771409.334684] vm=rubbos-hvm perf=-0.491278 vp=0.639189 cap=255.675679
[1371771409.500054] vm=rubis-hvm perf=1.000000 vp=0.360811 cap=144.324321
[1371771414.920907] vm=rubbos-hvm perf=-0.624584 vp=0.648311 cap=259.324296
[1371771415.075526] vm=rubis-hvm perf=1.000000 vp=0.351689 cap=140.675704
[1371771420.466949] vm=rubbos-hvm perf=-0.545587 vp=0.656957 cap=262.782939
[1371771420.646422] vm=rubis-hvm perf=1.000000 vp=0.343043 cap=137.217061
[1371771426.050502] vm=rubbos-hvm perf=-0.616559 vp=0.665668 cap=266.267200
[1371771426.199908] vm=rubis-hvm perf=1.000000 vp=0.334332 cap=133.732800
[1371771431.599765] vm=rubbos-hvm perf=-0.104607 vp=0.668996 cap=267.598377
[1371771431.737757] vm=rubis-hvm perf=0.450920 vp=0.331004 cap=132.401623
[1371771437.127046] vm=rubbos-hvm perf=-0.097419 vp=0.675816 cap=270.326356
[1371771437.296281] vm=rubis-hvm perf=1.000000 vp=0.324184 cap=129.673644
[1371771442.696294] vm=rubbos-hvm perf=-0.605960 vp=0.680213 cap=272.085157
[1371771442.861389] vm=rubis-hvm perf=0.387507 vp=0.319787 cap=127.914843
[1371771448.266145] vm=rubbos-hvm perf=-0.787725 vp=0.684646 cap=273.858314
[1371771448.442565] vm=rubis-hvm perf=0.318515 vp=0.315354 cap=126.141686
[1371771453.842561] vm=rubbos-hvm perf=-0.310701 vp=0.684135 cap=273.654142
[1371771453.989622] vm=rubis-hvm perf=-0.167963 vp=0.315865 cap=126.345858
[1371771459.379929] vm=rubbos-hvm perf=-0.473620 vp=0.691843 cap=276.737198
[1371771459.526405] vm=rubis-hvm perf=1.000000 vp=0.308157 cap=123.262802
[1371771464.907465] vm=rubbos-hvm perf=-0.169750 vp=0.689207 cap=275.682917
[1371771465.056435] vm=rubis-hvm perf=-0.202598 vp=0.310793 cap=124.317083
[1371771470.451848] vm=rubbos-hvm perf=-0.549541 vp=0.697024 cap=278.809631
[1371771470.607829] vm=rubis-hvm perf=1.000000 vp=0.302976 cap=121.190369
[1371771475.977287] vm=rubbos-hvm perf=-0.218899 vp=0.703807 cap=281.522801
[1371771476.131918] vm=rubis-hvm perf=1.000000 vp=0.296193 cap=118.477199
[1371771481.548986] vm=rubbos-hvm perf=-0.449233 vp=0.706738 cap=282.695086
[1371771481.725490] vm=rubis-hvm perf=0.284249 vp=0.293262 cap=117.304914
[1371771487.133633] vm=rubbos-hvm perf=-0.215126 vp=0.709224 cap=283.689491
[1371771487.306692] vm=rubis-hvm perf=0.313974 vp=0.290776 cap=116.310509
[1371771492.718561] vm=rubbos-hvm perf=-0.421360 vp=0.705148 cap=282.059224
[1371771492.889782] vm=rubis-hvm perf=-0.364310 vp=0.294852 cap=117.940776
[1371771498.278813] vm=rubbos-hvm perf=-0.016341 vp=0.700067 cap=280.026615
[1371771498.437363] vm=rubis-hvm perf=-0.247043 vp=0.299933 cap=119.973385
[1371771503.830306] vm=rubbos-hvm perf=-0.196419 vp=0.706744 cap=282.697519
[1371771503.978774] vm=rubis-hvm perf=1.000000 vp=0.293256 cap=117.302481
[1371771509.363316] vm=rubbos-hvm perf=-0.540824 vp=0.702385 cap=280.954197
[1371771509.538526] vm=rubis-hvm perf=-0.429967 vp=0.297615 cap=119.045803
[1371771514.940034] vm=rubbos-hvm perf=-0.099143 vp=0.703904 cap=281.561740
[1371771515.112494] vm=rubis-hvm perf=0.201429 vp=0.296096 cap=118.438260
[1371771520.506971] vm=rubbos-hvm perf=-0.118581 vp=0.710327 cap=284.130618
[1371771520.659783] vm=rubis-hvm perf=1.000000 vp=0.289673 cap=115.869382
[1371771526.032818] vm=rubbos-hvm perf=-0.511672 vp=0.714826 cap=285.930214
[1371771526.200443] vm=rubis-hvm perf=0.531668 vp=0.285174 cap=114.069786
[1371771531.621823] vm=rubbos-hvm perf=-0.193976 vp=0.721265 cap=288.506198
[1371771531.776433] vm=rubis-hvm perf=1.000000 vp=0.278735 cap=111.493802
[1371771537.137523] vm=rubbos-hvm perf=-0.043282 vp=0.724796 cap=289.918396
[1371771537.302844] vm=rubis-hvm perf=0.576151 vp=0.275204 cap=110.081604
[1371771542.696250] vm=rubbos-hvm perf=-0.321660 vp=0.723585 cap=289.434142
[1371771542.842504] vm=rubis-hvm perf=-0.177811 vp=0.276415 cap=110.565858
[1371771548.217601] vm=rubbos-hvm perf=-0.796651 vp=0.731196 cap=292.478479
[1371771548.358209] vm=rubis-hvm perf=1.000000 vp=0.268804 cap=107.521521
[1371771553.730061] vm=rubbos-hvm perf=-0.282168 vp=0.733728 cap=293.491064
[1371771553.893181] vm=rubis-hvm perf=0.329670 vp=0.266272 cap=106.508936
[1371771559.267858] vm=rubbos-hvm perf=0.000000 vp=0.733728 cap=293.491064
[1371771559.423866] vm=rubis-hvm perf=0.813086 vp=0.266272 cap=106.508936
[1371771564.792547] vm=rubbos-hvm perf=0.000000 vp=0.733728 cap=293.491064
[1371771564.964685] vm=rubis-hvm perf=0.467332 vp=0.266272 cap=106.508936
[1371771570.345369] vm=rubbos-hvm perf=0.000000 vp=0.729885 cap=291.954085
[1371771570.485293] vm=rubis-hvm perf=-0.239165 vp=0.270115 cap=108.045915
[1371771575.864074] vm=rubbos-hvm perf=0.000000 vp=0.729885 cap=291.954085
[1371771576.040880] vm=rubis-hvm perf=1.000000 vp=0.270115 cap=108.045915
[1371771581.411121] vm=rubbos-hvm perf=0.000000 vp=0.729885 cap=291.954085
[1371771581.578681] vm=rubis-hvm perf=0.738093 vp=0.270115 cap=108.045915
[1371771586.978566] vm=rubbos-hvm perf=0.000000 vp=0.729885 cap=291.954085
[1371771587.145482] vm=rubis-hvm perf=1.000000 vp=0.270115 cap=108.045915
[1371771592.543440] vm=rubbos-hvm perf=0.000000 vp=0.729885 cap=291.954085
[1371771592.714298] vm=rubis-hvm perf=0.729802 vp=0.270115 cap=108.045915
[1371771598.082803] vm=rubbos-hvm perf=0.000000 vp=0.729885 cap=291.954085
[1371771598.228875] vm=rubis-hvm perf=0.652639 vp=0.270115 cap=108.045915
[1371771603.593210] vm=rubbos-hvm perf=0.000000 vp=0.718087 cap=287.234602
[1371771603.741428] vm=rubis-hvm perf=-0.750381 vp=0.281913 cap=112.765398
[1371771609.102074] vm=rubbos-hvm perf=0.000000 vp=0.707866 cap=283.146201
[1371771609.249051] vm=rubis-hvm perf=-0.670262 vp=0.292134 cap=116.853799
[1371771614.666068] vm=rubbos-hvm perf=0.000000 vp=0.707866 cap=283.146201
[1371771614.817452] vm=rubis-hvm perf=1.000000 vp=0.292134 cap=116.853799
[1371771620.172499] vm=rubbos-hvm perf=0.000000 vp=0.707866 cap=283.146201
[1371771620.316976] vm=rubis-hvm perf=0.999812 vp=0.292134 cap=116.853799
[1371771625.716810] vm=rubbos-hvm perf=0.000000 vp=0.707866 cap=283.146201
[1371771625.876288] vm=rubis-hvm perf=1.000000 vp=0.292134 cap=116.853799
[1371771631.239523] vm=rubbos-hvm perf=0.000000 vp=0.707866 cap=283.146201
[1371771631.400371] vm=rubis-hvm perf=1.000000 vp=0.292134 cap=116.853799
[1371771636.782781] vm=rubbos-hvm perf=0.000000 vp=0.707866 cap=283.146201
[1371771636.940521] vm=rubis-hvm perf=0.069504 vp=0.292134 cap=116.853799
[1371771642.298827] vm=rubbos-hvm perf=0.000000 vp=0.707866 cap=283.146201
[1371771642.467912] vm=rubis-hvm perf=1.000000 vp=0.292134 cap=116.853799
[1371771647.850639] vm=rubbos-hvm perf=0.000000 vp=0.707866 cap=283.146201
[1371771648.005186] vm=rubis-hvm perf=1.000000 vp=0.292134 cap=116.853799
[1371771653.420441] vm=rubbos-hvm perf=0.000000 vp=0.707866 cap=283.146201
[1371771653.567661] vm=rubis-hvm perf=0.365309 vp=0.292134 cap=116.853799
[1371771658.912166] vm=rubbos-hvm perf=0.000000 vp=0.707866 cap=283.146201
[1371771659.070686] vm=rubis-hvm perf=0.372188 vp=0.292134 cap=116.853799
[1371771664.449702] vm=rubbos-hvm perf=0.000000 vp=0.707866 cap=283.146201
[1371771664.584164] vm=rubis-hvm perf=0.496561 vp=0.292134 cap=116.853799
[1371771669.970735] vm=rubbos-hvm perf=0.000000 vp=0.707866 cap=283.146201
[1371771670.107460] vm=rubis-hvm perf=0.956706 vp=0.292134 cap=116.853799
[1371771675.505927] vm=rubbos-hvm perf=0.000000 vp=0.704521 cap=281.808263
[1371771675.658298] vm=rubis-hvm perf=-0.223568 vp=0.295479 cap=118.191737
[1371771681.051340] vm=rubbos-hvm perf=0.000000 vp=0.693766 cap=277.506256
[1371771681.221208] vm=rubis-hvm perf=-0.733472 vp=0.306234 cap=122.493744
[1371771686.662413] vm=rubbos-hvm perf=0.000000 vp=0.693766 cap=277.506256
[1371771686.837116] vm=rubis-hvm perf=0.032090 vp=0.306234 cap=122.493744
[1371771692.226904] vm=rubbos-hvm perf=0.000000 vp=0.693766 cap=277.506256
[1371771692.398045] vm=rubis-hvm perf=0.681987 vp=0.306234 cap=122.493744
[1371771697.769405] vm=rubbos-hvm perf=0.000000 vp=0.693766 cap=277.506256
[1371771697.931968] vm=rubis-hvm perf=0.546240 vp=0.306234 cap=122.493744
[1371771703.291716] vm=rubbos-hvm perf=0.000000 vp=0.693766 cap=277.506256
[1371771703.456622] vm=rubis-hvm perf=1.000000 vp=0.306234 cap=122.493744
[1371771708.821839] vm=rubbos-hvm perf=0.000000 vp=0.693766 cap=277.506256
[1371771708.958999] vm=rubis-hvm perf=1.000000 vp=0.306234 cap=122.493744
[1371771714.325256] vm=rubbos-hvm perf=0.000000 vp=0.693766 cap=277.506256
[1371771714.482943] vm=rubis-hvm perf=1.000000 vp=0.306234 cap=122.493744
[1371771719.846179] vm=rubbos-hvm perf=0.000000 vp=0.693766 cap=277.506256
[1371771719.992278] vm=rubis-hvm perf=1.000000 vp=0.306234 cap=122.493744
[1371771725.372469] vm=rubbos-hvm perf=0.000000 vp=0.693766 cap=277.506256
[1371771725.520303] vm=rubis-hvm perf=0.911954 vp=0.306234 cap=122.493744
[1371771730.898934] vm=rubbos-hvm perf=0.000000 vp=0.693766 cap=277.506256
[1371771731.060962] vm=rubis-hvm perf=0.113586 vp=0.306234 cap=122.493744
[1371771736.462513] vm=rubbos-hvm perf=0.000000 vp=0.688193 cap=275.277330
[1371771736.611628] vm=rubis-hvm perf=-0.389037 vp=0.311807 cap=124.722670
[1371771741.973464] vm=rubbos-hvm perf=0.000000 vp=0.688193 cap=275.277330
[1371771742.131825] vm=rubis-hvm perf=1.000000 vp=0.311807 cap=124.722670
[1371771747.530742] vm=rubbos-hvm perf=0.000000 vp=0.688193 cap=275.277330
[1371771747.691993] vm=rubis-hvm perf=0.918443 vp=0.311807 cap=124.722670
