Currently running VMs
2013-06-17 15:38:29.467+0000: 20790: info : libvirt version: 0.9.8
2013-06-17 15:38:29.467+0000: 20790: warning : xenHypervisorMakeCapabilities:2751 : Failed to get host power management capabilities
- Domain-0 weight=256 cap=0 vcpus=32
- rubbos-hvm weight=256 cap=0 vcpus=4 mac=aa:00:00:00:00:11
- rubis-hvm weight=256 cap=400 vcpus=4 mac=aa:00:00:00:00:10
New scheduling parameters:  weight=256 cap=400 vcpus=4
Currently running VMs
2013-06-17 15:40:20.386+0000: 20942: info : libvirt version: 0.9.8
2013-06-17 15:40:20.386+0000: 20942: warning : xenHypervisorMakeCapabilities:2751 : Failed to get host power management capabilities
- Domain-0 weight=256 cap=0 vcpus=32
- rubbos-hvm weight=256 cap=0 vcpus=4 mac=aa:00:00:00:00:11
- rubis-hvm weight=256 cap=400 vcpus=4 mac=aa:00:00:00:00:10
New scheduling parameters:  weight=256 cap=200 vcpus=2
Currently running VMs
2013-06-17 15:42:01.294+0000: 20990: info : libvirt version: 0.9.8
2013-06-17 15:42:01.294+0000: 20990: warning : xenHypervisorMakeCapabilities:2751 : Failed to get host power management capabilities
- Domain-0 weight=256 cap=0 vcpus=32
- rubbos-hvm weight=256 cap=0 vcpus=4 mac=aa:00:00:00:00:11
- rubis-hvm weight=256 cap=200 vcpus=2 mac=aa:00:00:00:00:10
New scheduling parameters:  weight=256 cap=50 vcpus=1
Currently running VMs
2013-06-17 15:43:42.171+0000: 21038: info : libvirt version: 0.9.8
2013-06-17 15:43:42.171+0000: 21038: warning : xenHypervisorMakeCapabilities:2751 : Failed to get host power management capabilities
- Domain-0 weight=256 cap=0 vcpus=32
- rubbos-hvm weight=256 cap=0 vcpus=4 mac=aa:00:00:00:00:11
- rubis-hvm weight=256 cap=50 vcpus=1 mac=aa:00:00:00:00:10
New scheduling parameters:  weight=256 cap=300 vcpus=3
Currently running VMs
2013-06-17 15:45:23.038+0000: 21089: info : libvirt version: 0.9.8
2013-06-17 15:45:23.038+0000: 21089: warning : xenHypervisorMakeCapabilities:2751 : Failed to get host power management capabilities
- Domain-0 weight=256 cap=0 vcpus=32
- rubbos-hvm weight=256 cap=0 vcpus=4 mac=aa:00:00:00:00:11
- rubis-hvm weight=256 cap=300 vcpus=3 mac=aa:00:00:00:00:10
New scheduling parameters:  weight=256 cap=100 vcpus=1
Currently running VMs
2013-06-17 15:47:03.937+0000: 21137: info : libvirt version: 0.9.8
2013-06-17 15:47:03.937+0000: 21137: warning : xenHypervisorMakeCapabilities:2751 : Failed to get host power management capabilities
- Domain-0 weight=256 cap=0 vcpus=32
- rubbos-hvm weight=256 cap=0 vcpus=4 mac=aa:00:00:00:00:11
- rubis-hvm weight=256 cap=100 vcpus=1 mac=aa:00:00:00:00:10
New scheduling parameters:  weight=256 cap=200 vcpus=2
Currently running VMs
2013-06-17 15:48:44.817+0000: 21185: info : libvirt version: 0.9.8
2013-06-17 15:48:44.817+0000: 21185: warning : xenHypervisorMakeCapabilities:2751 : Failed to get host power management capabilities
- Domain-0 weight=256 cap=0 vcpus=32
- rubbos-hvm weight=256 cap=0 vcpus=4 mac=aa:00:00:00:00:11
- rubis-hvm weight=256 cap=200 vcpus=2 mac=aa:00:00:00:00:10
New scheduling parameters:  weight=256 cap=50 vcpus=1
Currently running VMs
2013-06-17 15:50:25.773+0000: 21233: info : libvirt version: 0.9.8
2013-06-17 15:50:25.773+0000: 21233: warning : xenHypervisorMakeCapabilities:2751 : Failed to get host power management capabilities
- Domain-0 weight=256 cap=0 vcpus=32
- rubbos-hvm weight=256 cap=0 vcpus=4 mac=aa:00:00:00:00:11
- rubis-hvm weight=256 cap=50 vcpus=1 mac=aa:00:00:00:00:10
New scheduling parameters:  weight=256 cap=400 vcpus=4
