[1371483510.424686] latency=nan:nan:nan:nan:nan:(-nan)ms throughput=0rps rr=-nan% cr=-nan% errors=0 total=0
[1371483511.428658] latency=nan:nan:nan:nan:nan:(-nan)ms throughput=0rps rr=-nan% cr=-nan% errors=0 total=0
[1371483512.432827] latency=nan:nan:nan:nan:nan:(-nan)ms throughput=0rps rr=-nan% cr=-nan% errors=0 total=0
[1371483513.436658] latency=nan:nan:nan:nan:nan:(-nan)ms throughput=0rps rr=-nan% cr=-nan% errors=0 total=0
[1371483514.440615] latency=nan:nan:nan:nan:nan:(-nan)ms throughput=0rps rr=-nan% cr=-nan% errors=0 total=0
[1371483515.444645] latency=nan:nan:nan:nan:nan:(-nan)ms throughput=0rps rr=-nan% cr=-nan% errors=0 total=0
[1371483516.448649] latency=nan:nan:nan:nan:nan:(-nan)ms throughput=0rps rr=-nan% cr=-nan% errors=0 total=0
[1371483517.452632] latency=nan:nan:nan:nan:nan:(-nan)ms throughput=0rps rr=-nan% cr=-nan% errors=0 total=0
[1371483518.456660] latency=nan:nan:nan:nan:nan:(-nan)ms throughput=0rps rr=-nan% cr=-nan% errors=0 total=0
[1371483519.460608] latency=nan:nan:nan:nan:nan:(-nan)ms throughput=0rps rr=-nan% cr=-nan% errors=0 total=0
[1371483520.464672] latency=nan:nan:nan:nan:nan:(-nan)ms throughput=0rps rr=-nan% cr=-nan% errors=0 total=0
[1371483520.464876] cannot parse key-value 'start'
[1371483520.465009] set thinktime=3.000000
[1371483520.465072] set concurrency=100
[1371483521.552649] latency=118:477:670:740:1026:(612)ms throughput=12rps rr=100.00% cr=0.00% errors=0 total=13
[1371483522.556649] latency=4:1046:1218:1730:2021:(1179)ms throughput=19rps rr=78.95% cr=0.00% errors=0 total=32
[1371483523.560627] latency=4:47:2211:2719:2920:(1501)ms throughput=21rps rr=57.14% cr=0.00% errors=0 total=53
[1371483524.564658] latency=4:171:3375:3563:4070:(2471)ms throughput=35rps rr=74.29% cr=0.00% errors=0 total=88
[1371483525.568658] latency=4:991:4385:4710:5019:(3241)ms throughput=45rps rr=80.00% cr=0.00% errors=0 total=133
[1371483526.572651] latency=4:5:97:1690:5206:(1304)ms throughput=45rps rr=62.22% cr=0.00% errors=0 total=178
[1371483527.576637] latency=5:5:5:47:167:(39)ms throughput=29rps rr=34.48% cr=0.00% errors=0 total=207
[1371483528.580642] latency=4:5:8:110:490:(73)ms throughput=44rps rr=34.09% cr=0.00% errors=0 total=251
[1371483529.584654] latency=3:5:6:120:210:(50)ms throughput=37rps rr=37.84% cr=0.00% errors=0 total=288
[1371483530.588626] latency=4:5:5:8:199:(23)ms throughput=36rps rr=13.89% cr=0.00% errors=0 total=324
[1371483531.592641] latency=5:5:7:89:230:(54)ms throughput=27rps rr=37.04% cr=0.00% errors=0 total=351
[1371483532.596636] latency=4:5:5:8:211:(29)ms throughput=32rps rr=18.75% cr=0.00% errors=0 total=383
[1371483533.600651] latency=4:5:6:9:198:(30)ms throughput=28rps rr=21.43% cr=0.00% errors=0 total=411
[1371483534.604625] latency=5:5:5:8:228:(35)ms throughput=33rps rr=18.18% cr=0.00% errors=0 total=444
[1371483535.608648] latency=4:5:5:9:200:(27)ms throughput=29rps rr=20.69% cr=0.00% errors=0 total=473
[1371483536.612630] latency=3:5:5:38:253:(46)ms throughput=31rps rr=29.03% cr=0.00% errors=0 total=504
[1371483537.616652] latency=4:5:5:8:256:(31)ms throughput=43rps rr=25.58% cr=0.00% errors=0 total=547
[1371483538.620630] latency=4:5:6:29:183:(34)ms throughput=36rps rr=27.78% cr=0.00% errors=0 total=583
[1371483539.624625] latency=5:5:5:8:200:(28)ms throughput=30rps rr=23.33% cr=0.00% errors=0 total=613
[1371483540.628640] latency=4:5:5:8:170:(23)ms throughput=34rps rr=20.59% cr=0.00% errors=0 total=647
[1371483541.632639] latency=4:5:6:24:193:(42)ms throughput=31rps rr=25.81% cr=0.00% errors=0 total=678
[1371483542.636648] latency=5:5:6:56:211:(44)ms throughput=36rps rr=36.11% cr=0.00% errors=0 total=714
[1371483543.640633] latency=4:5:5:39:232:(42)ms throughput=30rps rr=36.67% cr=0.00% errors=0 total=744
[1371483544.644654] latency=4:5:7:27:218:(43)ms throughput=32rps rr=28.12% cr=0.00% errors=0 total=776
[1371483545.648637] latency=4:5:6:39:245:(51)ms throughput=31rps rr=32.26% cr=0.00% errors=0 total=807
[1371483546.652644] latency=4:5:7:128:290:(65)ms throughput=40rps rr=40.00% cr=0.00% errors=0 total=847
[1371483547.656634] latency=4:5:8:81:227:(52)ms throughput=27rps rr=44.44% cr=0.00% errors=0 total=874
[1371483548.660650] latency=4:5:6:78:233:(54)ms throughput=39rps rr=38.46% cr=0.00% errors=0 total=913
[1371483549.664638] latency=4:5:10:74:219:(56)ms throughput=25rps rr=52.00% cr=0.00% errors=0 total=938
[1371483550.668639] latency=4:6:69:124:232:(73)ms throughput=33rps rr=51.52% cr=0.00% errors=0 total=971
[1371483551.672632] latency=4:5:6:140:281:(68)ms throughput=38rps rr=42.11% cr=0.00% errors=0 total=1009
[1371483552.676651] latency=4:5:6:146:263:(77)ms throughput=34rps rr=47.06% cr=0.00% errors=0 total=1043
[1371483553.680638] latency=4:5:24:118:217:(64)ms throughput=34rps rr=52.94% cr=0.00% errors=0 total=1077
[1371483554.684645] latency=4:5:6:60:244:(50)ms throughput=30rps rr=40.00% cr=0.00% errors=0 total=1107
[1371483555.688638] latency=5:5:12:141:426:(93)ms throughput=34rps rr=47.06% cr=0.00% errors=0 total=1141
[1371483556.692642] latency=4:5:7:174:234:(69)ms throughput=28rps rr=39.29% cr=0.00% errors=0 total=1169
[1371483557.696636] latency=4:5:49:163:236:(82)ms throughput=29rps rr=58.62% cr=0.00% errors=0 total=1198
[1371483558.700644] latency=4:5:8:77:214:(44)ms throughput=33rps rr=45.45% cr=0.00% errors=0 total=1231
[1371483559.704626] latency=5:5:8:115:242:(59)ms throughput=26rps rr=42.31% cr=0.00% errors=0 total=1257
[1371483560.708652] latency=4:5:23:120:238:(60)ms throughput=43rps rr=53.49% cr=0.00% errors=0 total=1300
[1371483561.712638] latency=4:6:90:199:423:(116)ms throughput=37rps rr=62.16% cr=0.00% errors=0 total=1337
[1371483562.716673] latency=4:5:83:187:282:(103)ms throughput=27rps rr=66.67% cr=0.00% errors=0 total=1364
[1371483563.720644] latency=5:5:7:58:211:(47)ms throughput=31rps rr=45.16% cr=0.00% errors=0 total=1395
[1371483564.724641] latency=4:5:8:120:319:(70)ms throughput=33rps rr=48.48% cr=0.00% errors=0 total=1428
[1371483565.728667] latency=4:5:6:94:216:(55)ms throughput=23rps rr=39.13% cr=0.00% errors=0 total=1451
[1371483566.732644] latency=4:5:9:101:245:(60)ms throughput=32rps rr=46.88% cr=0.00% errors=0 total=1483
[1371483567.736630] latency=4:5:60:148:247:(83)ms throughput=34rps rr=64.71% cr=0.00% errors=0 total=1517
[1371483568.740645] latency=3:5:8:134:267:(71)ms throughput=40rps rr=47.50% cr=0.00% errors=0 total=1557
[1371483569.744638] latency=4:5:9:115:290:(66)ms throughput=35rps rr=45.71% cr=0.00% errors=0 total=1592
[1371483570.748646] latency=5:6:114:218:260:(115)ms throughput=28rps rr=67.86% cr=0.00% errors=0 total=1620
[1371483571.752635] latency=4:6:31:111:235:(63)ms throughput=29rps rr=65.52% cr=0.00% errors=0 total=1649
[1371483572.756641] latency=3:5:39:179:255:(92)ms throughput=31rps rr=58.06% cr=0.00% errors=0 total=1680
[1371483573.760639] latency=4:6:52:284:575:(162)ms throughput=39rps rr=58.97% cr=0.00% errors=0 total=1719
[1371483574.764650] latency=4:6:100:226:371:(128)ms throughput=30rps rr=70.00% cr=0.00% errors=0 total=1749
[1371483575.768629] latency=3:5:25:140:278:(75)ms throughput=31rps rr=58.06% cr=0.00% errors=0 total=1780
[1371483576.772653] latency=4:5:62:152:227:(84)ms throughput=23rps rr=65.22% cr=0.00% errors=0 total=1803
[1371483577.776638] latency=4:6:62:138:285:(82)ms throughput=33rps rr=69.70% cr=0.00% errors=0 total=1836
[1371483578.780678] latency=4:8:146:296:520:(178)ms throughput=38rps rr=68.42% cr=0.00% errors=0 total=1874
[1371483579.784632] latency=4:5:66:149:249:(89)ms throughput=29rps rr=72.41% cr=0.00% errors=0 total=1903
[1371483580.788643] latency=4:6:52:194:415:(104)ms throughput=40rps rr=70.00% cr=0.00% errors=0 total=1943
[1371483581.792631] latency=4:6:68:124:216:(79)ms throughput=30rps rr=76.67% cr=0.00% errors=0 total=1973
[1371483582.796643] latency=4:6:39:125:234:(66)ms throughput=23rps rr=60.87% cr=0.00% errors=0 total=1996
[1371483583.800634] latency=4:16:137:256:409:(152)ms throughput=23rps rr=69.57% cr=0.00% errors=0 total=2019
[1371483584.804697] latency=4:214:422:786:1026:(488)ms throughput=31rps rr=87.10% cr=0.00% errors=0 total=2050
[1371483585.808661] latency=4:10:231:376:628:(237)ms throughput=35rps rr=74.29% cr=0.00% errors=0 total=2085
[1371483586.812642] latency=4:24:366:522:765:(314)ms throughput=35rps rr=71.43% cr=0.00% errors=0 total=2120
[1371483587.816660] latency=3:9:100:311:693:(194)ms throughput=37rps rr=67.57% cr=0.00% errors=0 total=2157
[1371483588.820635] latency=4:34:102:196:574:(137)ms throughput=29rps rr=86.21% cr=0.00% errors=0 total=2186
[1371483589.824665] latency=5:8:95:134:256:(90)ms throughput=27rps rr=66.67% cr=0.00% errors=0 total=2213
[1371483590.828643] latency=3:8:94:199:391:(118)ms throughput=33rps rr=69.70% cr=0.00% errors=0 total=2246
[1371483591.832666] latency=3:7:68:163:282:(96)ms throughput=29rps rr=62.07% cr=0.00% errors=0 total=2275
[1371483592.836634] latency=4:69:229:343:597:(222)ms throughput=32rps rr=84.38% cr=0.00% errors=0 total=2307
[1371483593.840657] latency=4:6:153:388:626:(211)ms throughput=37rps rr=72.97% cr=0.00% errors=0 total=2344
[1371483594.844635] latency=4:7:58:152:250:(77)ms throughput=38rps rr=71.05% cr=0.00% errors=0 total=2382
[1371483595.848655] latency=4:5:65:175:322:(98)ms throughput=30rps rr=63.33% cr=0.00% errors=0 total=2412
[1371483596.852641] latency=4:24:230:412:583:(246)ms throughput=36rps rr=77.78% cr=0.00% errors=0 total=2448
[1371483597.856652] latency=4:8:114:355:473:(169)ms throughput=33rps rr=69.70% cr=0.00% errors=0 total=2481
[1371483598.860638] latency=4:6:123:247:647:(170)ms throughput=45rps rr=73.33% cr=0.00% errors=0 total=2526
[1371483599.864650] latency=3:4:67:210:282:(105)ms throughput=31rps rr=61.29% cr=0.00% errors=0 total=2557
[1371483600.868636] latency=4:15:159:264:338:(151)ms throughput=26rps rr=73.08% cr=0.00% errors=0 total=2583
[1371483601.872658] latency=4:20:74:252:527:(152)ms throughput=38rps rr=71.05% cr=0.00% errors=0 total=2621
[1371483602.876627] latency=4:8:105:267:691:(171)ms throughput=44rps rr=68.18% cr=0.00% errors=0 total=2665
[1371483603.880675] latency=4:90:237:496:718:(282)ms throughput=17rps rr=82.35% cr=0.00% errors=0 total=2682
[1371483604.884638] latency=4:63:500:806:1145:(469)ms throughput=31rps rr=77.42% cr=0.00% errors=0 total=2713
[1371483605.888651] latency=4:68:373:811:1319:(477)ms throughput=31rps rr=70.97% cr=0.00% errors=0 total=2744
[1371483606.892646] latency=4:119:394:905:1565:(594)ms throughput=35rps rr=82.86% cr=0.00% errors=0 total=2779
[1371483607.896652] latency=4:9:217:589:1368:(376)ms throughput=43rps rr=72.09% cr=0.00% errors=0 total=2822
[1371483608.900645] latency=3:8:83:185:298:(103)ms throughput=32rps rr=71.88% cr=0.00% errors=0 total=2854
[1371483609.904655] latency=3:6:61:163:286:(86)ms throughput=34rps rr=58.82% cr=0.00% errors=0 total=2888
[1371483610.908631] latency=4:6:135:260:614:(163)ms throughput=34rps rr=58.82% cr=0.00% errors=0 total=2922
[1371483611.912664] latency=4:6:67:220:723:(153)ms throughput=40rps rr=65.00% cr=0.00% errors=0 total=2962
[1371483612.916636] latency=4:5:36:167:242:(78)ms throughput=28rps rr=60.71% cr=0.00% errors=0 total=2990
[1371483613.920652] latency=4:5:10:115:246:(61)ms throughput=35rps rr=48.57% cr=0.00% errors=0 total=3025
[1371483614.924643] latency=3:5:20:133:319:(74)ms throughput=37rps rr=59.46% cr=0.00% errors=0 total=3062
[1371483615.928652] latency=4:9:126:227:535:(167)ms throughput=33rps rr=75.76% cr=0.00% errors=0 total=3095
[1371483616.932637] latency=4:7:151:251:387:(152)ms throughput=34rps rr=73.53% cr=0.00% errors=0 total=3129
[1371483617.936627] latency=4:6:97:382:586:(184)ms throughput=36rps rr=69.44% cr=0.00% errors=0 total=3165
[1371483618.940639] latency=5:8:112:184:407:(118)ms throughput=34rps rr=70.59% cr=0.00% errors=0 total=3199
[1371483619.944646] latency=4:5:40:125:331:(78)ms throughput=35rps rr=60.00% cr=0.00% errors=0 total=3234
[1371483620.948691] latency=4:5:101:313:487:(162)ms throughput=35rps rr=57.14% cr=0.00% errors=0 total=3269
[1371483621.952632] latency=4:6:52:346:849:(211)ms throughput=23rps rr=60.87% cr=0.00% errors=0 total=3292
[1371483622.956637] latency=4:14:54:615:1288:(328)ms throughput=21rps rr=57.14% cr=0.00% errors=0 total=3313
[1371483623.960633] latency=3:4:17:895:1606:(389)ms throughput=16rps rr=56.25% cr=0.00% errors=0 total=3329
[1371483624.964652] latency=4:9:144:1251:2398:(539)ms throughput=22rps rr=31.82% cr=0.00% errors=0 total=3351
[1371483625.968641] latency=4:7:67:1455:3034:(817)ms throughput=15rps rr=40.00% cr=0.00% errors=0 total=3366
[1371483626.972661] latency=4:16:1091:2428:3194:(1279)ms throughput=21rps rr=61.90% cr=0.00% errors=0 total=3387
[1371483627.976614] latency=4:81:278:3598:4896:(1599)ms throughput=30rps rr=56.67% cr=0.00% errors=0 total=3417
[1371483628.980635] latency=3:25:120:2276:5370:(1397)ms throughput=31rps rr=38.71% cr=0.00% errors=0 total=3448
[1371483629.984621] latency=3:25:61:3677:5506:(1578)ms throughput=28rps rr=39.29% cr=0.00% errors=0 total=3476
[1371483630.988646] latency=4:20:88:2517:4597:(1254)ms throughput=32rps rr=43.75% cr=0.00% errors=0 total=3508
[1371483631.992621] latency=3:8:48:2202:3660:(945)ms throughput=32rps rr=40.62% cr=0.00% errors=0 total=3540
[1371483632.996622] latency=3:5:10:603:2556:(471)ms throughput=47rps rr=38.30% cr=0.00% errors=0 total=3587
[1371483634.068621] latency=4:5:5:8:860:(76)ms throughput=33rps rr=22.86% cr=0.00% errors=0 total=3622
[1371483635.072626] latency=5:5:5:15:301:(43)ms throughput=31rps rr=32.26% cr=0.00% errors=0 total=3653
[1371483636.076632] latency=4:5:6:22:169:(27)ms throughput=32rps rr=25.00% cr=0.00% errors=0 total=3685
[1371483637.080610] latency=3:4:6:187:597:(110)ms throughput=33rps rr=39.39% cr=0.00% errors=0 total=3718
[1371483638.084631] latency=3:5:5:14:200:(30)ms throughput=35rps rr=22.86% cr=0.00% errors=0 total=3753
[1371483639.088622] latency=3:5:5:10:401:(53)ms throughput=35rps rr=22.86% cr=0.00% errors=0 total=3788
[1371483640.092626] latency=3:4:5:22:622:(91)ms throughput=31rps rr=25.81% cr=0.00% errors=0 total=3819
[1371483641.096643] latency=4:5:7:65:232:(41)ms throughput=24rps rr=33.33% cr=0.00% errors=0 total=3843
[1371483642.100629] latency=4:5:6:9:161:(19)ms throughput=22rps rr=18.18% cr=0.00% errors=0 total=3865
[1371483643.104629] latency=3:5:5:7:189:(27)ms throughput=29rps rr=17.24% cr=0.00% errors=0 total=3894
[1371483644.108637] latency=5:5:6:8:99:(10)ms throughput=24rps rr=4.17% cr=0.00% errors=0 total=3918
[1371483645.112627] latency=3:4:5:9:285:(18)ms throughput=48rps rr=10.42% cr=0.00% errors=0 total=3966
[1371483646.116623] latency=4:5:6:86:459:(72)ms throughput=39rps rr=30.77% cr=0.00% errors=0 total=4005
[1371483647.120632] latency=3:4:7:35:274:(45)ms throughput=32rps rr=25.00% cr=0.00% errors=0 total=4037
[1371483648.124827] latency=3:5:5:14:326:(37)ms throughput=42rps rr=23.81% cr=0.00% errors=0 total=4079
[1371483649.128630] latency=4:5:5:5:7:(5)ms throughput=26rps rr=0.00% cr=0.00% errors=0 total=4105
[1371483650.132621] latency=5:5:7:9:288:(46)ms throughput=32rps rr=18.75% cr=0.00% errors=0 total=4137
[1371483651.136615] latency=3:5:6:21:202:(28)ms throughput=29rps rr=24.14% cr=0.00% errors=0 total=4166
[1371483652.140635] latency=3:4:6:27:342:(47)ms throughput=36rps rr=27.78% cr=0.00% errors=0 total=4202
[1371483653.144627] latency=5:5:6:7:191:(19)ms throughput=30rps rr=10.00% cr=0.00% errors=0 total=4232
[1371483654.148621] latency=4:5:6:8:175:(20)ms throughput=38rps rr=15.79% cr=0.00% errors=0 total=4270
[1371483655.152598] latency=4:5:6:7:189:(15)ms throughput=29rps rr=10.34% cr=0.00% errors=0 total=4299
[1371483656.156636] latency=3:5:7:24:155:(28)ms throughput=27rps rr=25.93% cr=0.00% errors=0 total=4326
[1371483657.160627] latency=4:5:7:10:195:(36)ms throughput=24rps rr=20.83% cr=0.00% errors=0 total=4350
[1371483658.164772] latency=4:5:6:46:357:(52)ms throughput=35rps rr=31.43% cr=0.00% errors=0 total=4385
[1371483659.168621] latency=3:4:7:124:372:(80)ms throughput=29rps rr=44.83% cr=0.00% errors=0 total=4414
[1371483660.172626] latency=3:5:5:8:286:(32)ms throughput=42rps rr=16.67% cr=0.00% errors=0 total=4456
[1371483661.176663] latency=4:5:6:132:285:(64)ms throughput=30rps rr=50.00% cr=0.00% errors=0 total=4486
[1371483662.180620] latency=3:4:5:12:216:(24)ms throughput=34rps rr=20.59% cr=0.00% errors=0 total=4520
[1371483663.184639] latency=3:4:5:22:252:(38)ms throughput=31rps rr=25.81% cr=0.00% errors=0 total=4551
[1371483664.188614] latency=3:5:7:11:370:(46)ms throughput=38rps rr=21.05% cr=0.00% errors=0 total=4589
[1371483665.192623] latency=4:5:7:11:282:(44)ms throughput=36rps rr=22.22% cr=0.00% errors=0 total=4625
[1371483666.196619] latency=4:5:6:53:244:(41)ms throughput=34rps rr=32.35% cr=0.00% errors=0 total=4659
[1371483667.200620] latency=3:5:5:33:160:(33)ms throughput=31rps rr=29.03% cr=0.00% errors=0 total=4690
[1371483668.204629] latency=4:5:6:43:339:(55)ms throughput=31rps rr=32.26% cr=0.00% errors=0 total=4721
[1371483669.208622] latency=4:5:8:106:316:(60)ms throughput=33rps rr=33.33% cr=0.00% errors=0 total=4754
[1371483670.212657] latency=3:4:17:231:519:(123)ms throughput=34rps rr=50.00% cr=0.00% errors=0 total=4788
[1371483671.216609] latency=4:5:6:28:197:(35)ms throughput=31rps rr=25.81% cr=0.00% errors=0 total=4819
[1371483672.220621] latency=4:6:8:39:643:(64)ms throughput=30rps rr=30.00% cr=0.00% errors=0 total=4849
[1371483673.224621] latency=3:4:7:463:969:(215)ms throughput=41rps rr=36.59% cr=0.00% errors=0 total=4890
[1371483674.228623] latency=4:5:6:50:476:(59)ms throughput=29rps rr=34.48% cr=0.00% errors=0 total=4919
[1371483675.232608] latency=3:4:5:138:460:(81)ms throughput=32rps rr=40.62% cr=0.00% errors=0 total=4951
[1371483676.236611] latency=3:6:23:162:685:(126)ms throughput=32rps rr=46.88% cr=0.00% errors=0 total=4983
[1371483677.240625] latency=3:5:8:113:1071:(162)ms throughput=42rps rr=33.33% cr=0.00% errors=0 total=5025
[1371483678.244608] latency=3:5:5:46:198:(35)ms throughput=29rps rr=41.38% cr=0.00% errors=0 total=5054
[1371483679.248641] latency=3:5:5:25:186:(30)ms throughput=36rps rr=30.56% cr=0.00% errors=0 total=5090
[1371483680.252616] latency=3:4:6:106:241:(57)ms throughput=34rps rr=32.35% cr=0.00% errors=0 total=5124
[1371483681.256612] latency=3:4:5:20:214:(41)ms throughput=27rps rr=29.63% cr=0.00% errors=0 total=5151
[1371483682.260609] latency=4:6:11:231:670:(142)ms throughput=25rps rr=32.00% cr=0.00% errors=0 total=5176
[1371483683.264649] latency=3:4:7:208:787:(135)ms throughput=42rps rr=38.10% cr=0.00% errors=0 total=5218
[1371483684.268609] latency=5:5:6:50:202:(45)ms throughput=23rps rr=43.48% cr=0.00% errors=0 total=5241
[1371483685.272612] latency=3:5:8:32:278:(32)ms throughput=32rps rr=28.12% cr=0.00% errors=0 total=5273
[1371483686.276603] latency=3:5:8:54:364:(66)ms throughput=24rps rr=29.17% cr=0.00% errors=0 total=5297
[1371483687.280619] latency=3:5:24:762:1111:(330)ms throughput=40rps rr=47.50% cr=0.00% errors=0 total=5337
[1371483688.284619] latency=3:5:5:14:246:(31)ms throughput=33rps rr=27.27% cr=0.00% errors=0 total=5370
[1371483689.288602] latency=4:5:5:7:263:(26)ms throughput=34rps rr=14.71% cr=0.00% errors=0 total=5404
[1371483690.292600] latency=3:5:5:23:218:(39)ms throughput=33rps rr=27.27% cr=0.00% errors=0 total=5437
[1371483691.296608] latency=4:5:5:8:151:(17)ms throughput=24rps rr=16.67% cr=0.00% errors=0 total=5461
[1371483692.300613] latency=3:5:5:8:203:(31)ms throughput=31rps rr=19.35% cr=0.00% errors=0 total=5492
[1371483693.332574] latency=3:5:6:17:250:(41)ms throughput=37rps rr=23.68% cr=0.00% errors=0 total=5530
[1371483694.336609] latency=3:5:7:15:594:(66)ms throughput=36rps rr=25.00% cr=0.00% errors=0 total=5566
[1371483695.340618] latency=3:5:6:111:740:(105)ms throughput=29rps rr=31.03% cr=0.00% errors=0 total=5595
[1371483696.344610] latency=3:5:6:8:156:(20)ms throughput=36rps rr=25.00% cr=0.00% errors=0 total=5631
[1371483697.348610] latency=3:5:6:68:286:(52)ms throughput=28rps rr=28.57% cr=0.00% errors=0 total=5659
[1371483698.352591] latency=3:5:6:48:407:(53)ms throughput=27rps rr=37.04% cr=0.00% errors=0 total=5686
[1371483699.356618] latency=3:4:14:400:635:(176)ms throughput=40rps rr=40.00% cr=0.00% errors=0 total=5726
[1371483700.360613] latency=4:4:7:79:306:(49)ms throughput=33rps rr=33.33% cr=0.00% errors=0 total=5759
[1371483701.364832] latency=3:4:10:152:507:(95)ms throughput=36rps rr=36.11% cr=0.00% errors=0 total=5795
[1371483702.368653] latency=3:5:8:138:639:(81)ms throughput=35rps rr=40.00% cr=0.00% errors=0 total=5830
[1371483703.372617] latency=3:5:8:106:385:(76)ms throughput=33rps rr=27.27% cr=0.00% errors=0 total=5863
[1371483704.376631] latency=4:4:9:345:835:(170)ms throughput=33rps rr=36.36% cr=0.00% errors=0 total=5896
[1371483705.380637] latency=4:7:23:936:1502:(466)ms throughput=21rps rr=47.62% cr=0.00% errors=0 total=5917
[1371483706.384606] latency=3:4:25:686:1707:(421)ms throughput=43rps rr=41.86% cr=0.00% errors=0 total=5960
[1371483707.388607] latency=4:5:7:28:1067:(85)ms throughput=43rps rr=32.56% cr=0.00% errors=0 total=6003
[1371483708.392609] latency=3:5:6:171:474:(92)ms throughput=36rps rr=41.67% cr=0.00% errors=0 total=6039
[1371483709.396609] latency=4:5:5:9:187:(25)ms throughput=26rps rr=19.23% cr=0.00% errors=0 total=6065
[1371483710.400636] latency=3:4:5:96:333:(66)ms throughput=35rps rr=40.00% cr=0.00% errors=0 total=6100
[1371483711.404844] latency=4:7:285:639:867:(343)ms throughput=19rps rr=63.16% cr=0.00% errors=0 total=6119
[1371483712.408608] latency=3:5:7:69:208:(45)ms throughput=30rps rr=26.67% cr=0.00% errors=0 total=6149
[1371483713.412612] latency=4:5:6:11:360:(52)ms throughput=36rps rr=27.78% cr=0.00% errors=0 total=6185
[1371483714.416608] latency=5:5:6:7:172:(22)ms throughput=21rps rr=14.29% cr=0.00% errors=0 total=6206
[1371483715.420607] latency=4:5:6:8:211:(24)ms throughput=37rps rr=24.32% cr=0.00% errors=0 total=6243
[1371483716.424609] latency=4:5:5:9:165:(22)ms throughput=32rps rr=18.75% cr=0.00% errors=0 total=6275
[1371483717.428594] latency=4:5:7:30:267:(42)ms throughput=38rps rr=34.21% cr=0.00% errors=0 total=6313
[1371483718.432607] latency=4:5:6:14:228:(33)ms throughput=34rps rr=23.53% cr=0.00% errors=0 total=6347
[1371483719.436601] latency=3:5:6:59:215:(38)ms throughput=34rps rr=32.35% cr=0.00% errors=0 total=6381
[1371483720.440617] latency=3:5:7:34:203:(43)ms throughput=33rps rr=27.27% cr=0.00% errors=0 total=6414
[1371483721.444621] latency=4:5:6:65:235:(48)ms throughput=27rps rr=37.04% cr=0.00% errors=0 total=6441
[1371483722.448673] latency=4:5:5:13:409:(68)ms throughput=16rps rr=25.00% cr=0.00% errors=0 total=6457
[1371483723.452602] latency=5:26:54:290:1067:(216)ms throughput=18rps rr=11.11% cr=0.00% errors=0 total=6475
[1371483724.456617] latency=6:18:44:102:1350:(180)ms throughput=22rps rr=9.09% cr=0.00% errors=0 total=6497
[1371483725.460669] latency=5:26:41:75:1361:(143)ms throughput=17rps rr=11.76% cr=0.00% errors=0 total=6514
[1371483726.464621] latency=3:30:74:145:289:(99)ms throughput=19rps rr=0.00% cr=0.00% errors=0 total=6533
[1371483727.468610] latency=5:206:281:551:3972:(592)ms throughput=14rps rr=7.14% cr=0.00% errors=0 total=6547
[1371483728.472651] latency=3:51:291:491:6233:(1226)ms throughput=17rps rr=23.53% cr=0.00% errors=0 total=6564
[1371483729.476616] latency=49:143:288:732:4288:(819)ms throughput=11rps rr=36.36% cr=0.00% errors=0 total=6575
[1371483730.480803] latency=6:393:656:1037:6318:(1086)ms throughput=15rps rr=6.67% cr=0.00% errors=0 total=6590
[1371483731.484655] latency=6:17:37:3578:7586:(2119)ms throughput=7rps rr=28.57% cr=0.00% errors=0 total=6597
[1371483732.488617] latency=34:93:305:450:1639:(370)ms throughput=12rps rr=8.33% cr=0.00% errors=0 total=6609
[1371483733.492697] latency=3:12:207:2552:8655:(1839)ms throughput=12rps rr=25.00% cr=0.00% errors=0 total=6621
[1371483734.496616] latency=4:77:306:375:6170:(613)ms throughput=16rps rr=6.25% cr=0.00% errors=0 total=6637
[1371483735.500622] latency=116:150:222:364:758:(301)ms throughput=12rps rr=0.00% cr=0.00% errors=0 total=6649
[1371483736.504618] latency=4:37:180:601:13548:(2483)ms throughput=21rps rr=23.81% cr=0.00% errors=0 total=6670
[1371483737.524658] latency=4:59:233:1009:15217:(3339)ms throughput=21rps rr=23.81% cr=0.00% errors=0 total=6691
[1371483738.528661] latency=4:73:235:648:833:(338)ms throughput=19rps rr=0.00% cr=0.00% errors=0 total=6710
[1371483739.532661] latency=3:102:419:676:16019:(1627)ms throughput=25rps rr=8.00% cr=0.00% errors=0 total=6735
[1371483740.536609] latency=4:78:450:6641:17538:(4026)ms throughput=12rps rr=33.33% cr=0.00% errors=0 total=6747
[1371483741.540652] latency=4:48:143:833:17408:(2763)ms throughput=26rps rr=15.38% cr=0.00% errors=0 total=6773
[1371483742.544663] latency=4:8:302:768:16331:(1637)ms throughput=22rps rr=9.09% cr=0.00% errors=0 total=6795
[1371483743.548619] latency=9:130:236:621:10407:(1604)ms throughput=19rps rr=15.79% cr=0.00% errors=0 total=6814
[1371483744.552616] latency=3:155:374:6224:21643:(4515)ms throughput=16rps rr=25.00% cr=0.00% errors=0 total=6830
[1371483745.556659] latency=5:76:377:889:22297:(1584)ms throughput=31rps rr=12.90% cr=0.00% errors=0 total=6861
[1371483746.560659] latency=4:46:111:165:4161:(296)ms throughput=25rps rr=4.00% cr=0.00% errors=0 total=6886
[1371483747.564657] latency=3:18:52:154:11785:(563)ms throughput=24rps rr=4.17% cr=0.00% errors=0 total=6910
[1371483748.568620] latency=3:17:56:200:24624:(3117)ms throughput=30rps rr=13.33% cr=0.00% errors=0 total=6940
[1371483749.572616] latency=4:6:37:86:13011:(774)ms throughput=18rps rr=5.56% cr=0.00% errors=0 total=6958
[1371483750.576662] latency=4:74:193:306:24291:(3184)ms throughput=35rps rr=17.14% cr=0.00% errors=0 total=6993
[1371483751.580620] latency=3:32:131:363:27443:(4480)ms throughput=37rps rr=18.92% cr=0.00% errors=0 total=7030
[1371483752.584604] latency=4:41:90:248:21282:(2626)ms throughput=40rps rr=17.50% cr=0.00% errors=0 total=7070
[1371483753.588641] latency=3:19:39:98:24065:(2543)ms throughput=40rps rr=15.00% cr=0.00% errors=0 total=7110
[1371483754.592657] latency=3:5:28:53:3209:(248)ms throughput=37rps rr=8.11% cr=0.00% errors=0 total=7147
[1371483755.596618] latency=4:5:13:60:997:(77)ms throughput=36rps rr=5.56% cr=0.00% errors=0 total=7183
[1371483756.600617] latency=5:5:5:6:13:(6)ms throughput=25rps rr=0.00% cr=0.00% errors=0 total=7208
[1371483757.604620] latency=4:5:6:19:479:(24)ms throughput=38rps rr=2.63% cr=0.00% errors=0 total=7246
[1371483758.608657] latency=5:5:6:8:13:(7)ms throughput=33rps rr=0.00% cr=0.00% errors=0 total=7279
[1371483759.612658] latency=5:5:6:7:13:(6)ms throughput=27rps rr=0.00% cr=0.00% errors=0 total=7306
[1371483760.616656] latency=5:5:6:7:13:(7)ms throughput=36rps rr=0.00% cr=0.00% errors=0 total=7342
[1371483761.620606] latency=4:5:6:9:19:(7)ms throughput=33rps rr=0.00% cr=0.00% errors=0 total=7375
[1371483762.624659] latency=3:5:6:12:204:(16)ms throughput=45rps rr=2.22% cr=0.00% errors=0 total=7420
[1371483763.628623] latency=5:5:5:6:12:(6)ms throughput=24rps rr=0.00% cr=0.00% errors=0 total=7444
[1371483764.632663] latency=4:5:5:7:14:(6)ms throughput=39rps rr=0.00% cr=0.00% errors=0 total=7483
[1371483765.636656] latency=3:5:5:7:15:(7)ms throughput=31rps rr=0.00% cr=0.00% errors=0 total=7514
[1371483766.640606] latency=3:5:5:7:9:(6)ms throughput=31rps rr=0.00% cr=0.00% errors=0 total=7545
[1371483767.644666] latency=5:5:6:7:13:(6)ms throughput=37rps rr=0.00% cr=0.00% errors=0 total=7582
[1371483768.648648] latency=3:5:8:58:581:(59)ms throughput=35rps rr=5.71% cr=0.00% errors=0 total=7617
[1371483769.652664] latency=4:5:6:7:209:(18)ms throughput=27rps rr=3.70% cr=0.00% errors=0 total=7644
[1371483770.656623] latency=4:5:5:7:15:(7)ms throughput=28rps rr=0.00% cr=0.00% errors=0 total=7672
[1371483771.660659] latency=3:5:6:8:49:(7)ms throughput=41rps rr=2.44% cr=0.00% errors=0 total=7713
[1371483772.664608] latency=4:5:5:8:14:(7)ms throughput=34rps rr=0.00% cr=0.00% errors=0 total=7747
[1371483773.668664] latency=5:5:5:6:14:(6)ms throughput=26rps rr=0.00% cr=0.00% errors=0 total=7773
[1371483774.672660] latency=3:5:8:31:216:(29)ms throughput=36rps rr=5.56% cr=0.00% errors=0 total=7809
[1371483775.676652] latency=3:5:6:38:418:(40)ms throughput=34rps rr=5.88% cr=0.00% errors=0 total=7843
[1371483776.680646] latency=5:5:5:7:28:(8)ms throughput=32rps rr=0.00% cr=0.00% errors=0 total=7875
[1371483777.684713] latency=5:5:5:7:13:(6)ms throughput=20rps rr=0.00% cr=0.00% errors=0 total=7895
[1371483778.688647] latency=5:5:6:7:15:(7)ms throughput=36rps rr=0.00% cr=0.00% errors=0 total=7931
[1371483779.692621] latency=4:5:33:77:808:(74)ms throughput=23rps rr=4.35% cr=0.00% errors=0 total=7954
[1371483780.696618] latency=3:5:12:48:1436:(156)ms throughput=27rps rr=11.11% cr=0.00% errors=0 total=7981
[1371483781.700618] latency=4:5:6:10:312:(21)ms throughput=35rps rr=2.86% cr=0.00% errors=0 total=8016
[1371483782.704654] latency=5:5:6:8:13:(7)ms throughput=26rps rr=0.00% cr=0.00% errors=0 total=8042
[1371483783.708609] latency=4:5:5:7:26:(8)ms throughput=24rps rr=8.33% cr=0.00% errors=0 total=8066
[1371483784.712618] latency=4:5:12:35:287:(36)ms throughput=31rps rr=6.45% cr=0.00% errors=0 total=8097
[1371483785.716648] latency=3:5:5:17:96:(18)ms throughput=24rps rr=8.33% cr=0.00% errors=0 total=8121
[1371483786.720617] latency=5:5:6:21:418:(44)ms throughput=31rps rr=6.45% cr=0.00% errors=0 total=8152
[1371483787.724616] latency=4:5:5:7:15:(6)ms throughput=33rps rr=0.00% cr=0.00% errors=0 total=8185
[1371483788.728649] latency=4:5:6:10:16:(7)ms throughput=40rps rr=0.00% cr=0.00% errors=0 total=8225
[1371483789.732640] latency=5:5:6:7:10:(6)ms throughput=38rps rr=0.00% cr=0.00% errors=0 total=8263
[1371483790.736652] latency=3:5:5:8:26:(7)ms throughput=28rps rr=3.57% cr=0.00% errors=0 total=8291
[1371483791.740657] latency=3:5:6:9:15:(7)ms throughput=35rps rr=0.00% cr=0.00% errors=0 total=8326
[1371483792.744613] latency=3:5:6:9:229:(13)ms throughput=41rps rr=2.44% cr=0.00% errors=0 total=8367
[1371483793.748605] latency=4:5:7:21:544:(30)ms throughput=40rps rr=2.50% cr=0.00% errors=0 total=8407
[1371483794.752603] latency=5:5:5:7:18:(6)ms throughput=32rps rr=0.00% cr=0.00% errors=0 total=8439
[1371483795.756608] latency=3:5:7:11:83:(11)ms throughput=32rps rr=3.12% cr=0.00% errors=0 total=8471
[1371483796.760618] latency=3:5:5:9:238:(21)ms throughput=32rps rr=3.12% cr=0.00% errors=0 total=8503
[1371483797.764607] latency=3:5:6:24:350:(38)ms throughput=38rps rr=7.89% cr=0.00% errors=0 total=8541
[1371483798.768647] latency=3:4:5:15:477:(43)ms throughput=31rps rr=6.45% cr=0.00% errors=0 total=8572
[1371483799.772609] latency=3:5:6:11:413:(27)ms throughput=41rps rr=4.88% cr=0.00% errors=0 total=8613
[1371483800.776685] latency=3:5:8:53:348:(42)ms throughput=30rps rr=6.67% cr=0.00% errors=0 total=8643
[1371483801.780667] latency=5:5:10:32:405:(30)ms throughput=39rps rr=5.13% cr=0.00% errors=0 total=8682
[1371483802.784654] latency=4:5:8:10:303:(33)ms throughput=22rps rr=9.09% cr=0.00% errors=0 total=8704
[1371483803.788657] latency=4:5:5:7:55:(8)ms throughput=37rps rr=2.70% cr=0.00% errors=0 total=8741
[1371483804.792611] latency=3:4:5:22:427:(29)ms throughput=29rps rr=3.45% cr=0.00% errors=0 total=8770
[1371483805.796619] latency=4:5:5:8:431:(19)ms throughput=46rps rr=4.35% cr=0.00% errors=0 total=8816
[1371483806.800648] latency=3:5:18:58:616:(60)ms throughput=36rps rr=5.56% cr=0.00% errors=0 total=8852
[1371483807.804621] latency=3:5:6:11:85:(15)ms throughput=34rps rr=2.94% cr=0.00% errors=0 total=8886
[1371483808.808658] latency=3:5:25:59:924:(78)ms throughput=35rps rr=5.71% cr=0.00% errors=0 total=8921
[1371483809.812608] latency=3:5:11:19:1246:(65)ms throughput=35rps rr=5.71% cr=0.00% errors=0 total=8956
[1371483810.816605] latency=3:8:37:68:716:(61)ms throughput=37rps rr=2.70% cr=0.00% errors=0 total=8993
[1371483811.820666] latency=3:5:11:49:1861:(131)ms throughput=39rps rr=10.26% cr=0.00% errors=0 total=9032
[1371483812.824649] latency=4:5:6:7:773:(35)ms throughput=27rps rr=3.70% cr=0.00% errors=0 total=9059
[1371483813.828654] latency=4:5:5:5:64:(7)ms throughput=37rps rr=2.70% cr=0.00% errors=0 total=9096
[1371483814.832606] latency=4:5:6:39:300:(39)ms throughput=31rps rr=6.45% cr=0.00% errors=0 total=9127
[1371483815.836647] latency=3:5:7:14:206:(21)ms throughput=29rps rr=3.45% cr=0.00% errors=0 total=9156
[1371483816.840610] latency=3:5:7:18:148:(18)ms throughput=30rps rr=3.33% cr=0.00% errors=0 total=9186
[1371483817.844591] latency=3:5:5:7:526:(25)ms throughput=34rps rr=5.88% cr=0.00% errors=0 total=9220
[1371483818.848602] latency=3:10:31:59:480:(46)ms throughput=34rps rr=2.94% cr=0.00% errors=0 total=9254
[1371483819.852618] latency=3:5:23:70:1224:(95)ms throughput=20rps rr=10.00% cr=0.00% errors=0 total=9274
[1371483820.856730] latency=4:15:55:219:2357:(246)ms throughput=46rps rr=8.70% cr=0.00% errors=0 total=9320
[1371483821.860652] latency=4:5:5:7:12:(6)ms throughput=34rps rr=0.00% cr=0.00% errors=0 total=9354
[1371483822.864652] latency=3:5:5:9:340:(20)ms throughput=34rps rr=2.94% cr=0.00% errors=0 total=9388
[1371483823.868661] latency=5:5:6:8:147:(13)ms throughput=29rps rr=3.45% cr=0.00% errors=0 total=9417
[1371483824.872662] latency=4:5:5:6:155:(12)ms throughput=36rps rr=5.56% cr=0.00% errors=0 total=9453
[1371483825.876612] latency=5:5:5:6:192:(10)ms throughput=42rps rr=2.38% cr=0.00% errors=0 total=9495
[1371483826.880656] latency=5:5:5:6:8:(6)ms throughput=36rps rr=0.00% cr=0.00% errors=0 total=9531
[1371483827.884667] latency=4:5:5:7:141:(10)ms throughput=33rps rr=3.03% cr=0.00% errors=0 total=9564
[1371483828.888611] latency=5:5:5:6:198:(17)ms throughput=31rps rr=6.45% cr=0.00% errors=0 total=9595
[1371483829.892663] latency=5:5:5:5:8:(5)ms throughput=25rps rr=0.00% cr=0.00% errors=0 total=9620
[1371483830.896664] latency=5:5:6:6:9:(6)ms throughput=24rps rr=0.00% cr=0.00% errors=0 total=9644
[1371483831.900618] latency=5:5:5:7:192:(14)ms throughput=33rps rr=6.06% cr=0.00% errors=0 total=9677
[1371483832.904649] latency=5:5:5:6:8:(6)ms throughput=35rps rr=0.00% cr=0.00% errors=0 total=9712
[1371483833.908621] latency=4:5:5:5:9:(5)ms throughput=35rps rr=0.00% cr=0.00% errors=0 total=9747
[1371483834.912648] latency=5:5:5:7:201:(13)ms throughput=30rps rr=6.67% cr=0.00% errors=0 total=9777
[1371483835.916607] latency=5:5:6:7:8:(6)ms throughput=29rps rr=0.00% cr=0.00% errors=0 total=9806
[1371483836.920617] latency=4:5:5:6:94:(8)ms throughput=32rps rr=3.12% cr=0.00% errors=0 total=9838
[1371483837.924650] latency=5:5:5:6:167:(10)ms throughput=33rps rr=3.03% cr=0.00% errors=0 total=9871
[1371483838.956643] latency=5:5:6:7:93:(10)ms throughput=34rps rr=5.71% cr=0.00% errors=0 total=9906
[1371483839.960586] latency=5:5:5:6:190:(14)ms throughput=30rps rr=6.67% cr=0.00% errors=0 total=9936
[1371483840.964665] latency=5:5:5:8:67:(8)ms throughput=32rps rr=3.12% cr=0.00% errors=0 total=9968
[1371483841.968661] latency=5:5:5:7:158:(16)ms throughput=34rps rr=11.76% cr=0.00% errors=0 total=10002
[1371483842.972650] latency=5:5:5:7:167:(10)ms throughput=36rps rr=2.78% cr=0.00% errors=0 total=10038
[1371483843.976660] latency=5:5:5:6:9:(6)ms throughput=28rps rr=0.00% cr=0.00% errors=0 total=10066
[1371483844.980609] latency=5:5:5:6:8:(6)ms throughput=22rps rr=0.00% cr=0.00% errors=0 total=10088
[1371483845.984619] latency=5:5:5:5:198:(17)ms throughput=39rps rr=7.69% cr=0.00% errors=0 total=10127
[1371483846.988607] latency=5:5:5:6:22:(6)ms throughput=31rps rr=3.23% cr=0.00% errors=0 total=10158
[1371483847.992658] latency=5:5:5:7:66:(8)ms throughput=34rps rr=2.94% cr=0.00% errors=0 total=10192
[1371483848.996616] latency=4:5:5:7:101:(14)ms throughput=43rps rr=9.30% cr=0.00% errors=0 total=10235
[1371483850.000609] latency=5:5:5:6:8:(5)ms throughput=24rps rr=0.00% cr=0.00% errors=0 total=10259
[1371483851.004619] latency=4:5:5:6:68:(8)ms throughput=43rps rr=6.98% cr=0.00% errors=0 total=10302
[1371483852.008609] latency=5:5:5:8:229:(26)ms throughput=26rps rr=23.08% cr=0.00% errors=0 total=10328
[1371483853.012625] latency=5:5:6:8:217:(25)ms throughput=40rps rr=12.50% cr=0.00% errors=0 total=10368
[1371483854.016657] latency=4:5:5:7:127:(12)ms throughput=34rps rr=5.88% cr=0.00% errors=0 total=10402
[1371483855.020649] latency=4:5:5:6:73:(7)ms throughput=35rps rr=2.86% cr=0.00% errors=0 total=10437
[1371483856.024610] latency=3:5:5:8:122:(16)ms throughput=42rps rr=11.90% cr=0.00% errors=0 total=10479
[1371483857.028656] latency=4:5:5:8:345:(48)ms throughput=36rps rr=19.44% cr=0.00% errors=0 total=10515
[1371483858.032622] latency=4:5:6:7:188:(26)ms throughput=30rps rr=16.67% cr=0.00% errors=0 total=10545
[1371483859.036623] latency=5:5:6:6:108:(11)ms throughput=34rps rr=5.88% cr=0.00% errors=0 total=10579
[1371483860.040651] latency=4:5:5:7:124:(12)ms throughput=33rps rr=6.06% cr=0.00% errors=0 total=10612
[1371483861.044593] latency=5:5:5:7:80:(10)ms throughput=29rps rr=6.90% cr=0.00% errors=0 total=10641
[1371483862.048612] latency=4:5:5:8:164:(19)ms throughput=34rps rr=14.71% cr=0.00% errors=0 total=10675
[1371483863.052619] latency=5:5:6:6:121:(11)ms throughput=24rps rr=4.17% cr=0.00% errors=0 total=10699
[1371483864.056612] latency=4:5:6:7:86:(10)ms throughput=38rps rr=7.89% cr=0.00% errors=0 total=10737
[1371483865.060615] latency=5:5:5:6:179:(18)ms throughput=35rps rr=8.57% cr=0.00% errors=0 total=10772
[1371483866.064619] latency=4:5:5:9:183:(24)ms throughput=32rps rr=15.62% cr=0.00% errors=0 total=10804
[1371483867.068618] latency=4:5:5:7:136:(16)ms throughput=31rps rr=12.90% cr=0.00% errors=0 total=10835
[1371483868.072664] latency=5:5:5:6:147:(14)ms throughput=33rps rr=6.06% cr=0.00% errors=0 total=10868
[1371483869.076715] latency=3:5:6:9:184:(26)ms throughput=35rps rr=20.00% cr=0.00% errors=0 total=10903
[1371483870.080619] latency=4:5:5:6:164:(23)ms throughput=25rps rr=12.00% cr=0.00% errors=0 total=10928
[1371483871.084610] latency=5:5:6:12:182:(33)ms throughput=21rps rr=23.81% cr=0.00% errors=0 total=10949
[1371483872.088616] latency=4:5:6:8:220:(29)ms throughput=30rps rr=13.33% cr=0.00% errors=0 total=10979
[1371483873.092618] latency=4:5:6:10:274:(43)ms throughput=41rps rr=24.39% cr=0.00% errors=0 total=11020
[1371483874.096609] latency=4:5:5:8:220:(35)ms throughput=35rps rr=20.00% cr=0.00% errors=0 total=11055
[1371483875.100622] latency=4:5:6:8:243:(36)ms throughput=29rps rr=20.69% cr=0.00% errors=0 total=11084
[1371483876.104621] latency=5:5:5:7:185:(14)ms throughput=36rps rr=8.33% cr=0.00% errors=0 total=11120
[1371483877.108609] latency=5:5:5:7:114:(16)ms throughput=26rps rr=11.54% cr=0.00% errors=0 total=11146
[1371483878.112618] latency=5:5:5:7:167:(18)ms throughput=30rps rr=13.33% cr=0.00% errors=0 total=11176
[1371483879.116655] latency=4:5:8:100:222:(58)ms throughput=21rps rr=33.33% cr=0.00% errors=0 total=11197
[1371483880.120610] latency=4:5:6:8:210:(26)ms throughput=42rps rr=14.29% cr=0.00% errors=0 total=11239
[1371483881.124602] latency=4:5:6:16:224:(34)ms throughput=44rps rr=25.00% cr=0.00% errors=0 total=11283
[1371483882.128660] latency=4:5:5:8:200:(22)ms throughput=34rps rr=17.65% cr=0.00% errors=0 total=11317
[1371483883.132618] latency=3:5:5:53:216:(38)ms throughput=26rps rr=26.92% cr=0.00% errors=0 total=11343
[1371483884.136618] latency=4:5:5:55:226:(45)ms throughput=30rps rr=30.00% cr=0.00% errors=0 total=11373
[1371483885.140630] latency=4:5:5:8:216:(36)ms throughput=32rps rr=21.88% cr=0.00% errors=0 total=11405
[1371483886.148610] latency=4:5:7:17:217:(36)ms throughput=31rps rr=25.81% cr=0.00% errors=0 total=11436
[1371483887.152616] latency=4:5:6:87:232:(47)ms throughput=30rps rr=33.33% cr=0.00% errors=0 total=11466
[1371483888.156607] latency=4:5:8:123:223:(56)ms throughput=29rps rr=44.83% cr=0.00% errors=0 total=11495
[1371483889.160612] latency=5:5:6:57:208:(43)ms throughput=27rps rr=33.33% cr=0.00% errors=0 total=11522
[1371483890.164610] latency=4:5:8:79:209:(53)ms throughput=28rps rr=42.86% cr=0.00% errors=0 total=11550
[1371483891.168617] latency=4:5:6:26:203:(42)ms throughput=29rps rr=31.03% cr=0.00% errors=0 total=11579
[1371483892.172619] latency=4:5:6:11:165:(30)ms throughput=46rps rr=21.74% cr=0.00% errors=0 total=11625
[1371483893.176608] latency=4:5:5:6:192:(26)ms throughput=32rps rr=25.00% cr=0.00% errors=0 total=11657
[1371483894.180609] latency=4:5:7:87:224:(47)ms throughput=43rps rr=30.23% cr=0.00% errors=0 total=11700
[1371483895.184619] latency=3:5:5:22:225:(32)ms throughput=33rps rr=30.30% cr=0.00% errors=0 total=11733
[1371483896.188619] latency=4:4:5:16:212:(33)ms throughput=29rps rr=31.03% cr=0.00% errors=0 total=11762
[1371483897.192614] latency=4:6:9:187:439:(105)ms throughput=34rps rr=47.06% cr=0.00% errors=0 total=11796
[1371483898.196609] latency=4:5:5:8:185:(29)ms throughput=32rps rr=18.75% cr=0.00% errors=0 total=11828
[1371483899.200615] latency=4:5:5:9:170:(32)ms throughput=38rps rr=23.68% cr=0.00% errors=0 total=11866
[1371483900.204618] latency=5:5:14:130:268:(65)ms throughput=29rps rr=41.38% cr=0.00% errors=0 total=11895
[1371483901.208600] latency=3:5:7:84:269:(53)ms throughput=46rps rr=34.78% cr=0.00% errors=0 total=11941
[1371483902.212610] latency=4:5:6:29:224:(33)ms throughput=35rps rr=31.43% cr=0.00% errors=0 total=11976
[1371483903.216624] latency=3:5:8:79:232:(48)ms throughput=32rps rr=37.50% cr=0.00% errors=0 total=12008
[1371483904.220613] latency=3:5:14:201:325:(100)ms throughput=39rps rr=48.72% cr=0.00% errors=0 total=12047
[1371483905.224608] latency=4:5:6:117:424:(64)ms throughput=36rps rr=41.67% cr=0.00% errors=0 total=12083
[1371483906.228614] latency=4:5:6:52:269:(45)ms throughput=35rps rr=34.29% cr=0.00% errors=0 total=12118
[1371483907.232666] latency=3:6:14:219:509:(116)ms throughput=33rps rr=45.45% cr=0.00% errors=0 total=12151
[1371483908.236625] latency=3:5:8:110:252:(65)ms throughput=35rps rr=48.57% cr=0.00% errors=0 total=12186
[1371483909.240624] latency=4:5:5:39:195:(32)ms throughput=31rps rr=32.26% cr=0.00% errors=0 total=12217
[1371483910.244656] latency=4:5:6:115:226:(54)ms throughput=32rps rr=37.50% cr=0.00% errors=0 total=12249
[1371483911.248595] latency=4:5:7:35:254:(44)ms throughput=41rps rr=29.27% cr=0.00% errors=0 total=12290
[1371483912.252590] latency=4:5:9:144:234:(63)ms throughput=23rps rr=47.83% cr=0.00% errors=0 total=12313
[1371483913.256658] latency=4:5:7:78:239:(56)ms throughput=28rps rr=42.86% cr=0.00% errors=0 total=12341
[1371483914.260612] latency=5:6:11:117:295:(69)ms throughput=24rps rr=41.67% cr=0.00% errors=0 total=12365
[1371483915.264621] latency=3:8:230:647:1029:(330)ms throughput=27rps rr=55.56% cr=0.00% errors=0 total=12392
[1371483916.268594] latency=4:4:11:359:1045:(203)ms throughput=41rps rr=46.34% cr=0.00% errors=0 total=12433
[1371483917.272584] latency=4:5:57:184:384:(95)ms throughput=31rps rr=67.74% cr=0.00% errors=0 total=12464
[1371483918.276608] latency=4:5:6:25:203:(36)ms throughput=33rps rr=33.33% cr=0.00% errors=0 total=12497
[1371483919.280612] latency=4:5:8:108:258:(57)ms throughput=42rps rr=47.62% cr=0.00% errors=0 total=12539
[1371483920.284609] latency=4:5:8:83:208:(54)ms throughput=23rps rr=43.48% cr=0.00% errors=0 total=12562
[1371483921.288608] latency=3:5:8:108:210:(51)ms throughput=19rps rr=36.84% cr=0.00% errors=0 total=12581
[1371483922.292608] latency=3:5:16:163:301:(75)ms throughput=34rps rr=50.00% cr=0.00% errors=0 total=12615
[1371483923.296638] latency=4:5:26:131:387:(81)ms throughput=31rps rr=54.84% cr=0.00% errors=0 total=12646
[1371483924.300627] latency=3:5:15:110:274:(63)ms throughput=28rps rr=39.29% cr=0.00% errors=0 total=12674
[1371483925.304610] latency=5:7:12:70:1378:(159)ms throughput=22rps rr=31.82% cr=0.00% errors=0 total=12696
[1371483926.308612] latency=5:8:30:83:1334:(172)ms throughput=23rps rr=13.04% cr=0.00% errors=0 total=12719
[1371483927.312612] latency=5:8:10:38:3338:(614)ms throughput=15rps rr=33.33% cr=0.00% errors=0 total=12734
[1371483928.316616] latency=5:8:67:1309:4047:(913)ms throughput=23rps rr=34.78% cr=0.00% errors=0 total=12757
[1371483929.320592] latency=5:12:79:289:4993:(898)ms throughput=17rps rr=29.41% cr=0.00% errors=0 total=12774
[1371483930.324617] latency=5:22:90:3659:5727:(1503)ms throughput=14rps rr=35.71% cr=0.00% errors=0 total=12788
[1371483931.328605] latency=7:9:189:1735:6239:(1119)ms throughput=15rps rr=33.33% cr=0.00% errors=0 total=12803
[1371483932.332608] latency=5:9:115:2358:5186:(1087)ms throughput=32rps rr=28.12% cr=0.00% errors=0 total=12835
[1371483933.336789] latency=5:9:37:147:4138:(595)ms throughput=17rps rr=17.65% cr=0.00% errors=0 total=12852
[1371483934.340603] latency=5:7:38:102:8061:(484)ms throughput=22rps rr=9.09% cr=0.00% errors=0 total=12874
[1371483935.344623] latency=5:82:260:371:10160:(990)ms throughput=13rps rr=7.69% cr=0.00% errors=0 total=12887
[1371483936.348628] latency=4:9:63:3959:10266:(2146)ms throughput=22rps rr=27.27% cr=0.00% errors=0 total=12909
[1371483937.352607] latency=5:7:112:3029:11139:(2230)ms throughput=19rps rr=31.58% cr=0.00% errors=0 total=12928
[1371483938.356625] latency=7:12:198:9007:11862:(3195)ms throughput=25rps rr=32.00% cr=0.00% errors=0 total=12953
[1371483939.360658] latency=6:9:143:8236:11916:(3317)ms throughput=34rps rr=38.24% cr=0.00% errors=0 total=12987
[1371483940.364600] latency=5:8:43:2922:12135:(2400)ms throughput=35rps rr=31.43% cr=0.00% errors=0 total=13022
[1371483941.368617] latency=5:7:32:2201:12506:(2288)ms throughput=35rps rr=25.71% cr=0.00% errors=0 total=13057
[1371483942.372630] latency=4:7:16:2551:8953:(1525)ms throughput=47rps rr=34.04% cr=0.00% errors=0 total=13104
[1371483943.376666] latency=4:5:5:9:35:(8)ms throughput=33rps rr=6.06% cr=0.00% errors=0 total=13137
[1371483944.380609] latency=4:6:8:11:177:(16)ms throughput=28rps rr=7.14% cr=0.00% errors=0 total=13165
[1371483945.392593] latency=5:5:8:19:585:(101)ms throughput=28rps rr=25.00% cr=0.00% errors=0 total=13193
[1371483946.396620] latency=5:6:8:9:224:(24)ms throughput=34rps rr=8.82% cr=0.00% errors=0 total=13227
[1371483947.400636] latency=5:5:6:7:18:(7)ms throughput=49rps rr=2.04% cr=0.00% errors=0 total=13276
[1371483948.404619] latency=3:5:6:8:155:(12)ms throughput=30rps rr=3.33% cr=0.00% errors=0 total=13306
[1371483949.408613] latency=3:5:6:9:136:(12)ms throughput=33rps rr=6.06% cr=0.00% errors=0 total=13339
[1371483950.412656] latency=4:5:7:8:184:(17)ms throughput=29rps rr=10.34% cr=0.00% errors=0 total=13368
[1371483951.416617] latency=3:5:6:7:103:(11)ms throughput=37rps rr=5.41% cr=0.00% errors=0 total=13405
[1371483952.420659] latency=4:5:8:9:122:(13)ms throughput=35rps rr=5.71% cr=0.00% errors=0 total=13440
[1371483953.424650] latency=4:5:6:10:173:(21)ms throughput=28rps rr=10.71% cr=0.00% errors=0 total=13468
[1371483954.428617] latency=4:5:5:8:135:(11)ms throughput=31rps rr=3.23% cr=0.00% errors=0 total=13499
[1371483955.432606] latency=4:5:7:10:322:(43)ms throughput=31rps rr=19.35% cr=0.00% errors=0 total=13530
[1371483956.436658] latency=3:5:5:9:151:(14)ms throughput=28rps rr=7.14% cr=0.00% errors=0 total=13558
[1371483957.440620] latency=4:5:6:7:171:(11)ms throughput=33rps rr=3.03% cr=0.00% errors=0 total=13591
[1371483958.444593] latency=4:5:6:8:169:(17)ms throughput=29rps rr=10.34% cr=0.00% errors=0 total=13620
[1371483959.448662] latency=3:6:8:9:161:(29)ms throughput=29rps rr=17.24% cr=0.00% errors=0 total=13649
[1371483960.452603] latency=5:6:7:9:170:(18)ms throughput=26rps rr=7.69% cr=0.00% errors=0 total=13675
[1371483961.468651] latency=5:6:8:14:226:(17)ms throughput=29rps rr=3.45% cr=0.00% errors=0 total=13704
[1371483962.472660] latency=3:5:6:9:235:(19)ms throughput=38rps rr=7.89% cr=0.00% errors=0 total=13742
[1371483963.476613] latency=4:6:9:15:625:(55)ms throughput=38rps rr=15.79% cr=0.00% errors=0 total=13780
[1371483964.480608] latency=4:6:7:12:734:(82)ms throughput=28rps rr=21.43% cr=0.00% errors=0 total=13808
[1371483965.484617] latency=3:5:7:9:312:(24)ms throughput=29rps rr=13.79% cr=0.00% errors=0 total=13837
[1371483966.488649] latency=5:5:6:9:65:(10)ms throughput=34rps rr=5.88% cr=0.00% errors=0 total=13871
[1371483967.492618] latency=4:5:7:8:164:(20)ms throughput=28rps rr=10.71% cr=0.00% errors=0 total=13899
[1371483968.496597] latency=4:6:7:9:273:(27)ms throughput=35rps rr=8.57% cr=0.00% errors=0 total=13934
[1371483969.500620] latency=3:5:6:8:369:(36)ms throughput=29rps rr=13.79% cr=0.00% errors=0 total=13963
[1371483970.504607] latency=4:5:6:10:276:(29)ms throughput=30rps rr=13.33% cr=0.00% errors=0 total=13993
[1371483971.508624] latency=3:5:7:10:167:(13)ms throughput=34rps rr=5.88% cr=0.00% errors=0 total=14027
[1371483972.512620] latency=4:5:6:10:215:(25)ms throughput=28rps rr=10.71% cr=0.00% errors=0 total=14055
[1371483973.516607] latency=4:6:8:11:278:(27)ms throughput=36rps rr=11.11% cr=0.00% errors=0 total=14091
[1371483974.520835] latency=4:5:7:9:269:(25)ms throughput=26rps rr=15.38% cr=0.00% errors=0 total=14117
[1371483975.524624] latency=5:7:9:12:592:(61)ms throughput=31rps rr=9.68% cr=0.00% errors=0 total=14148
[1371483976.528606] latency=5:7:9:17:1045:(110)ms throughput=39rps rr=12.82% cr=0.00% errors=0 total=14187
[1371483977.532612] latency=5:7:8:22:1082:(147)ms throughput=29rps rr=17.24% cr=0.00% errors=0 total=14216
[1371483978.536620] latency=4:6:8:16:1617:(242)ms throughput=39rps rr=23.08% cr=0.00% errors=0 total=14255
[1371483979.540618] latency=4:5:9:24:373:(45)ms throughput=39rps rr=20.51% cr=0.00% errors=0 total=14294
[1371483980.544613] latency=4:5:7:10:429:(49)ms throughput=28rps rr=14.29% cr=0.00% errors=0 total=14322
[1371483981.548599] latency=4:6:8:11:255:(37)ms throughput=31rps rr=19.35% cr=0.00% errors=0 total=14353
[1371483982.552624] latency=4:6:8:14:503:(60)ms throughput=41rps rr=17.07% cr=0.00% errors=0 total=14394
[1371483983.556619] latency=3:5:8:12:263:(28)ms throughput=33rps rr=12.12% cr=0.00% errors=0 total=14427
[1371483984.560624] latency=5:5:7:9:197:(18)ms throughput=37rps rr=8.11% cr=0.00% errors=0 total=14464
[1371483985.564622] latency=3:5:7:10:426:(32)ms throughput=47rps rr=10.64% cr=0.00% errors=0 total=14511
[1371483986.568780] latency=4:7:9:12:400:(50)ms throughput=45rps rr=17.78% cr=0.00% errors=0 total=14556
[1371483987.572660] latency=4:5:7:10:244:(22)ms throughput=34rps rr=14.71% cr=0.00% errors=0 total=14590
[1371483988.576607] latency=4:5:7:8:354:(23)ms throughput=38rps rr=5.26% cr=0.00% errors=0 total=14628
[1371483989.580606] latency=3:5:6:10:68:(10)ms throughput=54rps rr=7.41% cr=0.00% errors=0 total=14682
[1371483990.584657] latency=4:5:5:8:39:(9)ms throughput=19rps rr=15.79% cr=0.00% errors=0 total=14701
[1371483991.588653] latency=4:5:7:8:426:(38)ms throughput=33rps rr=9.09% cr=0.00% errors=0 total=14734
[1371483992.592603] latency=3:6:7:10:226:(23)ms throughput=44rps rr=13.64% cr=0.00% errors=0 total=14778
[1371483993.596654] latency=5:6:7:9:287:(32)ms throughput=27rps rr=11.11% cr=0.00% errors=0 total=14805
[1371483994.600607] latency=3:5:6:9:225:(19)ms throughput=41rps rr=7.32% cr=0.00% errors=0 total=14846
[1371483995.604649] latency=4:5:6:8:220:(17)ms throughput=29rps rr=6.90% cr=0.00% errors=0 total=14875
[1371483996.608615] latency=4:5:7:8:395:(42)ms throughput=31rps rr=16.13% cr=0.00% errors=0 total=14906
[1371483997.612618] latency=4:6:9:19:757:(122)ms throughput=29rps rr=24.14% cr=0.00% errors=0 total=14935
[1371483998.616619] latency=5:7:8:14:914:(90)ms throughput=31rps rr=9.68% cr=0.00% errors=0 total=14966
[1371483999.620603] latency=5:7:9:15:1610:(164)ms throughput=41rps rr=17.07% cr=0.00% errors=0 total=15007
[1371484000.624658] latency=3:5:7:11:1643:(139)ms throughput=35rps rr=14.29% cr=0.00% errors=0 total=15042
[1371484001.628622] latency=5:5:7:8:190:(24)ms throughput=17rps rr=11.76% cr=0.00% errors=0 total=15059
[1371484002.632608] latency=5:5:6:8:208:(15)ms throughput=43rps rr=6.98% cr=0.00% errors=0 total=15102
[1371484003.636665] latency=5:6:8:14:331:(34)ms throughput=42rps rr=14.29% cr=0.00% errors=0 total=15144
[1371484004.640608] latency=4:6:7:9:202:(21)ms throughput=32rps rr=9.38% cr=0.00% errors=0 total=15176
[1371484005.644624] latency=5:5:6:8:145:(13)ms throughput=42rps rr=4.76% cr=0.00% errors=0 total=15218
[1371484006.648668] latency=4:6:7:13:218:(25)ms throughput=36rps rr=13.89% cr=0.00% errors=0 total=15254
[1371484007.652621] latency=4:6:8:10:220:(16)ms throughput=41rps rr=4.88% cr=0.00% errors=0 total=15295
[1371484008.656594] latency=4:6:7:9:380:(39)ms throughput=33rps rr=15.15% cr=0.00% errors=0 total=15328
[1371484009.660660] latency=4:6:8:11:433:(43)ms throughput=44rps rr=15.91% cr=0.00% errors=0 total=15372
[1371484010.664618] latency=3:5:5:7:83:(8)ms throughput=34rps rr=2.94% cr=0.00% errors=0 total=15406
[1371484011.668622] latency=3:5:7:9:363:(30)ms throughput=33rps rr=9.09% cr=0.00% errors=0 total=15439
[1371484012.672656] latency=4:5:7:11:302:(35)ms throughput=35rps rr=14.29% cr=0.00% errors=0 total=15474
[1371484013.676626] latency=4:5:7:11:197:(18)ms throughput=35rps rr=8.57% cr=0.00% errors=0 total=15509
[1371484014.680610] latency=3:6:8:18:716:(117)ms throughput=30rps rr=23.33% cr=0.00% errors=0 total=15539
[1371484015.684621] latency=3:6:9:15:284:(40)ms throughput=35rps rr=17.14% cr=0.00% errors=0 total=15574
[1371484016.688647] latency=4:5:6:8:273:(20)ms throughput=33rps rr=6.06% cr=0.00% errors=0 total=15607
[1371484017.692621] latency=3:5:6:9:141:(10)ms throughput=37rps rr=2.70% cr=0.00% errors=0 total=15644
[1371484018.696629] latency=4:5:7:10:240:(24)ms throughput=34rps rr=11.76% cr=0.00% errors=0 total=15678
[1371484019.700617] latency=4:5:6:9:243:(20)ms throughput=24rps rr=12.50% cr=0.00% errors=0 total=15702
[1371484020.704618] latency=3:5:8:16:378:(45)ms throughput=33rps rr=18.18% cr=0.00% errors=0 total=15735
[1371484021.708617] latency=3:6:8:11:177:(25)ms throughput=34rps rr=14.71% cr=0.00% errors=0 total=15769
[1371484022.712621] latency=5:7:9:12:546:(53)ms throughput=36rps rr=13.89% cr=0.00% errors=0 total=15805
[1371484023.716663] latency=4:5:7:9:817:(96)ms throughput=37rps rr=16.22% cr=0.00% errors=0 total=15842
[1371484024.720618] latency=3:6:9:16:305:(54)ms throughput=31rps rr=22.58% cr=0.00% errors=0 total=15873
[1371484025.724610] latency=5:5:6:7:122:(15)ms throughput=30rps rr=13.33% cr=0.00% errors=0 total=15903
[1371484026.728618] latency=3:5:5:6:104:(8)ms throughput=43rps rr=4.65% cr=0.00% errors=0 total=15946
[1371484027.732650] latency=5:5:5:8:219:(28)ms throughput=25rps rr=20.00% cr=0.00% errors=0 total=15971
[1371484028.736665] latency=5:5:5:8:157:(19)ms throughput=30rps rr=16.67% cr=0.00% errors=0 total=16001
[1371484029.740613] latency=4:5:5:6:197:(16)ms throughput=36rps rr=8.33% cr=0.00% errors=0 total=16037
[1371484030.744659] latency=4:5:5:7:110:(9)ms throughput=29rps rr=3.45% cr=0.00% errors=0 total=16066
[1371484031.748606] latency=4:5:5:6:160:(23)ms throughput=23rps rr=13.04% cr=0.00% errors=0 total=16089
[1371484032.752613] latency=3:5:5:8:196:(22)ms throughput=33rps rr=12.12% cr=0.00% errors=0 total=16122
[1371484033.756656] latency=5:5:5:6:46:(9)ms throughput=20rps rr=10.00% cr=0.00% errors=0 total=16142
[1371484034.760619] latency=3:5:5:6:170:(24)ms throughput=33rps rr=15.15% cr=0.00% errors=0 total=16175
[1371484035.764660] latency=5:5:6:8:163:(21)ms throughput=24rps rr=12.50% cr=0.00% errors=0 total=16199
[1371484036.768671] latency=5:5:6:8:145:(16)ms throughput=28rps rr=7.14% cr=0.00% errors=0 total=16227
[1371484037.772637] latency=4:5:6:8:123:(27)ms throughput=29rps rr=20.69% cr=0.00% errors=0 total=16256
[1371484038.776616] latency=3:5:7:37:228:(40)ms throughput=30rps rr=30.00% cr=0.00% errors=0 total=16286
[1371484039.780625] latency=3:5:6:10:198:(28)ms throughput=35rps rr=20.00% cr=0.00% errors=0 total=16321
[1371484040.784604] latency=3:5:6:9:219:(33)ms throughput=41rps rr=24.39% cr=0.00% errors=0 total=16362
[1371484041.788659] latency=4:5:6:9:187:(26)ms throughput=43rps rr=16.28% cr=0.00% errors=0 total=16405
[1371484042.792610] latency=4:5:6:9:150:(21)ms throughput=38rps rr=15.79% cr=0.00% errors=0 total=16443
[1371484043.796621] latency=3:5:7:9:506:(50)ms throughput=34rps rr=17.65% cr=0.00% errors=0 total=16477
[1371484044.800709] latency=4:5:11:198:594:(117)ms throughput=28rps rr=42.86% cr=0.00% errors=0 total=16505
[1371484045.804660] latency=4:6:9:357:740:(161)ms throughput=29rps rr=44.83% cr=0.00% errors=0 total=16534
[1371484046.808635] latency=3:5:10:231:713:(129)ms throughput=43rps rr=34.88% cr=0.00% errors=0 total=16577
[1371484047.812643] latency=3:5:7:81:364:(57)ms throughput=28rps rr=35.71% cr=0.00% errors=0 total=16605
[1371484048.816623] latency=4:5:7:14:251:(37)ms throughput=40rps rr=30.00% cr=0.00% errors=0 total=16645
[1371484049.820637] latency=3:5:7:21:385:(53)ms throughput=25rps rr=28.00% cr=0.00% errors=0 total=16670
[1371484050.824635] latency=4:5:5:8:251:(31)ms throughput=32rps rr=21.88% cr=0.00% errors=0 total=16702
[1371484051.828641] latency=4:5:8:183:731:(109)ms throughput=34rps rr=35.29% cr=0.00% errors=0 total=16736
[1371484052.832654] latency=3:5:7:23:537:(54)ms throughput=34rps rr=26.47% cr=0.00% errors=0 total=16770
[1371484053.864653] latency=4:5:5:8:178:(23)ms throughput=38rps rr=15.38% cr=0.00% errors=0 total=16809
[1371484054.868644] latency=4:5:5:12:144:(24)ms throughput=30rps rr=26.67% cr=0.00% errors=0 total=16839
[1371484055.872642] latency=4:5:6:9:275:(27)ms throughput=37rps rr=18.92% cr=0.00% errors=0 total=16876
[1371484056.876622] latency=4:5:6:8:188:(28)ms throughput=33rps rr=18.18% cr=0.00% errors=0 total=16909
[1371484057.880644] latency=3:5:5:9:211:(27)ms throughput=32rps rr=18.75% cr=0.00% errors=0 total=16941
[1371484058.884653] latency=4:5:6:12:337:(45)ms throughput=35rps rr=22.86% cr=0.00% errors=0 total=16976
[1371484059.888636] latency=3:5:7:44:184:(31)ms throughput=31rps rr=35.48% cr=0.00% errors=0 total=17007
[1371484060.892629] latency=3:5:7:9:242:(38)ms throughput=31rps rr=19.35% cr=0.00% errors=0 total=17038
[1371484061.896669] latency=4:5:6:53:193:(36)ms throughput=34rps rr=29.41% cr=0.00% errors=0 total=17072
[1371484062.900628] latency=3:5:7:108:563:(94)ms throughput=28rps rr=32.14% cr=0.00% errors=0 total=17100
[1371484063.904637] latency=4:5:8:116:432:(64)ms throughput=38rps rr=36.84% cr=0.00% errors=0 total=17138
[1371484064.908628] latency=4:5:6:34:307:(41)ms throughput=39rps rr=25.64% cr=0.00% errors=0 total=17177
[1371484065.912641] latency=3:5:6:21:545:(75)ms throughput=37rps rr=24.32% cr=0.00% errors=0 total=17214
[1371484066.916627] latency=4:5:5:7:210:(19)ms throughput=38rps rr=21.05% cr=0.00% errors=0 total=17252
[1371484067.920670] latency=4:5:9:123:417:(83)ms throughput=36rps rr=36.11% cr=0.00% errors=0 total=17288
[1371484068.924642] latency=4:5:5:9:215:(25)ms throughput=33rps rr=21.21% cr=0.00% errors=0 total=17321
[1371484069.928650] latency=3:5:6:88:275:(54)ms throughput=28rps rr=35.71% cr=0.00% errors=0 total=17349
[1371484070.932666] latency=4:5:7:72:241:(49)ms throughput=26rps rr=46.15% cr=0.00% errors=0 total=17375
[1371484071.936671] latency=4:5:6:11:299:(35)ms throughput=34rps rr=20.59% cr=0.00% errors=0 total=17409
[1371484072.940637] latency=3:5:7:17:397:(46)ms throughput=40rps rr=15.00% cr=0.00% errors=0 total=17449
[1371484073.944642] latency=3:5:8:256:1031:(210)ms throughput=30rps rr=40.00% cr=0.00% errors=0 total=17479
[1371484074.948657] latency=3:5:8:287:977:(195)ms throughput=36rps rr=44.44% cr=0.00% errors=0 total=17515
[1371484075.952648] latency=3:4:5:11:217:(34)ms throughput=30rps rr=26.67% cr=0.00% errors=0 total=17545
[1371484076.956641] latency=4:6:8:138:282:(68)ms throughput=28rps rr=32.14% cr=0.00% errors=0 total=17573
[1371484077.960643] latency=3:5:6:124:379:(69)ms throughput=33rps rr=30.30% cr=0.00% errors=0 total=17606
[1371484078.964621] latency=5:5:6:9:170:(21)ms throughput=31rps rr=19.35% cr=0.00% errors=0 total=17637
[1371484079.968637] latency=3:5:7:110:239:(50)ms throughput=36rps rr=36.11% cr=0.00% errors=0 total=17673
[1371484080.972644] latency=3:5:7:98:426:(84)ms throughput=32rps rr=28.12% cr=0.00% errors=0 total=17705
[1371484081.976638] latency=4:5:8:18:314:(43)ms throughput=32rps rr=28.12% cr=0.00% errors=0 total=17737
[1371484082.980639] latency=4:6:11:145:454:(104)ms throughput=26rps rr=46.15% cr=0.00% errors=0 total=17763
[1371484083.984643] latency=4:8:14:232:440:(108)ms throughput=34rps rr=35.29% cr=0.00% errors=0 total=17797
[1371484084.988635] latency=4:6:15:170:649:(151)ms throughput=33rps rr=42.42% cr=0.00% errors=0 total=17830
[1371484085.992653] latency=4:8:20:302:944:(162)ms throughput=28rps rr=35.71% cr=0.00% errors=0 total=17858
[1371484086.996625] latency=4:5:7:228:1152:(181)ms throughput=49rps rr=30.61% cr=0.00% errors=0 total=17907
[1371484088.000639] latency=4:5:8:11:319:(51)ms throughput=33rps rr=24.24% cr=0.00% errors=0 total=17940
[1371484089.004642] latency=4:5:8:90:331:(58)ms throughput=36rps rr=33.33% cr=0.00% errors=0 total=17976
[1371484090.008642] latency=3:4:7:89:325:(65)ms throughput=37rps rr=35.14% cr=0.00% errors=0 total=18013
[1371484091.012654] latency=4:5:6:44:249:(47)ms throughput=32rps rr=28.12% cr=0.00% errors=0 total=18045
[1371484092.016638] latency=3:5:7:8:213:(28)ms throughput=25rps rr=16.00% cr=0.00% errors=0 total=18070
[1371484093.020655] latency=3:5:9:94:383:(74)ms throughput=30rps rr=33.33% cr=0.00% errors=0 total=18100
[1371484094.024641] latency=4:5:6:21:209:(37)ms throughput=26rps rr=26.92% cr=0.00% errors=0 total=18126
[1371484095.028623] latency=4:5:6:8:241:(18)ms throughput=32rps rr=18.75% cr=0.00% errors=0 total=18158
[1371484096.032671] latency=3:7:13:245:805:(175)ms throughput=38rps rr=47.37% cr=0.00% errors=0 total=18196
[1371484097.036671] latency=3:5:5:25:204:(27)ms throughput=24rps rr=33.33% cr=0.00% errors=0 total=18220
[1371484098.040651] latency=4:5:8:111:362:(78)ms throughput=39rps rr=41.03% cr=0.00% errors=0 total=18259
[1371484099.044626] latency=4:5:6:21:468:(50)ms throughput=26rps rr=26.92% cr=0.00% errors=0 total=18285
[1371484100.048673] latency=4:6:9:280:540:(133)ms throughput=32rps rr=40.62% cr=0.00% errors=0 total=18317
[1371484101.052643] latency=5:5:7:8:108:(18)ms throughput=30rps rr=13.33% cr=0.00% errors=0 total=18347
[1371484102.056649] latency=3:4:7:179:518:(105)ms throughput=31rps rr=35.48% cr=0.00% errors=0 total=18378
[1371484103.060625] latency=4:9:13:151:657:(128)ms throughput=18rps rr=38.89% cr=0.00% errors=0 total=18396
[1371484104.064668] latency=4:5:123:798:1179:(325)ms throughput=34rps rr=55.88% cr=0.00% errors=0 total=18430
[1371484105.068634] latency=4:5:7:117:407:(68)ms throughput=26rps rr=26.92% cr=0.00% errors=0 total=18456
[1371484106.072641] latency=4:8:19:584:1288:(296)ms throughput=40rps rr=50.00% cr=0.00% errors=0 total=18496
[1371484107.076624] latency=4:5:8:265:569:(110)ms throughput=30rps rr=40.00% cr=0.00% errors=0 total=18526
[1371484108.080638] latency=3:5:6:22:479:(57)ms throughput=38rps rr=23.68% cr=0.00% errors=0 total=18564
[1371484109.084634] latency=4:5:6:38:354:(65)ms throughput=35rps rr=28.57% cr=0.00% errors=0 total=18599
[1371484110.088639] latency=3:6:10:124:338:(76)ms throughput=31rps rr=35.48% cr=0.00% errors=0 total=18630
[1371484111.092623] latency=4:5:6:145:304:(64)ms throughput=26rps rr=34.62% cr=0.00% errors=0 total=18656
[1371484112.096664] latency=3:5:7:58:424:(71)ms throughput=36rps rr=30.56% cr=0.00% errors=0 total=18692
[1371484113.100639] latency=4:5:8:73:215:(49)ms throughput=23rps rr=39.13% cr=0.00% errors=0 total=18715
[1371484114.104642] latency=3:5:6:11:321:(50)ms throughput=36rps rr=22.22% cr=0.00% errors=0 total=18751
[1371484115.108602] latency=4:5:6:59:317:(46)ms throughput=30rps rr=36.67% cr=0.00% errors=0 total=18781
[1371484116.112658] latency=4:6:9:53:350:(57)ms throughput=37rps rr=35.14% cr=0.00% errors=0 total=18818
[1371484117.116639] latency=4:5:7:15:267:(44)ms throughput=34rps rr=20.59% cr=0.00% errors=0 total=18852
[1371484118.120658] latency=3:5:7:40:543:(72)ms throughput=32rps rr=28.12% cr=0.00% errors=0 total=18884
[1371484119.124644] latency=3:5:6:17:272:(33)ms throughput=48rps rr=25.00% cr=0.00% errors=0 total=18932
[1371484120.128630] latency=4:5:6:86:294:(56)ms throughput=27rps rr=29.63% cr=0.00% errors=0 total=18959
[1371484121.132633] latency=4:5:10:127:351:(81)ms throughput=26rps rr=42.31% cr=0.00% errors=0 total=18985
[1371484122.136640] latency=4:5:7:20:277:(43)ms throughput=27rps rr=25.93% cr=0.00% errors=0 total=19012
[1371484123.140620] latency=4:5:8:282:540:(117)ms throughput=32rps rr=31.25% cr=0.00% errors=0 total=19044
[1371484124.144638] latency=3:5:9:99:792:(127)ms throughput=40rps rr=42.50% cr=0.00% errors=0 total=19084
[1371484125.148674] latency=4:5:8:33:254:(39)ms throughput=24rps rr=29.17% cr=0.00% errors=0 total=19108
[1371484126.152643] latency=5:6:7:30:186:(38)ms throughput=23rps rr=21.74% cr=0.00% errors=0 total=19131
[1371484127.156645] latency=4:8:44:57:1464:(177)ms throughput=19rps rr=21.05% cr=0.00% errors=0 total=19150
[1371484128.160664] latency=4:36:58:121:1186:(184)ms throughput=19rps rr=10.53% cr=0.00% errors=0 total=19169
[1371484129.164687] latency=6:16:37:50:385:(88)ms throughput=6rps rr=16.67% cr=0.00% errors=0 total=19175
[1371484130.168617] latency=827:1036:1314:3283:3554:(2044)ms throughput=5rps rr=60.00% cr=0.00% errors=0 total=19180
[1371484131.172622] latency=16:151:770:1272:3557:(874)ms throughput=37rps rr=16.22% cr=0.00% errors=0 total=19217
[1371484132.176620] latency=7:69:225:355:542:(228)ms throughput=15rps rr=0.00% cr=0.00% errors=0 total=19232
[1371484133.180679] latency=54:87:220:331:420:(222)ms throughput=11rps rr=0.00% cr=0.00% errors=0 total=19243
[1371484134.184626] latency=10:68:315:481:6100:(814)ms throughput=12rps rr=16.67% cr=0.00% errors=0 total=19255
[1371484135.188636] latency=6:36:83:294:7918:(1212)ms throughput=19rps rr=21.05% cr=0.00% errors=0 total=19274
[1371484136.192653] latency=5:41:294:6282:9924:(3129)ms throughput=10rps rr=40.00% cr=0.00% errors=0 total=19284
[1371484137.196648] latency=59:236:596:747:916:(502)ms throughput=16rps rr=6.25% cr=0.00% errors=0 total=19300
[1371484138.200627] latency=36:85:301:636:7822:(1336)ms throughput=18rps rr=16.67% cr=0.00% errors=0 total=19318
[1371484139.204665] latency=6:35:71:203:7859:(1005)ms throughput=13rps rr=15.38% cr=0.00% errors=0 total=19331
[1371484140.208632] latency=6:71:121:360:12213:(1532)ms throughput=17rps rr=11.76% cr=0.00% errors=0 total=19348
[1371484141.212676] latency=6:60:316:545:13237:(1259)ms throughput=27rps rr=14.81% cr=0.00% errors=0 total=19375
[1371484142.216657] latency=9:98:159:495:14430:(2450)ms throughput=12rps rr=16.67% cr=0.00% errors=0 total=19387
[1371484143.220644] latency=8:18:61:353:8979:(705)ms throughput=25rps rr=12.00% cr=0.00% errors=0 total=19412
[1371484144.224656] latency=8:23:51:119:11940:(781)ms throughput=17rps rr=5.88% cr=0.00% errors=0 total=19429
[1371484145.228645] latency=5:29:64:181:17738:(1075)ms throughput=29rps rr=6.90% cr=0.00% errors=0 total=19458
[1371484146.232659] latency=5:10:40:70:18275:(1755)ms throughput=20rps rr=15.00% cr=0.00% errors=0 total=19478
[1371484147.236625] latency=8:17:75:1688:20897:(3845)ms throughput=11rps rr=27.27% cr=0.00% errors=0 total=19489
[1371484148.240653] latency=33:230:306:450:10009:(881)ms throughput=17rps rr=5.88% cr=0.00% errors=0 total=19506
[1371484149.244649] latency=7:30:75:279:20096:(1998)ms throughput=28rps rr=10.71% cr=0.00% errors=0 total=19534
[1371484150.248629] latency=5:64:213:493:21109:(2149)ms throughput=32rps rr=12.50% cr=0.00% errors=0 total=19566
[1371484151.252668] latency=6:58:405:3871:21899:(4315)ms throughput=15rps rr=26.67% cr=0.00% errors=0 total=19581
[1371484152.256626] latency=5:34:175:526:24923:(1816)ms throughput=38rps rr=7.89% cr=0.00% errors=0 total=19619
[1371484153.260681] latency=8:35:71:3258:24414:(4661)ms throughput=24rps rr=25.00% cr=0.00% errors=0 total=19643
[1371484154.264645] latency=6:45:103:274:26578:(2846)ms throughput=38rps rr=13.16% cr=0.00% errors=0 total=19681
[1371484155.268634] latency=5:10:66:206:23403:(1367)ms throughput=35rps rr=8.57% cr=0.00% errors=0 total=19716
[1371484156.272653] latency=5:41:82:274:26328:(1603)ms throughput=43rps rr=11.63% cr=0.00% errors=0 total=19759
[1371484157.276678] latency=7:20:64:182:25186:(2351)ms throughput=28rps rr=14.29% cr=0.00% errors=0 total=19787
[1371484158.280620] latency=8:26:45:84:15672:(1390)ms throughput=37rps rr=18.92% cr=0.00% errors=0 total=19824
[1371484159.284632] latency=3:5:6:23:10685:(816)ms throughput=32rps rr=15.62% cr=0.00% errors=0 total=19856
[1371484160.288651] latency=3:5:5:7:33:(7)ms throughput=31rps rr=3.23% cr=0.00% errors=0 total=19887
[1371484161.292680] latency=5:5:6:6:12:(6)ms throughput=27rps rr=0.00% cr=0.00% errors=0 total=19914
[1371484162.296650] latency=4:5:6:8:15:(7)ms throughput=30rps rr=0.00% cr=0.00% errors=0 total=19944
[1371484163.300629] latency=3:5:6:9:20:(8)ms throughput=39rps rr=0.00% cr=0.00% errors=0 total=19983
[1371484164.304618] latency=5:5:6:8:22:(7)ms throughput=38rps rr=0.00% cr=0.00% errors=0 total=20021
[1371484165.308678] latency=3:5:6:9:23:(8)ms throughput=37rps rr=0.00% cr=0.00% errors=0 total=20058
[1371484166.312630] latency=4:5:5:7:11:(6)ms throughput=46rps rr=0.00% cr=0.00% errors=0 total=20104
[1371484167.320635] latency=4:5:5:7:11:(6)ms throughput=34rps rr=0.00% cr=0.00% errors=0 total=20138
[1371484168.324628] latency=3:5:9:37:423:(33)ms throughput=41rps rr=4.88% cr=0.00% errors=0 total=20179
[1371484169.328652] latency=5:8:29:154:259:(75)ms throughput=33rps rr=3.03% cr=0.00% errors=0 total=20212
[1371484170.332653] latency=5:9:33:62:1562:(93)ms throughput=35rps rr=2.86% cr=0.00% errors=0 total=20247
[1371484171.336631] latency=5:8:16:61:2164:(207)ms throughput=33rps rr=9.09% cr=0.00% errors=0 total=20280
[1371484172.340637] latency=3:6:26:63:2725:(220)ms throughput=35rps rr=14.29% cr=0.00% errors=0 total=20315
[1371484173.344683] latency=6:21:45:64:198:(48)ms throughput=33rps rr=6.06% cr=0.00% errors=0 total=20348
[1371484174.348640] latency=3:10:32:92:1424:(163)ms throughput=29rps rr=13.79% cr=0.00% errors=0 total=20377
[1371484175.352663] latency=5:5:7:10:181:(20)ms throughput=30rps rr=6.67% cr=0.00% errors=0 total=20407
[1371484176.368636] latency=3:5:10:21:516:(33)ms throughput=32rps rr=3.03% cr=0.00% errors=0 total=20440
[1371484177.372678] latency=3:6:8:33:304:(31)ms throughput=28rps rr=3.57% cr=0.00% errors=0 total=20468
[1371484178.376632] latency=3:5:7:9:768:(40)ms throughput=39rps rr=5.13% cr=0.00% errors=0 total=20507
[1371484179.380641] latency=5:6:9:56:565:(45)ms throughput=32rps rr=3.12% cr=0.00% errors=0 total=20539
[1371484180.384632] latency=5:5:6:9:12:(7)ms throughput=29rps rr=0.00% cr=0.00% errors=0 total=20568
[1371484181.388641] latency=5:6:10:17:127:(20)ms throughput=18rps rr=5.56% cr=0.00% errors=0 total=20586
[1371484182.392673] latency=3:7:28:56:1004:(107)ms throughput=33rps rr=9.09% cr=0.00% errors=0 total=20619
[1371484183.396633] latency=4:5:7:15:425:(27)ms throughput=36rps rr=5.56% cr=0.00% errors=0 total=20655
[1371484184.400670] latency=5:5:6:8:20:(7)ms throughput=31rps rr=0.00% cr=0.00% errors=0 total=20686
[1371484185.404672] latency=5:6:8:42:260:(36)ms throughput=22rps rr=9.09% cr=0.00% errors=0 total=20708
[1371484186.408663] latency=5:6:11:53:635:(68)ms throughput=30rps rr=13.33% cr=0.00% errors=0 total=20738
[1371484187.412633] latency=4:6:11:43:460:(36)ms throughput=33rps rr=3.03% cr=0.00% errors=0 total=20771
[1371484188.416668] latency=4:5:5:9:700:(33)ms throughput=33rps rr=3.03% cr=0.00% errors=0 total=20804
[1371484189.420675] latency=4:5:5:6:13:(6)ms throughput=30rps rr=0.00% cr=0.00% errors=0 total=20834
[1371484190.424660] latency=5:5:5:7:49:(7)ms throughput=35rps rr=2.86% cr=0.00% errors=0 total=20869
[1371484191.428634] latency=5:5:9:13:109:(19)ms throughput=34rps rr=0.00% cr=0.00% errors=0 total=20903
[1371484192.432661] latency=3:6:21:43:481:(60)ms throughput=36rps rr=8.33% cr=0.00% errors=0 total=20939
[1371484193.436647] latency=5:5:5:17:228:(31)ms throughput=11rps rr=18.18% cr=0.00% errors=0 total=20950
[1371484194.440591] latency=3:5:7:11:420:(26)ms throughput=34rps rr=2.94% cr=0.00% errors=0 total=20984
[1371484195.444670] latency=3:5:8:51:460:(37)ms throughput=38rps rr=2.63% cr=0.00% errors=0 total=21022
[1371484196.448635] latency=5:5:6:10:103:(19)ms throughput=29rps rr=0.00% cr=0.00% errors=0 total=21051
[1371484197.476675] latency=3:5:7:16:477:(29)ms throughput=34rps rr=2.86% cr=0.00% errors=0 total=21086
[1371484198.480655] latency=4:6:9:15:432:(32)ms throughput=33rps rr=9.09% cr=0.00% errors=0 total=21119
[1371484199.484633] latency=5:5:9:15:81:(15)ms throughput=28rps rr=3.57% cr=0.00% errors=0 total=21147
[1371484200.488633] latency=4:5:6:10:429:(29)ms throughput=26rps rr=3.85% cr=0.00% errors=0 total=21173
[1371484201.492675] latency=5:5:5:6:13:(6)ms throughput=30rps rr=0.00% cr=0.00% errors=0 total=21203
[1371484202.496657] latency=5:5:6:9:59:(9)ms throughput=29rps rr=3.45% cr=0.00% errors=0 total=21232
[1371484203.500632] latency=3:7:10:40:400:(34)ms throughput=49rps rr=4.08% cr=0.00% errors=0 total=21281
[1371484204.504630] latency=4:5:6:8:66:(9)ms throughput=36rps rr=2.78% cr=0.00% errors=0 total=21317
[1371484205.508639] latency=5:6:8:29:462:(36)ms throughput=30rps rr=6.67% cr=0.00% errors=0 total=21347
[1371484206.512631] latency=4:6:29:75:306:(58)ms throughput=34rps rr=8.82% cr=0.00% errors=0 total=21381
[1371484207.516642] latency=5:7:14:59:606:(56)ms throughput=40rps rr=5.00% cr=0.00% errors=0 total=21421
[1371484208.520663] latency=5:5:5:9:19:(7)ms throughput=33rps rr=0.00% cr=0.00% errors=0 total=21454
[1371484209.524672] latency=5:5:5:7:14:(6)ms throughput=30rps rr=3.33% cr=0.00% errors=0 total=21484
[1371484210.528681] latency=4:5:5:8:231:(16)ms throughput=24rps rr=4.17% cr=0.00% errors=0 total=21508
[1371484211.532639] latency=3:5:6:11:45:(9)ms throughput=39rps rr=2.56% cr=0.00% errors=0 total=21547
[1371484212.536633] latency=4:5:6:8:104:(15)ms throughput=32rps rr=3.12% cr=0.00% errors=0 total=21579
[1371484213.540676] latency=5:5:5:8:188:(13)ms throughput=28rps rr=7.14% cr=0.00% errors=0 total=21607
[1371484214.544653] latency=4:7:11:71:899:(94)ms throughput=35rps rr=8.57% cr=0.00% errors=0 total=21642
[1371484215.548658] latency=3:5:6:10:214:(16)ms throughput=39rps rr=2.56% cr=0.00% errors=0 total=21681
[1371484216.552630] latency=5:10:27:52:111:(35)ms throughput=36rps rr=0.00% cr=0.00% errors=0 total=21717
[1371484217.556645] latency=5:5:7:10:1106:(80)ms throughput=32rps rr=9.38% cr=0.00% errors=0 total=21749
[1371484218.560629] latency=5:5:7:9:192:(14)ms throughput=33rps rr=3.03% cr=0.00% errors=0 total=21782
[1371484219.564656] latency=3:5:9:32:479:(31)ms throughput=38rps rr=2.63% cr=0.00% errors=0 total=21820
[1371484220.568664] latency=4:9:30:64:583:(62)ms throughput=32rps rr=6.25% cr=0.00% errors=0 total=21852
[1371484221.572674] latency=4:5:7:30:1278:(100)ms throughput=31rps rr=6.45% cr=0.00% errors=0 total=21883
[1371484222.576632] latency=3:6:7:10:308:(17)ms throughput=32rps rr=3.12% cr=0.00% errors=0 total=21915
[1371484223.580631] latency=4:9:29:70:736:(87)ms throughput=31rps rr=6.45% cr=0.00% errors=0 total=21946
[1371484224.600662] latency=5:5:9:32:1230:(80)ms throughput=36rps rr=5.41% cr=0.00% errors=0 total=21983
[1371484225.604633] latency=5:5:6:8:15:(7)ms throughput=36rps rr=2.78% cr=0.00% errors=0 total=22019
[1371484226.608663] latency=3:5:6:9:172:(17)ms throughput=31rps rr=6.45% cr=0.00% errors=0 total=22050
[1371484227.612637] latency=5:5:5:8:60:(12)ms throughput=46rps rr=2.17% cr=0.00% errors=0 total=22096
[1371484228.616652] latency=5:5:5:6:163:(15)ms throughput=27rps rr=7.41% cr=0.00% errors=0 total=22123
[1371484229.620650] latency=5:5:5:6:170:(13)ms throughput=38rps rr=5.26% cr=0.00% errors=0 total=22161
[1371484230.624619] latency=5:5:5:6:9:(6)ms throughput=28rps rr=0.00% cr=0.00% errors=0 total=22189
[1371484231.628662] latency=4:5:5:7:53:(7)ms throughput=30rps rr=3.33% cr=0.00% errors=0 total=22219
[1371484232.632651] latency=5:5:5:7:33:(7)ms throughput=29rps rr=3.45% cr=0.00% errors=0 total=22248
[1371484233.636673] latency=5:5:6:8:185:(11)ms throughput=39rps rr=5.13% cr=0.00% errors=0 total=22287
[1371484234.640812] latency=4:5:5:6:114:(9)ms throughput=26rps rr=3.85% cr=0.00% errors=0 total=22313
[1371484235.644632] latency=4:5:5:5:8:(5)ms throughput=25rps rr=0.00% cr=0.00% errors=0 total=22338
[1371484236.648650] latency=5:5:6:7:9:(6)ms throughput=36rps rr=0.00% cr=0.00% errors=0 total=22374
[1371484237.652667] latency=5:5:5:5:9:(5)ms throughput=25rps rr=0.00% cr=0.00% errors=0 total=22399
[1371484238.656629] latency=5:5:6:6:114:(12)ms throughput=32rps rr=6.25% cr=0.00% errors=0 total=22431
[1371484239.660675] latency=5:5:5:6:60:(7)ms throughput=37rps rr=5.41% cr=0.00% errors=0 total=22468
[1371484240.664625] latency=5:5:5:6:164:(11)ms throughput=31rps rr=3.23% cr=0.00% errors=0 total=22499
[1371484241.668675] latency=5:5:5:6:8:(6)ms throughput=33rps rr=0.00% cr=0.00% errors=0 total=22532
[1371484242.672669] latency=4:5:5:6:194:(18)ms throughput=27rps rr=7.41% cr=0.00% errors=0 total=22559
[1371484243.676668] latency=4:5:5:6:160:(11)ms throughput=39rps rr=7.69% cr=0.00% errors=0 total=22598
[1371484244.688652] latency=4:5:5:7:207:(14)ms throughput=41rps rr=7.32% cr=0.00% errors=0 total=22639
[1371484245.692661] latency=5:5:5:6:61:(8)ms throughput=28rps rr=3.57% cr=0.00% errors=0 total=22667
[1371484246.696656] latency=5:5:5:7:179:(22)ms throughput=36rps rr=11.11% cr=0.00% errors=0 total=22703
[1371484247.700664] latency=4:5:6:8:167:(18)ms throughput=28rps rr=10.71% cr=0.00% errors=0 total=22731
[1371484248.704620] latency=4:5:5:7:155:(15)ms throughput=33rps rr=6.06% cr=0.00% errors=0 total=22764
[1371484249.708673] latency=4:5:6:7:174:(15)ms throughput=31rps rr=9.68% cr=0.00% errors=0 total=22795
[1371484250.712619] latency=5:5:5:6:115:(13)ms throughput=31rps rr=9.68% cr=0.00% errors=0 total=22826
[1371484251.716665] latency=5:5:5:6:139:(19)ms throughput=25rps rr=16.00% cr=0.00% errors=0 total=22851
[1371484252.720652] latency=4:5:5:8:182:(19)ms throughput=28rps rr=14.29% cr=0.00% errors=0 total=22879
[1371484253.724640] latency=5:5:6:7:201:(16)ms throughput=26rps rr=7.69% cr=0.00% errors=0 total=22905
[1371484254.728619] latency=4:5:5:6:157:(18)ms throughput=28rps rr=14.29% cr=0.00% errors=0 total=22933
[1371484255.732673] latency=4:5:6:8:201:(27)ms throughput=34rps rr=14.71% cr=0.00% errors=0 total=22967
[1371484256.736666] latency=4:5:6:7:193:(18)ms throughput=32rps rr=9.38% cr=0.00% errors=0 total=22999
[1371484257.740678] latency=4:5:5:8:110:(20)ms throughput=27rps rr=22.22% cr=0.00% errors=0 total=23026
[1371484258.744635] latency=5:5:6:7:182:(17)ms throughput=30rps rr=10.00% cr=0.00% errors=0 total=23056
[1371484259.748642] latency=5:5:6:8:139:(18)ms throughput=30rps rr=16.67% cr=0.00% errors=0 total=23086
[1371484260.752626] latency=4:5:5:6:211:(21)ms throughput=33rps rr=12.12% cr=0.00% errors=0 total=23119
[1371484261.756649] latency=4:5:7:9:172:(24)ms throughput=33rps rr=24.24% cr=0.00% errors=0 total=23152
[1371484262.760614] latency=4:5:6:7:191:(25)ms throughput=43rps rr=16.28% cr=0.00% errors=0 total=23195
[1371484263.764636] latency=4:5:5:8:229:(34)ms throughput=30rps rr=20.00% cr=0.00% errors=0 total=23225
[1371484264.768653] latency=5:5:7:8:212:(33)ms throughput=25rps rr=24.00% cr=0.00% errors=0 total=23250
[1371484265.772645] latency=4:5:5:8:144:(20)ms throughput=29rps rr=13.79% cr=0.00% errors=0 total=23279
[1371484266.776624] latency=4:5:6:8:176:(25)ms throughput=32rps rr=21.88% cr=0.00% errors=0 total=23311
[1371484267.780635] latency=5:5:6:8:180:(30)ms throughput=29rps rr=20.69% cr=0.00% errors=0 total=23340
[1371484268.784622] latency=5:5:6:9:195:(26)ms throughput=45rps rr=26.67% cr=0.00% errors=0 total=23385
[1371484269.788640] latency=5:5:5:56:194:(35)ms throughput=30rps rr=26.67% cr=0.00% errors=0 total=23415
[1371484270.792629] latency=5:5:6:63:223:(39)ms throughput=32rps rr=37.50% cr=0.00% errors=0 total=23447
[1371484271.796663] latency=5:5:5:8:190:(23)ms throughput=36rps rr=16.67% cr=0.00% errors=0 total=23483
[1371484272.800632] latency=4:5:8:66:175:(41)ms throughput=34rps rr=35.29% cr=0.00% errors=0 total=23517
[1371484273.804648] latency=4:5:8:79:218:(51)ms throughput=29rps rr=41.38% cr=0.00% errors=0 total=23546
[1371484274.808639] latency=3:5:8:63:230:(50)ms throughput=34rps rr=32.35% cr=0.00% errors=0 total=23580
[1371484275.812642] latency=5:5:6:58:182:(34)ms throughput=23rps rr=34.78% cr=0.00% errors=0 total=23603
[1371484276.816633] latency=4:5:5:8:220:(35)ms throughput=36rps rr=22.22% cr=0.00% errors=0 total=23639
[1371484277.820648] latency=4:5:6:9:189:(26)ms throughput=42rps rr=19.05% cr=0.00% errors=0 total=23681
[1371484278.824625] latency=4:5:5:8:215:(27)ms throughput=43rps rr=23.26% cr=0.00% errors=0 total=23724
[1371484279.828638] latency=4:5:8:115:236:(54)ms throughput=31rps rr=41.94% cr=0.00% errors=0 total=23755
[1371484280.832626] latency=4:5:6:9:225:(39)ms throughput=39rps rr=23.08% cr=0.00% errors=0 total=23794
[1371484281.836650] latency=3:5:6:64:212:(40)ms throughput=32rps rr=28.12% cr=0.00% errors=0 total=23826
[1371484282.840629] latency=4:5:9:120:254:(66)ms throughput=41rps rr=43.90% cr=0.00% errors=0 total=23867
[1371484283.844633] latency=4:5:6:49:198:(38)ms throughput=33rps rr=39.39% cr=0.00% errors=0 total=23900
[1371484284.848630] latency=4:5:6:74:213:(46)ms throughput=33rps rr=27.27% cr=0.00% errors=0 total=23933
[1371484285.852665] latency=5:5:6:8:237:(32)ms throughput=27rps rr=22.22% cr=0.00% errors=0 total=23960
[1371484286.856636] latency=4:5:5:41:186:(32)ms throughput=34rps rr=29.41% cr=0.00% errors=0 total=23994
[1371484287.860644] latency=4:5:7:110:247:(61)ms throughput=32rps rr=43.75% cr=0.00% errors=0 total=24026
[1371484288.864637] latency=5:5:6:8:218:(37)ms throughput=27rps rr=22.22% cr=0.00% errors=0 total=24053
[1371484289.868649] latency=4:5:9:61:226:(44)ms throughput=31rps rr=45.16% cr=0.00% errors=0 total=24084
[1371484290.872635] latency=4:5:6:78:221:(50)ms throughput=27rps rr=40.74% cr=0.00% errors=0 total=24111
[1371484291.876643] latency=3:5:7:185:308:(85)ms throughput=32rps rr=40.62% cr=0.00% errors=0 total=24143
[1371484292.880633] latency=4:5:9:130:248:(67)ms throughput=35rps rr=51.43% cr=0.00% errors=0 total=24178
[1371484293.884646] latency=5:6:8:76:209:(50)ms throughput=29rps rr=48.28% cr=0.00% errors=0 total=24207
[1371484294.888629] latency=4:6:24:177:271:(85)ms throughput=32rps rr=59.38% cr=0.00% errors=0 total=24239
[1371484295.892640] latency=4:5:20:100:206:(60)ms throughput=31rps rr=54.84% cr=0.00% errors=0 total=24270
[1371484296.896640] latency=4:6:80:205:304:(103)ms throughput=30rps rr=60.00% cr=0.00% errors=0 total=24300
[1371484297.900654] latency=4:5:6:74:246:(53)ms throughput=36rps rr=36.11% cr=0.00% errors=0 total=24336
[1371484298.904629] latency=4:6:52:152:265:(88)ms throughput=30rps rr=60.00% cr=0.00% errors=0 total=24366
[1371484299.908672] latency=4:6:64:145:251:(81)ms throughput=33rps rr=60.61% cr=0.00% errors=0 total=24399
[1371484300.912631] latency=5:5:6:76:204:(41)ms throughput=29rps rr=34.48% cr=0.00% errors=0 total=24428
[1371484301.916641] latency=4:8:90:232:357:(132)ms throughput=30rps rr=73.33% cr=0.00% errors=0 total=24458
[1371484302.920628] latency=5:7:38:107:228:(56)ms throughput=29rps rr=55.17% cr=0.00% errors=0 total=24487
[1371484303.924649] latency=3:6:39:167:401:(91)ms throughput=37rps rr=56.76% cr=0.00% errors=0 total=24524
[1371484304.928639] latency=3:15:201:478:676:(262)ms throughput=36rps rr=75.00% cr=0.00% errors=0 total=24560
[1371484305.932655] latency=4:6:46:241:653:(134)ms throughput=34rps rr=58.82% cr=0.00% errors=0 total=24594
[1371484306.936641] latency=4:5:9:132:222:(66)ms throughput=34rps rr=55.88% cr=0.00% errors=0 total=24628
[1371484307.940650] latency=3:5:40:204:401:(108)ms throughput=28rps rr=53.57% cr=0.00% errors=0 total=24656
[1371484308.944611] latency=4:6:304:534:769:(288)ms throughput=41rps rr=68.29% cr=0.00% errors=0 total=24697
[1371484309.948655] latency=3:5:40:122:283:(72)ms throughput=39rps rr=53.85% cr=0.00% errors=0 total=24736
[1371484310.952634] latency=4:6:59:224:644:(153)ms throughput=40rps rr=57.50% cr=0.00% errors=0 total=24776
[1371484311.956659] latency=4:13:335:587:809:(321)ms throughput=31rps rr=70.97% cr=0.00% errors=0 total=24807
[1371484312.960638] latency=3:5:128:353:842:(202)ms throughput=44rps rr=63.64% cr=0.00% errors=0 total=24851
[1371484313.964654] latency=3:5:35:182:484:(124)ms throughput=39rps rr=56.41% cr=0.00% errors=0 total=24890
[1371484314.968629] latency=4:5:39:152:286:(83)ms throughput=30rps rr=53.33% cr=0.00% errors=0 total=24920
[1371484315.972645] latency=4:5:24:122:222:(63)ms throughput=31rps rr=51.61% cr=0.00% errors=0 total=24951
[1371484316.976638] latency=4:6:58:147:244:(83)ms throughput=29rps rr=65.52% cr=0.00% errors=0 total=24980
[1371484317.980647] latency=4:6:74:188:417:(118)ms throughput=34rps rr=55.88% cr=0.00% errors=0 total=25014
[1371484318.984644] latency=4:12:277:447:777:(288)ms throughput=29rps rr=75.86% cr=0.00% errors=0 total=25043
[1371484319.988655] latency=4:13:335:745:1272:(430)ms throughput=34rps rr=76.47% cr=0.00% errors=0 total=25077
[1371484320.992642] latency=4:8:132:234:811:(171)ms throughput=33rps rr=72.73% cr=0.00% errors=0 total=25110
[1371484321.996649] latency=5:6:92:175:382:(114)ms throughput=32rps rr=62.50% cr=0.00% errors=0 total=25142
[1371484323.000638] latency=4:5:40:205:302:(94)ms throughput=41rps rr=60.98% cr=0.00% errors=0 total=25183
[1371484324.004642] latency=3:6:67:269:395:(134)ms throughput=39rps rr=64.10% cr=0.00% errors=0 total=25222
[1371484325.008633] latency=4:7:51:163:257:(79)ms throughput=30rps rr=56.67% cr=0.00% errors=0 total=25252
[1371484326.012648] latency=4:5:7:59:187:(39)ms throughput=24rps rr=37.50% cr=0.00% errors=0 total=25276
