2013-06-25 07:33:43.044+0000: 24474: info : libvirt version: 0.9.8
2013-06-25 07:33:43.044+0000: 24474: warning : xenHypervisorMakeCapabilities:2751 : Failed to get host power management capabilities
[1372145628.452288] vm=rubbos-hvm new
[1372145628.452326] vm=rubbos-hvm2 new
[1372145628.452340] vm=rubis-hvm new
[1372145628.452353] vm=rubis-hvm2 new
[1372145628.452375] vm=rubbos-hvm perf=0.000000 vp=0.250000 cap=200.000000
[1372145628.628149] vm=rubbos-hvm2 perf=0.000000 vp=0.250000 cap=200.000000
[1372145628.776595] vm=rubis-hvm perf=0.000000 vp=0.250000 cap=200.000000
[1372145628.954839] vm=rubis-hvm2 perf=0.000000 vp=0.250000 cap=200.000000
[1372145634.520543] vm=rubbos-hvm perf=0.000000 vp=0.250000 cap=200.000000
[1372145634.705773] vm=rubbos-hvm2 perf=0.000000 vp=0.250000 cap=200.000000
[1372145634.900380] vm=rubis-hvm perf=0.000000 vp=0.250000 cap=200.000000
[1372145635.071935] vm=rubis-hvm2 perf=0.000000 vp=0.250000 cap=200.000000
[1372145640.622624] vm=rubbos-hvm perf=0.955444 vp=0.212682 cap=170.145454
[1372145640.818872] vm=rubbos-hvm2 perf=0.776968 vp=0.212682 cap=170.145454
[1372145641.013179] vm=rubis-hvm perf=0.509256 vp=0.212682 cap=170.145454
[1372145641.212555] vm=rubis-hvm2 perf=-0.422543 vp=0.361955 cap=289.563637
[1372145646.795426] vm=rubbos-hvm perf=0.810606 vp=0.179484 cap=143.587206
[1372145646.969801] vm=rubbos-hvm2 perf=0.037136 vp=0.179484 cap=143.587206
[1372145647.142600] vm=rubis-hvm perf=-0.717234 vp=0.294036 cap=235.228778
[1372145647.354327] vm=rubis-hvm2 perf=-0.311695 vp=0.346996 cap=277.596810
[1372145652.943330] vm=rubbos-hvm perf=0.965468 vp=0.148783 cap=119.026204
[1372145653.139703] vm=rubbos-hvm2 perf=-0.248938 vp=0.179066 cap=143.252524
[1372145653.335967] vm=rubis-hvm perf=-1.000000 vp=0.391528 cap=313.222547
[1372145653.526993] vm=rubis-hvm2 perf=-0.085807 vp=0.280623 cap=224.498726
[1372145659.021657] vm=rubbos-hvm perf=0.433456 vp=0.128358 cap=102.686121
[1372145659.185677] vm=rubbos-hvm2 perf=-0.130868 vp=0.192259 cap=153.807298
[1372145659.376043] vm=rubis-hvm perf=0.627909 vp=0.337779 cap=270.222921
[1372145659.542078] vm=rubis-hvm2 perf=-0.438683 vp=0.341605 cap=273.283660
[1372145665.163774] vm=rubbos-hvm perf=0.952688 vp=0.104397 cap=83.517872
[1372145665.337924] vm=rubbos-hvm2 perf=-0.367452 vp=0.246467 cap=197.173568
[1372145665.532243] vm=rubis-hvm perf=0.646848 vp=0.274726 cap=219.780854
[1372145665.720770] vm=rubis-hvm2 perf=-0.262449 vp=0.374410 cap=299.527706
[1372145671.302040] vm=rubbos-hvm perf=0.456014 vp=0.110567 cap=88.453606
[1372145671.493904] vm=rubbos-hvm2 perf=0.542792 vp=0.218009 cap=174.407132
[1372145671.679181] vm=rubis-hvm perf=0.418847 vp=0.243005 cap=194.404091
[1372145671.872464] vm=rubis-hvm2 perf=-0.030187 vp=0.428419 cap=342.735171
[1372145677.427459] vm=rubbos-hvm perf=0.929644 vp=0.110588 cap=88.470286
[1372145677.607764] vm=rubbos-hvm2 perf=-0.157070 vp=0.247519 cap=198.014930
[1372145677.796031] vm=rubis-hvm perf=-0.101448 vp=0.262870 cap=210.295997
[1372145677.995721] vm=rubis-hvm2 perf=0.025018 vp=0.379023 cap=303.218786
[1372145683.568527] vm=rubbos-hvm perf=0.939580 vp=0.100525 cap=80.420297
[1372145683.763887] vm=rubbos-hvm2 perf=0.718374 vp=0.199055 cap=159.244194
[1372145683.949032] vm=rubis-hvm perf=-0.139425 vp=0.294356 cap=235.484752
[1372145684.123032] vm=rubis-hvm2 perf=-0.086891 vp=0.406063 cap=324.850758
[1372145689.686706] vm=rubbos-hvm perf=0.927346 vp=0.112836 cap=90.268607
[1372145689.876608] vm=rubbos-hvm2 perf=0.361888 vp=0.179684 cap=143.747516
[1372145690.060112] vm=rubis-hvm perf=-0.024063 vp=0.340932 cap=272.745622
[1372145690.265155] vm=rubis-hvm2 perf=0.068548 vp=0.366548 cap=293.238254
[1372145695.835089] vm=rubbos-hvm perf=0.923124 vp=0.109066 cap=87.253188
[1372145696.026931] vm=rubbos-hvm2 perf=0.263186 vp=0.156780 cap=125.424290
[1372145696.210529] vm=rubis-hvm perf=0.600550 vp=0.297474 cap=237.979250
[1372145696.386292] vm=rubis-hvm2 perf=-0.023141 vp=0.436679 cap=349.343273
[1372145701.967452] vm=rubbos-hvm perf=0.928308 vp=0.110634 cap=88.507226
[1372145702.154671] vm=rubbos-hvm2 perf=-0.251756 vp=0.202630 cap=162.103766
[1372145702.346893] vm=rubis-hvm perf=-0.001874 vp=0.300244 cap=240.194968
[1372145702.558810] vm=rubis-hvm2 perf=0.020876 vp=0.386493 cap=309.194040
[1372145708.151061] vm=rubbos-hvm perf=0.926104 vp=0.123230 cap=98.583749
[1372145708.338799] vm=rubbos-hvm2 perf=0.154264 vp=0.199760 cap=159.807970
[1372145708.513095] vm=rubis-hvm perf=0.603541 vp=0.295992 cap=236.793205
[1372145708.674908] vm=rubis-hvm2 perf=0.092472 vp=0.381019 cap=304.815077
[1372145714.275916] vm=rubbos-hvm perf=0.923244 vp=0.124779 cap=99.823281
[1372145714.465592] vm=rubbos-hvm2 perf=0.085908 vp=0.199407 cap=159.525559
[1372145714.635995] vm=rubis-hvm perf=0.570685 vp=0.295468 cap=236.374747
[1372145714.819132] vm=rubis-hvm2 perf=0.059734 vp=0.380346 cap=304.276412
[1372145720.375706] vm=rubbos-hvm perf=0.917820 vp=0.110939 cap=88.751233
[1372145720.538850] vm=rubbos-hvm2 perf=0.103940 vp=0.176976 cap=141.580900
[1372145720.730503] vm=rubis-hvm perf=0.512859 vp=0.262232 cap=209.785502
[1372145720.903376] vm=rubis-hvm2 perf=-0.078971 vp=0.449853 cap=359.882365
[1372145726.467260] vm=rubbos-hvm perf=0.944554 vp=0.099554 cap=79.642954
[1372145726.643522] vm=rubbos-hvm2 perf=-0.376984 vp=0.190133 cap=152.106395
[1372145726.825865] vm=rubis-hvm perf=-1.000000 vp=0.352037 cap=281.629705
[1372145726.985460] vm=rubis-hvm2 perf=0.047033 vp=0.358276 cap=286.620946
[1372145732.533197] vm=rubbos-hvm perf=0.926242 vp=0.113533 cap=90.826139
[1372145732.711666] vm=rubbos-hvm2 perf=0.070864 vp=0.172690 cap=138.152365
[1372145732.885865] vm=rubis-hvm perf=-0.029913 vp=0.388368 cap=310.694758
[1372145733.070131] vm=rubis-hvm2 perf=0.020994 vp=0.325408 cap=260.326738
[1372145738.684897] vm=rubbos-hvm perf=0.942046 vp=0.108623 cap=86.898338
[1372145738.865540] vm=rubbos-hvm2 perf=0.220752 vp=0.150065 cap=120.052109
[1372145739.057176] vm=rubis-hvm perf=0.789019 vp=0.337486 cap=269.988580
[1372145739.224766] vm=rubis-hvm2 perf=-0.090982 vp=0.403826 cap=323.060973
[1372145744.864508] vm=rubbos-hvm perf=0.902916 vp=0.105130 cap=84.104232
[1372145745.034303] vm=rubbos-hvm2 perf=-0.740670 vp=0.271395 cap=217.115996
[1372145745.229865] vm=rubis-hvm perf=0.562990 vp=0.283840 cap=227.071822
[1372145745.415795] vm=rubis-hvm2 perf=0.090733 vp=0.339635 cap=271.707950
[1372145751.025146] vm=rubbos-hvm perf=0.866916 vp=0.110834 cap=88.667374
[1372145751.192674] vm=rubbos-hvm2 perf=0.502138 vp=0.240639 cap=192.511052
[1372145751.371541] vm=rubis-hvm perf=0.148480 vp=0.251673 cap=201.338621
[1372145751.564721] vm=rubis-hvm2 perf=-0.036793 vp=0.396854 cap=317.482953
[1372145757.130836] vm=rubbos-hvm perf=0.926494 vp=0.104179 cap=83.343063
[1372145757.290053] vm=rubbos-hvm2 perf=0.545522 vp=0.200556 cap=160.444607
[1372145757.443102] vm=rubis-hvm perf=-0.729138 vp=0.364515 cap=291.612313
[1372145757.621757] vm=rubis-hvm2 perf=0.049152 vp=0.330750 cap=264.600017
[1372145763.201155] vm=rubbos-hvm perf=0.904004 vp=0.102761 cap=82.208731
[1372145763.391858] vm=rubbos-hvm2 perf=-0.053868 vp=0.222392 cap=177.913952
[1372145763.575135] vm=rubis-hvm perf=0.765625 vp=0.299663 cap=239.730783
[1372145763.745840] vm=rubis-hvm2 perf=-0.140053 vp=0.375183 cap=300.146534
[1372145769.368029] vm=rubbos-hvm perf=0.914278 vp=0.100675 cap=80.539717
[1372145769.565308] vm=rubbos-hvm2 perf=0.624172 vp=0.179114 cap=143.291394
[1372145769.752282] vm=rubis-hvm perf=-0.109568 vp=0.324543 cap=259.634385
[1372145769.949613] vm=rubis-hvm2 perf=-0.070974 vp=0.395668 cap=316.534505
[1372145775.541455] vm=rubbos-hvm perf=0.893970 vp=0.103597 cap=82.877304
[1372145775.722456] vm=rubbos-hvm2 perf=-0.098138 vp=0.201610 cap=161.287963
[1372145775.902844] vm=rubis-hvm perf=0.545887 vp=0.268972 cap=215.177978
[1372145776.104548] vm=rubis-hvm2 perf=-0.098899 vp=0.425821 cap=340.656756
[1372145781.699399] vm=rubbos-hvm perf=0.943666 vp=0.122381 cap=97.904513
[1372145781.890847] vm=rubbos-hvm2 perf=0.236328 vp=0.197385 cap=157.908195
[1372145782.061936] vm=rubis-hvm perf=0.565532 vp=0.263336 cap=210.668952
[1372145782.247698] vm=rubis-hvm2 perf=0.129267 vp=0.416898 cap=333.518339
[1372145787.853325] vm=rubbos-hvm perf=0.945882 vp=0.118303 cap=94.642778
[1372145788.013496] vm=rubbos-hvm2 perf=-0.040390 vp=0.237904 cap=190.323251
[1372145788.198166] vm=rubis-hvm perf=0.142947 vp=0.249229 cap=199.382949
[1372145788.391525] vm=rubis-hvm2 perf=0.114447 vp=0.394564 cap=315.651022
[1372145793.972190] vm=rubbos-hvm perf=0.915970 vp=0.124169 cap=99.334802
[1372145794.160172] vm=rubbos-hvm2 perf=0.686932 vp=0.236322 cap=189.057224
[1372145794.347616] vm=rubis-hvm perf=0.378076 vp=0.247571 cap=198.056657
[1372145794.520958] vm=rubis-hvm2 perf=0.067913 vp=0.391939 cap=313.551317
[1372145800.101361] vm=rubbos-hvm perf=0.943734 vp=0.124896 cap=99.916919
[1372145800.278566] vm=rubbos-hvm2 perf=0.598674 vp=0.236125 cap=188.900154
[1372145800.454034] vm=rubis-hvm perf=0.133255 vp=0.247365 cap=197.892110
[1372145800.637033] vm=rubis-hvm2 perf=0.077116 vp=0.391614 cap=313.290816
[1372145806.213013] vm=rubbos-hvm perf=0.779834 vp=0.110494 cap=88.395230
[1372145806.375067] vm=rubbos-hvm2 perf=0.374306 vp=0.208723 cap=166.978725
[1372145806.558905] vm=rubis-hvm perf=-0.471989 vp=0.334615 cap=267.691908
[1372145806.734809] vm=rubis-hvm2 perf=0.061307 vp=0.346168 cap=276.934137
[1372145812.340332] vm=rubbos-hvm perf=0.947570 vp=0.107435 cap=85.948280
[1372145812.522640] vm=rubbos-hvm2 perf=0.466578 vp=0.179394 cap=143.515342
[1372145812.704619] vm=rubis-hvm perf=0.668034 vp=0.287596 cap=230.076590
[1372145812.861015] vm=rubis-hvm2 perf=-0.036918 vp=0.425575 cap=340.459788
[1372145818.410423] vm=rubbos-hvm perf=0.936754 vp=0.122842 cap=98.273854
[1372145818.582749] vm=rubbos-hvm2 perf=0.185078 vp=0.176298 cap=141.038058
[1372145818.767062] vm=rubis-hvm perf=0.304928 vp=0.282631 cap=226.105133
[1372145818.944381] vm=rubis-hvm2 perf=0.069534 vp=0.418229 cap=334.582955
[1372145824.500466] vm=rubbos-hvm perf=0.934092 vp=0.119478 cap=95.582028
[1372145824.662534] vm=rubbos-hvm2 perf=-0.021968 vp=0.210626 cap=168.500927
[1372145824.836933] vm=rubis-hvm perf=0.054690 vp=0.270145 cap=216.115871
[1372145825.028113] vm=rubis-hvm2 perf=0.158287 vp=0.399751 cap=319.801174
[1372145830.584987] vm=rubbos-hvm perf=0.943770 vp=0.108915 cap=87.132185
[1372145830.774155] vm=rubbos-hvm2 perf=-0.012496 vp=0.224466 cap=179.573063
[1372145830.961955] vm=rubis-hvm perf=0.178524 vp=0.235383 cap=188.306482
[1372145831.134496] vm=rubis-hvm2 perf=-0.053650 vp=0.431235 cap=344.988270
[1372145836.700164] vm=rubbos-hvm perf=-1.000000 vp=0.235701 cap=188.561133
[1372145836.887057] vm=rubbos-hvm2 perf=-0.402362 vp=0.209883 cap=167.906625
[1372145837.078794] vm=rubis-hvm perf=0.087575 vp=0.195764 cap=156.611322
[1372145837.270720] vm=rubis-hvm2 perf=0.143586 vp=0.358651 cap=286.920920
[1372145842.840667] vm=rubbos-hvm perf=-0.905086 vp=0.315559 cap=252.447196
[1372145843.030086] vm=rubbos-hvm2 perf=0.356252 vp=0.186407 cap=149.125629
[1372145843.220312] vm=rubis-hvm perf=-0.583288 vp=0.232171 cap=185.736596
[1372145843.415334] vm=rubis-hvm2 perf=-0.170753 vp=0.265863 cap=212.690578
[1372145848.954882] vm=rubbos-hvm perf=0.488674 vp=0.267082 cap=213.665867
[1372145849.135958] vm=rubbos-hvm2 perf=0.157366 vp=0.157771 cap=126.216719
[1372145849.311759] vm=rubis-hvm perf=-1.000000 vp=0.345308 cap=276.246031
[1372145849.508464] vm=rubis-hvm2 perf=-0.166957 vp=0.229839 cap=183.871383
[1372145855.140054] vm=rubbos-hvm perf=0.326806 vp=0.229769 cap=183.814923
[1372145855.341997] vm=rubbos-hvm2 perf=0.201686 vp=0.135729 cap=108.583167
[1372145855.537200] vm=rubis-hvm perf=0.675707 vp=0.297065 cap=237.652105
[1372145855.728267] vm=rubis-hvm2 perf=-0.694935 vp=0.337437 cap=269.949805
[1372145861.335809] vm=rubbos-hvm perf=-0.412228 vp=0.278270 cap=222.615842
[1372145861.514812] vm=rubbos-hvm2 perf=-0.138368 vp=0.145445 cap=116.355738
[1372145861.710307] vm=rubis-hvm perf=0.532368 vp=0.267487 cap=213.989686
[1372145861.913781] vm=rubis-hvm2 perf=-0.050844 vp=0.308798 cap=247.038734
[1372145867.485646] vm=rubbos-hvm perf=0.654510 vp=0.278270 cap=222.615842
[1372145867.674803] vm=rubbos-hvm2 perf=0.146886 vp=0.145445 cap=116.355738
[1372145867.872915] vm=rubis-hvm perf=0.336463 vp=0.267487 cap=213.989686
[1372145868.036825] vm=rubis-hvm2 perf=0.117207 vp=0.308798 cap=247.038734
[1372145873.628935] vm=rubbos-hvm perf=0.723796 vp=0.259500 cap=207.600022
[1372145873.828726] vm=rubbos-hvm2 perf=0.306780 vp=0.135634 cap=108.507344
[1372145873.997232] vm=rubis-hvm perf=-0.111999 vp=0.316896 cap=253.517086
[1372145874.193931] vm=rubis-hvm2 perf=0.014752 vp=0.287969 cap=230.375548
[1372145879.802858] vm=rubbos-hvm perf=-0.176562 vp=0.289724 cap=231.779228
[1372145879.972578] vm=rubbos-hvm2 perf=0.233854 vp=0.120083 cap=96.066450
[1372145880.148254] vm=rubis-hvm perf=0.696443 vp=0.280563 cap=224.450121
[1372145880.348249] vm=rubis-hvm2 perf=-0.128845 vp=0.309630 cap=247.704201
[1372145885.852547] vm=rubbos-hvm perf=0.327750 vp=0.269325 cap=215.460275
[1372145886.012501] vm=rubbos-hvm2 perf=0.268524 vp=0.116199 cap=92.959269
[1372145886.203049] vm=rubis-hvm perf=0.446012 vp=0.260809 cap=208.647191
[1372145886.376989] vm=rubis-hvm2 perf=-0.045471 vp=0.353667 cap=282.933265
[1372145891.963625] vm=rubbos-hvm perf=0.076848 vp=0.214177 cap=171.341649
[1372145892.145835] vm=rubbos-hvm2 perf=-1.000000 vp=0.216523 cap=173.218375
[1372145892.312447] vm=rubis-hvm perf=-1.000000 vp=0.288052 cap=230.441415
[1372145892.490152] vm=rubis-hvm2 perf=0.033129 vp=0.281248 cap=224.998562
[1372145898.098643] vm=rubbos-hvm perf=-0.499246 vp=0.288883 cap=231.106381
[1372145898.347788] vm=rubbos-hvm2 perf=0.053112 vp=0.195939 cap=156.751004
[1372145898.551280] vm=rubis-hvm perf=0.491189 vp=0.260668 cap=208.534016
[1372145898.728981] vm=rubis-hvm2 perf=0.076459 vp=0.254511 cap=203.608599
[1372145904.320460] vm=rubbos-hvm perf=0.551334 vp=0.252340 cap=201.872288
[1372145904.510227] vm=rubbos-hvm2 perf=0.068526 vp=0.171153 cap=136.922588
[1372145904.693580] vm=rubis-hvm perf=0.751957 vp=0.227694 cap=182.155242
[1372145904.887027] vm=rubis-hvm2 perf=-0.502934 vp=0.348812 cap=279.049882
[1372145910.492122] vm=rubbos-hvm perf=-0.130328 vp=0.301494 cap=241.195595
[1372145910.671912] vm=rubbos-hvm2 perf=0.359266 vp=0.159901 cap=127.920750
[1372145910.905048] vm=rubis-hvm perf=0.571877 vp=0.212725 cap=170.179628
[1372145911.092721] vm=rubis-hvm2 perf=0.077063 vp=0.325880 cap=260.704027
[1372145916.647166] vm=rubbos-hvm perf=0.843884 vp=0.301494 cap=241.195595
[1372145916.845898] vm=rubbos-hvm2 perf=0.283032 vp=0.159901 cap=127.920750
[1372145917.034023] vm=rubis-hvm perf=0.169697 vp=0.212725 cap=170.179628
[1372145917.237730] vm=rubis-hvm2 perf=0.049690 vp=0.325880 cap=260.704027
[1372145922.822851] vm=rubbos-hvm perf=0.408974 vp=0.282192 cap=225.753766
[1372145922.998490] vm=rubbos-hvm2 perf=0.467702 vp=0.149664 cap=119.731005
[1372145923.183118] vm=rubis-hvm perf=-0.172171 vp=0.263127 cap=210.502000
[1372145923.373817] vm=rubis-hvm2 perf=0.093875 vp=0.305017 cap=244.013229
[1372145928.968140] vm=rubbos-hvm perf=0.223516 vp=0.265270 cap=212.216148
[1372145929.148315] vm=rubbos-hvm2 perf=0.156208 vp=0.140689 cap=112.551180
[1372145929.348542] vm=rubis-hvm perf=0.630640 vp=0.247349 cap=197.878974
[1372145929.500113] vm=rubis-hvm2 perf=-0.015512 vp=0.346692 cap=277.353699
[1372145935.057819] vm=rubbos-hvm perf=-0.144542 vp=0.305702 cap=244.561892
[1372145935.244670] vm=rubbos-hvm2 perf=0.290418 vp=0.132947 cap=106.357489
[1372145935.416064] vm=rubis-hvm perf=0.342543 vp=0.233737 cap=186.989694
[1372145935.610174] vm=rubis-hvm2 perf=0.064342 vp=0.327614 cap=262.090925
[1372145941.214508] vm=rubbos-hvm perf=-0.360380 vp=0.340293 cap=272.234383
[1372145941.391662] vm=rubbos-hvm2 perf=0.429934 vp=0.122070 cap=97.656083
[1372145941.596294] vm=rubis-hvm perf=-0.059845 vp=0.220574 cap=176.459595
[1372145941.773310] vm=rubis-hvm2 perf=-0.126889 vp=0.317062 cap=253.649939
[1372145947.347677] vm=rubbos-hvm perf=0.871744 vp=0.303640 cap=242.911882
[1372145947.533188] vm=rubbos-hvm2 perf=0.644286 vp=0.111536 cap=89.228950
[1372145947.720166] vm=rubis-hvm perf=-0.297950 vp=0.301912 cap=241.529990
[1372145947.920619] vm=rubis-hvm2 perf=0.101034 vp=0.282911 cap=226.329177
[1372145953.488142] vm=rubbos-hvm perf=0.041490 vp=0.299606 cap=239.684811
[1372145953.693210] vm=rubbos-hvm2 perf=0.258060 vp=0.123339 cap=98.671505
[1372145953.898203] vm=rubis-hvm perf=0.520044 vp=0.297902 cap=238.321277
[1372145954.092262] vm=rubis-hvm2 perf=0.073450 vp=0.279153 cap=223.322406
[1372145959.680657] vm=rubbos-hvm perf=0.489538 vp=0.272263 cap=217.810170
[1372145959.871963] vm=rubbos-hvm2 perf=0.391964 vp=0.113592 cap=90.873581
[1372145960.056677] vm=rubis-hvm perf=0.601215 vp=0.270714 cap=216.571079
[1372145960.264533] vm=rubis-hvm2 perf=-0.110899 vp=0.343431 cap=274.745170
[1372145965.816162] vm=rubbos-hvm perf=-0.064924 vp=0.279145 cap=223.316324
[1372145965.998134] vm=rubbos-hvm2 perf=-0.000932 vp=0.121907 cap=97.525423
[1372145966.197542] vm=rubis-hvm perf=0.045216 vp=0.264015 cap=211.211861
[1372145966.393350] vm=rubis-hvm2 perf=0.038653 vp=0.334933 cap=267.946391
[1372145971.989903] vm=rubbos-hvm perf=0.502640 vp=0.278285 cap=222.627688
[1372145972.181597] vm=rubbos-hvm2 perf=0.316574 vp=0.124615 cap=99.691632
[1372145972.356119] vm=rubis-hvm perf=0.392449 vp=0.263201 cap=210.560551
[1372145972.532496] vm=rubis-hvm2 perf=0.177263 vp=0.333900 cap=267.120129
[1372145978.122488] vm=rubbos-hvm perf=0.452558 vp=0.278177 cap=222.541907
[1372145978.304084] vm=rubbos-hvm2 perf=0.671846 vp=0.124952 cap=99.961469
[1372145978.507109] vm=rubis-hvm perf=0.299187 vp=0.263099 cap=210.479420
[1372145978.698274] vm=rubis-hvm2 perf=0.078860 vp=0.333772 cap=267.017205
[1372145984.262311] vm=rubbos-hvm perf=-0.000524 vp=0.325412 cap=260.329431
[1372145984.456752] vm=rubbos-hvm2 perf=0.512532 vp=0.116812 cap=93.449995
[1372145984.718926] vm=rubis-hvm perf=0.570525 vp=0.245866 cap=196.693008
[1372145984.919560] vm=rubis-hvm2 perf=0.174543 vp=0.311909 cap=249.527566
[1372145990.503691] vm=rubbos-hvm perf=0.678736 vp=0.269536 cap=215.628851
[1372145990.684864] vm=rubbos-hvm2 perf=0.393342 vp=0.103537 cap=82.829225
[1372145990.874766] vm=rubis-hvm perf=-0.936313 vp=0.368575 cap=294.860175
[1372145991.059938] vm=rubis-hvm2 perf=0.105286 vp=0.258352 cap=206.681749
[1372145996.642286] vm=rubbos-hvm perf=-0.204594 vp=0.294944 cap=235.955482
[1372145996.843656] vm=rubbos-hvm2 perf=0.338792 vp=0.112914 cap=90.331205
[1372145997.031018] vm=rubis-hvm perf=0.229724 vp=0.332938 cap=266.350749
[1372145997.239379] vm=rubis-hvm2 perf=-0.066011 vp=0.259203 cap=207.362564
[1372146002.852096] vm=rubbos-hvm perf=0.570092 vp=0.264978 cap=211.982278
[1372146003.032346] vm=rubbos-hvm2 perf=0.361018 vp=0.112300 cap=89.839946
[1372146003.220375] vm=rubis-hvm perf=0.724980 vp=0.299112 cap=239.289370
[1372146003.413241] vm=rubis-hvm2 perf=-0.102267 vp=0.323611 cap=258.888406
[1372146009.022176] vm=rubbos-hvm perf=-0.169916 vp=0.283472 cap=226.777781
[1372146009.213424] vm=rubbos-hvm2 perf=0.444374 vp=0.112110 cap=89.688087
[1372146009.408767] vm=rubis-hvm perf=0.199779 vp=0.268268 cap=214.614059
[1372146009.588256] vm=rubis-hvm2 perf=-0.151502 vp=0.336150 cap=268.920073
[1372146015.207529] vm=rubbos-hvm perf=0.558784 vp=0.263059 cap=210.447371
[1372146015.398345] vm=rubbos-hvm2 perf=0.210658 vp=0.115999 cap=92.798937
[1372146015.586582] vm=rubis-hvm perf=0.181814 vp=0.248949 cap=199.159566
[1372146015.766210] vm=rubis-hvm2 perf=-0.005692 vp=0.371993 cap=297.594126
[1372146021.350596] vm=rubbos-hvm perf=0.676004 vp=0.236473 cap=189.178163
[1372146021.528375] vm=rubbos-hvm2 perf=0.318132 vp=0.112367 cap=89.893336
[1372146021.723144] vm=rubis-hvm perf=-0.290913 vp=0.316764 cap=253.411211
[1372146021.900165] vm=rubis-hvm2 perf=0.205507 vp=0.334397 cap=267.517289
[1372146027.490903] vm=rubbos-hvm perf=-0.203318 vp=0.277603 cap=222.082324
[1372146027.677553] vm=rubbos-hvm2 perf=0.313110 vp=0.116341 cap=93.073144
[1372146027.850215] vm=rubis-hvm perf=0.170233 vp=0.294822 cap=235.857781
[1372146028.034604] vm=rubis-hvm2 perf=0.166683 vp=0.311233 cap=248.986751
[1372146033.638954] vm=rubbos-hvm perf=0.118034 vp=0.275220 cap=220.175915
[1372146033.825046] vm=rubbos-hvm2 perf=0.382150 vp=0.123927 cap=99.141576
[1372146034.001704] vm=rubis-hvm perf=0.269795 vp=0.292291 cap=233.833121
[1372146034.196376] vm=rubis-hvm2 perf=0.023854 vp=0.308562 cap=246.849389
[1372146039.774027] vm=rubbos-hvm perf=-0.542752 vp=0.285736 cap=228.588523
[1372146039.950976] vm=rubbos-hvm2 perf=0.457198 vp=0.099354 cap=79.483551
[1372146040.133148] vm=rubis-hvm perf=0.644452 vp=0.232324 cap=185.858868
[1372146040.322817] vm=rubis-hvm2 perf=-1.000000 vp=0.382586 cap=306.069058
[1372146045.905818] vm=rubbos-hvm perf=0.663398 vp=0.228546 cap=182.836587
[1372146046.077119] vm=rubbos-hvm2 perf=0.154620 vp=0.099981 cap=79.985025
[1372146046.262975] vm=rubis-hvm perf=0.503327 vp=0.185824 cap=148.659262
[1372146046.457966] vm=rubis-hvm2 perf=-1.000000 vp=0.485649 cap=388.519126
[1372146052.065292] vm=rubbos-hvm perf=-0.272528 vp=0.178310 cap=142.648170
[1372146052.243177] vm=rubbos-hvm2 perf=-0.097948 vp=0.119327 cap=95.461615
[1372146052.435066] vm=rubis-hvm perf=-0.735536 vp=0.243104 cap=194.483365
[1372146052.609606] vm=rubis-hvm2 perf=-1.000000 vp=0.459259 cap=367.406850
[1372146058.170870] vm=rubbos-hvm perf=-0.215412 vp=0.137552 cap=110.041510
[1372146058.353046] vm=rubbos-hvm2 perf=0.281458 vp=0.112804 cap=90.243002
[1372146058.529673] vm=rubis-hvm perf=-1.000000 vp=0.315015 cap=252.011687
[1372146058.722585] vm=rubis-hvm2 perf=-1.000000 vp=0.434630 cap=347.703800
[1372146064.312134] vm=rubbos-hvm perf=-1.000000 vp=0.238894 cap=191.114881
[1372146064.502462] vm=rubbos-hvm2 perf=0.520188 vp=0.097064 cap=77.650841
[1372146064.688262] vm=rubis-hvm perf=0.392918 vp=0.244611 cap=195.689195
[1372146064.909295] vm=rubis-hvm2 perf=-1.000000 vp=0.419431 cap=335.545083
[1372146070.517799] vm=rubbos-hvm perf=0.029988 vp=0.198892 cap=159.113986
[1372146070.701010] vm=rubbos-hvm2 perf=0.121260 vp=0.104070 cap=83.255676
[1372146070.899066] vm=rubis-hvm perf=0.529067 vp=0.203653 cap=162.922362
[1372146071.100773] vm=rubis-hvm2 perf=-1.000000 vp=0.493385 cap=394.707976
[1372146076.682264] vm=rubbos-hvm perf=0.891316 vp=0.157670 cap=126.136031
[1372146076.850422] vm=rubbos-hvm2 perf=0.299302 vp=0.099093 cap=79.274006
[1372146077.038488] vm=rubis-hvm perf=0.354799 vp=0.161444 cap=129.155083
[1372146077.243134] vm=rubis-hvm2 perf=-0.868707 vp=0.581794 cap=465.434879
[1372146082.811891] vm=rubbos-hvm perf=-0.289994 vp=0.173043 cap=138.434530
[1372146082.977347] vm=rubbos-hvm2 perf=0.414014 vp=0.111387 cap=89.109969
[1372146083.176302] vm=rubis-hvm perf=-0.634043 vp=0.237264 cap=189.811474
[1372146083.369063] vm=rubis-hvm2 perf=-0.171090 vp=0.478305 cap=382.644028
[1372146088.961131] vm=rubbos-hvm perf=-0.532088 vp=0.184787 cap=147.829454
[1372146089.148308] vm=rubbos-hvm2 perf=0.310140 vp=0.111402 cap=89.121557
[1372146089.329494] vm=rubis-hvm perf=-0.861878 vp=0.276951 cap=221.560754
[1372146089.515420] vm=rubis-hvm2 perf=-1.000000 vp=0.426860 cap=341.488235
[1372146095.093720] vm=rubbos-hvm perf=-0.133764 vp=0.213703 cap=170.962071
[1372146095.271392] vm=rubbos-hvm2 perf=0.518052 vp=0.106981 cap=85.584566
[1372146095.456783] vm=rubis-hvm perf=0.657102 vp=0.237027 cap=189.621810
[1372146095.657806] vm=rubis-hvm2 perf=-0.008903 vp=0.442289 cap=353.831554
[1372146101.251021] vm=rubbos-hvm perf=0.894828 vp=0.209920 cap=167.935983
[1372146101.449686] vm=rubbos-hvm2 perf=0.398266 vp=0.122787 cap=98.229966
[1372146101.627742] vm=rubis-hvm perf=0.449099 vp=0.232832 cap=186.265438
[1372146101.842245] vm=rubis-hvm2 perf=0.260839 vp=0.434461 cap=347.568613
[1372146107.387104] vm=rubbos-hvm perf=0.813252 vp=0.179613 cap=143.690455
[1372146107.584514] vm=rubbos-hvm2 perf=0.393202 vp=0.106953 cap=85.562637
[1372146107.759007] vm=rubis-hvm perf=0.587756 vp=0.199217 cap=159.373621
[1372146107.935712] vm=rubis-hvm2 perf=-0.093885 vp=0.514217 cap=411.373287
[1372146113.555871] vm=rubbos-hvm perf=-0.339486 vp=0.218487 cap=174.789314
[1372146113.751952] vm=rubbos-hvm2 perf=0.444450 vp=0.105314 cap=84.251572
[1372146113.925977] vm=rubis-hvm perf=0.500634 vp=0.167843 cap=134.274781
[1372146114.136229] vm=rubis-hvm2 perf=-0.276663 vp=0.508355 cap=406.684332
[1372146119.683539] vm=rubbos-hvm perf=0.761748 vp=0.182655 cap=146.123963
[1372146119.876512] vm=rubbos-hvm2 perf=0.314642 vp=0.104500 cap=83.600055
[1372146120.080856] vm=rubis-hvm perf=-0.776082 vp=0.287860 cap=230.287656
[1372146120.275832] vm=rubis-hvm2 perf=0.333304 vp=0.424985 cap=339.988326
[1372146125.874607] vm=rubbos-hvm perf=-0.808348 vp=0.283512 cap=226.809503
[1372146126.057302] vm=rubbos-hvm2 perf=-0.209326 vp=0.119825 cap=95.859895
[1372146126.265738] vm=rubis-hvm perf=0.655430 vp=0.240943 cap=192.754647
[1372146126.501157] vm=rubis-hvm2 perf=0.208743 vp=0.355720 cap=284.575955
[1372146132.101214] vm=rubbos-hvm perf=0.663986 vp=0.250712 cap=200.569996
[1372146132.291935] vm=rubbos-hvm2 perf=0.238152 vp=0.110539 cap=88.431037
[1372146132.487905] vm=rubis-hvm perf=0.475606 vp=0.213069 cap=170.454933
[1372146132.677649] vm=rubis-hvm2 perf=-0.214436 vp=0.425680 cap=340.544034
[1372146138.270346] vm=rubbos-hvm perf=0.263936 vp=0.236602 cap=189.281627
[1372146138.536223] vm=rubbos-hvm2 perf=0.239258 vp=0.117965 cap=94.371856
[1372146138.737139] vm=rubis-hvm perf=-0.135584 vp=0.243711 cap=194.968793
[1372146138.948655] vm=rubis-hvm2 perf=0.056196 vp=0.401722 cap=321.377725
[1372146144.510033] vm=rubbos-hvm perf=0.823654 vp=0.234949 cap=187.959299
[1372146144.694957] vm=rubbos-hvm2 perf=0.090738 vp=0.124127 cap=99.301397
[1372146144.852298] vm=rubis-hvm perf=0.590666 vp=0.242008 cap=193.606735
[1372146145.024679] vm=rubis-hvm2 perf=0.065463 vp=0.398916 cap=319.132569
[1372146150.606296] vm=rubbos-hvm perf=0.247518 vp=0.234744 cap=187.795306
[1372146150.793300] vm=rubbos-hvm2 perf=0.654654 vp=0.124891 cap=99.912751
[1372146150.993454] vm=rubis-hvm perf=0.562886 vp=0.241797 cap=193.437814
[1372146151.179756] vm=rubis-hvm2 perf=0.321578 vp=0.398568 cap=318.854129
[1372146156.763640] vm=rubbos-hvm perf=-0.558370 vp=0.335283 cap=268.226074
[1372146156.947466] vm=rubbos-hvm2 perf=0.404868 vp=0.108562 cap=86.849734
[1372146157.129790] vm=rubis-hvm perf=0.651648 vp=0.210000 cap=168.000228
[1372146157.318393] vm=rubis-hvm2 perf=0.345984 vp=0.346155 cap=276.923964
[1372146162.888113] vm=rubbos-hvm perf=0.815842 vp=0.299977 cap=239.981507
[1372146163.051913] vm=rubbos-hvm2 perf=0.291140 vp=0.111837 cap=89.469865
[1372146163.240235] vm=rubis-hvm perf=0.241066 vp=0.187887 cap=150.309578
[1372146163.435948] vm=rubis-hvm2 perf=-0.060643 vp=0.400299 cap=320.239050
[1372146169.050726] vm=rubbos-hvm perf=0.280278 vp=0.296080 cap=236.863748
[1372146169.232202] vm=rubbos-hvm2 perf=0.262204 vp=0.123376 cap=98.700834
[1372146169.429319] vm=rubis-hvm perf=0.464907 vp=0.185446 cap=148.356806
[1372146169.605904] vm=rubis-hvm2 perf=0.279362 vp=0.395098 cap=316.078612
[1372146175.185188] vm=rubbos-hvm perf=0.624476 vp=0.275484 cap=220.387517
[1372146175.392299] vm=rubbos-hvm2 perf=0.567758 vp=0.116305 cap=93.044005
[1372146175.605223] vm=rubis-hvm perf=-0.066858 vp=0.240595 cap=192.476279
[1372146175.829502] vm=rubis-hvm2 perf=0.486002 vp=0.367615 cap=294.092199
[1372146181.446375] vm=rubbos-hvm perf=-0.055738 vp=0.248302 cap=198.641401
[1372146181.647426] vm=rubbos-hvm2 perf=0.381508 vp=0.114513 cap=91.610422
[1372146181.837498] vm=rubis-hvm perf=-0.061343 vp=0.219176 cap=175.340470
[1372146182.014200] vm=rubis-hvm2 perf=-0.547402 vp=0.418010 cap=334.407707
[1372146187.604118] vm=rubbos-hvm perf=0.043736 vp=0.244116 cap=195.292789
[1372146187.780758] vm=rubbos-hvm2 perf=-0.033060 vp=0.129440 cap=103.552148
[1372146187.961780] vm=rubis-hvm perf=0.316322 vp=0.215481 cap=172.384656
[1372146188.155538] vm=rubis-hvm2 perf=0.132976 vp=0.410963 cap=328.770406
[1372146193.742688] vm=rubbos-hvm perf=0.696050 vp=0.214465 cap=171.572269
[1372146193.933401] vm=rubbos-hvm2 perf=0.272304 vp=0.113718 cap=90.974568
[1372146194.134903] vm=rubis-hvm perf=0.697821 vp=0.189308 cap=151.446588
[1372146194.326469] vm=rubis-hvm2 perf=-0.011091 vp=0.482508 cap=386.006575
[1372146199.949236] vm=rubbos-hvm perf=-0.237358 vp=0.194295 cap=155.435756
[1372146200.132775] vm=rubbos-hvm2 perf=0.128354 vp=0.117259 cap=93.807054
[1372146200.312484] vm=rubis-hvm perf=-1.000000 vp=0.319810 cap=255.847726
[1372146200.542650] vm=rubis-hvm2 perf=-0.168949 vp=0.368637 cap=294.909464
[1372146206.145924] vm=rubbos-hvm perf=-0.118584 vp=0.126041 cap=100.832462
[1372146206.328880] vm=rubbos-hvm2 perf=-1.000000 vp=0.235023 cap=188.018454
[1372146206.508992] vm=rubis-hvm perf=-0.872158 vp=0.323366 cap=258.693040
[1372146206.704175] vm=rubis-hvm2 perf=0.169391 vp=0.315570 cap=252.456045
[1372146212.304692] vm=rubbos-hvm perf=-1.000000 vp=0.220002 cap=176.001358
[1372146212.499510] vm=rubbos-hvm2 perf=-1.000000 vp=0.274062 cap=219.249514
[1372146212.696880] vm=rubis-hvm perf=0.751753 vp=0.254619 cap=203.694805
[1372146212.894591] vm=rubis-hvm2 perf=-0.601861 vp=0.251318 cap=201.054323
[1372146218.464909] vm=rubbos-hvm perf=0.796104 vp=0.191370 cap=153.095931
[1372146218.650911] vm=rubbos-hvm2 perf=0.416872 vp=0.238395 cap=190.715622
[1372146218.825865] vm=rubis-hvm perf=0.693781 vp=0.221482 cap=177.185258
[1372146219.014412] vm=rubis-hvm2 perf=-0.359127 vp=0.348754 cap=279.003189
[1372146224.542650] vm=rubbos-hvm perf=0.289600 vp=0.176214 cap=140.971387
[1372146224.732681] vm=rubbos-hvm2 perf=0.432416 vp=0.219515 cap=175.611759
[1372146224.934160] vm=rubis-hvm perf=0.226138 vp=0.203941 cap=163.152941
[1372146225.124149] vm=rubis-hvm2 perf=-0.152574 vp=0.400330 cap=320.263913
[1372146230.702659] vm=rubbos-hvm perf=0.441892 vp=0.176214 cap=140.971387
[1372146230.884778] vm=rubbos-hvm2 perf=0.397420 vp=0.219515 cap=175.611759
[1372146231.068037] vm=rubis-hvm perf=0.257501 vp=0.203941 cap=163.152941
[1372146231.261741] vm=rubis-hvm2 perf=0.156126 vp=0.400330 cap=320.263913
[1372146236.862385] vm=rubbos-hvm perf=0.741782 vp=0.145706 cap=116.564824
[1372146237.049374] vm=rubbos-hvm2 perf=-0.926806 vp=0.354641 cap=283.712922
[1372146237.291355] vm=rubis-hvm perf=0.402879 vp=0.168633 cap=134.906057
[1372146237.502724] vm=rubis-hvm2 perf=0.329277 vp=0.331020 cap=264.816197
[1372146243.087481] vm=rubbos-hvm perf=-0.136302 vp=0.122664 cap=98.131164
[1372146243.278341] vm=rubbos-hvm2 perf=-1.000000 vp=0.384223 cap=307.378589
[1372146243.454727] vm=rubis-hvm perf=-1.000000 vp=0.285638 cap=228.510490
[1372146243.654349] vm=rubis-hvm2 perf=-0.163215 vp=0.207475 cap=165.979757
[1372146249.257979] vm=rubbos-hvm perf=-1.000000 vp=0.270553 cap=216.442611
[1372146249.469285] vm=rubbos-hvm2 perf=-1.000000 vp=0.420996 cap=336.796538
[1372146249.679327] vm=rubis-hvm perf=-0.091630 vp=0.182618 cap=146.094362
[1372146249.889972] vm=rubis-hvm2 perf=-0.032494 vp=0.125833 cap=100.666489
[1372146255.500548] vm=rubbos-hvm perf=0.760376 vp=0.224716 cap=179.773083
[1372146255.712470] vm=rubbos-hvm2 perf=-1.000000 vp=0.464195 cap=371.355748
[1372146255.906253] vm=rubis-hvm perf=-0.469352 vp=0.207266 cap=165.813086
[1372146256.126110] vm=rubis-hvm2 perf=-0.028752 vp=0.103823 cap=83.058083
[1372146261.707906] vm=rubbos-hvm perf=0.821512 vp=0.175384 cap=140.306814
[1372146261.865901] vm=rubbos-hvm2 perf=-1.000000 vp=0.565294 cap=452.235058
[1372146262.077271] vm=rubis-hvm perf=0.517415 vp=0.161764 cap=129.411508
[1372146262.285605] vm=rubis-hvm2 perf=0.308518 vp=0.097558 cap=78.046619
[1372146267.871406] vm=rubbos-hvm perf=0.578844 vp=0.142349 cap=113.879104
[1372146268.063896] vm=rubbos-hvm2 perf=-0.877738 vp=0.583297 cap=466.637744
[1372146268.252733] vm=rubis-hvm perf=0.515356 vp=0.131295 cap=105.036000
[1372146268.447200] vm=rubis-hvm2 perf=-0.412639 vp=0.143059 cap=114.447152
[1372146274.075870] vm=rubbos-hvm perf=-0.037458 vp=0.112898 cap=90.318537
[1372146274.269807] vm=rubbos-hvm2 perf=-1.000000 vp=0.504384 cap=403.506850
[1372146274.463251] vm=rubis-hvm perf=-1.000000 vp=0.253510 cap=202.807620
[1372146274.657149] vm=rubis-hvm2 perf=0.110074 vp=0.129209 cap=103.366993
[1372146280.260484] vm=rubbos-hvm perf=-1.000000 vp=0.225258 cap=180.206287
[1372146280.416412] vm=rubbos-hvm2 perf=-1.000000 vp=0.436415 cap=349.131660
[1372146280.592033] vm=rubis-hvm perf=0.648437 vp=0.208339 cap=166.670968
[1372146280.780933] vm=rubis-hvm2 perf=-0.366852 vp=0.129989 cap=103.991085
[1372146286.374776] vm=rubbos-hvm perf=0.371676 vp=0.183821 cap=147.056847
[1372146286.551752] vm=rubbos-hvm2 perf=-0.792012 vp=0.472131 cap=377.704562
[1372146286.741975] vm=rubis-hvm perf=0.674650 vp=0.170014 cap=136.011386
[1372146286.915680] vm=rubis-hvm2 perf=-0.440593 vp=0.174034 cap=139.227205
[1372146292.489476] vm=rubbos-hvm perf=0.900402 vp=0.154658 cap=123.726213
[1372146292.666074] vm=rubbos-hvm2 perf=-0.892488 vp=0.529068 cap=423.254105
[1372146292.841361] vm=rubis-hvm perf=-0.134752 vp=0.159113 cap=127.290021
[1372146293.020050] vm=rubis-hvm2 perf=-0.103990 vp=0.157162 cap=125.729660
[1372146298.576984] vm=rubbos-hvm perf=-0.328762 vp=0.169906 cap=135.924999
[1372146298.763656] vm=rubbos-hvm2 perf=-1.000000 vp=0.559934 cap=447.947498
[1372146298.967683] vm=rubis-hvm perf=0.589832 vp=0.135913 cap=108.730176
[1372146299.175344] vm=rubis-hvm2 perf=0.043797 vp=0.134247 cap=107.397327
[1372146304.752538] vm=rubbos-hvm perf=0.580062 vp=0.151867 cap=121.493424
[1372146304.946360] vm=rubbos-hvm2 perf=-0.463932 vp=0.575253 cap=460.202151
[1372146305.153832] vm=rubis-hvm perf=-0.010338 vp=0.121348 cap=97.078567
[1372146305.362995] vm=rubis-hvm2 perf=-0.187380 vp=0.151532 cap=121.225857
[1372146310.930190] vm=rubbos-hvm perf=-0.228986 vp=0.151715 cap=121.372260
[1372146311.102527] vm=rubbos-hvm2 perf=-1.000000 vp=0.598583 cap=478.866343
[1372146311.295179] vm=rubis-hvm perf=0.413113 vp=0.112644 cap=90.115116
[1372146311.483962] vm=rubis-hvm2 perf=-0.149009 vp=0.137058 cap=109.646282
[1372146317.073543] vm=rubbos-hvm perf=-0.492870 vp=0.191239 cap=152.991146
[1372146317.262723] vm=rubbos-hvm2 perf=-0.897860 vp=0.568843 cap=455.074342
[1372146317.442711] vm=rubis-hvm perf=0.446820 vp=0.110868 cap=88.694581
[1372146317.624849] vm=rubis-hvm2 perf=-0.198828 vp=0.129050 cap=103.239931
[1372146323.239850] vm=rubbos-hvm perf=0.715732 vp=0.163383 cap=130.706554
[1372146323.429801] vm=rubbos-hvm2 perf=-0.745950 vp=0.619572 cap=495.657313
[1372146323.633319] vm=rubis-hvm perf=-0.031751 vp=0.106793 cap=85.434064
[1372146323.826433] vm=rubis-hvm2 perf=0.125005 vp=0.110253 cap=88.202069
[1372146329.453507] vm=rubbos-hvm perf=0.478974 vp=0.145262 cap=116.209401
[1372146329.634917] vm=rubbos-hvm2 perf=-0.312690 vp=0.609292 cap=487.433471
[1372146329.851006] vm=rubis-hvm perf=0.060699 vp=0.111136 cap=88.908626
[1372146330.046461] vm=rubis-hvm2 perf=-0.201227 vp=0.134311 cap=107.448502
[1372146335.670846] vm=rubbos-hvm perf=0.374156 vp=0.126192 cap=100.953497
[1372146335.873549] vm=rubbos-hvm2 perf=-1.000000 vp=0.425074 cap=340.059466
[1372146336.064933] vm=rubis-hvm perf=-1.000000 vp=0.219587 cap=175.669710
[1372146336.275836] vm=rubis-hvm2 perf=-1.000000 vp=0.229147 cap=183.317328
[1372146341.898426] vm=rubbos-hvm perf=-0.825322 vp=0.192449 cap=153.959030
[1372146342.071477] vm=rubbos-hvm2 perf=-1.000000 vp=0.361580 cap=289.264236
[1372146342.270900] vm=rubis-hvm perf=0.754608 vp=0.176821 cap=141.456705
[1372146342.475155] vm=rubis-hvm2 perf=-1.000000 vp=0.269150 cap=215.320029
[1372146348.065076] vm=rubbos-hvm perf=0.860428 vp=0.151968 cap=121.574628
[1372146348.247264] vm=rubbos-hvm2 perf=-1.000000 vp=0.495868 cap=396.694585
[1372146348.482161] vm=rubis-hvm perf=0.651005 vp=0.139628 cap=111.702095
[1372146348.682530] vm=rubis-hvm2 perf=0.406408 vp=0.212536 cap=170.028692
[1372146354.248686] vm=rubbos-hvm perf=0.496192 vp=0.132397 cap=105.917653
[1372146354.408039] vm=rubbos-hvm2 perf=-0.599282 vp=0.534868 cap=427.894410
[1372146354.590935] vm=rubis-hvm perf=0.237652 vp=0.121646 cap=97.316553
[1372146354.794371] vm=rubis-hvm2 perf=-0.152624 vp=0.211089 cap=168.871384
[1372146360.393825] vm=rubbos-hvm perf=-0.069660 vp=0.139182 cap=111.345679
[1372146360.604781] vm=rubbos-hvm2 perf=-0.198424 vp=0.546769 cap=437.414912
[1372146360.803704] vm=rubis-hvm perf=0.031384 vp=0.116803 cap=93.442227
[1372146361.007435] vm=rubis-hvm2 perf=0.335678 vp=0.197246 cap=157.797182
[1372146366.598369] vm=rubbos-hvm perf=-0.076954 vp=0.114629 cap=91.703326
[1372146366.786484] vm=rubbos-hvm2 perf=-1.000000 vp=0.568848 cap=455.078167
[1372146366.989329] vm=rubis-hvm perf=0.263225 vp=0.114629 cap=91.703326
[1372146367.199778] vm=rubis-hvm2 perf=-0.342661 vp=0.201894 cap=161.515181
[1372146372.808988] vm=rubbos-hvm perf=-0.691906 vp=0.190115 cap=152.091649
[1372146372.992651] vm=rubbos-hvm2 perf=-1.000000 vp=0.536711 cap=429.368990
[1372146373.185094] vm=rubis-hvm perf=0.368507 vp=0.104458 cap=83.566606
[1372146373.386671] vm=rubis-hvm2 perf=0.210693 vp=0.168716 cap=134.972755
[1372146379.029006] vm=rubbos-hvm perf=0.857676 vp=0.158546 cap=126.837061
[1372146379.217563] vm=rubbos-hvm2 perf=-1.000000 vp=0.549460 cap=439.568272
[1372146379.402817] vm=rubis-hvm perf=-0.494426 vp=0.156943 cap=125.554571
[1372146379.600049] vm=rubis-hvm2 perf=-0.088478 vp=0.135050 cap=108.040096
[1372146385.267738] vm=rubbos-hvm perf=0.608342 vp=0.136452 cap=109.161473
[1372146385.443171] vm=rubbos-hvm2 perf=-0.432868 vp=0.427337 cap=341.869613
[1372146385.631089] vm=rubis-hvm perf=-1.000000 vp=0.272907 cap=218.325990
[1372146385.830978] vm=rubis-hvm2 perf=-0.444918 vp=0.163304 cap=130.642924
[1372146391.456835] vm=rubbos-hvm perf=0.485468 vp=0.116966 cap=93.572966
[1372146391.645548] vm=rubbos-hvm2 perf=-0.472032 vp=0.509115 cap=407.291677
[1372146391.847071] vm=rubis-hvm perf=0.652026 vp=0.233936 cap=187.148541
[1372146392.004117] vm=rubis-hvm2 perf=0.179136 vp=0.139984 cap=111.986816
[1372146397.633034] vm=rubbos-hvm perf=-1.000000 vp=0.246520 cap=197.215751
[1372146397.802955] vm=rubbos-hvm2 perf=-0.560154 vp=0.440521 cap=352.416865
[1372146398.011118] vm=rubis-hvm perf=0.782746 vp=0.195073 cap=156.058596
[1372146398.179999] vm=rubis-hvm2 perf=-0.134605 vp=0.117886 cap=94.308788
[1372146403.789470] vm=rubbos-hvm perf=0.627540 vp=0.196424 cap=157.139273
[1372146403.969356] vm=rubbos-hvm2 perf=-1.000000 vp=0.548545 cap=438.836144
[1372146404.173970] vm=rubis-hvm perf=0.670837 vp=0.155432 cap=124.345718
[1372146404.354963] vm=rubis-hvm2 perf=0.245569 vp=0.099599 cap=79.678865
[1372146409.931165] vm=rubbos-hvm perf=0.875348 vp=0.154646 cap=123.716562
[1372146410.141613] vm=rubbos-hvm2 perf=-0.483702 vp=0.624569 cap=499.654894
[1372146410.326211] vm=rubis-hvm perf=0.660256 vp=0.122373 cap=97.898027
[1372146410.501534] vm=rubis-hvm2 perf=0.297246 vp=0.098413 cap=78.730517
[1372146416.059681] vm=rubbos-hvm perf=0.506234 vp=0.134372 cap=107.497652
[1372146416.261623] vm=rubbos-hvm2 perf=-0.194246 vp=0.538913 cap=431.130416
[1372146416.441778] vm=rubis-hvm perf=-0.685497 vp=0.218102 cap=174.481665
[1372146416.639113] vm=rubis-hvm2 perf=0.027708 vp=0.108613 cap=86.890268
[1372146422.236452] vm=rubbos-hvm perf=0.157212 vp=0.114966 cap=91.972961
[1372146422.402176] vm=rubbos-hvm2 perf=-0.306608 vp=0.538524 cap=430.819218
[1372146422.633749] vm=rubis-hvm perf=0.782228 vp=0.186604 cap=149.283218
[1372146422.847316] vm=rubis-hvm2 perf=-0.362007 vp=0.159906 cap=127.924602
[1372146428.485585] vm=rubbos-hvm perf=-1.000000 vp=0.259121 cap=207.296814
[1372146428.672732] vm=rubbos-hvm2 perf=-0.097596 vp=0.453809 cap=363.047110
[1372146428.916834] vm=rubis-hvm perf=0.569863 vp=0.154594 cap=123.675437
[1372146429.127905] vm=rubis-hvm2 perf=0.432377 vp=0.132476 cap=105.980640
[1372146434.721161] vm=rubbos-hvm perf=0.945594 vp=0.221535 cap=177.227678
[1372146434.905590] vm=rubbos-hvm2 perf=-0.417214 vp=0.533036 cap=426.428671
[1372146435.114437] vm=rubis-hvm perf=0.253311 vp=0.132170 cap=105.735877
[1372146435.305118] vm=rubis-hvm2 perf=0.168280 vp=0.113260 cap=90.607773
[1372146440.872950] vm=rubbos-hvm perf=0.534578 vp=0.186757 cap=149.405412
[1372146441.076378] vm=rubbos-hvm2 perf=-0.180134 vp=0.596445 cap=477.156366
[1372146441.271620] vm=rubis-hvm perf=0.772317 vp=0.111421 cap=89.136824
[1372146441.463406] vm=rubis-hvm2 perf=0.171959 vp=0.105377 cap=84.301399
[1372146447.004691] vm=rubbos-hvm perf=0.539196 vp=0.180755 cap=144.604230
[1372146447.208155] vm=rubbos-hvm2 perf=0.330986 vp=0.577279 cap=461.822822
[1372146447.410074] vm=rubis-hvm perf=0.786176 vp=0.120983 cap=96.786474
[1372146447.577143] vm=rubis-hvm2 perf=0.221527 vp=0.120983 cap=96.786474
[1372146453.125998] vm=rubbos-hvm perf=0.706278 vp=0.142538 cap=114.030571
[1372146453.335520] vm=rubbos-hvm2 perf=-0.661838 vp=0.563562 cap=450.849654
[1372146453.527812] vm=rubis-hvm perf=0.627340 vp=0.098571 cap=78.857009
[1372146453.685557] vm=rubis-hvm2 perf=-0.628325 vp=0.195328 cap=156.262766
[1372146459.290011] vm=rubbos-hvm perf=-0.136220 vp=0.156989 cap=125.591224
[1372146459.496431] vm=rubbos-hvm2 perf=-0.227774 vp=0.567168 cap=453.734677
[1372146459.688399] vm=rubis-hvm perf=0.464709 vp=0.107641 cap=86.112431
[1372146459.894664] vm=rubis-hvm2 perf=0.338635 vp=0.168202 cap=134.561667
[1372146465.474585] vm=rubbos-hvm perf=-0.134868 vp=0.147918 cap=118.334367
[1372146465.659369] vm=rubbos-hvm2 perf=-1.000000 vp=0.616717 cap=493.373852
[1372146465.856075] vm=rubis-hvm perf=0.783748 vp=0.100342 cap=80.273893
[1372146466.036711] vm=rubis-hvm2 perf=0.360800 vp=0.135022 cap=108.017888
[1372146471.675655] vm=rubbos-hvm perf=-0.172042 vp=0.156091 cap=124.872534
[1372146471.868788] vm=rubbos-hvm2 perf=-0.582110 vp=0.628381 cap=502.704764
[1372146472.052987] vm=rubis-hvm perf=0.684584 vp=0.103611 cap=82.888401
[1372146472.247449] vm=rubis-hvm2 perf=0.271974 vp=0.111918 cap=89.534301
[1372146477.815528] vm=rubbos-hvm perf=0.488418 vp=0.126413 cap=101.130767
[1372146478.020922] vm=rubbos-hvm2 perf=-1.000000 vp=0.671119 cap=536.894836
[1372146478.223125] vm=rubis-hvm perf=0.558411 vp=0.101234 cap=80.987198
[1372146478.422400] vm=rubis-hvm2 perf=-0.044510 vp=0.101234 cap=80.987198
[1372146484.028439] vm=rubbos-hvm perf=-0.449834 vp=0.162443 cap=129.954733
[1372146484.207249] vm=rubbos-hvm2 perf=-1.000000 vp=0.612751 cap=490.200911
[1372146484.406216] vm=rubis-hvm perf=0.068379 vp=0.112403 cap=89.922178
[1372146484.601097] vm=rubis-hvm2 perf=-0.031818 vp=0.112403 cap=89.922178
[1372146490.169658] vm=rubbos-hvm perf=0.480464 vp=0.158451 cap=126.761045
[1372146490.369687] vm=rubbos-hvm2 perf=0.088896 vp=0.597693 cap=478.154033
[1372146490.542813] vm=rubis-hvm perf=0.308936 vp=0.121928 cap=97.542461
[1372146490.737652] vm=rubis-hvm2 perf=0.169966 vp=0.121928 cap=97.542461
[1372146496.343644] vm=rubbos-hvm perf=0.721214 vp=0.119905 cap=95.923931
[1372146496.499193] vm=rubbos-hvm2 perf=-1.000000 vp=0.690912 cap=552.729998
[1372146496.679792] vm=rubis-hvm perf=0.785534 vp=0.094591 cap=75.673036
[1372146496.883554] vm=rubis-hvm2 perf=0.458052 vp=0.094591 cap=75.673036
[1372146502.474227] vm=rubbos-hvm perf=-0.615040 vp=0.195696 cap=156.556993
[1372146502.677333] vm=rubbos-hvm2 perf=-0.390160 vp=0.592011 cap=473.608931
[1372146502.879102] vm=rubis-hvm perf=0.605595 vp=0.106146 cap=84.917038
[1372146503.064799] vm=rubis-hvm2 perf=-0.119855 vp=0.106146 cap=84.917038
[1372146508.703951] vm=rubbos-hvm perf=0.916570 vp=0.148259 cap=118.606872
[1372146508.883328] vm=rubbos-hvm2 perf=-0.918040 vp=0.662343 cap=529.874030
[1372146509.081754] vm=rubis-hvm perf=0.415768 vp=0.094699 cap=75.759549
[1372146509.267656] vm=rubis-hvm2 perf=0.418881 vp=0.094699 cap=75.759549
[1372146514.853264] vm=rubbos-hvm perf=0.021850 vp=0.123294 cap=98.634988
[1372146515.033475] vm=rubbos-hvm2 perf=-0.189540 vp=0.668803 cap=535.042460
[1372146515.238080] vm=rubis-hvm perf=0.714900 vp=0.103952 cap=83.161276
[1372146515.413046] vm=rubis-hvm2 perf=0.237683 vp=0.103952 cap=83.161276
[1372146520.956775] vm=rubbos-hvm perf=0.080870 vp=0.104971 cap=83.976933
[1372146521.153296] vm=rubbos-hvm2 perf=-0.754654 vp=0.685087 cap=548.069202
[1372146521.374178] vm=rubis-hvm perf=0.510423 vp=0.104971 cap=83.976933
[1372146521.569714] vm=rubis-hvm2 perf=0.133975 vp=0.104971 cap=83.976933
[1372146527.151815] vm=rubbos-hvm perf=-1.000000 vp=0.245171 cap=196.136423
[1372146527.348189] vm=rubbos-hvm2 perf=-0.224104 vp=0.545703 cap=436.562705
[1372146527.544794] vm=rubis-hvm perf=0.516860 vp=0.104563 cap=83.650436
[1372146527.733033] vm=rubis-hvm2 perf=0.141289 vp=0.104563 cap=83.650436
[1372146533.361025] vm=rubbos-hvm perf=0.623642 vp=0.196933 cap=157.546216
[1372146533.559391] vm=rubbos-hvm2 perf=-0.082396 vp=0.602255 cap=481.804158
[1372146533.765293] vm=rubis-hvm perf=0.815115 vp=0.100406 cap=80.324813
[1372146533.961907] vm=rubis-hvm2 perf=0.362450 vp=0.100406 cap=80.324813
[1372146539.574810] vm=rubbos-hvm perf=0.910610 vp=0.159423 cap=127.538540
[1372146539.752906] vm=rubbos-hvm2 perf=0.010836 vp=0.487544 cap=390.035383
[1372146539.937624] vm=rubis-hvm perf=0.610854 vp=0.101191 cap=80.953096
[1372146540.148771] vm=rubis-hvm2 perf=-1.000000 vp=0.251841 cap=201.472981
[1372146545.694388] vm=rubbos-hvm perf=0.457366 vp=0.123290 cap=98.632054
[1372146545.845296] vm=rubbos-hvm2 perf=-1.000000 vp=0.585279 cap=468.223522
[1372146545.989204] vm=rubis-hvm perf=0.817867 vp=0.096669 cap=77.335098
[1372146546.151348] vm=rubis-hvm2 perf=0.435116 vp=0.194762 cap=155.809326
[1372146551.735909] vm=rubbos-hvm perf=0.169456 vp=0.110873 cap=88.698041
[1372146551.921026] vm=rubbos-hvm2 perf=-0.069092 vp=0.605505 cap=484.404097
[1372146552.125521] vm=rubis-hvm perf=0.303873 vp=0.110873 cap=88.698041
[1372146552.334144] vm=rubis-hvm2 perf=0.309620 vp=0.172750 cap=138.199821
[1372146557.952932] vm=rubbos-hvm perf=-1.000000 vp=0.256254 cap=205.003012
[1372146558.127162] vm=rubbos-hvm2 perf=0.330210 vp=0.498577 cap=398.861633
[1372146558.317905] vm=rubis-hvm perf=0.638995 vp=0.102926 cap=82.340681
[1372146558.609045] vm=rubis-hvm2 perf=0.046086 vp=0.142243 cap=113.794674
[1372146564.252692] vm=rubbos-hvm perf=0.920318 vp=0.250719 cap=200.575479
[1372146564.436827] vm=rubbos-hvm2 perf=0.092422 vp=0.487809 cap=390.247257
[1372146564.587715] vm=rubis-hvm perf=0.832869 vp=0.122300 cap=97.840260
[1372146564.764772] vm=rubis-hvm2 perf=0.295957 vp=0.139171 cap=111.337004
[1372146570.331040] vm=rubbos-hvm perf=0.496648 vp=0.229945 cap=183.956118
[1372146570.478823] vm=rubbos-hvm2 perf=0.097186 vp=0.447390 cap=357.911997
[1372146570.656299] vm=rubis-hvm perf=0.675046 vp=0.114643 cap=91.714161
[1372146570.877316] vm=rubis-hvm2 perf=-0.303929 vp=0.208022 cap=166.417724
[1372146576.409984] vm=rubbos-hvm perf=0.573644 vp=0.179763 cap=143.810776
[1372146576.568610] vm=rubbos-hvm2 perf=-1.000000 vp=0.502419 cap=401.934964
[1372146576.747767] vm=rubis-hvm perf=0.752165 vp=0.097721 cap=78.176675
[1372146576.994333] vm=rubis-hvm2 perf=-0.378550 vp=0.220097 cap=176.077584
[1372146582.559296] vm=rubbos-hvm perf=0.710658 vp=0.141153 cap=112.922037
[1372146582.739132] vm=rubbos-hvm2 perf=-1.000000 vp=0.587873 cap=470.298357
[1372146582.947843] vm=rubis-hvm perf=0.453234 vp=0.098152 cap=78.521263
[1372146583.145097] vm=rubis-hvm2 perf=0.296493 vp=0.172823 cap=138.258343
[1372146588.772977] vm=rubbos-hvm perf=-1.000000 vp=0.245346 cap=196.276801
[1372146588.955990] vm=rubbos-hvm2 perf=-1.000000 vp=0.517236 cap=413.789157
[1372146589.141144] vm=rubis-hvm perf=0.779736 vp=0.099647 cap=79.717688
[1372146589.322801] vm=rubis-hvm2 perf=0.037715 vp=0.137770 cap=110.216354
[1372146594.909742] vm=rubbos-hvm perf=0.916266 vp=0.195570 cap=156.456087
[1372146595.111166] vm=rubbos-hvm2 perf=-1.000000 vp=0.560727 cap=448.581368
[1372146595.335380] vm=rubis-hvm perf=0.183547 vp=0.099640 cap=79.711961
[1372146595.499951] vm=rubis-hvm2 perf=-0.233169 vp=0.144063 cap=115.250584
[1372146601.079591] vm=rubbos-hvm perf=0.616118 vp=0.167586 cap=134.068431
[1372146601.279238] vm=rubbos-hvm2 perf=-0.579850 vp=0.601852 cap=481.481679
[1372146601.491445] vm=rubis-hvm perf=0.035352 vp=0.107113 cap=85.690773
[1372146601.689123] vm=rubis-hvm2 perf=0.157161 vp=0.123449 cap=98.759117
[1372146607.275929] vm=rubbos-hvm perf=0.285196 vp=0.147140 cap=117.712373
[1372146607.465420] vm=rubbos-hvm2 perf=-0.229174 vp=0.633359 cap=506.687193
[1372146607.655312] vm=rubis-hvm perf=0.203977 vp=0.109750 cap=87.800217
[1372146607.830470] vm=rubis-hvm2 perf=0.352086 vp=0.109750 cap=87.800217
[1372146613.415627] vm=rubbos-hvm perf=-0.921300 vp=0.237332 cap=189.865761
[1372146613.616488] vm=rubbos-hvm2 perf=-0.448352 vp=0.427154 cap=341.723105
[1372146613.802348] vm=rubis-hvm perf=0.652438 vp=0.105625 cap=84.500121
[1372146614.006084] vm=rubis-hvm2 perf=-1.000000 vp=0.229889 cap=183.911013
[1372146619.607576] vm=rubbos-hvm perf=0.613518 vp=0.192584 cap=154.067566
[1372146619.807940] vm=rubbos-hvm2 perf=-0.491574 vp=0.425256 cap=340.204788
[1372146619.998493] vm=rubis-hvm perf=0.445746 vp=0.101432 cap=81.145524
[1372146620.188777] vm=rubis-hvm2 perf=-0.584110 vp=0.280728 cap=224.582123
[1372146625.745474] vm=rubbos-hvm perf=0.808532 vp=0.164274 cap=131.418831
[1372146625.939141] vm=rubbos-hvm2 perf=-0.135692 vp=0.489643 cap=391.714310
[1372146626.135172] vm=rubis-hvm perf=0.453877 vp=0.106624 cap=85.299479
[1372146626.313666] vm=rubis-hvm2 perf=0.303406 vp=0.239459 cap=191.567380
[1372146631.887280] vm=rubbos-hvm perf=-0.299256 vp=0.213083 cap=170.466132
[1372146632.068960] vm=rubbos-hvm2 perf=-0.004854 vp=0.491133 cap=392.906373
[1372146632.284346] vm=rubis-hvm perf=0.788230 vp=0.101446 cap=81.157054
[1372146632.511695] vm=rubis-hvm2 perf=0.685610 vp=0.194338 cap=155.470442
