2013-06-24 09:32:44.800+0000: 27059: info : libvirt version: 0.9.8
2013-06-24 09:32:44.800+0000: 27059: warning : xenHypervisorMakeCapabilities:2751 : Failed to get host power management capabilities
[1372066370.071462] vm=rubbos-hvm new
[1372066370.071506] vm=rubis-hvm new
[1372066370.071525] vm=rubbos-hvm perf=0.000000 vp=0.500000 cap=200.000000
[1372066370.238545] vm=rubis-hvm perf=0.000000 vp=0.500000 cap=200.000000
[1372066375.650358] vm=rubbos-hvm perf=0.000000 vp=0.500000 cap=200.000000
[1372066375.808229] vm=rubis-hvm perf=0.000000 vp=0.500000 cap=200.000000
[1372066381.180734] vm=rubbos-hvm perf=0.965058 vp=0.500000 cap=200.000000
[1372066381.346961] vm=rubis-hvm perf=0.836235 vp=0.500000 cap=200.000000
[1372066386.726566] vm=rubbos-hvm perf=0.955096 vp=0.500000 cap=200.000000
[1372066386.895713] vm=rubis-hvm perf=0.841025 vp=0.500000 cap=200.000000
[1372066392.276284] vm=rubbos-hvm perf=0.958626 vp=0.500000 cap=200.000000
[1372066392.465052] vm=rubis-hvm perf=0.773786 vp=0.500000 cap=200.000000
[1372066397.834444] vm=rubbos-hvm perf=0.961596 vp=0.500000 cap=200.000000
[1372066397.989706] vm=rubis-hvm perf=0.815673 vp=0.500000 cap=200.000000
[1372066403.381590] vm=rubbos-hvm perf=0.958414 vp=0.500000 cap=200.000000
[1372066403.550180] vm=rubis-hvm perf=0.783497 vp=0.500000 cap=200.000000
[1372066408.910630] vm=rubbos-hvm perf=0.957632 vp=0.500000 cap=200.000000
[1372066409.075214] vm=rubis-hvm perf=0.799715 vp=0.500000 cap=200.000000
[1372066414.505969] vm=rubbos-hvm perf=0.961456 vp=0.500000 cap=200.000000
[1372066414.659198] vm=rubis-hvm perf=0.786911 vp=0.500000 cap=200.000000
[1372066420.047086] vm=rubbos-hvm perf=0.829642 vp=0.500000 cap=200.000000
[1372066420.197850] vm=rubis-hvm perf=0.806606 vp=0.500000 cap=200.000000
[1372066425.565535] vm=rubbos-hvm perf=0.953942 vp=0.500000 cap=200.000000
[1372066425.724144] vm=rubis-hvm perf=0.820390 vp=0.500000 cap=200.000000
[1372066431.128140] vm=rubbos-hvm perf=0.960242 vp=0.500000 cap=200.000000
[1372066431.292667] vm=rubis-hvm perf=0.807592 vp=0.500000 cap=200.000000
[1372066436.688275] vm=rubbos-hvm perf=0.957802 vp=0.500000 cap=200.000000
[1372066436.853089] vm=rubis-hvm perf=0.795945 vp=0.500000 cap=200.000000
[1372066442.218313] vm=rubbos-hvm perf=0.964336 vp=0.500000 cap=200.000000
[1372066442.390148] vm=rubis-hvm perf=0.839114 vp=0.500000 cap=200.000000
[1372066447.767822] vm=rubbos-hvm perf=0.959802 vp=0.500000 cap=200.000000
[1372066447.934998] vm=rubis-hvm perf=0.780624 vp=0.500000 cap=200.000000
[1372066453.333162] vm=rubbos-hvm perf=0.961910 vp=0.500000 cap=200.000000
[1372066453.505042] vm=rubis-hvm perf=0.775235 vp=0.500000 cap=200.000000
[1372066458.917886] vm=rubbos-hvm perf=0.964018 vp=0.500000 cap=200.000000
[1372066459.084472] vm=rubis-hvm perf=0.804255 vp=0.500000 cap=200.000000
[1372066464.482991] vm=rubbos-hvm perf=0.955430 vp=0.500000 cap=200.000000
[1372066464.646762] vm=rubis-hvm perf=0.796924 vp=0.500000 cap=200.000000
[1372066470.023380] vm=rubbos-hvm perf=0.962838 vp=0.500000 cap=200.000000
[1372066470.192483] vm=rubis-hvm perf=0.795927 vp=0.500000 cap=200.000000
[1372066475.556331] vm=rubbos-hvm perf=0.939910 vp=0.500000 cap=200.000000
[1372066475.718880] vm=rubis-hvm perf=0.766245 vp=0.500000 cap=200.000000
[1372066481.082963] vm=rubbos-hvm perf=0.957302 vp=0.500000 cap=200.000000
[1372066481.257739] vm=rubis-hvm perf=0.821819 vp=0.500000 cap=200.000000
[1372066486.637752] vm=rubbos-hvm perf=0.957974 vp=0.500000 cap=200.000000
[1372066486.771194] vm=rubis-hvm perf=0.659259 vp=0.500000 cap=200.000000
[1372066492.120484] vm=rubbos-hvm perf=0.963710 vp=0.500000 cap=200.000000
[1372066492.285942] vm=rubis-hvm perf=0.737253 vp=0.500000 cap=200.000000
[1372066497.682728] vm=rubbos-hvm perf=0.948654 vp=0.500000 cap=200.000000
[1372066497.852803] vm=rubis-hvm perf=0.810174 vp=0.500000 cap=200.000000
[1372066503.215176] vm=rubbos-hvm perf=0.957854 vp=0.500000 cap=200.000000
[1372066503.354864] vm=rubis-hvm perf=0.792623 vp=0.500000 cap=200.000000
[1372066508.725353] vm=rubbos-hvm perf=0.944356 vp=0.500000 cap=200.000000
[1372066508.894077] vm=rubis-hvm perf=0.791655 vp=0.500000 cap=200.000000
[1372066514.304879] vm=rubbos-hvm perf=0.889600 vp=0.500000 cap=200.000000
[1372066514.457513] vm=rubis-hvm perf=0.770964 vp=0.500000 cap=200.000000
[1372066519.832992] vm=rubbos-hvm perf=0.956924 vp=0.500000 cap=200.000000
[1372066520.008105] vm=rubis-hvm perf=0.836077 vp=0.500000 cap=200.000000
[1372066525.418265] vm=rubbos-hvm perf=0.962510 vp=0.500000 cap=200.000000
[1372066525.566383] vm=rubis-hvm perf=0.824455 vp=0.500000 cap=200.000000
[1372066530.911017] vm=rubbos-hvm perf=0.952348 vp=0.500000 cap=200.000000
[1372066531.070721] vm=rubis-hvm perf=0.713317 vp=0.500000 cap=200.000000
[1372066536.462771] vm=rubbos-hvm perf=0.962708 vp=0.500000 cap=200.000000
[1372066536.638685] vm=rubis-hvm perf=0.797967 vp=0.500000 cap=200.000000
[1372066542.050146] vm=rubbos-hvm perf=0.967016 vp=0.500000 cap=200.000000
[1372066542.206401] vm=rubis-hvm perf=0.789769 vp=0.500000 cap=200.000000
[1372066547.570844] vm=rubbos-hvm perf=0.962756 vp=0.500000 cap=200.000000
[1372066547.720496] vm=rubis-hvm perf=0.751798 vp=0.500000 cap=200.000000
[1372066553.103027] vm=rubbos-hvm perf=0.927328 vp=0.500000 cap=200.000000
[1372066553.266348] vm=rubis-hvm perf=0.801611 vp=0.500000 cap=200.000000
[1372066558.669241] vm=rubbos-hvm perf=0.961208 vp=0.500000 cap=200.000000
[1372066558.847160] vm=rubis-hvm perf=0.723277 vp=0.500000 cap=200.000000
[1372066564.235937] vm=rubbos-hvm perf=0.955104 vp=0.500000 cap=200.000000
[1372066564.386816] vm=rubis-hvm perf=0.840651 vp=0.500000 cap=200.000000
[1372066569.748107] vm=rubbos-hvm perf=0.960932 vp=0.500000 cap=200.000000
[1372066569.911870] vm=rubis-hvm perf=0.819061 vp=0.500000 cap=200.000000
[1372066575.304383] vm=rubbos-hvm perf=0.956570 vp=0.500000 cap=200.000000
[1372066575.453144] vm=rubis-hvm perf=0.769788 vp=0.500000 cap=200.000000
[1372066580.815057] vm=rubbos-hvm perf=0.958526 vp=0.500000 cap=200.000000
[1372066580.968496] vm=rubis-hvm perf=0.268677 vp=0.500000 cap=200.000000
[1372066586.345003] vm=rubbos-hvm perf=0.962866 vp=0.500000 cap=200.000000
[1372066586.491001] vm=rubis-hvm perf=0.062934 vp=0.500000 cap=200.000000
[1372066591.891812] vm=rubbos-hvm perf=0.961218 vp=0.418018 cap=167.207054
[1372066592.052706] vm=rubis-hvm perf=-1.000000 vp=0.581982 cap=232.792946
[1372066597.412895] vm=rubbos-hvm perf=0.944592 vp=0.353363 cap=141.345303
[1372066597.572094] vm=rubis-hvm perf=-0.873425 vp=0.646637 cap=258.654697
[1372066602.954534] vm=rubbos-hvm perf=0.941758 vp=0.353363 cap=141.345303
[1372066603.121120] vm=rubis-hvm perf=0.713514 vp=0.646637 cap=258.654697
[1372066608.531272] vm=rubbos-hvm perf=0.953968 vp=0.353363 cap=141.345303
[1372066608.694814] vm=rubis-hvm perf=0.422956 vp=0.646637 cap=258.654697
[1372066614.092856] vm=rubbos-hvm perf=0.956412 vp=0.353363 cap=141.345303
[1372066614.233412] vm=rubis-hvm perf=0.635407 vp=0.646637 cap=258.654697
[1372066619.652712] vm=rubbos-hvm perf=0.962520 vp=0.353363 cap=141.345303
[1372066619.811986] vm=rubis-hvm perf=0.472414 vp=0.646637 cap=258.654697
[1372066625.210315] vm=rubbos-hvm perf=0.960212 vp=0.314170 cap=125.667810
[1372066625.381195] vm=rubis-hvm perf=-0.008091 vp=0.685830 cap=274.332190
[1372066630.762887] vm=rubbos-hvm perf=0.952806 vp=0.314170 cap=125.667810
[1372066630.940636] vm=rubis-hvm perf=0.638459 vp=0.685830 cap=274.332190
[1372066636.345072] vm=rubbos-hvm perf=0.954258 vp=0.314170 cap=125.667810
[1372066636.491544] vm=rubis-hvm perf=0.327794 vp=0.685830 cap=274.332190
[1372066641.900529] vm=rubbos-hvm perf=0.940812 vp=0.314170 cap=125.667810
[1372066642.073990] vm=rubis-hvm perf=0.095679 vp=0.685830 cap=274.332190
[1372066647.463153] vm=rubbos-hvm perf=0.958892 vp=0.314170 cap=125.667810
[1372066647.625938] vm=rubis-hvm perf=0.402976 vp=0.685830 cap=274.332190
[1372066652.976124] vm=rubbos-hvm perf=0.962604 vp=0.314170 cap=125.667810
[1372066653.125227] vm=rubis-hvm perf=0.372505 vp=0.685830 cap=274.332190
[1372066658.516662] vm=rubbos-hvm perf=0.955558 vp=0.314170 cap=125.667810
[1372066658.674641] vm=rubis-hvm perf=0.035599 vp=0.685830 cap=274.332190
[1372066664.060286] vm=rubbos-hvm perf=0.841074 vp=0.279544 cap=111.817783
[1372066664.224357] vm=rubis-hvm perf=-0.135208 vp=0.720456 cap=288.182217
[1372066669.617721] vm=rubbos-hvm perf=0.956026 vp=0.279544 cap=111.817783
[1372066669.776169] vm=rubis-hvm perf=0.702677 vp=0.720456 cap=288.182217
[1372066675.192069] vm=rubbos-hvm perf=0.950202 vp=0.279544 cap=111.817783
[1372066675.362345] vm=rubis-hvm perf=0.418013 vp=0.720456 cap=288.182217
[1372066680.767396] vm=rubbos-hvm perf=0.795052 vp=0.279544 cap=111.817783
[1372066680.913972] vm=rubis-hvm perf=0.478187 vp=0.720456 cap=288.182217
[1372066686.282186] vm=rubbos-hvm perf=0.959964 vp=0.279544 cap=111.817783
[1372066686.458162] vm=rubis-hvm perf=0.582925 vp=0.720456 cap=288.182217
[1372066691.856216] vm=rubbos-hvm perf=0.843226 vp=0.279544 cap=111.817783
[1372066692.006036] vm=rubis-hvm perf=0.532180 vp=0.720456 cap=288.182217
[1372066697.392491] vm=rubbos-hvm perf=0.956630 vp=0.279544 cap=111.817783
[1372066697.559722] vm=rubis-hvm perf=0.604209 vp=0.720456 cap=288.182217
[1372066702.956121] vm=rubbos-hvm perf=0.934880 vp=0.279544 cap=111.817783
[1372066703.124806] vm=rubis-hvm perf=0.576674 vp=0.720456 cap=288.182217
[1372066708.473297] vm=rubbos-hvm perf=0.950988 vp=0.279544 cap=111.817783
[1372066708.634005] vm=rubis-hvm perf=0.301352 vp=0.720456 cap=288.182217
[1372066714.038483] vm=rubbos-hvm perf=0.958724 vp=0.279544 cap=111.817783
[1372066714.208925] vm=rubis-hvm perf=0.484196 vp=0.720456 cap=288.182217
[1372066719.602696] vm=rubbos-hvm perf=0.963866 vp=0.279544 cap=111.817783
[1372066719.782723] vm=rubis-hvm perf=0.489372 vp=0.720456 cap=288.182217
[1372066725.158097] vm=rubbos-hvm perf=0.962802 vp=0.279544 cap=111.817783
[1372066725.338516] vm=rubis-hvm perf=0.412945 vp=0.720456 cap=288.182217
[1372066730.722511] vm=rubbos-hvm perf=0.967510 vp=0.279544 cap=111.817783
[1372066730.861490] vm=rubis-hvm perf=0.169160 vp=0.720456 cap=288.182217
[1372066736.293804] vm=rubbos-hvm perf=0.957316 vp=0.279544 cap=111.817783
[1372066736.478731] vm=rubis-hvm perf=0.704709 vp=0.720456 cap=288.182217
[1372066741.860343] vm=rubbos-hvm perf=0.958836 vp=0.279544 cap=111.817783
[1372066742.033820] vm=rubis-hvm perf=0.592422 vp=0.720456 cap=288.182217
[1372066747.431386] vm=rubbos-hvm perf=0.929300 vp=0.279544 cap=111.817783
[1372066747.596155] vm=rubis-hvm perf=0.591774 vp=0.720456 cap=288.182217
[1372066752.973488] vm=rubbos-hvm perf=0.943532 vp=0.279544 cap=111.817783
[1372066753.114156] vm=rubis-hvm perf=0.405087 vp=0.720456 cap=288.182217
[1372066758.484225] vm=rubbos-hvm perf=0.963764 vp=0.279544 cap=111.817783
[1372066758.655876] vm=rubis-hvm perf=0.247154 vp=0.720456 cap=288.182217
[1372066764.040238] vm=rubbos-hvm perf=0.965254 vp=0.279544 cap=111.817783
[1372066764.219212] vm=rubis-hvm perf=0.726143 vp=0.720456 cap=288.182217
[1372066769.609484] vm=rubbos-hvm perf=0.955838 vp=0.279544 cap=111.817783
[1372066769.781062] vm=rubis-hvm perf=0.592031 vp=0.720456 cap=288.182217
[1372066775.157513] vm=rubbos-hvm perf=0.867404 vp=0.279544 cap=111.817783
[1372066775.327693] vm=rubis-hvm perf=0.650688 vp=0.720456 cap=288.182217
[1372066780.702718] vm=rubbos-hvm perf=0.211614 vp=0.279544 cap=111.817783
[1372066780.869295] vm=rubis-hvm perf=0.644975 vp=0.720456 cap=288.182217
[1372066786.242721] vm=rubbos-hvm perf=0.186352 vp=0.279544 cap=111.817783
[1372066786.401787] vm=rubis-hvm perf=0.273469 vp=0.720456 cap=288.182217
[1372066791.778524] vm=rubbos-hvm perf=0.554750 vp=0.279544 cap=111.817783
[1372066791.951169] vm=rubis-hvm perf=0.070268 vp=0.720456 cap=288.182217
[1372066797.322108] vm=rubbos-hvm perf=0.587544 vp=0.279544 cap=111.817783
[1372066797.490420] vm=rubis-hvm perf=0.158337 vp=0.720456 cap=288.182217
[1372066802.899445] vm=rubbos-hvm perf=0.461110 vp=0.256348 cap=102.539356
[1372066803.045779] vm=rubis-hvm perf=-0.430068 vp=0.743652 cap=297.460644
[1372066808.445446] vm=rubbos-hvm perf=0.280732 vp=0.256348 cap=102.539356
[1372066808.642571] vm=rubis-hvm perf=0.079425 vp=0.743652 cap=297.460644
[1372066814.024675] vm=rubbos-hvm perf=0.321628 vp=0.256348 cap=102.539356
[1372066814.190126] vm=rubis-hvm perf=0.349306 vp=0.743652 cap=297.460644
[1372066819.545696] vm=rubbos-hvm perf=0.042284 vp=0.256348 cap=102.539356
[1372066819.696242] vm=rubis-hvm perf=0.425625 vp=0.743652 cap=297.460644
[1372066825.072113] vm=rubbos-hvm perf=0.199056 vp=0.256348 cap=102.539356
[1372066825.227335] vm=rubis-hvm perf=0.524103 vp=0.743652 cap=297.460644
[1372066830.619987] vm=rubbos-hvm perf=0.449176 vp=0.256348 cap=102.539356
[1372066830.771167] vm=rubis-hvm perf=0.360224 vp=0.743652 cap=297.460644
[1372066836.144337] vm=rubbos-hvm perf=0.191634 vp=0.256348 cap=102.539356
[1372066836.301371] vm=rubis-hvm perf=0.099036 vp=0.743652 cap=297.460644
[1372066841.681157] vm=rubbos-hvm perf=0.142492 vp=0.256348 cap=102.539356
[1372066841.851496] vm=rubis-hvm perf=0.236544 vp=0.743652 cap=297.460644
[1372066847.251842] vm=rubbos-hvm perf=-0.288016 vp=0.311906 cap=124.762564
[1372066847.418357] vm=rubis-hvm perf=0.739331 vp=0.688094 cap=275.237436
[1372066852.816609] vm=rubbos-hvm perf=0.910670 vp=0.311906 cap=124.762564
[1372066852.984712] vm=rubis-hvm perf=0.628966 vp=0.688094 cap=275.237436
[1372066858.363451] vm=rubbos-hvm perf=0.640024 vp=0.311906 cap=124.762564
[1372066858.520218] vm=rubis-hvm perf=0.475443 vp=0.688094 cap=275.237436
[1372066863.918155] vm=rubbos-hvm perf=0.650898 vp=0.311906 cap=124.762564
[1372066864.062025] vm=rubis-hvm perf=0.307978 vp=0.688094 cap=275.237436
[1372066869.470788] vm=rubbos-hvm perf=0.495948 vp=0.311906 cap=124.762564
[1372066869.609278] vm=rubis-hvm perf=0.247613 vp=0.688094 cap=275.237436
[1372066875.003341] vm=rubbos-hvm perf=0.795410 vp=0.311906 cap=124.762564
[1372066875.164263] vm=rubis-hvm perf=0.554028 vp=0.688094 cap=275.237436
[1372066880.547590] vm=rubbos-hvm perf=0.321776 vp=0.311906 cap=124.762564
[1372066880.701653] vm=rubis-hvm perf=0.135925 vp=0.688094 cap=275.237436
[1372066886.090708] vm=rubbos-hvm perf=0.255308 vp=0.311906 cap=124.762564
[1372066886.236287] vm=rubis-hvm perf=0.302640 vp=0.688094 cap=275.237436
[1372066891.631673] vm=rubbos-hvm perf=0.452670 vp=0.311906 cap=124.762564
[1372066891.801054] vm=rubis-hvm perf=0.586428 vp=0.688094 cap=275.237436
[1372066897.222485] vm=rubbos-hvm perf=0.388320 vp=0.311906 cap=124.762564
[1372066897.390947] vm=rubis-hvm perf=0.020484 vp=0.688094 cap=275.237436
[1372066902.787411] vm=rubbos-hvm perf=0.116994 vp=0.311906 cap=124.762564
[1372066902.939001] vm=rubis-hvm perf=0.516135 vp=0.688094 cap=275.237436
[1372066908.338120] vm=rubbos-hvm perf=0.413642 vp=0.311906 cap=124.762564
[1372066908.495295] vm=rubis-hvm perf=0.639508 vp=0.688094 cap=275.237436
[1372066913.892640] vm=rubbos-hvm perf=0.117076 vp=0.300089 cap=120.035637
[1372066914.044370] vm=rubis-hvm perf=-0.372989 vp=0.699911 cap=279.964363
[1372066919.460366] vm=rubbos-hvm perf=0.576678 vp=0.300089 cap=120.035637
[1372066919.617583] vm=rubis-hvm perf=0.511798 vp=0.699911 cap=279.964363
[1372066924.999130] vm=rubbos-hvm perf=0.165506 vp=0.300089 cap=120.035637
[1372066925.176471] vm=rubis-hvm perf=0.691949 vp=0.699911 cap=279.964363
[1372066930.584425] vm=rubbos-hvm perf=0.351674 vp=0.300089 cap=120.035637
[1372066930.758250] vm=rubis-hvm perf=0.637577 vp=0.699911 cap=279.964363
[1372066936.118423] vm=rubbos-hvm perf=-0.198176 vp=0.345077 cap=138.030964
[1372066936.294051] vm=rubis-hvm perf=0.682322 vp=0.654923 cap=261.969036
[1372066941.663366] vm=rubbos-hvm perf=0.828020 vp=0.345077 cap=138.030964
[1372066941.822629] vm=rubis-hvm perf=0.568052 vp=0.654923 cap=261.969036
[1372066947.213601] vm=rubbos-hvm perf=0.875602 vp=0.345077 cap=138.030964
[1372066947.372973] vm=rubis-hvm perf=0.384289 vp=0.654923 cap=261.969036
[1372066952.776645] vm=rubbos-hvm perf=0.795658 vp=0.345077 cap=138.030964
[1372066952.947096] vm=rubis-hvm perf=0.437525 vp=0.654923 cap=261.969036
[1372066958.326971] vm=rubbos-hvm perf=0.588284 vp=0.345077 cap=138.030964
[1372066958.501208] vm=rubis-hvm perf=0.075881 vp=0.654923 cap=261.969036
[1372066963.880253] vm=rubbos-hvm perf=0.688676 vp=0.345077 cap=138.030964
[1372066964.059475] vm=rubis-hvm perf=0.264945 vp=0.654923 cap=261.969036
[1372066969.453952] vm=rubbos-hvm perf=0.818690 vp=0.345077 cap=138.030964
[1372066969.621934] vm=rubis-hvm perf=0.259198 vp=0.654923 cap=261.969036
[1372066975.026543] vm=rubbos-hvm perf=0.497242 vp=0.345077 cap=138.030964
[1372066975.187888] vm=rubis-hvm perf=0.475171 vp=0.654923 cap=261.969036
[1372066980.596602] vm=rubbos-hvm perf=-1.000000 vp=0.428078 cap=171.231146
[1372066980.743645] vm=rubis-hvm perf=0.204895 vp=0.571922 cap=228.768854
[1372066986.152974] vm=rubbos-hvm perf=-0.926212 vp=0.526944 cap=210.777630
[1372066986.309365] vm=rubis-hvm perf=-0.082672 vp=0.473056 cap=189.222370
[1372066991.726593] vm=rubbos-hvm perf=0.736036 vp=0.450474 cap=180.189659
[1372066991.882158] vm=rubis-hvm perf=-0.949978 vp=0.549526 cap=219.810341
[1372066997.279139] vm=rubbos-hvm perf=-0.090988 vp=0.425515 cap=170.205977
[1372066997.465182] vm=rubis-hvm perf=-0.388027 vp=0.574485 cap=229.794023
[1372067002.861084] vm=rubbos-hvm perf=0.744532 vp=0.425515 cap=170.205977
[1372067003.017067] vm=rubis-hvm perf=0.649093 vp=0.574485 cap=229.794023
[1372067008.412047] vm=rubbos-hvm perf=0.151092 vp=0.425515 cap=170.205977
[1372067008.580362] vm=rubis-hvm perf=0.625208 vp=0.574485 cap=229.794023
[1372067013.988613] vm=rubbos-hvm perf=0.342532 vp=0.425515 cap=170.205977
[1372067014.165367] vm=rubis-hvm perf=0.703334 vp=0.574485 cap=229.794023
[1372067019.535781] vm=rubbos-hvm perf=-0.112004 vp=0.454620 cap=181.847849
[1372067019.680885] vm=rubis-hvm perf=0.475858 vp=0.545380 cap=218.152151
[1372067025.064617] vm=rubbos-hvm perf=0.711504 vp=0.454620 cap=181.847849
[1372067025.223639] vm=rubis-hvm perf=0.440557 vp=0.545380 cap=218.152151
[1372067030.698778] vm=rubbos-hvm perf=-0.131770 vp=0.480968 cap=192.387191
[1372067030.875534] vm=rubis-hvm perf=0.400241 vp=0.519032 cap=207.612809
[1372067036.266590] vm=rubbos-hvm perf=0.625102 vp=0.447671 cap=179.068307
[1372067036.423053] vm=rubis-hvm perf=-0.098647 vp=0.552329 cap=220.931693
[1372067041.824758] vm=rubbos-hvm perf=-0.140214 vp=0.440824 cap=176.329773
[1372067041.982014] vm=rubis-hvm perf=-0.249460 vp=0.559176 cap=223.670227
[1372067047.376048] vm=rubbos-hvm perf=0.247800 vp=0.440824 cap=176.329773
[1372067047.543099] vm=rubis-hvm perf=0.217051 vp=0.559176 cap=223.670227
[1372067052.947734] vm=rubbos-hvm perf=0.448048 vp=0.440824 cap=176.329773
[1372067053.127150] vm=rubis-hvm perf=0.544372 vp=0.559176 cap=223.670227
[1372067058.509024] vm=rubbos-hvm perf=-0.273388 vp=0.474219 cap=189.687647
[1372067058.687463] vm=rubis-hvm perf=0.373619 vp=0.525781 cap=210.312353
[1372067064.091567] vm=rubbos-hvm perf=0.586812 vp=0.428432 cap=171.372974
[1372067064.259515] vm=rubis-hvm perf=-0.476187 vp=0.571568 cap=228.627026
[1372067069.643310] vm=rubbos-hvm perf=-0.532464 vp=0.482104 cap=192.841571
[1372067069.810462] vm=rubis-hvm perf=0.499097 vp=0.517896 cap=207.158429
[1372067075.215959] vm=rubbos-hvm perf=0.594228 vp=0.452485 cap=180.994043
[1372067075.383022] vm=rubis-hvm perf=-0.040535 vp=0.547515 cap=219.005957
[1372067080.768036] vm=rubbos-hvm perf=0.073782 vp=0.452485 cap=180.994043
[1372067080.943462] vm=rubis-hvm perf=0.045960 vp=0.547515 cap=219.005957
[1372067086.330619] vm=rubbos-hvm perf=0.295172 vp=0.452485 cap=180.994043
[1372067086.503551] vm=rubis-hvm perf=0.683192 vp=0.547515 cap=219.005957
[1372067091.899141] vm=rubbos-hvm perf=-0.226712 vp=0.475890 cap=190.356130
[1372067092.042931] vm=rubis-hvm perf=0.219139 vp=0.524110 cap=209.643870
[1372067097.399034] vm=rubbos-hvm perf=0.697804 vp=0.437208 cap=174.883141
[1372067097.539461] vm=rubis-hvm perf=-0.161077 vp=0.562792 cap=225.116859
[1372067102.926318] vm=rubbos-hvm perf=0.420266 vp=0.416351 cap=166.540322
[1372067103.089813] vm=rubis-hvm perf=-0.031912 vp=0.583649 cap=233.459678
[1372067108.497654] vm=rubbos-hvm perf=0.171922 vp=0.416351 cap=166.540322
[1372067108.647943] vm=rubis-hvm perf=0.594428 vp=0.583649 cap=233.459678
[1372067114.056853] vm=rubbos-hvm perf=-0.448074 vp=0.473613 cap=189.445034
[1372067114.221133] vm=rubis-hvm perf=0.678262 vp=0.526387 cap=210.554966
[1372067119.655669] vm=rubbos-hvm perf=0.453086 vp=0.473613 cap=189.445034
[1372067119.805425] vm=rubis-hvm perf=0.579512 vp=0.526387 cap=210.554966
[1372067125.189052] vm=rubbos-hvm perf=-0.175470 vp=0.495004 cap=198.001688
[1372067125.349749] vm=rubis-hvm perf=0.252178 vp=0.504996 cap=201.998312
[1372067130.735107] vm=rubbos-hvm perf=0.198678 vp=0.454935 cap=181.974047
[1372067130.897186] vm=rubis-hvm perf=-0.686966 vp=0.545065 cap=218.025953
[1372067136.321034] vm=rubbos-hvm perf=-0.660276 vp=0.513895 cap=205.557997
[1372067136.473952] vm=rubis-hvm perf=-0.143084 vp=0.486105 cap=194.442003
[1372067141.890911] vm=rubbos-hvm perf=0.720158 vp=0.513895 cap=205.557997
[1372067142.068214] vm=rubis-hvm perf=0.379498 vp=0.486105 cap=194.442003
[1372067147.472970] vm=rubbos-hvm perf=0.221784 vp=0.513895 cap=205.557997
[1372067147.632303] vm=rubis-hvm perf=0.622337 vp=0.486105 cap=194.442003
[1372067153.018615] vm=rubbos-hvm perf=0.753556 vp=0.513895 cap=205.557997
[1372067153.171416] vm=rubis-hvm perf=0.514023 vp=0.486105 cap=194.442003
[1372067158.552240] vm=rubbos-hvm perf=0.408632 vp=0.513895 cap=205.557997
[1372067158.716176] vm=rubis-hvm perf=0.349012 vp=0.486105 cap=194.442003
[1372067164.132739] vm=rubbos-hvm perf=0.297386 vp=0.513895 cap=205.557997
[1372067164.305456] vm=rubis-hvm perf=0.269594 vp=0.486105 cap=194.442003
[1372067169.694771] vm=rubbos-hvm perf=-0.134902 vp=0.520576 cap=208.230323
[1372067169.876149] vm=rubis-hvm perf=-0.062605 vp=0.479424 cap=191.769677
[1372067175.280935] vm=rubbos-hvm perf=0.124688 vp=0.520576 cap=208.230323
[1372067175.426655] vm=rubis-hvm perf=0.418133 vp=0.479424 cap=191.769677
[1372067180.794957] vm=rubbos-hvm perf=0.730964 vp=0.520576 cap=208.230323
[1372067180.962301] vm=rubis-hvm perf=0.609102 vp=0.479424 cap=191.769677
[1372067186.352761] vm=rubbos-hvm perf=0.083732 vp=0.520576 cap=208.230323
[1372067186.524611] vm=rubis-hvm perf=0.801169 vp=0.479424 cap=191.769677
[1372067191.923550] vm=rubbos-hvm perf=0.580192 vp=0.520576 cap=208.230323
[1372067192.103138] vm=rubis-hvm perf=0.809873 vp=0.479424 cap=191.769677
[1372067197.514114] vm=rubbos-hvm perf=-0.061860 vp=0.560165 cap=224.065803
[1372067197.660890] vm=rubis-hvm perf=0.807534 vp=0.439835 cap=175.934197
[1372067203.062745] vm=rubbos-hvm perf=0.305144 vp=0.560165 cap=224.065803
[1372067203.230551] vm=rubis-hvm perf=0.815056 vp=0.439835 cap=175.934197
[1372067208.604144] vm=rubbos-hvm perf=0.045794 vp=0.560165 cap=224.065803
[1372067208.761304] vm=rubis-hvm perf=0.797042 vp=0.439835 cap=175.934197
[1372067214.160342] vm=rubbos-hvm perf=0.598230 vp=0.560165 cap=224.065803
[1372067214.331703] vm=rubis-hvm perf=0.693497 vp=0.439835 cap=175.934197
[1372067219.710177] vm=rubbos-hvm perf=-0.643094 vp=0.616937 cap=246.774768
[1372067219.877235] vm=rubis-hvm perf=0.817932 vp=0.383063 cap=153.225232
[1372067225.258048] vm=rubbos-hvm perf=0.722466 vp=0.616937 cap=246.774768
[1372067225.426282] vm=rubis-hvm perf=0.813290 vp=0.383063 cap=153.225232
[1372067230.834220] vm=rubbos-hvm perf=0.113500 vp=0.616937 cap=246.774768
[1372067231.000136] vm=rubis-hvm perf=0.807009 vp=0.383063 cap=153.225232
[1372067236.412500] vm=rubbos-hvm perf=0.324198 vp=0.616937 cap=246.774768
[1372067236.560730] vm=rubis-hvm perf=0.640786 vp=0.383063 cap=153.225232
[1372067241.969784] vm=rubbos-hvm perf=0.141954 vp=0.616937 cap=246.774768
[1372067242.142213] vm=rubis-hvm perf=0.830449 vp=0.383063 cap=153.225232
[1372067247.558460] vm=rubbos-hvm perf=0.748398 vp=0.616937 cap=246.774768
[1372067247.719344] vm=rubis-hvm perf=0.716263 vp=0.383063 cap=153.225232
[1372067253.095714] vm=rubbos-hvm perf=0.081292 vp=0.616937 cap=246.774768
[1372067253.270338] vm=rubis-hvm perf=0.806892 vp=0.383063 cap=153.225232
[1372067258.672980] vm=rubbos-hvm perf=0.754756 vp=0.616937 cap=246.774768
[1372067258.844245] vm=rubis-hvm perf=0.658891 vp=0.383063 cap=153.225232
[1372067264.258978] vm=rubbos-hvm perf=0.491414 vp=0.616937 cap=246.774768
[1372067264.427023] vm=rubis-hvm perf=0.801488 vp=0.383063 cap=153.225232
[1372067269.822374] vm=rubbos-hvm perf=0.550586 vp=0.616937 cap=246.774768
[1372067269.974167] vm=rubis-hvm perf=0.810993 vp=0.383063 cap=153.225232
[1372067275.325407] vm=rubbos-hvm perf=0.037304 vp=0.616937 cap=246.774768
[1372067275.489724] vm=rubis-hvm perf=0.739323 vp=0.383063 cap=153.225232
[1372067280.897570] vm=rubbos-hvm perf=0.515898 vp=0.616937 cap=246.774768
[1372067281.063432] vm=rubis-hvm perf=0.676297 vp=0.383063 cap=153.225232
[1372067286.502689] vm=rubbos-hvm perf=0.144854 vp=0.616937 cap=246.774768
[1372067286.654540] vm=rubis-hvm perf=0.688496 vp=0.383063 cap=153.225232
[1372067292.074080] vm=rubbos-hvm perf=0.523950 vp=0.616937 cap=246.774768
[1372067292.266918] vm=rubis-hvm perf=0.648687 vp=0.383063 cap=153.225232
[1372067297.684252] vm=rubbos-hvm perf=-0.035552 vp=0.653693 cap=261.477109
[1372067297.825221] vm=rubis-hvm perf=0.838115 vp=0.346307 cap=138.522891
[1372067303.174494] vm=rubbos-hvm perf=0.532056 vp=0.653693 cap=261.477109
[1372067303.323094] vm=rubis-hvm perf=0.822497 vp=0.346307 cap=138.522891
[1372067308.736411] vm=rubbos-hvm perf=0.562734 vp=0.653693 cap=261.477109
[1372067308.910734] vm=rubis-hvm perf=0.819087 vp=0.346307 cap=138.522891
[1372067314.335587] vm=rubbos-hvm perf=0.562948 vp=0.653693 cap=261.477109
[1372067314.511699] vm=rubis-hvm perf=0.797236 vp=0.346307 cap=138.522891
[1372067319.936367] vm=rubbos-hvm perf=0.797002 vp=0.653693 cap=261.477109
[1372067320.093006] vm=rubis-hvm perf=0.806108 vp=0.346307 cap=138.522891
[1372067325.492910] vm=rubbos-hvm perf=0.191892 vp=0.653693 cap=261.477109
[1372067325.648924] vm=rubis-hvm perf=0.755480 vp=0.346307 cap=138.522891
[1372067331.016129] vm=rubbos-hvm perf=0.762678 vp=0.653693 cap=261.477109
[1372067331.186446] vm=rubis-hvm perf=0.767796 vp=0.346307 cap=138.522891
[1372067336.582150] vm=rubbos-hvm perf=0.127926 vp=0.653693 cap=261.477109
[1372067336.747714] vm=rubis-hvm perf=0.847587 vp=0.346307 cap=138.522891
[1372067342.140315] vm=rubbos-hvm perf=0.838470 vp=0.653693 cap=261.477109
[1372067342.309481] vm=rubis-hvm perf=0.759229 vp=0.346307 cap=138.522891
[1372067347.719713] vm=rubbos-hvm perf=0.380708 vp=0.653693 cap=261.477109
[1372067347.905361] vm=rubis-hvm perf=0.734377 vp=0.346307 cap=138.522891
[1372067353.314705] vm=rubbos-hvm perf=0.756914 vp=0.653693 cap=261.477109
[1372067353.486284] vm=rubis-hvm perf=0.790197 vp=0.346307 cap=138.522891
[1372067358.878931] vm=rubbos-hvm perf=0.180430 vp=0.653693 cap=261.477109
[1372067359.030959] vm=rubis-hvm perf=0.717346 vp=0.346307 cap=138.522891
[1372067364.435405] vm=rubbos-hvm perf=0.812568 vp=0.653693 cap=261.477109
[1372067364.593654] vm=rubis-hvm perf=0.640222 vp=0.346307 cap=138.522891
[1372067369.994861] vm=rubbos-hvm perf=0.071694 vp=0.653693 cap=261.477109
[1372067370.162421] vm=rubis-hvm perf=0.762097 vp=0.346307 cap=138.522891
